ndofs=   1774595: ['\\eta']=(0.3,)    | resids[ 35]=1.17e-08 cf=0.640
ndofs=   1774595: ['\\eta']=(0.314,)  | resids[ 33]=1.46e-08 cf=0.627
ndofs=   1774595: ['\\eta']=(0.329,)  | resids[ 32]=1.13e-08 cf=0.613
ndofs=   1774595: ['\\eta']=(0.343,)  | resids[ 30]=1.58e-08 cf=0.597
ndofs=   1774595: ['\\eta']=(0.358,)  | resids[ 29]=1.37e-08 cf=0.582
ndofs=   1774595: ['\\eta']=(0.372,)  | resids[ 28]=1.28e-08 cf=0.568
ndofs=   1774595: ['\\eta']=(0.387,)  | resids[ 27]=1.20e-08 cf=0.555
ndofs=   1774595: ['\\eta']=(0.401,)  | resids[ 26]=1.23e-08 cf=0.548
ndofs=   1774595: ['\\eta']=(0.416,)  | resids[ 25]=1.26e-08 cf=0.540
ndofs=   1774595: ['\\eta']=(0.43,)   | resids[ 24]=1.39e-08 cf=0.530
ndofs=   1774595: ['\\eta']=(0.445,)  | resids[ 23]=1.49e-08 cf=0.514
ndofs=   1774595: ['\\eta']=(0.459,)  | resids[ 22]=1.69e-08 cf=0.499
ndofs=   1774595: ['\\eta']=(0.474,)  | resids[ 21]=1.87e-08 cf=0.481
ndofs=   1774595: ['\\eta']=(0.488,)  | resids[ 21]=1.10e-08 cf=0.468
ndofs=   1774595: ['\\eta']=(0.503,)  | resids[ 20]=1.33e-08 cf=0.451
ndofs=   1774595: ['\\eta']=(0.517,)  | resids[ 19]=1.80e-08 cf=0.436
ndofs=   1774595: ['\\eta']=(0.532,)  | resids[ 19]=1.05e-08 cf=0.424
ndofs=   1774595: ['\\eta']=(0.546,)  | resids[ 18]=1.53e-08 cf=0.409
ndofs=   1774595: ['\\eta']=(0.561,)  | resids[ 17]=2.28e-08 cf=0.396
ndofs=   1774595: ['\\eta']=(0.575,)  | resids[ 17]=1.42e-08 cf=0.385
ndofs=   1774595: ['\\eta']=(0.59,)   | resids[ 16]=2.31e-08 cf=0.371
ndofs=   1774595: ['\\eta']=(0.604,)  | resids[ 16]=1.47e-08 cf=0.360
ndofs=   1774595: ['\\eta']=(0.619,)  | resids[ 15]=2.51e-08 cf=0.343
ndofs=   1774595: ['\\eta']=(0.633,)  | resids[ 15]=1.63e-08 cf=0.333
ndofs=   1774595: ['\\eta']=(0.648,)  | resids[ 15]=1.02e-08 cf=0.322
ndofs=   1774595: ['\\eta']=(0.662,)  | resids[ 14]=1.98e-08 cf=0.305
ndofs=   1774595: ['\\eta']=(0.677,)  | resids[ 14]=1.26e-08 cf=0.294
ndofs=   1774595: ['\\eta']=(0.691,)  | resids[ 13]=2.76e-08 cf=0.280
ndofs=   1774595: ['\\eta']=(0.706,)  | resids[ 13]=1.79e-08 cf=0.270
ndofs=   1774595: ['\\eta']=(0.72,)   | resids[ 13]=1.18e-08 cf=0.261
ndofs=   1774595: ['\\eta']=(0.735,)  | resids[ 12]=2.84e-08 cf=0.245
ndofs=   1774595: ['\\eta']=(0.749,)  | resids[ 12]=1.90e-08 cf=0.237
ndofs=   1774595: ['\\eta']=(0.764,)  | resids[ 12]=1.22e-08 cf=0.228
ndofs=   1774595: ['\\eta']=(0.778,)  | resids[ 11]=3.46e-08 cf=0.213
ndofs=   1774595: ['\\eta']=(0.793,)  | resids[ 11]=2.27e-08 cf=0.205
ndofs=   1774595: ['\\eta']=(0.807,)  | resids[ 11]=1.52e-08 cf=0.198
ndofs=   1774595: ['\\eta']=(0.822,)  | resids[ 10]=5.06e-08 cf=0.189
ndofs=   1774595: ['\\eta']=(0.836,)  | resids[ 10]=3.47e-08 cf=0.183
ndofs=   1774595: ['\\eta']=(0.851,)  | resids[ 10]=2.34e-08 cf=0.178
ndofs=   1774595: ['\\eta']=(0.865,)  | resids[ 10]=1.64e-08 cf=0.174
ndofs=   1774595: ['\\eta']=(0.88,)   | resids[ 10]=1.13e-08 cf=0.169
ndofs=   1774595: ['\\eta']=(0.894,)  | resids[  9]=4.78e-08 cf=0.157
ndofs=   1774595: ['\\eta']=(0.909,)  | resids[  9]=3.58e-08 cf=0.153
ndofs=   1774595: ['\\eta']=(0.923,)  | resids[  9]=3.02e-08 cf=0.151
ndofs=   1774595: ['\\eta']=(0.938,)  | resids[  9]=2.93e-08 cf=0.152
ndofs=   1774595: ['\\eta']=(0.952,)  | resids[  9]=2.92e-08 cf=0.153
ndofs=   1774595: ['\\eta']=(0.967,)  | resids[  9]=2.97e-08 cf=0.155
ndofs=   1774595: ['\\eta']=(0.981,)  | resids[  9]=3.10e-08 cf=0.158
ndofs=   1774595: ['\\eta']=(0.996,)  | resids[  9]=3.39e-08 cf=0.162
ndofs=   1774595: ['\\eta']=(1.01,)   | resids[  9]=3.84e-08 cf=0.166
ndofs=   1774595: ['\\eta']=(1.025,)  | resids[  9]=4.44e-08 cf=0.170
ndofs=   1774595: ['\\eta']=(1.039,)  | resids[ 10]=1.11e-08 cf=0.183
ndofs=   1774595: ['\\eta']=(1.054,)  | resids[ 10]=1.45e-08 cf=0.187
ndofs=   1774595: ['\\eta']=(1.068,)  | resids[ 10]=1.97e-08 cf=0.194
ndofs=   1774595: ['\\eta']=(1.083,)  | resids[ 10]=2.81e-08 cf=0.201
ndofs=   1774595: ['\\eta']=(1.097,)  | resids[ 11]=1.09e-08 cf=0.224
ndofs=   1774595: ['\\eta']=(1.112,)  | resids[ 11]=1.58e-08 cf=0.232
ndofs=   1774595: ['\\eta']=(1.126,)  | resids[ 11]=2.23e-08 cf=0.240
ndofs=   1774595: ['\\eta']=(1.141,)  | resids[ 12]=1.02e-08 cf=0.269
ndofs=   1774595: ['\\eta']=(1.155,)  | resids[ 12]=1.45e-08 cf=0.276
ndofs=   1774595: ['\\eta']=(1.17,)   | resids[ 12]=2.07e-08 cf=0.284
ndofs=   1774595: ['\\eta']=(1.184,)  | resids[ 13]=1.05e-08 cf=0.316
ndofs=   1774595: ['\\eta']=(1.199,)  | resids[ 13]=1.52e-08 cf=0.323
ndofs=   1774595: ['\\eta']=(1.213,)  | resids[ 13]=2.12e-08 cf=0.331
ndofs=   1774595: ['\\eta']=(1.228,)  | resids[ 14]=1.22e-08 cf=0.370
ndofs=   1774595: ['\\eta']=(1.242,)  | resids[ 14]=1.71e-08 cf=0.378
ndofs=   1774595: ['\\eta']=(1.257,)  | resids[ 15]=1.05e-08 cf=0.411
ndofs=   1774595: ['\\eta']=(1.271,)  | resids[ 15]=1.48e-08 cf=0.421
ndofs=   1774595: ['\\eta']=(1.286,)  | resids[ 15]=2.12e-08 cf=0.431
ndofs=   1774595: ['\\eta']=(1.3,)    | resids[ 16]=1.39e-08 cf=0.458
