AMG Params:
{'type': 'monolithic', 'interpolation': {'type': 'algebraic', 'order': 'low', 'params': {'u': {'strength': ('evolution', {'epsilon': 4.0, 'k': 2}), 'min_coarse': 75}, 'p': {'agg_mat': ('stiffness', 0.0), 'smooth_mat': ('stiffness', 0.0), 'strength': ('evolution', {'epsilon': 4.0, 'k': 2}), 'min_coarse': 50}}}, 'relaxation': ('lsc', {'iterations': (2, 2), 'momentum': {'solver': 'chebyshev', 'solver_params': {'lower_bound': 0.125, 'upper_bound': 1.1, 'degree': 4, 'iterations': 1}}, 'continuity': {'operator': 'BBT', 'solver': 'chebyshev', 'solver_params': {'lower_bound': 0.125, 'upper_bound': 1.1, 'degree': 4, 'iterations': 1}}, 'transform': {'operator': 'BBT', 'solver': 'chebyshev', 'solver_params': {'lower_bound': 0.125, 'upper_bound': 1.1, 'degree': 4, 'iterations': 4}}}), 'wrapper_params': {'relax_params': ('lsc', {'iterations': (2, 2), 'momentum': {'solver': 'chebyshev', 'solver_params': {'lower_bound': 0.125, 'upper_bound': 1.1, 'degree': 4, 'iterations': 1}}, 'continuity': {'operator': 'BBT', 'solver': 'chebyshev', 'solver_params': {'lower_bound': 0.125, 'upper_bound': 1.1, 'degree': 4, 'iterations': 1}}, 'transform': {'operator': 'BBT', 'solver': 'chebyshev', 'solver_params': {'lower_bound': 0.125, 'upper_bound': 1.1, 'degree': 4, 'iterations': 4}}}), 'tau': (1, 1), 'eta': (array([1., 1.]), (1, 1))}, 'levels': 10, 'coarse_grid_solve': 'splu'}

ndofs=        6934, resid[ 21]=5.11e-11: system_setup=2.88, mg_setup[lvls= 2]=0.45, solve[21]=0.27
ndofs=       15468, resid[ 21]=9.19e-11: system_setup=2.76, mg_setup[lvls= 2]=0.59, solve[21]=0.56
ndofs=       49072, resid[ 19]=5.78e-11: system_setup=8.95, mg_setup[lvls= 2]=2.46, solve[19]=1.76
ndofs=      112724, resid[ 17]=6.54e-11: system_setup=22.08, mg_setup[lvls= 2]=13.20, solve[17]=4.16
ndofs=      216024, resid[ 17]=2.25e-11: system_setup=43.60, mg_setup[lvls= 3]=6.54, solve[17]=8.32
ndofs=      368572, resid[ 18]=9.91e-11: system_setup=76.38, mg_setup[lvls= 3]=12.29, solve[18]=16.13
ndofs=      579968, resid[ 17]=2.75e-11: system_setup=122.73, mg_setup[lvls= 3]=19.64, solve[17]=25.04
ndofs=      859812, resid[ 17]=3.32e-11: system_setup=183.79, mg_setup[lvls= 3]=28.89, solve[17]=35.91
ndofs=     1217704, resid[ 17]=7.78e-11: system_setup=265.23, mg_setup[lvls= 3]=47.05, solve[17]=53.48
ndofs=     1663244, resid[ 17]=9.56e-11: system_setup=371.23, mg_setup[lvls= 3]=68.09, solve[17]=74.75
ndofs=     2206032, resid[ 18]=2.35e-11: system_setup=493.53, mg_setup[lvls= 3]=97.46, solve[18]=109.11
ndofs=     3223554, resid[ 18]=6.96e-11: system_setup=729.67, mg_setup[lvls= 3]=161.18, solve[18]=160.62
AMG Params:
{'type': 'monolithic', 'interpolation': {'type': 'algebraic', 'order': 'low', 'params': {'u': {'strength': ('evolution', {'epsilon': 4.0, 'k': 2}), 'min_coarse': 75}, 'p': {'agg_mat': ('stiffness', 0.0), 'smooth_mat': ('stiffness', 0.0), 'strength': ('evolution', {'epsilon': 4.0, 'k': 2}), 'min_coarse': 50}}}, 'relaxation': ('lsc', {'iterations': (2, 2), 'momentum': {'solver': 'chebyshev', 'solver_params': {'lower_bound': 0.125, 'upper_bound': 1.1, 'degree': 4, 'iterations': 1}}, 'continuity': {'operator': 'BBT', 'solver': 'chebyshev', 'solver_params': {'lower_bound': 0.125, 'upper_bound': 1.1, 'degree': 4, 'iterations': 1}}, 'transform': {'operator': 'BBT', 'solver': 'chebyshev', 'solver_params': {'lower_bound': 0.125, 'upper_bound': 1.1, 'degree': 4, 'iterations': 4}}}), 'wrapper_params': {'relax_params': ('lsc', {'iterations': (2, 2), 'momentum': {'solver': 'chebyshev', 'solver_params': {'lower_bound': 0.125, 'upper_bound': 1.1, 'degree': 4, 'iterations': 1}}, 'continuity': {'operator': 'BBT', 'solver': 'chebyshev', 'solver_params': {'lower_bound': 0.125, 'upper_bound': 1.1, 'degree': 4, 'iterations': 1}}, 'transform': {'operator': 'BBT', 'solver': 'chebyshev', 'solver_params': {'lower_bound': 0.125, 'upper_bound': 1.1, 'degree': 4, 'iterations': 4}}}), 'tau': (1, 1), 'eta': (array([1., 1.]), (1, 1))}, 'levels': 10, 'coarse_grid_solve': 'splu'}

ndofs=        6934, resid[ 21]=5.04e-11: system_setup=4.01, mg_setup[lvls= 2]=0.16, solve[21]=0.10
ndofs=       15468, resid[ 21]=9.21e-11: system_setup=2.17, mg_setup[lvls= 2]=0.48, solve[21]=0.25
ndofs=       49072, resid[ 19]=5.75e-11: system_setup=6.83, mg_setup[lvls= 2]=1.50, solve[19]=0.85
ndofs=      112724, resid[ 17]=6.61e-11: system_setup=16.07, mg_setup[lvls= 2]=13.44, solve[17]=5.58
AMG Params:
{'type': 'monolithic', 'interpolation': {'type': 'algebraic', 'order': 'low', 'params': {'u': {'strength': ('evolution', {'epsilon': 4.0, 'k': 2}), 'min_coarse': 75}, 'p': {'agg_mat': ('stiffness', 0.0), 'smooth_mat': ('stiffness', 0.0), 'strength': ('evolution', {'epsilon': 4.0, 'k': 2}), 'min_coarse': 50}}}, 'relaxation': ('lsc', {'iterations': (2, 2), 'momentum': {'solver': 'chebyshev', 'solver_params': {'lower_bound': 0.125, 'upper_bound': 1.1, 'degree': 4, 'iterations': 1}}, 'continuity': {'operator': 'BBT', 'solver': 'chebyshev', 'solver_params': {'lower_bound': 0.125, 'upper_bound': 1.1, 'degree': 16, 'iterations': 1}}, 'transform': {'operator': 'BBT', 'solver': 'chebyshev', 'solver_params': {'lower_bound': 0.125, 'upper_bound': 1.1, 'degree': 16, 'iterations': 1}}}), 'wrapper_params': {'relax_params': ('lsc', {'iterations': (2, 2), 'momentum': {'solver': 'chebyshev', 'solver_params': {'lower_bound': 0.125, 'upper_bound': 1.1, 'degree': 4, 'iterations': 1}}, 'continuity': {'operator': 'BBT', 'solver': 'chebyshev', 'solver_params': {'lower_bound': 0.125, 'upper_bound': 1.1, 'degree': 16, 'iterations': 1}}, 'transform': {'operator': 'BBT', 'solver': 'chebyshev', 'solver_params': {'lower_bound': 0.125, 'upper_bound': 1.1, 'degree': 16, 'iterations': 1}}}), 'tau': (1, 1), 'eta': (array([1., 1.]), (1, 1))}, 'levels': 10, 'coarse_grid_solve': 'splu'}

ndofs=        6934, resid[ 14]=3.89e-11: system_setup=3.12, mg_setup[lvls= 2]=0.21, solve[14]=0.09
ndofs=       15468, resid[ 13]=4.12e-11: system_setup=2.14, mg_setup[lvls= 2]=0.46, solve[13]=0.17
ndofs=       49072, resid[ 14]=1.50e-11: system_setup=6.87, mg_setup[lvls= 2]=1.74, solve[14]=0.75
ndofs=      112724, resid[ 14]=8.71e-12: system_setup=16.91, mg_setup[lvls= 2]=13.65, solve[14]=4.76
