ndofs=   1021759: ['\\eta']=(0.3,)    | resids[ 30]=1.66e-08 cf=0.557
ndofs=   1021759: ['\\eta']=(0.314,)  | resids[ 29]=1.50e-08 cf=0.543
ndofs=   1021759: ['\\eta']=(0.329,)  | resids[ 28]=1.35e-08 cf=0.530
ndofs=   1021759: ['\\eta']=(0.343,)  | resids[ 27]=1.33e-08 cf=0.518
ndofs=   1021759: ['\\eta']=(0.358,)  | resids[ 26]=1.32e-08 cf=0.507
ndofs=   1021759: ['\\eta']=(0.372,)  | resids[ 25]=1.45e-08 cf=0.496
ndofs=   1021759: ['\\eta']=(0.387,)  | resids[ 24]=1.59e-08 cf=0.484
ndofs=   1021759: ['\\eta']=(0.401,)  | resids[ 23]=1.88e-08 cf=0.471
ndofs=   1021759: ['\\eta']=(0.416,)  | resids[ 23]=1.03e-08 cf=0.460
ndofs=   1021759: ['\\eta']=(0.43,)   | resids[ 22]=1.29e-08 cf=0.447
ndofs=   1021759: ['\\eta']=(0.445,)  | resids[ 21]=1.60e-08 cf=0.432
ndofs=   1021759: ['\\eta']=(0.459,)  | resids[ 20]=2.20e-08 cf=0.418
ndofs=   1021759: ['\\eta']=(0.474,)  | resids[ 20]=1.27e-08 cf=0.407
ndofs=   1021759: ['\\eta']=(0.488,)  | resids[ 19]=1.91e-08 cf=0.397
ndofs=   1021759: ['\\eta']=(0.503,)  | resids[ 19]=1.11e-08 cf=0.385
ndofs=   1021759: ['\\eta']=(0.517,)  | resids[ 18]=1.82e-08 cf=0.374
ndofs=   1021759: ['\\eta']=(0.532,)  | resids[ 18]=1.07e-08 cf=0.363
ndofs=   1021759: ['\\eta']=(0.546,)  | resids[ 17]=1.89e-08 cf=0.353
ndofs=   1021759: ['\\eta']=(0.561,)  | resids[ 17]=1.14e-08 cf=0.342
ndofs=   1021759: ['\\eta']=(0.575,)  | resids[ 16]=2.16e-08 cf=0.333
ndofs=   1021759: ['\\eta']=(0.59,)   | resids[ 16]=1.32e-08 cf=0.322
ndofs=   1021759: ['\\eta']=(0.604,)  | resids[ 15]=2.73e-08 cf=0.314
ndofs=   1021759: ['\\eta']=(0.619,)  | resids[ 15]=1.71e-08 cf=0.303
ndofs=   1021759: ['\\eta']=(0.633,)  | resids[ 15]=1.09e-08 cf=0.293
ndofs=   1021759: ['\\eta']=(0.648,)  | resids[ 14]=2.42e-08 cf=0.284
ndofs=   1021759: ['\\eta']=(0.662,)  | resids[ 14]=1.59e-08 cf=0.275
ndofs=   1021759: ['\\eta']=(0.677,)  | resids[ 14]=1.00e-08 cf=0.265
ndofs=   1021759: ['\\eta']=(0.691,)  | resids[ 13]=2.60e-08 cf=0.259
ndofs=   1021759: ['\\eta']=(0.706,)  | resids[ 13]=1.68e-08 cf=0.249
ndofs=   1021759: ['\\eta']=(0.72,)   | resids[ 13]=1.11e-08 cf=0.241
ndofs=   1021759: ['\\eta']=(0.735,)  | resids[ 12]=3.12e-08 cf=0.233
ndofs=   1021759: ['\\eta']=(0.749,)  | resids[ 12]=2.12e-08 cf=0.225
ndofs=   1021759: ['\\eta']=(0.764,)  | resids[ 12]=1.41e-08 cf=0.217
ndofs=   1021759: ['\\eta']=(0.778,)  | resids[ 11]=4.67e-08 cf=0.211
ndofs=   1021759: ['\\eta']=(0.793,)  | resids[ 11]=3.18e-08 cf=0.203
ndofs=   1021759: ['\\eta']=(0.807,)  | resids[ 11]=2.23e-08 cf=0.196
ndofs=   1021759: ['\\eta']=(0.822,)  | resids[ 11]=1.53e-08 cf=0.189
ndofs=   1021759: ['\\eta']=(0.836,)  | resids[ 11]=1.07e-08 cf=0.182
ndofs=   1021759: ['\\eta']=(0.851,)  | resids[ 10]=4.33e-08 cf=0.175
ndofs=   1021759: ['\\eta']=(0.865,)  | resids[ 10]=3.17e-08 cf=0.169
ndofs=   1021759: ['\\eta']=(0.88,)   | resids[ 10]=2.27e-08 cf=0.162
ndofs=   1021759: ['\\eta']=(0.894,)  | resids[ 10]=1.67e-08 cf=0.155
ndofs=   1021759: ['\\eta']=(0.909,)  | resids[ 10]=1.21e-08 cf=0.148
ndofs=   1021759: ['\\eta']=(0.923,)  | resids[  9]=7.07e-08 cf=0.149
ndofs=   1021759: ['\\eta']=(0.938,)  | resids[  9]=5.58e-08 cf=0.145
ndofs=   1021759: ['\\eta']=(0.952,)  | resids[  9]=4.47e-08 cf=0.140
ndofs=   1021759: ['\\eta']=(0.967,)  | resids[  9]=3.50e-08 cf=0.135
ndofs=   1021759: ['\\eta']=(0.981,)  | resids[  9]=2.79e-08 cf=0.130
ndofs=   1021759: ['\\eta']=(0.996,)  | resids[  9]=2.27e-08 cf=0.125
ndofs=   1021759: ['\\eta']=(1.01,)   | resids[  9]=2.01e-08 cf=0.122
ndofs=   1021759: ['\\eta']=(1.025,)  | resids[  9]=1.89e-08 cf=0.120
ndofs=   1021759: ['\\eta']=(1.039,)  | resids[  9]=1.86e-08 cf=0.119
ndofs=   1021759: ['\\eta']=(1.054,)  | resids[  9]=1.86e-08 cf=0.118
ndofs=   1021759: ['\\eta']=(1.068,)  | resids[  9]=1.91e-08 cf=0.117
ndofs=   1021759: ['\\eta']=(1.083,)  | resids[  9]=2.21e-08 cf=0.120
ndofs=   1021759: ['\\eta']=(1.097,)  | resids[  9]=2.93e-08 cf=0.125
ndofs=   1021759: ['\\eta']=(1.112,)  | resids[  9]=4.12e-08 cf=0.132
ndofs=   1021759: ['\\eta']=(1.126,)  | resids[  9]=5.43e-08 cf=0.138
ndofs=   1021759: ['\\eta']=(1.141,)  | resids[  9]=7.04e-08 cf=0.143
ndofs=   1021759: ['\\eta']=(1.155,)  | resids[ 10]=1.13e-08 cf=0.145
ndofs=   1021759: ['\\eta']=(1.17,)   | resids[ 10]=1.46e-08 cf=0.149
ndofs=   1021759: ['\\eta']=(1.184,)  | resids[ 10]=1.86e-08 cf=0.154
ndofs=   1021759: ['\\eta']=(1.199,)  | resids[ 10]=2.44e-08 cf=0.158
ndofs=   1021759: ['\\eta']=(1.213,)  | resids[ 10]=3.13e-08 cf=0.162
ndofs=   1021759: ['\\eta']=(1.228,)  | resids[ 10]=4.12e-08 cf=0.167
ndofs=   1021759: ['\\eta']=(1.242,)  | resids[ 10]=5.35e-08 cf=0.171
ndofs=   1021759: ['\\eta']=(1.257,)  | resids[ 11]=1.21e-08 cf=0.171
ndofs=   1021759: ['\\eta']=(1.271,)  | resids[ 11]=1.64e-08 cf=0.176
ndofs=   1021759: ['\\eta']=(1.286,)  | resids[ 11]=2.25e-08 cf=0.182
ndofs=   1021759: ['\\eta']=(1.3,)    | resids[ 11]=3.00e-08 cf=0.188
