gmsh -2 pinched_channel_h_02.new -format msh2 -o pinched_channel_h_02.msh
Info    : Running 'gmsh -2 pinched_channel_h_02.new -format msh2 -o pinched_channel_h_02.msh' [Gmsh 4.8.4, 1 node, max. 1 thread]
Info    : Started on Fri Oct 28 17:23:59 2022
Info    : Reading 'pinched_channel_h_02.new'...
Info    : Done reading 'pinched_channel_h_02.new'
Info    : Meshing 1D...
Info    : [  0%] Meshing curve 1 (Line)
Info    : [ 10%] Meshing curve 2 (Line)
Info    : [ 20%] Meshing curve 3 (Line)
Info    : [ 30%] Meshing curve 4 (Line)
Info    : [ 40%] Meshing curve 5 (Line)
Info    : [ 50%] Meshing curve 6 (Line)
Info    : [ 60%] Meshing curve 7 (Line)
Info    : [ 70%] Meshing curve 8 (Line)
Info    : [ 80%] Meshing curve 9 (Nurb)
Info    : [ 90%] Meshing curve 10 (Nurb)
Info    : Done meshing 1D (Wall 0.0161722s, CPU 0.01614s)
Info    : Meshing 2D...
Info    : [  0%] Meshing surface 12 (Plane, Frontal-Delaunay)
Info    : [ 40%] Meshing surface 14 (Plane, Frontal-Delaunay)
Info    : [ 70%] Meshing surface 16 (Plane, Frontal-Delaunay)
Info    : Done meshing 2D (Wall 0.0923367s, CPU 0.092269s)
Info    : 3262 nodes 6534 elements
Info    : Writing 'pinched_channel_h_02.msh'...
Info    : Done writing 'pinched_channel_h_02.msh'
Info    : Stopped on Fri Oct 28 17:23:59 2022 (From start: Wall 0.123899s, CPU 0.259298s)

