gmsh -2 pinched_channel_h_04.new -format msh2 -o pinched_channel_h_04.msh
Info    : Running 'gmsh -2 pinched_channel_h_04.new -format msh2 -o pinched_channel_h_04.msh' [Gmsh 4.8.4, 1 node, max. 1 thread]
Info    : Started on Fri Oct 28 17:24:00 2022
Info    : Reading 'pinched_channel_h_04.new'...
Info    : Done reading 'pinched_channel_h_04.new'
Info    : Meshing 1D...
Info    : [  0%] Meshing curve 1 (Line)
Info    : [ 10%] Meshing curve 2 (Line)
Info    : [ 20%] Meshing curve 3 (Line)
Info    : [ 30%] Meshing curve 4 (Line)
Info    : [ 40%] Meshing curve 5 (Line)
Info    : [ 50%] Meshing curve 6 (Line)
Info    : [ 60%] Meshing curve 7 (Line)
Info    : [ 70%] Meshing curve 8 (Line)
Info    : [ 80%] Meshing curve 9 (Nurb)
Info    : [ 90%] Meshing curve 10 (Nurb)
Info    : Done meshing 1D (Wall 0.0192548s, CPU 0.01924s)
Info    : Meshing 2D...
Info    : [  0%] Meshing surface 12 (Plane, Frontal-Delaunay)
Info    : [ 40%] Meshing surface 14 (Plane, Frontal-Delaunay)
Info    : [ 70%] Meshing surface 16 (Plane, Frontal-Delaunay)
Info    : Done meshing 2D (Wall 0.510155s, CPU 0.509926s)
Info    : 16288 nodes 32644 elements
Info    : Writing 'pinched_channel_h_04.msh'...
Info    : Done writing 'pinched_channel_h_04.msh'
Info    : Stopped on Fri Oct 28 17:24:01 2022 (From start: Wall 0.597417s, CPU 0.739235s)

