ndofs=   1774595: ['\\eta']=(0.3,)    | resids[ 32]=1.15e-08 cf=0.580
ndofs=   1774595: ['\\eta']=(0.314,)  | resids[ 30]=1.51e-08 cf=0.548
ndofs=   1774595: ['\\eta']=(0.329,)  | resids[ 29]=1.16e-08 cf=0.519
ndofs=   1774595: ['\\eta']=(0.343,)  | resids[ 28]=1.07e-08 cf=0.499
ndofs=   1774595: ['\\eta']=(0.358,)  | resids[ 27]=1.03e-08 cf=0.483
ndofs=   1774595: ['\\eta']=(0.372,)  | resids[ 26]=1.12e-08 cf=0.471
ndofs=   1774595: ['\\eta']=(0.387,)  | resids[ 25]=1.22e-08 cf=0.458
ndofs=   1774595: ['\\eta']=(0.401,)  | resids[ 24]=1.46e-08 cf=0.446
ndofs=   1774595: ['\\eta']=(0.416,)  | resids[ 23]=1.75e-08 cf=0.432
ndofs=   1774595: ['\\eta']=(0.43,)   | resids[ 23]=1.01e-08 cf=0.425
ndofs=   1774595: ['\\eta']=(0.445,)  | resids[ 22]=1.30e-08 cf=0.412
ndofs=   1774595: ['\\eta']=(0.459,)  | resids[ 21]=1.80e-08 cf=0.398
ndofs=   1774595: ['\\eta']=(0.474,)  | resids[ 21]=1.04e-08 cf=0.392
ndofs=   1774595: ['\\eta']=(0.488,)  | resids[ 20]=1.53e-08 cf=0.377
ndofs=   1774595: ['\\eta']=(0.503,)  | resids[ 19]=2.31e-08 cf=0.363
ndofs=   1774595: ['\\eta']=(0.517,)  | resids[ 19]=1.44e-08 cf=0.357
ndofs=   1774595: ['\\eta']=(0.532,)  | resids[ 18]=2.31e-08 cf=0.342
ndofs=   1774595: ['\\eta']=(0.546,)  | resids[ 18]=1.47e-08 cf=0.337
ndofs=   1774595: ['\\eta']=(0.561,)  | resids[ 17]=2.55e-08 cf=0.322
ndofs=   1774595: ['\\eta']=(0.575,)  | resids[ 17]=1.64e-08 cf=0.317
ndofs=   1774595: ['\\eta']=(0.59,)   | resids[ 17]=1.01e-08 cf=0.312
ndofs=   1774595: ['\\eta']=(0.604,)  | resids[ 16]=1.99e-08 cf=0.297
ndofs=   1774595: ['\\eta']=(0.619,)  | resids[ 16]=1.24e-08 cf=0.291
ndofs=   1774595: ['\\eta']=(0.633,)  | resids[ 15]=2.64e-08 cf=0.275
ndofs=   1774595: ['\\eta']=(0.648,)  | resids[ 15]=1.67e-08 cf=0.269
ndofs=   1774595: ['\\eta']=(0.662,)  | resids[ 15]=1.06e-08 cf=0.264
ndofs=   1774595: ['\\eta']=(0.677,)  | resids[ 14]=2.45e-08 cf=0.249
ndofs=   1774595: ['\\eta']=(0.691,)  | resids[ 14]=1.58e-08 cf=0.243
ndofs=   1774595: ['\\eta']=(0.706,)  | resids[ 13]=4.02e-08 cf=0.227
ndofs=   1774595: ['\\eta']=(0.72,)   | resids[ 13]=2.62e-08 cf=0.221
ndofs=   1774595: ['\\eta']=(0.735,)  | resids[ 13]=1.62e-08 cf=0.215
ndofs=   1774595: ['\\eta']=(0.749,)  | resids[ 13]=1.03e-08 cf=0.209
ndofs=   1774595: ['\\eta']=(0.764,)  | resids[ 12]=3.06e-08 cf=0.194
ndofs=   1774595: ['\\eta']=(0.778,)  | resids[ 12]=1.98e-08 cf=0.189
ndofs=   1774595: ['\\eta']=(0.793,)  | resids[ 12]=1.24e-08 cf=0.184
ndofs=   1774595: ['\\eta']=(0.807,)  | resids[ 11]=4.33e-08 cf=0.167
ndofs=   1774595: ['\\eta']=(0.822,)  | resids[ 11]=2.73e-08 cf=0.162
ndofs=   1774595: ['\\eta']=(0.836,)  | resids[ 11]=1.78e-08 cf=0.158
ndofs=   1774595: ['\\eta']=(0.851,)  | resids[ 11]=1.12e-08 cf=0.153
ndofs=   1774595: ['\\eta']=(0.865,)  | resids[ 10]=4.53e-08 cf=0.137
ndofs=   1774595: ['\\eta']=(0.88,)   | resids[ 10]=2.91e-08 cf=0.133
ndofs=   1774595: ['\\eta']=(0.894,)  | resids[ 10]=1.94e-08 cf=0.129
ndofs=   1774595: ['\\eta']=(0.909,)  | resids[ 10]=1.21e-08 cf=0.124
ndofs=   1774595: ['\\eta']=(0.923,)  | resids[  9]=5.82e-08 cf=0.106
ndofs=   1774595: ['\\eta']=(0.938,)  | resids[  9]=3.75e-08 cf=0.101
ndofs=   1774595: ['\\eta']=(0.952,)  | resids[  9]=2.29e-08 cf=0.096
ndofs=   1774595: ['\\eta']=(0.967,)  | resids[  9]=1.28e-08 cf=0.091
ndofs=   1774595: ['\\eta']=(0.981,)  | resids[  8]=8.77e-08 cf=0.083
ndofs=   1774595: ['\\eta']=(0.996,)  | resids[  8]=8.28e-08 cf=0.083
ndofs=   1774595: ['\\eta']=(1.01,)   | resids[  8]=8.41e-08 cf=0.083
ndofs=   1774595: ['\\eta']=(1.025,)  | resids[  9]=1.04e-08 cf=0.101
ndofs=   1774595: ['\\eta']=(1.039,)  | resids[  9]=1.03e-08 cf=0.101
ndofs=   1774595: ['\\eta']=(1.054,)  | resids[  8]=8.42e-08 cf=0.077
ndofs=   1774595: ['\\eta']=(1.068,)  | resids[  8]=8.52e-08 cf=0.074
ndofs=   1774595: ['\\eta']=(1.083,)  | resids[  8]=9.81e-08 cf=0.075
ndofs=   1774595: ['\\eta']=(1.097,)  | resids[  9]=1.19e-08 cf=0.085
ndofs=   1774595: ['\\eta']=(1.112,)  | resids[  9]=1.51e-08 cf=0.084
ndofs=   1774595: ['\\eta']=(1.126,)  | resids[  9]=1.58e-08 cf=0.081
ndofs=   1774595: ['\\eta']=(1.141,)  | resids[  9]=1.98e-08 cf=0.081
ndofs=   1774595: ['\\eta']=(1.155,)  | resids[  9]=3.06e-08 cf=0.086
ndofs=   1774595: ['\\eta']=(1.17,)   | resids[  9]=5.13e-08 cf=0.092
ndofs=   1774595: ['\\eta']=(1.184,)  | resids[  9]=8.19e-08 cf=0.098
ndofs=   1774595: ['\\eta']=(1.199,)  | resids[ 10]=1.45e-08 cf=0.105
ndofs=   1774595: ['\\eta']=(1.213,)  | resids[ 10]=2.29e-08 cf=0.111
ndofs=   1774595: ['\\eta']=(1.228,)  | resids[ 10]=3.64e-08 cf=0.118
ndofs=   1774595: ['\\eta']=(1.242,)  | resids[ 10]=5.48e-08 cf=0.124
ndofs=   1774595: ['\\eta']=(1.257,)  | resids[ 11]=1.11e-08 cf=0.132
ndofs=   1774595: ['\\eta']=(1.271,)  | resids[ 11]=1.67e-08 cf=0.138
ndofs=   1774595: ['\\eta']=(1.286,)  | resids[ 11]=2.53e-08 cf=0.145
ndofs=   1774595: ['\\eta']=(1.3,)    | resids[ 11]=3.66e-08 cf=0.151
