lsc_dc_mass/hlo
firedrake:WARNING No comm specified for VectorSpaceBasis, COMM_WORLD assumed
firedrake:WARNING No comm specified for VectorSpaceBasis, COMM_WORLD assumed
firedrake:WARNING No comm specified for VectorSpaceBasis, COMM_WORLD assumed
firedrake:WARNING No comm specified for VectorSpaceBasis, COMM_WORLD assumed
/home/voronin2/Monolithic_AMG_For_Stokes/pyamg-1/pyamg/util/linalg.py:372: UserWarning: Breakdown occured in step 2
  warn(f'Breakdown occured in step {j}')
firedrake:WARNING No comm specified for VectorSpaceBasis, COMM_WORLD assumed
firedrake:WARNING No comm specified for VectorSpaceBasis, COMM_WORLD assumed
firedrake:WARNING No comm specified for VectorSpaceBasis, COMM_WORLD assumed
firedrake:WARNING No comm specified for VectorSpaceBasis, COMM_WORLD assumed
firedrake:WARNING No comm specified for VectorSpaceBasis, COMM_WORLD assumed
firedrake:WARNING No comm specified for VectorSpaceBasis, COMM_WORLD assumed
firedrake:WARNING No comm specified for VectorSpaceBasis, COMM_WORLD assumed
firedrake:WARNING No comm specified for VectorSpaceBasis, COMM_WORLD assumed
firedrake:WARNING No comm specified for VectorSpaceBasis, COMM_WORLD assumed
firedrake:WARNING No comm specified for VectorSpaceBasis, COMM_WORLD assumed
firedrake:WARNING No comm specified for VectorSpaceBasis, COMM_WORLD assumed
firedrake:WARNING No comm specified for VectorSpaceBasis, COMM_WORLD assumed
firedrake:WARNING No comm specified for VectorSpaceBasis, COMM_WORLD assumed
firedrake:WARNING No comm specified for VectorSpaceBasis, COMM_WORLD assumed
firedrake:WARNING No comm specified for VectorSpaceBasis, COMM_WORLD assumed
firedrake:WARNING No comm specified for VectorSpaceBasis, COMM_WORLD assumed
firedrake:WARNING No comm specified for VectorSpaceBasis, COMM_WORLD assumed
firedrake:WARNING No comm specified for VectorSpaceBasis, COMM_WORLD assumed
firedrake:WARNING No comm specified for VectorSpaceBasis, COMM_WORLD assumed
firedrake:WARNING No comm specified for VectorSpaceBasis, COMM_WORLD assumed
Structured 3D Stokes: lid-driven-cavity
ndofs=     3223554, resid[ 18]=3.16e-11: system_setup=619.63, mg_setup[lvls= 3]=123.03, solve[18]=153.49
ndofs=     2206032, resid[ 17]=7.42e-11: system_setup=416.88, mg_setup[lvls= 3]=73.13, solve[17]=94.70
ndofs=     1663244, resid[ 17]=4.01e-11: system_setup=311.48, mg_setup[lvls= 3]=50.33, solve[17]=69.42
ndofs=     1217704, resid[ 18]=6.78e-11: system_setup=223.32, mg_setup[lvls= 3]=34.65, solve[18]=53.22
ndofs=      859812, resid[ 17]=1.55e-11: system_setup=157.50, mg_setup[lvls= 3]=20.78, solve[17]=33.03
ndofs=      579968, resid[ 16]=6.28e-11: system_setup=102.73, mg_setup[lvls= 3]=14.09, solve[16]=20.77
ndofs=      368572, resid[ 18]=3.48e-11: system_setup=64.57, mg_setup[lvls= 3]=8.91, solve[18]=14.52
ndofs=      216024, resid[ 16]=3.25e-11: system_setup=37.04, mg_setup[lvls= 3]=4.77, solve[16]=7.20
ndofs=      112724, resid[ 18]=2.61e-11: system_setup=18.88, mg_setup[lvls= 2]=11.60, solve[18]=4.03
ndofs=       49072, resid[ 19]=5.06e-11: system_setup=7.91, mg_setup[lvls= 2]=1.96, solve[19]=1.56
ndofs=       15468, resid[ 19]=7.82e-11: system_setup=2.41, mg_setup[lvls= 2]=0.48, solve[19]=0.45
ndofs=        6934, resid[ 20]=2.16e-11: system_setup=1.12, mg_setup[lvls= 2]=0.31, solve[20]=0.23
Unstructured 3D Stokes (3D/pinched_channel/pinched_channel_h_): in-out-flow
ndofs=     4145768, resid[ 14]=9.23e-11: system_setup=909.63, mg_setup[lvls= 3]=295.58, solve[14]=331.59
ndofs=     1821303, resid[ 14]=5.05e-11: system_setup=383.83, mg_setup[lvls= 3]=102.42, solve[14]=120.49
ndofs=      797014, resid[ 15]=4.26e-11: system_setup=160.57, mg_setup[lvls= 3]=34.00, solve[15]=42.57
ndofs=      338818, resid[ 15]=3.07e-11: system_setup=64.98, mg_setup[lvls= 3]=12.46, solve[15]=14.71
ndofs=      141047, resid[ 15]=1.14e-11: system_setup=25.54, mg_setup[lvls= 2]=14.98, solve[15]=5.50
ndofs=       55436, resid[ 15]=3.69e-11: system_setup=9.31, mg_setup[lvls= 2]=2.97, solve[15]=1.83
ndofs=        3921, resid[ 17]=6.73e-11: system_setup=0.66, mg_setup[lvls= 2]=0.29, solve[17]=0.16
Unstructured 2D Stokes (2D/flow_past_cyl/flow_past_cyl_h_): in-out-flow
ndofs=     4951877, resid[ 11]=8.32e-11: system_setup=423.71, mg_setup[lvls= 5]=89.86, solve[11]=82.58
ndofs=     2248204, resid[ 11]=2.35e-11: system_setup=185.56, mg_setup[lvls= 4]=29.91, solve[11]=30.80
ndofs=     1021759, resid[ 11]=1.50e-11: system_setup=81.70, mg_setup[lvls= 4]=13.74, solve[11]=13.28
ndofs=      466334, resid[ 10]=6.91e-11: system_setup=36.59, mg_setup[lvls= 4]=5.28, solve[10]=5.14
ndofs=      212050, resid[ 10]=3.64e-11: system_setup=16.40, mg_setup[lvls= 3]=2.66, solve[10]=2.20
ndofs=       95533, resid[ 10]=1.47e-11: system_setup=7.27, mg_setup[lvls= 3]=1.18, solve[10]=0.93
ndofs=       42289, resid[  9]=7.66e-11: system_setup=3.18, mg_setup[lvls= 3]=0.76, solve[ 9]=0.37
ndofs=       18814, resid[  9]=2.81e-11: system_setup=1.48, mg_setup[lvls= 2]=0.42, solve[ 9]=0.17
ndofs=        8291, resid[  9]=1.51e-11: system_setup=0.73, mg_setup[lvls= 2]=0.28, solve[ 9]=0.08
ndofs=        2522, resid[  8]=1.08e-11: system_setup=0.33, mg_setup[lvls= 2]=0.24, solve[ 8]=0.04
Structured 2D Stokes: in-out-flow
ndofs=     4328003, resid[ 12]=5.81e-11: system_setup=358.56, mg_setup[lvls= 5]=62.61, solve[12]=63.90
ndofs=     3314503, resid[ 12]=2.96e-11: system_setup=272.18, mg_setup[lvls= 5]=45.82, solve[12]=48.55
ndofs=     1774595, resid[ 12]=1.70e-11: system_setup=142.50, mg_setup[lvls= 4]=22.00, solve[12]=23.45
ndofs=      444931, resid[ 11]=2.28e-11: system_setup=34.76, mg_setup[lvls= 4]=4.85, solve[11]=4.92
ndofs=      111875, resid[ 10]=8.85e-11: system_setup=8.44, mg_setup[lvls= 3]=1.38, solve[10]=1.01
ndofs=       28291, resid[ 10]=5.13e-11: system_setup=2.15, mg_setup[lvls= 3]=0.59, solve[10]=0.26
ndofs=        7235, resid[ 10]=2.00e-11: system_setup=0.65, mg_setup[lvls= 2]=0.31, solve[10]=0.08
ndofs=        1891, resid[ 11]=8.83e-12: system_setup=0.28, mg_setup[lvls= 2]=0.24, solve[11]=0.04
