ndofs=    434958: ['eta_0^p', 'omega']=(0.01, 0.01)    | resids[ 40]=5.15e-03 cf=0.928
ndofs=    434958: ['eta_0^p', 'omega']=(0.01, 0.062)   | resids[ 40]=2.12e-02 cf=0.967
ndofs=    434958: ['eta_0^p', 'omega']=(0.01, 0.114)   | resids[ 40]=2.65e-02 cf=0.977
ndofs=    434958: ['eta_0^p', 'omega']=(0.01, 0.166)   | resids[ 40]=2.68e-02 cf=0.961
ndofs=    434958: ['eta_0^p', 'omega']=(0.01, 0.218)   | resids[ 40]=2.53e-02 cf=0.958
ndofs=    434958: ['eta_0^p', 'omega']=(0.01, 0.27)    | resids[ 40]=2.77e-02 cf=0.966
ndofs=    434958: ['eta_0^p', 'omega']=(0.01, 0.321)   | resids[ 40]=3.07e-02 cf=0.973
ndofs=    434958: ['eta_0^p', 'omega']=(0.01, 0.373)   | resids[ 40]=3.08e-02 cf=0.976
ndofs=    434958: ['eta_0^p', 'omega']=(0.01, 0.425)   | resids[ 40]=3.18e-02 cf=0.986
ndofs=    434958: ['eta_0^p', 'omega']=(0.01, 0.477)   | resids[ 40]=3.32e-02 cf=0.992
ndofs=    434958: ['eta_0^p', 'omega']=(0.01, 0.529)   | resids[ 40]=3.44e-02 cf=0.995
ndofs=    434958: ['eta_0^p', 'omega']=(0.01, 0.581)   | resids[ 40]=3.51e-02 cf=0.996
ndofs=    434958: ['eta_0^p', 'omega']=(0.01, 0.633)   | resids[ 40]=3.55e-02 cf=0.996
ndofs=    434958: ['eta_0^p', 'omega']=(0.01, 0.685)   | resids[ 40]=3.56e-02 cf=0.995
ndofs=    434958: ['eta_0^p', 'omega']=(0.01, 0.737)   | resids[ 40]=3.56e-02 cf=0.995
ndofs=    434958: ['eta_0^p', 'omega']=(0.01, 0.789)   | resids[ 40]=3.62e-02 cf=0.995
ndofs=    434958: ['eta_0^p', 'omega']=(0.01, 0.84)    | resids[ 40]=3.72e-02 cf=0.995
ndofs=    434958: ['eta_0^p', 'omega']=(0.01, 0.892)   | resids[ 40]=3.76e-02 cf=0.995
ndofs=    434958: ['eta_0^p', 'omega']=(0.01, 0.944)   | resids[ 40]=3.66e-02 cf=0.995
ndofs=    434958: ['eta_0^p', 'omega']=(0.01, 0.996)   | resids[ 40]=3.32e-02 cf=0.994
ndofs=    434958: ['eta_0^p', 'omega']=(0.01, 1.048)   | resids[ 40]=2.75e-02 cf=0.993
ndofs=    434958: ['eta_0^p', 'omega']=(0.01, 1.1)     | resids[ 40]=2.27e-02 cf=0.984
ndofs=    434958: ['eta_0^p', 'omega']=(0.21, 0.01)    | resids[ 40]=5.77e-05 cf=0.843
ndofs=    434958: ['eta_0^p', 'omega']=(0.21, 0.062)   | resids[ 40]=1.94e-05 cf=0.753
ndofs=    434958: ['eta_0^p', 'omega']=(0.21, 0.114)   | resids[ 40]=1.45e-05 cf=0.735
ndofs=    434958: ['eta_0^p', 'omega']=(0.21, 0.166)   | resids[ 40]=1.16e-05 cf=0.713
ndofs=    434958: ['eta_0^p', 'omega']=(0.21, 0.218)   | resids[ 40]=1.16e-05 cf=0.710
ndofs=    434958: ['eta_0^p', 'omega']=(0.21, 0.27)    | resids[ 40]=9.19e-06 cf=0.708
ndofs=    434958: ['eta_0^p', 'omega']=(0.21, 0.321)   | resids[ 40]=7.78e-06 cf=0.726
ndofs=    434958: ['eta_0^p', 'omega']=(0.21, 0.373)   | resids[ 40]=7.73e-06 cf=0.739
ndofs=    434958: ['eta_0^p', 'omega']=(0.21, 0.425)   | resids[ 40]=8.20e-06 cf=0.751
ndofs=    434958: ['eta_0^p', 'omega']=(0.21, 0.477)   | resids[ 40]=7.76e-06 cf=0.747
ndofs=    434958: ['eta_0^p', 'omega']=(0.21, 0.529)   | resids[ 40]=7.49e-06 cf=0.734
ndofs=    434958: ['eta_0^p', 'omega']=(0.21, 0.581)   | resids[ 40]=7.52e-06 cf=0.729
ndofs=    434958: ['eta_0^p', 'omega']=(0.21, 0.633)   | resids[ 40]=8.19e-06 cf=0.732
ndofs=    434958: ['eta_0^p', 'omega']=(0.21, 0.685)   | resids[ 40]=9.00e-06 cf=0.736
ndofs=    434958: ['eta_0^p', 'omega']=(0.21, 0.737)   | resids[ 40]=9.70e-06 cf=0.736
ndofs=    434958: ['eta_0^p', 'omega']=(0.21, 0.789)   | resids[ 40]=1.04e-05 cf=0.736
ndofs=    434958: ['eta_0^p', 'omega']=(0.21, 0.84)    | resids[ 40]=1.10e-05 cf=0.730
ndofs=    434958: ['eta_0^p', 'omega']=(0.21, 0.892)   | resids[ 40]=1.17e-05 cf=0.726
ndofs=    434958: ['eta_0^p', 'omega']=(0.21, 0.944)   | resids[ 40]=1.24e-05 cf=0.727
ndofs=    434958: ['eta_0^p', 'omega']=(0.21, 0.996)   | resids[ 40]=1.23e-05 cf=0.730
ndofs=    434958: ['eta_0^p', 'omega']=(0.21, 1.048)   | resids[ 40]=1.19e-05 cf=0.728
ndofs=    434958: ['eta_0^p', 'omega']=(0.21, 1.1)     | resids[ 40]=1.76e-05 cf=0.703
ndofs=    434958: ['eta_0^p', 'omega']=(0.409, 0.01)   | resids[ 40]=4.75e-05 cf=0.842
ndofs=    434958: ['eta_0^p', 'omega']=(0.409, 0.062)  | resids[ 40]=1.06e-06 cf=0.710
ndofs=    434958: ['eta_0^p', 'omega']=(0.409, 0.114)  | resids[ 40]=3.74e-07 cf=0.667
ndofs=    434958: ['eta_0^p', 'omega']=(0.409, 0.166)  | resids[ 40]=2.40e-07 cf=0.648
ndofs=    434958: ['eta_0^p', 'omega']=(0.409, 0.218)  | resids[ 40]=1.73e-07 cf=0.646
ndofs=    434958: ['eta_0^p', 'omega']=(0.409, 0.27)   | resids[ 40]=1.15e-07 cf=0.640
ndofs=    434958: ['eta_0^p', 'omega']=(0.409, 0.321)  | resids[ 40]=9.69e-08 cf=0.656
ndofs=    434958: ['eta_0^p', 'omega']=(0.409, 0.373)  | resids[ 40]=9.91e-08 cf=0.661
ndofs=    434958: ['eta_0^p', 'omega']=(0.409, 0.425)  | resids[ 40]=9.31e-08 cf=0.658
ndofs=    434958: ['eta_0^p', 'omega']=(0.409, 0.477)  | resids[ 40]=9.21e-08 cf=0.658
ndofs=    434958: ['eta_0^p', 'omega']=(0.409, 0.529)  | resids[ 40]=9.47e-08 cf=0.664
ndofs=    434958: ['eta_0^p', 'omega']=(0.409, 0.581)  | resids[ 40]=1.04e-07 cf=0.664
ndofs=    434958: ['eta_0^p', 'omega']=(0.409, 0.633)  | resids[ 40]=1.15e-07 cf=0.664
ndofs=    434958: ['eta_0^p', 'omega']=(0.409, 0.685)  | resids[ 40]=1.25e-07 cf=0.666
ndofs=    434958: ['eta_0^p', 'omega']=(0.409, 0.737)  | resids[ 40]=1.32e-07 cf=0.665
ndofs=    434958: ['eta_0^p', 'omega']=(0.409, 0.789)  | resids[ 40]=1.41e-07 cf=0.665
ndofs=    434958: ['eta_0^p', 'omega']=(0.409, 0.84)   | resids[ 40]=1.51e-07 cf=0.661
ndofs=    434958: ['eta_0^p', 'omega']=(0.409, 0.892)  | resids[ 40]=1.72e-07 cf=0.663
ndofs=    434958: ['eta_0^p', 'omega']=(0.409, 0.944)  | resids[ 40]=1.98e-07 cf=0.671
ndofs=    434958: ['eta_0^p', 'omega']=(0.409, 0.996)  | resids[ 40]=2.12e-07 cf=0.677
ndofs=    434958: ['eta_0^p', 'omega']=(0.409, 1.048)  | resids[ 40]=2.35e-07 cf=0.669
ndofs=    434958: ['eta_0^p', 'omega']=(0.409, 1.1)    | resids[ 40]=1.59e-05 cf=0.711
ndofs=    434958: ['eta_0^p', 'omega']=(0.609, 0.01)   | resids[ 40]=3.64e-05 cf=0.865
ndofs=    434958: ['eta_0^p', 'omega']=(0.609, 0.062)  | resids[ 40]=1.42e-07 cf=0.656
ndofs=    434958: ['eta_0^p', 'omega']=(0.609, 0.114)  | resids[ 40]=4.07e-08 cf=0.621
ndofs=    434958: ['eta_0^p', 'omega']=(0.609, 0.166)  | resids[ 40]=1.60e-08 cf=0.612
ndofs=    434958: ['eta_0^p', 'omega']=(0.609, 0.218)  | resids[ 40]=7.42e-09 cf=0.600
ndofs=    434958: ['eta_0^p', 'omega']=(0.609, 0.27)   | resids[ 40]=4.79e-09 cf=0.600
ndofs=    434958: ['eta_0^p', 'omega']=(0.609, 0.321)  | resids[ 40]=3.72e-09 cf=0.605
ndofs=    434958: ['eta_0^p', 'omega']=(0.609, 0.373)  | resids[ 40]=3.41e-09 cf=0.604
ndofs=    434958: ['eta_0^p', 'omega']=(0.609, 0.425)  | resids[ 40]=3.17e-09 cf=0.601
ndofs=    434958: ['eta_0^p', 'omega']=(0.609, 0.477)  | resids[ 40]=3.07e-09 cf=0.606
ndofs=    434958: ['eta_0^p', 'omega']=(0.609, 0.529)  | resids[ 40]=3.19e-09 cf=0.614
ndofs=    434958: ['eta_0^p', 'omega']=(0.609, 0.581)  | resids[ 40]=3.33e-09 cf=0.612
ndofs=    434958: ['eta_0^p', 'omega']=(0.609, 0.633)  | resids[ 40]=3.67e-09 cf=0.612
ndofs=    434958: ['eta_0^p', 'omega']=(0.609, 0.685)  | resids[ 40]=3.98e-09 cf=0.613
ndofs=    434958: ['eta_0^p', 'omega']=(0.609, 0.737)  | resids[ 40]=4.23e-09 cf=0.612
ndofs=    434958: ['eta_0^p', 'omega']=(0.609, 0.789)  | resids[ 40]=4.61e-09 cf=0.613
ndofs=    434958: ['eta_0^p', 'omega']=(0.609, 0.84)   | resids[ 40]=5.25e-09 cf=0.615
ndofs=    434958: ['eta_0^p', 'omega']=(0.609, 0.892)  | resids[ 40]=6.49e-09 cf=0.625
ndofs=    434958: ['eta_0^p', 'omega']=(0.609, 0.944)  | resids[ 40]=8.01e-09 cf=0.639
ndofs=    434958: ['eta_0^p', 'omega']=(0.609, 0.996)  | resids[ 40]=1.02e-08 cf=0.642
ndofs=    434958: ['eta_0^p', 'omega']=(0.609, 1.048)  | resids[ 40]=1.37e-08 cf=0.629
ndofs=    434958: ['eta_0^p', 'omega']=(0.609, 1.1)    | resids[ 40]=9.07e-06 cf=0.701
ndofs=    434958: ['eta_0^p', 'omega']=(0.809, 0.01)   | resids[ 40]=3.13e-05 cf=0.849
ndofs=    434958: ['eta_0^p', 'omega']=(0.809, 0.062)  | resids[ 40]=7.25e-08 cf=0.676
ndofs=    434958: ['eta_0^p', 'omega']=(0.809, 0.114)  | resids[ 40]=7.57e-09 cf=0.592
ndofs=    434958: ['eta_0^p', 'omega']=(0.809, 0.166)  | resids[ 40]=1.94e-09 cf=0.585
ndofs=    434958: ['eta_0^p', 'omega']=(0.809, 0.218)  | resids[ 40]=6.86e-10 cf=0.571
ndofs=    434958: ['eta_0^p', 'omega']=(0.809, 0.27)   | resids[ 40]=3.61e-10 cf=0.560
ndofs=    434958: ['eta_0^p', 'omega']=(0.809, 0.321)  | resids[ 40]=2.40e-10 cf=0.561
ndofs=    434958: ['eta_0^p', 'omega']=(0.809, 0.373)  | resids[ 40]=2.00e-10 cf=0.560
ndofs=    434958: ['eta_0^p', 'omega']=(0.809, 0.425)  | resids[ 40]=1.79e-10 cf=0.558
ndofs=    434958: ['eta_0^p', 'omega']=(0.809, 0.477)  | resids[ 40]=1.71e-10 cf=0.564
ndofs=    434958: ['eta_0^p', 'omega']=(0.809, 0.529)  | resids[ 40]=1.62e-10 cf=0.568
ndofs=    434958: ['eta_0^p', 'omega']=(0.809, 0.581)  | resids[ 40]=1.65e-10 cf=0.566
ndofs=    434958: ['eta_0^p', 'omega']=(0.809, 0.633)  | resids[ 40]=1.78e-10 cf=0.564
ndofs=    434958: ['eta_0^p', 'omega']=(0.809, 0.685)  | resids[ 40]=1.92e-10 cf=0.564
ndofs=    434958: ['eta_0^p', 'omega']=(0.809, 0.737)  | resids[ 40]=2.07e-10 cf=0.565
ndofs=    434958: ['eta_0^p', 'omega']=(0.809, 0.789)  | resids[ 40]=2.37e-10 cf=0.570
ndofs=    434958: ['eta_0^p', 'omega']=(0.809, 0.84)   | resids[ 40]=2.90e-10 cf=0.576
ndofs=    434958: ['eta_0^p', 'omega']=(0.809, 0.892)  | resids[ 40]=3.90e-10 cf=0.589
ndofs=    434958: ['eta_0^p', 'omega']=(0.809, 0.944)  | resids[ 40]=5.84e-10 cf=0.604
ndofs=    434958: ['eta_0^p', 'omega']=(0.809, 0.996)  | resids[ 40]=9.18e-10 cf=0.612
ndofs=    434958: ['eta_0^p', 'omega']=(0.809, 1.048)  | resids[ 40]=1.36e-09 cf=0.600
ndofs=    434958: ['eta_0^p', 'omega']=(0.809, 1.1)    | resids[ 40]=1.51e-06 cf=0.658
ndofs=    434958: ['eta_0^p', 'omega']=(1.008, 0.01)   | resids[ 40]=3.44e-05 cf=0.837
ndofs=    434958: ['eta_0^p', 'omega']=(1.008, 0.062)  | resids[ 40]=5.45e-08 cf=0.681
ndofs=    434958: ['eta_0^p', 'omega']=(1.008, 0.114)  | resids[ 40]=1.47e-09 cf=0.571
ndofs=    434958: ['eta_0^p', 'omega']=(1.008, 0.166)  | resids[ 40]=3.32e-10 cf=0.559
ndofs=    434958: ['eta_0^p', 'omega']=(1.008, 0.218)  | resids[ 40]=8.90e-11 cf=0.540
ndofs=    434958: ['eta_0^p', 'omega']=(1.008, 0.27)   | resids[ 40]=4.23e-11 cf=0.532
ndofs=    434958: ['eta_0^p', 'omega']=(1.008, 0.321)  | resids[ 40]=2.33e-11 cf=0.523
ndofs=    434958: ['eta_0^p', 'omega']=(1.008, 0.373)  | resids[ 40]=1.62e-11 cf=0.519
ndofs=    434958: ['eta_0^p', 'omega']=(1.008, 0.425)  | resids[ 40]=1.38e-11 cf=0.526
ndofs=    434958: ['eta_0^p', 'omega']=(1.008, 0.477)  | resids[ 40]=1.23e-11 cf=0.527
ndofs=    434958: ['eta_0^p', 'omega']=(1.008, 0.529)  | resids[ 40]=1.12e-11 cf=0.528
ndofs=    434958: ['eta_0^p', 'omega']=(1.008, 0.581)  | resids[ 40]=1.08e-11 cf=0.524
ndofs=    434958: ['eta_0^p', 'omega']=(1.008, 0.633)  | resids[ 40]=1.16e-11 cf=0.522
ndofs=    434958: ['eta_0^p', 'omega']=(1.008, 0.685)  | resids[ 40]=1.26e-11 cf=0.522
ndofs=    434958: ['eta_0^p', 'omega']=(1.008, 0.737)  | resids[ 40]=1.42e-11 cf=0.526
ndofs=    434958: ['eta_0^p', 'omega']=(1.008, 0.789)  | resids[ 40]=1.74e-11 cf=0.534
ndofs=    434958: ['eta_0^p', 'omega']=(1.008, 0.84)   | resids[ 40]=2.36e-11 cf=0.544
ndofs=    434958: ['eta_0^p', 'omega']=(1.008, 0.892)  | resids[ 40]=3.78e-11 cf=0.556
ndofs=    434958: ['eta_0^p', 'omega']=(1.008, 0.944)  | resids[ 40]=7.12e-11 cf=0.574
ndofs=    434958: ['eta_0^p', 'omega']=(1.008, 0.996)  | resids[ 40]=1.17e-10 cf=0.568
ndofs=    434958: ['eta_0^p', 'omega']=(1.008, 1.048)  | resids[ 40]=1.56e-10 cf=0.571
ndofs=    434958: ['eta_0^p', 'omega']=(1.008, 1.1)    | resids[ 40]=6.02e-07 cf=0.597
ndofs=    434958: ['eta_0^p', 'omega']=(1.208, 0.01)   | resids[ 40]=3.23e-05 cf=0.838
ndofs=    434958: ['eta_0^p', 'omega']=(1.208, 0.062)  | resids[ 40]=5.40e-08 cf=0.681
ndofs=    434958: ['eta_0^p', 'omega']=(1.208, 0.114)  | resids[ 40]=6.81e-10 cf=0.595
ndofs=    434958: ['eta_0^p', 'omega']=(1.208, 0.166)  | resids[ 40]=6.97e-11 cf=0.535
ndofs=    434958: ['eta_0^p', 'omega']=(1.208, 0.218)  | resids[ 40]=1.60e-11 cf=0.518
ndofs=    434958: ['eta_0^p', 'omega']=(1.208, 0.27)   | resids[ 39]=1.23e-11 cf=0.505
ndofs=    434958: ['eta_0^p', 'omega']=(1.208, 0.321)  | resids[ 38]=1.26e-11 cf=0.503
ndofs=    434958: ['eta_0^p', 'omega']=(1.208, 0.373)  | resids[ 37]=1.62e-11 cf=0.496
ndofs=    434958: ['eta_0^p', 'omega']=(1.208, 0.425)  | resids[ 37]=1.18e-11 cf=0.493
ndofs=    434958: ['eta_0^p', 'omega']=(1.208, 0.477)  | resids[ 36]=1.88e-11 cf=0.488
ndofs=    434958: ['eta_0^p', 'omega']=(1.208, 0.529)  | resids[ 36]=1.72e-11 cf=0.494
ndofs=    434958: ['eta_0^p', 'omega']=(1.208, 0.581)  | resids[ 36]=1.59e-11 cf=0.499
ndofs=    434958: ['eta_0^p', 'omega']=(1.208, 0.633)  | resids[ 36]=1.68e-11 cf=0.500
ndofs=    434958: ['eta_0^p', 'omega']=(1.208, 0.685)  | resids[ 37]=9.56e-12 cf=0.502
ndofs=    434958: ['eta_0^p', 'omega']=(1.208, 0.737)  | resids[ 37]=1.18e-11 cf=0.506
ndofs=    434958: ['eta_0^p', 'omega']=(1.208, 0.789)  | resids[ 37]=1.51e-11 cf=0.509
ndofs=    434958: ['eta_0^p', 'omega']=(1.208, 0.84)   | resids[ 38]=1.12e-11 cf=0.508
ndofs=    434958: ['eta_0^p', 'omega']=(1.208, 0.892)  | resids[ 39]=1.00e-11 cf=0.515
ndofs=    434958: ['eta_0^p', 'omega']=(1.208, 0.944)  | resids[ 40]=1.13e-11 cf=0.538
ndofs=    434958: ['eta_0^p', 'omega']=(1.208, 0.996)  | resids[ 40]=1.72e-11 cf=0.538
ndofs=    434958: ['eta_0^p', 'omega']=(1.208, 1.048)  | resids[ 40]=1.80e-11 cf=0.540
ndofs=    434958: ['eta_0^p', 'omega']=(1.208, 1.1)    | resids[ 40]=6.85e-07 cf=0.584
ndofs=    434958: ['eta_0^p', 'omega']=(1.408, 0.01)   | resids[ 40]=2.94e-05 cf=0.835
ndofs=    434958: ['eta_0^p', 'omega']=(1.408, 0.062)  | resids[ 40]=4.36e-08 cf=0.673
ndofs=    434958: ['eta_0^p', 'omega']=(1.408, 0.114)  | resids[ 40]=3.77e-10 cf=0.578
ndofs=    434958: ['eta_0^p', 'omega']=(1.408, 0.166)  | resids[ 40]=1.59e-11 cf=0.515
ndofs=    434958: ['eta_0^p', 'omega']=(1.408, 0.218)  | resids[ 38]=1.40e-11 cf=0.500
ndofs=    434958: ['eta_0^p', 'omega']=(1.408, 0.27)   | resids[ 36]=1.95e-11 cf=0.476
ndofs=    434958: ['eta_0^p', 'omega']=(1.408, 0.321)  | resids[ 35]=2.05e-11 cf=0.475
ndofs=    434958: ['eta_0^p', 'omega']=(1.408, 0.373)  | resids[ 35]=1.26e-11 cf=0.476
ndofs=    434958: ['eta_0^p', 'omega']=(1.408, 0.425)  | resids[ 34]=1.76e-11 cf=0.469
ndofs=    434958: ['eta_0^p', 'omega']=(1.408, 0.477)  | resids[ 34]=1.34e-11 cf=0.469
ndofs=    434958: ['eta_0^p', 'omega']=(1.408, 0.529)  | resids[ 34]=1.16e-11 cf=0.470
ndofs=    434958: ['eta_0^p', 'omega']=(1.408, 0.581)  | resids[ 34]=1.08e-11 cf=0.473
ndofs=    434958: ['eta_0^p', 'omega']=(1.408, 0.633)  | resids[ 34]=1.17e-11 cf=0.472
ndofs=    434958: ['eta_0^p', 'omega']=(1.408, 0.685)  | resids[ 34]=1.44e-11 cf=0.477
ndofs=    434958: ['eta_0^p', 'omega']=(1.408, 0.737)  | resids[ 34]=1.87e-11 cf=0.484
ndofs=    434958: ['eta_0^p', 'omega']=(1.408, 0.789)  | resids[ 35]=1.17e-11 cf=0.488
ndofs=    434958: ['eta_0^p', 'omega']=(1.408, 0.84)   | resids[ 35]=1.85e-11 cf=0.496
ndofs=    434958: ['eta_0^p', 'omega']=(1.408, 0.892)  | resids[ 36]=1.79e-11 cf=0.501
ndofs=    434958: ['eta_0^p', 'omega']=(1.408, 0.944)  | resids[ 37]=1.83e-11 cf=0.511
ndofs=    434958: ['eta_0^p', 'omega']=(1.408, 0.996)  | resids[ 38]=1.12e-11 cf=0.498
ndofs=    434958: ['eta_0^p', 'omega']=(1.408, 1.048)  | resids[ 38]=6.85e-12 cf=0.499
ndofs=    434958: ['eta_0^p', 'omega']=(1.408, 1.1)    | resids[ 40]=8.82e-07 cf=0.585
ndofs=    434958: ['eta_0^p', 'omega']=(1.607, 0.01)   | resids[ 40]=2.46e-05 cf=0.826
ndofs=    434958: ['eta_0^p', 'omega']=(1.607, 0.062)  | resids[ 40]=4.00e-08 cf=0.687
ndofs=    434958: ['eta_0^p', 'omega']=(1.607, 0.114)  | resids[ 40]=4.38e-10 cf=0.603
ndofs=    434958: ['eta_0^p', 'omega']=(1.607, 0.166)  | resids[ 39]=1.45e-11 cf=0.526
ndofs=    434958: ['eta_0^p', 'omega']=(1.607, 0.218)  | resids[ 36]=1.64e-11 cf=0.482
ndofs=    434958: ['eta_0^p', 'omega']=(1.607, 0.27)   | resids[ 35]=1.04e-11 cf=0.461
ndofs=    434958: ['eta_0^p', 'omega']=(1.607, 0.321)  | resids[ 34]=1.02e-11 cf=0.459
ndofs=    434958: ['eta_0^p', 'omega']=(1.607, 0.373)  | resids[ 33]=1.38e-11 cf=0.456
ndofs=    434958: ['eta_0^p', 'omega']=(1.607, 0.425)  | resids[ 32]=1.97e-11 cf=0.444
ndofs=    434958: ['eta_0^p', 'omega']=(1.607, 0.477)  | resids[ 32]=1.37e-11 cf=0.437
ndofs=    434958: ['eta_0^p', 'omega']=(1.607, 0.529)  | resids[ 32]=1.09e-11 cf=0.431
ndofs=    434958: ['eta_0^p', 'omega']=(1.607, 0.581)  | resids[ 32]=1.05e-11 cf=0.432
ndofs=    434958: ['eta_0^p', 'omega']=(1.607, 0.633)  | resids[ 32]=1.23e-11 cf=0.440
ndofs=    434958: ['eta_0^p', 'omega']=(1.607, 0.685)  | resids[ 32]=1.61e-11 cf=0.445
ndofs=    434958: ['eta_0^p', 'omega']=(1.607, 0.737)  | resids[ 33]=1.05e-11 cf=0.461
ndofs=    434958: ['eta_0^p', 'omega']=(1.607, 0.789)  | resids[ 33]=1.59e-11 cf=0.468
ndofs=    434958: ['eta_0^p', 'omega']=(1.607, 0.84)   | resids[ 34]=1.35e-11 cf=0.481
ndofs=    434958: ['eta_0^p', 'omega']=(1.607, 0.892)  | resids[ 35]=1.20e-11 cf=0.485
ndofs=    434958: ['eta_0^p', 'omega']=(1.607, 0.944)  | resids[ 36]=1.09e-11 cf=0.499
ndofs=    434958: ['eta_0^p', 'omega']=(1.607, 0.996)  | resids[ 36]=1.36e-11 cf=0.503
ndofs=    434958: ['eta_0^p', 'omega']=(1.607, 1.048)  | resids[ 35]=7.46e-12 cf=0.484
ndofs=    434958: ['eta_0^p', 'omega']=(1.607, 1.1)    | resids[ 40]=9.66e-07 cf=0.584
ndofs=    434958: ['eta_0^p', 'omega']=(1.807, 0.01)   | resids[ 40]=2.41e-05 cf=0.823
ndofs=    434958: ['eta_0^p', 'omega']=(1.807, 0.062)  | resids[ 40]=3.29e-08 cf=0.691
ndofs=    434958: ['eta_0^p', 'omega']=(1.807, 0.114)  | resids[ 40]=3.94e-10 cf=0.604
ndofs=    434958: ['eta_0^p', 'omega']=(1.807, 0.166)  | resids[ 38]=2.05e-11 cf=0.521
ndofs=    434958: ['eta_0^p', 'omega']=(1.807, 0.218)  | resids[ 35]=1.07e-11 cf=0.458
ndofs=    434958: ['eta_0^p', 'omega']=(1.807, 0.27)   | resids[ 33]=1.48e-11 cf=0.444
ndofs=    434958: ['eta_0^p', 'omega']=(1.807, 0.321)  | resids[ 32]=1.60e-11 cf=0.441
ndofs=    434958: ['eta_0^p', 'omega']=(1.807, 0.373)  | resids[ 31]=1.89e-11 cf=0.423
ndofs=    434958: ['eta_0^p', 'omega']=(1.807, 0.425)  | resids[ 31]=1.19e-11 cf=0.415
ndofs=    434958: ['eta_0^p', 'omega']=(1.807, 0.477)  | resids[ 30]=1.93e-11 cf=0.411
ndofs=    434958: ['eta_0^p', 'omega']=(1.807, 0.529)  | resids[ 30]=1.61e-11 cf=0.412
ndofs=    434958: ['eta_0^p', 'omega']=(1.807, 0.581)  | resids[ 30]=1.61e-11 cf=0.417
ndofs=    434958: ['eta_0^p', 'omega']=(1.807, 0.633)  | resids[ 30]=1.95e-11 cf=0.423
ndofs=    434958: ['eta_0^p', 'omega']=(1.807, 0.685)  | resids[ 31]=1.10e-11 cf=0.427
ndofs=    434958: ['eta_0^p', 'omega']=(1.807, 0.737)  | resids[ 31]=1.57e-11 cf=0.433
ndofs=    434958: ['eta_0^p', 'omega']=(1.807, 0.789)  | resids[ 32]=1.13e-11 cf=0.435
ndofs=    434958: ['eta_0^p', 'omega']=(1.807, 0.84)   | resids[ 32]=2.08e-11 cf=0.441
ndofs=    434958: ['eta_0^p', 'omega']=(1.807, 0.892)  | resids[ 33]=1.99e-11 cf=0.465
ndofs=    434958: ['eta_0^p', 'omega']=(1.807, 0.944)  | resids[ 34]=1.53e-11 cf=0.478
ndofs=    434958: ['eta_0^p', 'omega']=(1.807, 0.996)  | resids[ 34]=1.47e-11 cf=0.494
ndofs=    434958: ['eta_0^p', 'omega']=(1.807, 1.048)  | resids[ 32]=7.63e-12 cf=0.452
ndofs=    434958: ['eta_0^p', 'omega']=(1.807, 1.1)    | resids[ 40]=1.07e-06 cf=0.581
ndofs=    434958: ['eta_0^p', 'omega']=(2.007, 0.01)   | resids[ 40]=2.41e-05 cf=0.826
ndofs=    434958: ['eta_0^p', 'omega']=(2.007, 0.062)  | resids[ 40]=2.84e-08 cf=0.692
ndofs=    434958: ['eta_0^p', 'omega']=(2.007, 0.114)  | resids[ 40]=3.09e-10 cf=0.600
ndofs=    434958: ['eta_0^p', 'omega']=(2.007, 0.166)  | resids[ 39]=1.15e-11 cf=0.532
ndofs=    434958: ['eta_0^p', 'omega']=(2.007, 0.218)  | resids[ 34]=1.40e-11 cf=0.470
ndofs=    434958: ['eta_0^p', 'omega']=(2.007, 0.27)   | resids[ 32]=1.23e-11 cf=0.437
ndofs=    434958: ['eta_0^p', 'omega']=(2.007, 0.321)  | resids[ 31]=1.20e-11 cf=0.416
ndofs=    434958: ['eta_0^p', 'omega']=(2.007, 0.373)  | resids[ 30]=1.42e-11 cf=0.404
ndofs=    434958: ['eta_0^p', 'omega']=(2.007, 0.425)  | resids[ 30]=8.64e-12 cf=0.396
ndofs=    434958: ['eta_0^p', 'omega']=(2.007, 0.477)  | resids[ 29]=1.51e-11 cf=0.391
ndofs=    434958: ['eta_0^p', 'omega']=(2.007, 0.529)  | resids[ 29]=1.14e-11 cf=0.388
ndofs=    434958: ['eta_0^p', 'omega']=(2.007, 0.581)  | resids[ 29]=1.15e-11 cf=0.391
ndofs=    434958: ['eta_0^p', 'omega']=(2.007, 0.633)  | resids[ 29]=1.47e-11 cf=0.399
ndofs=    434958: ['eta_0^p', 'omega']=(2.007, 0.685)  | resids[ 30]=9.03e-12 cf=0.413
ndofs=    434958: ['eta_0^p', 'omega']=(2.007, 0.737)  | resids[ 30]=1.38e-11 cf=0.419
ndofs=    434958: ['eta_0^p', 'omega']=(2.007, 0.789)  | resids[ 31]=9.81e-12 cf=0.419
ndofs=    434958: ['eta_0^p', 'omega']=(2.007, 0.84)   | resids[ 31]=1.89e-11 cf=0.426
ndofs=    434958: ['eta_0^p', 'omega']=(2.007, 0.892)  | resids[ 32]=1.63e-11 cf=0.438
ndofs=    434958: ['eta_0^p', 'omega']=(2.007, 0.944)  | resids[ 33]=1.20e-11 cf=0.460
ndofs=    434958: ['eta_0^p', 'omega']=(2.007, 0.996)  | resids[ 33]=9.67e-12 cf=0.462
ndofs=    434958: ['eta_0^p', 'omega']=(2.007, 1.048)  | resids[ 29]=9.75e-12 cf=0.407
ndofs=    434958: ['eta_0^p', 'omega']=(2.007, 1.1)    | resids[ 40]=2.81e-06 cf=0.620
ndofs=    434958: ['eta_0^p', 'omega']=(2.206, 0.01)   | resids[ 40]=2.03e-05 cf=0.838
ndofs=    434958: ['eta_0^p', 'omega']=(2.206, 0.062)  | resids[ 40]=3.16e-08 cf=0.700
ndofs=    434958: ['eta_0^p', 'omega']=(2.206, 0.114)  | resids[ 40]=2.83e-10 cf=0.600
ndofs=    434958: ['eta_0^p', 'omega']=(2.206, 0.166)  | resids[ 39]=1.12e-11 cf=0.538
ndofs=    434958: ['eta_0^p', 'omega']=(2.206, 0.218)  | resids[ 34]=1.41e-11 cf=0.480
ndofs=    434958: ['eta_0^p', 'omega']=(2.206, 0.27)   | resids[ 31]=1.36e-11 cf=0.430
ndofs=    434958: ['eta_0^p', 'omega']=(2.206, 0.321)  | resids[ 30]=1.14e-11 cf=0.402
ndofs=    434958: ['eta_0^p', 'omega']=(2.206, 0.373)  | resids[ 29]=1.26e-11 cf=0.391
ndofs=    434958: ['eta_0^p', 'omega']=(2.206, 0.425)  | resids[ 28]=1.91e-11 cf=0.387
ndofs=    434958: ['eta_0^p', 'omega']=(2.206, 0.477)  | resids[ 28]=1.27e-11 cf=0.379
ndofs=    434958: ['eta_0^p', 'omega']=(2.206, 0.529)  | resids[ 28]=9.01e-12 cf=0.374
ndofs=    434958: ['eta_0^p', 'omega']=(2.206, 0.581)  | resids[ 28]=9.56e-12 cf=0.373
ndofs=    434958: ['eta_0^p', 'omega']=(2.206, 0.633)  | resids[ 28]=1.20e-11 cf=0.378
ndofs=    434958: ['eta_0^p', 'omega']=(2.206, 0.685)  | resids[ 28]=1.85e-11 cf=0.390
ndofs=    434958: ['eta_0^p', 'omega']=(2.206, 0.737)  | resids[ 29]=1.30e-11 cf=0.401
ndofs=    434958: ['eta_0^p', 'omega']=(2.206, 0.789)  | resids[ 30]=9.95e-12 cf=0.414
ndofs=    434958: ['eta_0^p', 'omega']=(2.206, 0.84)   | resids[ 30]=1.91e-11 cf=0.421
ndofs=    434958: ['eta_0^p', 'omega']=(2.206, 0.892)  | resids[ 31]=1.58e-11 cf=0.431
ndofs=    434958: ['eta_0^p', 'omega']=(2.206, 0.944)  | resids[ 32]=1.09e-11 cf=0.437
ndofs=    434958: ['eta_0^p', 'omega']=(2.206, 0.996)  | resids[ 32]=7.31e-12 cf=0.447
ndofs=    434958: ['eta_0^p', 'omega']=(2.206, 1.048)  | resids[ 28]=5.87e-12 cf=0.370
ndofs=    434958: ['eta_0^p', 'omega']=(2.206, 1.1)    | resids[ 40]=1.55e-06 cf=0.591
ndofs=    434958: ['eta_0^p', 'omega']=(2.406, 0.01)   | resids[ 40]=2.01e-05 cf=0.835
ndofs=    434958: ['eta_0^p', 'omega']=(2.406, 0.062)  | resids[ 40]=3.38e-08 cf=0.690
ndofs=    434958: ['eta_0^p', 'omega']=(2.406, 0.114)  | resids[ 40]=3.37e-10 cf=0.610
ndofs=    434958: ['eta_0^p', 'omega']=(2.406, 0.166)  | resids[ 39]=1.14e-11 cf=0.538
ndofs=    434958: ['eta_0^p', 'omega']=(2.406, 0.218)  | resids[ 34]=1.48e-11 cf=0.485
ndofs=    434958: ['eta_0^p', 'omega']=(2.406, 0.27)   | resids[ 31]=1.21e-11 cf=0.435
ndofs=    434958: ['eta_0^p', 'omega']=(2.406, 0.321)  | resids[ 29]=1.31e-11 cf=0.396
ndofs=    434958: ['eta_0^p', 'omega']=(2.406, 0.373)  | resids[ 28]=1.42e-11 cf=0.387
ndofs=    434958: ['eta_0^p', 'omega']=(2.406, 0.425)  | resids[ 27]=1.85e-11 cf=0.380
ndofs=    434958: ['eta_0^p', 'omega']=(2.406, 0.477)  | resids[ 27]=1.21e-11 cf=0.376
ndofs=    434958: ['eta_0^p', 'omega']=(2.406, 0.529)  | resids[ 27]=8.34e-12 cf=0.367
ndofs=    434958: ['eta_0^p', 'omega']=(2.406, 0.581)  | resids[ 27]=8.70e-12 cf=0.360
ndofs=    434958: ['eta_0^p', 'omega']=(2.406, 0.633)  | resids[ 27]=1.23e-11 cf=0.370
ndofs=    434958: ['eta_0^p', 'omega']=(2.406, 0.685)  | resids[ 28]=7.82e-12 cf=0.381
ndofs=    434958: ['eta_0^p', 'omega']=(2.406, 0.737)  | resids[ 28]=1.43e-11 cf=0.388
ndofs=    434958: ['eta_0^p', 'omega']=(2.406, 0.789)  | resids[ 29]=1.09e-11 cf=0.392
ndofs=    434958: ['eta_0^p', 'omega']=(2.406, 0.84)   | resids[ 30]=8.94e-12 cf=0.400
ndofs=    434958: ['eta_0^p', 'omega']=(2.406, 0.892)  | resids[ 30]=1.67e-11 cf=0.411
ndofs=    434958: ['eta_0^p', 'omega']=(2.406, 0.944)  | resids[ 31]=9.83e-12 cf=0.426
ndofs=    434958: ['eta_0^p', 'omega']=(2.406, 0.996)  | resids[ 30]=1.04e-11 cf=0.438
ndofs=    434958: ['eta_0^p', 'omega']=(2.406, 1.048)  | resids[ 28]=7.71e-12 cf=0.392
ndofs=    434958: ['eta_0^p', 'omega']=(2.406, 1.1)    | resids[ 40]=3.36e-06 cf=0.610
ndofs=    434958: ['eta_0^p', 'omega']=(2.606, 0.01)   | resids[ 40]=2.21e-05 cf=0.825
ndofs=    434958: ['eta_0^p', 'omega']=(2.606, 0.062)  | resids[ 40]=3.98e-08 cf=0.687
ndofs=    434958: ['eta_0^p', 'omega']=(2.606, 0.114)  | resids[ 40]=3.79e-10 cf=0.610
ndofs=    434958: ['eta_0^p', 'omega']=(2.606, 0.166)  | resids[ 39]=1.31e-11 cf=0.544
ndofs=    434958: ['eta_0^p', 'omega']=(2.606, 0.218)  | resids[ 34]=1.53e-11 cf=0.490
ndofs=    434958: ['eta_0^p', 'omega']=(2.606, 0.27)   | resids[ 31]=1.36e-11 cf=0.440
ndofs=    434958: ['eta_0^p', 'omega']=(2.606, 0.321)  | resids[ 29]=9.35e-12 cf=0.404
ndofs=    434958: ['eta_0^p', 'omega']=(2.606, 0.373)  | resids[ 27]=1.78e-11 cf=0.380
ndofs=    434958: ['eta_0^p', 'omega']=(2.606, 0.425)  | resids[ 27]=7.61e-12 cf=0.371
ndofs=    434958: ['eta_0^p', 'omega']=(2.606, 0.477)  | resids[ 26]=1.09e-11 cf=0.369
ndofs=    434958: ['eta_0^p', 'omega']=(2.606, 0.529)  | resids[ 26]=7.78e-12 cf=0.356
ndofs=    434958: ['eta_0^p', 'omega']=(2.606, 0.581)  | resids[ 26]=8.74e-12 cf=0.356
ndofs=    434958: ['eta_0^p', 'omega']=(2.606, 0.633)  | resids[ 26]=1.29e-11 cf=0.366
ndofs=    434958: ['eta_0^p', 'omega']=(2.606, 0.685)  | resids[ 27]=8.25e-12 cf=0.368
ndofs=    434958: ['eta_0^p', 'omega']=(2.606, 0.737)  | resids[ 27]=1.69e-11 cf=0.379
ndofs=    434958: ['eta_0^p', 'omega']=(2.606, 0.789)  | resids[ 28]=1.33e-11 cf=0.384
ndofs=    434958: ['eta_0^p', 'omega']=(2.606, 0.84)   | resids[ 29]=1.01e-11 cf=0.387
ndofs=    434958: ['eta_0^p', 'omega']=(2.606, 0.892)  | resids[ 30]=7.09e-12 cf=0.398
ndofs=    434958: ['eta_0^p', 'omega']=(2.606, 0.944)  | resids[ 30]=8.44e-12 cf=0.417
ndofs=    434958: ['eta_0^p', 'omega']=(2.606, 0.996)  | resids[ 29]=6.25e-12 cf=0.405
ndofs=    434958: ['eta_0^p', 'omega']=(2.606, 1.048)  | resids[ 28]=5.11e-12 cf=0.370
ndofs=    434958: ['eta_0^p', 'omega']=(2.606, 1.1)    | resids[ 40]=8.35e-06 cf=0.632
ndofs=    434958: ['eta_0^p', 'omega']=(2.805, 0.01)   | resids[ 40]=2.56e-05 cf=0.838
ndofs=    434958: ['eta_0^p', 'omega']=(2.805, 0.062)  | resids[ 40]=5.90e-08 cf=0.704
ndofs=    434958: ['eta_0^p', 'omega']=(2.805, 0.114)  | resids[ 40]=4.39e-10 cf=0.615
ndofs=    434958: ['eta_0^p', 'omega']=(2.805, 0.166)  | resids[ 39]=1.54e-11 cf=0.553
ndofs=    434958: ['eta_0^p', 'omega']=(2.805, 0.218)  | resids[ 35]=8.76e-12 cf=0.497
ndofs=    434958: ['eta_0^p', 'omega']=(2.805, 0.27)   | resids[ 31]=1.43e-11 cf=0.447
ndofs=    434958: ['eta_0^p', 'omega']=(2.805, 0.321)  | resids[ 29]=9.65e-12 cf=0.404
ndofs=    434958: ['eta_0^p', 'omega']=(2.805, 0.373)  | resids[ 27]=1.07e-11 cf=0.377
ndofs=    434958: ['eta_0^p', 'omega']=(2.805, 0.425)  | resids[ 26]=9.92e-12 cf=0.367
ndofs=    434958: ['eta_0^p', 'omega']=(2.805, 0.477)  | resids[ 25]=1.17e-11 cf=0.372
ndofs=    434958: ['eta_0^p', 'omega']=(2.805, 0.529)  | resids[ 25]=8.37e-12 cf=0.364
ndofs=    434958: ['eta_0^p', 'omega']=(2.805, 0.581)  | resids[ 25]=8.50e-12 cf=0.361
ndofs=    434958: ['eta_0^p', 'omega']=(2.805, 0.633)  | resids[ 25]=1.36e-11 cf=0.372
ndofs=    434958: ['eta_0^p', 'omega']=(2.805, 0.685)  | resids[ 26]=9.18e-12 cf=0.361
ndofs=    434958: ['eta_0^p', 'omega']=(2.805, 0.737)  | resids[ 27]=7.41e-12 cf=0.367
ndofs=    434958: ['eta_0^p', 'omega']=(2.805, 0.789)  | resids[ 27]=1.64e-11 cf=0.381
ndofs=    434958: ['eta_0^p', 'omega']=(2.805, 0.84)   | resids[ 28]=1.17e-11 cf=0.380
ndofs=    434958: ['eta_0^p', 'omega']=(2.805, 0.892)  | resids[ 29]=7.32e-12 cf=0.386
ndofs=    434958: ['eta_0^p', 'omega']=(2.805, 0.944)  | resids[ 29]=7.00e-12 cf=0.395
ndofs=    434958: ['eta_0^p', 'omega']=(2.805, 0.996)  | resids[ 27]=7.88e-12 cf=0.400
ndofs=    434958: ['eta_0^p', 'omega']=(2.805, 1.048)  | resids[ 29]=4.09e-12 cf=0.371
ndofs=    434958: ['eta_0^p', 'omega']=(2.805, 1.1)    | resids[ 40]=2.65e-05 cf=0.685
ndofs=    434958: ['eta_0^p', 'omega']=(3.005, 0.01)   | resids[ 40]=2.84e-05 cf=0.838
ndofs=    434958: ['eta_0^p', 'omega']=(3.005, 0.062)  | resids[ 40]=8.98e-08 cf=0.714
ndofs=    434958: ['eta_0^p', 'omega']=(3.005, 0.114)  | resids[ 40]=6.72e-10 cf=0.626
ndofs=    434958: ['eta_0^p', 'omega']=(3.005, 0.166)  | resids[ 40]=1.07e-11 cf=0.559
ndofs=    434958: ['eta_0^p', 'omega']=(3.005, 0.218)  | resids[ 35]=1.08e-11 cf=0.502
ndofs=    434958: ['eta_0^p', 'omega']=(3.005, 0.27)   | resids[ 31]=1.53e-11 cf=0.453
ndofs=    434958: ['eta_0^p', 'omega']=(3.005, 0.321)  | resids[ 29]=1.06e-11 cf=0.412
ndofs=    434958: ['eta_0^p', 'omega']=(3.005, 0.373)  | resids[ 27]=1.12e-11 cf=0.387
ndofs=    434958: ['eta_0^p', 'omega']=(3.005, 0.425)  | resids[ 26]=5.41e-12 cf=0.357
ndofs=    434958: ['eta_0^p', 'omega']=(3.005, 0.477)  | resids[ 24]=1.52e-11 cf=0.359
ndofs=    434958: ['eta_0^p', 'omega']=(3.005, 0.529)  | resids[ 24]=9.20e-12 cf=0.352
ndofs=    434958: ['eta_0^p', 'omega']=(3.005, 0.581)  | resids[ 24]=1.01e-11 cf=0.352
ndofs=    434958: ['eta_0^p', 'omega']=(3.005, 0.633)  | resids[ 25]=6.19e-12 cf=0.366
ndofs=    434958: ['eta_0^p', 'omega']=(3.005, 0.685)  | resids[ 25]=1.37e-11 cf=0.380
ndofs=    434958: ['eta_0^p', 'omega']=(3.005, 0.737)  | resids[ 26]=1.03e-11 cf=0.368
ndofs=    434958: ['eta_0^p', 'omega']=(3.005, 0.789)  | resids[ 27]=8.33e-12 cf=0.377
ndofs=    434958: ['eta_0^p', 'omega']=(3.005, 0.84)   | resids[ 27]=1.51e-11 cf=0.386
ndofs=    434958: ['eta_0^p', 'omega']=(3.005, 0.892)  | resids[ 28]=8.00e-12 cf=0.382
ndofs=    434958: ['eta_0^p', 'omega']=(3.005, 0.944)  | resids[ 28]=5.18e-12 cf=0.377
ndofs=    434958: ['eta_0^p', 'omega']=(3.005, 0.996)  | resids[ 25]=5.09e-12 cf=0.368
ndofs=    434958: ['eta_0^p', 'omega']=(3.005, 1.048)  | resids[ 30]=4.65e-12 cf=0.402
ndofs=    434958: ['eta_0^p', 'omega']=(3.005, 1.1)    | resids[ 40]=7.69e-05 cf=0.739
ndofs=    434958: ['eta_0^p', 'omega']=(3.205, 0.01)   | resids[ 40]=3.43e-05 cf=0.856
ndofs=    434958: ['eta_0^p', 'omega']=(3.205, 0.062)  | resids[ 40]=1.25e-07 cf=0.723
ndofs=    434958: ['eta_0^p', 'omega']=(3.205, 0.114)  | resids[ 40]=1.11e-09 cf=0.623
ndofs=    434958: ['eta_0^p', 'omega']=(3.205, 0.166)  | resids[ 40]=1.60e-11 cf=0.568
ndofs=    434958: ['eta_0^p', 'omega']=(3.205, 0.218)  | resids[ 35]=1.39e-11 cf=0.502
ndofs=    434958: ['eta_0^p', 'omega']=(3.205, 0.27)   | resids[ 32]=8.66e-12 cf=0.459
ndofs=    434958: ['eta_0^p', 'omega']=(3.205, 0.321)  | resids[ 29]=1.23e-11 cf=0.425
ndofs=    434958: ['eta_0^p', 'omega']=(3.205, 0.373)  | resids[ 27]=1.28e-11 cf=0.400
ndofs=    434958: ['eta_0^p', 'omega']=(3.205, 0.425)  | resids[ 26]=5.08e-12 cf=0.362
ndofs=    434958: ['eta_0^p', 'omega']=(3.205, 0.477)  | resids[ 24]=8.77e-12 cf=0.356
ndofs=    434958: ['eta_0^p', 'omega']=(3.205, 0.529)  | resids[ 23]=1.12e-11 cf=0.343
ndofs=    434958: ['eta_0^p', 'omega']=(3.205, 0.581)  | resids[ 24]=4.69e-12 cf=0.346
ndofs=    434958: ['eta_0^p', 'omega']=(3.205, 0.633)  | resids[ 24]=1.00e-11 cf=0.358
ndofs=    434958: ['eta_0^p', 'omega']=(3.205, 0.685)  | resids[ 25]=7.91e-12 cf=0.372
ndofs=    434958: ['eta_0^p', 'omega']=(3.205, 0.737)  | resids[ 26]=6.22e-12 cf=0.367
ndofs=    434958: ['eta_0^p', 'omega']=(3.205, 0.789)  | resids[ 26]=1.29e-11 cf=0.381
ndofs=    434958: ['eta_0^p', 'omega']=(3.205, 0.84)   | resids[ 27]=7.52e-12 cf=0.380
ndofs=    434958: ['eta_0^p', 'omega']=(3.205, 0.892)  | resids[ 27]=8.15e-12 cf=0.387
ndofs=    434958: ['eta_0^p', 'omega']=(3.205, 0.944)  | resids[ 26]=1.04e-11 cf=0.403
ndofs=    434958: ['eta_0^p', 'omega']=(3.205, 0.996)  | resids[ 25]=9.64e-12 cf=0.339
ndofs=    434958: ['eta_0^p', 'omega']=(3.205, 1.048)  | resids[ 35]=4.30e-12 cf=0.455
ndofs=    434958: ['eta_0^p', 'omega']=(3.205, 1.1)    | resids[ 40]=2.39e-04 cf=0.771
ndofs=    434958: ['eta_0^p', 'omega']=(3.404, 0.01)   | resids[ 40]=5.03e-05 cf=0.898
ndofs=    434958: ['eta_0^p', 'omega']=(3.404, 0.062)  | resids[ 40]=1.70e-07 cf=0.727
ndofs=    434958: ['eta_0^p', 'omega']=(3.404, 0.114)  | resids[ 40]=1.82e-09 cf=0.640
ndofs=    434958: ['eta_0^p', 'omega']=(3.404, 0.166)  | resids[ 40]=2.72e-11 cf=0.577
ndofs=    434958: ['eta_0^p', 'omega']=(3.404, 0.218)  | resids[ 36]=1.07e-11 cf=0.513
ndofs=    434958: ['eta_0^p', 'omega']=(3.404, 0.27)   | resids[ 32]=1.22e-11 cf=0.468
ndofs=    434958: ['eta_0^p', 'omega']=(3.404, 0.321)  | resids[ 30]=6.65e-12 cf=0.433
ndofs=    434958: ['eta_0^p', 'omega']=(3.404, 0.373)  | resids[ 28]=5.55e-12 cf=0.401
ndofs=    434958: ['eta_0^p', 'omega']=(3.404, 0.425)  | resids[ 26]=5.78e-12 cf=0.370
ndofs=    434958: ['eta_0^p', 'omega']=(3.404, 0.477)  | resids[ 24]=8.30e-12 cf=0.364
ndofs=    434958: ['eta_0^p', 'omega']=(3.404, 0.529)  | resids[ 23]=5.17e-12 cf=0.331
ndofs=    434958: ['eta_0^p', 'omega']=(3.404, 0.581)  | resids[ 23]=8.99e-12 cf=0.338
ndofs=    434958: ['eta_0^p', 'omega']=(3.404, 0.633)  | resids[ 24]=7.02e-12 cf=0.351
ndofs=    434958: ['eta_0^p', 'omega']=(3.404, 0.685)  | resids[ 25]=4.86e-12 cf=0.360
ndofs=    434958: ['eta_0^p', 'omega']=(3.404, 0.737)  | resids[ 25]=9.54e-12 cf=0.371
ndofs=    434958: ['eta_0^p', 'omega']=(3.404, 0.789)  | resids[ 26]=5.55e-12 cf=0.373
ndofs=    434958: ['eta_0^p', 'omega']=(3.404, 0.84)   | resids[ 26]=6.82e-12 cf=0.385
ndofs=    434958: ['eta_0^p', 'omega']=(3.404, 0.892)  | resids[ 26]=7.23e-12 cf=0.393
ndofs=    434958: ['eta_0^p', 'omega']=(3.404, 0.944)  | resids[ 25]=6.83e-12 cf=0.373
ndofs=    434958: ['eta_0^p', 'omega']=(3.404, 0.996)  | resids[ 29]=3.98e-12 cf=0.398
ndofs=    434958: ['eta_0^p', 'omega']=(3.404, 1.048)  | resids[ 40]=9.15e-11 cf=0.588
ndofs=    434958: ['eta_0^p', 'omega']=(3.404, 1.1)    | resids[ 40]=6.73e-03 cf=0.982
ndofs=    434958: ['eta_0^p', 'omega']=(3.604, 0.01)   | resids[ 40]=6.51e-05 cf=0.919
ndofs=    434958: ['eta_0^p', 'omega']=(3.604, 0.062)  | resids[ 40]=2.13e-07 cf=0.731
ndofs=    434958: ['eta_0^p', 'omega']=(3.604, 0.114)  | resids[ 40]=2.28e-09 cf=0.641
ndofs=    434958: ['eta_0^p', 'omega']=(3.604, 0.166)  | resids[ 40]=4.07e-11 cf=0.580
ndofs=    434958: ['eta_0^p', 'omega']=(3.604, 0.218)  | resids[ 37]=8.72e-12 cf=0.529
ndofs=    434958: ['eta_0^p', 'omega']=(3.604, 0.27)   | resids[ 33]=7.70e-12 cf=0.473
ndofs=    434958: ['eta_0^p', 'omega']=(3.604, 0.321)  | resids[ 30]=8.97e-12 cf=0.436
ndofs=    434958: ['eta_0^p', 'omega']=(3.604, 0.373)  | resids[ 28]=6.81e-12 cf=0.408
ndofs=    434958: ['eta_0^p', 'omega']=(3.604, 0.425)  | resids[ 26]=6.75e-12 cf=0.376
ndofs=    434958: ['eta_0^p', 'omega']=(3.604, 0.477)  | resids[ 24]=9.52e-12 cf=0.369
ndofs=    434958: ['eta_0^p', 'omega']=(3.604, 0.529)  | resids[ 23]=4.10e-12 cf=0.338
ndofs=    434958: ['eta_0^p', 'omega']=(3.604, 0.581)  | resids[ 23]=6.25e-12 cf=0.350
ndofs=    434958: ['eta_0^p', 'omega']=(3.604, 0.633)  | resids[ 24]=4.73e-12 cf=0.353
ndofs=    434958: ['eta_0^p', 'omega']=(3.604, 0.685)  | resids[ 24]=9.81e-12 cf=0.366
ndofs=    434958: ['eta_0^p', 'omega']=(3.604, 0.737)  | resids[ 25]=5.50e-12 cf=0.368
ndofs=    434958: ['eta_0^p', 'omega']=(3.604, 0.789)  | resids[ 25]=8.05e-12 cf=0.381
ndofs=    434958: ['eta_0^p', 'omega']=(3.604, 0.84)   | resids[ 25]=1.02e-11 cf=0.388
ndofs=    434958: ['eta_0^p', 'omega']=(3.604, 0.892)  | resids[ 25]=1.18e-11 cf=0.388
ndofs=    434958: ['eta_0^p', 'omega']=(3.604, 0.944)  | resids[ 24]=7.14e-12 cf=0.355
ndofs=    434958: ['eta_0^p', 'omega']=(3.604, 0.996)  | resids[ 32]=4.88e-12 cf=0.442
ndofs=    434958: ['eta_0^p', 'omega']=(3.604, 1.048)  | resids[ 40]=9.09e-08 cf=0.759
ndofs=    434958: ['eta_0^p', 'omega']=(3.604, 1.1)    | resids[ 40]=4.98e-02 cf=0.964
ndofs=    434958: ['eta_0^p', 'omega']=(3.804, 0.01)   | resids[ 40]=5.45e-05 cf=0.879
ndofs=    434958: ['eta_0^p', 'omega']=(3.804, 0.062)  | resids[ 40]=3.02e-07 cf=0.723
ndofs=    434958: ['eta_0^p', 'omega']=(3.804, 0.114)  | resids[ 40]=3.15e-09 cf=0.665
ndofs=    434958: ['eta_0^p', 'omega']=(3.804, 0.166)  | resids[ 40]=5.77e-11 cf=0.597
ndofs=    434958: ['eta_0^p', 'omega']=(3.804, 0.218)  | resids[ 38]=7.01e-12 cf=0.550
ndofs=    434958: ['eta_0^p', 'omega']=(3.804, 0.27)   | resids[ 34]=5.83e-12 cf=0.476
ndofs=    434958: ['eta_0^p', 'omega']=(3.804, 0.321)  | resids[ 31]=5.43e-12 cf=0.449
ndofs=    434958: ['eta_0^p', 'omega']=(3.804, 0.373)  | resids[ 28]=8.45e-12 cf=0.413
ndofs=    434958: ['eta_0^p', 'omega']=(3.804, 0.425)  | resids[ 26]=8.71e-12 cf=0.383
ndofs=    434958: ['eta_0^p', 'omega']=(3.804, 0.477)  | resids[ 24]=1.10e-11 cf=0.372
ndofs=    434958: ['eta_0^p', 'omega']=(3.804, 0.529)  | resids[ 23]=4.65e-12 cf=0.344
ndofs=    434958: ['eta_0^p', 'omega']=(3.804, 0.581)  | resids[ 23]=4.48e-12 cf=0.349
ndofs=    434958: ['eta_0^p', 'omega']=(3.804, 0.633)  | resids[ 23]=1.04e-11 cf=0.368
ndofs=    434958: ['eta_0^p', 'omega']=(3.804, 0.685)  | resids[ 24]=7.18e-12 cf=0.376
ndofs=    434958: ['eta_0^p', 'omega']=(3.804, 0.737)  | resids[ 25]=4.27e-12 cf=0.374
ndofs=    434958: ['eta_0^p', 'omega']=(3.804, 0.789)  | resids[ 25]=6.68e-12 cf=0.386
ndofs=    434958: ['eta_0^p', 'omega']=(3.804, 0.84)   | resids[ 25]=8.75e-12 cf=0.393
ndofs=    434958: ['eta_0^p', 'omega']=(3.804, 0.892)  | resids[ 25]=8.78e-12 cf=0.387
ndofs=    434958: ['eta_0^p', 'omega']=(3.804, 0.944)  | resids[ 24]=6.58e-12 cf=0.331
ndofs=    434958: ['eta_0^p', 'omega']=(3.804, 0.996)  | resids[ 36]=4.37e-12 cf=0.491
ndofs=    434958: ['eta_0^p', 'omega']=(3.804, 1.048)  | resids[ 40]=2.62e-04 cf=0.988
ndofs=    434958: ['eta_0^p', 'omega']=(3.804, 1.1)    | resids[ 40]=9.32e-02 cf=0.987
ndofs=    434958: ['eta_0^p', 'omega']=(4.003, 0.01)   | resids[ 40]=7.67e-05 cf=0.923
ndofs=    434958: ['eta_0^p', 'omega']=(4.003, 0.062)  | resids[ 40]=3.81e-07 cf=0.698
ndofs=    434958: ['eta_0^p', 'omega']=(4.003, 0.114)  | resids[ 40]=4.11e-09 cf=0.658
ndofs=    434958: ['eta_0^p', 'omega']=(4.003, 0.166)  | resids[ 40]=6.35e-11 cf=0.600
ndofs=    434958: ['eta_0^p', 'omega']=(4.003, 0.218)  | resids[ 38]=7.67e-12 cf=0.530
ndofs=    434958: ['eta_0^p', 'omega']=(4.003, 0.27)   | resids[ 34]=8.89e-12 cf=0.483
ndofs=    434958: ['eta_0^p', 'omega']=(4.003, 0.321)  | resids[ 31]=8.21e-12 cf=0.459
ndofs=    434958: ['eta_0^p', 'omega']=(4.003, 0.373)  | resids[ 29]=5.00e-12 cf=0.423
ndofs=    434958: ['eta_0^p', 'omega']=(4.003, 0.425)  | resids[ 27]=4.27e-12 cf=0.385
ndofs=    434958: ['eta_0^p', 'omega']=(4.003, 0.477)  | resids[ 25]=4.83e-12 cf=0.380
ndofs=    434958: ['eta_0^p', 'omega']=(4.003, 0.529)  | resids[ 23]=5.26e-12 cf=0.342
ndofs=    434958: ['eta_0^p', 'omega']=(4.003, 0.581)  | resids[ 22]=1.10e-11 cf=0.336
ndofs=    434958: ['eta_0^p', 'omega']=(4.003, 0.633)  | resids[ 23]=8.98e-12 cf=0.361
ndofs=    434958: ['eta_0^p', 'omega']=(4.003, 0.685)  | resids[ 24]=6.67e-12 cf=0.380
ndofs=    434958: ['eta_0^p', 'omega']=(4.003, 0.737)  | resids[ 25]=4.19e-12 cf=0.388
ndofs=    434958: ['eta_0^p', 'omega']=(4.003, 0.789)  | resids[ 25]=6.21e-12 cf=0.390
ndofs=    434958: ['eta_0^p', 'omega']=(4.003, 0.84)   | resids[ 25]=8.31e-12 cf=0.392
ndofs=    434958: ['eta_0^p', 'omega']=(4.003, 0.892)  | resids[ 25]=7.58e-12 cf=0.386
ndofs=    434958: ['eta_0^p', 'omega']=(4.003, 0.944)  | resids[ 25]=3.47e-12 cf=0.334
ndofs=    434958: ['eta_0^p', 'omega']=(4.003, 0.996)  | resids[ 40]=5.59e-12 cf=0.534
ndofs=    434958: ['eta_0^p', 'omega']=(4.003, 1.048)  | resids[ 40]=2.53e-03 cf=0.980
ndofs=    434958: ['eta_0^p', 'omega']=(4.003, 1.1)    | resids[ 40]=1.34e-01 cf=0.990
ndofs=    434958: ['eta_0^p', 'omega']=(4.203, 0.01)   | resids[ 40]=7.52e-05 cf=0.922
ndofs=    434958: ['eta_0^p', 'omega']=(4.203, 0.062)  | resids[ 40]=5.47e-07 cf=0.760
ndofs=    434958: ['eta_0^p', 'omega']=(4.203, 0.114)  | resids[ 40]=5.74e-09 cf=0.688
ndofs=    434958: ['eta_0^p', 'omega']=(4.203, 0.166)  | resids[ 40]=1.19e-10 cf=0.591
ndofs=    434958: ['eta_0^p', 'omega']=(4.203, 0.218)  | resids[ 38]=6.66e-12 cf=0.544
ndofs=    434958: ['eta_0^p', 'omega']=(4.203, 0.27)   | resids[ 34]=8.74e-12 cf=0.474
ndofs=    434958: ['eta_0^p', 'omega']=(4.203, 0.321)  | resids[ 32]=5.67e-12 cf=0.457
ndofs=    434958: ['eta_0^p', 'omega']=(4.203, 0.373)  | resids[ 29]=7.57e-12 cf=0.426
ndofs=    434958: ['eta_0^p', 'omega']=(4.203, 0.425)  | resids[ 27]=5.92e-12 cf=0.396
ndofs=    434958: ['eta_0^p', 'omega']=(4.203, 0.477)  | resids[ 25]=5.70e-12 cf=0.383
ndofs=    434958: ['eta_0^p', 'omega']=(4.203, 0.529)  | resids[ 23]=6.31e-12 cf=0.343
ndofs=    434958: ['eta_0^p', 'omega']=(4.203, 0.581)  | resids[ 23]=3.98e-12 cf=0.336
ndofs=    434958: ['eta_0^p', 'omega']=(4.203, 0.633)  | resids[ 23]=8.93e-12 cf=0.361
ndofs=    434958: ['eta_0^p', 'omega']=(4.203, 0.685)  | resids[ 24]=6.91e-12 cf=0.378
ndofs=    434958: ['eta_0^p', 'omega']=(4.203, 0.737)  | resids[ 25]=4.69e-12 cf=0.393
ndofs=    434958: ['eta_0^p', 'omega']=(4.203, 0.789)  | resids[ 25]=6.51e-12 cf=0.394
ndofs=    434958: ['eta_0^p', 'omega']=(4.203, 0.84)   | resids[ 25]=7.50e-12 cf=0.388
ndofs=    434958: ['eta_0^p', 'omega']=(4.203, 0.892)  | resids[ 25]=5.60e-12 cf=0.372
ndofs=    434958: ['eta_0^p', 'omega']=(4.203, 0.944)  | resids[ 25]=5.72e-12 cf=0.341
ndofs=    434958: ['eta_0^p', 'omega']=(4.203, 0.996)  | resids[ 40]=6.54e-11 cf=0.591
ndofs=    434958: ['eta_0^p', 'omega']=(4.203, 1.048)  | resids[ 40]=1.09e-02 cf=0.985
ndofs=    434958: ['eta_0^p', 'omega']=(4.203, 1.1)    | resids[ 40]=1.58e-01 cf=0.988
ndofs=    434958: ['eta_0^p', 'omega']=(4.403, 0.01)   | resids[ 40]=9.68e-05 cf=0.872
ndofs=    434958: ['eta_0^p', 'omega']=(4.403, 0.062)  | resids[ 40]=6.40e-07 cf=0.724
ndofs=    434958: ['eta_0^p', 'omega']=(4.403, 0.114)  | resids[ 40]=1.04e-08 cf=0.699
ndofs=    434958: ['eta_0^p', 'omega']=(4.403, 0.166)  | resids[ 40]=1.46e-10 cf=0.598
ndofs=    434958: ['eta_0^p', 'omega']=(4.403, 0.218)  | resids[ 39]=6.01e-12 cf=0.540
ndofs=    434958: ['eta_0^p', 'omega']=(4.403, 0.27)   | resids[ 34]=9.56e-12 cf=0.488
ndofs=    434958: ['eta_0^p', 'omega']=(4.403, 0.321)  | resids[ 32]=5.54e-12 cf=0.457
ndofs=    434958: ['eta_0^p', 'omega']=(4.403, 0.373)  | resids[ 30]=5.37e-12 cf=0.429
ndofs=    434958: ['eta_0^p', 'omega']=(4.403, 0.425)  | resids[ 27]=8.65e-12 cf=0.408
ndofs=    434958: ['eta_0^p', 'omega']=(4.403, 0.477)  | resids[ 25]=7.01e-12 cf=0.386
ndofs=    434958: ['eta_0^p', 'omega']=(4.403, 0.529)  | resids[ 23]=8.27e-12 cf=0.348
ndofs=    434958: ['eta_0^p', 'omega']=(4.403, 0.581)  | resids[ 23]=5.28e-12 cf=0.345
ndofs=    434958: ['eta_0^p', 'omega']=(4.403, 0.633)  | resids[ 24]=3.83e-12 cf=0.358
ndofs=    434958: ['eta_0^p', 'omega']=(4.403, 0.685)  | resids[ 24]=8.23e-12 cf=0.380
ndofs=    434958: ['eta_0^p', 'omega']=(4.403, 0.737)  | resids[ 25]=5.17e-12 cf=0.396
ndofs=    434958: ['eta_0^p', 'omega']=(4.403, 0.789)  | resids[ 25]=6.20e-12 cf=0.392
ndofs=    434958: ['eta_0^p', 'omega']=(4.403, 0.84)   | resids[ 25]=6.38e-12 cf=0.382
ndofs=    434958: ['eta_0^p', 'omega']=(4.403, 0.892)  | resids[ 25]=4.06e-12 cf=0.351
ndofs=    434958: ['eta_0^p', 'omega']=(4.403, 0.944)  | resids[ 26]=3.18e-12 cf=0.339
ndofs=    434958: ['eta_0^p', 'omega']=(4.403, 0.996)  | resids[ 40]=8.42e-10 cf=0.650
ndofs=    434958: ['eta_0^p', 'omega']=(4.403, 1.048)  | resids[ 40]=1.49e-02 cf=0.977
ndofs=    434958: ['eta_0^p', 'omega']=(4.403, 1.1)    | resids[ 40]=1.68e-01 cf=0.988
ndofs=    434958: ['eta_0^p', 'omega']=(4.602, 0.01)   | resids[ 40]=1.00e-04 cf=0.848
ndofs=    434958: ['eta_0^p', 'omega']=(4.602, 0.062)  | resids[ 40]=1.30e-06 cf=0.762
ndofs=    434958: ['eta_0^p', 'omega']=(4.602, 0.114)  | resids[ 40]=1.76e-08 cf=0.690
ndofs=    434958: ['eta_0^p', 'omega']=(4.602, 0.166)  | resids[ 40]=1.82e-10 cf=0.607
ndofs=    434958: ['eta_0^p', 'omega']=(4.602, 0.218)  | resids[ 39]=8.17e-12 cf=0.550
ndofs=    434958: ['eta_0^p', 'omega']=(4.602, 0.27)   | resids[ 34]=8.17e-12 cf=0.482
ndofs=    434958: ['eta_0^p', 'omega']=(4.602, 0.321)  | resids[ 31]=9.73e-12 cf=0.448
ndofs=    434958: ['eta_0^p', 'omega']=(4.602, 0.373)  | resids[ 30]=6.97e-12 cf=0.440
ndofs=    434958: ['eta_0^p', 'omega']=(4.602, 0.425)  | resids[ 28]=5.93e-12 cf=0.414
ndofs=    434958: ['eta_0^p', 'omega']=(4.602, 0.477)  | resids[ 25]=9.14e-12 cf=0.388
ndofs=    434958: ['eta_0^p', 'omega']=(4.602, 0.529)  | resids[ 24]=3.40e-12 cf=0.349
ndofs=    434958: ['eta_0^p', 'omega']=(4.602, 0.581)  | resids[ 23]=7.97e-12 cf=0.354
ndofs=    434958: ['eta_0^p', 'omega']=(4.602, 0.633)  | resids[ 24]=5.66e-12 cf=0.369
ndofs=    434958: ['eta_0^p', 'omega']=(4.602, 0.685)  | resids[ 24]=9.18e-12 cf=0.380
ndofs=    434958: ['eta_0^p', 'omega']=(4.602, 0.737)  | resids[ 25]=4.91e-12 cf=0.400
ndofs=    434958: ['eta_0^p', 'omega']=(4.602, 0.789)  | resids[ 25]=4.65e-12 cf=0.381
ndofs=    434958: ['eta_0^p', 'omega']=(4.602, 0.84)   | resids[ 25]=4.62e-12 cf=0.367
ndofs=    434958: ['eta_0^p', 'omega']=(4.602, 0.892)  | resids[ 25]=4.44e-12 cf=0.350
ndofs=    434958: ['eta_0^p', 'omega']=(4.602, 0.944)  | resids[ 26]=6.29e-12 cf=0.350
ndofs=    434958: ['eta_0^p', 'omega']=(4.602, 0.996)  | resids[ 40]=7.13e-09 cf=0.656
ndofs=    434958: ['eta_0^p', 'omega']=(4.602, 1.048)  | resids[ 40]=2.49e-02 cf=0.977
ndofs=    434958: ['eta_0^p', 'omega']=(4.602, 1.1)    | resids[ 40]=1.86e-01 cf=0.991
ndofs=    434958: ['eta_0^p', 'omega']=(4.802, 0.01)   | resids[ 40]=1.30e-04 cf=0.846
ndofs=    434958: ['eta_0^p', 'omega']=(4.802, 0.062)  | resids[ 40]=1.93e-06 cf=0.758
ndofs=    434958: ['eta_0^p', 'omega']=(4.802, 0.114)  | resids[ 40]=1.65e-08 cf=0.699
ndofs=    434958: ['eta_0^p', 'omega']=(4.802, 0.166)  | resids[ 40]=2.94e-10 cf=0.634
ndofs=    434958: ['eta_0^p', 'omega']=(4.802, 0.218)  | resids[ 39]=9.56e-12 cf=0.551
ndofs=    434958: ['eta_0^p', 'omega']=(4.802, 0.27)   | resids[ 35]=5.91e-12 cf=0.502
ndofs=    434958: ['eta_0^p', 'omega']=(4.802, 0.321)  | resids[ 31]=9.41e-12 cf=0.449
ndofs=    434958: ['eta_0^p', 'omega']=(4.802, 0.373)  | resids[ 29]=8.76e-12 cf=0.419
ndofs=    434958: ['eta_0^p', 'omega']=(4.802, 0.425)  | resids[ 28]=7.03e-12 cf=0.415
ndofs=    434958: ['eta_0^p', 'omega']=(4.802, 0.477)  | resids[ 26]=5.22e-12 cf=0.380
ndofs=    434958: ['eta_0^p', 'omega']=(4.802, 0.529)  | resids[ 24]=4.62e-12 cf=0.353
ndofs=    434958: ['eta_0^p', 'omega']=(4.802, 0.581)  | resids[ 24]=3.94e-12 cf=0.359
ndofs=    434958: ['eta_0^p', 'omega']=(4.802, 0.633)  | resids[ 24]=7.75e-12 cf=0.383
ndofs=    434958: ['eta_0^p', 'omega']=(4.802, 0.685)  | resids[ 25]=3.59e-12 cf=0.382
ndofs=    434958: ['eta_0^p', 'omega']=(4.802, 0.737)  | resids[ 24]=8.41e-12 cf=0.374
ndofs=    434958: ['eta_0^p', 'omega']=(4.802, 0.789)  | resids[ 24]=9.14e-12 cf=0.380
ndofs=    434958: ['eta_0^p', 'omega']=(4.802, 0.84)   | resids[ 25]=4.27e-12 cf=0.373
ndofs=    434958: ['eta_0^p', 'omega']=(4.802, 0.892)  | resids[ 25]=6.12e-12 cf=0.373
ndofs=    434958: ['eta_0^p', 'omega']=(4.802, 0.944)  | resids[ 27]=4.85e-12 cf=0.361
ndofs=    434958: ['eta_0^p', 'omega']=(4.802, 0.996)  | resids[ 40]=3.65e-08 cf=0.706
ndofs=    434958: ['eta_0^p', 'omega']=(4.802, 1.048)  | resids[ 40]=2.99e-02 cf=0.978
ndofs=    434958: ['eta_0^p', 'omega']=(4.802, 1.1)    | resids[ 40]=2.02e-01 cf=0.992
ndofs=    434958: ['eta_0^p', 'omega']=(5.002, 0.01)   | resids[ 40]=1.44e-04 cf=0.830
ndofs=    434958: ['eta_0^p', 'omega']=(5.002, 0.062)  | resids[ 40]=2.11e-06 cf=0.757
ndofs=    434958: ['eta_0^p', 'omega']=(5.002, 0.114)  | resids[ 40]=3.01e-08 cf=0.689
ndofs=    434958: ['eta_0^p', 'omega']=(5.002, 0.166)  | resids[ 40]=3.51e-10 cf=0.645
ndofs=    434958: ['eta_0^p', 'omega']=(5.002, 0.218)  | resids[ 40]=5.93e-12 cf=0.536
ndofs=    434958: ['eta_0^p', 'omega']=(5.002, 0.27)   | resids[ 35]=6.40e-12 cf=0.479
ndofs=    434958: ['eta_0^p', 'omega']=(5.002, 0.321)  | resids[ 32]=5.38e-12 cf=0.451
ndofs=    434958: ['eta_0^p', 'omega']=(5.002, 0.373)  | resids[ 30]=5.15e-12 cf=0.455
ndofs=    434958: ['eta_0^p', 'omega']=(5.002, 0.425)  | resids[ 28]=8.24e-12 cf=0.416
ndofs=    434958: ['eta_0^p', 'omega']=(5.002, 0.477)  | resids[ 27]=3.95e-12 cf=0.394
ndofs=    434958: ['eta_0^p', 'omega']=(5.002, 0.529)  | resids[ 24]=6.55e-12 cf=0.358
ndofs=    434958: ['eta_0^p', 'omega']=(5.002, 0.581)  | resids[ 24]=6.17e-12 cf=0.367
ndofs=    434958: ['eta_0^p', 'omega']=(5.002, 0.633)  | resids[ 25]=3.25e-12 cf=0.381
ndofs=    434958: ['eta_0^p', 'omega']=(5.002, 0.685)  | resids[ 25]=2.99e-12 cf=0.373
ndofs=    434958: ['eta_0^p', 'omega']=(5.002, 0.737)  | resids[ 24]=6.72e-12 cf=0.367
ndofs=    434958: ['eta_0^p', 'omega']=(5.002, 0.789)  | resids[ 24]=4.96e-12 cf=0.343
ndofs=    434958: ['eta_0^p', 'omega']=(5.002, 0.84)   | resids[ 25]=4.52e-12 cf=0.388
ndofs=    434958: ['eta_0^p', 'omega']=(5.002, 0.892)  | resids[ 25]=4.15e-12 cf=0.354
ndofs=    434958: ['eta_0^p', 'omega']=(5.002, 0.944)  | resids[ 28]=4.52e-12 cf=0.376
ndofs=    434958: ['eta_0^p', 'omega']=(5.002, 0.996)  | resids[ 40]=3.00e-08 cf=0.662
ndofs=    434958: ['eta_0^p', 'omega']=(5.002, 1.048)  | resids[ 40]=2.80e-02 cf=0.977
ndofs=    434958: ['eta_0^p', 'omega']=(5.002, 1.1)    | resids[ 40]=2.21e-01 cf=0.984
ndofs=    434958: ['eta_0^p', 'omega']=(5.201, 0.01)   | resids[ 40]=1.42e-04 cf=0.853
ndofs=    434958: ['eta_0^p', 'omega']=(5.201, 0.062)  | resids[ 40]=2.02e-06 cf=0.744
ndofs=    434958: ['eta_0^p', 'omega']=(5.201, 0.114)  | resids[ 40]=4.67e-08 cf=0.694
ndofs=    434958: ['eta_0^p', 'omega']=(5.201, 0.166)  | resids[ 40]=8.86e-10 cf=0.631
ndofs=    434958: ['eta_0^p', 'omega']=(5.201, 0.218)  | resids[ 40]=1.31e-11 cf=0.558
ndofs=    434958: ['eta_0^p', 'omega']=(5.201, 0.27)   | resids[ 36]=7.16e-12 cf=0.487
ndofs=    434958: ['eta_0^p', 'omega']=(5.201, 0.321)  | resids[ 32]=8.75e-12 cf=0.454
ndofs=    434958: ['eta_0^p', 'omega']=(5.201, 0.373)  | resids[ 30]=7.95e-12 cf=0.455
ndofs=    434958: ['eta_0^p', 'omega']=(5.201, 0.425)  | resids[ 28]=6.85e-12 cf=0.406
ndofs=    434958: ['eta_0^p', 'omega']=(5.201, 0.477)  | resids[ 27]=6.27e-12 cf=0.394
ndofs=    434958: ['eta_0^p', 'omega']=(5.201, 0.529)  | resids[ 25]=3.38e-12 cf=0.364
ndofs=    434958: ['eta_0^p', 'omega']=(5.201, 0.581)  | resids[ 25]=3.60e-12 cf=0.375
ndofs=    434958: ['eta_0^p', 'omega']=(5.201, 0.633)  | resids[ 25]=3.24e-12 cf=0.374
ndofs=    434958: ['eta_0^p', 'omega']=(5.201, 0.685)  | resids[ 24]=5.93e-12 cf=0.344
ndofs=    434958: ['eta_0^p', 'omega']=(5.201, 0.737)  | resids[ 24]=4.07e-12 cf=0.317
ndofs=    434958: ['eta_0^p', 'omega']=(5.201, 0.789)  | resids[ 24]=6.73e-12 cf=0.338
ndofs=    434958: ['eta_0^p', 'omega']=(5.201, 0.84)   | resids[ 25]=3.19e-12 cf=0.358
ndofs=    434958: ['eta_0^p', 'omega']=(5.201, 0.892)  | resids[ 26]=3.00e-12 cf=0.362
ndofs=    434958: ['eta_0^p', 'omega']=(5.201, 0.944)  | resids[ 29]=4.18e-12 cf=0.399
ndofs=    434958: ['eta_0^p', 'omega']=(5.201, 0.996)  | resids[ 40]=8.86e-09 cf=0.556
ndofs=    434958: ['eta_0^p', 'omega']=(5.201, 1.048)  | resids[ 40]=3.60e-02 cf=0.976
ndofs=    434958: ['eta_0^p', 'omega']=(5.201, 1.1)    | resids[ 40]=2.43e-01 cf=0.986
ndofs=    434958: ['eta_0^p', 'omega']=(5.401, 0.01)   | resids[ 40]=1.56e-04 cf=0.866
ndofs=    434958: ['eta_0^p', 'omega']=(5.401, 0.062)  | resids[ 40]=2.27e-06 cf=0.745
ndofs=    434958: ['eta_0^p', 'omega']=(5.401, 0.114)  | resids[ 40]=3.46e-08 cf=0.661
ndofs=    434958: ['eta_0^p', 'omega']=(5.401, 0.166)  | resids[ 40]=1.23e-09 cf=0.621
ndofs=    434958: ['eta_0^p', 'omega']=(5.401, 0.218)  | resids[ 40]=1.87e-11 cf=0.571
ndofs=    434958: ['eta_0^p', 'omega']=(5.401, 0.27)   | resids[ 38]=4.79e-12 cf=0.507
ndofs=    434958: ['eta_0^p', 'omega']=(5.401, 0.321)  | resids[ 33]=5.55e-12 cf=0.462
ndofs=    434958: ['eta_0^p', 'omega']=(5.401, 0.373)  | resids[ 30]=7.13e-12 cf=0.436
ndofs=    434958: ['eta_0^p', 'omega']=(5.401, 0.425)  | resids[ 29]=4.78e-12 cf=0.411
ndofs=    434958: ['eta_0^p', 'omega']=(5.401, 0.477)  | resids[ 28]=4.12e-12 cf=0.397
ndofs=    434958: ['eta_0^p', 'omega']=(5.401, 0.529)  | resids[ 25]=5.62e-12 cf=0.375
ndofs=    434958: ['eta_0^p', 'omega']=(5.401, 0.581)  | resids[ 25]=5.84e-12 cf=0.383
ndofs=    434958: ['eta_0^p', 'omega']=(5.401, 0.633)  | resids[ 24]=7.74e-12 cf=0.336
ndofs=    434958: ['eta_0^p', 'omega']=(5.401, 0.685)  | resids[ 25]=3.11e-12 cf=0.330
ndofs=    434958: ['eta_0^p', 'omega']=(5.401, 0.737)  | resids[ 25]=2.93e-12 cf=0.320
ndofs=    434958: ['eta_0^p', 'omega']=(5.401, 0.789)  | resids[ 25]=3.65e-12 cf=0.337
ndofs=    434958: ['eta_0^p', 'omega']=(5.401, 0.84)   | resids[ 25]=5.25e-12 cf=0.353
ndofs=    434958: ['eta_0^p', 'omega']=(5.401, 0.892)  | resids[ 26]=6.98e-12 cf=0.375
ndofs=    434958: ['eta_0^p', 'omega']=(5.401, 0.944)  | resids[ 30]=4.00e-12 cf=0.408
ndofs=    434958: ['eta_0^p', 'omega']=(5.401, 0.996)  | resids[ 40]=4.09e-08 cf=0.582
ndofs=    434958: ['eta_0^p', 'omega']=(5.401, 1.048)  | resids[ 40]=7.96e-02 cf=0.980
ndofs=    434958: ['eta_0^p', 'omega']=(5.401, 1.1)    | resids[ 40]=2.67e-01 cf=0.985
ndofs=    434958: ['eta_0^p', 'omega']=(5.601, 0.01)   | resids[ 40]=1.65e-04 cf=0.857
ndofs=    434958: ['eta_0^p', 'omega']=(5.601, 0.062)  | resids[ 40]=2.39e-06 cf=0.744
ndofs=    434958: ['eta_0^p', 'omega']=(5.601, 0.114)  | resids[ 40]=6.11e-08 cf=0.703
ndofs=    434958: ['eta_0^p', 'omega']=(5.601, 0.166)  | resids[ 40]=2.02e-09 cf=0.645
ndofs=    434958: ['eta_0^p', 'omega']=(5.601, 0.218)  | resids[ 40]=3.62e-11 cf=0.598
ndofs=    434958: ['eta_0^p', 'omega']=(5.601, 0.27)   | resids[ 38]=7.04e-12 cf=0.508
ndofs=    434958: ['eta_0^p', 'omega']=(5.601, 0.321)  | resids[ 33]=5.46e-12 cf=0.466
ndofs=    434958: ['eta_0^p', 'omega']=(5.601, 0.373)  | resids[ 30]=7.12e-12 cf=0.440
ndofs=    434958: ['eta_0^p', 'omega']=(5.601, 0.425)  | resids[ 29]=7.94e-12 cf=0.419
ndofs=    434958: ['eta_0^p', 'omega']=(5.601, 0.477)  | resids[ 28]=3.62e-12 cf=0.396
ndofs=    434958: ['eta_0^p', 'omega']=(5.601, 0.529)  | resids[ 26]=3.77e-12 cf=0.376
ndofs=    434958: ['eta_0^p', 'omega']=(5.601, 0.581)  | resids[ 26]=3.49e-12 cf=0.383
ndofs=    434958: ['eta_0^p', 'omega']=(5.601, 0.633)  | resids[ 25]=5.29e-12 cf=0.336
ndofs=    434958: ['eta_0^p', 'omega']=(5.601, 0.685)  | resids[ 26]=3.04e-12 cf=0.339
ndofs=    434958: ['eta_0^p', 'omega']=(5.601, 0.737)  | resids[ 25]=7.72e-12 cf=0.334
ndofs=    434958: ['eta_0^p', 'omega']=(5.601, 0.789)  | resids[ 26]=2.92e-12 cf=0.341
ndofs=    434958: ['eta_0^p', 'omega']=(5.601, 0.84)   | resids[ 26]=5.08e-12 cf=0.369
ndofs=    434958: ['eta_0^p', 'omega']=(5.601, 0.892)  | resids[ 27]=5.81e-12 cf=0.380
ndofs=    434958: ['eta_0^p', 'omega']=(5.601, 0.944)  | resids[ 31]=4.18e-12 cf=0.419
ndofs=    434958: ['eta_0^p', 'omega']=(5.601, 0.996)  | resids[ 40]=3.61e-08 cf=0.573
ndofs=    434958: ['eta_0^p', 'omega']=(5.601, 1.048)  | resids[ 40]=1.33e-01 cf=0.987
ndofs=    434958: ['eta_0^p', 'omega']=(5.601, 1.1)    | resids[ 40]=2.82e-01 cf=0.987
ndofs=    434958: ['eta_0^p', 'omega']=(5.8, 0.01)     | resids[ 40]=1.74e-04 cf=0.860
ndofs=    434958: ['eta_0^p', 'omega']=(5.8, 0.062)    | resids[ 40]=2.00e-06 cf=0.735
ndofs=    434958: ['eta_0^p', 'omega']=(5.8, 0.114)    | resids[ 40]=4.82e-08 cf=0.681
ndofs=    434958: ['eta_0^p', 'omega']=(5.8, 0.166)    | resids[ 40]=2.82e-09 cf=0.657
ndofs=    434958: ['eta_0^p', 'omega']=(5.8, 0.218)    | resids[ 40]=9.60e-11 cf=0.582
ndofs=    434958: ['eta_0^p', 'omega']=(5.8, 0.27)     | resids[ 38]=6.96e-12 cf=0.518
ndofs=    434958: ['eta_0^p', 'omega']=(5.8, 0.321)    | resids[ 34]=4.25e-12 cf=0.468
ndofs=    434958: ['eta_0^p', 'omega']=(5.8, 0.373)    | resids[ 31]=4.86e-12 cf=0.452
ndofs=    434958: ['eta_0^p', 'omega']=(5.8, 0.425)    | resids[ 29]=4.29e-12 cf=0.417
ndofs=    434958: ['eta_0^p', 'omega']=(5.8, 0.477)    | resids[ 28]=4.21e-12 cf=0.400
ndofs=    434958: ['eta_0^p', 'omega']=(5.8, 0.529)    | resids[ 26]=6.89e-12 cf=0.387
ndofs=    434958: ['eta_0^p', 'omega']=(5.8, 0.581)    | resids[ 26]=6.17e-12 cf=0.391
ndofs=    434958: ['eta_0^p', 'omega']=(5.8, 0.633)    | resids[ 26]=4.85e-12 cf=0.342
ndofs=    434958: ['eta_0^p', 'omega']=(5.8, 0.685)    | resids[ 27]=3.14e-12 cf=0.344
ndofs=    434958: ['eta_0^p', 'omega']=(5.8, 0.737)    | resids[ 26]=6.38e-12 cf=0.340
ndofs=    434958: ['eta_0^p', 'omega']=(5.8, 0.789)    | resids[ 27]=3.06e-12 cf=0.355
ndofs=    434958: ['eta_0^p', 'omega']=(5.8, 0.84)     | resids[ 27]=5.16e-12 cf=0.378
ndofs=    434958: ['eta_0^p', 'omega']=(5.8, 0.892)    | resids[ 28]=5.27e-12 cf=0.395
ndofs=    434958: ['eta_0^p', 'omega']=(5.8, 0.944)    | resids[ 32]=5.06e-12 cf=0.448
ndofs=    434958: ['eta_0^p', 'omega']=(5.8, 0.996)    | resids[ 40]=1.02e-08 cf=0.589
ndofs=    434958: ['eta_0^p', 'omega']=(5.8, 1.048)    | resids[ 40]=1.49e-01 cf=0.987
ndofs=    434958: ['eta_0^p', 'omega']=(5.8, 1.1)      | resids[ 40]=2.86e-01 cf=0.987
ndofs=    434958: ['eta_0^p', 'omega']=(6.0, 0.01)     | resids[ 40]=1.87e-04 cf=0.868
ndofs=    434958: ['eta_0^p', 'omega']=(6.0, 0.062)    | resids[ 40]=3.58e-06 cf=0.772
ndofs=    434958: ['eta_0^p', 'omega']=(6.0, 0.114)    | resids[ 40]=4.93e-08 cf=0.688
ndofs=    434958: ['eta_0^p', 'omega']=(6.0, 0.166)    | resids[ 40]=2.16e-09 cf=0.692
ndofs=    434958: ['eta_0^p', 'omega']=(6.0, 0.218)    | resids[ 40]=6.27e-11 cf=0.595
ndofs=    434958: ['eta_0^p', 'omega']=(6.0, 0.27)     | resids[ 39]=8.08e-12 cf=0.521
ndofs=    434958: ['eta_0^p', 'omega']=(6.0, 0.321)    | resids[ 35]=5.09e-12 cf=0.471
ndofs=    434958: ['eta_0^p', 'omega']=(6.0, 0.373)    | resids[ 31]=6.24e-12 cf=0.453
ndofs=    434958: ['eta_0^p', 'omega']=(6.0, 0.425)    | resids[ 29]=3.82e-12 cf=0.402
ndofs=    434958: ['eta_0^p', 'omega']=(6.0, 0.477)    | resids[ 28]=3.49e-12 cf=0.406
ndofs=    434958: ['eta_0^p', 'omega']=(6.0, 0.529)    | resids[ 27]=6.26e-12 cf=0.394
ndofs=    434958: ['eta_0^p', 'omega']=(6.0, 0.581)    | resids[ 27]=4.35e-12 cf=0.391
ndofs=    434958: ['eta_0^p', 'omega']=(6.0, 0.633)    | resids[ 27]=5.79e-12 cf=0.362
ndofs=    434958: ['eta_0^p', 'omega']=(6.0, 0.685)    | resids[ 28]=3.38e-12 cf=0.369
ndofs=    434958: ['eta_0^p', 'omega']=(6.0, 0.737)    | resids[ 27]=5.08e-12 cf=0.343
ndofs=    434958: ['eta_0^p', 'omega']=(6.0, 0.789)    | resids[ 28]=3.12e-12 cf=0.371
ndofs=    434958: ['eta_0^p', 'omega']=(6.0, 0.84)     | resids[ 28]=4.85e-12 cf=0.387
ndofs=    434958: ['eta_0^p', 'omega']=(6.0, 0.892)    | resids[ 29]=4.78e-12 cf=0.406
ndofs=    434958: ['eta_0^p', 'omega']=(6.0, 0.944)    | resids[ 34]=4.91e-12 cf=0.512
ndofs=    434958: ['eta_0^p', 'omega']=(6.0, 0.996)    | resids[ 40]=2.12e-08 cf=0.658
ndofs=    434958: ['eta_0^p', 'omega']=(6.0, 1.048)    | resids[ 40]=1.44e-01 cf=0.984
ndofs=    434958: ['eta_0^p', 'omega']=(6.0, 1.1)      | resids[ 40]=2.98e-01 cf=0.990
