ndofs=   1821303: ['\\eta']=(0.3,)    | resids[ 28]=1.27e-08 cf=0.528
ndofs=   1821303: ['\\eta']=(0.314,)  | resids[ 27]=1.48e-08 cf=0.523
ndofs=   1821303: ['\\eta']=(0.329,)  | resids[ 26]=1.79e-08 cf=0.533
ndofs=   1821303: ['\\eta']=(0.343,)  | resids[ 26]=1.12e-08 cf=0.521
ndofs=   1821303: ['\\eta']=(0.358,)  | resids[ 25]=1.30e-08 cf=0.523
ndofs=   1821303: ['\\eta']=(0.372,)  | resids[ 24]=2.06e-08 cf=0.531
ndofs=   1821303: ['\\eta']=(0.387,)  | resids[ 24]=1.31e-08 cf=0.523
ndofs=   1821303: ['\\eta']=(0.401,)  | resids[ 23]=1.59e-08 cf=0.499
ndofs=   1821303: ['\\eta']=(0.416,)  | resids[ 23]=1.00e-08 cf=0.489
ndofs=   1821303: ['\\eta']=(0.43,)   | resids[ 22]=1.61e-08 cf=0.483
ndofs=   1821303: ['\\eta']=(0.445,)  | resids[ 22]=1.05e-08 cf=0.476
ndofs=   1821303: ['\\eta']=(0.459,)  | resids[ 21]=1.34e-08 cf=0.457
ndofs=   1821303: ['\\eta']=(0.474,)  | resids[ 20]=1.74e-08 cf=0.411
ndofs=   1821303: ['\\eta']=(0.488,)  | resids[ 20]=1.20e-08 cf=0.404
ndofs=   1821303: ['\\eta']=(0.503,)  | resids[ 19]=1.65e-08 cf=0.379
ndofs=   1821303: ['\\eta']=(0.517,)  | resids[ 19]=1.13e-08 cf=0.369
ndofs=   1821303: ['\\eta']=(0.532,)  | resids[ 18]=2.14e-08 cf=0.352
ndofs=   1821303: ['\\eta']=(0.546,)  | resids[ 18]=1.51e-08 cf=0.345
ndofs=   1821303: ['\\eta']=(0.561,)  | resids[ 18]=1.04e-08 cf=0.338
ndofs=   1821303: ['\\eta']=(0.575,)  | resids[ 17]=1.79e-08 cf=0.313
ndofs=   1821303: ['\\eta']=(0.59,)   | resids[ 17]=1.23e-08 cf=0.304
ndofs=   1821303: ['\\eta']=(0.604,)  | resids[ 16]=3.03e-08 cf=0.308
ndofs=   1821303: ['\\eta']=(0.619,)  | resids[ 16]=2.14e-08 cf=0.302
ndofs=   1821303: ['\\eta']=(0.633,)  | resids[ 16]=1.53e-08 cf=0.297
ndofs=   1821303: ['\\eta']=(0.648,)  | resids[ 16]=1.05e-08 cf=0.290
ndofs=   1821303: ['\\eta']=(0.662,)  | resids[ 15]=2.50e-08 cf=0.275
ndofs=   1821303: ['\\eta']=(0.677,)  | resids[ 15]=1.80e-08 cf=0.273
ndofs=   1821303: ['\\eta']=(0.691,)  | resids[ 15]=1.33e-08 cf=0.271
ndofs=   1821303: ['\\eta']=(0.706,)  | resids[ 14]=4.10e-08 cf=0.282
ndofs=   1821303: ['\\eta']=(0.72,)   | resids[ 14]=2.90e-08 cf=0.276
ndofs=   1821303: ['\\eta']=(0.735,)  | resids[ 14]=1.98e-08 cf=0.270
ndofs=   1821303: ['\\eta']=(0.749,)  | resids[ 14]=1.37e-08 cf=0.264
ndofs=   1821303: ['\\eta']=(0.764,)  | resids[ 13]=4.58e-08 cf=0.269
ndofs=   1821303: ['\\eta']=(0.778,)  | resids[ 13]=3.31e-08 cf=0.263
ndofs=   1821303: ['\\eta']=(0.793,)  | resids[ 13]=2.24e-08 cf=0.255
ndofs=   1821303: ['\\eta']=(0.807,)  | resids[ 13]=1.49e-08 cf=0.247
ndofs=   1821303: ['\\eta']=(0.822,)  | resids[ 12]=4.04e-08 cf=0.241
ndofs=   1821303: ['\\eta']=(0.836,)  | resids[ 12]=2.77e-08 cf=0.233
ndofs=   1821303: ['\\eta']=(0.851,)  | resids[ 12]=1.83e-08 cf=0.225
ndofs=   1821303: ['\\eta']=(0.865,)  | resids[ 12]=1.24e-08 cf=0.217
ndofs=   1821303: ['\\eta']=(0.88,)   | resids[ 11]=3.87e-08 cf=0.205
ndofs=   1821303: ['\\eta']=(0.894,)  | resids[ 11]=2.62e-08 cf=0.197
ndofs=   1821303: ['\\eta']=(0.909,)  | resids[ 11]=1.76e-08 cf=0.190
ndofs=   1821303: ['\\eta']=(0.923,)  | resids[ 11]=1.22e-08 cf=0.184
ndofs=   1821303: ['\\eta']=(0.938,)  | resids[ 10]=4.50e-08 cf=0.178
ndofs=   1821303: ['\\eta']=(0.952,)  | resids[ 10]=3.19e-08 cf=0.172
ndofs=   1821303: ['\\eta']=(0.967,)  | resids[ 10]=2.22e-08 cf=0.164
ndofs=   1821303: ['\\eta']=(0.981,)  | resids[ 10]=1.66e-08 cf=0.159
ndofs=   1821303: ['\\eta']=(0.996,)  | resids[ 10]=1.29e-08 cf=0.155
ndofs=   1821303: ['\\eta']=(1.01,)   | resids[ 10]=1.01e-08 cf=0.151
ndofs=   1821303: ['\\eta']=(1.025,)  | resids[  9]=5.25e-08 cf=0.145
ndofs=   1821303: ['\\eta']=(1.039,)  | resids[  9]=4.22e-08 cf=0.141
ndofs=   1821303: ['\\eta']=(1.054,)  | resids[  9]=3.30e-08 cf=0.136
ndofs=   1821303: ['\\eta']=(1.068,)  | resids[  9]=2.58e-08 cf=0.131
ndofs=   1821303: ['\\eta']=(1.083,)  | resids[  9]=1.99e-08 cf=0.127
ndofs=   1821303: ['\\eta']=(1.097,)  | resids[  9]=1.65e-08 cf=0.125
ndofs=   1821303: ['\\eta']=(1.112,)  | resids[  9]=1.55e-08 cf=0.125
ndofs=   1821303: ['\\eta']=(1.126,)  | resids[  9]=1.51e-08 cf=0.126
ndofs=   1821303: ['\\eta']=(1.141,)  | resids[  9]=1.41e-08 cf=0.125
ndofs=   1821303: ['\\eta']=(1.155,)  | resids[  9]=1.35e-08 cf=0.124
ndofs=   1821303: ['\\eta']=(1.17,)   | resids[  9]=1.36e-08 cf=0.122
ndofs=   1821303: ['\\eta']=(1.184,)  | resids[  9]=1.38e-08 cf=0.119
ndofs=   1821303: ['\\eta']=(1.199,)  | resids[  9]=1.51e-08 cf=0.117
ndofs=   1821303: ['\\eta']=(1.213,)  | resids[  9]=1.82e-08 cf=0.116
ndofs=   1821303: ['\\eta']=(1.228,)  | resids[  9]=2.17e-08 cf=0.115
ndofs=   1821303: ['\\eta']=(1.242,)  | resids[  9]=2.33e-08 cf=0.113
ndofs=   1821303: ['\\eta']=(1.257,)  | resids[  9]=2.43e-08 cf=0.109
ndofs=   1821303: ['\\eta']=(1.271,)  | resids[  9]=2.65e-08 cf=0.107
ndofs=   1821303: ['\\eta']=(1.286,)  | resids[  9]=3.03e-08 cf=0.106
ndofs=   1821303: ['\\eta']=(1.3,)    | resids[  9]=3.46e-08 cf=0.105
