ndofs=   3861552: ['eta_0^p', 'omega']=(0.01, 0.01)    | resids[ 40]=1.05e-02 cf=0.969
ndofs=   3861552: ['eta_0^p', 'omega']=(0.01, 0.067)   | resids[ 40]=5.06e-02 cf=0.994
ndofs=   3861552: ['eta_0^p', 'omega']=(0.01, 0.125)   | resids[ 40]=7.24e-02 cf=0.985
ndofs=   3861552: ['eta_0^p', 'omega']=(0.01, 0.182)   | resids[ 40]=8.90e-02 cf=0.994
ndofs=   3861552: ['eta_0^p', 'omega']=(0.01, 0.239)   | resids[ 40]=1.01e-01 cf=0.993
ndofs=   3861552: ['eta_0^p', 'omega']=(0.01, 0.297)   | resids[ 40]=1.08e-01 cf=0.997
ndofs=   3861552: ['eta_0^p', 'omega']=(0.01, 0.354)   | resids[ 40]=1.13e-01 cf=0.995
ndofs=   3861552: ['eta_0^p', 'omega']=(0.01, 0.412)   | resids[ 40]=1.18e-01 cf=0.996
ndofs=   3861552: ['eta_0^p', 'omega']=(0.01, 0.469)   | resids[ 40]=1.18e-01 cf=0.997
ndofs=   3861552: ['eta_0^p', 'omega']=(0.01, 0.526)   | resids[ 40]=1.19e-01 cf=0.998
ndofs=   3861552: ['eta_0^p', 'omega']=(0.01, 0.584)   | resids[ 40]=1.20e-01 cf=0.999
ndofs=   3861552: ['eta_0^p', 'omega']=(0.01, 0.641)   | resids[ 40]=1.20e-01 cf=0.998
ndofs=   3861552: ['eta_0^p', 'omega']=(0.01, 0.698)   | resids[ 40]=1.21e-01 cf=0.997
ndofs=   3861552: ['eta_0^p', 'omega']=(0.01, 0.756)   | resids[ 40]=1.22e-01 cf=0.997
ndofs=   3861552: ['eta_0^p', 'omega']=(0.01, 0.813)   | resids[ 40]=1.22e-01 cf=0.996
ndofs=   3861552: ['eta_0^p', 'omega']=(0.01, 0.871)   | resids[ 40]=1.23e-01 cf=0.997
ndofs=   3861552: ['eta_0^p', 'omega']=(0.01, 0.928)   | resids[ 40]=1.22e-01 cf=0.999
ndofs=   3861552: ['eta_0^p', 'omega']=(0.01, 0.985)   | resids[ 40]=1.23e-01 cf=0.999
ndofs=   3861552: ['eta_0^p', 'omega']=(0.01, 1.043)   | resids[ 40]=1.41e-01 cf=0.996
ndofs=   3861552: ['eta_0^p', 'omega']=(0.01, 1.1)     | resids[ 40]=2.96e-01 cf=1.000
ndofs=   3861552: ['eta_0^p', 'omega']=(0.431, 0.01)   | resids[ 40]=1.62e-04 cf=0.900
ndofs=   3861552: ['eta_0^p', 'omega']=(0.431, 0.067)  | resids[ 40]=1.83e-05 cf=0.770
ndofs=   3861552: ['eta_0^p', 'omega']=(0.431, 0.125)  | resids[ 40]=7.18e-06 cf=0.765
ndofs=   3861552: ['eta_0^p', 'omega']=(0.431, 0.182)  | resids[ 40]=5.67e-06 cf=0.736
ndofs=   3861552: ['eta_0^p', 'omega']=(0.431, 0.239)  | resids[ 40]=4.73e-06 cf=0.730
ndofs=   3861552: ['eta_0^p', 'omega']=(0.431, 0.297)  | resids[ 40]=4.74e-06 cf=0.745
ndofs=   3861552: ['eta_0^p', 'omega']=(0.431, 0.354)  | resids[ 40]=5.63e-06 cf=0.758
ndofs=   3861552: ['eta_0^p', 'omega']=(0.431, 0.412)  | resids[ 40]=7.27e-06 cf=0.775
ndofs=   3861552: ['eta_0^p', 'omega']=(0.431, 0.469)  | resids[ 40]=1.12e-05 cf=0.807
ndofs=   3861552: ['eta_0^p', 'omega']=(0.431, 0.526)  | resids[ 40]=1.94e-05 cf=0.855
ndofs=   3861552: ['eta_0^p', 'omega']=(0.431, 0.584)  | resids[ 40]=3.17e-05 cf=0.871
ndofs=   3861552: ['eta_0^p', 'omega']=(0.431, 0.641)  | resids[ 40]=4.67e-05 cf=0.858
ndofs=   3861552: ['eta_0^p', 'omega']=(0.431, 0.698)  | resids[ 40]=6.95e-05 cf=0.852
ndofs=   3861552: ['eta_0^p', 'omega']=(0.431, 0.756)  | resids[ 40]=1.07e-04 cf=0.859
ndofs=   3861552: ['eta_0^p', 'omega']=(0.431, 0.813)  | resids[ 40]=1.63e-04 cf=0.872
ndofs=   3861552: ['eta_0^p', 'omega']=(0.431, 0.871)  | resids[ 40]=2.45e-04 cf=0.886
ndofs=   3861552: ['eta_0^p', 'omega']=(0.431, 0.928)  | resids[ 40]=3.68e-04 cf=0.900
ndofs=   3861552: ['eta_0^p', 'omega']=(0.431, 0.985)  | resids[ 40]=5.71e-04 cf=0.914
ndofs=   3861552: ['eta_0^p', 'omega']=(0.431, 1.043)  | resids[ 40]=1.02e-03 cf=0.930
ndofs=   3861552: ['eta_0^p', 'omega']=(0.431, 1.1)    | resids[ 40]=1.85e-01 cf=0.984
ndofs=   3861552: ['eta_0^p', 'omega']=(0.851, 0.01)   | resids[ 40]=1.12e-04 cf=0.922
ndofs=   3861552: ['eta_0^p', 'omega']=(0.851, 0.067)  | resids[ 40]=6.85e-06 cf=0.777
ndofs=   3861552: ['eta_0^p', 'omega']=(0.851, 0.125)  | resids[ 40]=4.17e-07 cf=0.687
ndofs=   3861552: ['eta_0^p', 'omega']=(0.851, 0.182)  | resids[ 40]=5.74e-08 cf=0.662
ndofs=   3861552: ['eta_0^p', 'omega']=(0.851, 0.239)  | resids[ 40]=2.47e-08 cf=0.631
ndofs=   3861552: ['eta_0^p', 'omega']=(0.851, 0.297)  | resids[ 40]=1.68e-08 cf=0.644
ndofs=   3861552: ['eta_0^p', 'omega']=(0.851, 0.354)  | resids[ 40]=1.31e-08 cf=0.645
ndofs=   3861552: ['eta_0^p', 'omega']=(0.851, 0.412)  | resids[ 40]=1.24e-08 cf=0.649
ndofs=   3861552: ['eta_0^p', 'omega']=(0.851, 0.469)  | resids[ 40]=1.54e-08 cf=0.674
ndofs=   3861552: ['eta_0^p', 'omega']=(0.851, 0.526)  | resids[ 40]=2.14e-08 cf=0.700
ndofs=   3861552: ['eta_0^p', 'omega']=(0.851, 0.584)  | resids[ 40]=2.65e-08 cf=0.679
ndofs=   3861552: ['eta_0^p', 'omega']=(0.851, 0.641)  | resids[ 40]=3.37e-08 cf=0.657
ndofs=   3861552: ['eta_0^p', 'omega']=(0.851, 0.698)  | resids[ 40]=4.38e-08 cf=0.653
ndofs=   3861552: ['eta_0^p', 'omega']=(0.851, 0.756)  | resids[ 40]=6.34e-08 cf=0.671
ndofs=   3861552: ['eta_0^p', 'omega']=(0.851, 0.813)  | resids[ 40]=8.78e-08 cf=0.683
ndofs=   3861552: ['eta_0^p', 'omega']=(0.851, 0.871)  | resids[ 40]=1.25e-07 cf=0.695
ndofs=   3861552: ['eta_0^p', 'omega']=(0.851, 0.928)  | resids[ 40]=1.98e-07 cf=0.706
ndofs=   3861552: ['eta_0^p', 'omega']=(0.851, 0.985)  | resids[ 40]=3.66e-07 cf=0.714
ndofs=   3861552: ['eta_0^p', 'omega']=(0.851, 1.043)  | resids[ 40]=6.69e-07 cf=0.712
ndofs=   3861552: ['eta_0^p', 'omega']=(0.851, 1.1)    | resids[ 40]=8.85e-02 cf=0.988
ndofs=   3861552: ['eta_0^p', 'omega']=(1.272, 0.01)   | resids[ 40]=8.31e-05 cf=0.916
ndofs=   3861552: ['eta_0^p', 'omega']=(1.272, 0.067)  | resids[ 40]=4.00e-06 cf=0.773
ndofs=   3861552: ['eta_0^p', 'omega']=(1.272, 0.125)  | resids[ 40]=3.05e-07 cf=0.714
ndofs=   3861552: ['eta_0^p', 'omega']=(1.272, 0.182)  | resids[ 40]=2.56e-08 cf=0.652
ndofs=   3861552: ['eta_0^p', 'omega']=(1.272, 0.239)  | resids[ 37]=1.21e-08 cf=0.624
ndofs=   3861552: ['eta_0^p', 'omega']=(1.272, 0.297)  | resids[ 33]=1.56e-08 cf=0.578
ndofs=   3861552: ['eta_0^p', 'omega']=(1.272, 0.354)  | resids[ 32]=1.31e-08 cf=0.561
ndofs=   3861552: ['eta_0^p', 'omega']=(1.272, 0.412)  | resids[ 31]=1.42e-08 cf=0.547
ndofs=   3861552: ['eta_0^p', 'omega']=(1.272, 0.469)  | resids[ 31]=1.15e-08 cf=0.559
ndofs=   3861552: ['eta_0^p', 'omega']=(1.272, 0.526)  | resids[ 31]=1.22e-08 cf=0.571
ndofs=   3861552: ['eta_0^p', 'omega']=(1.272, 0.584)  | resids[ 31]=1.38e-08 cf=0.579
ndofs=   3861552: ['eta_0^p', 'omega']=(1.272, 0.641)  | resids[ 31]=1.66e-08 cf=0.585
ndofs=   3861552: ['eta_0^p', 'omega']=(1.272, 0.698)  | resids[ 32]=1.17e-08 cf=0.593
ndofs=   3861552: ['eta_0^p', 'omega']=(1.272, 0.756)  | resids[ 32]=1.57e-08 cf=0.618
ndofs=   3861552: ['eta_0^p', 'omega']=(1.272, 0.813)  | resids[ 33]=1.11e-08 cf=0.621
ndofs=   3861552: ['eta_0^p', 'omega']=(1.272, 0.871)  | resids[ 33]=1.37e-08 cf=0.615
ndofs=   3861552: ['eta_0^p', 'omega']=(1.272, 0.928)  | resids[ 34]=1.24e-08 cf=0.598
ndofs=   3861552: ['eta_0^p', 'omega']=(1.272, 0.985)  | resids[ 35]=1.32e-08 cf=0.597
ndofs=   3861552: ['eta_0^p', 'omega']=(1.272, 1.043)  | resids[ 37]=1.17e-08 cf=0.605
ndofs=   3861552: ['eta_0^p', 'omega']=(1.272, 1.1)    | resids[ 40]=4.69e-02 cf=0.994
ndofs=   3861552: ['eta_0^p', 'omega']=(1.692, 0.01)   | resids[ 40]=7.15e-05 cf=0.912
ndofs=   3861552: ['eta_0^p', 'omega']=(1.692, 0.067)  | resids[ 40]=3.09e-06 cf=0.773
ndofs=   3861552: ['eta_0^p', 'omega']=(1.692, 0.125)  | resids[ 40]=2.25e-07 cf=0.725
ndofs=   3861552: ['eta_0^p', 'omega']=(1.692, 0.182)  | resids[ 40]=2.12e-08 cf=0.683
ndofs=   3861552: ['eta_0^p', 'omega']=(1.692, 0.239)  | resids[ 36]=1.19e-08 cf=0.624
ndofs=   3861552: ['eta_0^p', 'omega']=(1.692, 0.297)  | resids[ 32]=1.25e-08 cf=0.557
ndofs=   3861552: ['eta_0^p', 'omega']=(1.692, 0.354)  | resids[ 29]=1.42e-08 cf=0.521
ndofs=   3861552: ['eta_0^p', 'omega']=(1.692, 0.412)  | resids[ 27]=1.43e-08 cf=0.521
ndofs=   3861552: ['eta_0^p', 'omega']=(1.692, 0.469)  | resids[ 26]=1.10e-08 cf=0.481
ndofs=   3861552: ['eta_0^p', 'omega']=(1.692, 0.526)  | resids[ 25]=2.02e-08 cf=0.506
ndofs=   3861552: ['eta_0^p', 'omega']=(1.692, 0.584)  | resids[ 26]=1.04e-08 cf=0.492
ndofs=   3861552: ['eta_0^p', 'omega']=(1.692, 0.641)  | resids[ 26]=1.17e-08 cf=0.497
ndofs=   3861552: ['eta_0^p', 'omega']=(1.692, 0.698)  | resids[ 26]=1.36e-08 cf=0.500
ndofs=   3861552: ['eta_0^p', 'omega']=(1.692, 0.756)  | resids[ 26]=1.59e-08 cf=0.505
ndofs=   3861552: ['eta_0^p', 'omega']=(1.692, 0.813)  | resids[ 27]=1.09e-08 cf=0.524
ndofs=   3861552: ['eta_0^p', 'omega']=(1.692, 0.871)  | resids[ 27]=1.42e-08 cf=0.531
ndofs=   3861552: ['eta_0^p', 'omega']=(1.692, 0.928)  | resids[ 28]=1.17e-08 cf=0.545
ndofs=   3861552: ['eta_0^p', 'omega']=(1.692, 0.985)  | resids[ 29]=1.24e-08 cf=0.571
ndofs=   3861552: ['eta_0^p', 'omega']=(1.692, 1.043)  | resids[ 31]=1.11e-08 cf=0.600
ndofs=   3861552: ['eta_0^p', 'omega']=(1.692, 1.1)    | resids[ 40]=4.04e-02 cf=0.992
ndofs=   3861552: ['eta_0^p', 'omega']=(2.113, 0.01)   | resids[ 40]=6.51e-05 cf=0.908
ndofs=   3861552: ['eta_0^p', 'omega']=(2.113, 0.067)  | resids[ 40]=2.76e-06 cf=0.777
ndofs=   3861552: ['eta_0^p', 'omega']=(2.113, 0.125)  | resids[ 40]=2.06e-07 cf=0.742
ndofs=   3861552: ['eta_0^p', 'omega']=(2.113, 0.182)  | resids[ 40]=1.87e-08 cf=0.690
ndofs=   3861552: ['eta_0^p', 'omega']=(2.113, 0.239)  | resids[ 35]=1.36e-08 cf=0.612
ndofs=   3861552: ['eta_0^p', 'omega']=(2.113, 0.297)  | resids[ 31]=1.71e-08 cf=0.582
ndofs=   3861552: ['eta_0^p', 'omega']=(2.113, 0.354)  | resids[ 28]=1.74e-08 cf=0.556
ndofs=   3861552: ['eta_0^p', 'omega']=(2.113, 0.412)  | resids[ 26]=1.29e-08 cf=0.520
ndofs=   3861552: ['eta_0^p', 'omega']=(2.113, 0.469)  | resids[ 24]=1.55e-08 cf=0.497
ndofs=   3861552: ['eta_0^p', 'omega']=(2.113, 0.526)  | resids[ 23]=1.57e-08 cf=0.487
ndofs=   3861552: ['eta_0^p', 'omega']=(2.113, 0.584)  | resids[ 22]=2.03e-08 cf=0.467
ndofs=   3861552: ['eta_0^p', 'omega']=(2.113, 0.641)  | resids[ 23]=1.01e-08 cf=0.454
ndofs=   3861552: ['eta_0^p', 'omega']=(2.113, 0.698)  | resids[ 23]=1.67e-08 cf=0.467
ndofs=   3861552: ['eta_0^p', 'omega']=(2.113, 0.756)  | resids[ 24]=1.40e-08 cf=0.489
ndofs=   3861552: ['eta_0^p', 'omega']=(2.113, 0.813)  | resids[ 25]=1.20e-08 cf=0.504
ndofs=   3861552: ['eta_0^p', 'omega']=(2.113, 0.871)  | resids[ 26]=1.53e-08 cf=0.538
ndofs=   3861552: ['eta_0^p', 'omega']=(2.113, 0.928)  | resids[ 28]=1.15e-08 cf=0.564
ndofs=   3861552: ['eta_0^p', 'omega']=(2.113, 0.985)  | resids[ 29]=1.63e-08 cf=0.579
ndofs=   3861552: ['eta_0^p', 'omega']=(2.113, 1.043)  | resids[ 32]=1.13e-08 cf=0.596
ndofs=   3861552: ['eta_0^p', 'omega']=(2.113, 1.1)    | resids[ 40]=4.22e-02 cf=0.992
ndofs=   3861552: ['eta_0^p', 'omega']=(2.533, 0.01)   | resids[ 40]=6.00e-05 cf=0.901
ndofs=   3861552: ['eta_0^p', 'omega']=(2.533, 0.067)  | resids[ 40]=2.75e-06 cf=0.782
ndofs=   3861552: ['eta_0^p', 'omega']=(2.533, 0.125)  | resids[ 40]=1.88e-07 cf=0.728
ndofs=   3861552: ['eta_0^p', 'omega']=(2.533, 0.182)  | resids[ 40]=1.85e-08 cf=0.686
ndofs=   3861552: ['eta_0^p', 'omega']=(2.533, 0.239)  | resids[ 35]=1.31e-08 cf=0.607
ndofs=   3861552: ['eta_0^p', 'omega']=(2.533, 0.297)  | resids[ 31]=1.58e-08 cf=0.594
ndofs=   3861552: ['eta_0^p', 'omega']=(2.533, 0.354)  | resids[ 28]=1.31e-08 cf=0.546
ndofs=   3861552: ['eta_0^p', 'omega']=(2.533, 0.412)  | resids[ 25]=1.68e-08 cf=0.532
ndofs=   3861552: ['eta_0^p', 'omega']=(2.533, 0.469)  | resids[ 23]=1.81e-08 cf=0.496
ndofs=   3861552: ['eta_0^p', 'omega']=(2.533, 0.526)  | resids[ 22]=1.52e-08 cf=0.475
ndofs=   3861552: ['eta_0^p', 'omega']=(2.533, 0.584)  | resids[ 22]=1.04e-08 cf=0.454
ndofs=   3861552: ['eta_0^p', 'omega']=(2.533, 0.641)  | resids[ 22]=1.70e-08 cf=0.469
ndofs=   3861552: ['eta_0^p', 'omega']=(2.533, 0.698)  | resids[ 23]=1.72e-08 cf=0.493
ndofs=   3861552: ['eta_0^p', 'omega']=(2.533, 0.756)  | resids[ 25]=1.52e-08 cf=0.527
ndofs=   3861552: ['eta_0^p', 'omega']=(2.533, 0.813)  | resids[ 28]=1.19e-08 cf=0.552
ndofs=   3861552: ['eta_0^p', 'omega']=(2.533, 0.871)  | resids[ 31]=1.52e-08 cf=0.594
ndofs=   3861552: ['eta_0^p', 'omega']=(2.533, 0.928)  | resids[ 35]=1.48e-08 cf=0.652
ndofs=   3861552: ['eta_0^p', 'omega']=(2.533, 0.985)  | resids[ 40]=1.09e-08 cf=0.686
ndofs=   3861552: ['eta_0^p', 'omega']=(2.533, 1.043)  | resids[ 40]=6.20e-08 cf=0.715
ndofs=   3861552: ['eta_0^p', 'omega']=(2.533, 1.1)    | resids[ 40]=4.19e-02 cf=0.996
ndofs=   3861552: ['eta_0^p', 'omega']=(2.954, 0.01)   | resids[ 40]=5.89e-05 cf=0.900
ndofs=   3861552: ['eta_0^p', 'omega']=(2.954, 0.067)  | resids[ 40]=2.97e-06 cf=0.784
ndofs=   3861552: ['eta_0^p', 'omega']=(2.954, 0.125)  | resids[ 40]=2.35e-07 cf=0.737
ndofs=   3861552: ['eta_0^p', 'omega']=(2.954, 0.182)  | resids[ 40]=2.15e-08 cf=0.700
ndofs=   3861552: ['eta_0^p', 'omega']=(2.954, 0.239)  | resids[ 35]=1.46e-08 cf=0.611
ndofs=   3861552: ['eta_0^p', 'omega']=(2.954, 0.297)  | resids[ 31]=1.58e-08 cf=0.595
ndofs=   3861552: ['eta_0^p', 'omega']=(2.954, 0.354)  | resids[ 28]=1.17e-08 cf=0.546
ndofs=   3861552: ['eta_0^p', 'omega']=(2.954, 0.412)  | resids[ 25]=1.62e-08 cf=0.546
ndofs=   3861552: ['eta_0^p', 'omega']=(2.954, 0.469)  | resids[ 23]=1.55e-08 cf=0.494
ndofs=   3861552: ['eta_0^p', 'omega']=(2.954, 0.526)  | resids[ 22]=1.43e-08 cf=0.479
ndofs=   3861552: ['eta_0^p', 'omega']=(2.954, 0.584)  | resids[ 22]=1.62e-08 cf=0.489
ndofs=   3861552: ['eta_0^p', 'omega']=(2.954, 0.641)  | resids[ 23]=1.78e-08 cf=0.506
ndofs=   3861552: ['eta_0^p', 'omega']=(2.954, 0.698)  | resids[ 26]=1.11e-08 cf=0.547
ndofs=   3861552: ['eta_0^p', 'omega']=(2.954, 0.756)  | resids[ 29]=1.51e-08 cf=0.584
ndofs=   3861552: ['eta_0^p', 'omega']=(2.954, 0.813)  | resids[ 36]=1.04e-08 cf=0.644
ndofs=   3861552: ['eta_0^p', 'omega']=(2.954, 0.871)  | resids[ 40]=6.19e-08 cf=0.716
ndofs=   3861552: ['eta_0^p', 'omega']=(2.954, 0.928)  | resids[ 40]=1.06e-06 cf=0.775
ndofs=   3861552: ['eta_0^p', 'omega']=(2.954, 0.985)  | resids[ 40]=1.04e-05 cf=0.826
ndofs=   3861552: ['eta_0^p', 'omega']=(2.954, 1.043)  | resids[ 40]=6.86e-05 cf=0.872
ndofs=   3861552: ['eta_0^p', 'omega']=(2.954, 1.1)    | resids[ 40]=4.27e-02 cf=0.997
ndofs=   3861552: ['eta_0^p', 'omega']=(3.374, 0.01)   | resids[ 40]=6.13e-05 cf=0.905
ndofs=   3861552: ['eta_0^p', 'omega']=(3.374, 0.067)  | resids[ 40]=3.70e-06 cf=0.794
ndofs=   3861552: ['eta_0^p', 'omega']=(3.374, 0.125)  | resids[ 40]=3.04e-07 cf=0.754
ndofs=   3861552: ['eta_0^p', 'omega']=(3.374, 0.182)  | resids[ 40]=2.57e-08 cf=0.693
ndofs=   3861552: ['eta_0^p', 'omega']=(3.374, 0.239)  | resids[ 36]=1.25e-08 cf=0.637
ndofs=   3861552: ['eta_0^p', 'omega']=(3.374, 0.297)  | resids[ 31]=1.79e-08 cf=0.592
ndofs=   3861552: ['eta_0^p', 'omega']=(3.374, 0.354)  | resids[ 28]=1.54e-08 cf=0.560
ndofs=   3861552: ['eta_0^p', 'omega']=(3.374, 0.412)  | resids[ 26]=1.22e-08 cf=0.547
ndofs=   3861552: ['eta_0^p', 'omega']=(3.374, 0.469)  | resids[ 24]=1.23e-08 cf=0.527
ndofs=   3861552: ['eta_0^p', 'omega']=(3.374, 0.526)  | resids[ 23]=1.55e-08 cf=0.522
ndofs=   3861552: ['eta_0^p', 'omega']=(3.374, 0.584)  | resids[ 24]=1.07e-08 cf=0.525
ndofs=   3861552: ['eta_0^p', 'omega']=(3.374, 0.641)  | resids[ 25]=1.66e-08 cf=0.554
ndofs=   3861552: ['eta_0^p', 'omega']=(3.374, 0.698)  | resids[ 29]=1.21e-08 cf=0.589
ndofs=   3861552: ['eta_0^p', 'omega']=(3.374, 0.756)  | resids[ 36]=1.09e-08 cf=0.645
ndofs=   3861552: ['eta_0^p', 'omega']=(3.374, 0.813)  | resids[ 40]=2.41e-07 cf=0.737
ndofs=   3861552: ['eta_0^p', 'omega']=(3.374, 0.871)  | resids[ 40]=2.04e-05 cf=0.839
ndofs=   3861552: ['eta_0^p', 'omega']=(3.374, 0.928)  | resids[ 40]=6.51e-04 cf=0.933
ndofs=   3861552: ['eta_0^p', 'omega']=(3.374, 0.985)  | resids[ 40]=4.83e-03 cf=0.985
ndofs=   3861552: ['eta_0^p', 'omega']=(3.374, 1.043)  | resids[ 40]=1.13e-02 cf=0.996
ndofs=   3861552: ['eta_0^p', 'omega']=(3.374, 1.1)    | resids[ 40]=5.41e-02 cf=0.993
ndofs=   3861552: ['eta_0^p', 'omega']=(3.795, 0.01)   | resids[ 40]=6.31e-05 cf=0.901
ndofs=   3861552: ['eta_0^p', 'omega']=(3.795, 0.067)  | resids[ 40]=4.56e-06 cf=0.797
ndofs=   3861552: ['eta_0^p', 'omega']=(3.795, 0.125)  | resids[ 40]=4.51e-07 cf=0.773
ndofs=   3861552: ['eta_0^p', 'omega']=(3.795, 0.182)  | resids[ 40]=3.82e-08 cf=0.722
ndofs=   3861552: ['eta_0^p', 'omega']=(3.795, 0.239)  | resids[ 37]=1.19e-08 cf=0.664
ndofs=   3861552: ['eta_0^p', 'omega']=(3.795, 0.297)  | resids[ 32]=1.31e-08 cf=0.599
ndofs=   3861552: ['eta_0^p', 'omega']=(3.795, 0.354)  | resids[ 29]=1.20e-08 cf=0.573
ndofs=   3861552: ['eta_0^p', 'omega']=(3.795, 0.412)  | resids[ 26]=1.84e-08 cf=0.565
ndofs=   3861552: ['eta_0^p', 'omega']=(3.795, 0.469)  | resids[ 25]=1.26e-08 cf=0.557
ndofs=   3861552: ['eta_0^p', 'omega']=(3.795, 0.526)  | resids[ 24]=1.65e-08 cf=0.543
ndofs=   3861552: ['eta_0^p', 'omega']=(3.795, 0.584)  | resids[ 25]=1.66e-08 cf=0.561
ndofs=   3861552: ['eta_0^p', 'omega']=(3.795, 0.641)  | resids[ 28]=1.10e-08 cf=0.584
ndofs=   3861552: ['eta_0^p', 'omega']=(3.795, 0.698)  | resids[ 33]=1.08e-08 cf=0.625
ndofs=   3861552: ['eta_0^p', 'omega']=(3.795, 0.756)  | resids[ 40]=6.55e-08 cf=0.712
ndofs=   3861552: ['eta_0^p', 'omega']=(3.795, 0.813)  | resids[ 40]=1.91e-05 cf=0.832
ndofs=   3861552: ['eta_0^p', 'omega']=(3.795, 0.871)  | resids[ 40]=2.61e-03 cf=0.968
ndofs=   3861552: ['eta_0^p', 'omega']=(3.795, 0.928)  | resids[ 40]=1.79e-02 cf=0.999
ndofs=   3861552: ['eta_0^p', 'omega']=(3.795, 0.985)  | resids[ 40]=3.51e-02 cf=0.999
ndofs=   3861552: ['eta_0^p', 'omega']=(3.795, 1.043)  | resids[ 40]=6.11e-02 cf=1.000
ndofs=   3861552: ['eta_0^p', 'omega']=(3.795, 1.1)    | resids[ 40]=1.81e-01 cf=1.000
ndofs=   3861552: ['eta_0^p', 'omega']=(4.215, 0.01)   | resids[ 40]=6.52e-05 cf=0.906
ndofs=   3861552: ['eta_0^p', 'omega']=(4.215, 0.067)  | resids[ 40]=6.06e-06 cf=0.814
ndofs=   3861552: ['eta_0^p', 'omega']=(4.215, 0.125)  | resids[ 40]=5.83e-07 cf=0.783
ndofs=   3861552: ['eta_0^p', 'omega']=(4.215, 0.182)  | resids[ 40]=4.76e-08 cf=0.700
ndofs=   3861552: ['eta_0^p', 'omega']=(4.215, 0.239)  | resids[ 38]=1.17e-08 cf=0.676
ndofs=   3861552: ['eta_0^p', 'omega']=(4.215, 0.297)  | resids[ 33]=1.05e-08 cf=0.601
ndofs=   3861552: ['eta_0^p', 'omega']=(4.215, 0.354)  | resids[ 30]=1.02e-08 cf=0.582
ndofs=   3861552: ['eta_0^p', 'omega']=(4.215, 0.412)  | resids[ 27]=1.60e-08 cf=0.566
ndofs=   3861552: ['eta_0^p', 'omega']=(4.215, 0.469)  | resids[ 26]=1.22e-08 cf=0.562
ndofs=   3861552: ['eta_0^p', 'omega']=(4.215, 0.526)  | resids[ 26]=1.07e-08 cf=0.563
ndofs=   3861552: ['eta_0^p', 'omega']=(4.215, 0.584)  | resids[ 27]=1.29e-08 cf=0.567
ndofs=   3861552: ['eta_0^p', 'omega']=(4.215, 0.641)  | resids[ 30]=1.44e-08 cf=0.592
ndofs=   3861552: ['eta_0^p', 'omega']=(4.215, 0.698)  | resids[ 37]=1.43e-08 cf=0.669
ndofs=   3861552: ['eta_0^p', 'omega']=(4.215, 0.756)  | resids[ 40]=1.38e-06 cf=0.772
ndofs=   3861552: ['eta_0^p', 'omega']=(4.215, 0.813)  | resids[ 40]=7.65e-04 cf=0.924
ndofs=   3861552: ['eta_0^p', 'omega']=(4.215, 0.871)  | resids[ 40]=2.23e-02 cf=0.999
ndofs=   3861552: ['eta_0^p', 'omega']=(4.215, 0.928)  | resids[ 40]=5.60e-02 cf=1.000
ndofs=   3861552: ['eta_0^p', 'omega']=(4.215, 0.985)  | resids[ 40]=1.10e-01 cf=1.000
ndofs=   3861552: ['eta_0^p', 'omega']=(4.215, 1.043)  | resids[ 40]=2.03e-01 cf=1.000
ndofs=   3861552: ['eta_0^p', 'omega']=(4.215, 1.1)    | resids[ 40]=3.78e-01 cf=1.000
ndofs=   3861552: ['eta_0^p', 'omega']=(4.636, 0.01)   | resids[ 40]=6.91e-05 cf=0.918
ndofs=   3861552: ['eta_0^p', 'omega']=(4.636, 0.067)  | resids[ 40]=8.28e-06 cf=0.840
ndofs=   3861552: ['eta_0^p', 'omega']=(4.636, 0.125)  | resids[ 40]=7.43e-07 cf=0.775
ndofs=   3861552: ['eta_0^p', 'omega']=(4.636, 0.182)  | resids[ 40]=7.00e-08 cf=0.721
ndofs=   3861552: ['eta_0^p', 'omega']=(4.636, 0.239)  | resids[ 39]=1.12e-08 cf=0.689
ndofs=   3861552: ['eta_0^p', 'omega']=(4.636, 0.297)  | resids[ 33]=1.57e-08 cf=0.618
ndofs=   3861552: ['eta_0^p', 'omega']=(4.636, 0.354)  | resids[ 30]=1.38e-08 cf=0.588
ndofs=   3861552: ['eta_0^p', 'omega']=(4.636, 0.412)  | resids[ 28]=1.22e-08 cf=0.565
ndofs=   3861552: ['eta_0^p', 'omega']=(4.636, 0.469)  | resids[ 27]=1.17e-08 cf=0.564
ndofs=   3861552: ['eta_0^p', 'omega']=(4.636, 0.526)  | resids[ 27]=1.29e-08 cf=0.575
ndofs=   3861552: ['eta_0^p', 'omega']=(4.636, 0.584)  | resids[ 29]=1.05e-08 cf=0.587
ndofs=   3861552: ['eta_0^p', 'omega']=(4.636, 0.641)  | resids[ 33]=1.13e-08 cf=0.616
ndofs=   3861552: ['eta_0^p', 'omega']=(4.636, 0.698)  | resids[ 40]=3.74e-08 cf=0.705
ndofs=   3861552: ['eta_0^p', 'omega']=(4.636, 0.756)  | resids[ 40]=1.94e-05 cf=0.830
ndofs=   3861552: ['eta_0^p', 'omega']=(4.636, 0.813)  | resids[ 40]=9.74e-03 cf=0.991
ndofs=   3861552: ['eta_0^p', 'omega']=(4.636, 0.871)  | resids[ 40]=5.64e-02 cf=1.000
ndofs=   3861552: ['eta_0^p', 'omega']=(4.636, 0.928)  | resids[ 40]=1.31e-01 cf=1.000
ndofs=   3861552: ['eta_0^p', 'omega']=(4.636, 0.985)  | resids[ 40]=2.70e-01 cf=1.000
ndofs=   3861552: ['eta_0^p', 'omega']=(4.636, 1.043)  | resids[ 40]=4.21e-01 cf=1.000
ndofs=   3861552: ['eta_0^p', 'omega']=(4.636, 1.1)    | resids[ 40]=5.16e-01 cf=1.000
ndofs=   3861552: ['eta_0^p', 'omega']=(5.056, 0.01)   | resids[ 40]=7.87e-05 cf=0.934
ndofs=   3861552: ['eta_0^p', 'omega']=(5.056, 0.067)  | resids[ 40]=1.09e-05 cf=0.864
ndofs=   3861552: ['eta_0^p', 'omega']=(5.056, 0.125)  | resids[ 40]=9.19e-07 cf=0.789
ndofs=   3861552: ['eta_0^p', 'omega']=(5.056, 0.182)  | resids[ 40]=9.97e-08 cf=0.728
ndofs=   3861552: ['eta_0^p', 'omega']=(5.056, 0.239)  | resids[ 40]=1.09e-08 cf=0.702
ndofs=   3861552: ['eta_0^p', 'omega']=(5.056, 0.297)  | resids[ 34]=1.32e-08 cf=0.619
ndofs=   3861552: ['eta_0^p', 'omega']=(5.056, 0.354)  | resids[ 31]=1.13e-08 cf=0.598
ndofs=   3861552: ['eta_0^p', 'omega']=(5.056, 0.412)  | resids[ 28]=1.68e-08 cf=0.570
ndofs=   3861552: ['eta_0^p', 'omega']=(5.056, 0.469)  | resids[ 28]=1.04e-08 cf=0.563
ndofs=   3861552: ['eta_0^p', 'omega']=(5.056, 0.526)  | resids[ 28]=1.47e-08 cf=0.575
ndofs=   3861552: ['eta_0^p', 'omega']=(5.056, 0.584)  | resids[ 30]=1.54e-08 cf=0.576
ndofs=   3861552: ['eta_0^p', 'omega']=(5.056, 0.641)  | resids[ 37]=1.10e-08 cf=0.668
ndofs=   3861552: ['eta_0^p', 'omega']=(5.056, 0.698)  | resids[ 40]=3.41e-07 cf=0.743
ndofs=   3861552: ['eta_0^p', 'omega']=(5.056, 0.756)  | resids[ 40]=1.86e-04 cf=0.878
ndofs=   3861552: ['eta_0^p', 'omega']=(5.056, 0.813)  | resids[ 40]=3.16e-02 cf=0.999
ndofs=   3861552: ['eta_0^p', 'omega']=(5.056, 0.871)  | resids[ 40]=1.13e-01 cf=1.000
ndofs=   3861552: ['eta_0^p', 'omega']=(5.056, 0.928)  | resids[ 40]=2.71e-01 cf=1.000
ndofs=   3861552: ['eta_0^p', 'omega']=(5.056, 0.985)  | resids[ 40]=4.76e-01 cf=1.000
ndofs=   3861552: ['eta_0^p', 'omega']=(5.056, 1.043)  | resids[ 40]=5.36e-01 cf=1.000
ndofs=   3861552: ['eta_0^p', 'omega']=(5.056, 1.1)    | resids[ 40]=5.46e-01 cf=1.000
ndofs=   3861552: ['eta_0^p', 'omega']=(5.477, 0.01)   | resids[ 40]=8.28e-05 cf=0.922
ndofs=   3861552: ['eta_0^p', 'omega']=(5.477, 0.067)  | resids[ 40]=1.26e-05 cf=0.856
ndofs=   3861552: ['eta_0^p', 'omega']=(5.477, 0.125)  | resids[ 40]=1.16e-06 cf=0.785
ndofs=   3861552: ['eta_0^p', 'omega']=(5.477, 0.182)  | resids[ 40]=1.61e-07 cf=0.770
ndofs=   3861552: ['eta_0^p', 'omega']=(5.477, 0.239)  | resids[ 40]=1.53e-08 cf=0.704
ndofs=   3861552: ['eta_0^p', 'omega']=(5.477, 0.297)  | resids[ 35]=1.22e-08 cf=0.634
ndofs=   3861552: ['eta_0^p', 'omega']=(5.477, 0.354)  | resids[ 31]=1.51e-08 cf=0.607
ndofs=   3861552: ['eta_0^p', 'omega']=(5.477, 0.412)  | resids[ 29]=1.45e-08 cf=0.586
ndofs=   3861552: ['eta_0^p', 'omega']=(5.477, 0.469)  | resids[ 29]=1.01e-08 cf=0.584
ndofs=   3861552: ['eta_0^p', 'omega']=(5.477, 0.526)  | resids[ 30]=1.05e-08 cf=0.602
ndofs=   3861552: ['eta_0^p', 'omega']=(5.477, 0.584)  | resids[ 33]=1.32e-08 cf=0.622
ndofs=   3861552: ['eta_0^p', 'omega']=(5.477, 0.641)  | resids[ 40]=2.06e-08 cf=0.696
ndofs=   3861552: ['eta_0^p', 'omega']=(5.477, 0.698)  | resids[ 40]=2.91e-06 cf=0.781
ndofs=   3861552: ['eta_0^p', 'omega']=(5.477, 0.756)  | resids[ 40]=1.28e-03 cf=0.922
ndofs=   3861552: ['eta_0^p', 'omega']=(5.477, 0.813)  | resids[ 40]=6.50e-02 cf=1.000
ndofs=   3861552: ['eta_0^p', 'omega']=(5.477, 0.871)  | resids[ 40]=2.08e-01 cf=1.000
ndofs=   3861552: ['eta_0^p', 'omega']=(5.477, 0.928)  | resids[ 40]=4.45e-01 cf=1.000
ndofs=   3861552: ['eta_0^p', 'omega']=(5.477, 0.985)  | resids[ 40]=5.55e-01 cf=1.000
ndofs=   3861552: ['eta_0^p', 'omega']=(5.477, 1.043)  | resids[ 40]=5.40e-01 cf=1.000
ndofs=   3861552: ['eta_0^p', 'omega']=(5.477, 1.1)    | resids[ 40]=5.69e-01 cf=1.000
ndofs=   3861552: ['eta_0^p', 'omega']=(5.897, 0.01)   | resids[ 40]=7.94e-05 cf=0.897
ndofs=   3861552: ['eta_0^p', 'omega']=(5.897, 0.067)  | resids[ 40]=1.34e-05 cf=0.848
ndofs=   3861552: ['eta_0^p', 'omega']=(5.897, 0.125)  | resids[ 40]=1.65e-06 cf=0.801
ndofs=   3861552: ['eta_0^p', 'omega']=(5.897, 0.182)  | resids[ 40]=2.07e-07 cf=0.758
ndofs=   3861552: ['eta_0^p', 'omega']=(5.897, 0.239)  | resids[ 40]=2.21e-08 cf=0.715
ndofs=   3861552: ['eta_0^p', 'omega']=(5.897, 0.297)  | resids[ 36]=1.17e-08 cf=0.655
ndofs=   3861552: ['eta_0^p', 'omega']=(5.897, 0.354)  | resids[ 32]=1.27e-08 cf=0.612
ndofs=   3861552: ['eta_0^p', 'omega']=(5.897, 0.412)  | resids[ 30]=1.31e-08 cf=0.597
ndofs=   3861552: ['eta_0^p', 'omega']=(5.897, 0.469)  | resids[ 30]=1.04e-08 cf=0.598
ndofs=   3861552: ['eta_0^p', 'omega']=(5.897, 0.526)  | resids[ 31]=1.35e-08 cf=0.614
ndofs=   3861552: ['eta_0^p', 'omega']=(5.897, 0.584)  | resids[ 36]=1.22e-08 cf=0.660
ndofs=   3861552: ['eta_0^p', 'omega']=(5.897, 0.641)  | resids[ 40]=1.28e-07 cf=0.699
ndofs=   3861552: ['eta_0^p', 'omega']=(5.897, 0.698)  | resids[ 40]=2.29e-05 cf=0.819
ndofs=   3861552: ['eta_0^p', 'omega']=(5.897, 0.756)  | resids[ 40]=6.60e-03 cf=0.959
ndofs=   3861552: ['eta_0^p', 'omega']=(5.897, 0.813)  | resids[ 40]=1.13e-01 cf=1.000
ndofs=   3861552: ['eta_0^p', 'omega']=(5.897, 0.871)  | resids[ 40]=3.36e-01 cf=1.000
ndofs=   3861552: ['eta_0^p', 'omega']=(5.897, 0.928)  | resids[ 40]=5.18e-01 cf=1.000
ndofs=   3861552: ['eta_0^p', 'omega']=(5.897, 0.985)  | resids[ 40]=5.33e-01 cf=1.000
ndofs=   3861552: ['eta_0^p', 'omega']=(5.897, 1.043)  | resids[ 40]=5.38e-01 cf=1.000
ndofs=   3861552: ['eta_0^p', 'omega']=(5.897, 1.1)    | resids[ 40]=5.91e-01 cf=1.000
ndofs=   3861552: ['eta_0^p', 'omega']=(6.318, 0.01)   | resids[ 40]=7.66e-05 cf=0.879
ndofs=   3861552: ['eta_0^p', 'omega']=(6.318, 0.067)  | resids[ 40]=1.47e-05 cf=0.849
ndofs=   3861552: ['eta_0^p', 'omega']=(6.318, 0.125)  | resids[ 40]=1.96e-06 cf=0.794
ndofs=   3861552: ['eta_0^p', 'omega']=(6.318, 0.182)  | resids[ 40]=2.76e-07 cf=0.759
ndofs=   3861552: ['eta_0^p', 'omega']=(6.318, 0.239)  | resids[ 40]=3.09e-08 cf=0.715
ndofs=   3861552: ['eta_0^p', 'omega']=(6.318, 0.297)  | resids[ 37]=1.17e-08 cf=0.664
ndofs=   3861552: ['eta_0^p', 'omega']=(6.318, 0.354)  | resids[ 33]=1.11e-08 cf=0.620
ndofs=   3861552: ['eta_0^p', 'omega']=(6.318, 0.412)  | resids[ 31]=1.18e-08 cf=0.611
ndofs=   3861552: ['eta_0^p', 'omega']=(6.318, 0.469)  | resids[ 31]=1.06e-08 cf=0.608
ndofs=   3861552: ['eta_0^p', 'omega']=(6.318, 0.526)  | resids[ 33]=1.06e-08 cf=0.620
ndofs=   3861552: ['eta_0^p', 'omega']=(6.318, 0.584)  | resids[ 39]=1.23e-08 cf=0.680
ndofs=   3861552: ['eta_0^p', 'omega']=(6.318, 0.641)  | resids[ 40]=1.12e-06 cf=0.739
ndofs=   3861552: ['eta_0^p', 'omega']=(6.318, 0.698)  | resids[ 40]=1.85e-04 cf=0.858
ndofs=   3861552: ['eta_0^p', 'omega']=(6.318, 0.756)  | resids[ 40]=2.63e-02 cf=0.986
ndofs=   3861552: ['eta_0^p', 'omega']=(6.318, 0.813)  | resids[ 40]=1.76e-01 cf=1.000
ndofs=   3861552: ['eta_0^p', 'omega']=(6.318, 0.871)  | resids[ 40]=4.26e-01 cf=1.000
ndofs=   3861552: ['eta_0^p', 'omega']=(6.318, 0.928)  | resids[ 40]=5.03e-01 cf=1.000
ndofs=   3861552: ['eta_0^p', 'omega']=(6.318, 0.985)  | resids[ 40]=5.05e-01 cf=1.000
ndofs=   3861552: ['eta_0^p', 'omega']=(6.318, 1.043)  | resids[ 40]=5.37e-01 cf=1.000
ndofs=   3861552: ['eta_0^p', 'omega']=(6.318, 1.1)    | resids[ 40]=6.07e-01 cf=1.000
ndofs=   3861552: ['eta_0^p', 'omega']=(6.738, 0.01)   | resids[ 40]=8.80e-05 cf=0.894
ndofs=   3861552: ['eta_0^p', 'omega']=(6.738, 0.067)  | resids[ 40]=1.74e-05 cf=0.859
ndofs=   3861552: ['eta_0^p', 'omega']=(6.738, 0.125)  | resids[ 40]=2.44e-06 cf=0.800
ndofs=   3861552: ['eta_0^p', 'omega']=(6.738, 0.182)  | resids[ 40]=3.54e-07 cf=0.772
ndofs=   3861552: ['eta_0^p', 'omega']=(6.738, 0.239)  | resids[ 40]=4.46e-08 cf=0.730
ndofs=   3861552: ['eta_0^p', 'omega']=(6.738, 0.297)  | resids[ 38]=1.19e-08 cf=0.691
ndofs=   3861552: ['eta_0^p', 'omega']=(6.738, 0.354)  | resids[ 33]=1.57e-08 cf=0.624
ndofs=   3861552: ['eta_0^p', 'omega']=(6.738, 0.412)  | resids[ 32]=1.09e-08 cf=0.617
ndofs=   3861552: ['eta_0^p', 'omega']=(6.738, 0.469)  | resids[ 32]=1.08e-08 cf=0.614
ndofs=   3861552: ['eta_0^p', 'omega']=(6.738, 0.526)  | resids[ 34]=1.37e-08 cf=0.633
ndofs=   3861552: ['eta_0^p', 'omega']=(6.738, 0.584)  | resids[ 40]=2.78e-08 cf=0.698
ndofs=   3861552: ['eta_0^p', 'omega']=(6.738, 0.641)  | resids[ 40]=1.01e-05 cf=0.780
ndofs=   3861552: ['eta_0^p', 'omega']=(6.738, 0.698)  | resids[ 40]=1.75e-03 cf=0.902
ndofs=   3861552: ['eta_0^p', 'omega']=(6.738, 0.756)  | resids[ 40]=7.94e-02 cf=0.999
ndofs=   3861552: ['eta_0^p', 'omega']=(6.738, 0.813)  | resids[ 40]=2.43e-01 cf=1.000
ndofs=   3861552: ['eta_0^p', 'omega']=(6.738, 0.871)  | resids[ 40]=4.39e-01 cf=1.000
ndofs=   3861552: ['eta_0^p', 'omega']=(6.738, 0.928)  | resids[ 40]=4.71e-01 cf=1.000
ndofs=   3861552: ['eta_0^p', 'omega']=(6.738, 0.985)  | resids[ 40]=4.87e-01 cf=0.999
ndofs=   3861552: ['eta_0^p', 'omega']=(6.738, 1.043)  | resids[ 40]=5.31e-01 cf=1.000
ndofs=   3861552: ['eta_0^p', 'omega']=(6.738, 1.1)    | resids[ 40]=6.18e-01 cf=1.000
ndofs=   3861552: ['eta_0^p', 'omega']=(7.159, 0.01)   | resids[ 40]=1.01e-04 cf=0.910
ndofs=   3861552: ['eta_0^p', 'omega']=(7.159, 0.067)  | resids[ 40]=2.08e-05 cf=0.868
ndofs=   3861552: ['eta_0^p', 'omega']=(7.159, 0.125)  | resids[ 40]=3.10e-06 cf=0.812
ndofs=   3861552: ['eta_0^p', 'omega']=(7.159, 0.182)  | resids[ 40]=4.35e-07 cf=0.767
ndofs=   3861552: ['eta_0^p', 'omega']=(7.159, 0.239)  | resids[ 40]=6.03e-08 cf=0.728
ndofs=   3861552: ['eta_0^p', 'omega']=(7.159, 0.297)  | resids[ 39]=1.20e-08 cf=0.705
ndofs=   3861552: ['eta_0^p', 'omega']=(7.159, 0.354)  | resids[ 34]=1.43e-08 cf=0.633
ndofs=   3861552: ['eta_0^p', 'omega']=(7.159, 0.412)  | resids[ 32]=1.60e-08 cf=0.625
ndofs=   3861552: ['eta_0^p', 'omega']=(7.159, 0.469)  | resids[ 33]=1.08e-08 cf=0.617
ndofs=   3861552: ['eta_0^p', 'omega']=(7.159, 0.526)  | resids[ 36]=1.13e-08 cf=0.649
ndofs=   3861552: ['eta_0^p', 'omega']=(7.159, 0.584)  | resids[ 40]=1.08e-07 cf=0.695
ndofs=   3861552: ['eta_0^p', 'omega']=(7.159, 0.641)  | resids[ 40]=1.07e-04 cf=0.826
ndofs=   3861552: ['eta_0^p', 'omega']=(7.159, 0.698)  | resids[ 40]=2.71e-02 cf=0.956
ndofs=   3861552: ['eta_0^p', 'omega']=(7.159, 0.756)  | resids[ 40]=1.68e-01 cf=1.000
ndofs=   3861552: ['eta_0^p', 'omega']=(7.159, 0.813)  | resids[ 40]=2.97e-01 cf=1.000
ndofs=   3861552: ['eta_0^p', 'omega']=(7.159, 0.871)  | resids[ 40]=4.26e-01 cf=1.000
ndofs=   3861552: ['eta_0^p', 'omega']=(7.159, 0.928)  | resids[ 40]=4.45e-01 cf=1.000
ndofs=   3861552: ['eta_0^p', 'omega']=(7.159, 0.985)  | resids[ 40]=4.75e-01 cf=0.999
ndofs=   3861552: ['eta_0^p', 'omega']=(7.159, 1.043)  | resids[ 40]=5.23e-01 cf=1.000
ndofs=   3861552: ['eta_0^p', 'omega']=(7.159, 1.1)    | resids[ 40]=6.28e-01 cf=1.000
ndofs=   3861552: ['eta_0^p', 'omega']=(7.579, 0.01)   | resids[ 40]=1.07e-04 cf=0.913
ndofs=   3861552: ['eta_0^p', 'omega']=(7.579, 0.067)  | resids[ 40]=2.37e-05 cf=0.871
ndofs=   3861552: ['eta_0^p', 'omega']=(7.579, 0.125)  | resids[ 40]=3.84e-06 cf=0.821
ndofs=   3861552: ['eta_0^p', 'omega']=(7.579, 0.182)  | resids[ 40]=5.91e-07 cf=0.778
ndofs=   3861552: ['eta_0^p', 'omega']=(7.579, 0.239)  | resids[ 40]=8.53e-08 cf=0.734
ndofs=   3861552: ['eta_0^p', 'omega']=(7.579, 0.297)  | resids[ 40]=1.19e-08 cf=0.711
ndofs=   3861552: ['eta_0^p', 'omega']=(7.579, 0.354)  | resids[ 35]=1.31e-08 cf=0.643
ndofs=   3861552: ['eta_0^p', 'omega']=(7.579, 0.412)  | resids[ 33]=1.46e-08 cf=0.627
ndofs=   3861552: ['eta_0^p', 'omega']=(7.579, 0.469)  | resids[ 34]=1.02e-08 cf=0.631
ndofs=   3861552: ['eta_0^p', 'omega']=(7.579, 0.526)  | resids[ 38]=1.02e-08 cf=0.667
ndofs=   3861552: ['eta_0^p', 'omega']=(7.579, 0.584)  | resids[ 40]=6.94e-07 cf=0.722
ndofs=   3861552: ['eta_0^p', 'omega']=(7.579, 0.641)  | resids[ 40]=1.61e-03 cf=0.878
ndofs=   3861552: ['eta_0^p', 'omega']=(7.579, 0.698)  | resids[ 40]=2.53e-01 cf=0.995
ndofs=   3861552: ['eta_0^p', 'omega']=(7.579, 0.756)  | resids[ 40]=2.57e-01 cf=1.000
ndofs=   3861552: ['eta_0^p', 'omega']=(7.579, 0.813)  | resids[ 40]=3.35e-01 cf=1.000
ndofs=   3861552: ['eta_0^p', 'omega']=(7.579, 0.871)  | resids[ 40]=4.15e-01 cf=1.000
ndofs=   3861552: ['eta_0^p', 'omega']=(7.579, 0.928)  | resids[ 40]=4.26e-01 cf=0.999
ndofs=   3861552: ['eta_0^p', 'omega']=(7.579, 0.985)  | resids[ 40]=4.68e-01 cf=0.999
ndofs=   3861552: ['eta_0^p', 'omega']=(7.579, 1.043)  | resids[ 40]=5.18e-01 cf=1.000
ndofs=   3861552: ['eta_0^p', 'omega']=(7.579, 1.1)    | resids[ 40]=6.37e-01 cf=1.000
ndofs=   3861552: ['eta_0^p', 'omega']=(8.0, 0.01)     | resids[ 40]=1.09e-04 cf=0.912
ndofs=   3861552: ['eta_0^p', 'omega']=(8.0, 0.067)    | resids[ 40]=2.57e-05 cf=0.871
ndofs=   3861552: ['eta_0^p', 'omega']=(8.0, 0.125)    | resids[ 40]=4.65e-06 cf=0.828
ndofs=   3861552: ['eta_0^p', 'omega']=(8.0, 0.182)    | resids[ 40]=7.27e-07 cf=0.784
ndofs=   3861552: ['eta_0^p', 'omega']=(8.0, 0.239)    | resids[ 40]=1.13e-07 cf=0.743
ndofs=   3861552: ['eta_0^p', 'omega']=(8.0, 0.297)    | resids[ 40]=1.68e-08 cf=0.718
ndofs=   3861552: ['eta_0^p', 'omega']=(8.0, 0.354)    | resids[ 36]=1.28e-08 cf=0.658
ndofs=   3861552: ['eta_0^p', 'omega']=(8.0, 0.412)    | resids[ 34]=1.28e-08 cf=0.631
ndofs=   3861552: ['eta_0^p', 'omega']=(8.0, 0.469)    | resids[ 35]=1.01e-08 cf=0.637
ndofs=   3861552: ['eta_0^p', 'omega']=(8.0, 0.526)    | resids[ 39]=1.36e-08 cf=0.671
ndofs=   3861552: ['eta_0^p', 'omega']=(8.0, 0.584)    | resids[ 40]=4.63e-06 cf=0.750
ndofs=   3861552: ['eta_0^p', 'omega']=(8.0, 0.641)    | resids[ 40]=6.47e-02 cf=0.943
ndofs=   3861552: ['eta_0^p', 'omega']=(8.0, 0.698)    | resids[ 40]=2.07e-01 cf=0.991
ndofs=   3861552: ['eta_0^p', 'omega']=(8.0, 0.756)    | resids[ 40]=3.20e-01 cf=1.000
ndofs=   3861552: ['eta_0^p', 'omega']=(8.0, 0.813)    | resids[ 40]=3.62e-01 cf=1.000
ndofs=   3861552: ['eta_0^p', 'omega']=(8.0, 0.871)    | resids[ 40]=4.11e-01 cf=1.000
ndofs=   3861552: ['eta_0^p', 'omega']=(8.0, 0.928)    | resids[ 40]=4.16e-01 cf=0.999
ndofs=   3861552: ['eta_0^p', 'omega']=(8.0, 0.985)    | resids[ 40]=4.66e-01 cf=0.999
ndofs=   3861552: ['eta_0^p', 'omega']=(8.0, 1.043)    | resids[ 40]=5.20e-01 cf=1.000
ndofs=   3861552: ['eta_0^p', 'omega']=(8.0, 1.1)      | resids[ 40]=6.49e-01 cf=1.000
