ndofs=   1021759: ['\\eta']=(0.3,)    | resids[ 30]=1.49e-08 cf=0.554
ndofs=   1021759: ['\\eta']=(0.314,)  | resids[ 29]=1.33e-08 cf=0.541
ndofs=   1021759: ['\\eta']=(0.329,)  | resids[ 28]=1.19e-08 cf=0.528
ndofs=   1021759: ['\\eta']=(0.343,)  | resids[ 27]=1.17e-08 cf=0.515
ndofs=   1021759: ['\\eta']=(0.358,)  | resids[ 26]=1.16e-08 cf=0.503
ndofs=   1021759: ['\\eta']=(0.372,)  | resids[ 25]=1.26e-08 cf=0.492
ndofs=   1021759: ['\\eta']=(0.387,)  | resids[ 24]=1.37e-08 cf=0.479
ndofs=   1021759: ['\\eta']=(0.401,)  | resids[ 23]=1.61e-08 cf=0.466
ndofs=   1021759: ['\\eta']=(0.416,)  | resids[ 22]=1.90e-08 cf=0.452
ndofs=   1021759: ['\\eta']=(0.43,)   | resids[ 22]=1.09e-08 cf=0.441
ndofs=   1021759: ['\\eta']=(0.445,)  | resids[ 21]=1.33e-08 cf=0.425
ndofs=   1021759: ['\\eta']=(0.459,)  | resids[ 20]=1.81e-08 cf=0.411
ndofs=   1021759: ['\\eta']=(0.474,)  | resids[ 20]=1.02e-08 cf=0.400
ndofs=   1021759: ['\\eta']=(0.488,)  | resids[ 19]=1.52e-08 cf=0.388
ndofs=   1021759: ['\\eta']=(0.503,)  | resids[ 18]=2.31e-08 cf=0.376
ndofs=   1021759: ['\\eta']=(0.517,)  | resids[ 18]=1.39e-08 cf=0.365
ndofs=   1021759: ['\\eta']=(0.532,)  | resids[ 17]=2.28e-08 cf=0.353
ndofs=   1021759: ['\\eta']=(0.546,)  | resids[ 17]=1.39e-08 cf=0.343
ndofs=   1021759: ['\\eta']=(0.561,)  | resids[ 16]=2.48e-08 cf=0.332
ndofs=   1021759: ['\\eta']=(0.575,)  | resids[ 16]=1.53e-08 cf=0.322
ndofs=   1021759: ['\\eta']=(0.59,)   | resids[ 15]=2.95e-08 cf=0.310
ndofs=   1021759: ['\\eta']=(0.604,)  | resids[ 15]=1.84e-08 cf=0.301
ndofs=   1021759: ['\\eta']=(0.619,)  | resids[ 15]=1.10e-08 cf=0.290
ndofs=   1021759: ['\\eta']=(0.633,)  | resids[ 14]=2.45e-08 cf=0.280
ndofs=   1021759: ['\\eta']=(0.648,)  | resids[ 14]=1.48e-08 cf=0.270
ndofs=   1021759: ['\\eta']=(0.662,)  | resids[ 13]=3.59e-08 cf=0.260
ndofs=   1021759: ['\\eta']=(0.677,)  | resids[ 13]=2.21e-08 cf=0.250
ndofs=   1021759: ['\\eta']=(0.691,)  | resids[ 13]=1.39e-08 cf=0.241
ndofs=   1021759: ['\\eta']=(0.706,)  | resids[ 12]=3.69e-08 cf=0.230
ndofs=   1021759: ['\\eta']=(0.72,)   | resids[ 12]=2.36e-08 cf=0.222
ndofs=   1021759: ['\\eta']=(0.735,)  | resids[ 12]=1.45e-08 cf=0.213
ndofs=   1021759: ['\\eta']=(0.749,)  | resids[ 11]=4.47e-08 cf=0.203
ndofs=   1021759: ['\\eta']=(0.764,)  | resids[ 11]=2.79e-08 cf=0.194
ndofs=   1021759: ['\\eta']=(0.778,)  | resids[ 11]=1.79e-08 cf=0.187
ndofs=   1021759: ['\\eta']=(0.793,)  | resids[ 11]=1.10e-08 cf=0.179
ndofs=   1021759: ['\\eta']=(0.807,)  | resids[ 10]=3.97e-08 cf=0.168
ndofs=   1021759: ['\\eta']=(0.822,)  | resids[ 10]=2.47e-08 cf=0.161
ndofs=   1021759: ['\\eta']=(0.836,)  | resids[ 10]=1.58e-08 cf=0.154
ndofs=   1021759: ['\\eta']=(0.851,)  | resids[  9]=6.44e-08 cf=0.142
ndofs=   1021759: ['\\eta']=(0.865,)  | resids[  9]=4.18e-08 cf=0.136
ndofs=   1021759: ['\\eta']=(0.88,)   | resids[  9]=2.60e-08 cf=0.129
ndofs=   1021759: ['\\eta']=(0.894,)  | resids[  9]=1.63e-08 cf=0.122
ndofs=   1021759: ['\\eta']=(0.909,)  | resids[  8]=8.23e-08 cf=0.110
ndofs=   1021759: ['\\eta']=(0.923,)  | resids[  8]=5.35e-08 cf=0.105
ndofs=   1021759: ['\\eta']=(0.938,)  | resids[  8]=3.50e-08 cf=0.100
ndofs=   1021759: ['\\eta']=(0.952,)  | resids[  8]=3.26e-08 cf=0.102
ndofs=   1021759: ['\\eta']=(0.967,)  | resids[  8]=2.47e-08 cf=0.101
ndofs=   1021759: ['\\eta']=(0.981,)  | resids[  8]=1.80e-08 cf=0.098
ndofs=   1021759: ['\\eta']=(0.996,)  | resids[  8]=1.78e-08 cf=0.101
ndofs=   1021759: ['\\eta']=(1.01,)   | resids[  8]=1.91e-08 cf=0.104
ndofs=   1021759: ['\\eta']=(1.025,)  | resids[  8]=1.99e-08 cf=0.105
ndofs=   1021759: ['\\eta']=(1.039,)  | resids[  8]=1.97e-08 cf=0.104
ndofs=   1021759: ['\\eta']=(1.054,)  | resids[  8]=1.98e-08 cf=0.103
ndofs=   1021759: ['\\eta']=(1.068,)  | resids[  8]=1.88e-08 cf=0.099
ndofs=   1021759: ['\\eta']=(1.083,)  | resids[  8]=1.86e-08 cf=0.095
ndofs=   1021759: ['\\eta']=(1.097,)  | resids[  8]=2.21e-08 cf=0.094
ndofs=   1021759: ['\\eta']=(1.112,)  | resids[  8]=2.58e-08 cf=0.092
ndofs=   1021759: ['\\eta']=(1.126,)  | resids[  8]=2.70e-08 cf=0.090
ndofs=   1021759: ['\\eta']=(1.141,)  | resids[  8]=3.64e-08 cf=0.092
ndofs=   1021759: ['\\eta']=(1.155,)  | resids[  8]=5.65e-08 cf=0.097
ndofs=   1021759: ['\\eta']=(1.17,)   | resids[  8]=9.17e-08 cf=0.103
ndofs=   1021759: ['\\eta']=(1.184,)  | resids[  9]=1.37e-08 cf=0.110
ndofs=   1021759: ['\\eta']=(1.199,)  | resids[  9]=2.25e-08 cf=0.117
ndofs=   1021759: ['\\eta']=(1.213,)  | resids[  9]=3.49e-08 cf=0.123
ndofs=   1021759: ['\\eta']=(1.228,)  | resids[  9]=5.42e-08 cf=0.130
ndofs=   1021759: ['\\eta']=(1.242,)  | resids[  9]=8.00e-08 cf=0.136
ndofs=   1021759: ['\\eta']=(1.257,)  | resids[ 10]=1.54e-08 cf=0.143
ndofs=   1021759: ['\\eta']=(1.271,)  | resids[ 10]=2.28e-08 cf=0.149
ndofs=   1021759: ['\\eta']=(1.286,)  | resids[ 10]=3.41e-08 cf=0.155
ndofs=   1021759: ['\\eta']=(1.3,)    | resids[ 10]=4.87e-08 cf=0.161
