ndofs=   3861552: ['eta_0^p', 'omega']=(0.01, 0.01)    | resids[ 40]=1.05e-02 cf=0.969
ndofs=   3861552: ['eta_0^p', 'omega']=(0.01, 0.032)   | resids[ 40]=3.06e-02 cf=0.981
ndofs=   3861552: ['eta_0^p', 'omega']=(0.01, 0.054)   | resids[ 40]=4.12e-02 cf=0.965
ndofs=   3861552: ['eta_0^p', 'omega']=(0.01, 0.077)   | resids[ 40]=5.34e-02 cf=0.991
ndofs=   3861552: ['eta_0^p', 'omega']=(0.01, 0.099)   | resids[ 40]=6.47e-02 cf=0.987
ndofs=   3861552: ['eta_0^p', 'omega']=(0.01, 0.121)   | resids[ 40]=7.01e-02 cf=0.985
ndofs=   3861552: ['eta_0^p', 'omega']=(0.01, 0.143)   | resids[ 40]=7.63e-02 cf=0.984
ndofs=   3861552: ['eta_0^p', 'omega']=(0.01, 0.166)   | resids[ 40]=8.59e-02 cf=0.998
ndofs=   3861552: ['eta_0^p', 'omega']=(0.01, 0.188)   | resids[ 40]=8.99e-02 cf=0.992
ndofs=   3861552: ['eta_0^p', 'omega']=(0.01, 0.21)    | resids[ 40]=9.55e-02 cf=0.992
ndofs=   3861552: ['eta_0^p', 'omega']=(0.01, 0.232)   | resids[ 40]=1.01e-01 cf=0.993
ndofs=   3861552: ['eta_0^p', 'omega']=(0.01, 0.255)   | resids[ 40]=1.03e-01 cf=0.994
ndofs=   3861552: ['eta_0^p', 'omega']=(0.01, 0.277)   | resids[ 40]=1.06e-01 cf=0.996
ndofs=   3861552: ['eta_0^p', 'omega']=(0.01, 0.299)   | resids[ 40]=1.09e-01 cf=0.996
ndofs=   3861552: ['eta_0^p', 'omega']=(0.01, 0.321)   | resids[ 40]=1.10e-01 cf=0.994
ndofs=   3861552: ['eta_0^p', 'omega']=(0.01, 0.344)   | resids[ 40]=1.13e-01 cf=0.994
ndofs=   3861552: ['eta_0^p', 'omega']=(0.01, 0.366)   | resids[ 40]=1.14e-01 cf=0.995
ndofs=   3861552: ['eta_0^p', 'omega']=(0.01, 0.388)   | resids[ 40]=1.17e-01 cf=0.996
ndofs=   3861552: ['eta_0^p', 'omega']=(0.01, 0.41)    | resids[ 40]=1.18e-01 cf=0.996
ndofs=   3861552: ['eta_0^p', 'omega']=(0.01, 0.433)   | resids[ 40]=1.18e-01 cf=0.996
ndofs=   3861552: ['eta_0^p', 'omega']=(0.01, 0.455)   | resids[ 40]=1.18e-01 cf=0.997
ndofs=   3861552: ['eta_0^p', 'omega']=(0.01, 0.477)   | resids[ 40]=1.19e-01 cf=0.997
ndofs=   3861552: ['eta_0^p', 'omega']=(0.01, 0.499)   | resids[ 40]=1.19e-01 cf=0.997
ndofs=   3861552: ['eta_0^p', 'omega']=(0.01, 0.522)   | resids[ 40]=1.19e-01 cf=0.998
ndofs=   3861552: ['eta_0^p', 'omega']=(0.01, 0.544)   | resids[ 40]=1.19e-01 cf=0.998
ndofs=   3861552: ['eta_0^p', 'omega']=(0.01, 0.566)   | resids[ 40]=1.20e-01 cf=0.999
ndofs=   3861552: ['eta_0^p', 'omega']=(0.01, 0.588)   | resids[ 40]=1.20e-01 cf=0.999
ndofs=   3861552: ['eta_0^p', 'omega']=(0.01, 0.611)   | resids[ 40]=1.20e-01 cf=0.998
ndofs=   3861552: ['eta_0^p', 'omega']=(0.01, 0.633)   | resids[ 40]=1.20e-01 cf=0.998
ndofs=   3861552: ['eta_0^p', 'omega']=(0.01, 0.655)   | resids[ 40]=1.20e-01 cf=0.998
ndofs=   3861552: ['eta_0^p', 'omega']=(0.01, 0.677)   | resids[ 40]=1.21e-01 cf=0.998
ndofs=   3861552: ['eta_0^p', 'omega']=(0.01, 0.7)     | resids[ 40]=1.21e-01 cf=0.997
ndofs=   3861552: ['eta_0^p', 'omega']=(0.01, 0.722)   | resids[ 40]=1.21e-01 cf=0.997
ndofs=   3861552: ['eta_0^p', 'omega']=(0.01, 0.744)   | resids[ 40]=1.22e-01 cf=0.997
ndofs=   3861552: ['eta_0^p', 'omega']=(0.01, 0.766)   | resids[ 40]=1.22e-01 cf=0.996
ndofs=   3861552: ['eta_0^p', 'omega']=(0.01, 0.789)   | resids[ 40]=1.22e-01 cf=0.996
ndofs=   3861552: ['eta_0^p', 'omega']=(0.01, 0.811)   | resids[ 40]=1.22e-01 cf=0.996
ndofs=   3861552: ['eta_0^p', 'omega']=(0.01, 0.833)   | resids[ 40]=1.22e-01 cf=0.996
ndofs=   3861552: ['eta_0^p', 'omega']=(0.01, 0.855)   | resids[ 40]=1.23e-01 cf=0.996
ndofs=   3861552: ['eta_0^p', 'omega']=(0.01, 0.878)   | resids[ 40]=1.23e-01 cf=0.997
ndofs=   3861552: ['eta_0^p', 'omega']=(0.01, 0.9)     | resids[ 40]=1.23e-01 cf=0.998
ndofs=   3861552: ['eta_0^p', 'omega']=(0.01, 0.922)   | resids[ 40]=1.22e-01 cf=0.999
ndofs=   3861552: ['eta_0^p', 'omega']=(0.01, 0.944)   | resids[ 40]=1.22e-01 cf=0.999
ndofs=   3861552: ['eta_0^p', 'omega']=(0.01, 0.967)   | resids[ 40]=1.22e-01 cf=0.999
ndofs=   3861552: ['eta_0^p', 'omega']=(0.01, 0.989)   | resids[ 40]=1.23e-01 cf=0.999
ndofs=   3861552: ['eta_0^p', 'omega']=(0.01, 1.011)   | resids[ 40]=1.26e-01 cf=0.998
ndofs=   3861552: ['eta_0^p', 'omega']=(0.01, 1.033)   | resids[ 40]=1.34e-01 cf=0.997
ndofs=   3861552: ['eta_0^p', 'omega']=(0.01, 1.056)   | resids[ 40]=1.58e-01 cf=0.995
ndofs=   3861552: ['eta_0^p', 'omega']=(0.01, 1.078)   | resids[ 40]=2.97e-01 cf=0.987
ndofs=   3861552: ['eta_0^p', 'omega']=(0.01, 1.1)     | resids[ 40]=2.96e-01 cf=1.000
ndofs=   3861552: ['eta_0^p', 'omega']=(0.173, 0.01)   | resids[ 40]=3.17e-04 cf=0.866
ndofs=   3861552: ['eta_0^p', 'omega']=(0.173, 0.032)  | resids[ 40]=3.09e-04 cf=0.867
ndofs=   3861552: ['eta_0^p', 'omega']=(0.173, 0.054)  | resids[ 40]=4.18e-04 cf=0.847
ndofs=   3861552: ['eta_0^p', 'omega']=(0.173, 0.077)  | resids[ 40]=4.49e-04 cf=0.845
ndofs=   3861552: ['eta_0^p', 'omega']=(0.173, 0.099)  | resids[ 40]=4.40e-04 cf=0.828
ndofs=   3861552: ['eta_0^p', 'omega']=(0.173, 0.121)  | resids[ 40]=4.87e-04 cf=0.842
ndofs=   3861552: ['eta_0^p', 'omega']=(0.173, 0.143)  | resids[ 40]=5.87e-04 cf=0.846
ndofs=   3861552: ['eta_0^p', 'omega']=(0.173, 0.166)  | resids[ 40]=6.58e-04 cf=0.859
ndofs=   3861552: ['eta_0^p', 'omega']=(0.173, 0.188)  | resids[ 40]=7.00e-04 cf=0.860
ndofs=   3861552: ['eta_0^p', 'omega']=(0.173, 0.21)   | resids[ 40]=7.24e-04 cf=0.846
ndofs=   3861552: ['eta_0^p', 'omega']=(0.173, 0.232)  | resids[ 40]=8.32e-04 cf=0.853
ndofs=   3861552: ['eta_0^p', 'omega']=(0.173, 0.255)  | resids[ 40]=8.43e-04 cf=0.845
ndofs=   3861552: ['eta_0^p', 'omega']=(0.173, 0.277)  | resids[ 40]=9.21e-04 cf=0.842
ndofs=   3861552: ['eta_0^p', 'omega']=(0.173, 0.299)  | resids[ 40]=1.02e-03 cf=0.858
ndofs=   3861552: ['eta_0^p', 'omega']=(0.173, 0.321)  | resids[ 40]=1.15e-03 cf=0.869
ndofs=   3861552: ['eta_0^p', 'omega']=(0.173, 0.344)  | resids[ 40]=1.31e-03 cf=0.880
ndofs=   3861552: ['eta_0^p', 'omega']=(0.173, 0.366)  | resids[ 40]=1.51e-03 cf=0.887
ndofs=   3861552: ['eta_0^p', 'omega']=(0.173, 0.388)  | resids[ 40]=1.77e-03 cf=0.899
ndofs=   3861552: ['eta_0^p', 'omega']=(0.173, 0.41)   | resids[ 40]=2.06e-03 cf=0.909
ndofs=   3861552: ['eta_0^p', 'omega']=(0.173, 0.433)  | resids[ 40]=2.47e-03 cf=0.925
ndofs=   3861552: ['eta_0^p', 'omega']=(0.173, 0.455)  | resids[ 40]=2.96e-03 cf=0.939
ndofs=   3861552: ['eta_0^p', 'omega']=(0.173, 0.477)  | resids[ 40]=3.57e-03 cf=0.953
ndofs=   3861552: ['eta_0^p', 'omega']=(0.173, 0.499)  | resids[ 40]=4.29e-03 cf=0.967
ndofs=   3861552: ['eta_0^p', 'omega']=(0.173, 0.522)  | resids[ 40]=5.17e-03 cf=0.977
ndofs=   3861552: ['eta_0^p', 'omega']=(0.173, 0.544)  | resids[ 40]=6.12e-03 cf=0.986
ndofs=   3861552: ['eta_0^p', 'omega']=(0.173, 0.566)  | resids[ 40]=7.16e-03 cf=0.992
ndofs=   3861552: ['eta_0^p', 'omega']=(0.173, 0.588)  | resids[ 40]=8.28e-03 cf=0.996
ndofs=   3861552: ['eta_0^p', 'omega']=(0.173, 0.611)  | resids[ 40]=9.52e-03 cf=0.998
ndofs=   3861552: ['eta_0^p', 'omega']=(0.173, 0.633)  | resids[ 40]=1.08e-02 cf=0.999
ndofs=   3861552: ['eta_0^p', 'omega']=(0.173, 0.655)  | resids[ 40]=1.20e-02 cf=1.000
ndofs=   3861552: ['eta_0^p', 'omega']=(0.173, 0.677)  | resids[ 40]=1.34e-02 cf=1.000
ndofs=   3861552: ['eta_0^p', 'omega']=(0.173, 0.7)    | resids[ 40]=1.48e-02 cf=1.000
ndofs=   3861552: ['eta_0^p', 'omega']=(0.173, 0.722)  | resids[ 40]=1.61e-02 cf=1.000
ndofs=   3861552: ['eta_0^p', 'omega']=(0.173, 0.744)  | resids[ 40]=1.75e-02 cf=1.000
ndofs=   3861552: ['eta_0^p', 'omega']=(0.173, 0.766)  | resids[ 40]=1.89e-02 cf=1.000
ndofs=   3861552: ['eta_0^p', 'omega']=(0.173, 0.789)  | resids[ 40]=2.03e-02 cf=1.000
ndofs=   3861552: ['eta_0^p', 'omega']=(0.173, 0.811)  | resids[ 40]=2.17e-02 cf=1.000
ndofs=   3861552: ['eta_0^p', 'omega']=(0.173, 0.833)  | resids[ 40]=2.30e-02 cf=1.000
ndofs=   3861552: ['eta_0^p', 'omega']=(0.173, 0.855)  | resids[ 40]=2.43e-02 cf=1.000
ndofs=   3861552: ['eta_0^p', 'omega']=(0.173, 0.878)  | resids[ 40]=2.56e-02 cf=1.000
ndofs=   3861552: ['eta_0^p', 'omega']=(0.173, 0.9)    | resids[ 40]=2.68e-02 cf=1.000
ndofs=   3861552: ['eta_0^p', 'omega']=(0.173, 0.922)  | resids[ 40]=2.80e-02 cf=1.000
ndofs=   3861552: ['eta_0^p', 'omega']=(0.173, 0.944)  | resids[ 40]=2.92e-02 cf=1.000
ndofs=   3861552: ['eta_0^p', 'omega']=(0.173, 0.967)  | resids[ 40]=3.05e-02 cf=1.000
ndofs=   3861552: ['eta_0^p', 'omega']=(0.173, 0.989)  | resids[ 40]=3.19e-02 cf=1.000
ndofs=   3861552: ['eta_0^p', 'omega']=(0.173, 1.011)  | resids[ 40]=3.38e-02 cf=1.000
ndofs=   3861552: ['eta_0^p', 'omega']=(0.173, 1.033)  | resids[ 40]=3.72e-02 cf=1.000
ndofs=   3861552: ['eta_0^p', 'omega']=(0.173, 1.056)  | resids[ 40]=4.66e-02 cf=1.000
ndofs=   3861552: ['eta_0^p', 'omega']=(0.173, 1.078)  | resids[ 40]=1.09e-01 cf=0.996
ndofs=   3861552: ['eta_0^p', 'omega']=(0.173, 1.1)    | resids[ 40]=2.64e-01 cf=0.999
ndofs=   3861552: ['eta_0^p', 'omega']=(0.336, 0.01)   | resids[ 40]=1.89e-04 cf=0.886
ndofs=   3861552: ['eta_0^p', 'omega']=(0.336, 0.032)  | resids[ 40]=9.00e-05 cf=0.871
ndofs=   3861552: ['eta_0^p', 'omega']=(0.336, 0.054)  | resids[ 40]=3.58e-05 cf=0.769
ndofs=   3861552: ['eta_0^p', 'omega']=(0.336, 0.077)  | resids[ 40]=2.88e-05 cf=0.765
ndofs=   3861552: ['eta_0^p', 'omega']=(0.336, 0.099)  | resids[ 40]=2.49e-05 cf=0.759
ndofs=   3861552: ['eta_0^p', 'omega']=(0.336, 0.121)  | resids[ 40]=2.60e-05 cf=0.773
ndofs=   3861552: ['eta_0^p', 'omega']=(0.336, 0.143)  | resids[ 40]=2.77e-05 cf=0.795
ndofs=   3861552: ['eta_0^p', 'omega']=(0.336, 0.166)  | resids[ 40]=2.52e-05 cf=0.791
ndofs=   3861552: ['eta_0^p', 'omega']=(0.336, 0.188)  | resids[ 40]=2.50e-05 cf=0.769
ndofs=   3861552: ['eta_0^p', 'omega']=(0.336, 0.21)   | resids[ 40]=2.48e-05 cf=0.764
ndofs=   3861552: ['eta_0^p', 'omega']=(0.336, 0.232)  | resids[ 40]=2.28e-05 cf=0.762
ndofs=   3861552: ['eta_0^p', 'omega']=(0.336, 0.255)  | resids[ 40]=2.48e-05 cf=0.777
ndofs=   3861552: ['eta_0^p', 'omega']=(0.336, 0.277)  | resids[ 40]=2.47e-05 cf=0.770
ndofs=   3861552: ['eta_0^p', 'omega']=(0.336, 0.299)  | resids[ 40]=2.59e-05 cf=0.782
ndofs=   3861552: ['eta_0^p', 'omega']=(0.336, 0.321)  | resids[ 40]=2.80e-05 cf=0.780
ndofs=   3861552: ['eta_0^p', 'omega']=(0.336, 0.344)  | resids[ 40]=3.17e-05 cf=0.796
ndofs=   3861552: ['eta_0^p', 'omega']=(0.336, 0.366)  | resids[ 40]=3.46e-05 cf=0.798
ndofs=   3861552: ['eta_0^p', 'omega']=(0.336, 0.388)  | resids[ 40]=3.90e-05 cf=0.807
ndofs=   3861552: ['eta_0^p', 'omega']=(0.336, 0.41)   | resids[ 40]=4.50e-05 cf=0.815
ndofs=   3861552: ['eta_0^p', 'omega']=(0.336, 0.433)  | resids[ 40]=5.34e-05 cf=0.827
ndofs=   3861552: ['eta_0^p', 'omega']=(0.336, 0.455)  | resids[ 40]=6.42e-05 cf=0.841
ndofs=   3861552: ['eta_0^p', 'omega']=(0.336, 0.477)  | resids[ 40]=7.86e-05 cf=0.858
ndofs=   3861552: ['eta_0^p', 'omega']=(0.336, 0.499)  | resids[ 40]=9.80e-05 cf=0.878
ndofs=   3861552: ['eta_0^p', 'omega']=(0.336, 0.522)  | resids[ 40]=1.24e-04 cf=0.896
ndofs=   3861552: ['eta_0^p', 'omega']=(0.336, 0.544)  | resids[ 40]=1.55e-04 cf=0.912
ndofs=   3861552: ['eta_0^p', 'omega']=(0.336, 0.566)  | resids[ 40]=1.90e-04 cf=0.922
ndofs=   3861552: ['eta_0^p', 'omega']=(0.336, 0.588)  | resids[ 40]=2.30e-04 cf=0.927
ndofs=   3861552: ['eta_0^p', 'omega']=(0.336, 0.611)  | resids[ 40]=2.77e-04 cf=0.928
ndofs=   3861552: ['eta_0^p', 'omega']=(0.336, 0.633)  | resids[ 40]=3.28e-04 cf=0.928
ndofs=   3861552: ['eta_0^p', 'omega']=(0.336, 0.655)  | resids[ 40]=3.87e-04 cf=0.927
ndofs=   3861552: ['eta_0^p', 'omega']=(0.336, 0.677)  | resids[ 40]=4.55e-04 cf=0.927
ndofs=   3861552: ['eta_0^p', 'omega']=(0.336, 0.7)    | resids[ 40]=5.39e-04 cf=0.928
ndofs=   3861552: ['eta_0^p', 'omega']=(0.336, 0.722)  | resids[ 40]=6.35e-04 cf=0.930
ndofs=   3861552: ['eta_0^p', 'omega']=(0.336, 0.744)  | resids[ 40]=7.46e-04 cf=0.933
ndofs=   3861552: ['eta_0^p', 'omega']=(0.336, 0.766)  | resids[ 40]=8.75e-04 cf=0.937
ndofs=   3861552: ['eta_0^p', 'omega']=(0.336, 0.789)  | resids[ 40]=1.03e-03 cf=0.942
ndofs=   3861552: ['eta_0^p', 'omega']=(0.336, 0.811)  | resids[ 40]=1.20e-03 cf=0.947
ndofs=   3861552: ['eta_0^p', 'omega']=(0.336, 0.833)  | resids[ 40]=1.38e-03 cf=0.951
ndofs=   3861552: ['eta_0^p', 'omega']=(0.336, 0.855)  | resids[ 40]=1.59e-03 cf=0.956
ndofs=   3861552: ['eta_0^p', 'omega']=(0.336, 0.878)  | resids[ 40]=1.84e-03 cf=0.960
ndofs=   3861552: ['eta_0^p', 'omega']=(0.336, 0.9)    | resids[ 40]=2.10e-03 cf=0.965
ndofs=   3861552: ['eta_0^p', 'omega']=(0.336, 0.922)  | resids[ 40]=2.39e-03 cf=0.969
ndofs=   3861552: ['eta_0^p', 'omega']=(0.336, 0.944)  | resids[ 40]=2.72e-03 cf=0.973
ndofs=   3861552: ['eta_0^p', 'omega']=(0.336, 0.967)  | resids[ 40]=3.11e-03 cf=0.977
ndofs=   3861552: ['eta_0^p', 'omega']=(0.336, 0.989)  | resids[ 40]=3.55e-03 cf=0.980
ndofs=   3861552: ['eta_0^p', 'omega']=(0.336, 1.011)  | resids[ 40]=4.08e-03 cf=0.984
ndofs=   3861552: ['eta_0^p', 'omega']=(0.336, 1.033)  | resids[ 40]=4.87e-03 cf=0.988
ndofs=   3861552: ['eta_0^p', 'omega']=(0.336, 1.056)  | resids[ 40]=6.70e-03 cf=0.992
ndofs=   3861552: ['eta_0^p', 'omega']=(0.336, 1.078)  | resids[ 40]=1.73e-02 cf=0.995
ndofs=   3861552: ['eta_0^p', 'omega']=(0.336, 1.1)    | resids[ 40]=2.18e-01 cf=0.991
ndofs=   3861552: ['eta_0^p', 'omega']=(0.499, 0.01)   | resids[ 40]=1.43e-04 cf=0.906
ndofs=   3861552: ['eta_0^p', 'omega']=(0.499, 0.032)  | resids[ 40]=5.43e-05 cf=0.822
ndofs=   3861552: ['eta_0^p', 'omega']=(0.499, 0.054)  | resids[ 40]=2.28e-05 cf=0.812
ndofs=   3861552: ['eta_0^p', 'omega']=(0.499, 0.077)  | resids[ 40]=8.43e-06 cf=0.784
ndofs=   3861552: ['eta_0^p', 'omega']=(0.499, 0.099)  | resids[ 40]=3.33e-06 cf=0.724
ndofs=   3861552: ['eta_0^p', 'omega']=(0.499, 0.121)  | resids[ 40]=3.31e-06 cf=0.740
ndofs=   3861552: ['eta_0^p', 'omega']=(0.499, 0.143)  | resids[ 40]=2.90e-06 cf=0.748
ndofs=   3861552: ['eta_0^p', 'omega']=(0.499, 0.166)  | resids[ 40]=2.31e-06 cf=0.730
ndofs=   3861552: ['eta_0^p', 'omega']=(0.499, 0.188)  | resids[ 40]=2.05e-06 cf=0.705
ndofs=   3861552: ['eta_0^p', 'omega']=(0.499, 0.21)   | resids[ 40]=2.01e-06 cf=0.717
ndofs=   3861552: ['eta_0^p', 'omega']=(0.499, 0.232)  | resids[ 40]=1.75e-06 cf=0.706
ndofs=   3861552: ['eta_0^p', 'omega']=(0.499, 0.255)  | resids[ 40]=1.74e-06 cf=0.725
ndofs=   3861552: ['eta_0^p', 'omega']=(0.499, 0.277)  | resids[ 40]=1.59e-06 cf=0.724
ndofs=   3861552: ['eta_0^p', 'omega']=(0.499, 0.299)  | resids[ 40]=1.62e-06 cf=0.722
ndofs=   3861552: ['eta_0^p', 'omega']=(0.499, 0.321)  | resids[ 40]=1.60e-06 cf=0.716
ndofs=   3861552: ['eta_0^p', 'omega']=(0.499, 0.344)  | resids[ 40]=1.75e-06 cf=0.733
ndofs=   3861552: ['eta_0^p', 'omega']=(0.499, 0.366)  | resids[ 40]=1.83e-06 cf=0.736
ndofs=   3861552: ['eta_0^p', 'omega']=(0.499, 0.388)  | resids[ 40]=1.95e-06 cf=0.740
ndofs=   3861552: ['eta_0^p', 'omega']=(0.499, 0.41)   | resids[ 40]=2.17e-06 cf=0.749
ndofs=   3861552: ['eta_0^p', 'omega']=(0.499, 0.433)  | resids[ 40]=2.50e-06 cf=0.756
ndofs=   3861552: ['eta_0^p', 'omega']=(0.499, 0.455)  | resids[ 40]=2.94e-06 cf=0.770
ndofs=   3861552: ['eta_0^p', 'omega']=(0.499, 0.477)  | resids[ 40]=3.52e-06 cf=0.786
ndofs=   3861552: ['eta_0^p', 'omega']=(0.499, 0.499)  | resids[ 40]=4.33e-06 cf=0.805
ndofs=   3861552: ['eta_0^p', 'omega']=(0.499, 0.522)  | resids[ 40]=5.36e-06 cf=0.823
ndofs=   3861552: ['eta_0^p', 'omega']=(0.499, 0.544)  | resids[ 40]=6.45e-06 cf=0.834
ndofs=   3861552: ['eta_0^p', 'omega']=(0.499, 0.566)  | resids[ 40]=7.63e-06 cf=0.836
ndofs=   3861552: ['eta_0^p', 'omega']=(0.499, 0.588)  | resids[ 40]=8.80e-06 cf=0.831
ndofs=   3861552: ['eta_0^p', 'omega']=(0.499, 0.611)  | resids[ 40]=1.01e-05 cf=0.822
ndofs=   3861552: ['eta_0^p', 'omega']=(0.499, 0.633)  | resids[ 40]=1.15e-05 cf=0.815
ndofs=   3861552: ['eta_0^p', 'omega']=(0.499, 0.655)  | resids[ 40]=1.33e-05 cf=0.810
ndofs=   3861552: ['eta_0^p', 'omega']=(0.499, 0.677)  | resids[ 40]=1.53e-05 cf=0.806
ndofs=   3861552: ['eta_0^p', 'omega']=(0.499, 0.7)    | resids[ 40]=1.79e-05 cf=0.804
ndofs=   3861552: ['eta_0^p', 'omega']=(0.499, 0.722)  | resids[ 40]=2.10e-05 cf=0.805
ndofs=   3861552: ['eta_0^p', 'omega']=(0.499, 0.744)  | resids[ 40]=2.48e-05 cf=0.809
ndofs=   3861552: ['eta_0^p', 'omega']=(0.499, 0.766)  | resids[ 40]=2.92e-05 cf=0.815
ndofs=   3861552: ['eta_0^p', 'omega']=(0.499, 0.789)  | resids[ 40]=3.43e-05 cf=0.821
ndofs=   3861552: ['eta_0^p', 'omega']=(0.499, 0.811)  | resids[ 40]=4.00e-05 cf=0.825
ndofs=   3861552: ['eta_0^p', 'omega']=(0.499, 0.833)  | resids[ 40]=4.66e-05 cf=0.830
ndofs=   3861552: ['eta_0^p', 'omega']=(0.499, 0.855)  | resids[ 40]=5.44e-05 cf=0.835
ndofs=   3861552: ['eta_0^p', 'omega']=(0.499, 0.878)  | resids[ 40]=6.40e-05 cf=0.841
ndofs=   3861552: ['eta_0^p', 'omega']=(0.499, 0.9)    | resids[ 40]=7.49e-05 cf=0.846
ndofs=   3861552: ['eta_0^p', 'omega']=(0.499, 0.922)  | resids[ 40]=8.82e-05 cf=0.851
ndofs=   3861552: ['eta_0^p', 'omega']=(0.499, 0.944)  | resids[ 40]=1.05e-04 cf=0.857
ndofs=   3861552: ['eta_0^p', 'omega']=(0.499, 0.967)  | resids[ 40]=1.27e-04 cf=0.862
ndofs=   3861552: ['eta_0^p', 'omega']=(0.499, 0.989)  | resids[ 40]=1.55e-04 cf=0.866
ndofs=   3861552: ['eta_0^p', 'omega']=(0.499, 1.011)  | resids[ 40]=1.89e-04 cf=0.873
ndofs=   3861552: ['eta_0^p', 'omega']=(0.499, 1.033)  | resids[ 40]=2.37e-04 cf=0.877
ndofs=   3861552: ['eta_0^p', 'omega']=(0.499, 1.056)  | resids[ 40]=3.40e-04 cf=0.878
ndofs=   3861552: ['eta_0^p', 'omega']=(0.499, 1.078)  | resids[ 40]=1.07e-03 cf=0.865
ndofs=   3861552: ['eta_0^p', 'omega']=(0.499, 1.1)    | resids[ 40]=1.63e-01 cf=0.980
ndofs=   3861552: ['eta_0^p', 'omega']=(0.662, 0.01)   | resids[ 40]=1.22e-04 cf=0.912
ndofs=   3861552: ['eta_0^p', 'omega']=(0.662, 0.032)  | resids[ 40]=3.71e-05 cf=0.820
ndofs=   3861552: ['eta_0^p', 'omega']=(0.662, 0.054)  | resids[ 40]=1.59e-05 cf=0.814
ndofs=   3861552: ['eta_0^p', 'omega']=(0.662, 0.077)  | resids[ 40]=5.35e-06 cf=0.757
ndofs=   3861552: ['eta_0^p', 'omega']=(0.662, 0.099)  | resids[ 40]=1.90e-06 cf=0.720
ndofs=   3861552: ['eta_0^p', 'omega']=(0.662, 0.121)  | resids[ 40]=9.73e-07 cf=0.729
ndofs=   3861552: ['eta_0^p', 'omega']=(0.662, 0.143)  | resids[ 40]=4.81e-07 cf=0.733
ndofs=   3861552: ['eta_0^p', 'omega']=(0.662, 0.166)  | resids[ 40]=3.38e-07 cf=0.694
ndofs=   3861552: ['eta_0^p', 'omega']=(0.662, 0.188)  | resids[ 40]=3.04e-07 cf=0.678
ndofs=   3861552: ['eta_0^p', 'omega']=(0.662, 0.21)   | resids[ 40]=2.56e-07 cf=0.670
ndofs=   3861552: ['eta_0^p', 'omega']=(0.662, 0.232)  | resids[ 40]=2.11e-07 cf=0.667
ndofs=   3861552: ['eta_0^p', 'omega']=(0.662, 0.255)  | resids[ 40]=1.98e-07 cf=0.679
ndofs=   3861552: ['eta_0^p', 'omega']=(0.662, 0.277)  | resids[ 40]=1.72e-07 cf=0.689
ndofs=   3861552: ['eta_0^p', 'omega']=(0.662, 0.299)  | resids[ 40]=1.58e-07 cf=0.676
ndofs=   3861552: ['eta_0^p', 'omega']=(0.662, 0.321)  | resids[ 40]=1.52e-07 cf=0.678
ndofs=   3861552: ['eta_0^p', 'omega']=(0.662, 0.344)  | resids[ 40]=1.52e-07 cf=0.683
ndofs=   3861552: ['eta_0^p', 'omega']=(0.662, 0.366)  | resids[ 40]=1.53e-07 cf=0.688
ndofs=   3861552: ['eta_0^p', 'omega']=(0.662, 0.388)  | resids[ 40]=1.56e-07 cf=0.689
ndofs=   3861552: ['eta_0^p', 'omega']=(0.662, 0.41)   | resids[ 40]=1.66e-07 cf=0.697
ndofs=   3861552: ['eta_0^p', 'omega']=(0.662, 0.433)  | resids[ 40]=1.86e-07 cf=0.701
ndofs=   3861552: ['eta_0^p', 'omega']=(0.662, 0.455)  | resids[ 40]=2.11e-07 cf=0.714
ndofs=   3861552: ['eta_0^p', 'omega']=(0.662, 0.477)  | resids[ 40]=2.48e-07 cf=0.730
ndofs=   3861552: ['eta_0^p', 'omega']=(0.662, 0.499)  | resids[ 40]=2.96e-07 cf=0.748
ndofs=   3861552: ['eta_0^p', 'omega']=(0.662, 0.522)  | resids[ 40]=3.52e-07 cf=0.762
ndofs=   3861552: ['eta_0^p', 'omega']=(0.662, 0.544)  | resids[ 40]=4.01e-07 cf=0.764
ndofs=   3861552: ['eta_0^p', 'omega']=(0.662, 0.566)  | resids[ 40]=4.55e-07 cf=0.760
ndofs=   3861552: ['eta_0^p', 'omega']=(0.662, 0.588)  | resids[ 40]=5.03e-07 cf=0.750
ndofs=   3861552: ['eta_0^p', 'omega']=(0.662, 0.611)  | resids[ 40]=5.56e-07 cf=0.737
ndofs=   3861552: ['eta_0^p', 'omega']=(0.662, 0.633)  | resids[ 40]=6.26e-07 cf=0.729
ndofs=   3861552: ['eta_0^p', 'omega']=(0.662, 0.655)  | resids[ 40]=7.09e-07 cf=0.724
ndofs=   3861552: ['eta_0^p', 'omega']=(0.662, 0.677)  | resids[ 40]=7.97e-07 cf=0.720
ndofs=   3861552: ['eta_0^p', 'omega']=(0.662, 0.7)    | resids[ 40]=9.14e-07 cf=0.719
ndofs=   3861552: ['eta_0^p', 'omega']=(0.662, 0.722)  | resids[ 40]=1.07e-06 cf=0.723
ndofs=   3861552: ['eta_0^p', 'omega']=(0.662, 0.744)  | resids[ 40]=1.25e-06 cf=0.730
ndofs=   3861552: ['eta_0^p', 'omega']=(0.662, 0.766)  | resids[ 40]=1.45e-06 cf=0.737
ndofs=   3861552: ['eta_0^p', 'omega']=(0.662, 0.789)  | resids[ 40]=1.67e-06 cf=0.741
ndofs=   3861552: ['eta_0^p', 'omega']=(0.662, 0.811)  | resids[ 40]=1.93e-06 cf=0.745
ndofs=   3861552: ['eta_0^p', 'omega']=(0.662, 0.833)  | resids[ 40]=2.22e-06 cf=0.750
ndofs=   3861552: ['eta_0^p', 'omega']=(0.662, 0.855)  | resids[ 40]=2.57e-06 cf=0.755
ndofs=   3861552: ['eta_0^p', 'omega']=(0.662, 0.878)  | resids[ 40]=3.01e-06 cf=0.761
ndofs=   3861552: ['eta_0^p', 'omega']=(0.662, 0.9)    | resids[ 40]=3.53e-06 cf=0.766
ndofs=   3861552: ['eta_0^p', 'omega']=(0.662, 0.922)  | resids[ 40]=4.19e-06 cf=0.770
ndofs=   3861552: ['eta_0^p', 'omega']=(0.662, 0.944)  | resids[ 40]=5.05e-06 cf=0.774
ndofs=   3861552: ['eta_0^p', 'omega']=(0.662, 0.967)  | resids[ 40]=6.30e-06 cf=0.778
ndofs=   3861552: ['eta_0^p', 'omega']=(0.662, 0.989)  | resids[ 40]=7.95e-06 cf=0.781
ndofs=   3861552: ['eta_0^p', 'omega']=(0.662, 1.011)  | resids[ 40]=9.82e-06 cf=0.785
ndofs=   3861552: ['eta_0^p', 'omega']=(0.662, 1.033)  | resids[ 40]=1.25e-05 cf=0.787
ndofs=   3861552: ['eta_0^p', 'omega']=(0.662, 1.056)  | resids[ 40]=1.72e-05 cf=0.781
ndofs=   3861552: ['eta_0^p', 'omega']=(0.662, 1.078)  | resids[ 40]=1.24e-04 cf=0.805
ndofs=   3861552: ['eta_0^p', 'omega']=(0.662, 1.1)    | resids[ 40]=1.21e-01 cf=0.981
ndofs=   3861552: ['eta_0^p', 'omega']=(0.825, 0.01)   | resids[ 40]=1.13e-04 cf=0.923
ndofs=   3861552: ['eta_0^p', 'omega']=(0.825, 0.032)  | resids[ 40]=3.21e-05 cf=0.828
ndofs=   3861552: ['eta_0^p', 'omega']=(0.825, 0.054)  | resids[ 40]=1.22e-05 cf=0.803
ndofs=   3861552: ['eta_0^p', 'omega']=(0.825, 0.077)  | resids[ 40]=4.25e-06 cf=0.756
ndofs=   3861552: ['eta_0^p', 'omega']=(0.825, 0.099)  | resids[ 40]=1.50e-06 cf=0.731
ndofs=   3861552: ['eta_0^p', 'omega']=(0.825, 0.121)  | resids[ 40]=5.07e-07 cf=0.689
ndofs=   3861552: ['eta_0^p', 'omega']=(0.825, 0.143)  | resids[ 40]=2.51e-07 cf=0.703
ndofs=   3861552: ['eta_0^p', 'omega']=(0.825, 0.166)  | resids[ 40]=1.07e-07 cf=0.683
ndofs=   3861552: ['eta_0^p', 'omega']=(0.825, 0.188)  | resids[ 40]=6.07e-08 cf=0.652
ndofs=   3861552: ['eta_0^p', 'omega']=(0.825, 0.21)   | resids[ 40]=4.28e-08 cf=0.633
ndofs=   3861552: ['eta_0^p', 'omega']=(0.825, 0.232)  | resids[ 40]=3.48e-08 cf=0.634
ndofs=   3861552: ['eta_0^p', 'omega']=(0.825, 0.255)  | resids[ 40]=3.07e-08 cf=0.644
ndofs=   3861552: ['eta_0^p', 'omega']=(0.825, 0.277)  | resids[ 40]=2.47e-08 cf=0.658
ndofs=   3861552: ['eta_0^p', 'omega']=(0.825, 0.299)  | resids[ 40]=2.20e-08 cf=0.645
ndofs=   3861552: ['eta_0^p', 'omega']=(0.825, 0.321)  | resids[ 40]=2.01e-08 cf=0.646
ndofs=   3861552: ['eta_0^p', 'omega']=(0.825, 0.344)  | resids[ 40]=1.81e-08 cf=0.642
ndofs=   3861552: ['eta_0^p', 'omega']=(0.825, 0.366)  | resids[ 40]=1.74e-08 cf=0.651
ndofs=   3861552: ['eta_0^p', 'omega']=(0.825, 0.388)  | resids[ 40]=1.72e-08 cf=0.648
ndofs=   3861552: ['eta_0^p', 'omega']=(0.825, 0.41)   | resids[ 40]=1.74e-08 cf=0.655
ndofs=   3861552: ['eta_0^p', 'omega']=(0.825, 0.433)  | resids[ 40]=1.85e-08 cf=0.657
ndofs=   3861552: ['eta_0^p', 'omega']=(0.825, 0.455)  | resids[ 40]=2.02e-08 cf=0.670
ndofs=   3861552: ['eta_0^p', 'omega']=(0.825, 0.477)  | resids[ 40]=2.32e-08 cf=0.685
ndofs=   3861552: ['eta_0^p', 'omega']=(0.825, 0.499)  | resids[ 40]=2.71e-08 cf=0.701
ndofs=   3861552: ['eta_0^p', 'omega']=(0.825, 0.522)  | resids[ 40]=3.06e-08 cf=0.708
ndofs=   3861552: ['eta_0^p', 'omega']=(0.825, 0.544)  | resids[ 40]=3.30e-08 cf=0.704
ndofs=   3861552: ['eta_0^p', 'omega']=(0.825, 0.566)  | resids[ 40]=3.65e-08 cf=0.697
ndofs=   3861552: ['eta_0^p', 'omega']=(0.825, 0.588)  | resids[ 40]=3.93e-08 cf=0.686
ndofs=   3861552: ['eta_0^p', 'omega']=(0.825, 0.611)  | resids[ 40]=4.28e-08 cf=0.673
ndofs=   3861552: ['eta_0^p', 'omega']=(0.825, 0.633)  | resids[ 40]=4.78e-08 cf=0.667
ndofs=   3861552: ['eta_0^p', 'omega']=(0.825, 0.655)  | resids[ 40]=5.29e-08 cf=0.663
ndofs=   3861552: ['eta_0^p', 'omega']=(0.825, 0.677)  | resids[ 40]=5.79e-08 cf=0.660
ndofs=   3861552: ['eta_0^p', 'omega']=(0.825, 0.7)    | resids[ 40]=6.58e-08 cf=0.661
ndofs=   3861552: ['eta_0^p', 'omega']=(0.825, 0.722)  | resids[ 40]=7.63e-08 cf=0.667
ndofs=   3861552: ['eta_0^p', 'omega']=(0.825, 0.744)  | resids[ 40]=8.80e-08 cf=0.675
ndofs=   3861552: ['eta_0^p', 'omega']=(0.825, 0.766)  | resids[ 40]=1.00e-07 cf=0.681
ndofs=   3861552: ['eta_0^p', 'omega']=(0.825, 0.789)  | resids[ 40]=1.14e-07 cf=0.686
ndofs=   3861552: ['eta_0^p', 'omega']=(0.825, 0.811)  | resids[ 40]=1.30e-07 cf=0.690
ndofs=   3861552: ['eta_0^p', 'omega']=(0.825, 0.833)  | resids[ 40]=1.48e-07 cf=0.694
ndofs=   3861552: ['eta_0^p', 'omega']=(0.825, 0.855)  | resids[ 40]=1.69e-07 cf=0.699
ndofs=   3861552: ['eta_0^p', 'omega']=(0.825, 0.878)  | resids[ 40]=1.98e-07 cf=0.704
ndofs=   3861552: ['eta_0^p', 'omega']=(0.825, 0.9)    | resids[ 40]=2.34e-07 cf=0.709
ndofs=   3861552: ['eta_0^p', 'omega']=(0.825, 0.922)  | resids[ 40]=2.81e-07 cf=0.713
ndofs=   3861552: ['eta_0^p', 'omega']=(0.825, 0.944)  | resids[ 40]=3.45e-07 cf=0.716
ndofs=   3861552: ['eta_0^p', 'omega']=(0.825, 0.967)  | resids[ 40]=4.41e-07 cf=0.720
ndofs=   3861552: ['eta_0^p', 'omega']=(0.825, 0.989)  | resids[ 40]=5.71e-07 cf=0.723
ndofs=   3861552: ['eta_0^p', 'omega']=(0.825, 1.011)  | resids[ 40]=7.12e-07 cf=0.726
ndofs=   3861552: ['eta_0^p', 'omega']=(0.825, 1.033)  | resids[ 40]=9.23e-07 cf=0.727
ndofs=   3861552: ['eta_0^p', 'omega']=(0.825, 1.056)  | resids[ 40]=1.33e-06 cf=0.722
ndofs=   3861552: ['eta_0^p', 'omega']=(0.825, 1.078)  | resids[ 40]=6.85e-05 cf=0.796
ndofs=   3861552: ['eta_0^p', 'omega']=(0.825, 1.1)    | resids[ 40]=9.24e-02 cf=0.987
ndofs=   3861552: ['eta_0^p', 'omega']=(0.988, 0.01)   | resids[ 40]=9.68e-05 cf=0.912
ndofs=   3861552: ['eta_0^p', 'omega']=(0.988, 0.032)  | resids[ 40]=2.50e-05 cf=0.826
ndofs=   3861552: ['eta_0^p', 'omega']=(0.988, 0.054)  | resids[ 40]=9.44e-06 cf=0.792
ndofs=   3861552: ['eta_0^p', 'omega']=(0.988, 0.077)  | resids[ 40]=3.26e-06 cf=0.739
ndofs=   3861552: ['eta_0^p', 'omega']=(0.988, 0.099)  | resids[ 40]=1.22e-06 cf=0.734
ndofs=   3861552: ['eta_0^p', 'omega']=(0.988, 0.121)  | resids[ 40]=4.74e-07 cf=0.726
ndofs=   3861552: ['eta_0^p', 'omega']=(0.988, 0.143)  | resids[ 40]=1.90e-07 cf=0.710
ndofs=   3861552: ['eta_0^p', 'omega']=(0.988, 0.166)  | resids[ 40]=6.84e-08 cf=0.675
ndofs=   3861552: ['eta_0^p', 'omega']=(0.988, 0.188)  | resids[ 40]=3.47e-08 cf=0.662
ndofs=   3861552: ['eta_0^p', 'omega']=(0.988, 0.21)   | resids[ 40]=1.57e-08 cf=0.644
ndofs=   3861552: ['eta_0^p', 'omega']=(0.988, 0.232)  | resids[ 39]=1.26e-08 cf=0.616
ndofs=   3861552: ['eta_0^p', 'omega']=(0.988, 0.255)  | resids[ 38]=1.52e-08 cf=0.616
ndofs=   3861552: ['eta_0^p', 'omega']=(0.988, 0.277)  | resids[ 38]=1.17e-08 cf=0.623
ndofs=   3861552: ['eta_0^p', 'omega']=(0.988, 0.299)  | resids[ 38]=1.00e-08 cf=0.622
ndofs=   3861552: ['eta_0^p', 'omega']=(0.988, 0.321)  | resids[ 37]=1.27e-08 cf=0.601
ndofs=   3861552: ['eta_0^p', 'omega']=(0.988, 0.344)  | resids[ 37]=1.10e-08 cf=0.596
ndofs=   3861552: ['eta_0^p', 'omega']=(0.988, 0.366)  | resids[ 37]=1.02e-08 cf=0.606
ndofs=   3861552: ['eta_0^p', 'omega']=(0.988, 0.388)  | resids[ 36]=1.54e-08 cf=0.608
ndofs=   3861552: ['eta_0^p', 'omega']=(0.988, 0.41)   | resids[ 36]=1.62e-08 cf=0.625
ndofs=   3861552: ['eta_0^p', 'omega']=(0.988, 0.433)  | resids[ 36]=1.50e-08 cf=0.620
ndofs=   3861552: ['eta_0^p', 'omega']=(0.988, 0.455)  | resids[ 36]=1.46e-08 cf=0.622
ndofs=   3861552: ['eta_0^p', 'omega']=(0.988, 0.477)  | resids[ 36]=1.49e-08 cf=0.620
ndofs=   3861552: ['eta_0^p', 'omega']=(0.988, 0.499)  | resids[ 37]=1.00e-08 cf=0.623
ndofs=   3861552: ['eta_0^p', 'omega']=(0.988, 0.522)  | resids[ 37]=1.10e-08 cf=0.636
ndofs=   3861552: ['eta_0^p', 'omega']=(0.988, 0.544)  | resids[ 37]=1.27e-08 cf=0.652
ndofs=   3861552: ['eta_0^p', 'omega']=(0.988, 0.566)  | resids[ 37]=1.47e-08 cf=0.664
ndofs=   3861552: ['eta_0^p', 'omega']=(0.988, 0.588)  | resids[ 38]=1.06e-08 cf=0.668
ndofs=   3861552: ['eta_0^p', 'omega']=(0.988, 0.611)  | resids[ 38]=1.11e-08 cf=0.658
ndofs=   3861552: ['eta_0^p', 'omega']=(0.988, 0.633)  | resids[ 38]=1.20e-08 cf=0.651
ndofs=   3861552: ['eta_0^p', 'omega']=(0.988, 0.655)  | resids[ 38]=1.30e-08 cf=0.646
ndofs=   3861552: ['eta_0^p', 'omega']=(0.988, 0.677)  | resids[ 38]=1.42e-08 cf=0.641
ndofs=   3861552: ['eta_0^p', 'omega']=(0.988, 0.7)    | resids[ 38]=1.57e-08 cf=0.634
ndofs=   3861552: ['eta_0^p', 'omega']=(0.988, 0.722)  | resids[ 39]=1.06e-08 cf=0.618
ndofs=   3861552: ['eta_0^p', 'omega']=(0.988, 0.744)  | resids[ 39]=1.17e-08 cf=0.622
ndofs=   3861552: ['eta_0^p', 'omega']=(0.988, 0.766)  | resids[ 39]=1.32e-08 cf=0.629
ndofs=   3861552: ['eta_0^p', 'omega']=(0.988, 0.789)  | resids[ 40]=1.01e-08 cf=0.644
ndofs=   3861552: ['eta_0^p', 'omega']=(0.988, 0.811)  | resids[ 40]=1.13e-08 cf=0.647
ndofs=   3861552: ['eta_0^p', 'omega']=(0.988, 0.833)  | resids[ 40]=1.26e-08 cf=0.651
ndofs=   3861552: ['eta_0^p', 'omega']=(0.988, 0.855)  | resids[ 40]=1.44e-08 cf=0.656
ndofs=   3861552: ['eta_0^p', 'omega']=(0.988, 0.878)  | resids[ 40]=1.69e-08 cf=0.660
ndofs=   3861552: ['eta_0^p', 'omega']=(0.988, 0.9)    | resids[ 40]=2.00e-08 cf=0.664
ndofs=   3861552: ['eta_0^p', 'omega']=(0.988, 0.922)  | resids[ 40]=2.42e-08 cf=0.666
ndofs=   3861552: ['eta_0^p', 'omega']=(0.988, 0.944)  | resids[ 40]=3.01e-08 cf=0.669
ndofs=   3861552: ['eta_0^p', 'omega']=(0.988, 0.967)  | resids[ 40]=3.89e-08 cf=0.672
ndofs=   3861552: ['eta_0^p', 'omega']=(0.988, 0.989)  | resids[ 40]=5.08e-08 cf=0.676
ndofs=   3861552: ['eta_0^p', 'omega']=(0.988, 1.011)  | resids[ 40]=6.40e-08 cf=0.678
ndofs=   3861552: ['eta_0^p', 'omega']=(0.988, 1.033)  | resids[ 40]=8.40e-08 cf=0.680
ndofs=   3861552: ['eta_0^p', 'omega']=(0.988, 1.056)  | resids[ 40]=1.37e-07 cf=0.680
ndofs=   3861552: ['eta_0^p', 'omega']=(0.988, 1.078)  | resids[ 40]=5.06e-05 cf=0.800
ndofs=   3861552: ['eta_0^p', 'omega']=(0.988, 1.1)    | resids[ 40]=7.03e-02 cf=0.989
ndofs=   3861552: ['eta_0^p', 'omega']=(1.151, 0.01)   | resids[ 40]=8.79e-05 cf=0.913
ndofs=   3861552: ['eta_0^p', 'omega']=(1.151, 0.032)  | resids[ 40]=2.18e-05 cf=0.844
ndofs=   3861552: ['eta_0^p', 'omega']=(1.151, 0.054)  | resids[ 40]=7.64e-06 cf=0.790
ndofs=   3861552: ['eta_0^p', 'omega']=(1.151, 0.077)  | resids[ 40]=2.89e-06 cf=0.748
ndofs=   3861552: ['eta_0^p', 'omega']=(1.151, 0.099)  | resids[ 40]=1.06e-06 cf=0.734
ndofs=   3861552: ['eta_0^p', 'omega']=(1.151, 0.121)  | resids[ 40]=4.21e-07 cf=0.728
ndofs=   3861552: ['eta_0^p', 'omega']=(1.151, 0.143)  | resids[ 40]=1.43e-07 cf=0.683
ndofs=   3861552: ['eta_0^p', 'omega']=(1.151, 0.166)  | resids[ 40]=5.72e-08 cf=0.675
ndofs=   3861552: ['eta_0^p', 'omega']=(1.151, 0.188)  | resids[ 40]=2.43e-08 cf=0.663
ndofs=   3861552: ['eta_0^p', 'omega']=(1.151, 0.21)   | resids[ 40]=1.02e-08 cf=0.652
ndofs=   3861552: ['eta_0^p', 'omega']=(1.151, 0.232)  | resids[ 38]=1.29e-08 cf=0.628
ndofs=   3861552: ['eta_0^p', 'omega']=(1.151, 0.255)  | resids[ 36]=1.48e-08 cf=0.611
ndofs=   3861552: ['eta_0^p', 'omega']=(1.151, 0.277)  | resids[ 35]=1.41e-08 cf=0.593
ndofs=   3861552: ['eta_0^p', 'omega']=(1.151, 0.299)  | resids[ 35]=1.01e-08 cf=0.570
ndofs=   3861552: ['eta_0^p', 'omega']=(1.151, 0.321)  | resids[ 34]=1.51e-08 cf=0.583
ndofs=   3861552: ['eta_0^p', 'omega']=(1.151, 0.344)  | resids[ 34]=1.23e-08 cf=0.587
ndofs=   3861552: ['eta_0^p', 'omega']=(1.151, 0.366)  | resids[ 34]=1.04e-08 cf=0.577
ndofs=   3861552: ['eta_0^p', 'omega']=(1.151, 0.388)  | resids[ 33]=1.58e-08 cf=0.582
ndofs=   3861552: ['eta_0^p', 'omega']=(1.151, 0.41)   | resids[ 33]=1.40e-08 cf=0.583
ndofs=   3861552: ['eta_0^p', 'omega']=(1.151, 0.433)  | resids[ 33]=1.33e-08 cf=0.580
ndofs=   3861552: ['eta_0^p', 'omega']=(1.151, 0.455)  | resids[ 33]=1.22e-08 cf=0.583
ndofs=   3861552: ['eta_0^p', 'omega']=(1.151, 0.477)  | resids[ 33]=1.21e-08 cf=0.595
ndofs=   3861552: ['eta_0^p', 'omega']=(1.151, 0.499)  | resids[ 33]=1.19e-08 cf=0.587
ndofs=   3861552: ['eta_0^p', 'omega']=(1.151, 0.522)  | resids[ 33]=1.22e-08 cf=0.590
ndofs=   3861552: ['eta_0^p', 'omega']=(1.151, 0.544)  | resids[ 33]=1.26e-08 cf=0.590
ndofs=   3861552: ['eta_0^p', 'omega']=(1.151, 0.566)  | resids[ 33]=1.34e-08 cf=0.590
ndofs=   3861552: ['eta_0^p', 'omega']=(1.151, 0.588)  | resids[ 33]=1.45e-08 cf=0.591
ndofs=   3861552: ['eta_0^p', 'omega']=(1.151, 0.611)  | resids[ 34]=1.06e-08 cf=0.609
ndofs=   3861552: ['eta_0^p', 'omega']=(1.151, 0.633)  | resids[ 34]=1.22e-08 cf=0.618
ndofs=   3861552: ['eta_0^p', 'omega']=(1.151, 0.655)  | resids[ 34]=1.40e-08 cf=0.631
ndofs=   3861552: ['eta_0^p', 'omega']=(1.151, 0.677)  | resids[ 34]=1.56e-08 cf=0.642
ndofs=   3861552: ['eta_0^p', 'omega']=(1.151, 0.7)    | resids[ 35]=1.00e-08 cf=0.633
ndofs=   3861552: ['eta_0^p', 'omega']=(1.151, 0.722)  | resids[ 35]=1.07e-08 cf=0.633
ndofs=   3861552: ['eta_0^p', 'omega']=(1.151, 0.744)  | resids[ 35]=1.12e-08 cf=0.631
ndofs=   3861552: ['eta_0^p', 'omega']=(1.151, 0.766)  | resids[ 35]=1.19e-08 cf=0.627
ndofs=   3861552: ['eta_0^p', 'omega']=(1.151, 0.789)  | resids[ 35]=1.28e-08 cf=0.623
ndofs=   3861552: ['eta_0^p', 'omega']=(1.151, 0.811)  | resids[ 35]=1.38e-08 cf=0.619
ndofs=   3861552: ['eta_0^p', 'omega']=(1.151, 0.833)  | resids[ 35]=1.51e-08 cf=0.617
ndofs=   3861552: ['eta_0^p', 'omega']=(1.151, 0.855)  | resids[ 36]=1.01e-08 cf=0.604
ndofs=   3861552: ['eta_0^p', 'omega']=(1.151, 0.878)  | resids[ 36]=1.17e-08 cf=0.605
ndofs=   3861552: ['eta_0^p', 'omega']=(1.151, 0.9)    | resids[ 36]=1.38e-08 cf=0.608
ndofs=   3861552: ['eta_0^p', 'omega']=(1.151, 0.922)  | resids[ 37]=1.05e-08 cf=0.617
ndofs=   3861552: ['eta_0^p', 'omega']=(1.151, 0.944)  | resids[ 37]=1.31e-08 cf=0.623
ndofs=   3861552: ['eta_0^p', 'omega']=(1.151, 0.967)  | resids[ 38]=1.06e-08 cf=0.631
ndofs=   3861552: ['eta_0^p', 'omega']=(1.151, 0.989)  | resids[ 38]=1.37e-08 cf=0.636
ndofs=   3861552: ['eta_0^p', 'omega']=(1.151, 1.011)  | resids[ 39]=1.16e-08 cf=0.641
ndofs=   3861552: ['eta_0^p', 'omega']=(1.151, 1.033)  | resids[ 39]=1.53e-08 cf=0.640
ndofs=   3861552: ['eta_0^p', 'omega']=(1.151, 1.056)  | resids[ 40]=1.73e-08 cf=0.644
ndofs=   3861552: ['eta_0^p', 'omega']=(1.151, 1.078)  | resids[ 40]=3.64e-05 cf=0.798
ndofs=   3861552: ['eta_0^p', 'omega']=(1.151, 1.1)    | resids[ 40]=5.45e-02 cf=0.992
ndofs=   3861552: ['eta_0^p', 'omega']=(1.314, 0.01)   | resids[ 40]=8.19e-05 cf=0.917
ndofs=   3861552: ['eta_0^p', 'omega']=(1.314, 0.032)  | resids[ 40]=2.01e-05 cf=0.862
ndofs=   3861552: ['eta_0^p', 'omega']=(1.314, 0.054)  | resids[ 40]=6.61e-06 cf=0.795
ndofs=   3861552: ['eta_0^p', 'omega']=(1.314, 0.077)  | resids[ 40]=2.57e-06 cf=0.752
ndofs=   3861552: ['eta_0^p', 'omega']=(1.314, 0.099)  | resids[ 40]=9.52e-07 cf=0.736
ndofs=   3861552: ['eta_0^p', 'omega']=(1.314, 0.121)  | resids[ 40]=3.85e-07 cf=0.728
ndofs=   3861552: ['eta_0^p', 'omega']=(1.314, 0.143)  | resids[ 40]=1.34e-07 cf=0.687
ndofs=   3861552: ['eta_0^p', 'omega']=(1.314, 0.166)  | resids[ 40]=5.34e-08 cf=0.673
ndofs=   3861552: ['eta_0^p', 'omega']=(1.314, 0.188)  | resids[ 40]=2.02e-08 cf=0.647
ndofs=   3861552: ['eta_0^p', 'omega']=(1.314, 0.21)   | resids[ 39]=1.49e-08 cf=0.655
ndofs=   3861552: ['eta_0^p', 'omega']=(1.314, 0.232)  | resids[ 38]=1.04e-08 cf=0.648
ndofs=   3861552: ['eta_0^p', 'omega']=(1.314, 0.255)  | resids[ 35]=1.62e-08 cf=0.612
ndofs=   3861552: ['eta_0^p', 'omega']=(1.314, 0.277)  | resids[ 34]=1.42e-08 cf=0.588
ndofs=   3861552: ['eta_0^p', 'omega']=(1.314, 0.299)  | resids[ 33]=1.39e-08 cf=0.582
ndofs=   3861552: ['eta_0^p', 'omega']=(1.314, 0.321)  | resids[ 32]=1.36e-08 cf=0.561
ndofs=   3861552: ['eta_0^p', 'omega']=(1.314, 0.344)  | resids[ 32]=1.06e-08 cf=0.562
ndofs=   3861552: ['eta_0^p', 'omega']=(1.314, 0.366)  | resids[ 31]=1.52e-08 cf=0.552
ndofs=   3861552: ['eta_0^p', 'omega']=(1.314, 0.388)  | resids[ 31]=1.22e-08 cf=0.549
ndofs=   3861552: ['eta_0^p', 'omega']=(1.314, 0.41)   | resids[ 31]=1.01e-08 cf=0.542
ndofs=   3861552: ['eta_0^p', 'omega']=(1.314, 0.433)  | resids[ 30]=1.54e-08 cf=0.533
ndofs=   3861552: ['eta_0^p', 'omega']=(1.314, 0.455)  | resids[ 30]=1.47e-08 cf=0.537
ndofs=   3861552: ['eta_0^p', 'omega']=(1.314, 0.477)  | resids[ 30]=1.37e-08 cf=0.547
ndofs=   3861552: ['eta_0^p', 'omega']=(1.314, 0.499)  | resids[ 30]=1.49e-08 cf=0.561
ndofs=   3861552: ['eta_0^p', 'omega']=(1.314, 0.522)  | resids[ 30]=1.50e-08 cf=0.555
ndofs=   3861552: ['eta_0^p', 'omega']=(1.314, 0.544)  | resids[ 30]=1.50e-08 cf=0.554
ndofs=   3861552: ['eta_0^p', 'omega']=(1.314, 0.566)  | resids[ 30]=1.56e-08 cf=0.565
ndofs=   3861552: ['eta_0^p', 'omega']=(1.314, 0.588)  | resids[ 30]=1.64e-08 cf=0.575
ndofs=   3861552: ['eta_0^p', 'omega']=(1.314, 0.611)  | resids[ 31]=1.03e-08 cf=0.575
ndofs=   3861552: ['eta_0^p', 'omega']=(1.314, 0.633)  | resids[ 31]=1.11e-08 cf=0.576
ndofs=   3861552: ['eta_0^p', 'omega']=(1.314, 0.655)  | resids[ 31]=1.16e-08 cf=0.574
ndofs=   3861552: ['eta_0^p', 'omega']=(1.314, 0.677)  | resids[ 31]=1.23e-08 cf=0.574
ndofs=   3861552: ['eta_0^p', 'omega']=(1.314, 0.7)    | resids[ 31]=1.33e-08 cf=0.578
ndofs=   3861552: ['eta_0^p', 'omega']=(1.314, 0.722)  | resids[ 31]=1.45e-08 cf=0.586
ndofs=   3861552: ['eta_0^p', 'omega']=(1.314, 0.744)  | resids[ 31]=1.57e-08 cf=0.595
ndofs=   3861552: ['eta_0^p', 'omega']=(1.314, 0.766)  | resids[ 32]=1.10e-08 cf=0.611
ndofs=   3861552: ['eta_0^p', 'omega']=(1.314, 0.789)  | resids[ 32]=1.22e-08 cf=0.618
ndofs=   3861552: ['eta_0^p', 'omega']=(1.314, 0.811)  | resids[ 32]=1.33e-08 cf=0.622
ndofs=   3861552: ['eta_0^p', 'omega']=(1.314, 0.833)  | resids[ 32]=1.44e-08 cf=0.623
ndofs=   3861552: ['eta_0^p', 'omega']=(1.314, 0.855)  | resids[ 32]=1.56e-08 cf=0.623
ndofs=   3861552: ['eta_0^p', 'omega']=(1.314, 0.878)  | resids[ 32]=1.71e-08 cf=0.621
ndofs=   3861552: ['eta_0^p', 'omega']=(1.314, 0.9)    | resids[ 33]=1.07e-08 cf=0.605
ndofs=   3861552: ['eta_0^p', 'omega']=(1.314, 0.922)  | resids[ 33]=1.29e-08 cf=0.605
ndofs=   3861552: ['eta_0^p', 'omega']=(1.314, 0.944)  | resids[ 33]=1.59e-08 cf=0.607
ndofs=   3861552: ['eta_0^p', 'omega']=(1.314, 0.967)  | resids[ 34]=1.18e-08 cf=0.595
ndofs=   3861552: ['eta_0^p', 'omega']=(1.314, 0.989)  | resids[ 34]=1.51e-08 cf=0.595
ndofs=   3861552: ['eta_0^p', 'omega']=(1.314, 1.011)  | resids[ 35]=1.18e-08 cf=0.591
ndofs=   3861552: ['eta_0^p', 'omega']=(1.314, 1.033)  | resids[ 36]=1.02e-08 cf=0.594
ndofs=   3861552: ['eta_0^p', 'omega']=(1.314, 1.056)  | resids[ 37]=1.16e-08 cf=0.596
ndofs=   3861552: ['eta_0^p', 'omega']=(1.314, 1.078)  | resids[ 40]=2.70e-05 cf=0.786
ndofs=   3861552: ['eta_0^p', 'omega']=(1.314, 1.1)    | resids[ 40]=4.50e-02 cf=0.994
ndofs=   3861552: ['eta_0^p', 'omega']=(1.478, 0.01)   | resids[ 40]=7.78e-05 cf=0.916
ndofs=   3861552: ['eta_0^p', 'omega']=(1.478, 0.032)  | resids[ 40]=1.83e-05 cf=0.869
ndofs=   3861552: ['eta_0^p', 'omega']=(1.478, 0.054)  | resids[ 40]=6.29e-06 cf=0.802
ndofs=   3861552: ['eta_0^p', 'omega']=(1.478, 0.077)  | resids[ 40]=2.29e-06 cf=0.752
ndofs=   3861552: ['eta_0^p', 'omega']=(1.478, 0.099)  | resids[ 40]=8.41e-07 cf=0.735
ndofs=   3861552: ['eta_0^p', 'omega']=(1.478, 0.121)  | resids[ 40]=3.22e-07 cf=0.721
ndofs=   3861552: ['eta_0^p', 'omega']=(1.478, 0.143)  | resids[ 40]=1.16e-07 cf=0.687
ndofs=   3861552: ['eta_0^p', 'omega']=(1.478, 0.166)  | resids[ 40]=4.60e-08 cf=0.673
ndofs=   3861552: ['eta_0^p', 'omega']=(1.478, 0.188)  | resids[ 40]=1.81e-08 cf=0.653
ndofs=   3861552: ['eta_0^p', 'omega']=(1.478, 0.21)   | resids[ 39]=1.27e-08 cf=0.657
ndofs=   3861552: ['eta_0^p', 'omega']=(1.478, 0.232)  | resids[ 37]=1.32e-08 cf=0.644
ndofs=   3861552: ['eta_0^p', 'omega']=(1.478, 0.255)  | resids[ 35]=1.42e-08 cf=0.621
ndofs=   3861552: ['eta_0^p', 'omega']=(1.478, 0.277)  | resids[ 34]=1.03e-08 cf=0.582
ndofs=   3861552: ['eta_0^p', 'omega']=(1.478, 0.299)  | resids[ 32]=1.51e-08 cf=0.565
ndofs=   3861552: ['eta_0^p', 'omega']=(1.478, 0.321)  | resids[ 31]=1.65e-08 cf=0.569
ndofs=   3861552: ['eta_0^p', 'omega']=(1.478, 0.344)  | resids[ 30]=1.81e-08 cf=0.574
ndofs=   3861552: ['eta_0^p', 'omega']=(1.478, 0.366)  | resids[ 29]=1.82e-08 cf=0.536
ndofs=   3861552: ['eta_0^p', 'omega']=(1.478, 0.388)  | resids[ 29]=1.17e-08 cf=0.510
ndofs=   3861552: ['eta_0^p', 'omega']=(1.478, 0.41)   | resids[ 29]=1.01e-08 cf=0.513
ndofs=   3861552: ['eta_0^p', 'omega']=(1.478, 0.433)  | resids[ 28]=1.71e-08 cf=0.525
ndofs=   3861552: ['eta_0^p', 'omega']=(1.478, 0.455)  | resids[ 28]=1.41e-08 cf=0.515
ndofs=   3861552: ['eta_0^p', 'omega']=(1.478, 0.477)  | resids[ 28]=1.19e-08 cf=0.507
ndofs=   3861552: ['eta_0^p', 'omega']=(1.478, 0.499)  | resids[ 28]=1.23e-08 cf=0.515
ndofs=   3861552: ['eta_0^p', 'omega']=(1.478, 0.522)  | resids[ 28]=1.21e-08 cf=0.513
ndofs=   3861552: ['eta_0^p', 'omega']=(1.478, 0.544)  | resids[ 28]=1.25e-08 cf=0.517
ndofs=   3861552: ['eta_0^p', 'omega']=(1.478, 0.566)  | resids[ 28]=1.36e-08 cf=0.527
ndofs=   3861552: ['eta_0^p', 'omega']=(1.478, 0.588)  | resids[ 28]=1.45e-08 cf=0.532
ndofs=   3861552: ['eta_0^p', 'omega']=(1.478, 0.611)  | resids[ 28]=1.51e-08 cf=0.533
ndofs=   3861552: ['eta_0^p', 'omega']=(1.478, 0.633)  | resids[ 28]=1.62e-08 cf=0.537
ndofs=   3861552: ['eta_0^p', 'omega']=(1.478, 0.655)  | resids[ 28]=1.73e-08 cf=0.542
ndofs=   3861552: ['eta_0^p', 'omega']=(1.478, 0.677)  | resids[ 28]=1.81e-08 cf=0.544
ndofs=   3861552: ['eta_0^p', 'omega']=(1.478, 0.7)    | resids[ 28]=1.84e-08 cf=0.543
ndofs=   3861552: ['eta_0^p', 'omega']=(1.478, 0.722)  | resids[ 28]=1.87e-08 cf=0.542
ndofs=   3861552: ['eta_0^p', 'omega']=(1.478, 0.744)  | resids[ 29]=1.05e-08 cf=0.546
ndofs=   3861552: ['eta_0^p', 'omega']=(1.478, 0.766)  | resids[ 29]=1.14e-08 cf=0.551
ndofs=   3861552: ['eta_0^p', 'omega']=(1.478, 0.789)  | resids[ 29]=1.25e-08 cf=0.557
ndofs=   3861552: ['eta_0^p', 'omega']=(1.478, 0.811)  | resids[ 29]=1.38e-08 cf=0.564
ndofs=   3861552: ['eta_0^p', 'omega']=(1.478, 0.833)  | resids[ 29]=1.53e-08 cf=0.572
ndofs=   3861552: ['eta_0^p', 'omega']=(1.478, 0.855)  | resids[ 30]=1.04e-08 cf=0.592
ndofs=   3861552: ['eta_0^p', 'omega']=(1.478, 0.878)  | resids[ 30]=1.19e-08 cf=0.598
ndofs=   3861552: ['eta_0^p', 'omega']=(1.478, 0.9)    | resids[ 30]=1.39e-08 cf=0.604
ndofs=   3861552: ['eta_0^p', 'omega']=(1.478, 0.922)  | resids[ 30]=1.67e-08 cf=0.610
ndofs=   3861552: ['eta_0^p', 'omega']=(1.478, 0.944)  | resids[ 31]=1.20e-08 cf=0.607
ndofs=   3861552: ['eta_0^p', 'omega']=(1.478, 0.967)  | resids[ 31]=1.46e-08 cf=0.609
ndofs=   3861552: ['eta_0^p', 'omega']=(1.478, 0.989)  | resids[ 32]=1.02e-08 cf=0.595
ndofs=   3861552: ['eta_0^p', 'omega']=(1.478, 1.011)  | resids[ 32]=1.37e-08 cf=0.600
ndofs=   3861552: ['eta_0^p', 'omega']=(1.478, 1.033)  | resids[ 33]=1.18e-08 cf=0.598
ndofs=   3861552: ['eta_0^p', 'omega']=(1.478, 1.056)  | resids[ 34]=1.53e-08 cf=0.584
ndofs=   3861552: ['eta_0^p', 'omega']=(1.478, 1.078)  | resids[ 40]=2.29e-05 cf=0.788
ndofs=   3861552: ['eta_0^p', 'omega']=(1.478, 1.1)    | resids[ 40]=4.09e-02 cf=0.995
ndofs=   3861552: ['eta_0^p', 'omega']=(1.641, 0.01)   | resids[ 40]=7.28e-05 cf=0.913
ndofs=   3861552: ['eta_0^p', 'omega']=(1.641, 0.032)  | resids[ 40]=1.75e-05 cf=0.875
ndofs=   3861552: ['eta_0^p', 'omega']=(1.641, 0.054)  | resids[ 40]=5.89e-06 cf=0.800
ndofs=   3861552: ['eta_0^p', 'omega']=(1.641, 0.077)  | resids[ 40]=2.10e-06 cf=0.755
ndofs=   3861552: ['eta_0^p', 'omega']=(1.641, 0.099)  | resids[ 40]=7.37e-07 cf=0.731
ndofs=   3861552: ['eta_0^p', 'omega']=(1.641, 0.121)  | resids[ 40]=2.79e-07 cf=0.727
ndofs=   3861552: ['eta_0^p', 'omega']=(1.641, 0.143)  | resids[ 40]=1.15e-07 cf=0.703
ndofs=   3861552: ['eta_0^p', 'omega']=(1.641, 0.166)  | resids[ 40]=4.03e-08 cf=0.680
ndofs=   3861552: ['eta_0^p', 'omega']=(1.641, 0.188)  | resids[ 40]=1.59e-08 cf=0.666
ndofs=   3861552: ['eta_0^p', 'omega']=(1.641, 0.21)   | resids[ 38]=1.52e-08 cf=0.656
ndofs=   3861552: ['eta_0^p', 'omega']=(1.641, 0.232)  | resids[ 37]=1.02e-08 cf=0.638
ndofs=   3861552: ['eta_0^p', 'omega']=(1.641, 0.255)  | resids[ 35]=1.16e-08 cf=0.609
ndofs=   3861552: ['eta_0^p', 'omega']=(1.641, 0.277)  | resids[ 33]=1.45e-08 cf=0.565
ndofs=   3861552: ['eta_0^p', 'omega']=(1.641, 0.299)  | resids[ 32]=1.25e-08 cf=0.554
ndofs=   3861552: ['eta_0^p', 'omega']=(1.641, 0.321)  | resids[ 31]=1.19e-08 cf=0.549
ndofs=   3861552: ['eta_0^p', 'omega']=(1.641, 0.344)  | resids[ 30]=1.16e-08 cf=0.547
ndofs=   3861552: ['eta_0^p', 'omega']=(1.641, 0.366)  | resids[ 29]=1.17e-08 cf=0.525
ndofs=   3861552: ['eta_0^p', 'omega']=(1.641, 0.388)  | resids[ 28]=1.40e-08 cf=0.528
ndofs=   3861552: ['eta_0^p', 'omega']=(1.641, 0.41)   | resids[ 27]=1.65e-08 cf=0.518
ndofs=   3861552: ['eta_0^p', 'omega']=(1.641, 0.433)  | resids[ 27]=1.08e-08 cf=0.505
ndofs=   3861552: ['eta_0^p', 'omega']=(1.641, 0.455)  | resids[ 26]=1.66e-08 cf=0.491
ndofs=   3861552: ['eta_0^p', 'omega']=(1.641, 0.477)  | resids[ 26]=1.51e-08 cf=0.486
ndofs=   3861552: ['eta_0^p', 'omega']=(1.641, 0.499)  | resids[ 26]=1.46e-08 cf=0.489
ndofs=   3861552: ['eta_0^p', 'omega']=(1.641, 0.522)  | resids[ 26]=1.36e-08 cf=0.490
ndofs=   3861552: ['eta_0^p', 'omega']=(1.641, 0.544)  | resids[ 26]=1.37e-08 cf=0.493
ndofs=   3861552: ['eta_0^p', 'omega']=(1.641, 0.566)  | resids[ 26]=1.45e-08 cf=0.499
ndofs=   3861552: ['eta_0^p', 'omega']=(1.641, 0.588)  | resids[ 26]=1.50e-08 cf=0.500
ndofs=   3861552: ['eta_0^p', 'omega']=(1.641, 0.611)  | resids[ 26]=1.53e-08 cf=0.500
ndofs=   3861552: ['eta_0^p', 'omega']=(1.641, 0.633)  | resids[ 26]=1.63e-08 cf=0.503
ndofs=   3861552: ['eta_0^p', 'omega']=(1.641, 0.655)  | resids[ 26]=1.76e-08 cf=0.508
ndofs=   3861552: ['eta_0^p', 'omega']=(1.641, 0.677)  | resids[ 26]=1.85e-08 cf=0.509
ndofs=   3861552: ['eta_0^p', 'omega']=(1.641, 0.7)    | resids[ 27]=1.06e-08 cf=0.517
ndofs=   3861552: ['eta_0^p', 'omega']=(1.641, 0.722)  | resids[ 27]=1.13e-08 cf=0.520
ndofs=   3861552: ['eta_0^p', 'omega']=(1.641, 0.744)  | resids[ 27]=1.20e-08 cf=0.523
ndofs=   3861552: ['eta_0^p', 'omega']=(1.641, 0.766)  | resids[ 27]=1.28e-08 cf=0.526
ndofs=   3861552: ['eta_0^p', 'omega']=(1.641, 0.789)  | resids[ 27]=1.36e-08 cf=0.529
ndofs=   3861552: ['eta_0^p', 'omega']=(1.641, 0.811)  | resids[ 27]=1.46e-08 cf=0.531
ndofs=   3861552: ['eta_0^p', 'omega']=(1.641, 0.833)  | resids[ 27]=1.57e-08 cf=0.534
ndofs=   3861552: ['eta_0^p', 'omega']=(1.641, 0.855)  | resids[ 27]=1.72e-08 cf=0.537
ndofs=   3861552: ['eta_0^p', 'omega']=(1.641, 0.878)  | resids[ 28]=1.07e-08 cf=0.541
ndofs=   3861552: ['eta_0^p', 'omega']=(1.641, 0.9)    | resids[ 28]=1.24e-08 cf=0.546
ndofs=   3861552: ['eta_0^p', 'omega']=(1.641, 0.922)  | resids[ 28]=1.48e-08 cf=0.552
ndofs=   3861552: ['eta_0^p', 'omega']=(1.641, 0.944)  | resids[ 29]=1.07e-08 cf=0.570
ndofs=   3861552: ['eta_0^p', 'omega']=(1.641, 0.967)  | resids[ 29]=1.35e-08 cf=0.577
ndofs=   3861552: ['eta_0^p', 'omega']=(1.641, 0.989)  | resids[ 30]=1.03e-08 cf=0.596
ndofs=   3861552: ['eta_0^p', 'omega']=(1.641, 1.011)  | resids[ 30]=1.40e-08 cf=0.600
ndofs=   3861552: ['eta_0^p', 'omega']=(1.641, 1.033)  | resids[ 31]=1.23e-08 cf=0.613
ndofs=   3861552: ['eta_0^p', 'omega']=(1.641, 1.056)  | resids[ 33]=1.69e-08 cf=0.558
ndofs=   3861552: ['eta_0^p', 'omega']=(1.641, 1.078)  | resids[ 40]=2.07e-05 cf=0.792
ndofs=   3861552: ['eta_0^p', 'omega']=(1.641, 1.1)    | resids[ 40]=4.02e-02 cf=0.993
ndofs=   3861552: ['eta_0^p', 'omega']=(1.804, 0.01)   | resids[ 40]=6.92e-05 cf=0.910
ndofs=   3861552: ['eta_0^p', 'omega']=(1.804, 0.032)  | resids[ 40]=1.64e-05 cf=0.870
ndofs=   3861552: ['eta_0^p', 'omega']=(1.804, 0.054)  | resids[ 40]=5.69e-06 cf=0.799
ndofs=   3861552: ['eta_0^p', 'omega']=(1.804, 0.077)  | resids[ 40]=1.94e-06 cf=0.757
ndofs=   3861552: ['eta_0^p', 'omega']=(1.804, 0.099)  | resids[ 40]=6.74e-07 cf=0.728
ndofs=   3861552: ['eta_0^p', 'omega']=(1.804, 0.121)  | resids[ 40]=2.68e-07 cf=0.739
ndofs=   3861552: ['eta_0^p', 'omega']=(1.804, 0.143)  | resids[ 40]=1.10e-07 cf=0.720
ndofs=   3861552: ['eta_0^p', 'omega']=(1.804, 0.166)  | resids[ 40]=3.82e-08 cf=0.687
ndofs=   3861552: ['eta_0^p', 'omega']=(1.804, 0.188)  | resids[ 40]=1.58e-08 cf=0.688
ndofs=   3861552: ['eta_0^p', 'omega']=(1.804, 0.21)   | resids[ 38]=1.32e-08 cf=0.638
ndofs=   3861552: ['eta_0^p', 'omega']=(1.804, 0.232)  | resids[ 36]=1.43e-08 cf=0.627
ndofs=   3861552: ['eta_0^p', 'omega']=(1.804, 0.255)  | resids[ 35]=1.00e-08 cf=0.607
ndofs=   3861552: ['eta_0^p', 'omega']=(1.804, 0.277)  | resids[ 33]=1.27e-08 cf=0.575
ndofs=   3861552: ['eta_0^p', 'omega']=(1.804, 0.299)  | resids[ 32]=1.08e-08 cf=0.566
ndofs=   3861552: ['eta_0^p', 'omega']=(1.804, 0.321)  | resids[ 30]=1.78e-08 cf=0.552
ndofs=   3861552: ['eta_0^p', 'omega']=(1.804, 0.344)  | resids[ 29]=1.69e-08 cf=0.540
ndofs=   3861552: ['eta_0^p', 'omega']=(1.804, 0.366)  | resids[ 28]=1.97e-08 cf=0.546
ndofs=   3861552: ['eta_0^p', 'omega']=(1.804, 0.388)  | resids[ 28]=1.09e-08 cf=0.526
ndofs=   3861552: ['eta_0^p', 'omega']=(1.804, 0.41)   | resids[ 27]=1.21e-08 cf=0.515
ndofs=   3861552: ['eta_0^p', 'omega']=(1.804, 0.433)  | resids[ 26]=1.42e-08 cf=0.511
ndofs=   3861552: ['eta_0^p', 'omega']=(1.804, 0.455)  | resids[ 25]=1.85e-08 cf=0.518
ndofs=   3861552: ['eta_0^p', 'omega']=(1.804, 0.477)  | resids[ 25]=1.20e-08 cf=0.492
ndofs=   3861552: ['eta_0^p', 'omega']=(1.804, 0.499)  | resids[ 24]=2.23e-08 cf=0.496
ndofs=   3861552: ['eta_0^p', 'omega']=(1.804, 0.522)  | resids[ 24]=2.00e-08 cf=0.488
ndofs=   3861552: ['eta_0^p', 'omega']=(1.804, 0.544)  | resids[ 24]=1.99e-08 cf=0.490
ndofs=   3861552: ['eta_0^p', 'omega']=(1.804, 0.566)  | resids[ 24]=2.06e-08 cf=0.495
ndofs=   3861552: ['eta_0^p', 'omega']=(1.804, 0.588)  | resids[ 24]=2.13e-08 cf=0.496
ndofs=   3861552: ['eta_0^p', 'omega']=(1.804, 0.611)  | resids[ 25]=1.03e-08 cf=0.491
ndofs=   3861552: ['eta_0^p', 'omega']=(1.804, 0.633)  | resids[ 25]=1.09e-08 cf=0.491
ndofs=   3861552: ['eta_0^p', 'omega']=(1.804, 0.655)  | resids[ 25]=1.17e-08 cf=0.491
ndofs=   3861552: ['eta_0^p', 'omega']=(1.804, 0.677)  | resids[ 25]=1.28e-08 cf=0.493
ndofs=   3861552: ['eta_0^p', 'omega']=(1.804, 0.7)    | resids[ 25]=1.42e-08 cf=0.496
ndofs=   3861552: ['eta_0^p', 'omega']=(1.804, 0.722)  | resids[ 25]=1.58e-08 cf=0.500
ndofs=   3861552: ['eta_0^p', 'omega']=(1.804, 0.744)  | resids[ 25]=1.75e-08 cf=0.503
ndofs=   3861552: ['eta_0^p', 'omega']=(1.804, 0.766)  | resids[ 25]=1.94e-08 cf=0.507
ndofs=   3861552: ['eta_0^p', 'omega']=(1.804, 0.789)  | resids[ 26]=1.01e-08 cf=0.497
ndofs=   3861552: ['eta_0^p', 'omega']=(1.804, 0.811)  | resids[ 26]=1.14e-08 cf=0.501
ndofs=   3861552: ['eta_0^p', 'omega']=(1.804, 0.833)  | resids[ 26]=1.29e-08 cf=0.506
ndofs=   3861552: ['eta_0^p', 'omega']=(1.804, 0.855)  | resids[ 26]=1.48e-08 cf=0.511
ndofs=   3861552: ['eta_0^p', 'omega']=(1.804, 0.878)  | resids[ 26]=1.70e-08 cf=0.515
ndofs=   3861552: ['eta_0^p', 'omega']=(1.804, 0.9)    | resids[ 27]=1.04e-08 cf=0.522
ndofs=   3861552: ['eta_0^p', 'omega']=(1.804, 0.922)  | resids[ 27]=1.20e-08 cf=0.527
ndofs=   3861552: ['eta_0^p', 'omega']=(1.804, 0.944)  | resids[ 27]=1.41e-08 cf=0.531
ndofs=   3861552: ['eta_0^p', 'omega']=(1.804, 0.967)  | resids[ 27]=1.73e-08 cf=0.534
ndofs=   3861552: ['eta_0^p', 'omega']=(1.804, 0.989)  | resids[ 28]=1.22e-08 cf=0.542
ndofs=   3861552: ['eta_0^p', 'omega']=(1.804, 1.011)  | resids[ 28]=1.65e-08 cf=0.550
ndofs=   3861552: ['eta_0^p', 'omega']=(1.804, 1.033)  | resids[ 29]=1.36e-08 cf=0.558
ndofs=   3861552: ['eta_0^p', 'omega']=(1.804, 1.056)  | resids[ 33]=1.50e-08 cf=0.551
ndofs=   3861552: ['eta_0^p', 'omega']=(1.804, 1.078)  | resids[ 40]=1.99e-05 cf=0.794
ndofs=   3861552: ['eta_0^p', 'omega']=(1.804, 1.1)    | resids[ 40]=4.09e-02 cf=0.992
ndofs=   3861552: ['eta_0^p', 'omega']=(1.967, 0.01)   | resids[ 40]=6.64e-05 cf=0.908
ndofs=   3861552: ['eta_0^p', 'omega']=(1.967, 0.032)  | resids[ 40]=1.59e-05 cf=0.868
ndofs=   3861552: ['eta_0^p', 'omega']=(1.967, 0.054)  | resids[ 40]=5.53e-06 cf=0.798
ndofs=   3861552: ['eta_0^p', 'omega']=(1.967, 0.077)  | resids[ 40]=1.80e-06 cf=0.758
ndofs=   3861552: ['eta_0^p', 'omega']=(1.967, 0.099)  | resids[ 40]=6.45e-07 cf=0.729
ndofs=   3861552: ['eta_0^p', 'omega']=(1.967, 0.121)  | resids[ 40]=2.56e-07 cf=0.742
ndofs=   3861552: ['eta_0^p', 'omega']=(1.967, 0.143)  | resids[ 40]=1.01e-07 cf=0.720
ndofs=   3861552: ['eta_0^p', 'omega']=(1.967, 0.166)  | resids[ 40]=3.63e-08 cf=0.694
ndofs=   3861552: ['eta_0^p', 'omega']=(1.967, 0.188)  | resids[ 40]=1.44e-08 cf=0.684
ndofs=   3861552: ['eta_0^p', 'omega']=(1.967, 0.21)   | resids[ 38]=1.28e-08 cf=0.642
ndofs=   3861552: ['eta_0^p', 'omega']=(1.967, 0.232)  | resids[ 36]=1.24e-08 cf=0.617
ndofs=   3861552: ['eta_0^p', 'omega']=(1.967, 0.255)  | resids[ 34]=1.39e-08 cf=0.601
ndofs=   3861552: ['eta_0^p', 'omega']=(1.967, 0.277)  | resids[ 33]=1.19e-08 cf=0.591
ndofs=   3861552: ['eta_0^p', 'omega']=(1.967, 0.299)  | resids[ 32]=1.05e-08 cf=0.591
ndofs=   3861552: ['eta_0^p', 'omega']=(1.967, 0.321)  | resids[ 30]=1.50e-08 cf=0.560
ndofs=   3861552: ['eta_0^p', 'omega']=(1.967, 0.344)  | resids[ 29]=1.34e-08 cf=0.549
ndofs=   3861552: ['eta_0^p', 'omega']=(1.967, 0.366)  | resids[ 28]=1.51e-08 cf=0.554
ndofs=   3861552: ['eta_0^p', 'omega']=(1.967, 0.388)  | resids[ 27]=1.64e-08 cf=0.545
ndofs=   3861552: ['eta_0^p', 'omega']=(1.967, 0.41)   | resids[ 26]=1.79e-08 cf=0.526
ndofs=   3861552: ['eta_0^p', 'omega']=(1.967, 0.433)  | resids[ 26]=1.10e-08 cf=0.510
ndofs=   3861552: ['eta_0^p', 'omega']=(1.967, 0.455)  | resids[ 25]=1.36e-08 cf=0.510
ndofs=   3861552: ['eta_0^p', 'omega']=(1.967, 0.477)  | resids[ 24]=2.01e-08 cf=0.511
ndofs=   3861552: ['eta_0^p', 'omega']=(1.967, 0.499)  | resids[ 24]=1.40e-08 cf=0.501
ndofs=   3861552: ['eta_0^p', 'omega']=(1.967, 0.522)  | resids[ 24]=1.00e-08 cf=0.488
ndofs=   3861552: ['eta_0^p', 'omega']=(1.967, 0.544)  | resids[ 23]=1.78e-08 cf=0.479
ndofs=   3861552: ['eta_0^p', 'omega']=(1.967, 0.566)  | resids[ 23]=1.69e-08 cf=0.473
ndofs=   3861552: ['eta_0^p', 'omega']=(1.967, 0.588)  | resids[ 23]=1.76e-08 cf=0.473
ndofs=   3861552: ['eta_0^p', 'omega']=(1.967, 0.611)  | resids[ 23]=1.88e-08 cf=0.472
ndofs=   3861552: ['eta_0^p', 'omega']=(1.967, 0.633)  | resids[ 23]=2.02e-08 cf=0.471
ndofs=   3861552: ['eta_0^p', 'omega']=(1.967, 0.655)  | resids[ 24]=1.03e-08 cf=0.472
ndofs=   3861552: ['eta_0^p', 'omega']=(1.967, 0.677)  | resids[ 24]=1.17e-08 cf=0.475
ndofs=   3861552: ['eta_0^p', 'omega']=(1.967, 0.7)    | resids[ 24]=1.38e-08 cf=0.481
ndofs=   3861552: ['eta_0^p', 'omega']=(1.967, 0.722)  | resids[ 24]=1.62e-08 cf=0.487
ndofs=   3861552: ['eta_0^p', 'omega']=(1.967, 0.744)  | resids[ 24]=1.91e-08 cf=0.493
ndofs=   3861552: ['eta_0^p', 'omega']=(1.967, 0.766)  | resids[ 25]=1.03e-08 cf=0.494
ndofs=   3861552: ['eta_0^p', 'omega']=(1.967, 0.789)  | resids[ 25]=1.20e-08 cf=0.498
ndofs=   3861552: ['eta_0^p', 'omega']=(1.967, 0.811)  | resids[ 25]=1.39e-08 cf=0.502
ndofs=   3861552: ['eta_0^p', 'omega']=(1.967, 0.833)  | resids[ 25]=1.64e-08 cf=0.506
ndofs=   3861552: ['eta_0^p', 'omega']=(1.967, 0.855)  | resids[ 25]=1.93e-08 cf=0.511
ndofs=   3861552: ['eta_0^p', 'omega']=(1.967, 0.878)  | resids[ 26]=1.22e-08 cf=0.513
ndofs=   3861552: ['eta_0^p', 'omega']=(1.967, 0.9)    | resids[ 26]=1.49e-08 cf=0.521
ndofs=   3861552: ['eta_0^p', 'omega']=(1.967, 0.922)  | resids[ 26]=1.82e-08 cf=0.528
ndofs=   3861552: ['eta_0^p', 'omega']=(1.967, 0.944)  | resids[ 27]=1.22e-08 cf=0.538
ndofs=   3861552: ['eta_0^p', 'omega']=(1.967, 0.967)  | resids[ 27]=1.60e-08 cf=0.544
ndofs=   3861552: ['eta_0^p', 'omega']=(1.967, 0.989)  | resids[ 28]=1.20e-08 cf=0.552
ndofs=   3861552: ['eta_0^p', 'omega']=(1.967, 1.011)  | resids[ 28]=1.69e-08 cf=0.560
ndofs=   3861552: ['eta_0^p', 'omega']=(1.967, 1.033)  | resids[ 29]=1.43e-08 cf=0.565
ndofs=   3861552: ['eta_0^p', 'omega']=(1.967, 1.056)  | resids[ 34]=1.20e-08 cf=0.566
ndofs=   3861552: ['eta_0^p', 'omega']=(1.967, 1.078)  | resids[ 40]=2.09e-05 cf=0.790
ndofs=   3861552: ['eta_0^p', 'omega']=(1.967, 1.1)    | resids[ 40]=4.18e-02 cf=0.992
ndofs=   3861552: ['eta_0^p', 'omega']=(2.13, 0.01)    | resids[ 40]=6.50e-05 cf=0.908
ndofs=   3861552: ['eta_0^p', 'omega']=(2.13, 0.032)   | resids[ 40]=1.54e-05 cf=0.866
ndofs=   3861552: ['eta_0^p', 'omega']=(2.13, 0.054)   | resids[ 40]=5.12e-06 cf=0.794
ndofs=   3861552: ['eta_0^p', 'omega']=(2.13, 0.077)   | resids[ 40]=1.68e-06 cf=0.760
ndofs=   3861552: ['eta_0^p', 'omega']=(2.13, 0.099)   | resids[ 40]=6.36e-07 cf=0.733
ndofs=   3861552: ['eta_0^p', 'omega']=(2.13, 0.121)   | resids[ 40]=2.42e-07 cf=0.739
ndofs=   3861552: ['eta_0^p', 'omega']=(2.13, 0.143)   | resids[ 40]=9.43e-08 cf=0.718
ndofs=   3861552: ['eta_0^p', 'omega']=(2.13, 0.166)   | resids[ 40]=3.50e-08 cf=0.696
ndofs=   3861552: ['eta_0^p', 'omega']=(2.13, 0.188)   | resids[ 40]=1.41e-08 cf=0.684
ndofs=   3861552: ['eta_0^p', 'omega']=(2.13, 0.21)    | resids[ 38]=1.28e-08 cf=0.655
ndofs=   3861552: ['eta_0^p', 'omega']=(2.13, 0.232)   | resids[ 36]=1.16e-08 cf=0.620
ndofs=   3861552: ['eta_0^p', 'omega']=(2.13, 0.255)   | resids[ 34]=1.23e-08 cf=0.591
ndofs=   3861552: ['eta_0^p', 'omega']=(2.13, 0.277)   | resids[ 33]=1.04e-08 cf=0.583
ndofs=   3861552: ['eta_0^p', 'omega']=(2.13, 0.299)   | resids[ 31]=1.57e-08 cf=0.580
ndofs=   3861552: ['eta_0^p', 'omega']=(2.13, 0.321)   | resids[ 30]=1.39e-08 cf=0.571
ndofs=   3861552: ['eta_0^p', 'omega']=(2.13, 0.344)   | resids[ 29]=1.21e-08 cf=0.557
ndofs=   3861552: ['eta_0^p', 'omega']=(2.13, 0.366)   | resids[ 28]=1.21e-08 cf=0.546
ndofs=   3861552: ['eta_0^p', 'omega']=(2.13, 0.388)   | resids[ 27]=1.23e-08 cf=0.533
ndofs=   3861552: ['eta_0^p', 'omega']=(2.13, 0.41)    | resids[ 26]=1.31e-08 cf=0.520
ndofs=   3861552: ['eta_0^p', 'omega']=(2.13, 0.433)   | resids[ 25]=1.47e-08 cf=0.519
ndofs=   3861552: ['eta_0^p', 'omega']=(2.13, 0.455)   | resids[ 24]=1.90e-08 cf=0.503
ndofs=   3861552: ['eta_0^p', 'omega']=(2.13, 0.477)   | resids[ 24]=1.30e-08 cf=0.493
ndofs=   3861552: ['eta_0^p', 'omega']=(2.13, 0.499)   | resids[ 23]=2.00e-08 cf=0.486
ndofs=   3861552: ['eta_0^p', 'omega']=(2.13, 0.522)   | resids[ 23]=1.54e-08 cf=0.483
ndofs=   3861552: ['eta_0^p', 'omega']=(2.13, 0.544)   | resids[ 23]=1.28e-08 cf=0.483
ndofs=   3861552: ['eta_0^p', 'omega']=(2.13, 0.566)   | resids[ 23]=1.08e-08 cf=0.480
ndofs=   3861552: ['eta_0^p', 'omega']=(2.13, 0.588)   | resids[ 22]=1.93e-08 cf=0.466
ndofs=   3861552: ['eta_0^p', 'omega']=(2.13, 0.611)   | resids[ 22]=1.81e-08 cf=0.452
ndofs=   3861552: ['eta_0^p', 'omega']=(2.13, 0.633)   | resids[ 22]=1.94e-08 cf=0.446
ndofs=   3861552: ['eta_0^p', 'omega']=(2.13, 0.655)   | resids[ 23]=1.05e-08 cf=0.455
ndofs=   3861552: ['eta_0^p', 'omega']=(2.13, 0.677)   | resids[ 23]=1.29e-08 cf=0.461
ndofs=   3861552: ['eta_0^p', 'omega']=(2.13, 0.7)     | resids[ 23]=1.62e-08 cf=0.467
ndofs=   3861552: ['eta_0^p', 'omega']=(2.13, 0.722)   | resids[ 23]=2.01e-08 cf=0.473
ndofs=   3861552: ['eta_0^p', 'omega']=(2.13, 0.744)   | resids[ 24]=1.22e-08 cf=0.486
ndofs=   3861552: ['eta_0^p', 'omega']=(2.13, 0.766)   | resids[ 24]=1.50e-08 cf=0.491
ndofs=   3861552: ['eta_0^p', 'omega']=(2.13, 0.789)   | resids[ 24]=1.89e-08 cf=0.496
ndofs=   3861552: ['eta_0^p', 'omega']=(2.13, 0.811)   | resids[ 25]=1.18e-08 cf=0.505
ndofs=   3861552: ['eta_0^p', 'omega']=(2.13, 0.833)   | resids[ 25]=1.60e-08 cf=0.515
ndofs=   3861552: ['eta_0^p', 'omega']=(2.13, 0.855)   | resids[ 26]=1.24e-08 cf=0.530
ndofs=   3861552: ['eta_0^p', 'omega']=(2.13, 0.878)   | resids[ 26]=1.86e-08 cf=0.547
ndofs=   3861552: ['eta_0^p', 'omega']=(2.13, 0.9)     | resids[ 27]=1.42e-08 cf=0.556
ndofs=   3861552: ['eta_0^p', 'omega']=(2.13, 0.922)   | resids[ 28]=1.15e-08 cf=0.565
ndofs=   3861552: ['eta_0^p', 'omega']=(2.13, 0.944)   | resids[ 28]=1.65e-08 cf=0.571
ndofs=   3861552: ['eta_0^p', 'omega']=(2.13, 0.967)   | resids[ 29]=1.38e-08 cf=0.577
ndofs=   3861552: ['eta_0^p', 'omega']=(2.13, 0.989)   | resids[ 30]=1.16e-08 cf=0.588
ndofs=   3861552: ['eta_0^p', 'omega']=(2.13, 1.011)   | resids[ 31]=1.02e-08 cf=0.594
ndofs=   3861552: ['eta_0^p', 'omega']=(2.13, 1.033)   | resids[ 31]=1.67e-08 cf=0.601
ndofs=   3861552: ['eta_0^p', 'omega']=(2.13, 1.056)   | resids[ 36]=1.04e-08 cf=0.602
ndofs=   3861552: ['eta_0^p', 'omega']=(2.13, 1.078)   | resids[ 40]=2.56e-05 cf=0.799
ndofs=   3861552: ['eta_0^p', 'omega']=(2.13, 1.1)     | resids[ 40]=4.22e-02 cf=0.992
ndofs=   3861552: ['eta_0^p', 'omega']=(2.293, 0.01)   | resids[ 40]=6.25e-05 cf=0.903
ndofs=   3861552: ['eta_0^p', 'omega']=(2.293, 0.032)  | resids[ 40]=1.50e-05 cf=0.864
ndofs=   3861552: ['eta_0^p', 'omega']=(2.293, 0.054)  | resids[ 40]=4.64e-06 cf=0.787
ndofs=   3861552: ['eta_0^p', 'omega']=(2.293, 0.077)  | resids[ 40]=1.58e-06 cf=0.761
ndofs=   3861552: ['eta_0^p', 'omega']=(2.293, 0.099)  | resids[ 40]=6.21e-07 cf=0.736
ndofs=   3861552: ['eta_0^p', 'omega']=(2.293, 0.121)  | resids[ 40]=2.28e-07 cf=0.734
ndofs=   3861552: ['eta_0^p', 'omega']=(2.293, 0.143)  | resids[ 40]=8.94e-08 cf=0.717
ndofs=   3861552: ['eta_0^p', 'omega']=(2.293, 0.166)  | resids[ 40]=3.51e-08 cf=0.698
ndofs=   3861552: ['eta_0^p', 'omega']=(2.293, 0.188)  | resids[ 40]=1.41e-08 cf=0.685
ndofs=   3861552: ['eta_0^p', 'omega']=(2.293, 0.21)   | resids[ 38]=1.26e-08 cf=0.664
ndofs=   3861552: ['eta_0^p', 'omega']=(2.293, 0.232)  | resids[ 36]=1.14e-08 cf=0.623
ndofs=   3861552: ['eta_0^p', 'omega']=(2.293, 0.255)  | resids[ 34]=1.18e-08 cf=0.587
ndofs=   3861552: ['eta_0^p', 'omega']=(2.293, 0.277)  | resids[ 32]=1.85e-08 cf=0.593
ndofs=   3861552: ['eta_0^p', 'omega']=(2.293, 0.299)  | resids[ 31]=1.45e-08 cf=0.581
ndofs=   3861552: ['eta_0^p', 'omega']=(2.293, 0.321)  | resids[ 30]=1.29e-08 cf=0.574
ndofs=   3861552: ['eta_0^p', 'omega']=(2.293, 0.344)  | resids[ 29]=1.14e-08 cf=0.563
ndofs=   3861552: ['eta_0^p', 'omega']=(2.293, 0.366)  | resids[ 28]=1.08e-08 cf=0.544
ndofs=   3861552: ['eta_0^p', 'omega']=(2.293, 0.388)  | resids[ 27]=1.04e-08 cf=0.523
ndofs=   3861552: ['eta_0^p', 'omega']=(2.293, 0.41)   | resids[ 26]=1.05e-08 cf=0.509
ndofs=   3861552: ['eta_0^p', 'omega']=(2.293, 0.433)  | resids[ 25]=1.15e-08 cf=0.512
ndofs=   3861552: ['eta_0^p', 'omega']=(2.293, 0.455)  | resids[ 24]=1.45e-08 cf=0.503
ndofs=   3861552: ['eta_0^p', 'omega']=(2.293, 0.477)  | resids[ 23]=2.04e-08 cf=0.492
ndofs=   3861552: ['eta_0^p', 'omega']=(2.293, 0.499)  | resids[ 23]=1.36e-08 cf=0.477
ndofs=   3861552: ['eta_0^p', 'omega']=(2.293, 0.522)  | resids[ 22]=2.14e-08 cf=0.463
ndofs=   3861552: ['eta_0^p', 'omega']=(2.293, 0.544)  | resids[ 22]=1.64e-08 cf=0.455
ndofs=   3861552: ['eta_0^p', 'omega']=(2.293, 0.566)  | resids[ 22]=1.44e-08 cf=0.456
ndofs=   3861552: ['eta_0^p', 'omega']=(2.293, 0.588)  | resids[ 22]=1.44e-08 cf=0.462
ndofs=   3861552: ['eta_0^p', 'omega']=(2.293, 0.611)  | resids[ 22]=1.49e-08 cf=0.465
ndofs=   3861552: ['eta_0^p', 'omega']=(2.293, 0.633)  | resids[ 22]=1.52e-08 cf=0.459
ndofs=   3861552: ['eta_0^p', 'omega']=(2.293, 0.655)  | resids[ 22]=1.62e-08 cf=0.453
ndofs=   3861552: ['eta_0^p', 'omega']=(2.293, 0.677)  | resids[ 22]=1.95e-08 cf=0.453
ndofs=   3861552: ['eta_0^p', 'omega']=(2.293, 0.7)    | resids[ 23]=1.21e-08 cf=0.466
ndofs=   3861552: ['eta_0^p', 'omega']=(2.293, 0.722)  | resids[ 23]=1.65e-08 cf=0.474
ndofs=   3861552: ['eta_0^p', 'omega']=(2.293, 0.744)  | resids[ 24]=1.13e-08 cf=0.490
ndofs=   3861552: ['eta_0^p', 'omega']=(2.293, 0.766)  | resids[ 24]=1.63e-08 cf=0.502
ndofs=   3861552: ['eta_0^p', 'omega']=(2.293, 0.789)  | resids[ 25]=1.26e-08 cf=0.518
ndofs=   3861552: ['eta_0^p', 'omega']=(2.293, 0.811)  | resids[ 26]=1.04e-08 cf=0.528
ndofs=   3861552: ['eta_0^p', 'omega']=(2.293, 0.833)  | resids[ 26]=1.69e-08 cf=0.544
ndofs=   3861552: ['eta_0^p', 'omega']=(2.293, 0.855)  | resids[ 27]=1.45e-08 cf=0.553
ndofs=   3861552: ['eta_0^p', 'omega']=(2.293, 0.878)  | resids[ 28]=1.40e-08 cf=0.568
ndofs=   3861552: ['eta_0^p', 'omega']=(2.293, 0.9)    | resids[ 29]=1.33e-08 cf=0.579
ndofs=   3861552: ['eta_0^p', 'omega']=(2.293, 0.922)  | resids[ 30]=1.20e-08 cf=0.584
ndofs=   3861552: ['eta_0^p', 'omega']=(2.293, 0.944)  | resids[ 31]=1.15e-08 cf=0.598
ndofs=   3861552: ['eta_0^p', 'omega']=(2.293, 0.967)  | resids[ 32]=1.14e-08 cf=0.612
ndofs=   3861552: ['eta_0^p', 'omega']=(2.293, 0.989)  | resids[ 33]=1.13e-08 cf=0.623
ndofs=   3861552: ['eta_0^p', 'omega']=(2.293, 1.011)  | resids[ 34]=1.12e-08 cf=0.633
ndofs=   3861552: ['eta_0^p', 'omega']=(2.293, 1.033)  | resids[ 35]=1.22e-08 cf=0.638
ndofs=   3861552: ['eta_0^p', 'omega']=(2.293, 1.056)  | resids[ 39]=1.01e-08 cf=0.646
ndofs=   3861552: ['eta_0^p', 'omega']=(2.293, 1.078)  | resids[ 40]=3.64e-05 cf=0.816
ndofs=   3861552: ['eta_0^p', 'omega']=(2.293, 1.1)    | resids[ 40]=4.23e-02 cf=0.994
ndofs=   3861552: ['eta_0^p', 'omega']=(2.456, 0.01)   | resids[ 40]=6.06e-05 cf=0.901
ndofs=   3861552: ['eta_0^p', 'omega']=(2.456, 0.032)  | resids[ 40]=1.48e-05 cf=0.859
ndofs=   3861552: ['eta_0^p', 'omega']=(2.456, 0.054)  | resids[ 40]=4.55e-06 cf=0.788
ndofs=   3861552: ['eta_0^p', 'omega']=(2.456, 0.077)  | resids[ 40]=1.51e-06 cf=0.760
ndofs=   3861552: ['eta_0^p', 'omega']=(2.456, 0.099)  | resids[ 40]=5.92e-07 cf=0.736
ndofs=   3861552: ['eta_0^p', 'omega']=(2.456, 0.121)  | resids[ 40]=2.21e-07 cf=0.727
ndofs=   3861552: ['eta_0^p', 'omega']=(2.456, 0.143)  | resids[ 40]=8.78e-08 cf=0.719
ndofs=   3861552: ['eta_0^p', 'omega']=(2.456, 0.166)  | resids[ 40]=3.70e-08 cf=0.706
ndofs=   3861552: ['eta_0^p', 'omega']=(2.456, 0.188)  | resids[ 40]=1.44e-08 cf=0.686
ndofs=   3861552: ['eta_0^p', 'omega']=(2.456, 0.21)   | resids[ 38]=1.29e-08 cf=0.670
ndofs=   3861552: ['eta_0^p', 'omega']=(2.456, 0.232)  | resids[ 36]=1.13e-08 cf=0.625
ndofs=   3861552: ['eta_0^p', 'omega']=(2.456, 0.255)  | resids[ 34]=1.17e-08 cf=0.584
ndofs=   3861552: ['eta_0^p', 'omega']=(2.456, 0.277)  | resids[ 32]=1.84e-08 cf=0.596
ndofs=   3861552: ['eta_0^p', 'omega']=(2.456, 0.299)  | resids[ 31]=1.45e-08 cf=0.588
ndofs=   3861552: ['eta_0^p', 'omega']=(2.456, 0.321)  | resids[ 30]=1.28e-08 cf=0.577
ndofs=   3861552: ['eta_0^p', 'omega']=(2.456, 0.344)  | resids[ 29]=1.08e-08 cf=0.561
ndofs=   3861552: ['eta_0^p', 'omega']=(2.456, 0.366)  | resids[ 27]=1.68e-08 cf=0.532
