ndofs=    440678: ['eta_0^p', 'omega']=(0.01, 0.01)    | resids[ 40]=6.99e-03 cf=0.921
ndofs=    440678: ['eta_0^p', 'omega']=(0.01, 0.067)   | resids[ 40]=2.21e-02 cf=0.967
ndofs=    440678: ['eta_0^p', 'omega']=(0.01, 0.125)   | resids[ 40]=2.28e-02 cf=0.958
ndofs=    440678: ['eta_0^p', 'omega']=(0.01, 0.182)   | resids[ 40]=2.25e-02 cf=0.954
ndofs=    440678: ['eta_0^p', 'omega']=(0.01, 0.239)   | resids[ 40]=2.23e-02 cf=0.956
ndofs=    440678: ['eta_0^p', 'omega']=(0.01, 0.297)   | resids[ 40]=2.17e-02 cf=0.958
ndofs=    440678: ['eta_0^p', 'omega']=(0.01, 0.354)   | resids[ 40]=2.14e-02 cf=0.960
ndofs=    440678: ['eta_0^p', 'omega']=(0.01, 0.412)   | resids[ 40]=2.08e-02 cf=0.957
ndofs=    440678: ['eta_0^p', 'omega']=(0.01, 0.469)   | resids[ 40]=1.99e-02 cf=0.950
ndofs=    440678: ['eta_0^p', 'omega']=(0.01, 0.526)   | resids[ 40]=1.93e-02 cf=0.945
ndofs=    440678: ['eta_0^p', 'omega']=(0.01, 0.584)   | resids[ 40]=1.85e-02 cf=0.942
ndofs=    440678: ['eta_0^p', 'omega']=(0.01, 0.641)   | resids[ 40]=1.78e-02 cf=0.940
ndofs=    440678: ['eta_0^p', 'omega']=(0.01, 0.698)   | resids[ 40]=1.70e-02 cf=0.938
ndofs=    440678: ['eta_0^p', 'omega']=(0.01, 0.756)   | resids[ 40]=1.62e-02 cf=0.934
ndofs=    440678: ['eta_0^p', 'omega']=(0.01, 0.813)   | resids[ 40]=1.59e-02 cf=0.934
ndofs=    440678: ['eta_0^p', 'omega']=(0.01, 0.871)   | resids[ 40]=1.56e-02 cf=0.934
ndofs=    440678: ['eta_0^p', 'omega']=(0.01, 0.928)   | resids[ 40]=1.52e-02 cf=0.936
ndofs=    440678: ['eta_0^p', 'omega']=(0.01, 0.985)   | resids[ 40]=1.40e-02 cf=0.941
ndofs=    440678: ['eta_0^p', 'omega']=(0.01, 1.043)   | resids[ 40]=1.14e-02 cf=0.946
ndofs=    440678: ['eta_0^p', 'omega']=(0.01, 1.1)     | resids[ 40]=9.02e-03 cf=0.950
ndofs=    440678: ['eta_0^p', 'omega']=(0.431, 0.01)   | resids[ 40]=2.42e-05 cf=0.824
ndofs=    440678: ['eta_0^p', 'omega']=(0.431, 0.067)  | resids[ 40]=1.36e-06 cf=0.684
ndofs=    440678: ['eta_0^p', 'omega']=(0.431, 0.125)  | resids[ 40]=6.69e-07 cf=0.688
ndofs=    440678: ['eta_0^p', 'omega']=(0.431, 0.182)  | resids[ 40]=3.99e-07 cf=0.678
ndofs=    440678: ['eta_0^p', 'omega']=(0.431, 0.239)  | resids[ 40]=2.43e-07 cf=0.658
ndofs=    440678: ['eta_0^p', 'omega']=(0.431, 0.297)  | resids[ 40]=1.48e-07 cf=0.636
ndofs=    440678: ['eta_0^p', 'omega']=(0.431, 0.354)  | resids[ 40]=1.09e-07 cf=0.636
ndofs=    440678: ['eta_0^p', 'omega']=(0.431, 0.412)  | resids[ 40]=8.42e-08 cf=0.626
ndofs=    440678: ['eta_0^p', 'omega']=(0.431, 0.469)  | resids[ 40]=7.02e-08 cf=0.619
ndofs=    440678: ['eta_0^p', 'omega']=(0.431, 0.526)  | resids[ 40]=6.06e-08 cf=0.616
ndofs=    440678: ['eta_0^p', 'omega']=(0.431, 0.584)  | resids[ 40]=5.79e-08 cf=0.621
ndofs=    440678: ['eta_0^p', 'omega']=(0.431, 0.641)  | resids[ 40]=5.53e-08 cf=0.629
ndofs=    440678: ['eta_0^p', 'omega']=(0.431, 0.698)  | resids[ 40]=5.32e-08 cf=0.629
ndofs=    440678: ['eta_0^p', 'omega']=(0.431, 0.756)  | resids[ 40]=5.82e-08 cf=0.638
ndofs=    440678: ['eta_0^p', 'omega']=(0.431, 0.813)  | resids[ 40]=6.29e-08 cf=0.646
ndofs=    440678: ['eta_0^p', 'omega']=(0.431, 0.871)  | resids[ 40]=6.40e-08 cf=0.641
ndofs=    440678: ['eta_0^p', 'omega']=(0.431, 0.928)  | resids[ 40]=7.41e-08 cf=0.641
ndofs=    440678: ['eta_0^p', 'omega']=(0.431, 0.985)  | resids[ 40]=9.05e-08 cf=0.647
ndofs=    440678: ['eta_0^p', 'omega']=(0.431, 1.043)  | resids[ 40]=9.95e-08 cf=0.654
ndofs=    440678: ['eta_0^p', 'omega']=(0.431, 1.1)    | resids[ 40]=1.83e-07 cf=0.648
ndofs=    440678: ['eta_0^p', 'omega']=(0.851, 0.01)   | resids[ 40]=1.81e-05 cf=0.832
ndofs=    440678: ['eta_0^p', 'omega']=(0.851, 0.067)  | resids[ 40]=2.97e-08 cf=0.638
ndofs=    440678: ['eta_0^p', 'omega']=(0.851, 0.125)  | resids[ 38]=1.63e-08 cf=0.616
ndofs=    440678: ['eta_0^p', 'omega']=(0.851, 0.182)  | resids[ 37]=1.11e-08 cf=0.592
ndofs=    440678: ['eta_0^p', 'omega']=(0.851, 0.239)  | resids[ 35]=1.50e-08 cf=0.576
ndofs=    440678: ['eta_0^p', 'omega']=(0.851, 0.297)  | resids[ 34]=1.39e-08 cf=0.571
ndofs=    440678: ['eta_0^p', 'omega']=(0.851, 0.354)  | resids[ 33]=1.49e-08 cf=0.556
ndofs=    440678: ['eta_0^p', 'omega']=(0.851, 0.412)  | resids[ 33]=1.02e-08 cf=0.549
ndofs=    440678: ['eta_0^p', 'omega']=(0.851, 0.469)  | resids[ 32]=1.36e-08 cf=0.547
ndofs=    440678: ['eta_0^p', 'omega']=(0.851, 0.526)  | resids[ 32]=1.10e-08 cf=0.544
ndofs=    440678: ['eta_0^p', 'omega']=(0.851, 0.584)  | resids[ 31]=1.67e-08 cf=0.539
ndofs=    440678: ['eta_0^p', 'omega']=(0.851, 0.641)  | resids[ 31]=1.49e-08 cf=0.538
ndofs=    440678: ['eta_0^p', 'omega']=(0.851, 0.698)  | resids[ 31]=1.44e-08 cf=0.540
ndofs=    440678: ['eta_0^p', 'omega']=(0.851, 0.756)  | resids[ 31]=1.42e-08 cf=0.539
ndofs=    440678: ['eta_0^p', 'omega']=(0.851, 0.813)  | resids[ 31]=1.47e-08 cf=0.541
ndofs=    440678: ['eta_0^p', 'omega']=(0.851, 0.871)  | resids[ 31]=1.61e-08 cf=0.544
ndofs=    440678: ['eta_0^p', 'omega']=(0.851, 0.928)  | resids[ 31]=1.83e-08 cf=0.553
ndofs=    440678: ['eta_0^p', 'omega']=(0.851, 0.985)  | resids[ 32]=1.06e-08 cf=0.553
ndofs=    440678: ['eta_0^p', 'omega']=(0.851, 1.043)  | resids[ 32]=1.27e-08 cf=0.568
ndofs=    440678: ['eta_0^p', 'omega']=(0.851, 1.1)    | resids[ 40]=1.21e-07 cf=0.634
ndofs=    440678: ['eta_0^p', 'omega']=(1.272, 0.01)   | resids[ 40]=1.64e-05 cf=0.839
ndofs=    440678: ['eta_0^p', 'omega']=(1.272, 0.067)  | resids[ 40]=1.53e-08 cf=0.645
ndofs=    440678: ['eta_0^p', 'omega']=(1.272, 0.125)  | resids[ 33]=1.04e-08 cf=0.544
ndofs=    440678: ['eta_0^p', 'omega']=(1.272, 0.182)  | resids[ 31]=1.28e-08 cf=0.529
ndofs=    440678: ['eta_0^p', 'omega']=(1.272, 0.239)  | resids[ 30]=1.06e-08 cf=0.521
ndofs=    440678: ['eta_0^p', 'omega']=(1.272, 0.297)  | resids[ 29]=1.03e-08 cf=0.514
ndofs=    440678: ['eta_0^p', 'omega']=(1.272, 0.354)  | resids[ 28]=1.05e-08 cf=0.493
ndofs=    440678: ['eta_0^p', 'omega']=(1.272, 0.412)  | resids[ 27]=1.24e-08 cf=0.480
ndofs=    440678: ['eta_0^p', 'omega']=(1.272, 0.469)  | resids[ 26]=1.71e-08 cf=0.483
ndofs=    440678: ['eta_0^p', 'omega']=(1.272, 0.526)  | resids[ 26]=1.17e-08 cf=0.473
ndofs=    440678: ['eta_0^p', 'omega']=(1.272, 0.584)  | resids[ 25]=1.92e-08 cf=0.488
ndofs=    440678: ['eta_0^p', 'omega']=(1.272, 0.641)  | resids[ 25]=1.65e-08 cf=0.488
ndofs=    440678: ['eta_0^p', 'omega']=(1.272, 0.698)  | resids[ 25]=1.54e-08 cf=0.489
ndofs=    440678: ['eta_0^p', 'omega']=(1.272, 0.756)  | resids[ 25]=1.50e-08 cf=0.486
ndofs=    440678: ['eta_0^p', 'omega']=(1.272, 0.813)  | resids[ 25]=1.55e-08 cf=0.484
ndofs=    440678: ['eta_0^p', 'omega']=(1.272, 0.871)  | resids[ 25]=1.75e-08 cf=0.486
ndofs=    440678: ['eta_0^p', 'omega']=(1.272, 0.928)  | resids[ 25]=1.85e-08 cf=0.488
ndofs=    440678: ['eta_0^p', 'omega']=(1.272, 0.985)  | resids[ 25]=1.86e-08 cf=0.494
ndofs=    440678: ['eta_0^p', 'omega']=(1.272, 1.043)  | resids[ 25]=2.16e-08 cf=0.506
ndofs=    440678: ['eta_0^p', 'omega']=(1.272, 1.1)    | resids[ 40]=2.30e-08 cf=0.603
ndofs=    440678: ['eta_0^p', 'omega']=(1.692, 0.01)   | resids[ 40]=1.35e-05 cf=0.847
ndofs=    440678: ['eta_0^p', 'omega']=(1.692, 0.067)  | resids[ 40]=1.23e-08 cf=0.673
ndofs=    440678: ['eta_0^p', 'omega']=(1.692, 0.125)  | resids[ 31]=1.52e-08 cf=0.537
ndofs=    440678: ['eta_0^p', 'omega']=(1.692, 0.182)  | resids[ 28]=1.26e-08 cf=0.514
ndofs=    440678: ['eta_0^p', 'omega']=(1.692, 0.239)  | resids[ 26]=1.87e-08 cf=0.495
ndofs=    440678: ['eta_0^p', 'omega']=(1.692, 0.297)  | resids[ 25]=1.70e-08 cf=0.493
ndofs=    440678: ['eta_0^p', 'omega']=(1.692, 0.354)  | resids[ 24]=1.88e-08 cf=0.477
ndofs=    440678: ['eta_0^p', 'omega']=(1.692, 0.412)  | resids[ 24]=1.01e-08 cf=0.463
ndofs=    440678: ['eta_0^p', 'omega']=(1.692, 0.469)  | resids[ 23]=1.29e-08 cf=0.448
ndofs=    440678: ['eta_0^p', 'omega']=(1.692, 0.526)  | resids[ 22]=1.83e-08 cf=0.433
ndofs=    440678: ['eta_0^p', 'omega']=(1.692, 0.584)  | resids[ 22]=1.29e-08 cf=0.430
ndofs=    440678: ['eta_0^p', 'omega']=(1.692, 0.641)  | resids[ 22]=1.02e-08 cf=0.427
ndofs=    440678: ['eta_0^p', 'omega']=(1.692, 0.698)  | resids[ 21]=2.11e-08 cf=0.417
ndofs=    440678: ['eta_0^p', 'omega']=(1.692, 0.756)  | resids[ 21]=2.04e-08 cf=0.416
ndofs=    440678: ['eta_0^p', 'omega']=(1.692, 0.813)  | resids[ 21]=2.15e-08 cf=0.418
ndofs=    440678: ['eta_0^p', 'omega']=(1.692, 0.871)  | resids[ 22]=1.07e-08 cf=0.429
ndofs=    440678: ['eta_0^p', 'omega']=(1.692, 0.928)  | resids[ 22]=1.19e-08 cf=0.433
ndofs=    440678: ['eta_0^p', 'omega']=(1.692, 0.985)  | resids[ 22]=1.19e-08 cf=0.438
ndofs=    440678: ['eta_0^p', 'omega']=(1.692, 1.043)  | resids[ 22]=1.36e-08 cf=0.444
ndofs=    440678: ['eta_0^p', 'omega']=(1.692, 1.1)    | resids[ 40]=2.48e-08 cf=0.588
ndofs=    440678: ['eta_0^p', 'omega']=(2.113, 0.01)   | resids[ 40]=1.20e-05 cf=0.847
ndofs=    440678: ['eta_0^p', 'omega']=(2.113, 0.067)  | resids[ 40]=1.16e-08 cf=0.680
ndofs=    440678: ['eta_0^p', 'omega']=(2.113, 0.125)  | resids[ 31]=1.25e-08 cf=0.535
ndofs=    440678: ['eta_0^p', 'omega']=(2.113, 0.182)  | resids[ 27]=1.02e-08 cf=0.500
ndofs=    440678: ['eta_0^p', 'omega']=(2.113, 0.239)  | resids[ 24]=1.90e-08 cf=0.486
ndofs=    440678: ['eta_0^p', 'omega']=(2.113, 0.297)  | resids[ 23]=1.64e-08 cf=0.460
ndofs=    440678: ['eta_0^p', 'omega']=(2.113, 0.354)  | resids[ 22]=1.76e-08 cf=0.447
ndofs=    440678: ['eta_0^p', 'omega']=(2.113, 0.412)  | resids[ 21]=1.82e-08 cf=0.423
ndofs=    440678: ['eta_0^p', 'omega']=(2.113, 0.469)  | resids[ 20]=1.83e-08 cf=0.389
ndofs=    440678: ['eta_0^p', 'omega']=(2.113, 0.526)  | resids[ 19]=2.64e-08 cf=0.371
ndofs=    440678: ['eta_0^p', 'omega']=(2.113, 0.584)  | resids[ 19]=1.64e-08 cf=0.360
ndofs=    440678: ['eta_0^p', 'omega']=(2.113, 0.641)  | resids[ 19]=1.31e-08 cf=0.359
ndofs=    440678: ['eta_0^p', 'omega']=(2.113, 0.698)  | resids[ 19]=1.14e-08 cf=0.357
ndofs=    440678: ['eta_0^p', 'omega']=(2.113, 0.756)  | resids[ 19]=1.14e-08 cf=0.358
ndofs=    440678: ['eta_0^p', 'omega']=(2.113, 0.813)  | resids[ 19]=1.26e-08 cf=0.359
ndofs=    440678: ['eta_0^p', 'omega']=(2.113, 0.871)  | resids[ 19]=1.44e-08 cf=0.363
ndofs=    440678: ['eta_0^p', 'omega']=(2.113, 0.928)  | resids[ 19]=1.60e-08 cf=0.369
ndofs=    440678: ['eta_0^p', 'omega']=(2.113, 0.985)  | resids[ 19]=1.80e-08 cf=0.380
ndofs=    440678: ['eta_0^p', 'omega']=(2.113, 1.043)  | resids[ 19]=2.42e-08 cf=0.383
ndofs=    440678: ['eta_0^p', 'omega']=(2.113, 1.1)    | resids[ 40]=4.56e-08 cf=0.568
ndofs=    440678: ['eta_0^p', 'omega']=(2.533, 0.01)   | resids[ 40]=1.53e-05 cf=0.859
ndofs=    440678: ['eta_0^p', 'omega']=(2.533, 0.067)  | resids[ 40]=1.57e-08 cf=0.684
ndofs=    440678: ['eta_0^p', 'omega']=(2.533, 0.125)  | resids[ 31]=1.24e-08 cf=0.559
ndofs=    440678: ['eta_0^p', 'omega']=(2.533, 0.182)  | resids[ 26]=1.88e-08 cf=0.526
ndofs=    440678: ['eta_0^p', 'omega']=(2.533, 0.239)  | resids[ 23]=2.04e-08 cf=0.481
ndofs=    440678: ['eta_0^p', 'omega']=(2.533, 0.297)  | resids[ 22]=1.20e-08 cf=0.436
ndofs=    440678: ['eta_0^p', 'omega']=(2.533, 0.354)  | resids[ 21]=1.05e-08 cf=0.408
ndofs=    440678: ['eta_0^p', 'omega']=(2.533, 0.412)  | resids[ 19]=2.17e-08 cf=0.369
ndofs=    440678: ['eta_0^p', 'omega']=(2.533, 0.469)  | resids[ 18]=2.59e-08 cf=0.353
ndofs=    440678: ['eta_0^p', 'omega']=(2.533, 0.526)  | resids[ 18]=1.24e-08 cf=0.338
ndofs=    440678: ['eta_0^p', 'omega']=(2.533, 0.584)  | resids[ 17]=2.43e-08 cf=0.331
ndofs=    440678: ['eta_0^p', 'omega']=(2.533, 0.641)  | resids[ 17]=1.94e-08 cf=0.331
ndofs=    440678: ['eta_0^p', 'omega']=(2.533, 0.698)  | resids[ 17]=1.85e-08 cf=0.330
ndofs=    440678: ['eta_0^p', 'omega']=(2.533, 0.756)  | resids[ 17]=2.04e-08 cf=0.335
ndofs=    440678: ['eta_0^p', 'omega']=(2.533, 0.813)  | resids[ 17]=2.26e-08 cf=0.338
ndofs=    440678: ['eta_0^p', 'omega']=(2.533, 0.871)  | resids[ 17]=2.41e-08 cf=0.339
ndofs=    440678: ['eta_0^p', 'omega']=(2.533, 0.928)  | resids[ 17]=2.78e-08 cf=0.344
ndofs=    440678: ['eta_0^p', 'omega']=(2.533, 0.985)  | resids[ 18]=1.17e-08 cf=0.346
ndofs=    440678: ['eta_0^p', 'omega']=(2.533, 1.043)  | resids[ 19]=1.02e-08 cf=0.361
ndofs=    440678: ['eta_0^p', 'omega']=(2.533, 1.1)    | resids[ 40]=1.42e-07 cf=0.553
ndofs=    440678: ['eta_0^p', 'omega']=(2.954, 0.01)   | resids[ 40]=1.66e-05 cf=0.847
ndofs=    440678: ['eta_0^p', 'omega']=(2.954, 0.067)  | resids[ 40]=3.44e-08 cf=0.692
ndofs=    440678: ['eta_0^p', 'omega']=(2.954, 0.125)  | resids[ 32]=1.31e-08 cf=0.580
ndofs=    440678: ['eta_0^p', 'omega']=(2.954, 0.182)  | resids[ 27]=1.37e-08 cf=0.532
ndofs=    440678: ['eta_0^p', 'omega']=(2.954, 0.239)  | resids[ 24]=1.02e-08 cf=0.488
ndofs=    440678: ['eta_0^p', 'omega']=(2.954, 0.297)  | resids[ 21]=1.82e-08 cf=0.442
ndofs=    440678: ['eta_0^p', 'omega']=(2.954, 0.354)  | resids[ 19]=2.40e-08 cf=0.375
ndofs=    440678: ['eta_0^p', 'omega']=(2.954, 0.412)  | resids[ 18]=2.30e-08 cf=0.356
ndofs=    440678: ['eta_0^p', 'omega']=(2.954, 0.469)  | resids[ 17]=2.42e-08 cf=0.335
ndofs=    440678: ['eta_0^p', 'omega']=(2.954, 0.526)  | resids[ 16]=3.07e-08 cf=0.314
ndofs=    440678: ['eta_0^p', 'omega']=(2.954, 0.584)  | resids[ 16]=1.94e-08 cf=0.306
ndofs=    440678: ['eta_0^p', 'omega']=(2.954, 0.641)  | resids[ 16]=1.78e-08 cf=0.309
ndofs=    440678: ['eta_0^p', 'omega']=(2.954, 0.698)  | resids[ 16]=2.04e-08 cf=0.316
ndofs=    440678: ['eta_0^p', 'omega']=(2.954, 0.756)  | resids[ 16]=2.30e-08 cf=0.319
ndofs=    440678: ['eta_0^p', 'omega']=(2.954, 0.813)  | resids[ 16]=2.56e-08 cf=0.323
ndofs=    440678: ['eta_0^p', 'omega']=(2.954, 0.871)  | resids[ 16]=2.73e-08 cf=0.324
ndofs=    440678: ['eta_0^p', 'omega']=(2.954, 0.928)  | resids[ 17]=1.06e-08 cf=0.323
ndofs=    440678: ['eta_0^p', 'omega']=(2.954, 0.985)  | resids[ 17]=1.62e-08 cf=0.329
ndofs=    440678: ['eta_0^p', 'omega']=(2.954, 1.043)  | resids[ 19]=1.67e-08 cf=0.361
ndofs=    440678: ['eta_0^p', 'omega']=(2.954, 1.1)    | resids[ 40]=9.65e-07 cf=0.561
ndofs=    440678: ['eta_0^p', 'omega']=(3.374, 0.01)   | resids[ 40]=1.94e-05 cf=0.837
ndofs=    440678: ['eta_0^p', 'omega']=(3.374, 0.067)  | resids[ 40]=7.61e-08 cf=0.733
ndofs=    440678: ['eta_0^p', 'omega']=(3.374, 0.125)  | resids[ 33]=1.33e-08 cf=0.573
ndofs=    440678: ['eta_0^p', 'omega']=(3.374, 0.182)  | resids[ 28]=1.16e-08 cf=0.534
ndofs=    440678: ['eta_0^p', 'omega']=(3.374, 0.239)  | resids[ 24]=1.43e-08 cf=0.510
ndofs=    440678: ['eta_0^p', 'omega']=(3.374, 0.297)  | resids[ 21]=1.93e-08 cf=0.444
ndofs=    440678: ['eta_0^p', 'omega']=(3.374, 0.354)  | resids[ 19]=1.99e-08 cf=0.395
ndofs=    440678: ['eta_0^p', 'omega']=(3.374, 0.412)  | resids[ 18]=1.20e-08 cf=0.349
ndofs=    440678: ['eta_0^p', 'omega']=(3.374, 0.469)  | resids[ 17]=1.12e-08 cf=0.323
ndofs=    440678: ['eta_0^p', 'omega']=(3.374, 0.526)  | resids[ 16]=1.30e-08 cf=0.299
ndofs=    440678: ['eta_0^p', 'omega']=(3.374, 0.584)  | resids[ 15]=3.07e-08 cf=0.298
ndofs=    440678: ['eta_0^p', 'omega']=(3.374, 0.641)  | resids[ 16]=1.09e-08 cf=0.312
ndofs=    440678: ['eta_0^p', 'omega']=(3.374, 0.698)  | resids[ 16]=1.40e-08 cf=0.322
ndofs=    440678: ['eta_0^p', 'omega']=(3.374, 0.756)  | resids[ 16]=1.57e-08 cf=0.326
ndofs=    440678: ['eta_0^p', 'omega']=(3.374, 0.813)  | resids[ 16]=1.72e-08 cf=0.328
ndofs=    440678: ['eta_0^p', 'omega']=(3.374, 0.871)  | resids[ 16]=1.90e-08 cf=0.322
ndofs=    440678: ['eta_0^p', 'omega']=(3.374, 0.928)  | resids[ 17]=1.78e-08 cf=0.340
ndofs=    440678: ['eta_0^p', 'omega']=(3.374, 0.985)  | resids[ 19]=1.58e-08 cf=0.372
ndofs=    440678: ['eta_0^p', 'omega']=(3.374, 1.043)  | resids[ 23]=2.03e-08 cf=0.468
ndofs=    440678: ['eta_0^p', 'omega']=(3.374, 1.1)    | resids[ 40]=5.32e-06 cf=0.586
ndofs=    440678: ['eta_0^p', 'omega']=(3.795, 0.01)   | resids[ 40]=2.73e-05 cf=0.851
ndofs=    440678: ['eta_0^p', 'omega']=(3.795, 0.067)  | resids[ 40]=1.50e-07 cf=0.749
ndofs=    440678: ['eta_0^p', 'omega']=(3.795, 0.125)  | resids[ 35]=1.05e-08 cf=0.595
ndofs=    440678: ['eta_0^p', 'omega']=(3.795, 0.182)  | resids[ 29]=1.11e-08 cf=0.549
ndofs=    440678: ['eta_0^p', 'omega']=(3.795, 0.239)  | resids[ 25]=1.13e-08 cf=0.527
ndofs=    440678: ['eta_0^p', 'omega']=(3.795, 0.297)  | resids[ 22]=1.32e-08 cf=0.479
ndofs=    440678: ['eta_0^p', 'omega']=(3.795, 0.354)  | resids[ 19]=2.19e-08 cf=0.400
ndofs=    440678: ['eta_0^p', 'omega']=(3.795, 0.412)  | resids[ 18]=1.37e-08 cf=0.370
ndofs=    440678: ['eta_0^p', 'omega']=(3.795, 0.469)  | resids[ 16]=2.62e-08 cf=0.322
ndofs=    440678: ['eta_0^p', 'omega']=(3.795, 0.526)  | resids[ 15]=3.24e-08 cf=0.299
ndofs=    440678: ['eta_0^p', 'omega']=(3.795, 0.584)  | resids[ 15]=2.66e-08 cf=0.313
ndofs=    440678: ['eta_0^p', 'omega']=(3.795, 0.641)  | resids[ 16]=1.17e-08 cf=0.331
ndofs=    440678: ['eta_0^p', 'omega']=(3.795, 0.698)  | resids[ 16]=1.52e-08 cf=0.339
ndofs=    440678: ['eta_0^p', 'omega']=(3.795, 0.756)  | resids[ 16]=1.79e-08 cf=0.342
ndofs=    440678: ['eta_0^p', 'omega']=(3.795, 0.813)  | resids[ 16]=2.12e-08 cf=0.332
ndofs=    440678: ['eta_0^p', 'omega']=(3.795, 0.871)  | resids[ 17]=2.43e-08 cf=0.349
ndofs=    440678: ['eta_0^p', 'omega']=(3.795, 0.928)  | resids[ 20]=1.52e-08 cf=0.398
ndofs=    440678: ['eta_0^p', 'omega']=(3.795, 0.985)  | resids[ 25]=1.44e-08 cf=0.502
ndofs=    440678: ['eta_0^p', 'omega']=(3.795, 1.043)  | resids[ 37]=1.17e-08 cf=0.611
ndofs=    440678: ['eta_0^p', 'omega']=(3.795, 1.1)    | resids[ 40]=1.19e-04 cf=0.764
ndofs=    440678: ['eta_0^p', 'omega']=(4.215, 0.01)   | resids[ 40]=3.07e-05 cf=0.852
ndofs=    440678: ['eta_0^p', 'omega']=(4.215, 0.067)  | resids[ 40]=2.28e-07 cf=0.747
ndofs=    440678: ['eta_0^p', 'omega']=(4.215, 0.125)  | resids[ 36]=1.36e-08 cf=0.608
ndofs=    440678: ['eta_0^p', 'omega']=(4.215, 0.182)  | resids[ 30]=1.20e-08 cf=0.571
ndofs=    440678: ['eta_0^p', 'omega']=(4.215, 0.239)  | resids[ 26]=1.02e-08 cf=0.519
ndofs=    440678: ['eta_0^p', 'omega']=(4.215, 0.297)  | resids[ 22]=2.09e-08 cf=0.500
ndofs=    440678: ['eta_0^p', 'omega']=(4.215, 0.354)  | resids[ 20]=1.25e-08 cf=0.415
ndofs=    440678: ['eta_0^p', 'omega']=(4.215, 0.412)  | resids[ 18]=1.69e-08 cf=0.373
ndofs=    440678: ['eta_0^p', 'omega']=(4.215, 0.469)  | resids[ 17]=1.15e-08 cf=0.343
ndofs=    440678: ['eta_0^p', 'omega']=(4.215, 0.526)  | resids[ 16]=1.15e-08 cf=0.314
ndofs=    440678: ['eta_0^p', 'omega']=(4.215, 0.584)  | resids[ 16]=1.00e-08 cf=0.331
ndofs=    440678: ['eta_0^p', 'omega']=(4.215, 0.641)  | resids[ 16]=1.67e-08 cf=0.347
ndofs=    440678: ['eta_0^p', 'omega']=(4.215, 0.698)  | resids[ 16]=2.61e-08 cf=0.340
ndofs=    440678: ['eta_0^p', 'omega']=(4.215, 0.756)  | resids[ 17]=1.23e-08 cf=0.339
ndofs=    440678: ['eta_0^p', 'omega']=(4.215, 0.813)  | resids[ 18]=1.33e-08 cf=0.360
ndofs=    440678: ['eta_0^p', 'omega']=(4.215, 0.871)  | resids[ 20]=1.99e-08 cf=0.405
ndofs=    440678: ['eta_0^p', 'omega']=(4.215, 0.928)  | resids[ 26]=1.64e-08 cf=0.528
ndofs=    440678: ['eta_0^p', 'omega']=(4.215, 0.985)  | resids[ 40]=7.26e-08 cf=0.731
ndofs=    440678: ['eta_0^p', 'omega']=(4.215, 1.043)  | resids[ 40]=8.91e-02 cf=0.981
ndofs=    440678: ['eta_0^p', 'omega']=(4.215, 1.1)    | resids[ 40]=1.18e-01 cf=0.979
ndofs=    440678: ['eta_0^p', 'omega']=(4.636, 0.01)   | resids[ 40]=3.26e-05 cf=0.858
ndofs=    440678: ['eta_0^p', 'omega']=(4.636, 0.067)  | resids[ 40]=3.80e-07 cf=0.757
ndofs=    440678: ['eta_0^p', 'omega']=(4.636, 0.125)  | resids[ 38]=1.09e-08 cf=0.646
ndofs=    440678: ['eta_0^p', 'omega']=(4.636, 0.182)  | resids[ 31]=1.26e-08 cf=0.594
ndofs=    440678: ['eta_0^p', 'omega']=(4.636, 0.239)  | resids[ 26]=1.76e-08 cf=0.534
ndofs=    440678: ['eta_0^p', 'omega']=(4.636, 0.297)  | resids[ 23]=1.51e-08 cf=0.512
ndofs=    440678: ['eta_0^p', 'omega']=(4.636, 0.354)  | resids[ 20]=1.83e-08 cf=0.429
ndofs=    440678: ['eta_0^p', 'omega']=(4.636, 0.412)  | resids[ 18]=2.31e-08 cf=0.380
ndofs=    440678: ['eta_0^p', 'omega']=(4.636, 0.469)  | resids[ 17]=1.54e-08 cf=0.349
ndofs=    440678: ['eta_0^p', 'omega']=(4.636, 0.526)  | resids[ 16]=1.66e-08 cf=0.327
ndofs=    440678: ['eta_0^p', 'omega']=(4.636, 0.584)  | resids[ 16]=1.67e-08 cf=0.342
ndofs=    440678: ['eta_0^p', 'omega']=(4.636, 0.641)  | resids[ 17]=1.11e-08 cf=0.345
ndofs=    440678: ['eta_0^p', 'omega']=(4.636, 0.698)  | resids[ 18]=1.07e-08 cf=0.354
ndofs=    440678: ['eta_0^p', 'omega']=(4.636, 0.756)  | resids[ 19]=1.04e-08 cf=0.374
ndofs=    440678: ['eta_0^p', 'omega']=(4.636, 0.813)  | resids[ 21]=1.17e-08 cf=0.419
ndofs=    440678: ['eta_0^p', 'omega']=(4.636, 0.871)  | resids[ 26]=1.01e-08 cf=0.515
ndofs=    440678: ['eta_0^p', 'omega']=(4.636, 0.928)  | resids[ 40]=1.18e-07 cf=0.748
ndofs=    440678: ['eta_0^p', 'omega']=(4.636, 0.985)  | resids[ 40]=1.08e-01 cf=0.987
ndofs=    440678: ['eta_0^p', 'omega']=(4.636, 1.043)  | resids[ 40]=1.36e-01 cf=0.984
ndofs=    440678: ['eta_0^p', 'omega']=(4.636, 1.1)    | resids[ 40]=1.48e-01 cf=0.983
ndofs=    440678: ['eta_0^p', 'omega']=(5.056, 0.01)   | resids[ 40]=3.61e-05 cf=0.875
ndofs=    440678: ['eta_0^p', 'omega']=(5.056, 0.067)  | resids[ 40]=5.83e-07 cf=0.769
ndofs=    440678: ['eta_0^p', 'omega']=(5.056, 0.125)  | resids[ 39]=1.25e-08 cf=0.682
ndofs=    440678: ['eta_0^p', 'omega']=(5.056, 0.182)  | resids[ 32]=1.29e-08 cf=0.605
ndofs=    440678: ['eta_0^p', 'omega']=(5.056, 0.239)  | resids[ 27]=1.49e-08 cf=0.545
ndofs=    440678: ['eta_0^p', 'omega']=(5.056, 0.297)  | resids[ 24]=1.15e-08 cf=0.519
ndofs=    440678: ['eta_0^p', 'omega']=(5.056, 0.354)  | resids[ 21]=1.43e-08 cf=0.460
ndofs=    440678: ['eta_0^p', 'omega']=(5.056, 0.412)  | resids[ 19]=1.33e-08 cf=0.399
ndofs=    440678: ['eta_0^p', 'omega']=(5.056, 0.469)  | resids[ 17]=2.35e-08 cf=0.362
ndofs=    440678: ['eta_0^p', 'omega']=(5.056, 0.526)  | resids[ 16]=2.75e-08 cf=0.342
ndofs=    440678: ['eta_0^p', 'omega']=(5.056, 0.584)  | resids[ 17]=1.26e-08 cf=0.353
ndofs=    440678: ['eta_0^p', 'omega']=(5.056, 0.641)  | resids[ 18]=1.56e-08 cf=0.364
ndofs=    440678: ['eta_0^p', 'omega']=(5.056, 0.698)  | resids[ 20]=1.10e-08 cf=0.399
ndofs=    440678: ['eta_0^p', 'omega']=(5.056, 0.756)  | resids[ 21]=1.74e-08 cf=0.429
ndofs=    440678: ['eta_0^p', 'omega']=(5.056, 0.813)  | resids[ 25]=1.38e-08 cf=0.510
ndofs=    440678: ['eta_0^p', 'omega']=(5.056, 0.871)  | resids[ 36]=1.47e-08 cf=0.651
ndofs=    440678: ['eta_0^p', 'omega']=(5.056, 0.928)  | resids[ 40]=8.29e-02 cf=0.998
ndofs=    440678: ['eta_0^p', 'omega']=(5.056, 0.985)  | resids[ 40]=1.44e-01 cf=0.983
ndofs=    440678: ['eta_0^p', 'omega']=(5.056, 1.043)  | resids[ 40]=1.63e-01 cf=0.979
ndofs=    440678: ['eta_0^p', 'omega']=(5.056, 1.1)    | resids[ 40]=1.71e-01 cf=0.981
ndofs=    440678: ['eta_0^p', 'omega']=(5.477, 0.01)   | resids[ 40]=3.91e-05 cf=0.890
ndofs=    440678: ['eta_0^p', 'omega']=(5.477, 0.067)  | resids[ 40]=8.31e-07 cf=0.771
ndofs=    440678: ['eta_0^p', 'omega']=(5.477, 0.125)  | resids[ 40]=1.33e-08 cf=0.691
ndofs=    440678: ['eta_0^p', 'omega']=(5.477, 0.182)  | resids[ 33]=1.03e-08 cf=0.582
ndofs=    440678: ['eta_0^p', 'omega']=(5.477, 0.239)  | resids[ 28]=1.33e-08 cf=0.552
ndofs=    440678: ['eta_0^p', 'omega']=(5.477, 0.297)  | resids[ 24]=1.75e-08 cf=0.539
ndofs=    440678: ['eta_0^p', 'omega']=(5.477, 0.354)  | resids[ 22]=1.08e-08 cf=0.480
ndofs=    440678: ['eta_0^p', 'omega']=(5.477, 0.412)  | resids[ 19]=1.81e-08 cf=0.409
ndofs=    440678: ['eta_0^p', 'omega']=(5.477, 0.469)  | resids[ 18]=1.29e-08 cf=0.381
ndofs=    440678: ['eta_0^p', 'omega']=(5.477, 0.526)  | resids[ 17]=1.77e-08 cf=0.361
ndofs=    440678: ['eta_0^p', 'omega']=(5.477, 0.584)  | resids[ 18]=1.06e-08 cf=0.352
ndofs=    440678: ['eta_0^p', 'omega']=(5.477, 0.641)  | resids[ 20]=1.13e-08 cf=0.386
ndofs=    440678: ['eta_0^p', 'omega']=(5.477, 0.698)  | resids[ 23]=1.18e-08 cf=0.487
ndofs=    440678: ['eta_0^p', 'omega']=(5.477, 0.756)  | resids[ 25]=1.24e-08 cf=0.508
ndofs=    440678: ['eta_0^p', 'omega']=(5.477, 0.813)  | resids[ 32]=1.56e-08 cf=0.587
ndofs=    440678: ['eta_0^p', 'omega']=(5.477, 0.871)  | resids[ 40]=1.46e-04 cf=0.886
ndofs=    440678: ['eta_0^p', 'omega']=(5.477, 0.928)  | resids[ 40]=1.36e-01 cf=0.987
ndofs=    440678: ['eta_0^p', 'omega']=(5.477, 0.985)  | resids[ 40]=1.66e-01 cf=0.975
ndofs=    440678: ['eta_0^p', 'omega']=(5.477, 1.043)  | resids[ 40]=1.84e-01 cf=0.984
ndofs=    440678: ['eta_0^p', 'omega']=(5.477, 1.1)    | resids[ 40]=1.99e-01 cf=0.976
ndofs=    440678: ['eta_0^p', 'omega']=(5.897, 0.01)   | resids[ 40]=4.22e-05 cf=0.901
ndofs=    440678: ['eta_0^p', 'omega']=(5.897, 0.067)  | resids[ 40]=1.04e-06 cf=0.766
ndofs=    440678: ['eta_0^p', 'omega']=(5.897, 0.125)  | resids[ 40]=2.04e-08 cf=0.683
ndofs=    440678: ['eta_0^p', 'omega']=(5.897, 0.182)  | resids[ 33]=1.54e-08 cf=0.584
ndofs=    440678: ['eta_0^p', 'omega']=(5.897, 0.239)  | resids[ 29]=1.31e-08 cf=0.575
ndofs=    440678: ['eta_0^p', 'omega']=(5.897, 0.297)  | resids[ 25]=1.40e-08 cf=0.551
ndofs=    440678: ['eta_0^p', 'omega']=(5.897, 0.354)  | resids[ 22]=1.58e-08 cf=0.488
ndofs=    440678: ['eta_0^p', 'omega']=(5.897, 0.412)  | resids[ 20]=1.09e-08 cf=0.420
ndofs=    440678: ['eta_0^p', 'omega']=(5.897, 0.469)  | resids[ 18]=1.94e-08 cf=0.392
ndofs=    440678: ['eta_0^p', 'omega']=(5.897, 0.526)  | resids[ 18]=1.14e-08 cf=0.370
ndofs=    440678: ['eta_0^p', 'omega']=(5.897, 0.584)  | resids[ 19]=1.39e-08 cf=0.368
ndofs=    440678: ['eta_0^p', 'omega']=(5.897, 0.641)  | resids[ 22]=1.81e-08 cf=0.455
ndofs=    440678: ['eta_0^p', 'omega']=(5.897, 0.698)  | resids[ 26]=1.18e-08 cf=0.517
ndofs=    440678: ['eta_0^p', 'omega']=(5.897, 0.756)  | resids[ 30]=1.27e-08 cf=0.547
ndofs=    440678: ['eta_0^p', 'omega']=(5.897, 0.813)  | resids[ 40]=4.45e-07 cf=0.725
ndofs=    440678: ['eta_0^p', 'omega']=(5.897, 0.871)  | resids[ 40]=1.18e-01 cf=0.995
ndofs=    440678: ['eta_0^p', 'omega']=(5.897, 0.928)  | resids[ 40]=1.59e-01 cf=0.978
ndofs=    440678: ['eta_0^p', 'omega']=(5.897, 0.985)  | resids[ 40]=1.71e-01 cf=0.971
ndofs=    440678: ['eta_0^p', 'omega']=(5.897, 1.043)  | resids[ 40]=1.99e-01 cf=0.974
ndofs=    440678: ['eta_0^p', 'omega']=(5.897, 1.1)    | resids[ 40]=2.29e-01 cf=0.967
ndofs=    440678: ['eta_0^p', 'omega']=(6.318, 0.01)   | resids[ 40]=4.71e-05 cf=0.914
ndofs=    440678: ['eta_0^p', 'omega']=(6.318, 0.067)  | resids[ 40]=1.31e-06 cf=0.766
ndofs=    440678: ['eta_0^p', 'omega']=(6.318, 0.125)  | resids[ 40]=3.51e-08 cf=0.704
ndofs=    440678: ['eta_0^p', 'omega']=(6.318, 0.182)  | resids[ 34]=1.59e-08 cf=0.595
ndofs=    440678: ['eta_0^p', 'omega']=(6.318, 0.239)  | resids[ 30]=1.02e-08 cf=0.576
ndofs=    440678: ['eta_0^p', 'omega']=(6.318, 0.297)  | resids[ 26]=1.12e-08 cf=0.544
ndofs=    440678: ['eta_0^p', 'omega']=(6.318, 0.354)  | resids[ 23]=1.14e-08 cf=0.508
ndofs=    440678: ['eta_0^p', 'omega']=(6.318, 0.412)  | resids[ 20]=1.53e-08 cf=0.429
ndofs=    440678: ['eta_0^p', 'omega']=(6.318, 0.469)  | resids[ 19]=1.12e-08 cf=0.402
ndofs=    440678: ['eta_0^p', 'omega']=(6.318, 0.526)  | resids[ 18]=2.19e-08 cf=0.381
ndofs=    440678: ['eta_0^p', 'omega']=(6.318, 0.584)  | resids[ 20]=2.10e-08 cf=0.393
ndofs=    440678: ['eta_0^p', 'omega']=(6.318, 0.641)  | resids[ 25]=1.45e-08 cf=0.507
ndofs=    440678: ['eta_0^p', 'omega']=(6.318, 0.698)  | resids[ 30]=1.76e-08 cf=0.556
ndofs=    440678: ['eta_0^p', 'omega']=(6.318, 0.756)  | resids[ 38]=1.54e-08 cf=0.638
ndofs=    440678: ['eta_0^p', 'omega']=(6.318, 0.813)  | resids[ 40]=2.88e-02 cf=0.986
ndofs=    440678: ['eta_0^p', 'omega']=(6.318, 0.871)  | resids[ 40]=1.34e-01 cf=0.987
ndofs=    440678: ['eta_0^p', 'omega']=(6.318, 0.928)  | resids[ 40]=1.62e-01 cf=0.979
ndofs=    440678: ['eta_0^p', 'omega']=(6.318, 0.985)  | resids[ 40]=1.84e-01 cf=0.972
ndofs=    440678: ['eta_0^p', 'omega']=(6.318, 1.043)  | resids[ 40]=2.19e-01 cf=0.982
ndofs=    440678: ['eta_0^p', 'omega']=(6.318, 1.1)    | resids[ 40]=2.56e-01 cf=0.974
ndofs=    440678: ['eta_0^p', 'omega']=(6.738, 0.01)   | resids[ 40]=5.47e-05 cf=0.929
ndofs=    440678: ['eta_0^p', 'omega']=(6.738, 0.067)  | resids[ 40]=1.63e-06 cf=0.773
ndofs=    440678: ['eta_0^p', 'omega']=(6.738, 0.125)  | resids[ 40]=4.75e-08 cf=0.713
ndofs=    440678: ['eta_0^p', 'omega']=(6.738, 0.182)  | resids[ 35]=1.47e-08 cf=0.596
ndofs=    440678: ['eta_0^p', 'omega']=(6.738, 0.239)  | resids[ 30]=1.42e-08 cf=0.580
ndofs=    440678: ['eta_0^p', 'omega']=(6.738, 0.297)  | resids[ 26]=1.55e-08 cf=0.550
ndofs=    440678: ['eta_0^p', 'omega']=(6.738, 0.354)  | resids[ 23]=1.68e-08 cf=0.522
ndofs=    440678: ['eta_0^p', 'omega']=(6.738, 0.412)  | resids[ 21]=1.19e-08 cf=0.455
ndofs=    440678: ['eta_0^p', 'omega']=(6.738, 0.469)  | resids[ 19]=1.64e-08 cf=0.408
ndofs=    440678: ['eta_0^p', 'omega']=(6.738, 0.526)  | resids[ 19]=1.63e-08 cf=0.394
ndofs=    440678: ['eta_0^p', 'omega']=(6.738, 0.584)  | resids[ 22]=1.89e-08 cf=0.443
ndofs=    440678: ['eta_0^p', 'omega']=(6.738, 0.641)  | resids[ 29]=1.01e-08 cf=0.524
ndofs=    440678: ['eta_0^p', 'omega']=(6.738, 0.698)  | resids[ 38]=1.16e-08 cf=0.628
ndofs=    440678: ['eta_0^p', 'omega']=(6.738, 0.756)  | resids[ 40]=5.82e-06 cf=0.784
ndofs=    440678: ['eta_0^p', 'omega']=(6.738, 0.813)  | resids[ 40]=8.56e-02 cf=0.988
ndofs=    440678: ['eta_0^p', 'omega']=(6.738, 0.871)  | resids[ 40]=1.45e-01 cf=0.983
ndofs=    440678: ['eta_0^p', 'omega']=(6.738, 0.928)  | resids[ 40]=1.70e-01 cf=0.971
ndofs=    440678: ['eta_0^p', 'omega']=(6.738, 0.985)  | resids[ 40]=2.01e-01 cf=0.979
ndofs=    440678: ['eta_0^p', 'omega']=(6.738, 1.043)  | resids[ 40]=2.27e-01 cf=0.977
ndofs=    440678: ['eta_0^p', 'omega']=(6.738, 1.1)    | resids[ 40]=2.89e-01 cf=0.983
ndofs=    440678: ['eta_0^p', 'omega']=(7.159, 0.01)   | resids[ 40]=5.61e-05 cf=0.902
ndofs=    440678: ['eta_0^p', 'omega']=(7.159, 0.067)  | resids[ 40]=2.00e-06 cf=0.776
ndofs=    440678: ['eta_0^p', 'omega']=(7.159, 0.125)  | resids[ 40]=7.19e-08 cf=0.730
ndofs=    440678: ['eta_0^p', 'omega']=(7.159, 0.182)  | resids[ 36]=1.47e-08 cf=0.627
ndofs=    440678: ['eta_0^p', 'omega']=(7.159, 0.239)  | resids[ 31]=1.17e-08 cf=0.584
ndofs=    440678: ['eta_0^p', 'omega']=(7.159, 0.297)  | resids[ 27]=1.11e-08 cf=0.543
ndofs=    440678: ['eta_0^p', 'omega']=(7.159, 0.354)  | resids[ 24]=1.19e-08 cf=0.530
ndofs=    440678: ['eta_0^p', 'omega']=(7.159, 0.412)  | resids[ 21]=1.67e-08 cf=0.465
ndofs=    440678: ['eta_0^p', 'omega']=(7.159, 0.469)  | resids[ 20]=1.03e-08 cf=0.416
ndofs=    440678: ['eta_0^p', 'omega']=(7.159, 0.526)  | resids[ 20]=1.26e-08 cf=0.406
ndofs=    440678: ['eta_0^p', 'omega']=(7.159, 0.584)  | resids[ 24]=1.76e-08 cf=0.478
ndofs=    440678: ['eta_0^p', 'omega']=(7.159, 0.641)  | resids[ 33]=1.55e-08 cf=0.579
ndofs=    440678: ['eta_0^p', 'omega']=(7.159, 0.698)  | resids[ 40]=6.90e-07 cf=0.679
ndofs=    440678: ['eta_0^p', 'omega']=(7.159, 0.756)  | resids[ 40]=3.49e-02 cf=0.996
ndofs=    440678: ['eta_0^p', 'omega']=(7.159, 0.813)  | resids[ 40]=8.22e-02 cf=0.983
ndofs=    440678: ['eta_0^p', 'omega']=(7.159, 0.871)  | resids[ 40]=1.30e-01 cf=0.972
ndofs=    440678: ['eta_0^p', 'omega']=(7.159, 0.928)  | resids[ 40]=1.74e-01 cf=0.977
ndofs=    440678: ['eta_0^p', 'omega']=(7.159, 0.985)  | resids[ 40]=1.97e-01 cf=0.972
ndofs=    440678: ['eta_0^p', 'omega']=(7.159, 1.043)  | resids[ 40]=2.29e-01 cf=0.974
ndofs=    440678: ['eta_0^p', 'omega']=(7.159, 1.1)    | resids[ 40]=3.10e-01 cf=0.982
ndofs=    440678: ['eta_0^p', 'omega']=(7.579, 0.01)   | resids[ 40]=5.01e-05 cf=0.850
ndofs=    440678: ['eta_0^p', 'omega']=(7.579, 0.067)  | resids[ 40]=2.54e-06 cf=0.778
ndofs=    440678: ['eta_0^p', 'omega']=(7.579, 0.125)  | resids[ 40]=9.53e-08 cf=0.736
ndofs=    440678: ['eta_0^p', 'omega']=(7.579, 0.182)  | resids[ 37]=1.34e-08 cf=0.646
ndofs=    440678: ['eta_0^p', 'omega']=(7.579, 0.239)  | resids[ 31]=1.68e-08 cf=0.594
ndofs=    440678: ['eta_0^p', 'omega']=(7.579, 0.297)  | resids[ 27]=1.50e-08 cf=0.549
ndofs=    440678: ['eta_0^p', 'omega']=(7.579, 0.354)  | resids[ 24]=1.71e-08 cf=0.542
ndofs=    440678: ['eta_0^p', 'omega']=(7.579, 0.412)  | resids[ 22]=1.11e-08 cf=0.481
ndofs=    440678: ['eta_0^p', 'omega']=(7.579, 0.469)  | resids[ 20]=1.56e-08 cf=0.422
ndofs=    440678: ['eta_0^p', 'omega']=(7.579, 0.526)  | resids[ 21]=1.08e-08 cf=0.422
ndofs=    440678: ['eta_0^p', 'omega']=(7.579, 0.584)  | resids[ 27]=1.17e-08 cf=0.508
ndofs=    440678: ['eta_0^p', 'omega']=(7.579, 0.641)  | resids[ 40]=1.55e-08 cf=0.616
ndofs=    440678: ['eta_0^p', 'omega']=(7.579, 0.698)  | resids[ 40]=1.57e-03 cf=0.848
ndofs=    440678: ['eta_0^p', 'omega']=(7.579, 0.756)  | resids[ 40]=5.44e-02 cf=0.990
ndofs=    440678: ['eta_0^p', 'omega']=(7.579, 0.813)  | resids[ 40]=1.05e-01 cf=0.987
ndofs=    440678: ['eta_0^p', 'omega']=(7.579, 0.871)  | resids[ 40]=1.40e-01 cf=0.981
ndofs=    440678: ['eta_0^p', 'omega']=(7.579, 0.928)  | resids[ 40]=1.66e-01 cf=0.974
ndofs=    440678: ['eta_0^p', 'omega']=(7.579, 0.985)  | resids[ 40]=2.17e-01 cf=0.980
ndofs=    440678: ['eta_0^p', 'omega']=(7.579, 1.043)  | resids[ 40]=2.55e-01 cf=0.979
ndofs=    440678: ['eta_0^p', 'omega']=(7.579, 1.1)    | resids[ 40]=3.13e-01 cf=0.983
ndofs=    440678: ['eta_0^p', 'omega']=(8.0, 0.01)     | resids[ 40]=5.65e-05 cf=0.847
ndofs=    440678: ['eta_0^p', 'omega']=(8.0, 0.067)    | resids[ 40]=3.31e-06 cf=0.776
ndofs=    440678: ['eta_0^p', 'omega']=(8.0, 0.125)    | resids[ 40]=1.21e-07 cf=0.741
ndofs=    440678: ['eta_0^p', 'omega']=(8.0, 0.182)    | resids[ 38]=1.23e-08 cf=0.678
ndofs=    440678: ['eta_0^p', 'omega']=(8.0, 0.239)    | resids[ 32]=1.44e-08 cf=0.602
ndofs=    440678: ['eta_0^p', 'omega']=(8.0, 0.297)    | resids[ 28]=1.19e-08 cf=0.554
ndofs=    440678: ['eta_0^p', 'omega']=(8.0, 0.354)    | resids[ 25]=1.16e-08 cf=0.544
ndofs=    440678: ['eta_0^p', 'omega']=(8.0, 0.412)    | resids[ 22]=1.54e-08 cf=0.490
ndofs=    440678: ['eta_0^p', 'omega']=(8.0, 0.469)    | resids[ 21]=1.27e-08 cf=0.459
ndofs=    440678: ['eta_0^p', 'omega']=(8.0, 0.526)    | resids[ 21]=2.02e-08 cf=0.437
ndofs=    440678: ['eta_0^p', 'omega']=(8.0, 0.584)    | resids[ 30]=1.06e-08 cf=0.545
ndofs=    440678: ['eta_0^p', 'omega']=(8.0, 0.641)    | resids[ 40]=1.29e-06 cf=0.689
ndofs=    440678: ['eta_0^p', 'omega']=(8.0, 0.698)    | resids[ 40]=4.82e-02 cf=0.955
ndofs=    440678: ['eta_0^p', 'omega']=(8.0, 0.756)    | resids[ 40]=7.26e-02 cf=0.980
ndofs=    440678: ['eta_0^p', 'omega']=(8.0, 0.813)    | resids[ 40]=1.26e-01 cf=0.984
ndofs=    440678: ['eta_0^p', 'omega']=(8.0, 0.871)    | resids[ 40]=1.36e-01 cf=0.968
ndofs=    440678: ['eta_0^p', 'omega']=(8.0, 0.928)    | resids[ 40]=1.70e-01 cf=0.973
ndofs=    440678: ['eta_0^p', 'omega']=(8.0, 0.985)    | resids[ 40]=2.11e-01 cf=0.973
ndofs=    440678: ['eta_0^p', 'omega']=(8.0, 1.043)    | resids[ 40]=2.81e-01 cf=0.985
ndofs=    440678: ['eta_0^p', 'omega']=(8.0, 1.1)      | resids[ 40]=3.24e-01 cf=0.983
