gmsh -3 split_artery_h_08.new -format msh2 -o split_artery_h_08.msh
Info    : Running 'gmsh -3 split_artery_h_08.new -format msh2 -o split_artery_h_08.msh' [Gmsh 4.8.4, 1 node, max. 1 thread]
Info    : Started on Wed Nov 30 09:34:36 2022
Info    : Reading 'split_artery_h_08.new'...
Info    : Reading 'split_artery.step'...
Info    :  - Label 'Shapes/art1right' (3D)
Info    : Done reading 'split_artery.step'
Info    : Done reading 'split_artery_h_08.new'
Info    : Meshing 1D...
Info    : [  0%] Meshing curve 1 (BSpline)
Info    : [ 10%] Meshing curve 2 (BSpline)
Info    : [ 10%] Meshing curve 3 (BSpline)
Info    : [ 10%] Meshing curve 4 (BSpline)
Info    : [ 10%] Meshing curve 5 (BSpline)
Info    : [ 10%] Meshing curve 6 (BSpline)
Info    : [ 10%] Meshing curve 7 (BSpline)
Info    : [ 10%] Meshing curve 8 (BSpline)
Info    : [ 10%] Meshing curve 9 (BSpline)
Info    : [ 10%] Meshing curve 10 (BSpline)
Info    : [ 10%] Meshing curve 11 (BSpline)
Info    : [ 10%] Meshing curve 12 (BSpline)
Info    : [ 10%] Meshing curve 13 (BSpline)
Info    : [ 10%] Meshing curve 14 (BSpline)
Info    : [ 10%] Meshing curve 15 (BSpline)
Info    : [ 10%] Meshing curve 16 (BSpline)
Info    : [ 10%] Meshing curve 17 (BSpline)
Info    : [ 10%] Meshing curve 18 (BSpline)
Info    : [ 10%] Meshing curve 19 (BSpline)
Info    : [ 10%] Meshing curve 20 (BSpline)
Info    : [ 10%] Meshing curve 21 (BSpline)
Info    : [ 10%] Meshing curve 22 (BSpline)
Info    : [ 10%] Meshing curve 23 (BSpline)
Info    : [ 10%] Meshing curve 24 (BSpline)
Info    : [ 10%] Meshing curve 25 (BSpline)
Info    : [ 10%] Meshing curve 26 (BSpline)
Info    : [ 20%] Meshing curve 27 (BSpline)
Info    : [ 20%] Meshing curve 28 (BSpline)
Info    : [ 20%] Meshing curve 29 (BSpline)
Info    : [ 20%] Meshing curve 30 (BSpline)
Info    : [ 20%] Meshing curve 31 (BSpline)
Info    : [ 20%] Meshing curve 32 (BSpline)
Info    : [ 20%] Meshing curve 33 (BSpline)
Info    : [ 20%] Meshing curve 34 (BSpline)
Info    : [ 20%] Meshing curve 35 (BSpline)
Info    : [ 20%] Meshing curve 36 (BSpline)
Info    : [ 20%] Meshing curve 37 (BSpline)
Info    : [ 20%] Meshing curve 38 (BSpline)
Info    : [ 20%] Meshing curve 39 (BSpline)
Info    : [ 20%] Meshing curve 40 (BSpline)
Info    : [ 20%] Meshing curve 41 (BSpline)
Info    : [ 20%] Meshing curve 42 (BSpline)
Info    : [ 20%] Meshing curve 43 (BSpline)
Info    : [ 20%] Meshing curve 44 (BSpline)
Info    : [ 20%] Meshing curve 45 (BSpline)
Info    : [ 20%] Meshing curve 46 (BSpline)
Info    : [ 20%] Meshing curve 47 (BSpline)
Info    : [ 20%] Meshing curve 48 (BSpline)
Info    : [ 20%] Meshing curve 49 (BSpline)
Info    : [ 20%] Meshing curve 50 (BSpline)
Info    : [ 20%] Meshing curve 51 (BSpline)
Info    : [ 20%] Meshing curve 52 (BSpline)
Info    : [ 30%] Meshing curve 53 (BSpline)
Info    : [ 30%] Meshing curve 54 (BSpline)
Info    : [ 30%] Meshing curve 55 (BSpline)
Info    : [ 30%] Meshing curve 56 (BSpline)
Info    : [ 30%] Meshing curve 57 (BSpline)
Info    : [ 30%] Meshing curve 58 (BSpline)
Info    : [ 30%] Meshing curve 59 (BSpline)
Info    : [ 30%] Meshing curve 60 (BSpline)
Info    : [ 30%] Meshing curve 61 (BSpline)
Info    : [ 30%] Meshing curve 62 (BSpline)
Info    : [ 30%] Meshing curve 63 (BSpline)
Info    : [ 30%] Meshing curve 64 (BSpline)
Info    : [ 30%] Meshing curve 65 (BSpline)
Info    : [ 30%] Meshing curve 66 (BSpline)
Info    : [ 30%] Meshing curve 67 (BSpline)
Info    : [ 30%] Meshing curve 68 (BSpline)
Info    : [ 30%] Meshing curve 69 (BSpline)
Info    : [ 30%] Meshing curve 70 (BSpline)
Info    : [ 30%] Meshing curve 71 (BSpline)
Info    : [ 30%] Meshing curve 72 (BSpline)
Info    : [ 30%] Meshing curve 73 (BSpline)
Info    : [ 30%] Meshing curve 74 (BSpline)
Info    : [ 30%] Meshing curve 75 (BSpline)
Info    : [ 30%] Meshing curve 76 (BSpline)
Info    : [ 30%] Meshing curve 77 (BSpline)
Info    : [ 40%] Meshing curve 78 (BSpline)
Info    : [ 40%] Meshing curve 79 (BSpline)
Info    : [ 40%] Meshing curve 80 (BSpline)
Info    : [ 40%] Meshing curve 81 (BSpline)
Info    : [ 40%] Meshing curve 82 (BSpline)
Info    : [ 40%] Meshing curve 83 (BSpline)
Info    : [ 40%] Meshing curve 84 (BSpline)
Info    : [ 40%] Meshing curve 85 (BSpline)
Info    : [ 40%] Meshing curve 86 (BSpline)
Info    : [ 40%] Meshing curve 87 (BSpline)
Info    : [ 40%] Meshing curve 88 (BSpline)
Info    : [ 40%] Meshing curve 89 (BSpline)
Info    : [ 40%] Meshing curve 90 (BSpline)
Info    : [ 40%] Meshing curve 91 (BSpline)
Info    : [ 40%] Meshing curve 92 (BSpline)
Info    : [ 40%] Meshing curve 93 (BSpline)
Info    : [ 40%] Meshing curve 94 (BSpline)
Info    : [ 40%] Meshing curve 95 (BSpline)
Info    : [ 40%] Meshing curve 96 (BSpline)
Info    : [ 40%] Meshing curve 97 (BSpline)
Info    : [ 40%] Meshing curve 98 (BSpline)
Info    : [ 40%] Meshing curve 99 (BSpline)
Info    : [ 40%] Meshing curve 100 (BSpline)
Info    : [ 40%] Meshing curve 101 (BSpline)
Info    : [ 40%] Meshing curve 102 (BSpline)
Info    : [ 40%] Meshing curve 103 (BSpline)
Info    : [ 50%] Meshing curve 104 (BSpline)
Info    : [ 50%] Meshing curve 105 (BSpline)
Info    : [ 50%] Meshing curve 106 (BSpline)
Info    : [ 50%] Meshing curve 107 (BSpline)
Info    : [ 50%] Meshing curve 108 (BSpline)
Info    : [ 50%] Meshing curve 109 (BSpline)
Info    : [ 50%] Meshing curve 110 (BSpline)
Info    : [ 50%] Meshing curve 111 (BSpline)
Info    : [ 50%] Meshing curve 112 (BSpline)
Info    : [ 50%] Meshing curve 113 (BSpline)
Info    : [ 50%] Meshing curve 114 (BSpline)
Info    : [ 50%] Meshing curve 115 (BSpline)
Info    : [ 50%] Meshing curve 116 (BSpline)
Info    : [ 50%] Meshing curve 117 (BSpline)
Info    : [ 50%] Meshing curve 118 (BSpline)
Info    : [ 50%] Meshing curve 119 (BSpline)
Info    : [ 50%] Meshing curve 120 (BSpline)
Info    : [ 50%] Meshing curve 121 (BSpline)
Info    : [ 50%] Meshing curve 122 (BSpline)
Info    : [ 50%] Meshing curve 123 (BSpline)
Info    : [ 50%] Meshing curve 124 (BSpline)
Info    : [ 50%] Meshing curve 125 (BSpline)
Info    : [ 50%] Meshing curve 126 (BSpline)
Info    : [ 50%] Meshing curve 127 (BSpline)
Info    : [ 50%] Meshing curve 128 (BSpline)
Info    : [ 60%] Meshing curve 129 (BSpline)
Info    : [ 60%] Meshing curve 130 (BSpline)
Info    : [ 60%] Meshing curve 131 (BSpline)
Info    : [ 60%] Meshing curve 132 (BSpline)
Info    : [ 60%] Meshing curve 133 (BSpline)
Info    : [ 60%] Meshing curve 134 (BSpline)
Info    : [ 60%] Meshing curve 135 (BSpline)
Info    : [ 60%] Meshing curve 136 (BSpline)
Info    : [ 60%] Meshing curve 137 (BSpline)
Info    : [ 60%] Meshing curve 138 (BSpline)
Info    : [ 60%] Meshing curve 139 (BSpline)
Info    : [ 60%] Meshing curve 140 (BSpline)
Info    : [ 60%] Meshing curve 141 (BSpline)
Info    : [ 60%] Meshing curve 142 (BSpline)
Info    : [ 60%] Meshing curve 143 (BSpline)
Info    : [ 60%] Meshing curve 144 (BSpline)
Info    : [ 60%] Meshing curve 145 (BSpline)
Info    : [ 60%] Meshing curve 146 (BSpline)
Info    : [ 60%] Meshing curve 147 (BSpline)
Info    : [ 60%] Meshing curve 148 (BSpline)
Info    : [ 60%] Meshing curve 149 (BSpline)
Info    : [ 60%] Meshing curve 150 (BSpline)
Info    : [ 60%] Meshing curve 151 (BSpline)
Info    : [ 60%] Meshing curve 152 (BSpline)
Info    : [ 60%] Meshing curve 153 (BSpline)
Info    : [ 60%] Meshing curve 154 (BSpline)
Info    : [ 70%] Meshing curve 155 (BSpline)
Info    : [ 70%] Meshing curve 156 (BSpline)
Info    : [ 70%] Meshing curve 157 (BSpline)
Info    : [ 70%] Meshing curve 158 (BSpline)
Info    : [ 70%] Meshing curve 159 (BSpline)
Info    : [ 70%] Meshing curve 160 (BSpline)
Info    : [ 70%] Meshing curve 161 (BSpline)
Info    : [ 70%] Meshing curve 162 (BSpline)
Info    : [ 70%] Meshing curve 163 (BSpline)
Info    : [ 70%] Meshing curve 164 (BSpline)
Info    : [ 70%] Meshing curve 165 (BSpline)
Info    : [ 70%] Meshing curve 166 (BSpline)
Info    : [ 70%] Meshing curve 167 (BSpline)
Info    : [ 70%] Meshing curve 168 (BSpline)
Info    : [ 70%] Meshing curve 169 (BSpline)
Info    : [ 70%] Meshing curve 170 (BSpline)
Info    : [ 70%] Meshing curve 171 (BSpline)
Info    : [ 70%] Meshing curve 172 (BSpline)
Info    : [ 70%] Meshing curve 173 (BSpline)
Info    : [ 70%] Meshing curve 174 (BSpline)
Info    : [ 70%] Meshing curve 175 (BSpline)
Info    : [ 70%] Meshing curve 176 (BSpline)
Info    : [ 70%] Meshing curve 177 (BSpline)
Info    : [ 70%] Meshing curve 178 (BSpline)
Info    : [ 70%] Meshing curve 179 (BSpline)
Info    : [ 80%] Meshing curve 180 (BSpline)
Info    : [ 80%] Meshing curve 181 (BSpline)
Info    : [ 80%] Meshing curve 182 (BSpline)
Info    : [ 80%] Meshing curve 183 (BSpline)
Info    : [ 80%] Meshing curve 184 (BSpline)
Info    : [ 80%] Meshing curve 185 (BSpline)
Info    : [ 80%] Meshing curve 186 (BSpline)
Info    : [ 80%] Meshing curve 187 (BSpline)
Info    : [ 80%] Meshing curve 188 (BSpline)
Info    : [ 80%] Meshing curve 189 (BSpline)
Info    : [ 80%] Meshing curve 190 (BSpline)
Info    : [ 80%] Meshing curve 191 (BSpline)
Info    : [ 80%] Meshing curve 192 (BSpline)
Info    : [ 80%] Meshing curve 193 (BSpline)
Info    : [ 80%] Meshing curve 194 (BSpline)
Info    : [ 80%] Meshing curve 195 (BSpline)
Info    : [ 80%] Meshing curve 196 (BSpline)
Info    : [ 80%] Meshing curve 197 (BSpline)
Info    : [ 80%] Meshing curve 198 (BSpline)
Info    : [ 80%] Meshing curve 199 (BSpline)
Info    : [ 80%] Meshing curve 200 (BSpline)
Info    : [ 80%] Meshing curve 201 (BSpline)
Info    : [ 80%] Meshing curve 202 (BSpline)
Info    : [ 80%] Meshing curve 203 (BSpline)
Info    : [ 80%] Meshing curve 204 (BSpline)
Info    : [ 80%] Meshing curve 205 (BSpline)
Info    : [ 90%] Meshing curve 206 (BSpline)
Info    : [ 90%] Meshing curve 207 (BSpline)
Info    : [ 90%] Meshing curve 208 (BSpline)
Info    : [ 90%] Meshing curve 209 (BSpline)
Info    : [ 90%] Meshing curve 210 (BSpline)
Info    : [ 90%] Meshing curve 211 (BSpline)
Info    : [ 90%] Meshing curve 212 (BSpline)
Info    : [ 90%] Meshing curve 213 (BSpline)
Info    : [ 90%] Meshing curve 214 (BSpline)
Info    : [ 90%] Meshing curve 215 (BSpline)
Info    : [ 90%] Meshing curve 216 (BSpline)
Info    : [ 90%] Meshing curve 217 (BSpline)
Info    : [ 90%] Meshing curve 218 (BSpline)
Info    : [ 90%] Meshing curve 219 (BSpline)
Info    : [ 90%] Meshing curve 220 (BSpline)
Info    : [ 90%] Meshing curve 221 (BSpline)
Info    : [ 90%] Meshing curve 222 (BSpline)
Info    : [ 90%] Meshing curve 223 (BSpline)
Info    : [ 90%] Meshing curve 224 (BSpline)
Info    : [ 90%] Meshing curve 225 (BSpline)
Info    : [ 90%] Meshing curve 226 (BSpline)
Info    : [ 90%] Meshing curve 227 (BSpline)
Info    : [ 90%] Meshing curve 228 (BSpline)
Info    : [ 90%] Meshing curve 229 (BSpline)
Info    : [ 90%] Meshing curve 230 (BSpline)
Info    : [100%] Meshing curve 231 (BSpline)
Info    : [100%] Meshing curve 232 (BSpline)
Info    : [100%] Meshing curve 233 (BSpline)
Info    : [100%] Meshing curve 234 (BSpline)
Info    : [100%] Meshing curve 235 (BSpline)
Info    : [100%] Meshing curve 236 (BSpline)
Info    : [100%] Meshing curve 237 (BSpline)
Info    : [100%] Meshing curve 238 (BSpline)
Info    : [100%] Meshing curve 239 (BSpline)
Info    : [100%] Meshing curve 240 (BSpline)
Info    : [100%] Meshing curve 241 (BSpline)
Info    : [100%] Meshing curve 242 (BSpline)
Info    : [100%] Meshing curve 243 (BSpline)
Info    : [100%] Meshing curve 244 (BSpline)
Info    : [100%] Meshing curve 245 (BSpline)
Info    : [100%] Meshing curve 246 (BSpline)
Info    : [100%] Meshing curve 247 (BSpline)
Info    : [100%] Meshing curve 248 (BSpline)
Info    : [100%] Meshing curve 249 (BSpline)
Info    : [100%] Meshing curve 250 (BSpline)
Info    : [100%] Meshing curve 251 (BSpline)
Info    : [100%] Meshing curve 252 (BSpline)
Info    : [100%] Meshing curve 253 (BSpline)
Info    : [100%] Meshing curve 254 (BSpline)
Info    : [100%] Meshing curve 255 (BSpline)
Info    : Done meshing 1D (Wall 1.04948s, CPU 1.04909s)
Info    : Meshing 2D...
Info    : [  0%] Meshing surface 1 (BSpline surface, Frontal-Delaunay)
Info    : [ 10%] Meshing surface 2 (BSpline surface, Frontal-Delaunay)
Info    : [ 10%] Meshing surface 3 (BSpline surface, Frontal-Delaunay)
Info    : [ 10%] Meshing surface 4 (BSpline surface, Frontal-Delaunay)
Info    : [ 10%] Meshing surface 5 (BSpline surface, Frontal-Delaunay)
Info    : [ 10%] Meshing surface 6 (BSpline surface, Frontal-Delaunay)
Info    : [ 10%] Meshing surface 7 (BSpline surface, Frontal-Delaunay)
Info    : [ 10%] Meshing surface 8 (BSpline surface, Frontal-Delaunay)
Info    : [ 10%] Meshing surface 9 (BSpline surface, Frontal-Delaunay)
Info    : [ 10%] Meshing surface 10 (BSpline surface, Frontal-Delaunay)
Info    : [ 10%] Meshing surface 11 (BSpline surface, Frontal-Delaunay)
Info    : [ 10%] Meshing surface 12 (BSpline surface, Frontal-Delaunay)
Info    : [ 10%] Meshing surface 13 (BSpline surface, Frontal-Delaunay)
Info    : [ 20%] Meshing surface 14 (BSpline surface, Frontal-Delaunay)
Info    : [ 20%] Meshing surface 15 (BSpline surface, Frontal-Delaunay)
Info    : [ 20%] Meshing surface 16 (BSpline surface, Frontal-Delaunay)
Info    : [ 20%] Meshing surface 17 (BSpline surface, Frontal-Delaunay)
Info    : [ 20%] Meshing surface 18 (BSpline surface, Frontal-Delaunay)
Info    : [ 20%] Meshing surface 19 (BSpline surface, Frontal-Delaunay)
Info    : [ 20%] Meshing surface 20 (BSpline surface, Frontal-Delaunay)
Info    : [ 20%] Meshing surface 21 (BSpline surface, Frontal-Delaunay)
Info    : [ 20%] Meshing surface 22 (BSpline surface, Frontal-Delaunay)
Info    : [ 20%] Meshing surface 23 (BSpline surface, Frontal-Delaunay)
Info    : [ 20%] Meshing surface 24 (BSpline surface, Frontal-Delaunay)
Info    : [ 20%] Meshing surface 25 (BSpline surface, Frontal-Delaunay)
Info    : [ 20%] Meshing surface 26 (BSpline surface, Frontal-Delaunay)
Info    : [ 30%] Meshing surface 27 (BSpline surface, Frontal-Delaunay)
Info    : [ 30%] Meshing surface 28 (BSpline surface, Frontal-Delaunay)
Info    : [ 30%] Meshing surface 29 (BSpline surface, Frontal-Delaunay)
Info    : [ 30%] Meshing surface 30 (BSpline surface, Frontal-Delaunay)
Info    : [ 30%] Meshing surface 31 (BSpline surface, Frontal-Delaunay)
Info    : [ 30%] Meshing surface 32 (BSpline surface, Frontal-Delaunay)
Info    : [ 30%] Meshing surface 33 (BSpline surface, Frontal-Delaunay)
Info    : [ 30%] Meshing surface 34 (BSpline surface, Frontal-Delaunay)
Info    : [ 30%] Meshing surface 35 (BSpline surface, Frontal-Delaunay)
Info    : [ 30%] Meshing surface 36 (BSpline surface, Frontal-Delaunay)
Info    : [ 30%] Meshing surface 37 (BSpline surface, Frontal-Delaunay)
Info    : [ 30%] Meshing surface 38 (BSpline surface, Frontal-Delaunay)
Info    : [ 40%] Meshing surface 39 (BSpline surface, Frontal-Delaunay)
Info    : [ 40%] Meshing surface 40 (BSpline surface, Frontal-Delaunay)
Info    : [ 40%] Meshing surface 41 (BSpline surface, Frontal-Delaunay)
Info    : [ 40%] Meshing surface 42 (BSpline surface, Frontal-Delaunay)
Info    : [ 40%] Meshing surface 43 (BSpline surface, Frontal-Delaunay)
Info    : [ 40%] Meshing surface 44 (BSpline surface, Frontal-Delaunay)
Info    : [ 40%] Meshing surface 45 (BSpline surface, Frontal-Delaunay)
Info    : [ 40%] Meshing surface 46 (BSpline surface, Frontal-Delaunay)
Info    : [ 40%] Meshing surface 47 (BSpline surface, Frontal-Delaunay)
Info    : [ 40%] Meshing surface 48 (BSpline surface, Frontal-Delaunay)
Info    : [ 40%] Meshing surface 49 (BSpline surface, Frontal-Delaunay)
Info    : [ 40%] Meshing surface 50 (BSpline surface, Frontal-Delaunay)
Info    : [ 40%] Meshing surface 51 (BSpline surface, Frontal-Delaunay)
Info    : [ 50%] Meshing surface 52 (BSpline surface, Frontal-Delaunay)
Info    : [ 50%] Meshing surface 53 (BSpline surface, Frontal-Delaunay)
Info    : [ 50%] Meshing surface 54 (BSpline surface, Frontal-Delaunay)
Info    : [ 50%] Meshing surface 55 (BSpline surface, Frontal-Delaunay)
Info    : [ 50%] Meshing surface 56 (BSpline surface, Frontal-Delaunay)
Info    : [ 50%] Meshing surface 57 (BSpline surface, Frontal-Delaunay)
Info    : [ 50%] Meshing surface 58 (BSpline surface, Frontal-Delaunay)
Info    : [ 50%] Meshing surface 59 (BSpline surface, Frontal-Delaunay)
Info    : [ 50%] Meshing surface 60 (BSpline surface, Frontal-Delaunay)
Info    : [ 50%] Meshing surface 61 (BSpline surface, Frontal-Delaunay)
Info    : [ 50%] Meshing surface 62 (BSpline surface, Frontal-Delaunay)
Info    : [ 50%] Meshing surface 63 (BSpline surface, Frontal-Delaunay)
Info    : [ 60%] Meshing surface 64 (BSpline surface, Frontal-Delaunay)
Info    : [ 60%] Meshing surface 65 (BSpline surface, Frontal-Delaunay)
Info    : [ 60%] Meshing surface 66 (BSpline surface, Frontal-Delaunay)
Info    : [ 60%] Meshing surface 67 (BSpline surface, Frontal-Delaunay)
Info    : [ 60%] Meshing surface 68 (BSpline surface, Frontal-Delaunay)
Info    : [ 60%] Meshing surface 69 (BSpline surface, Frontal-Delaunay)
Info    : [ 60%] Meshing surface 70 (BSpline surface, Frontal-Delaunay)
Info    : [ 60%] Meshing surface 71 (BSpline surface, Frontal-Delaunay)
Info    : [ 60%] Meshing surface 72 (BSpline surface, Frontal-Delaunay)
Info    : [ 60%] Meshing surface 73 (BSpline surface, Frontal-Delaunay)
Info    : [ 60%] Meshing surface 74 (BSpline surface, Frontal-Delaunay)
Info    : [ 60%] Meshing surface 75 (BSpline surface, Frontal-Delaunay)
Info    : [ 60%] Meshing surface 76 (BSpline surface, Frontal-Delaunay)
Info    : [ 70%] Meshing surface 77 (BSpline surface, Frontal-Delaunay)
Info    : [ 70%] Meshing surface 78 (BSpline surface, Frontal-Delaunay)
Info    : [ 70%] Meshing surface 79 (BSpline surface, Frontal-Delaunay)
Info    : [ 70%] Meshing surface 80 (BSpline surface, Frontal-Delaunay)
Info    : [ 70%] Meshing surface 81 (BSpline surface, Frontal-Delaunay)
Info    : [ 70%] Meshing surface 82 (BSpline surface, Frontal-Delaunay)
Info    : [ 70%] Meshing surface 83 (BSpline surface, Frontal-Delaunay)
Info    : [ 70%] Meshing surface 84 (BSpline surface, Frontal-Delaunay)
Info    : [ 70%] Meshing surface 85 (BSpline surface, Frontal-Delaunay)
Info    : [ 70%] Meshing surface 86 (BSpline surface, Frontal-Delaunay)
Info    : [ 70%] Meshing surface 87 (BSpline surface, Frontal-Delaunay)
Info    : [ 70%] Meshing surface 88 (BSpline surface, Frontal-Delaunay)
Info    : [ 80%] Meshing surface 89 (BSpline surface, Frontal-Delaunay)
Info    : [ 80%] Meshing surface 90 (BSpline surface, Frontal-Delaunay)
Info    : [ 80%] Meshing surface 91 (BSpline surface, Frontal-Delaunay)
Info    : [ 80%] Meshing surface 92 (BSpline surface, Frontal-Delaunay)
Info    : [ 80%] Meshing surface 93 (BSpline surface, Frontal-Delaunay)
Info    : [ 80%] Meshing surface 94 (BSpline surface, Frontal-Delaunay)
Info    : [ 80%] Meshing surface 95 (BSpline surface, Frontal-Delaunay)
Info    : [ 80%] Meshing surface 96 (BSpline surface, Frontal-Delaunay)
Info    : [ 80%] Meshing surface 97 (BSpline surface, Frontal-Delaunay)
Info    : [ 80%] Meshing surface 98 (BSpline surface, Frontal-Delaunay)
Info    : [ 80%] Meshing surface 99 (BSpline surface, Frontal-Delaunay)
Info    : [ 80%] Meshing surface 100 (BSpline surface, Frontal-Delaunay)
Info    : [ 80%] Meshing surface 101 (BSpline surface, Frontal-Delaunay)
Info    : [ 90%] Meshing surface 102 (BSpline surface, Frontal-Delaunay)
Info    : [ 90%] Meshing surface 103 (BSpline surface, Frontal-Delaunay)
Info    : [ 90%] Meshing surface 104 (BSpline surface, Frontal-Delaunay)
Info    : [ 90%] Meshing surface 105 (BSpline surface, Frontal-Delaunay)
Info    : [ 90%] Meshing surface 106 (BSpline surface, Frontal-Delaunay)
Info    : [ 90%] Meshing surface 107 (BSpline surface, Frontal-Delaunay)
Info    : [ 90%] Meshing surface 108 (BSpline surface, Frontal-Delaunay)
Info    : [ 90%] Meshing surface 109 (BSpline surface, Frontal-Delaunay)
Info    : [ 90%] Meshing surface 110 (BSpline surface, Frontal-Delaunay)
Info    : [ 90%] Meshing surface 111 (BSpline surface, Frontal-Delaunay)
Info    : [ 90%] Meshing surface 112 (BSpline surface, Frontal-Delaunay)
Info    : [ 90%] Meshing surface 113 (BSpline surface, Frontal-Delaunay)
Info    : [100%] Meshing surface 114 (BSpline surface, Frontal-Delaunay)
Info    : [100%] Meshing surface 115 (BSpline surface, Frontal-Delaunay)
Info    : [100%] Meshing surface 116 (BSpline surface, Frontal-Delaunay)
Info    : [100%] Meshing surface 117 (BSpline surface, Frontal-Delaunay)
Info    : [100%] Meshing surface 118 (BSpline surface, Frontal-Delaunay)
Info    : [100%] Meshing surface 119 (BSpline surface, Frontal-Delaunay)
Info    : [100%] Meshing surface 120 (BSpline surface, Frontal-Delaunay)
Info    : [100%] Meshing surface 121 (BSpline surface, Frontal-Delaunay)
Info    : [100%] Meshing surface 122 (BSpline surface, Frontal-Delaunay)
Info    : [100%] Meshing surface 123 (Plane, Frontal-Delaunay)
Info    : [100%] Meshing surface 124 (Plane, Frontal-Delaunay)
Info    : [100%] Meshing surface 125 (Plane, Frontal-Delaunay)
Info    : Done meshing 2D (Wall 52.3004s, CPU 52.2786s)
Info    : Meshing 3D...
Info    : 3D Meshing 1 volume with 1 connected component
Info    : Tetrahedrizing 28226 nodes...
Info    : Done tetrahedrizing 28234 nodes (Wall 0.543136s, CPU 0.52675s)
Info    : Reconstructing mesh...
Info    :  - Creating surface mesh
Info    :  - Identifying boundary edges
Info    :  - Recovering boundary
Info    : Done reconstructing mesh (Wall 1.48436s, CPU 1.40678s)
Info    : Found volume 1
Info    : It. 0 - 0 nodes created - worst tet radius 39.8904 (nodes removed 0 0)
Info    : It. 500 - 411 nodes created - worst tet radius 4.86393 (nodes removed 0 89)
Info    : It. 1000 - 905 nodes created - worst tet radius 3.9138 (nodes removed 0 95)
Info    : It. 1500 - 1401 nodes created - worst tet radius 3.44762 (nodes removed 0 99)
Info    : It. 2000 - 1897 nodes created - worst tet radius 3.16201 (nodes removed 0 103)
Info    : It. 2500 - 2396 nodes created - worst tet radius 2.9478 (nodes removed 0 104)
Info    : It. 3000 - 2894 nodes created - worst tet radius 2.7933 (nodes removed 0 106)
Info    : It. 3500 - 3392 nodes created - worst tet radius 2.66603 (nodes removed 0 108)
Info    : It. 4000 - 3891 nodes created - worst tet radius 2.5553 (nodes removed 0 109)
Info    : It. 4500 - 4386 nodes created - worst tet radius 2.46623 (nodes removed 0 114)
Info    : It. 5000 - 4886 nodes created - worst tet radius 2.38973 (nodes removed 0 114)
Info    : It. 5500 - 5386 nodes created - worst tet radius 2.32127 (nodes removed 0 114)
Info    : It. 6000 - 5884 nodes created - worst tet radius 2.26317 (nodes removed 0 116)
Info    : It. 6500 - 6382 nodes created - worst tet radius 2.20929 (nodes removed 0 118)
Info    : It. 7000 - 6881 nodes created - worst tet radius 2.15922 (nodes removed 0 119)
Info    : It. 7500 - 7381 nodes created - worst tet radius 2.11328 (nodes removed 0 119)
Info    : It. 8000 - 7881 nodes created - worst tet radius 2.07012 (nodes removed 0 119)
Info    : It. 8500 - 8379 nodes created - worst tet radius 2.03045 (nodes removed 0 121)
Info    : It. 9000 - 8877 nodes created - worst tet radius 1.99273 (nodes removed 0 123)
Info    : It. 9500 - 9377 nodes created - worst tet radius 1.95998 (nodes removed 0 123)
Info    : It. 10000 - 9877 nodes created - worst tet radius 1.93074 (nodes removed 0 123)
Info    : It. 10500 - 10377 nodes created - worst tet radius 1.90087 (nodes removed 0 123)
Info    : It. 11000 - 10876 nodes created - worst tet radius 1.87297 (nodes removed 0 124)
Info    : It. 11500 - 11374 nodes created - worst tet radius 1.84551 (nodes removed 0 126)
Info    : It. 12000 - 11872 nodes created - worst tet radius 1.82023 (nodes removed 0 128)
Info    : It. 12500 - 12372 nodes created - worst tet radius 1.79684 (nodes removed 0 128)
Info    : It. 13000 - 12872 nodes created - worst tet radius 1.77652 (nodes removed 0 128)
Info    : It. 13500 - 13371 nodes created - worst tet radius 1.7553 (nodes removed 0 129)
Info    : It. 14000 - 13870 nodes created - worst tet radius 1.73491 (nodes removed 0 130)
Info    : It. 14500 - 14369 nodes created - worst tet radius 1.71704 (nodes removed 0 131)
Info    : It. 15000 - 14865 nodes created - worst tet radius 1.70081 (nodes removed 0 135)
Info    : It. 15500 - 15363 nodes created - worst tet radius 1.68469 (nodes removed 0 137)
Info    : It. 16000 - 15862 nodes created - worst tet radius 1.66625 (nodes removed 0 138)
Info    : It. 16500 - 16361 nodes created - worst tet radius 1.65088 (nodes removed 0 139)
Info    : It. 17000 - 16861 nodes created - worst tet radius 1.63447 (nodes removed 0 139)
Info    : It. 17500 - 17360 nodes created - worst tet radius 1.61918 (nodes removed 0 140)
Info    : It. 18000 - 17860 nodes created - worst tet radius 1.60551 (nodes removed 0 140)
Info    : It. 18500 - 18360 nodes created - worst tet radius 1.59157 (nodes removed 0 140)
Info    : It. 19000 - 18860 nodes created - worst tet radius 1.57818 (nodes removed 0 140)
Info    : It. 19500 - 19360 nodes created - worst tet radius 1.56596 (nodes removed 0 140)
Info    : It. 20000 - 19860 nodes created - worst tet radius 1.55358 (nodes removed 0 140)
Info    : It. 20500 - 20360 nodes created - worst tet radius 1.54269 (nodes removed 0 140)
Info    : It. 21000 - 20860 nodes created - worst tet radius 1.53135 (nodes removed 0 140)
Info    : It. 21500 - 21359 nodes created - worst tet radius 1.52086 (nodes removed 0 141)
Info    : It. 22000 - 21859 nodes created - worst tet radius 1.50992 (nodes removed 0 141)
Info    : It. 22500 - 22356 nodes created - worst tet radius 1.49929 (nodes removed 0 144)
Info    : It. 23000 - 22854 nodes created - worst tet radius 1.48897 (nodes removed 0 146)
Info    : It. 23500 - 23350 nodes created - worst tet radius 1.47819 (nodes removed 0 150)
Info    : It. 24000 - 23846 nodes created - worst tet radius 1.46913 (nodes removed 0 154)
Info    : It. 24500 - 24346 nodes created - worst tet radius 1.45897 (nodes removed 0 154)
Info    : It. 25000 - 24845 nodes created - worst tet radius 1.4488 (nodes removed 0 155)
Info    : It. 25500 - 25344 nodes created - worst tet radius 1.43987 (nodes removed 0 156)
Info    : It. 26000 - 25844 nodes created - worst tet radius 1.43063 (nodes removed 0 156)
Info    : It. 26500 - 26343 nodes created - worst tet radius 1.42248 (nodes removed 0 157)
Info    : It. 27000 - 26842 nodes created - worst tet radius 1.41412 (nodes removed 0 158)
Info    : It. 27500 - 27342 nodes created - worst tet radius 1.40581 (nodes removed 0 158)
Info    : It. 28000 - 27841 nodes created - worst tet radius 1.39823 (nodes removed 0 159)
Info    : It. 28500 - 28341 nodes created - worst tet radius 1.39025 (nodes removed 0 159)
Info    : It. 29000 - 28841 nodes created - worst tet radius 1.38286 (nodes removed 0 159)
Info    : It. 29500 - 29341 nodes created - worst tet radius 1.37574 (nodes removed 0 159)
Info    : It. 30000 - 29841 nodes created - worst tet radius 1.36825 (nodes removed 0 159)
Info    : It. 30500 - 30340 nodes created - worst tet radius 1.36154 (nodes removed 0 160)
Info    : It. 31000 - 30840 nodes created - worst tet radius 1.35462 (nodes removed 0 160)
Info    : It. 31500 - 31338 nodes created - worst tet radius 1.34721 (nodes removed 0 162)
Info    : It. 32000 - 31838 nodes created - worst tet radius 1.34066 (nodes removed 0 162)
Info    : It. 32500 - 32337 nodes created - worst tet radius 1.3342 (nodes removed 0 163)
Info    : It. 33000 - 32829 nodes created - worst tet radius 1.32784 (nodes removed 0 171)
Info    : It. 33500 - 33328 nodes created - worst tet radius 1.32136 (nodes removed 0 172)
Info    : It. 34000 - 33827 nodes created - worst tet radius 1.31505 (nodes removed 0 173)
Info    : It. 34500 - 34327 nodes created - worst tet radius 1.30913 (nodes removed 0 173)
Info    : It. 35000 - 34826 nodes created - worst tet radius 1.3031 (nodes removed 0 174)
Info    : It. 35500 - 35324 nodes created - worst tet radius 1.29707 (nodes removed 0 176)
Info    : It. 36000 - 35823 nodes created - worst tet radius 1.2915 (nodes removed 0 177)
Info    : It. 36500 - 36322 nodes created - worst tet radius 1.28565 (nodes removed 0 178)
Info    : It. 37000 - 36822 nodes created - worst tet radius 1.2799 (nodes removed 0 178)
Info    : It. 37500 - 37322 nodes created - worst tet radius 1.27477 (nodes removed 0 178)
Info    : It. 38000 - 37821 nodes created - worst tet radius 1.2694 (nodes removed 0 179)
Info    : It. 38500 - 38321 nodes created - worst tet radius 1.26412 (nodes removed 0 179)
Info    : It. 39000 - 38820 nodes created - worst tet radius 1.25919 (nodes removed 0 180)
Info    : It. 39500 - 39320 nodes created - worst tet radius 1.25466 (nodes removed 0 180)
Info    : It. 40000 - 39820 nodes created - worst tet radius 1.24992 (nodes removed 0 180)
Info    : It. 40500 - 40320 nodes created - worst tet radius 1.24517 (nodes removed 0 180)
Info    : It. 41000 - 40819 nodes created - worst tet radius 1.24047 (nodes removed 0 181)
Info    : It. 41500 - 41318 nodes created - worst tet radius 1.23583 (nodes removed 0 182)
Info    : It. 42000 - 41818 nodes created - worst tet radius 1.23154 (nodes removed 0 182)
Info    : It. 42500 - 42318 nodes created - worst tet radius 1.22654 (nodes removed 0 182)
Info    : It. 43000 - 42818 nodes created - worst tet radius 1.22183 (nodes removed 0 182)
Info    : It. 43500 - 43317 nodes created - worst tet radius 1.21707 (nodes removed 0 183)
Info    : It. 44000 - 43817 nodes created - worst tet radius 1.21284 (nodes removed 0 183)
Info    : It. 44500 - 44317 nodes created - worst tet radius 1.20852 (nodes removed 0 183)
Info    : It. 45000 - 44808 nodes created - worst tet radius 1.20439 (nodes removed 0 192)
Info    : It. 45500 - 45308 nodes created - worst tet radius 1.19997 (nodes removed 0 192)
Info    : It. 46000 - 45808 nodes created - worst tet radius 1.19596 (nodes removed 0 192)
Info    : It. 46500 - 46308 nodes created - worst tet radius 1.19173 (nodes removed 0 192)
Info    : It. 47000 - 46808 nodes created - worst tet radius 1.18776 (nodes removed 0 192)
Info    : It. 47500 - 47307 nodes created - worst tet radius 1.18388 (nodes removed 0 193)
Info    : It. 48000 - 47807 nodes created - worst tet radius 1.18012 (nodes removed 0 193)
Info    : It. 48500 - 48305 nodes created - worst tet radius 1.17634 (nodes removed 0 195)
Info    : It. 49000 - 48804 nodes created - worst tet radius 1.17273 (nodes removed 0 196)
Info    : It. 49500 - 49304 nodes created - worst tet radius 1.16915 (nodes removed 0 196)
Info    : It. 50000 - 49804 nodes created - worst tet radius 1.16543 (nodes removed 0 196)
Info    : It. 50500 - 50303 nodes created - worst tet radius 1.16184 (nodes removed 0 197)
Info    : It. 51000 - 50802 nodes created - worst tet radius 1.15828 (nodes removed 0 198)
Info    : It. 51500 - 51299 nodes created - worst tet radius 1.15482 (nodes removed 0 201)
Info    : It. 52000 - 51799 nodes created - worst tet radius 1.1513 (nodes removed 0 201)
Info    : It. 52500 - 52299 nodes created - worst tet radius 1.14758 (nodes removed 0 201)
Info    : It. 53000 - 52799 nodes created - worst tet radius 1.1439 (nodes removed 0 201)
Info    : It. 53500 - 53299 nodes created - worst tet radius 1.14031 (nodes removed 0 201)
Info    : It. 54000 - 53797 nodes created - worst tet radius 1.13686 (nodes removed 0 203)
Info    : It. 54500 - 54297 nodes created - worst tet radius 1.13341 (nodes removed 0 203)
Info    : It. 55000 - 54796 nodes created - worst tet radius 1.13029 (nodes removed 0 204)
Info    : It. 55500 - 55293 nodes created - worst tet radius 1.12704 (nodes removed 0 207)
Info    : It. 56000 - 55781 nodes created - worst tet radius 1.12394 (nodes removed 0 219)
Info    : It. 56500 - 56281 nodes created - worst tet radius 1.12086 (nodes removed 0 219)
Info    : It. 57000 - 56781 nodes created - worst tet radius 1.11759 (nodes removed 0 219)
Info    : It. 57500 - 57279 nodes created - worst tet radius 1.11475 (nodes removed 0 221)
Info    : It. 58000 - 57779 nodes created - worst tet radius 1.11161 (nodes removed 0 221)
Info    : It. 58500 - 58278 nodes created - worst tet radius 1.10853 (nodes removed 0 222)
Info    : It. 59000 - 58778 nodes created - worst tet radius 1.10535 (nodes removed 0 222)
Info    : It. 59500 - 59278 nodes created - worst tet radius 1.10225 (nodes removed 0 222)
Info    : It. 60000 - 59777 nodes created - worst tet radius 1.09947 (nodes removed 0 223)
Info    : It. 60500 - 60275 nodes created - worst tet radius 1.09655 (nodes removed 0 225)
Info    : It. 61000 - 60774 nodes created - worst tet radius 1.09372 (nodes removed 0 226)
Info    : It. 61500 - 61273 nodes created - worst tet radius 1.09075 (nodes removed 0 227)
Info    : It. 62000 - 61773 nodes created - worst tet radius 1.0878 (nodes removed 0 227)
Info    : It. 62500 - 62273 nodes created - worst tet radius 1.08454 (nodes removed 0 227)
Info    : It. 63000 - 62772 nodes created - worst tet radius 1.08182 (nodes removed 0 228)
Info    : It. 63500 - 63270 nodes created - worst tet radius 1.07918 (nodes removed 0 230)
Info    : It. 64000 - 63770 nodes created - worst tet radius 1.07659 (nodes removed 0 230)
Info    : It. 64500 - 64269 nodes created - worst tet radius 1.07382 (nodes removed 0 231)
Info    : It. 65000 - 64769 nodes created - worst tet radius 1.07127 (nodes removed 0 231)
Info    : It. 65500 - 65267 nodes created - worst tet radius 1.06866 (nodes removed 0 233)
Info    : It. 66000 - 65767 nodes created - worst tet radius 1.0661 (nodes removed 0 233)
Info    : It. 66500 - 66266 nodes created - worst tet radius 1.06363 (nodes removed 0 234)
Info    : It. 67000 - 66765 nodes created - worst tet radius 1.06115 (nodes removed 0 235)
Info    : It. 67500 - 67264 nodes created - worst tet radius 1.05869 (nodes removed 0 236)
Info    : It. 68000 - 67764 nodes created - worst tet radius 1.05614 (nodes removed 0 236)
Info    : It. 68500 - 68263 nodes created - worst tet radius 1.05378 (nodes removed 0 237)
Info    : It. 69000 - 68763 nodes created - worst tet radius 1.05131 (nodes removed 0 237)
Info    : It. 69500 - 69263 nodes created - worst tet radius 1.04905 (nodes removed 0 237)
Info    : It. 70000 - 69761 nodes created - worst tet radius 1.04659 (nodes removed 0 239)
Info    : It. 70500 - 70261 nodes created - worst tet radius 1.04433 (nodes removed 0 239)
Info    : It. 71000 - 70761 nodes created - worst tet radius 1.0421 (nodes removed 0 239)
Info    : It. 71500 - 71261 nodes created - worst tet radius 1.03985 (nodes removed 0 239)
Info    : It. 72000 - 71761 nodes created - worst tet radius 1.0375 (nodes removed 0 239)
Info    : It. 72500 - 72259 nodes created - worst tet radius 1.03515 (nodes removed 0 241)
Info    : It. 73000 - 72759 nodes created - worst tet radius 1.03305 (nodes removed 0 241)
Info    : It. 73500 - 73259 nodes created - worst tet radius 1.03068 (nodes removed 0 241)
Info    : It. 74000 - 73757 nodes created - worst tet radius 1.02851 (nodes removed 0 243)
Info    : It. 74500 - 74257 nodes created - worst tet radius 1.02629 (nodes removed 0 243)
Info    : It. 75000 - 74757 nodes created - worst tet radius 1.02422 (nodes removed 0 243)
Info    : It. 75500 - 75256 nodes created - worst tet radius 1.02205 (nodes removed 0 244)
Info    : It. 76000 - 75756 nodes created - worst tet radius 1.01981 (nodes removed 0 244)
Info    : It. 76500 - 76254 nodes created - worst tet radius 1.01781 (nodes removed 0 246)
Info    : It. 77000 - 76753 nodes created - worst tet radius 1.01567 (nodes removed 0 247)
Info    : It. 77500 - 77253 nodes created - worst tet radius 1.01371 (nodes removed 0 247)
Info    : It. 78000 - 77753 nodes created - worst tet radius 1.01171 (nodes removed 0 247)
Info    : It. 78500 - 78251 nodes created - worst tet radius 1.00957 (nodes removed 0 249)
Info    : It. 79000 - 78750 nodes created - worst tet radius 1.00738 (nodes removed 0 250)
Info    : It. 79500 - 79250 nodes created - worst tet radius 1.00543 (nodes removed 0 250)
Info    : It. 80000 - 79750 nodes created - worst tet radius 1.00342 (nodes removed 0 250)
Info    : It. 80500 - 80250 nodes created - worst tet radius 1.00155 (nodes removed 0 250)
Info    : 3D refinement terminated (108836 nodes total):
Info    :  - 438 Delaunay cavities modified for star shapeness
Info    :  - 251 nodes could not be inserted
Info    :  - 601337 tetrahedra created in 7.60126 sec. (79110 tets/s)
Info    : Done meshing 3D (Wall 15.1388s, CPU 15.018s)
Info    : Optimizing mesh...
Info    : Optimizing volume 1
Info    : Optimization starts (volume = 1873.56) with worst = 0.000332479 / average = 0.781146:
Info    : 0.00 < quality < 0.10 :      1307 elements
Info    : 0.10 < quality < 0.20 :      3747 elements
Info    : 0.20 < quality < 0.30 :      6788 elements
Info    : 0.30 < quality < 0.40 :     10538 elements
Info    : 0.40 < quality < 0.50 :     16733 elements
Info    : 0.50 < quality < 0.60 :     27921 elements
Info    : 0.60 < quality < 0.70 :     57678 elements
Info    : 0.70 < quality < 0.80 :    133615 elements
Info    : 0.80 < quality < 0.90 :    226899 elements
Info    : 0.90 < quality < 1.00 :    116111 elements
Info    : 11691 edge swaps, 366 node relocations (volume = 1873.56): worst = 0.000332479 / average = 0.793341 (Wall 0.629053s, CPU 0.628254s)
Info    : 11772 edge swaps, 386 node relocations (volume = 1873.56): worst = 0.000332479 / average = 0.793408 (Wall 0.845509s, CPU 0.844456s)
Info    : 0.00 < quality < 0.10 :        26 elements
Info    : 0.10 < quality < 0.20 :         6 elements
Info    : 0.20 < quality < 0.30 :        23 elements
Info    : 0.30 < quality < 0.40 :     10434 elements
Info    : 0.40 < quality < 0.50 :     16120 elements
Info    : 0.50 < quality < 0.60 :     27036 elements
Info    : 0.60 < quality < 0.70 :     57384 elements
Info    : 0.70 < quality < 0.80 :    135421 elements
Info    : 0.80 < quality < 0.90 :    228926 elements
Info    : 0.90 < quality < 1.00 :    115405 elements
Info    : Done optimizing mesh (Wall 2.27225s, CPU 2.22867s)
Info    : 108836 nodes 651262 elements
Info    : Writing 'split_artery_h_08.msh'...
Info    : Done writing 'split_artery_h_08.msh'
Info    : Stopped on Wed Nov 30 09:35:49 2022 (From start: Wall 72.7514s, CPU 72.623s)

