gmsh -3 split_artery_h_06.new -format msh2 -o split_artery_h_06.msh
Info    : Running 'gmsh -3 split_artery_h_06.new -format msh2 -o split_artery_h_06.msh' [Gmsh 4.8.4, 1 node, max. 1 thread]
Info    : Started on Wed Nov 30 09:32:57 2022
Info    : Reading 'split_artery_h_06.new'...
Info    : Reading 'split_artery.step'...
Info    :  - Label 'Shapes/art1right' (3D)
Info    : Done reading 'split_artery.step'
Info    : Done reading 'split_artery_h_06.new'
Info    : Meshing 1D...
Info    : [  0%] Meshing curve 1 (BSpline)
Info    : [ 10%] Meshing curve 2 (BSpline)
Info    : [ 10%] Meshing curve 3 (BSpline)
Info    : [ 10%] Meshing curve 4 (BSpline)
Info    : [ 10%] Meshing curve 5 (BSpline)
Info    : [ 10%] Meshing curve 6 (BSpline)
Info    : [ 10%] Meshing curve 7 (BSpline)
Info    : [ 10%] Meshing curve 8 (BSpline)
Info    : [ 10%] Meshing curve 9 (BSpline)
Info    : [ 10%] Meshing curve 10 (BSpline)
Info    : [ 10%] Meshing curve 11 (BSpline)
Info    : [ 10%] Meshing curve 12 (BSpline)
Info    : [ 10%] Meshing curve 13 (BSpline)
Info    : [ 10%] Meshing curve 14 (BSpline)
Info    : [ 10%] Meshing curve 15 (BSpline)
Info    : [ 10%] Meshing curve 16 (BSpline)
Info    : [ 10%] Meshing curve 17 (BSpline)
Info    : [ 10%] Meshing curve 18 (BSpline)
Info    : [ 10%] Meshing curve 19 (BSpline)
Info    : [ 10%] Meshing curve 20 (BSpline)
Info    : [ 10%] Meshing curve 21 (BSpline)
Info    : [ 10%] Meshing curve 22 (BSpline)
Info    : [ 10%] Meshing curve 23 (BSpline)
Info    : [ 10%] Meshing curve 24 (BSpline)
Info    : [ 10%] Meshing curve 25 (BSpline)
Info    : [ 10%] Meshing curve 26 (BSpline)
Info    : [ 20%] Meshing curve 27 (BSpline)
Info    : [ 20%] Meshing curve 28 (BSpline)
Info    : [ 20%] Meshing curve 29 (BSpline)
Info    : [ 20%] Meshing curve 30 (BSpline)
Info    : [ 20%] Meshing curve 31 (BSpline)
Info    : [ 20%] Meshing curve 32 (BSpline)
Info    : [ 20%] Meshing curve 33 (BSpline)
Info    : [ 20%] Meshing curve 34 (BSpline)
Info    : [ 20%] Meshing curve 35 (BSpline)
Info    : [ 20%] Meshing curve 36 (BSpline)
Info    : [ 20%] Meshing curve 37 (BSpline)
Info    : [ 20%] Meshing curve 38 (BSpline)
Info    : [ 20%] Meshing curve 39 (BSpline)
Info    : [ 20%] Meshing curve 40 (BSpline)
Info    : [ 20%] Meshing curve 41 (BSpline)
Info    : [ 20%] Meshing curve 42 (BSpline)
Info    : [ 20%] Meshing curve 43 (BSpline)
Info    : [ 20%] Meshing curve 44 (BSpline)
Info    : [ 20%] Meshing curve 45 (BSpline)
Info    : [ 20%] Meshing curve 46 (BSpline)
Info    : [ 20%] Meshing curve 47 (BSpline)
Info    : [ 20%] Meshing curve 48 (BSpline)
Info    : [ 20%] Meshing curve 49 (BSpline)
Info    : [ 20%] Meshing curve 50 (BSpline)
Info    : [ 20%] Meshing curve 51 (BSpline)
Info    : [ 20%] Meshing curve 52 (BSpline)
Info    : [ 30%] Meshing curve 53 (BSpline)
Info    : [ 30%] Meshing curve 54 (BSpline)
Info    : [ 30%] Meshing curve 55 (BSpline)
Info    : [ 30%] Meshing curve 56 (BSpline)
Info    : [ 30%] Meshing curve 57 (BSpline)
Info    : [ 30%] Meshing curve 58 (BSpline)
Info    : [ 30%] Meshing curve 59 (BSpline)
Info    : [ 30%] Meshing curve 60 (BSpline)
Info    : [ 30%] Meshing curve 61 (BSpline)
Info    : [ 30%] Meshing curve 62 (BSpline)
Info    : [ 30%] Meshing curve 63 (BSpline)
Info    : [ 30%] Meshing curve 64 (BSpline)
Info    : [ 30%] Meshing curve 65 (BSpline)
Info    : [ 30%] Meshing curve 66 (BSpline)
Info    : [ 30%] Meshing curve 67 (BSpline)
Info    : [ 30%] Meshing curve 68 (BSpline)
Info    : [ 30%] Meshing curve 69 (BSpline)
Info    : [ 30%] Meshing curve 70 (BSpline)
Info    : [ 30%] Meshing curve 71 (BSpline)
Info    : [ 30%] Meshing curve 72 (BSpline)
Info    : [ 30%] Meshing curve 73 (BSpline)
Info    : [ 30%] Meshing curve 74 (BSpline)
Info    : [ 30%] Meshing curve 75 (BSpline)
Info    : [ 30%] Meshing curve 76 (BSpline)
Info    : [ 30%] Meshing curve 77 (BSpline)
Info    : [ 40%] Meshing curve 78 (BSpline)
Info    : [ 40%] Meshing curve 79 (BSpline)
Info    : [ 40%] Meshing curve 80 (BSpline)
Info    : [ 40%] Meshing curve 81 (BSpline)
Info    : [ 40%] Meshing curve 82 (BSpline)
Info    : [ 40%] Meshing curve 83 (BSpline)
Info    : [ 40%] Meshing curve 84 (BSpline)
Info    : [ 40%] Meshing curve 85 (BSpline)
Info    : [ 40%] Meshing curve 86 (BSpline)
Info    : [ 40%] Meshing curve 87 (BSpline)
Info    : [ 40%] Meshing curve 88 (BSpline)
Info    : [ 40%] Meshing curve 89 (BSpline)
Info    : [ 40%] Meshing curve 90 (BSpline)
Info    : [ 40%] Meshing curve 91 (BSpline)
Info    : [ 40%] Meshing curve 92 (BSpline)
Info    : [ 40%] Meshing curve 93 (BSpline)
Info    : [ 40%] Meshing curve 94 (BSpline)
Info    : [ 40%] Meshing curve 95 (BSpline)
Info    : [ 40%] Meshing curve 96 (BSpline)
Info    : [ 40%] Meshing curve 97 (BSpline)
Info    : [ 40%] Meshing curve 98 (BSpline)
Info    : [ 40%] Meshing curve 99 (BSpline)
Info    : [ 40%] Meshing curve 100 (BSpline)
Info    : [ 40%] Meshing curve 101 (BSpline)
Info    : [ 40%] Meshing curve 102 (BSpline)
Info    : [ 40%] Meshing curve 103 (BSpline)
Info    : [ 50%] Meshing curve 104 (BSpline)
Info    : [ 50%] Meshing curve 105 (BSpline)
Info    : [ 50%] Meshing curve 106 (BSpline)
Info    : [ 50%] Meshing curve 107 (BSpline)
Info    : [ 50%] Meshing curve 108 (BSpline)
Info    : [ 50%] Meshing curve 109 (BSpline)
Info    : [ 50%] Meshing curve 110 (BSpline)
Info    : [ 50%] Meshing curve 111 (BSpline)
Info    : [ 50%] Meshing curve 112 (BSpline)
Info    : [ 50%] Meshing curve 113 (BSpline)
Info    : [ 50%] Meshing curve 114 (BSpline)
Info    : [ 50%] Meshing curve 115 (BSpline)
Info    : [ 50%] Meshing curve 116 (BSpline)
Info    : [ 50%] Meshing curve 117 (BSpline)
Info    : [ 50%] Meshing curve 118 (BSpline)
Info    : [ 50%] Meshing curve 119 (BSpline)
Info    : [ 50%] Meshing curve 120 (BSpline)
Info    : [ 50%] Meshing curve 121 (BSpline)
Info    : [ 50%] Meshing curve 122 (BSpline)
Info    : [ 50%] Meshing curve 123 (BSpline)
Info    : [ 50%] Meshing curve 124 (BSpline)
Info    : [ 50%] Meshing curve 125 (BSpline)
Info    : [ 50%] Meshing curve 126 (BSpline)
Info    : [ 50%] Meshing curve 127 (BSpline)
Info    : [ 50%] Meshing curve 128 (BSpline)
Info    : [ 60%] Meshing curve 129 (BSpline)
Info    : [ 60%] Meshing curve 130 (BSpline)
Info    : [ 60%] Meshing curve 131 (BSpline)
Info    : [ 60%] Meshing curve 132 (BSpline)
Info    : [ 60%] Meshing curve 133 (BSpline)
Info    : [ 60%] Meshing curve 134 (BSpline)
Info    : [ 60%] Meshing curve 135 (BSpline)
Info    : [ 60%] Meshing curve 136 (BSpline)
Info    : [ 60%] Meshing curve 137 (BSpline)
Info    : [ 60%] Meshing curve 138 (BSpline)
Info    : [ 60%] Meshing curve 139 (BSpline)
Info    : [ 60%] Meshing curve 140 (BSpline)
Info    : [ 60%] Meshing curve 141 (BSpline)
Info    : [ 60%] Meshing curve 142 (BSpline)
Info    : [ 60%] Meshing curve 143 (BSpline)
Info    : [ 60%] Meshing curve 144 (BSpline)
Info    : [ 60%] Meshing curve 145 (BSpline)
Info    : [ 60%] Meshing curve 146 (BSpline)
Info    : [ 60%] Meshing curve 147 (BSpline)
Info    : [ 60%] Meshing curve 148 (BSpline)
Info    : [ 60%] Meshing curve 149 (BSpline)
Info    : [ 60%] Meshing curve 150 (BSpline)
Info    : [ 60%] Meshing curve 151 (BSpline)
Info    : [ 60%] Meshing curve 152 (BSpline)
Info    : [ 60%] Meshing curve 153 (BSpline)
Info    : [ 60%] Meshing curve 154 (BSpline)
Info    : [ 70%] Meshing curve 155 (BSpline)
Info    : [ 70%] Meshing curve 156 (BSpline)
Info    : [ 70%] Meshing curve 157 (BSpline)
Info    : [ 70%] Meshing curve 158 (BSpline)
Info    : [ 70%] Meshing curve 159 (BSpline)
Info    : [ 70%] Meshing curve 160 (BSpline)
Info    : [ 70%] Meshing curve 161 (BSpline)
Info    : [ 70%] Meshing curve 162 (BSpline)
Info    : [ 70%] Meshing curve 163 (BSpline)
Info    : [ 70%] Meshing curve 164 (BSpline)
Info    : [ 70%] Meshing curve 165 (BSpline)
Info    : [ 70%] Meshing curve 166 (BSpline)
Info    : [ 70%] Meshing curve 167 (BSpline)
Info    : [ 70%] Meshing curve 168 (BSpline)
Info    : [ 70%] Meshing curve 169 (BSpline)
Info    : [ 70%] Meshing curve 170 (BSpline)
Info    : [ 70%] Meshing curve 171 (BSpline)
Info    : [ 70%] Meshing curve 172 (BSpline)
Info    : [ 70%] Meshing curve 173 (BSpline)
Info    : [ 70%] Meshing curve 174 (BSpline)
Info    : [ 70%] Meshing curve 175 (BSpline)
Info    : [ 70%] Meshing curve 176 (BSpline)
Info    : [ 70%] Meshing curve 177 (BSpline)
Info    : [ 70%] Meshing curve 178 (BSpline)
Info    : [ 70%] Meshing curve 179 (BSpline)
Info    : [ 80%] Meshing curve 180 (BSpline)
Info    : [ 80%] Meshing curve 181 (BSpline)
Info    : [ 80%] Meshing curve 182 (BSpline)
Info    : [ 80%] Meshing curve 183 (BSpline)
Info    : [ 80%] Meshing curve 184 (BSpline)
Info    : [ 80%] Meshing curve 185 (BSpline)
Info    : [ 80%] Meshing curve 186 (BSpline)
Info    : [ 80%] Meshing curve 187 (BSpline)
Info    : [ 80%] Meshing curve 188 (BSpline)
Info    : [ 80%] Meshing curve 189 (BSpline)
Info    : [ 80%] Meshing curve 190 (BSpline)
Info    : [ 80%] Meshing curve 191 (BSpline)
Info    : [ 80%] Meshing curve 192 (BSpline)
Info    : [ 80%] Meshing curve 193 (BSpline)
Info    : [ 80%] Meshing curve 194 (BSpline)
Info    : [ 80%] Meshing curve 195 (BSpline)
Info    : [ 80%] Meshing curve 196 (BSpline)
Info    : [ 80%] Meshing curve 197 (BSpline)
Info    : [ 80%] Meshing curve 198 (BSpline)
Info    : [ 80%] Meshing curve 199 (BSpline)
Info    : [ 80%] Meshing curve 200 (BSpline)
Info    : [ 80%] Meshing curve 201 (BSpline)
Info    : [ 80%] Meshing curve 202 (BSpline)
Info    : [ 80%] Meshing curve 203 (BSpline)
Info    : [ 80%] Meshing curve 204 (BSpline)
Info    : [ 80%] Meshing curve 205 (BSpline)
Info    : [ 90%] Meshing curve 206 (BSpline)
Info    : [ 90%] Meshing curve 207 (BSpline)
Info    : [ 90%] Meshing curve 208 (BSpline)
Info    : [ 90%] Meshing curve 209 (BSpline)
Info    : [ 90%] Meshing curve 210 (BSpline)
Info    : [ 90%] Meshing curve 211 (BSpline)
Info    : [ 90%] Meshing curve 212 (BSpline)
Info    : [ 90%] Meshing curve 213 (BSpline)
Info    : [ 90%] Meshing curve 214 (BSpline)
Info    : [ 90%] Meshing curve 215 (BSpline)
Info    : [ 90%] Meshing curve 216 (BSpline)
Info    : [ 90%] Meshing curve 217 (BSpline)
Info    : [ 90%] Meshing curve 218 (BSpline)
Info    : [ 90%] Meshing curve 219 (BSpline)
Info    : [ 90%] Meshing curve 220 (BSpline)
Info    : [ 90%] Meshing curve 221 (BSpline)
Info    : [ 90%] Meshing curve 222 (BSpline)
Info    : [ 90%] Meshing curve 223 (BSpline)
Info    : [ 90%] Meshing curve 224 (BSpline)
Info    : [ 90%] Meshing curve 225 (BSpline)
Info    : [ 90%] Meshing curve 226 (BSpline)
Info    : [ 90%] Meshing curve 227 (BSpline)
Info    : [ 90%] Meshing curve 228 (BSpline)
Info    : [ 90%] Meshing curve 229 (BSpline)
Info    : [ 90%] Meshing curve 230 (BSpline)
Info    : [100%] Meshing curve 231 (BSpline)
Info    : [100%] Meshing curve 232 (BSpline)
Info    : [100%] Meshing curve 233 (BSpline)
Info    : [100%] Meshing curve 234 (BSpline)
Info    : [100%] Meshing curve 235 (BSpline)
Info    : [100%] Meshing curve 236 (BSpline)
Info    : [100%] Meshing curve 237 (BSpline)
Info    : [100%] Meshing curve 238 (BSpline)
Info    : [100%] Meshing curve 239 (BSpline)
Info    : [100%] Meshing curve 240 (BSpline)
Info    : [100%] Meshing curve 241 (BSpline)
Info    : [100%] Meshing curve 242 (BSpline)
Info    : [100%] Meshing curve 243 (BSpline)
Info    : [100%] Meshing curve 244 (BSpline)
Info    : [100%] Meshing curve 245 (BSpline)
Info    : [100%] Meshing curve 246 (BSpline)
Info    : [100%] Meshing curve 247 (BSpline)
Info    : [100%] Meshing curve 248 (BSpline)
Info    : [100%] Meshing curve 249 (BSpline)
Info    : [100%] Meshing curve 250 (BSpline)
Info    : [100%] Meshing curve 251 (BSpline)
Info    : [100%] Meshing curve 252 (BSpline)
Info    : [100%] Meshing curve 253 (BSpline)
Info    : [100%] Meshing curve 254 (BSpline)
Info    : [100%] Meshing curve 255 (BSpline)
Info    : Done meshing 1D (Wall 0.973555s, CPU 0.968581s)
Info    : Meshing 2D...
Info    : [  0%] Meshing surface 1 (BSpline surface, Frontal-Delaunay)
Info    : [ 10%] Meshing surface 2 (BSpline surface, Frontal-Delaunay)
Info    : [ 10%] Meshing surface 3 (BSpline surface, Frontal-Delaunay)
Info    : [ 10%] Meshing surface 4 (BSpline surface, Frontal-Delaunay)
Info    : [ 10%] Meshing surface 5 (BSpline surface, Frontal-Delaunay)
Info    : [ 10%] Meshing surface 6 (BSpline surface, Frontal-Delaunay)
Info    : [ 10%] Meshing surface 7 (BSpline surface, Frontal-Delaunay)
Info    : [ 10%] Meshing surface 8 (BSpline surface, Frontal-Delaunay)
Info    : [ 10%] Meshing surface 9 (BSpline surface, Frontal-Delaunay)
Info    : [ 10%] Meshing surface 10 (BSpline surface, Frontal-Delaunay)
Info    : [ 10%] Meshing surface 11 (BSpline surface, Frontal-Delaunay)
Info    : [ 10%] Meshing surface 12 (BSpline surface, Frontal-Delaunay)
Info    : [ 10%] Meshing surface 13 (BSpline surface, Frontal-Delaunay)
Info    : [ 20%] Meshing surface 14 (BSpline surface, Frontal-Delaunay)
Info    : [ 20%] Meshing surface 15 (BSpline surface, Frontal-Delaunay)
Info    : [ 20%] Meshing surface 16 (BSpline surface, Frontal-Delaunay)
Info    : [ 20%] Meshing surface 17 (BSpline surface, Frontal-Delaunay)
Info    : [ 20%] Meshing surface 18 (BSpline surface, Frontal-Delaunay)
Info    : [ 20%] Meshing surface 19 (BSpline surface, Frontal-Delaunay)
Info    : [ 20%] Meshing surface 20 (BSpline surface, Frontal-Delaunay)
Info    : [ 20%] Meshing surface 21 (BSpline surface, Frontal-Delaunay)
Info    : [ 20%] Meshing surface 22 (BSpline surface, Frontal-Delaunay)
Info    : [ 20%] Meshing surface 23 (BSpline surface, Frontal-Delaunay)
Info    : [ 20%] Meshing surface 24 (BSpline surface, Frontal-Delaunay)
Info    : [ 20%] Meshing surface 25 (BSpline surface, Frontal-Delaunay)
Info    : [ 20%] Meshing surface 26 (BSpline surface, Frontal-Delaunay)
Info    : [ 30%] Meshing surface 27 (BSpline surface, Frontal-Delaunay)
Info    : [ 30%] Meshing surface 28 (BSpline surface, Frontal-Delaunay)
Info    : [ 30%] Meshing surface 29 (BSpline surface, Frontal-Delaunay)
Info    : [ 30%] Meshing surface 30 (BSpline surface, Frontal-Delaunay)
Info    : [ 30%] Meshing surface 31 (BSpline surface, Frontal-Delaunay)
Info    : [ 30%] Meshing surface 32 (BSpline surface, Frontal-Delaunay)
Info    : [ 30%] Meshing surface 33 (BSpline surface, Frontal-Delaunay)
Info    : [ 30%] Meshing surface 34 (BSpline surface, Frontal-Delaunay)
Info    : [ 30%] Meshing surface 35 (BSpline surface, Frontal-Delaunay)
Info    : [ 30%] Meshing surface 36 (BSpline surface, Frontal-Delaunay)
Info    : [ 30%] Meshing surface 37 (BSpline surface, Frontal-Delaunay)
Info    : [ 30%] Meshing surface 38 (BSpline surface, Frontal-Delaunay)
Info    : [ 40%] Meshing surface 39 (BSpline surface, Frontal-Delaunay)
Info    : [ 40%] Meshing surface 40 (BSpline surface, Frontal-Delaunay)
Info    : [ 40%] Meshing surface 41 (BSpline surface, Frontal-Delaunay)
Info    : [ 40%] Meshing surface 42 (BSpline surface, Frontal-Delaunay)
Info    : [ 40%] Meshing surface 43 (BSpline surface, Frontal-Delaunay)
Info    : [ 40%] Meshing surface 44 (BSpline surface, Frontal-Delaunay)
Info    : [ 40%] Meshing surface 45 (BSpline surface, Frontal-Delaunay)
Info    : [ 40%] Meshing surface 46 (BSpline surface, Frontal-Delaunay)
Info    : [ 40%] Meshing surface 47 (BSpline surface, Frontal-Delaunay)
Info    : [ 40%] Meshing surface 48 (BSpline surface, Frontal-Delaunay)
Info    : [ 40%] Meshing surface 49 (BSpline surface, Frontal-Delaunay)
Info    : [ 40%] Meshing surface 50 (BSpline surface, Frontal-Delaunay)
Info    : [ 40%] Meshing surface 51 (BSpline surface, Frontal-Delaunay)
Info    : [ 50%] Meshing surface 52 (BSpline surface, Frontal-Delaunay)
Info    : [ 50%] Meshing surface 53 (BSpline surface, Frontal-Delaunay)
Info    : [ 50%] Meshing surface 54 (BSpline surface, Frontal-Delaunay)
Info    : [ 50%] Meshing surface 55 (BSpline surface, Frontal-Delaunay)
Info    : [ 50%] Meshing surface 56 (BSpline surface, Frontal-Delaunay)
Info    : [ 50%] Meshing surface 57 (BSpline surface, Frontal-Delaunay)
Info    : [ 50%] Meshing surface 58 (BSpline surface, Frontal-Delaunay)
Info    : [ 50%] Meshing surface 59 (BSpline surface, Frontal-Delaunay)
Info    : [ 50%] Meshing surface 60 (BSpline surface, Frontal-Delaunay)
Info    : [ 50%] Meshing surface 61 (BSpline surface, Frontal-Delaunay)
Info    : [ 50%] Meshing surface 62 (BSpline surface, Frontal-Delaunay)
Info    : [ 50%] Meshing surface 63 (BSpline surface, Frontal-Delaunay)
Info    : [ 60%] Meshing surface 64 (BSpline surface, Frontal-Delaunay)
Info    : [ 60%] Meshing surface 65 (BSpline surface, Frontal-Delaunay)
Info    : [ 60%] Meshing surface 66 (BSpline surface, Frontal-Delaunay)
Info    : [ 60%] Meshing surface 67 (BSpline surface, Frontal-Delaunay)
Info    : [ 60%] Meshing surface 68 (BSpline surface, Frontal-Delaunay)
Info    : [ 60%] Meshing surface 69 (BSpline surface, Frontal-Delaunay)
Info    : [ 60%] Meshing surface 70 (BSpline surface, Frontal-Delaunay)
Info    : [ 60%] Meshing surface 71 (BSpline surface, Frontal-Delaunay)
Info    : [ 60%] Meshing surface 72 (BSpline surface, Frontal-Delaunay)
Info    : [ 60%] Meshing surface 73 (BSpline surface, Frontal-Delaunay)
Info    : [ 60%] Meshing surface 74 (BSpline surface, Frontal-Delaunay)
Info    : [ 60%] Meshing surface 75 (BSpline surface, Frontal-Delaunay)
Info    : [ 60%] Meshing surface 76 (BSpline surface, Frontal-Delaunay)
Info    : [ 70%] Meshing surface 77 (BSpline surface, Frontal-Delaunay)
Info    : [ 70%] Meshing surface 78 (BSpline surface, Frontal-Delaunay)
Info    : [ 70%] Meshing surface 79 (BSpline surface, Frontal-Delaunay)
Info    : [ 70%] Meshing surface 80 (BSpline surface, Frontal-Delaunay)
Info    : [ 70%] Meshing surface 81 (BSpline surface, Frontal-Delaunay)
Info    : [ 70%] Meshing surface 82 (BSpline surface, Frontal-Delaunay)
Info    : [ 70%] Meshing surface 83 (BSpline surface, Frontal-Delaunay)
Info    : [ 70%] Meshing surface 84 (BSpline surface, Frontal-Delaunay)
Info    : [ 70%] Meshing surface 85 (BSpline surface, Frontal-Delaunay)
Info    : [ 70%] Meshing surface 86 (BSpline surface, Frontal-Delaunay)
Info    : [ 70%] Meshing surface 87 (BSpline surface, Frontal-Delaunay)
Info    : [ 70%] Meshing surface 88 (BSpline surface, Frontal-Delaunay)
Info    : [ 80%] Meshing surface 89 (BSpline surface, Frontal-Delaunay)
Info    : [ 80%] Meshing surface 90 (BSpline surface, Frontal-Delaunay)
Info    : [ 80%] Meshing surface 91 (BSpline surface, Frontal-Delaunay)
Info    : [ 80%] Meshing surface 92 (BSpline surface, Frontal-Delaunay)
Info    : [ 80%] Meshing surface 93 (BSpline surface, Frontal-Delaunay)
Info    : [ 80%] Meshing surface 94 (BSpline surface, Frontal-Delaunay)
Info    : [ 80%] Meshing surface 95 (BSpline surface, Frontal-Delaunay)
Info    : [ 80%] Meshing surface 96 (BSpline surface, Frontal-Delaunay)
Info    : [ 80%] Meshing surface 97 (BSpline surface, Frontal-Delaunay)
Info    : [ 80%] Meshing surface 98 (BSpline surface, Frontal-Delaunay)
Info    : [ 80%] Meshing surface 99 (BSpline surface, Frontal-Delaunay)
Info    : [ 80%] Meshing surface 100 (BSpline surface, Frontal-Delaunay)
Info    : [ 80%] Meshing surface 101 (BSpline surface, Frontal-Delaunay)
Info    : [ 90%] Meshing surface 102 (BSpline surface, Frontal-Delaunay)
Info    : [ 90%] Meshing surface 103 (BSpline surface, Frontal-Delaunay)
Info    : [ 90%] Meshing surface 104 (BSpline surface, Frontal-Delaunay)
Info    : [ 90%] Meshing surface 105 (BSpline surface, Frontal-Delaunay)
Info    : [ 90%] Meshing surface 106 (BSpline surface, Frontal-Delaunay)
Info    : [ 90%] Meshing surface 107 (BSpline surface, Frontal-Delaunay)
Info    : [ 90%] Meshing surface 108 (BSpline surface, Frontal-Delaunay)
Info    : [ 90%] Meshing surface 109 (BSpline surface, Frontal-Delaunay)
Info    : [ 90%] Meshing surface 110 (BSpline surface, Frontal-Delaunay)
Info    : [ 90%] Meshing surface 111 (BSpline surface, Frontal-Delaunay)
Info    : [ 90%] Meshing surface 112 (BSpline surface, Frontal-Delaunay)
Info    : [ 90%] Meshing surface 113 (BSpline surface, Frontal-Delaunay)
Info    : [100%] Meshing surface 114 (BSpline surface, Frontal-Delaunay)
Info    : [100%] Meshing surface 115 (BSpline surface, Frontal-Delaunay)
Info    : [100%] Meshing surface 116 (BSpline surface, Frontal-Delaunay)
Info    : [100%] Meshing surface 117 (BSpline surface, Frontal-Delaunay)
Info    : [100%] Meshing surface 118 (BSpline surface, Frontal-Delaunay)
Info    : [100%] Meshing surface 119 (BSpline surface, Frontal-Delaunay)
Info    : [100%] Meshing surface 120 (BSpline surface, Frontal-Delaunay)
Info    : [100%] Meshing surface 121 (BSpline surface, Frontal-Delaunay)
Info    : [100%] Meshing surface 122 (BSpline surface, Frontal-Delaunay)
Info    : [100%] Meshing surface 123 (Plane, Frontal-Delaunay)
Info    : [100%] Meshing surface 124 (Plane, Frontal-Delaunay)
Info    : [100%] Meshing surface 125 (Plane, Frontal-Delaunay)
Info    : Done meshing 2D (Wall 33.0564s, CPU 33.0154s)
Info    : Meshing 3D...
Info    : 3D Meshing 1 volume with 1 connected component
Info    : Tetrahedrizing 17203 nodes...
Info    : Done tetrahedrizing 17211 nodes (Wall 0.335142s, CPU 0.326787s)
Info    : Reconstructing mesh...
Info    :  - Creating surface mesh
Info    :  - Identifying boundary edges
Info    :  - Recovering boundary
Info    : Done reconstructing mesh (Wall 0.904914s, CPU 0.859853s)
Info    : Found volume 1
Info    : It. 0 - 0 nodes created - worst tet radius 53.6829 (nodes removed 0 0)
Info    : It. 500 - 418 nodes created - worst tet radius 3.73122 (nodes removed 0 82)
Info    : It. 1000 - 909 nodes created - worst tet radius 3.02403 (nodes removed 0 91)
Info    : It. 1500 - 1407 nodes created - worst tet radius 2.66477 (nodes removed 0 93)
Info    : It. 2000 - 1905 nodes created - worst tet radius 2.44353 (nodes removed 0 95)
Info    : It. 2500 - 2403 nodes created - worst tet radius 2.28395 (nodes removed 0 97)
Info    : It. 3000 - 2902 nodes created - worst tet radius 2.15815 (nodes removed 0 98)
Info    : It. 3500 - 3402 nodes created - worst tet radius 2.05263 (nodes removed 0 98)
Info    : It. 4000 - 3899 nodes created - worst tet radius 1.97121 (nodes removed 0 101)
Info    : It. 4500 - 4399 nodes created - worst tet radius 1.90684 (nodes removed 0 101)
Info    : It. 5000 - 4899 nodes created - worst tet radius 1.84402 (nodes removed 0 101)
Info    : It. 5500 - 5398 nodes created - worst tet radius 1.78874 (nodes removed 0 102)
Info    : It. 6000 - 5898 nodes created - worst tet radius 1.74268 (nodes removed 0 102)
Info    : It. 6500 - 6396 nodes created - worst tet radius 1.69873 (nodes removed 0 104)
Info    : It. 7000 - 6894 nodes created - worst tet radius 1.6644 (nodes removed 0 106)
Info    : It. 7500 - 7392 nodes created - worst tet radius 1.6302 (nodes removed 0 108)
Info    : It. 8000 - 7891 nodes created - worst tet radius 1.59978 (nodes removed 0 109)
Info    : It. 8500 - 8390 nodes created - worst tet radius 1.56864 (nodes removed 0 110)
Info    : It. 9000 - 8885 nodes created - worst tet radius 1.54324 (nodes removed 0 115)
Info    : It. 9500 - 9385 nodes created - worst tet radius 1.51526 (nodes removed 0 115)
Info    : It. 10000 - 9883 nodes created - worst tet radius 1.49239 (nodes removed 0 117)
Info    : It. 10500 - 10380 nodes created - worst tet radius 1.46977 (nodes removed 0 120)
Info    : It. 11000 - 10880 nodes created - worst tet radius 1.44908 (nodes removed 0 120)
Info    : It. 11500 - 11380 nodes created - worst tet radius 1.43066 (nodes removed 0 120)
Info    : It. 12000 - 11880 nodes created - worst tet radius 1.41147 (nodes removed 0 120)
Info    : It. 12500 - 12378 nodes created - worst tet radius 1.39274 (nodes removed 0 122)
Info    : It. 13000 - 12877 nodes created - worst tet radius 1.37484 (nodes removed 0 123)
Info    : It. 13500 - 13377 nodes created - worst tet radius 1.35885 (nodes removed 0 123)
Info    : It. 14000 - 13877 nodes created - worst tet radius 1.34391 (nodes removed 0 123)
Info    : It. 14500 - 14376 nodes created - worst tet radius 1.32875 (nodes removed 0 124)
Info    : It. 15000 - 14871 nodes created - worst tet radius 1.31489 (nodes removed 0 129)
Info    : It. 15500 - 15370 nodes created - worst tet radius 1.30077 (nodes removed 0 130)
Info    : It. 16000 - 15870 nodes created - worst tet radius 1.2878 (nodes removed 0 130)
Info    : It. 16500 - 16368 nodes created - worst tet radius 1.27569 (nodes removed 0 132)
Info    : It. 17000 - 16868 nodes created - worst tet radius 1.26395 (nodes removed 0 132)
Info    : It. 17500 - 17367 nodes created - worst tet radius 1.25261 (nodes removed 0 133)
Info    : It. 18000 - 17865 nodes created - worst tet radius 1.2415 (nodes removed 0 135)
Info    : It. 18500 - 18365 nodes created - worst tet radius 1.2315 (nodes removed 0 135)
Info    : It. 19000 - 18857 nodes created - worst tet radius 1.22159 (nodes removed 0 143)
Info    : It. 19500 - 19356 nodes created - worst tet radius 1.21177 (nodes removed 0 144)
Info    : It. 20000 - 19855 nodes created - worst tet radius 1.20193 (nodes removed 0 145)
Info    : It. 20500 - 20352 nodes created - worst tet radius 1.19276 (nodes removed 0 148)
Info    : It. 21000 - 20852 nodes created - worst tet radius 1.18329 (nodes removed 0 148)
Info    : It. 21500 - 21349 nodes created - worst tet radius 1.17479 (nodes removed 0 151)
Info    : It. 22000 - 21848 nodes created - worst tet radius 1.16673 (nodes removed 0 152)
Info    : It. 22500 - 22348 nodes created - worst tet radius 1.15844 (nodes removed 0 152)
Info    : It. 23000 - 22844 nodes created - worst tet radius 1.15068 (nodes removed 0 156)
Info    : It. 23500 - 23336 nodes created - worst tet radius 1.14321 (nodes removed 0 164)
Info    : It. 24000 - 23834 nodes created - worst tet radius 1.1353 (nodes removed 0 166)
Info    : It. 24500 - 24333 nodes created - worst tet radius 1.12801 (nodes removed 0 167)
Info    : It. 25000 - 24833 nodes created - worst tet radius 1.12102 (nodes removed 0 167)
Info    : It. 25500 - 25333 nodes created - worst tet radius 1.11384 (nodes removed 0 167)
Info    : It. 26000 - 25832 nodes created - worst tet radius 1.10738 (nodes removed 0 168)
Info    : It. 26500 - 26332 nodes created - worst tet radius 1.10058 (nodes removed 0 168)
Info    : It. 27000 - 26832 nodes created - worst tet radius 1.09375 (nodes removed 0 168)
Info    : It. 27500 - 27331 nodes created - worst tet radius 1.08727 (nodes removed 0 169)
Info    : It. 28000 - 27829 nodes created - worst tet radius 1.08114 (nodes removed 0 171)
Info    : It. 28500 - 28329 nodes created - worst tet radius 1.07529 (nodes removed 0 171)
Info    : It. 29000 - 28825 nodes created - worst tet radius 1.06976 (nodes removed 0 175)
Info    : It. 29500 - 29325 nodes created - worst tet radius 1.06412 (nodes removed 0 175)
Info    : It. 30000 - 29816 nodes created - worst tet radius 1.05894 (nodes removed 0 184)
Info    : It. 30500 - 30314 nodes created - worst tet radius 1.05339 (nodes removed 0 186)
Info    : It. 31000 - 30813 nodes created - worst tet radius 1.04766 (nodes removed 0 187)
Info    : It. 31500 - 31313 nodes created - worst tet radius 1.04243 (nodes removed 0 187)
Info    : It. 32000 - 31813 nodes created - worst tet radius 1.03745 (nodes removed 0 187)
Info    : It. 32500 - 32311 nodes created - worst tet radius 1.03243 (nodes removed 0 189)
Info    : It. 33000 - 32811 nodes created - worst tet radius 1.0275 (nodes removed 0 189)
Info    : It. 33500 - 33311 nodes created - worst tet radius 1.02286 (nodes removed 0 189)
Info    : It. 34000 - 33810 nodes created - worst tet radius 1.01777 (nodes removed 0 190)
Info    : It. 34500 - 34306 nodes created - worst tet radius 1.01293 (nodes removed 0 194)
Info    : It. 35000 - 34805 nodes created - worst tet radius 1.00824 (nodes removed 0 195)
Info    : It. 35500 - 35305 nodes created - worst tet radius 1.00385 (nodes removed 0 195)
Info    : 3D refinement terminated (52945 nodes total):
Info    :  - 292 Delaunay cavities modified for star shapeness
Info    :  - 195 nodes could not be inserted
Info    :  - 280953 tetrahedra created in 3.49415 sec. (80406 tets/s)
Info    : Done meshing 3D (Wall 7.33393s, CPU 7.26221s)
Info    : Optimizing mesh...
Info    : Optimizing volume 1
Info    : Optimization starts (volume = 1872.54) with worst = 6.9718e-05 / average = 0.775076:
Info    : 0.00 < quality < 0.10 :       687 elements
Info    : 0.10 < quality < 0.20 :      1851 elements
Info    : 0.20 < quality < 0.30 :      3368 elements
Info    : 0.30 < quality < 0.40 :      5177 elements
Info    : 0.40 < quality < 0.50 :      8108 elements
Info    : 0.50 < quality < 0.60 :     13788 elements
Info    : 0.60 < quality < 0.70 :     28770 elements
Info    : 0.70 < quality < 0.80 :     65020 elements
Info    : 0.80 < quality < 0.90 :    103697 elements
Info    : 0.90 < quality < 1.00 :     50487 elements
Info    : 5810 edge swaps, 231 node relocations (volume = 1872.54): worst = 6.9718e-05 / average = 0.787918 (Wall 0.296794s, CPU 0.296522s)
Info    : 5865 edge swaps, 241 node relocations (volume = 1872.54): worst = 6.9718e-05 / average = 0.788019 (Wall 0.396983s, CPU 0.396623s)
Info    : 0.00 < quality < 0.10 :        20 elements
Info    : 0.10 < quality < 0.20 :         3 elements
Info    : 0.20 < quality < 0.30 :        17 elements
Info    : 0.30 < quality < 0.40 :      5150 elements
Info    : 0.40 < quality < 0.50 :      7808 elements
Info    : 0.50 < quality < 0.60 :     13435 elements
Info    : 0.60 < quality < 0.70 :     28587 elements
Info    : 0.70 < quality < 0.80 :     65828 elements
Info    : 0.80 < quality < 0.90 :    104616 elements
Info    : 0.90 < quality < 1.00 :     50241 elements
Info    : Done optimizing mesh (Wall 1.02974s, CPU 1.01283s)
Info    : 52945 nodes 313277 elements
Info    : Writing 'split_artery_h_06.msh'...
Info    : Done writing 'split_artery_h_06.msh'
Info    : Stopped on Wed Nov 30 09:33:41 2022 (From start: Wall 43.7003s, CPU 43.6854s)

