gmsh -3 split_artery_h_12.new -format msh2 -o split_artery_h_12.msh
Info    : Running 'gmsh -3 split_artery_h_12.new -format msh2 -o split_artery_h_12.msh' [Gmsh 4.8.4, 1 node, max. 1 thread]
Info    : Started on Wed Nov 30 09:42:26 2022
Info    : Reading 'split_artery_h_12.new'...
Info    : Reading 'split_artery.step'...
Info    :  - Label 'Shapes/art1right' (3D)
Info    : Done reading 'split_artery.step'
Info    : Done reading 'split_artery_h_12.new'
Info    : Meshing 1D...
Info    : [  0%] Meshing curve 1 (BSpline)
Info    : [ 10%] Meshing curve 2 (BSpline)
Info    : [ 10%] Meshing curve 3 (BSpline)
Info    : [ 10%] Meshing curve 4 (BSpline)
Info    : [ 10%] Meshing curve 5 (BSpline)
Info    : [ 10%] Meshing curve 6 (BSpline)
Info    : [ 10%] Meshing curve 7 (BSpline)
Info    : [ 10%] Meshing curve 8 (BSpline)
Info    : [ 10%] Meshing curve 9 (BSpline)
Info    : [ 10%] Meshing curve 10 (BSpline)
Info    : [ 10%] Meshing curve 11 (BSpline)
Info    : [ 10%] Meshing curve 12 (BSpline)
Info    : [ 10%] Meshing curve 13 (BSpline)
Info    : [ 10%] Meshing curve 14 (BSpline)
Info    : [ 10%] Meshing curve 15 (BSpline)
Info    : [ 10%] Meshing curve 16 (BSpline)
Info    : [ 10%] Meshing curve 17 (BSpline)
Info    : [ 10%] Meshing curve 18 (BSpline)
Info    : [ 10%] Meshing curve 19 (BSpline)
Info    : [ 10%] Meshing curve 20 (BSpline)
Info    : [ 10%] Meshing curve 21 (BSpline)
Info    : [ 10%] Meshing curve 22 (BSpline)
Info    : [ 10%] Meshing curve 23 (BSpline)
Info    : [ 10%] Meshing curve 24 (BSpline)
Info    : [ 10%] Meshing curve 25 (BSpline)
Info    : [ 10%] Meshing curve 26 (BSpline)
Info    : [ 20%] Meshing curve 27 (BSpline)
Info    : [ 20%] Meshing curve 28 (BSpline)
Info    : [ 20%] Meshing curve 29 (BSpline)
Info    : [ 20%] Meshing curve 30 (BSpline)
Info    : [ 20%] Meshing curve 31 (BSpline)
Info    : [ 20%] Meshing curve 32 (BSpline)
Info    : [ 20%] Meshing curve 33 (BSpline)
Info    : [ 20%] Meshing curve 34 (BSpline)
Info    : [ 20%] Meshing curve 35 (BSpline)
Info    : [ 20%] Meshing curve 36 (BSpline)
Info    : [ 20%] Meshing curve 37 (BSpline)
Info    : [ 20%] Meshing curve 38 (BSpline)
Info    : [ 20%] Meshing curve 39 (BSpline)
Info    : [ 20%] Meshing curve 40 (BSpline)
Info    : [ 20%] Meshing curve 41 (BSpline)
Info    : [ 20%] Meshing curve 42 (BSpline)
Info    : [ 20%] Meshing curve 43 (BSpline)
Info    : [ 20%] Meshing curve 44 (BSpline)
Info    : [ 20%] Meshing curve 45 (BSpline)
Info    : [ 20%] Meshing curve 46 (BSpline)
Info    : [ 20%] Meshing curve 47 (BSpline)
Info    : [ 20%] Meshing curve 48 (BSpline)
Info    : [ 20%] Meshing curve 49 (BSpline)
Info    : [ 20%] Meshing curve 50 (BSpline)
Info    : [ 20%] Meshing curve 51 (BSpline)
Info    : [ 20%] Meshing curve 52 (BSpline)
Info    : [ 30%] Meshing curve 53 (BSpline)
Info    : [ 30%] Meshing curve 54 (BSpline)
Info    : [ 30%] Meshing curve 55 (BSpline)
Info    : [ 30%] Meshing curve 56 (BSpline)
Info    : [ 30%] Meshing curve 57 (BSpline)
Info    : [ 30%] Meshing curve 58 (BSpline)
Info    : [ 30%] Meshing curve 59 (BSpline)
Info    : [ 30%] Meshing curve 60 (BSpline)
Info    : [ 30%] Meshing curve 61 (BSpline)
Info    : [ 30%] Meshing curve 62 (BSpline)
Info    : [ 30%] Meshing curve 63 (BSpline)
Info    : [ 30%] Meshing curve 64 (BSpline)
Info    : [ 30%] Meshing curve 65 (BSpline)
Info    : [ 30%] Meshing curve 66 (BSpline)
Info    : [ 30%] Meshing curve 67 (BSpline)
Info    : [ 30%] Meshing curve 68 (BSpline)
Info    : [ 30%] Meshing curve 69 (BSpline)
Info    : [ 30%] Meshing curve 70 (BSpline)
Info    : [ 30%] Meshing curve 71 (BSpline)
Info    : [ 30%] Meshing curve 72 (BSpline)
Info    : [ 30%] Meshing curve 73 (BSpline)
Info    : [ 30%] Meshing curve 74 (BSpline)
Info    : [ 30%] Meshing curve 75 (BSpline)
Info    : [ 30%] Meshing curve 76 (BSpline)
Info    : [ 30%] Meshing curve 77 (BSpline)
Info    : [ 40%] Meshing curve 78 (BSpline)
Info    : [ 40%] Meshing curve 79 (BSpline)
Info    : [ 40%] Meshing curve 80 (BSpline)
Info    : [ 40%] Meshing curve 81 (BSpline)
Info    : [ 40%] Meshing curve 82 (BSpline)
Info    : [ 40%] Meshing curve 83 (BSpline)
Info    : [ 40%] Meshing curve 84 (BSpline)
Info    : [ 40%] Meshing curve 85 (BSpline)
Info    : [ 40%] Meshing curve 86 (BSpline)
Info    : [ 40%] Meshing curve 87 (BSpline)
Info    : [ 40%] Meshing curve 88 (BSpline)
Info    : [ 40%] Meshing curve 89 (BSpline)
Info    : [ 40%] Meshing curve 90 (BSpline)
Info    : [ 40%] Meshing curve 91 (BSpline)
Info    : [ 40%] Meshing curve 92 (BSpline)
Info    : [ 40%] Meshing curve 93 (BSpline)
Info    : [ 40%] Meshing curve 94 (BSpline)
Info    : [ 40%] Meshing curve 95 (BSpline)
Info    : [ 40%] Meshing curve 96 (BSpline)
Info    : [ 40%] Meshing curve 97 (BSpline)
Info    : [ 40%] Meshing curve 98 (BSpline)
Info    : [ 40%] Meshing curve 99 (BSpline)
Info    : [ 40%] Meshing curve 100 (BSpline)
Info    : [ 40%] Meshing curve 101 (BSpline)
Info    : [ 40%] Meshing curve 102 (BSpline)
Info    : [ 40%] Meshing curve 103 (BSpline)
Info    : [ 50%] Meshing curve 104 (BSpline)
Info    : [ 50%] Meshing curve 105 (BSpline)
Info    : [ 50%] Meshing curve 106 (BSpline)
Info    : [ 50%] Meshing curve 107 (BSpline)
Info    : [ 50%] Meshing curve 108 (BSpline)
Info    : [ 50%] Meshing curve 109 (BSpline)
Info    : [ 50%] Meshing curve 110 (BSpline)
Info    : [ 50%] Meshing curve 111 (BSpline)
Info    : [ 50%] Meshing curve 112 (BSpline)
Info    : [ 50%] Meshing curve 113 (BSpline)
Info    : [ 50%] Meshing curve 114 (BSpline)
Info    : [ 50%] Meshing curve 115 (BSpline)
Info    : [ 50%] Meshing curve 116 (BSpline)
Info    : [ 50%] Meshing curve 117 (BSpline)
Info    : [ 50%] Meshing curve 118 (BSpline)
Info    : [ 50%] Meshing curve 119 (BSpline)
Info    : [ 50%] Meshing curve 120 (BSpline)
Info    : [ 50%] Meshing curve 121 (BSpline)
Info    : [ 50%] Meshing curve 122 (BSpline)
Info    : [ 50%] Meshing curve 123 (BSpline)
Info    : [ 50%] Meshing curve 124 (BSpline)
Info    : [ 50%] Meshing curve 125 (BSpline)
Info    : [ 50%] Meshing curve 126 (BSpline)
Info    : [ 50%] Meshing curve 127 (BSpline)
Info    : [ 50%] Meshing curve 128 (BSpline)
Info    : [ 60%] Meshing curve 129 (BSpline)
Info    : [ 60%] Meshing curve 130 (BSpline)
Info    : [ 60%] Meshing curve 131 (BSpline)
Info    : [ 60%] Meshing curve 132 (BSpline)
Info    : [ 60%] Meshing curve 133 (BSpline)
Info    : [ 60%] Meshing curve 134 (BSpline)
Info    : [ 60%] Meshing curve 135 (BSpline)
Info    : [ 60%] Meshing curve 136 (BSpline)
Info    : [ 60%] Meshing curve 137 (BSpline)
Info    : [ 60%] Meshing curve 138 (BSpline)
Info    : [ 60%] Meshing curve 139 (BSpline)
Info    : [ 60%] Meshing curve 140 (BSpline)
Info    : [ 60%] Meshing curve 141 (BSpline)
Info    : [ 60%] Meshing curve 142 (BSpline)
Info    : [ 60%] Meshing curve 143 (BSpline)
Info    : [ 60%] Meshing curve 144 (BSpline)
Info    : [ 60%] Meshing curve 145 (BSpline)
Info    : [ 60%] Meshing curve 146 (BSpline)
Info    : [ 60%] Meshing curve 147 (BSpline)
Info    : [ 60%] Meshing curve 148 (BSpline)
Info    : [ 60%] Meshing curve 149 (BSpline)
Info    : [ 60%] Meshing curve 150 (BSpline)
Info    : [ 60%] Meshing curve 151 (BSpline)
Info    : [ 60%] Meshing curve 152 (BSpline)
Info    : [ 60%] Meshing curve 153 (BSpline)
Info    : [ 60%] Meshing curve 154 (BSpline)
Info    : [ 70%] Meshing curve 155 (BSpline)
Info    : [ 70%] Meshing curve 156 (BSpline)
Info    : [ 70%] Meshing curve 157 (BSpline)
Info    : [ 70%] Meshing curve 158 (BSpline)
Info    : [ 70%] Meshing curve 159 (BSpline)
Info    : [ 70%] Meshing curve 160 (BSpline)
Info    : [ 70%] Meshing curve 161 (BSpline)
Info    : [ 70%] Meshing curve 162 (BSpline)
Info    : [ 70%] Meshing curve 163 (BSpline)
Info    : [ 70%] Meshing curve 164 (BSpline)
Info    : [ 70%] Meshing curve 165 (BSpline)
Info    : [ 70%] Meshing curve 166 (BSpline)
Info    : [ 70%] Meshing curve 167 (BSpline)
Info    : [ 70%] Meshing curve 168 (BSpline)
Info    : [ 70%] Meshing curve 169 (BSpline)
Info    : [ 70%] Meshing curve 170 (BSpline)
Info    : [ 70%] Meshing curve 171 (BSpline)
Info    : [ 70%] Meshing curve 172 (BSpline)
Info    : [ 70%] Meshing curve 173 (BSpline)
Info    : [ 70%] Meshing curve 174 (BSpline)
Info    : [ 70%] Meshing curve 175 (BSpline)
Info    : [ 70%] Meshing curve 176 (BSpline)
Info    : [ 70%] Meshing curve 177 (BSpline)
Info    : [ 70%] Meshing curve 178 (BSpline)
Info    : [ 70%] Meshing curve 179 (BSpline)
Info    : [ 80%] Meshing curve 180 (BSpline)
Info    : [ 80%] Meshing curve 181 (BSpline)
Info    : [ 80%] Meshing curve 182 (BSpline)
Info    : [ 80%] Meshing curve 183 (BSpline)
Info    : [ 80%] Meshing curve 184 (BSpline)
Info    : [ 80%] Meshing curve 185 (BSpline)
Info    : [ 80%] Meshing curve 186 (BSpline)
Info    : [ 80%] Meshing curve 187 (BSpline)
Info    : [ 80%] Meshing curve 188 (BSpline)
Info    : [ 80%] Meshing curve 189 (BSpline)
Info    : [ 80%] Meshing curve 190 (BSpline)
Info    : [ 80%] Meshing curve 191 (BSpline)
Info    : [ 80%] Meshing curve 192 (BSpline)
Info    : [ 80%] Meshing curve 193 (BSpline)
Info    : [ 80%] Meshing curve 194 (BSpline)
Info    : [ 80%] Meshing curve 195 (BSpline)
Info    : [ 80%] Meshing curve 196 (BSpline)
Info    : [ 80%] Meshing curve 197 (BSpline)
Info    : [ 80%] Meshing curve 198 (BSpline)
Info    : [ 80%] Meshing curve 199 (BSpline)
Info    : [ 80%] Meshing curve 200 (BSpline)
Info    : [ 80%] Meshing curve 201 (BSpline)
Info    : [ 80%] Meshing curve 202 (BSpline)
Info    : [ 80%] Meshing curve 203 (BSpline)
Info    : [ 80%] Meshing curve 204 (BSpline)
Info    : [ 80%] Meshing curve 205 (BSpline)
Info    : [ 90%] Meshing curve 206 (BSpline)
Info    : [ 90%] Meshing curve 207 (BSpline)
Info    : [ 90%] Meshing curve 208 (BSpline)
Info    : [ 90%] Meshing curve 209 (BSpline)
Info    : [ 90%] Meshing curve 210 (BSpline)
Info    : [ 90%] Meshing curve 211 (BSpline)
Info    : [ 90%] Meshing curve 212 (BSpline)
Info    : [ 90%] Meshing curve 213 (BSpline)
Info    : [ 90%] Meshing curve 214 (BSpline)
Info    : [ 90%] Meshing curve 215 (BSpline)
Info    : [ 90%] Meshing curve 216 (BSpline)
Info    : [ 90%] Meshing curve 217 (BSpline)
Info    : [ 90%] Meshing curve 218 (BSpline)
Info    : [ 90%] Meshing curve 219 (BSpline)
Info    : [ 90%] Meshing curve 220 (BSpline)
Info    : [ 90%] Meshing curve 221 (BSpline)
Info    : [ 90%] Meshing curve 222 (BSpline)
Info    : [ 90%] Meshing curve 223 (BSpline)
Info    : [ 90%] Meshing curve 224 (BSpline)
Info    : [ 90%] Meshing curve 225 (BSpline)
Info    : [ 90%] Meshing curve 226 (BSpline)
Info    : [ 90%] Meshing curve 227 (BSpline)
Info    : [ 90%] Meshing curve 228 (BSpline)
Info    : [ 90%] Meshing curve 229 (BSpline)
Info    : [ 90%] Meshing curve 230 (BSpline)
Info    : [100%] Meshing curve 231 (BSpline)
Info    : [100%] Meshing curve 232 (BSpline)
Info    : [100%] Meshing curve 233 (BSpline)
Info    : [100%] Meshing curve 234 (BSpline)
Info    : [100%] Meshing curve 235 (BSpline)
Info    : [100%] Meshing curve 236 (BSpline)
Info    : [100%] Meshing curve 237 (BSpline)
Info    : [100%] Meshing curve 238 (BSpline)
Info    : [100%] Meshing curve 239 (BSpline)
Info    : [100%] Meshing curve 240 (BSpline)
Info    : [100%] Meshing curve 241 (BSpline)
Info    : [100%] Meshing curve 242 (BSpline)
Info    : [100%] Meshing curve 243 (BSpline)
Info    : [100%] Meshing curve 244 (BSpline)
Info    : [100%] Meshing curve 245 (BSpline)
Info    : [100%] Meshing curve 246 (BSpline)
Info    : [100%] Meshing curve 247 (BSpline)
Info    : [100%] Meshing curve 248 (BSpline)
Info    : [100%] Meshing curve 249 (BSpline)
Info    : [100%] Meshing curve 250 (BSpline)
Info    : [100%] Meshing curve 251 (BSpline)
Info    : [100%] Meshing curve 252 (BSpline)
Info    : [100%] Meshing curve 253 (BSpline)
Info    : [100%] Meshing curve 254 (BSpline)
Info    : [100%] Meshing curve 255 (BSpline)
Info    : Done meshing 1D (Wall 1.17746s, CPU 1.1765s)
Info    : Meshing 2D...
Info    : [  0%] Meshing surface 1 (BSpline surface, Frontal-Delaunay)
Info    : [ 10%] Meshing surface 2 (BSpline surface, Frontal-Delaunay)
Info    : [ 10%] Meshing surface 3 (BSpline surface, Frontal-Delaunay)
Info    : [ 10%] Meshing surface 4 (BSpline surface, Frontal-Delaunay)
Info    : [ 10%] Meshing surface 5 (BSpline surface, Frontal-Delaunay)
Info    : [ 10%] Meshing surface 6 (BSpline surface, Frontal-Delaunay)
Info    : [ 10%] Meshing surface 7 (BSpline surface, Frontal-Delaunay)
Info    : [ 10%] Meshing surface 8 (BSpline surface, Frontal-Delaunay)
Info    : [ 10%] Meshing surface 9 (BSpline surface, Frontal-Delaunay)
Info    : [ 10%] Meshing surface 10 (BSpline surface, Frontal-Delaunay)
Info    : [ 10%] Meshing surface 11 (BSpline surface, Frontal-Delaunay)
Info    : [ 10%] Meshing surface 12 (BSpline surface, Frontal-Delaunay)
Info    : [ 10%] Meshing surface 13 (BSpline surface, Frontal-Delaunay)
Info    : [ 20%] Meshing surface 14 (BSpline surface, Frontal-Delaunay)
Info    : [ 20%] Meshing surface 15 (BSpline surface, Frontal-Delaunay)
Info    : [ 20%] Meshing surface 16 (BSpline surface, Frontal-Delaunay)
Info    : [ 20%] Meshing surface 17 (BSpline surface, Frontal-Delaunay)
Info    : [ 20%] Meshing surface 18 (BSpline surface, Frontal-Delaunay)
Info    : [ 20%] Meshing surface 19 (BSpline surface, Frontal-Delaunay)
Info    : [ 20%] Meshing surface 20 (BSpline surface, Frontal-Delaunay)
Info    : [ 20%] Meshing surface 21 (BSpline surface, Frontal-Delaunay)
Info    : [ 20%] Meshing surface 22 (BSpline surface, Frontal-Delaunay)
Info    : [ 20%] Meshing surface 23 (BSpline surface, Frontal-Delaunay)
Info    : [ 20%] Meshing surface 24 (BSpline surface, Frontal-Delaunay)
Info    : [ 20%] Meshing surface 25 (BSpline surface, Frontal-Delaunay)
Info    : [ 20%] Meshing surface 26 (BSpline surface, Frontal-Delaunay)
Info    : [ 30%] Meshing surface 27 (BSpline surface, Frontal-Delaunay)
Info    : [ 30%] Meshing surface 28 (BSpline surface, Frontal-Delaunay)
Info    : [ 30%] Meshing surface 29 (BSpline surface, Frontal-Delaunay)
Info    : [ 30%] Meshing surface 30 (BSpline surface, Frontal-Delaunay)
Info    : [ 30%] Meshing surface 31 (BSpline surface, Frontal-Delaunay)
Info    : [ 30%] Meshing surface 32 (BSpline surface, Frontal-Delaunay)
Info    : [ 30%] Meshing surface 33 (BSpline surface, Frontal-Delaunay)
Info    : [ 30%] Meshing surface 34 (BSpline surface, Frontal-Delaunay)
Info    : [ 30%] Meshing surface 35 (BSpline surface, Frontal-Delaunay)
Info    : [ 30%] Meshing surface 36 (BSpline surface, Frontal-Delaunay)
Info    : [ 30%] Meshing surface 37 (BSpline surface, Frontal-Delaunay)
Info    : [ 30%] Meshing surface 38 (BSpline surface, Frontal-Delaunay)
Info    : [ 40%] Meshing surface 39 (BSpline surface, Frontal-Delaunay)
Info    : [ 40%] Meshing surface 40 (BSpline surface, Frontal-Delaunay)
Info    : [ 40%] Meshing surface 41 (BSpline surface, Frontal-Delaunay)
Info    : [ 40%] Meshing surface 42 (BSpline surface, Frontal-Delaunay)
Info    : [ 40%] Meshing surface 43 (BSpline surface, Frontal-Delaunay)
Info    : [ 40%] Meshing surface 44 (BSpline surface, Frontal-Delaunay)
Info    : [ 40%] Meshing surface 45 (BSpline surface, Frontal-Delaunay)
Info    : [ 40%] Meshing surface 46 (BSpline surface, Frontal-Delaunay)
Info    : [ 40%] Meshing surface 47 (BSpline surface, Frontal-Delaunay)
Info    : [ 40%] Meshing surface 48 (BSpline surface, Frontal-Delaunay)
Info    : [ 40%] Meshing surface 49 (BSpline surface, Frontal-Delaunay)
Info    : [ 40%] Meshing surface 50 (BSpline surface, Frontal-Delaunay)
Info    : [ 40%] Meshing surface 51 (BSpline surface, Frontal-Delaunay)
Info    : [ 50%] Meshing surface 52 (BSpline surface, Frontal-Delaunay)
Info    : [ 50%] Meshing surface 53 (BSpline surface, Frontal-Delaunay)
Info    : [ 50%] Meshing surface 54 (BSpline surface, Frontal-Delaunay)
Info    : [ 50%] Meshing surface 55 (BSpline surface, Frontal-Delaunay)
Info    : [ 50%] Meshing surface 56 (BSpline surface, Frontal-Delaunay)
Info    : [ 50%] Meshing surface 57 (BSpline surface, Frontal-Delaunay)
Info    : [ 50%] Meshing surface 58 (BSpline surface, Frontal-Delaunay)
Info    : [ 50%] Meshing surface 59 (BSpline surface, Frontal-Delaunay)
Info    : [ 50%] Meshing surface 60 (BSpline surface, Frontal-Delaunay)
Info    : [ 50%] Meshing surface 61 (BSpline surface, Frontal-Delaunay)
Info    : [ 50%] Meshing surface 62 (BSpline surface, Frontal-Delaunay)
Info    : [ 50%] Meshing surface 63 (BSpline surface, Frontal-Delaunay)
Info    : [ 60%] Meshing surface 64 (BSpline surface, Frontal-Delaunay)
Info    : [ 60%] Meshing surface 65 (BSpline surface, Frontal-Delaunay)
Info    : [ 60%] Meshing surface 66 (BSpline surface, Frontal-Delaunay)
Info    : [ 60%] Meshing surface 67 (BSpline surface, Frontal-Delaunay)
Info    : [ 60%] Meshing surface 68 (BSpline surface, Frontal-Delaunay)
Info    : [ 60%] Meshing surface 69 (BSpline surface, Frontal-Delaunay)
Info    : [ 60%] Meshing surface 70 (BSpline surface, Frontal-Delaunay)
Info    : [ 60%] Meshing surface 71 (BSpline surface, Frontal-Delaunay)
Info    : [ 60%] Meshing surface 72 (BSpline surface, Frontal-Delaunay)
Info    : [ 60%] Meshing surface 73 (BSpline surface, Frontal-Delaunay)
Info    : [ 60%] Meshing surface 74 (BSpline surface, Frontal-Delaunay)
Info    : [ 60%] Meshing surface 75 (BSpline surface, Frontal-Delaunay)
Info    : [ 60%] Meshing surface 76 (BSpline surface, Frontal-Delaunay)
Info    : [ 70%] Meshing surface 77 (BSpline surface, Frontal-Delaunay)
Info    : [ 70%] Meshing surface 78 (BSpline surface, Frontal-Delaunay)
Info    : [ 70%] Meshing surface 79 (BSpline surface, Frontal-Delaunay)
Info    : [ 70%] Meshing surface 80 (BSpline surface, Frontal-Delaunay)
Info    : [ 70%] Meshing surface 81 (BSpline surface, Frontal-Delaunay)
Info    : [ 70%] Meshing surface 82 (BSpline surface, Frontal-Delaunay)
Info    : [ 70%] Meshing surface 83 (BSpline surface, Frontal-Delaunay)
Info    : [ 70%] Meshing surface 84 (BSpline surface, Frontal-Delaunay)
Info    : [ 70%] Meshing surface 85 (BSpline surface, Frontal-Delaunay)
Info    : [ 70%] Meshing surface 86 (BSpline surface, Frontal-Delaunay)
Info    : [ 70%] Meshing surface 87 (BSpline surface, Frontal-Delaunay)
Info    : [ 70%] Meshing surface 88 (BSpline surface, Frontal-Delaunay)
Info    : [ 80%] Meshing surface 89 (BSpline surface, Frontal-Delaunay)
Info    : [ 80%] Meshing surface 90 (BSpline surface, Frontal-Delaunay)
Info    : [ 80%] Meshing surface 91 (BSpline surface, Frontal-Delaunay)
Info    : [ 80%] Meshing surface 92 (BSpline surface, Frontal-Delaunay)
Info    : [ 80%] Meshing surface 93 (BSpline surface, Frontal-Delaunay)
Info    : [ 80%] Meshing surface 94 (BSpline surface, Frontal-Delaunay)
Info    : [ 80%] Meshing surface 95 (BSpline surface, Frontal-Delaunay)
Info    : [ 80%] Meshing surface 96 (BSpline surface, Frontal-Delaunay)
Info    : [ 80%] Meshing surface 97 (BSpline surface, Frontal-Delaunay)
Info    : [ 80%] Meshing surface 98 (BSpline surface, Frontal-Delaunay)
Info    : [ 80%] Meshing surface 99 (BSpline surface, Frontal-Delaunay)
Info    : [ 80%] Meshing surface 100 (BSpline surface, Frontal-Delaunay)
Info    : [ 80%] Meshing surface 101 (BSpline surface, Frontal-Delaunay)
Info    : [ 90%] Meshing surface 102 (BSpline surface, Frontal-Delaunay)
Info    : [ 90%] Meshing surface 103 (BSpline surface, Frontal-Delaunay)
Info    : [ 90%] Meshing surface 104 (BSpline surface, Frontal-Delaunay)
Info    : [ 90%] Meshing surface 105 (BSpline surface, Frontal-Delaunay)
Info    : [ 90%] Meshing surface 106 (BSpline surface, Frontal-Delaunay)
Info    : [ 90%] Meshing surface 107 (BSpline surface, Frontal-Delaunay)
Info    : [ 90%] Meshing surface 108 (BSpline surface, Frontal-Delaunay)
Info    : [ 90%] Meshing surface 109 (BSpline surface, Frontal-Delaunay)
Info    : [ 90%] Meshing surface 110 (BSpline surface, Frontal-Delaunay)
Info    : [ 90%] Meshing surface 111 (BSpline surface, Frontal-Delaunay)
Info    : [ 90%] Meshing surface 112 (BSpline surface, Frontal-Delaunay)
Info    : [ 90%] Meshing surface 113 (BSpline surface, Frontal-Delaunay)
Info    : [100%] Meshing surface 114 (BSpline surface, Frontal-Delaunay)
Info    : [100%] Meshing surface 115 (BSpline surface, Frontal-Delaunay)
Info    : [100%] Meshing surface 116 (BSpline surface, Frontal-Delaunay)
Info    : [100%] Meshing surface 117 (BSpline surface, Frontal-Delaunay)
Info    : [100%] Meshing surface 118 (BSpline surface, Frontal-Delaunay)
Info    : [100%] Meshing surface 119 (BSpline surface, Frontal-Delaunay)
Info    : [100%] Meshing surface 120 (BSpline surface, Frontal-Delaunay)
Info    : [100%] Meshing surface 121 (BSpline surface, Frontal-Delaunay)
Info    : [100%] Meshing surface 122 (BSpline surface, Frontal-Delaunay)
Info    : [100%] Meshing surface 123 (Plane, Frontal-Delaunay)
Info    : [100%] Meshing surface 124 (Plane, Frontal-Delaunay)
Info    : [100%] Meshing surface 125 (Plane, Frontal-Delaunay)
Info    : Done meshing 2D (Wall 131.984s, CPU 131.895s)
Info    : Meshing 3D...
Info    : 3D Meshing 1 volume with 1 connected component
Info    : Tetrahedrizing 71941 nodes...
Info    : Done tetrahedrizing 71949 nodes (Wall 1.58075s, CPU 1.54288s)
Info    : Reconstructing mesh...
Info    :  - Creating surface mesh
Info    :  - Identifying boundary edges
Info    :  - Recovering boundary
Info    : Done reconstructing mesh (Wall 5.12429s, CPU 4.93843s)
Info    : Found volume 1
Info    : It. 0 - 0 nodes created - worst tet radius 62.6812 (nodes removed 0 0)
Info    : It. 500 - 377 nodes created - worst tet radius 8.0528 (nodes removed 0 123)
Info    : It. 1000 - 869 nodes created - worst tet radius 6.41542 (nodes removed 0 131)
Info    : It. 1500 - 1364 nodes created - worst tet radius 5.64569 (nodes removed 0 136)
Info    : It. 2000 - 1861 nodes created - worst tet radius 5.15657 (nodes removed 0 139)
Info    : It. 2500 - 2359 nodes created - worst tet radius 4.80913 (nodes removed 0 141)
Info    : It. 3000 - 2857 nodes created - worst tet radius 4.545 (nodes removed 0 143)
Info    : It. 3500 - 3356 nodes created - worst tet radius 4.33627 (nodes removed 0 144)
Info    : It. 4000 - 3854 nodes created - worst tet radius 4.16298 (nodes removed 0 146)
Info    : It. 4500 - 4354 nodes created - worst tet radius 4.00274 (nodes removed 0 146)
Info    : It. 5000 - 4854 nodes created - worst tet radius 3.8747 (nodes removed 0 146)
Info    : It. 5500 - 5353 nodes created - worst tet radius 3.76717 (nodes removed 0 147)
Info    : It. 6000 - 5852 nodes created - worst tet radius 3.66966 (nodes removed 0 148)
Info    : It. 6500 - 6348 nodes created - worst tet radius 3.57988 (nodes removed 0 152)
Info    : It. 7000 - 6847 nodes created - worst tet radius 3.49778 (nodes removed 0 153)
Info    : It. 7500 - 7346 nodes created - worst tet radius 3.42001 (nodes removed 0 154)
Info    : It. 8000 - 7846 nodes created - worst tet radius 3.35379 (nodes removed 0 154)
Info    : It. 8500 - 8346 nodes created - worst tet radius 3.29257 (nodes removed 0 154)
Info    : It. 9000 - 8844 nodes created - worst tet radius 3.23353 (nodes removed 0 156)
Info    : It. 9500 - 9342 nodes created - worst tet radius 3.17886 (nodes removed 0 158)
Info    : It. 10000 - 9841 nodes created - worst tet radius 3.13034 (nodes removed 0 159)
Info    : It. 10500 - 10341 nodes created - worst tet radius 3.08268 (nodes removed 0 159)
Info    : It. 11000 - 10841 nodes created - worst tet radius 3.03583 (nodes removed 0 159)
Info    : It. 11500 - 11340 nodes created - worst tet radius 2.99387 (nodes removed 0 160)
Info    : It. 12000 - 11840 nodes created - worst tet radius 2.9527 (nodes removed 0 160)
Info    : It. 12500 - 12339 nodes created - worst tet radius 2.91461 (nodes removed 0 161)
Info    : It. 13000 - 12838 nodes created - worst tet radius 2.88085 (nodes removed 0 162)
Info    : It. 13500 - 13338 nodes created - worst tet radius 2.84602 (nodes removed 0 162)
Info    : It. 14000 - 13836 nodes created - worst tet radius 2.81563 (nodes removed 0 164)
Info    : It. 14500 - 14336 nodes created - worst tet radius 2.78401 (nodes removed 0 164)
Info    : It. 15000 - 14835 nodes created - worst tet radius 2.75567 (nodes removed 0 165)
Info    : It. 15500 - 15335 nodes created - worst tet radius 2.72663 (nodes removed 0 165)
Info    : It. 16000 - 15832 nodes created - worst tet radius 2.70063 (nodes removed 0 168)
Info    : It. 16500 - 16332 nodes created - worst tet radius 2.67356 (nodes removed 0 168)
Info    : It. 17000 - 16830 nodes created - worst tet radius 2.65042 (nodes removed 0 170)
Info    : It. 17500 - 17330 nodes created - worst tet radius 2.62611 (nodes removed 0 170)
Info    : It. 18000 - 17830 nodes created - worst tet radius 2.60318 (nodes removed 0 170)
Info    : It. 18500 - 18330 nodes created - worst tet radius 2.58212 (nodes removed 0 170)
Info    : It. 19000 - 18830 nodes created - worst tet radius 2.56047 (nodes removed 0 170)
Info    : It. 19500 - 19330 nodes created - worst tet radius 2.53719 (nodes removed 0 170)
Info    : It. 20000 - 19830 nodes created - worst tet radius 2.51773 (nodes removed 0 170)
Info    : It. 20500 - 20330 nodes created - worst tet radius 2.49837 (nodes removed 0 170)
Info    : It. 21000 - 20830 nodes created - worst tet radius 2.47963 (nodes removed 0 170)
Info    : It. 21500 - 21330 nodes created - worst tet radius 2.46081 (nodes removed 0 170)
Info    : It. 22000 - 21830 nodes created - worst tet radius 2.44207 (nodes removed 0 170)
Info    : It. 22500 - 22330 nodes created - worst tet radius 2.42503 (nodes removed 0 170)
Info    : It. 23000 - 22830 nodes created - worst tet radius 2.40687 (nodes removed 0 170)
Info    : It. 23500 - 23329 nodes created - worst tet radius 2.39082 (nodes removed 0 171)
Info    : It. 24000 - 23829 nodes created - worst tet radius 2.37438 (nodes removed 0 171)
Info    : It. 24500 - 24329 nodes created - worst tet radius 2.35896 (nodes removed 0 171)
Info    : It. 25000 - 24828 nodes created - worst tet radius 2.34525 (nodes removed 0 172)
Info    : It. 25500 - 25327 nodes created - worst tet radius 2.33103 (nodes removed 0 173)
Info    : It. 26000 - 25827 nodes created - worst tet radius 2.31713 (nodes removed 0 173)
Info    : It. 26500 - 26325 nodes created - worst tet radius 2.30368 (nodes removed 0 175)
Info    : It. 27000 - 26825 nodes created - worst tet radius 2.29024 (nodes removed 0 175)
Info    : It. 27500 - 27324 nodes created - worst tet radius 2.27669 (nodes removed 0 176)
Info    : It. 28000 - 27824 nodes created - worst tet radius 2.26385 (nodes removed 0 176)
Info    : It. 28500 - 28323 nodes created - worst tet radius 2.25259 (nodes removed 0 177)
Info    : It. 29000 - 28823 nodes created - worst tet radius 2.23966 (nodes removed 0 177)
Info    : It. 29500 - 29323 nodes created - worst tet radius 2.22855 (nodes removed 0 177)
Info    : It. 30000 - 29823 nodes created - worst tet radius 2.21566 (nodes removed 0 177)
Info    : It. 30500 - 30321 nodes created - worst tet radius 2.20478 (nodes removed 0 179)
Info    : It. 31000 - 30821 nodes created - worst tet radius 2.19289 (nodes removed 0 179)
Info    : It. 31500 - 31321 nodes created - worst tet radius 2.1813 (nodes removed 0 179)
Info    : It. 32000 - 31818 nodes created - worst tet radius 2.17012 (nodes removed 0 182)
Info    : It. 32500 - 32318 nodes created - worst tet radius 2.15875 (nodes removed 0 182)
Info    : It. 33000 - 32818 nodes created - worst tet radius 2.14889 (nodes removed 0 182)
Info    : It. 33500 - 33315 nodes created - worst tet radius 2.13806 (nodes removed 0 185)
Info    : It. 34000 - 33815 nodes created - worst tet radius 2.12799 (nodes removed 0 185)
Info    : It. 34500 - 34315 nodes created - worst tet radius 2.11858 (nodes removed 0 185)
Info    : It. 35000 - 34814 nodes created - worst tet radius 2.10858 (nodes removed 0 186)
Info    : It. 35500 - 35314 nodes created - worst tet radius 2.09876 (nodes removed 0 186)
Info    : It. 36000 - 35813 nodes created - worst tet radius 2.09022 (nodes removed 0 187)
Info    : It. 36500 - 36313 nodes created - worst tet radius 2.08127 (nodes removed 0 187)
Info    : It. 37000 - 36813 nodes created - worst tet radius 2.07214 (nodes removed 0 187)
Info    : It. 37500 - 37312 nodes created - worst tet radius 2.06373 (nodes removed 0 188)
Info    : It. 38000 - 37812 nodes created - worst tet radius 2.05545 (nodes removed 0 188)
Info    : It. 38500 - 38312 nodes created - worst tet radius 2.04724 (nodes removed 0 188)
Info    : It. 39000 - 38812 nodes created - worst tet radius 2.03851 (nodes removed 0 188)
Info    : It. 39500 - 39312 nodes created - worst tet radius 2.03044 (nodes removed 0 188)
Info    : It. 40000 - 39812 nodes created - worst tet radius 2.02202 (nodes removed 0 188)
Info    : It. 40500 - 40311 nodes created - worst tet radius 2.01379 (nodes removed 0 189)
Info    : It. 41000 - 40810 nodes created - worst tet radius 2.00574 (nodes removed 0 190)
Info    : It. 41500 - 41310 nodes created - worst tet radius 1.997 (nodes removed 0 190)
Info    : It. 42000 - 41809 nodes created - worst tet radius 1.98976 (nodes removed 0 191)
Info    : It. 42500 - 42308 nodes created - worst tet radius 1.98203 (nodes removed 0 192)
Info    : It. 43000 - 42808 nodes created - worst tet radius 1.97518 (nodes removed 0 192)
Info    : It. 43500 - 43308 nodes created - worst tet radius 1.96804 (nodes removed 0 192)
Info    : It. 44000 - 43808 nodes created - worst tet radius 1.96091 (nodes removed 0 192)
Info    : It. 44500 - 44308 nodes created - worst tet radius 1.954 (nodes removed 0 192)
Info    : It. 45000 - 44808 nodes created - worst tet radius 1.94713 (nodes removed 0 192)
Info    : It. 45500 - 45307 nodes created - worst tet radius 1.94038 (nodes removed 0 193)
Info    : It. 46000 - 45807 nodes created - worst tet radius 1.93392 (nodes removed 0 193)
Info    : It. 46500 - 46307 nodes created - worst tet radius 1.92756 (nodes removed 0 193)
Info    : It. 47000 - 46806 nodes created - worst tet radius 1.9213 (nodes removed 0 194)
Info    : It. 47500 - 47305 nodes created - worst tet radius 1.91501 (nodes removed 0 195)
Info    : It. 48000 - 47804 nodes created - worst tet radius 1.90861 (nodes removed 0 196)
Info    : It. 48500 - 48304 nodes created - worst tet radius 1.90275 (nodes removed 0 196)
Info    : It. 49000 - 48804 nodes created - worst tet radius 1.89618 (nodes removed 0 196)
Info    : It. 49500 - 49304 nodes created - worst tet radius 1.89019 (nodes removed 0 196)
Info    : It. 50000 - 49803 nodes created - worst tet radius 1.88474 (nodes removed 0 197)
Info    : It. 50500 - 50303 nodes created - worst tet radius 1.87908 (nodes removed 0 197)
Info    : It. 51000 - 50803 nodes created - worst tet radius 1.87315 (nodes removed 0 197)
Info    : It. 51500 - 51303 nodes created - worst tet radius 1.86731 (nodes removed 0 197)
Info    : It. 52000 - 51802 nodes created - worst tet radius 1.86114 (nodes removed 0 198)
Info    : It. 52500 - 52302 nodes created - worst tet radius 1.85553 (nodes removed 0 198)
Info    : It. 53000 - 52802 nodes created - worst tet radius 1.84979 (nodes removed 0 198)
Info    : It. 53500 - 53301 nodes created - worst tet radius 1.8441 (nodes removed 0 199)
Info    : It. 54000 - 53801 nodes created - worst tet radius 1.83864 (nodes removed 0 199)
Info    : It. 54500 - 54301 nodes created - worst tet radius 1.83331 (nodes removed 0 199)
Info    : It. 55000 - 54801 nodes created - worst tet radius 1.82761 (nodes removed 0 199)
Info    : It. 55500 - 55300 nodes created - worst tet radius 1.82222 (nodes removed 0 200)
Info    : It. 56000 - 55800 nodes created - worst tet radius 1.81672 (nodes removed 0 200)
Info    : It. 56500 - 56300 nodes created - worst tet radius 1.81161 (nodes removed 0 200)
Info    : It. 57000 - 56799 nodes created - worst tet radius 1.80638 (nodes removed 0 201)
Info    : It. 57500 - 57299 nodes created - worst tet radius 1.80138 (nodes removed 0 201)
Info    : It. 58000 - 57799 nodes created - worst tet radius 1.79645 (nodes removed 0 201)
Info    : It. 58500 - 58299 nodes created - worst tet radius 1.79141 (nodes removed 0 201)
Info    : It. 59000 - 58799 nodes created - worst tet radius 1.78652 (nodes removed 0 201)
Info    : It. 59500 - 59299 nodes created - worst tet radius 1.78171 (nodes removed 0 201)
Info    : It. 60000 - 59799 nodes created - worst tet radius 1.77701 (nodes removed 0 201)
Info    : It. 60500 - 60299 nodes created - worst tet radius 1.77233 (nodes removed 0 201)
Info    : It. 61000 - 60799 nodes created - worst tet radius 1.76777 (nodes removed 0 201)
Info    : It. 61500 - 61299 nodes created - worst tet radius 1.76259 (nodes removed 0 201)
Info    : It. 62000 - 61798 nodes created - worst tet radius 1.75814 (nodes removed 0 202)
Info    : It. 62500 - 62298 nodes created - worst tet radius 1.75337 (nodes removed 0 202)
Info    : It. 63000 - 62798 nodes created - worst tet radius 1.74886 (nodes removed 0 202)
Info    : It. 63500 - 63298 nodes created - worst tet radius 1.74446 (nodes removed 0 202)
Info    : It. 64000 - 63798 nodes created - worst tet radius 1.73997 (nodes removed 0 202)
Info    : It. 64500 - 64297 nodes created - worst tet radius 1.73572 (nodes removed 0 203)
Info    : It. 65000 - 64797 nodes created - worst tet radius 1.7313 (nodes removed 0 203)
Info    : It. 65500 - 65297 nodes created - worst tet radius 1.72706 (nodes removed 0 203)
Info    : It. 66000 - 65797 nodes created - worst tet radius 1.72283 (nodes removed 0 203)
Info    : It. 66500 - 66296 nodes created - worst tet radius 1.71876 (nodes removed 0 204)
Info    : It. 67000 - 66796 nodes created - worst tet radius 1.71497 (nodes removed 0 204)
Info    : It. 67500 - 67296 nodes created - worst tet radius 1.71123 (nodes removed 0 204)
Info    : It. 68000 - 67796 nodes created - worst tet radius 1.70722 (nodes removed 0 204)
Info    : It. 68500 - 68296 nodes created - worst tet radius 1.70296 (nodes removed 0 204)
Info    : It. 69000 - 68796 nodes created - worst tet radius 1.69882 (nodes removed 0 204)
Info    : It. 69500 - 69296 nodes created - worst tet radius 1.69497 (nodes removed 0 204)
Info    : It. 70000 - 69796 nodes created - worst tet radius 1.69109 (nodes removed 0 204)
Info    : It. 70500 - 70296 nodes created - worst tet radius 1.68696 (nodes removed 0 204)
Info    : It. 71000 - 70796 nodes created - worst tet radius 1.68291 (nodes removed 0 204)
Info    : It. 71500 - 71295 nodes created - worst tet radius 1.67923 (nodes removed 0 205)
Info    : It. 72000 - 71795 nodes created - worst tet radius 1.67526 (nodes removed 0 205)
Info    : It. 72500 - 72295 nodes created - worst tet radius 1.67158 (nodes removed 0 205)
Info    : It. 73000 - 72795 nodes created - worst tet radius 1.66779 (nodes removed 0 205)
Info    : It. 73500 - 73295 nodes created - worst tet radius 1.66413 (nodes removed 0 205)
Info    : It. 74000 - 73794 nodes created - worst tet radius 1.66072 (nodes removed 0 206)
Info    : It. 74500 - 74293 nodes created - worst tet radius 1.65737 (nodes removed 0 207)
Info    : It. 75000 - 74793 nodes created - worst tet radius 1.65398 (nodes removed 0 207)
Info    : It. 75500 - 75293 nodes created - worst tet radius 1.6505 (nodes removed 0 207)
Info    : It. 76000 - 75793 nodes created - worst tet radius 1.64693 (nodes removed 0 207)
Info    : It. 76500 - 76293 nodes created - worst tet radius 1.64348 (nodes removed 0 207)
Info    : It. 77000 - 76793 nodes created - worst tet radius 1.63996 (nodes removed 0 207)
Info    : It. 77500 - 77293 nodes created - worst tet radius 1.63664 (nodes removed 0 207)
Info    : It. 78000 - 77793 nodes created - worst tet radius 1.63323 (nodes removed 0 207)
Info    : It. 78500 - 78293 nodes created - worst tet radius 1.62964 (nodes removed 0 207)
Info    : It. 79000 - 78793 nodes created - worst tet radius 1.62625 (nodes removed 0 207)
Info    : It. 79500 - 79293 nodes created - worst tet radius 1.62298 (nodes removed 0 207)
Info    : It. 80000 - 79793 nodes created - worst tet radius 1.61975 (nodes removed 0 207)
Info    : It. 80500 - 80293 nodes created - worst tet radius 1.61657 (nodes removed 0 207)
Info    : It. 81000 - 80793 nodes created - worst tet radius 1.61324 (nodes removed 0 207)
Info    : It. 81500 - 81292 nodes created - worst tet radius 1.61005 (nodes removed 0 208)
Info    : It. 82000 - 81792 nodes created - worst tet radius 1.60684 (nodes removed 0 208)
Info    : It. 82500 - 82292 nodes created - worst tet radius 1.60384 (nodes removed 0 208)
Info    : It. 83000 - 82792 nodes created - worst tet radius 1.60081 (nodes removed 0 208)
Info    : It. 83500 - 83292 nodes created - worst tet radius 1.59783 (nodes removed 0 208)
Info    : It. 84000 - 83792 nodes created - worst tet radius 1.59485 (nodes removed 0 208)
Info    : It. 84500 - 84291 nodes created - worst tet radius 1.59169 (nodes removed 0 209)
Info    : It. 85000 - 84791 nodes created - worst tet radius 1.58877 (nodes removed 0 209)
Info    : It. 85500 - 85288 nodes created - worst tet radius 1.58577 (nodes removed 0 212)
Info    : It. 86000 - 85788 nodes created - worst tet radius 1.58256 (nodes removed 0 212)
Info    : It. 86500 - 86288 nodes created - worst tet radius 1.57965 (nodes removed 0 212)
Info    : It. 87000 - 86788 nodes created - worst tet radius 1.57702 (nodes removed 0 212)
Info    : It. 87500 - 87287 nodes created - worst tet radius 1.57413 (nodes removed 0 213)
Info    : It. 88000 - 87787 nodes created - worst tet radius 1.57132 (nodes removed 0 213)
Info    : It. 88500 - 88286 nodes created - worst tet radius 1.56847 (nodes removed 0 214)
Info    : It. 89000 - 88786 nodes created - worst tet radius 1.56567 (nodes removed 0 214)
Info    : It. 89500 - 89286 nodes created - worst tet radius 1.56289 (nodes removed 0 214)
Info    : It. 90000 - 89786 nodes created - worst tet radius 1.56018 (nodes removed 0 214)
Info    : It. 90500 - 90286 nodes created - worst tet radius 1.55758 (nodes removed 0 214)
Info    : It. 91000 - 90786 nodes created - worst tet radius 1.55469 (nodes removed 0 214)
Info    : It. 91500 - 91286 nodes created - worst tet radius 1.55219 (nodes removed 0 214)
Info    : It. 92000 - 91786 nodes created - worst tet radius 1.54932 (nodes removed 0 214)
Info    : It. 92500 - 92286 nodes created - worst tet radius 1.54661 (nodes removed 0 214)
Info    : It. 93000 - 92786 nodes created - worst tet radius 1.54393 (nodes removed 0 214)
Info    : It. 93500 - 93286 nodes created - worst tet radius 1.54123 (nodes removed 0 214)
Info    : It. 94000 - 93786 nodes created - worst tet radius 1.5387 (nodes removed 0 214)
Info    : It. 94500 - 94286 nodes created - worst tet radius 1.5362 (nodes removed 0 214)
Info    : It. 95000 - 94785 nodes created - worst tet radius 1.53345 (nodes removed 0 215)
Info    : It. 95500 - 95285 nodes created - worst tet radius 1.5307 (nodes removed 0 215)
Info    : It. 96000 - 95784 nodes created - worst tet radius 1.52815 (nodes removed 0 216)
Info    : It. 96500 - 96284 nodes created - worst tet radius 1.52567 (nodes removed 0 216)
Info    : It. 97000 - 96783 nodes created - worst tet radius 1.52307 (nodes removed 0 217)
Info    : It. 97500 - 97283 nodes created - worst tet radius 1.52058 (nodes removed 0 217)
Info    : It. 98000 - 97783 nodes created - worst tet radius 1.51827 (nodes removed 0 217)
Info    : It. 98500 - 98282 nodes created - worst tet radius 1.51587 (nodes removed 0 218)
Info    : It. 99000 - 98782 nodes created - worst tet radius 1.51357 (nodes removed 0 218)
Info    : It. 99500 - 99281 nodes created - worst tet radius 1.51117 (nodes removed 0 219)
Info    : It. 100000 - 99781 nodes created - worst tet radius 1.50854 (nodes removed 0 219)
Info    : It. 100500 - 100281 nodes created - worst tet radius 1.5063 (nodes removed 0 219)
Info    : It. 101000 - 100781 nodes created - worst tet radius 1.50392 (nodes removed 0 219)
Info    : It. 101500 - 101281 nodes created - worst tet radius 1.50162 (nodes removed 0 219)
Info    : It. 102000 - 101780 nodes created - worst tet radius 1.49932 (nodes removed 0 220)
Info    : It. 102500 - 102280 nodes created - worst tet radius 1.49701 (nodes removed 0 220)
Info    : It. 103000 - 102780 nodes created - worst tet radius 1.49488 (nodes removed 0 220)
Info    : It. 103500 - 103280 nodes created - worst tet radius 1.49244 (nodes removed 0 220)
Info    : It. 104000 - 103780 nodes created - worst tet radius 1.49007 (nodes removed 0 220)
Info    : It. 104500 - 104279 nodes created - worst tet radius 1.48764 (nodes removed 0 221)
Info    : It. 105000 - 104778 nodes created - worst tet radius 1.48533 (nodes removed 0 222)
Info    : It. 105500 - 105278 nodes created - worst tet radius 1.48322 (nodes removed 0 222)
Info    : It. 106000 - 105778 nodes created - worst tet radius 1.48089 (nodes removed 0 222)
Info    : It. 106500 - 106278 nodes created - worst tet radius 1.4785 (nodes removed 0 222)
Info    : It. 107000 - 106778 nodes created - worst tet radius 1.47628 (nodes removed 0 222)
Info    : It. 107500 - 107278 nodes created - worst tet radius 1.47422 (nodes removed 0 222)
Info    : It. 108000 - 107777 nodes created - worst tet radius 1.47213 (nodes removed 0 223)
Info    : It. 108500 - 108274 nodes created - worst tet radius 1.4701 (nodes removed 0 226)
Info    : It. 109000 - 108774 nodes created - worst tet radius 1.46796 (nodes removed 0 226)
Info    : It. 109500 - 109273 nodes created - worst tet radius 1.46583 (nodes removed 0 227)
Info    : It. 110000 - 109773 nodes created - worst tet radius 1.46373 (nodes removed 0 227)
Info    : It. 110500 - 110272 nodes created - worst tet radius 1.46156 (nodes removed 0 228)
Info    : It. 111000 - 110772 nodes created - worst tet radius 1.45937 (nodes removed 0 228)
Info    : It. 111500 - 111272 nodes created - worst tet radius 1.45745 (nodes removed 0 228)
Info    : It. 112000 - 111772 nodes created - worst tet radius 1.4555 (nodes removed 0 228)
Info    : It. 112500 - 112271 nodes created - worst tet radius 1.45352 (nodes removed 0 229)
Info    : It. 113000 - 112771 nodes created - worst tet radius 1.45149 (nodes removed 0 229)
Info    : It. 113500 - 113269 nodes created - worst tet radius 1.44946 (nodes removed 0 231)
Info    : It. 114000 - 113769 nodes created - worst tet radius 1.44734 (nodes removed 0 231)
Info    : It. 114500 - 114269 nodes created - worst tet radius 1.44534 (nodes removed 0 231)
Info    : It. 115000 - 114769 nodes created - worst tet radius 1.44325 (nodes removed 0 231)
Info    : It. 115500 - 115269 nodes created - worst tet radius 1.44115 (nodes removed 0 231)
Info    : It. 116000 - 115769 nodes created - worst tet radius 1.43915 (nodes removed 0 231)
Info    : It. 116500 - 116268 nodes created - worst tet radius 1.43701 (nodes removed 0 232)
Info    : It. 117000 - 116768 nodes created - worst tet radius 1.43501 (nodes removed 0 232)
Info    : It. 117500 - 117268 nodes created - worst tet radius 1.43299 (nodes removed 0 232)
Info    : It. 118000 - 117768 nodes created - worst tet radius 1.43114 (nodes removed 0 232)
Info    : It. 118500 - 118268 nodes created - worst tet radius 1.42934 (nodes removed 0 232)
Info    : It. 119000 - 118768 nodes created - worst tet radius 1.42747 (nodes removed 0 232)
Info    : It. 119500 - 119268 nodes created - worst tet radius 1.42559 (nodes removed 0 232)
Info    : It. 120000 - 119768 nodes created - worst tet radius 1.4237 (nodes removed 0 232)
Info    : It. 120500 - 120268 nodes created - worst tet radius 1.4219 (nodes removed 0 232)
Info    : It. 121000 - 120768 nodes created - worst tet radius 1.41999 (nodes removed 0 232)
Info    : It. 121500 - 121268 nodes created - worst tet radius 1.41803 (nodes removed 0 232)
Info    : It. 122000 - 121768 nodes created - worst tet radius 1.4162 (nodes removed 0 232)
Info    : It. 122500 - 122266 nodes created - worst tet radius 1.41427 (nodes removed 0 234)
Info    : It. 123000 - 122766 nodes created - worst tet radius 1.41236 (nodes removed 0 234)
Info    : It. 123500 - 123266 nodes created - worst tet radius 1.41041 (nodes removed 0 234)
Info    : It. 124000 - 123766 nodes created - worst tet radius 1.40871 (nodes removed 0 234)
Info    : It. 124500 - 124265 nodes created - worst tet radius 1.40697 (nodes removed 0 235)
Info    : It. 125000 - 124764 nodes created - worst tet radius 1.40505 (nodes removed 0 236)
Info    : It. 125500 - 125264 nodes created - worst tet radius 1.40321 (nodes removed 0 236)
Info    : It. 126000 - 125764 nodes created - worst tet radius 1.40134 (nodes removed 0 236)
Info    : It. 126500 - 126263 nodes created - worst tet radius 1.39954 (nodes removed 0 237)
Info    : It. 127000 - 126762 nodes created - worst tet radius 1.39775 (nodes removed 0 238)
Info    : It. 127500 - 127262 nodes created - worst tet radius 1.39586 (nodes removed 0 238)
Info    : It. 128000 - 127762 nodes created - worst tet radius 1.39428 (nodes removed 0 238)
Info    : It. 128500 - 128262 nodes created - worst tet radius 1.39246 (nodes removed 0 238)
Info    : It. 129000 - 128761 nodes created - worst tet radius 1.3906 (nodes removed 0 239)
Info    : It. 129500 - 129261 nodes created - worst tet radius 1.38877 (nodes removed 0 239)
Info    : It. 130000 - 129760 nodes created - worst tet radius 1.38709 (nodes removed 0 240)
Info    : It. 130500 - 130260 nodes created - worst tet radius 1.3853 (nodes removed 0 240)
Info    : It. 131000 - 130760 nodes created - worst tet radius 1.38366 (nodes removed 0 240)
Info    : It. 131500 - 131260 nodes created - worst tet radius 1.38192 (nodes removed 0 240)
Info    : It. 132000 - 131760 nodes created - worst tet radius 1.38025 (nodes removed 0 240)
Info    : It. 132500 - 132259 nodes created - worst tet radius 1.37855 (nodes removed 0 241)
Info    : It. 133000 - 132758 nodes created - worst tet radius 1.37682 (nodes removed 0 242)
Info    : It. 133500 - 133258 nodes created - worst tet radius 1.37514 (nodes removed 0 242)
Info    : It. 134000 - 133758 nodes created - worst tet radius 1.37345 (nodes removed 0 242)
Info    : It. 134500 - 134258 nodes created - worst tet radius 1.37182 (nodes removed 0 242)
Info    : It. 135000 - 134758 nodes created - worst tet radius 1.37014 (nodes removed 0 242)
Info    : It. 135500 - 135258 nodes created - worst tet radius 1.36851 (nodes removed 0 242)
Info    : It. 136000 - 135758 nodes created - worst tet radius 1.36695 (nodes removed 0 242)
Info    : It. 136500 - 136258 nodes created - worst tet radius 1.36533 (nodes removed 0 242)
Info    : It. 137000 - 136758 nodes created - worst tet radius 1.36373 (nodes removed 0 242)
Info    : It. 137500 - 137257 nodes created - worst tet radius 1.3622 (nodes removed 0 243)
Info    : It. 138000 - 137756 nodes created - worst tet radius 1.36054 (nodes removed 0 244)
Info    : It. 138500 - 138256 nodes created - worst tet radius 1.3588 (nodes removed 0 244)
Info    : It. 139000 - 138756 nodes created - worst tet radius 1.3572 (nodes removed 0 244)
Info    : It. 139500 - 139256 nodes created - worst tet radius 1.35566 (nodes removed 0 244)
Info    : It. 140000 - 139756 nodes created - worst tet radius 1.35405 (nodes removed 0 244)
Info    : It. 140500 - 140256 nodes created - worst tet radius 1.35261 (nodes removed 0 244)
Info    : It. 141000 - 140756 nodes created - worst tet radius 1.35117 (nodes removed 0 244)
Info    : It. 141500 - 141256 nodes created - worst tet radius 1.34971 (nodes removed 0 244)
Info    : It. 142000 - 141756 nodes created - worst tet radius 1.34814 (nodes removed 0 244)
Info    : It. 142500 - 142256 nodes created - worst tet radius 1.34658 (nodes removed 0 244)
Info    : It. 143000 - 142755 nodes created - worst tet radius 1.34513 (nodes removed 0 245)
Info    : It. 143500 - 143254 nodes created - worst tet radius 1.34365 (nodes removed 0 246)
Info    : It. 144000 - 143754 nodes created - worst tet radius 1.34218 (nodes removed 0 246)
Info    : It. 144500 - 144254 nodes created - worst tet radius 1.34066 (nodes removed 0 246)
Info    : It. 145000 - 144754 nodes created - worst tet radius 1.33908 (nodes removed 0 246)
Info    : It. 145500 - 145254 nodes created - worst tet radius 1.33773 (nodes removed 0 246)
Info    : It. 146000 - 145754 nodes created - worst tet radius 1.33628 (nodes removed 0 246)
Info    : It. 146500 - 146254 nodes created - worst tet radius 1.33477 (nodes removed 0 246)
Info    : It. 147000 - 146754 nodes created - worst tet radius 1.33334 (nodes removed 0 246)
Info    : It. 147500 - 147254 nodes created - worst tet radius 1.33193 (nodes removed 0 246)
Info    : It. 148000 - 147754 nodes created - worst tet radius 1.33057 (nodes removed 0 246)
Info    : It. 148500 - 148254 nodes created - worst tet radius 1.32913 (nodes removed 0 246)
Info    : It. 149000 - 148754 nodes created - worst tet radius 1.32767 (nodes removed 0 246)
Info    : It. 149500 - 149254 nodes created - worst tet radius 1.32628 (nodes removed 0 246)
Info    : It. 150000 - 149754 nodes created - worst tet radius 1.32475 (nodes removed 0 246)
Info    : It. 150500 - 150254 nodes created - worst tet radius 1.32326 (nodes removed 0 246)
Info    : It. 151000 - 150754 nodes created - worst tet radius 1.32198 (nodes removed 0 246)
Info    : It. 151500 - 151254 nodes created - worst tet radius 1.32048 (nodes removed 0 246)
Info    : It. 152000 - 151754 nodes created - worst tet radius 1.31907 (nodes removed 0 246)
Info    : It. 152500 - 152254 nodes created - worst tet radius 1.31765 (nodes removed 0 246)
Info    : It. 153000 - 152754 nodes created - worst tet radius 1.31626 (nodes removed 0 246)
Info    : It. 153500 - 153254 nodes created - worst tet radius 1.31486 (nodes removed 0 246)
Info    : It. 154000 - 153754 nodes created - worst tet radius 1.31345 (nodes removed 0 246)
Info    : It. 154500 - 154254 nodes created - worst tet radius 1.31217 (nodes removed 0 246)
Info    : It. 155000 - 154754 nodes created - worst tet radius 1.31079 (nodes removed 0 246)
Info    : It. 155500 - 155254 nodes created - worst tet radius 1.30946 (nodes removed 0 246)
Info    : It. 156000 - 155754 nodes created - worst tet radius 1.30802 (nodes removed 0 246)
Info    : It. 156500 - 156254 nodes created - worst tet radius 1.30665 (nodes removed 0 246)
Info    : It. 157000 - 156754 nodes created - worst tet radius 1.30534 (nodes removed 0 246)
Info    : It. 157500 - 157254 nodes created - worst tet radius 1.30403 (nodes removed 0 246)
Info    : It. 158000 - 157754 nodes created - worst tet radius 1.30262 (nodes removed 0 246)
Info    : It. 158500 - 158254 nodes created - worst tet radius 1.30134 (nodes removed 0 246)
Info    : It. 159000 - 158753 nodes created - worst tet radius 1.30002 (nodes removed 0 247)
Info    : It. 159500 - 159251 nodes created - worst tet radius 1.29876 (nodes removed 0 249)
Info    : It. 160000 - 159750 nodes created - worst tet radius 1.29748 (nodes removed 0 250)
Info    : It. 160500 - 160250 nodes created - worst tet radius 1.2962 (nodes removed 0 250)
Info    : It. 161000 - 160749 nodes created - worst tet radius 1.29497 (nodes removed 0 251)
Info    : It. 161500 - 161248 nodes created - worst tet radius 1.29376 (nodes removed 0 252)
Info    : It. 162000 - 161748 nodes created - worst tet radius 1.2924 (nodes removed 0 252)
Info    : It. 162500 - 162247 nodes created - worst tet radius 1.29109 (nodes removed 0 253)
Info    : It. 163000 - 162746 nodes created - worst tet radius 1.28984 (nodes removed 0 254)
Info    : It. 163500 - 163246 nodes created - worst tet radius 1.28855 (nodes removed 0 254)
Info    : It. 164000 - 163746 nodes created - worst tet radius 1.28727 (nodes removed 0 254)
Info    : It. 164500 - 164246 nodes created - worst tet radius 1.28602 (nodes removed 0 254)
Info    : It. 165000 - 164746 nodes created - worst tet radius 1.28481 (nodes removed 0 254)
Info    : It. 165500 - 165246 nodes created - worst tet radius 1.28357 (nodes removed 0 254)
Info    : It. 166000 - 165746 nodes created - worst tet radius 1.28223 (nodes removed 0 254)
Info    : It. 166500 - 166246 nodes created - worst tet radius 1.28091 (nodes removed 0 254)
Info    : It. 167000 - 166745 nodes created - worst tet radius 1.27978 (nodes removed 0 255)
Info    : It. 167500 - 167245 nodes created - worst tet radius 1.27846 (nodes removed 0 255)
Info    : It. 168000 - 167743 nodes created - worst tet radius 1.27717 (nodes removed 0 257)
Info    : It. 168500 - 168243 nodes created - worst tet radius 1.2759 (nodes removed 0 257)
Info    : It. 169000 - 168743 nodes created - worst tet radius 1.27471 (nodes removed 0 257)
Info    : It. 169500 - 169243 nodes created - worst tet radius 1.27351 (nodes removed 0 257)
Info    : It. 170000 - 169743 nodes created - worst tet radius 1.27232 (nodes removed 0 257)
Info    : It. 170500 - 170242 nodes created - worst tet radius 1.27106 (nodes removed 0 258)
Info    : It. 171000 - 170742 nodes created - worst tet radius 1.26994 (nodes removed 0 258)
Info    : It. 171500 - 171242 nodes created - worst tet radius 1.26878 (nodes removed 0 258)
Info    : It. 172000 - 171742 nodes created - worst tet radius 1.26757 (nodes removed 0 258)
Info    : It. 172500 - 172242 nodes created - worst tet radius 1.26633 (nodes removed 0 258)
Info    : It. 173000 - 172742 nodes created - worst tet radius 1.26517 (nodes removed 0 258)
Info    : It. 173500 - 173242 nodes created - worst tet radius 1.26403 (nodes removed 0 258)
Info    : It. 174000 - 173742 nodes created - worst tet radius 1.26286 (nodes removed 0 258)
Info    : It. 174500 - 174242 nodes created - worst tet radius 1.26163 (nodes removed 0 258)
Info    : It. 175000 - 174742 nodes created - worst tet radius 1.26039 (nodes removed 0 258)
Info    : It. 175500 - 175241 nodes created - worst tet radius 1.25913 (nodes removed 0 259)
Info    : It. 176000 - 175740 nodes created - worst tet radius 1.25801 (nodes removed 0 260)
Info    : It. 176500 - 176240 nodes created - worst tet radius 1.2569 (nodes removed 0 260)
Info    : It. 177000 - 176740 nodes created - worst tet radius 1.25585 (nodes removed 0 260)
Info    : It. 177500 - 177240 nodes created - worst tet radius 1.25476 (nodes removed 0 260)
Info    : It. 178000 - 177740 nodes created - worst tet radius 1.2536 (nodes removed 0 260)
Info    : It. 178500 - 178240 nodes created - worst tet radius 1.25249 (nodes removed 0 260)
Info    : It. 179000 - 178740 nodes created - worst tet radius 1.25141 (nodes removed 0 260)
Info    : It. 179500 - 179240 nodes created - worst tet radius 1.25027 (nodes removed 0 260)
Info    : It. 180000 - 179740 nodes created - worst tet radius 1.24908 (nodes removed 0 260)
Info    : It. 180500 - 180240 nodes created - worst tet radius 1.248 (nodes removed 0 260)
Info    : It. 181000 - 180740 nodes created - worst tet radius 1.24687 (nodes removed 0 260)
Info    : It. 181500 - 181240 nodes created - worst tet radius 1.24569 (nodes removed 0 260)
Info    : It. 182000 - 181740 nodes created - worst tet radius 1.24458 (nodes removed 0 260)
Info    : It. 182500 - 182236 nodes created - worst tet radius 1.24352 (nodes removed 0 264)
Info    : It. 183000 - 182736 nodes created - worst tet radius 1.24246 (nodes removed 0 264)
Info    : It. 183500 - 183235 nodes created - worst tet radius 1.24132 (nodes removed 0 265)
Info    : It. 184000 - 183735 nodes created - worst tet radius 1.24022 (nodes removed 0 265)
Info    : It. 184500 - 184235 nodes created - worst tet radius 1.23909 (nodes removed 0 265)
Info    : It. 185000 - 184735 nodes created - worst tet radius 1.23799 (nodes removed 0 265)
Info    : It. 185500 - 185235 nodes created - worst tet radius 1.23695 (nodes removed 0 265)
Info    : It. 186000 - 185735 nodes created - worst tet radius 1.23586 (nodes removed 0 265)
Info    : It. 186500 - 186235 nodes created - worst tet radius 1.23479 (nodes removed 0 265)
Info    : It. 187000 - 186734 nodes created - worst tet radius 1.23373 (nodes removed 0 266)
Info    : It. 187500 - 187234 nodes created - worst tet radius 1.23258 (nodes removed 0 266)
Info    : It. 188000 - 187734 nodes created - worst tet radius 1.2315 (nodes removed 0 266)
Info    : It. 188500 - 188234 nodes created - worst tet radius 1.23047 (nodes removed 0 266)
Info    : It. 189000 - 188734 nodes created - worst tet radius 1.22944 (nodes removed 0 266)
Info    : It. 189500 - 189233 nodes created - worst tet radius 1.22831 (nodes removed 0 267)
Info    : It. 190000 - 189733 nodes created - worst tet radius 1.2273 (nodes removed 0 267)
Info    : It. 190500 - 190233 nodes created - worst tet radius 1.22632 (nodes removed 0 267)
Info    : It. 191000 - 190732 nodes created - worst tet radius 1.22534 (nodes removed 0 268)
Info    : It. 191500 - 191232 nodes created - worst tet radius 1.22435 (nodes removed 0 268)
Info    : It. 192000 - 191732 nodes created - worst tet radius 1.22329 (nodes removed 0 268)
Info    : It. 192500 - 192232 nodes created - worst tet radius 1.22216 (nodes removed 0 268)
Info    : It. 193000 - 192732 nodes created - worst tet radius 1.22114 (nodes removed 0 268)
Info    : It. 193500 - 193232 nodes created - worst tet radius 1.22012 (nodes removed 0 268)
Info    : It. 194000 - 193731 nodes created - worst tet radius 1.21915 (nodes removed 0 269)
Info    : It. 194500 - 194231 nodes created - worst tet radius 1.21815 (nodes removed 0 269)
Info    : It. 195000 - 194731 nodes created - worst tet radius 1.21702 (nodes removed 0 269)
Info    : It. 195500 - 195231 nodes created - worst tet radius 1.21599 (nodes removed 0 269)
Info    : It. 196000 - 195731 nodes created - worst tet radius 1.21501 (nodes removed 0 269)
Info    : It. 196500 - 196231 nodes created - worst tet radius 1.21397 (nodes removed 0 269)
Info    : It. 197000 - 196731 nodes created - worst tet radius 1.21297 (nodes removed 0 269)
Info    : It. 197500 - 197230 nodes created - worst tet radius 1.21194 (nodes removed 0 270)
Info    : It. 198000 - 197730 nodes created - worst tet radius 1.21096 (nodes removed 0 270)
Info    : It. 198500 - 198230 nodes created - worst tet radius 1.20992 (nodes removed 0 270)
Info    : It. 199000 - 198729 nodes created - worst tet radius 1.20896 (nodes removed 0 271)
Info    : It. 199500 - 199227 nodes created - worst tet radius 1.208 (nodes removed 0 273)
Info    : It. 200000 - 199727 nodes created - worst tet radius 1.20702 (nodes removed 0 273)
Info    : It. 200500 - 200226 nodes created - worst tet radius 1.20607 (nodes removed 0 274)
Info    : It. 201000 - 200726 nodes created - worst tet radius 1.20507 (nodes removed 0 274)
Info    : It. 201500 - 201223 nodes created - worst tet radius 1.20415 (nodes removed 0 277)
Info    : It. 202000 - 201723 nodes created - worst tet radius 1.20313 (nodes removed 0 277)
Info    : It. 202500 - 202223 nodes created - worst tet radius 1.20219 (nodes removed 0 277)
Info    : It. 203000 - 202723 nodes created - worst tet radius 1.20125 (nodes removed 0 277)
Info    : It. 203500 - 203223 nodes created - worst tet radius 1.20033 (nodes removed 0 277)
Info    : It. 204000 - 203723 nodes created - worst tet radius 1.19936 (nodes removed 0 277)
Info    : It. 204500 - 204223 nodes created - worst tet radius 1.1984 (nodes removed 0 277)
Info    : It. 205000 - 204723 nodes created - worst tet radius 1.19748 (nodes removed 0 277)
Info    : It. 205500 - 205221 nodes created - worst tet radius 1.19661 (nodes removed 0 279)
Info    : It. 206000 - 205721 nodes created - worst tet radius 1.19559 (nodes removed 0 279)
Info    : It. 206500 - 206221 nodes created - worst tet radius 1.1946 (nodes removed 0 279)
Info    : It. 207000 - 206721 nodes created - worst tet radius 1.19371 (nodes removed 0 279)
Info    : It. 207500 - 207221 nodes created - worst tet radius 1.19281 (nodes removed 0 279)
Info    : It. 208000 - 207720 nodes created - worst tet radius 1.19184 (nodes removed 0 280)
Info    : It. 208500 - 208220 nodes created - worst tet radius 1.19096 (nodes removed 0 280)
Info    : It. 209000 - 208720 nodes created - worst tet radius 1.19004 (nodes removed 0 280)
Info    : It. 209500 - 209220 nodes created - worst tet radius 1.18908 (nodes removed 0 280)
Info    : It. 210000 - 209720 nodes created - worst tet radius 1.18818 (nodes removed 0 280)
Info    : It. 210500 - 210220 nodes created - worst tet radius 1.18729 (nodes removed 0 280)
Info    : It. 211000 - 210720 nodes created - worst tet radius 1.18637 (nodes removed 0 280)
Info    : It. 211500 - 211220 nodes created - worst tet radius 1.18551 (nodes removed 0 280)
Info    : It. 212000 - 211720 nodes created - worst tet radius 1.18464 (nodes removed 0 280)
Info    : It. 212500 - 212220 nodes created - worst tet radius 1.18378 (nodes removed 0 280)
Info    : It. 213000 - 212720 nodes created - worst tet radius 1.18294 (nodes removed 0 280)
Info    : It. 213500 - 213218 nodes created - worst tet radius 1.18199 (nodes removed 0 282)
Info    : It. 214000 - 213717 nodes created - worst tet radius 1.18105 (nodes removed 0 283)
Info    : It. 214500 - 214217 nodes created - worst tet radius 1.18015 (nodes removed 0 283)
Info    : It. 215000 - 214717 nodes created - worst tet radius 1.17928 (nodes removed 0 283)
Info    : It. 215500 - 215215 nodes created - worst tet radius 1.17849 (nodes removed 0 285)
Info    : It. 216000 - 215715 nodes created - worst tet radius 1.1776 (nodes removed 0 285)
Info    : It. 216500 - 216215 nodes created - worst tet radius 1.17674 (nodes removed 0 285)
Info    : It. 217000 - 216715 nodes created - worst tet radius 1.17588 (nodes removed 0 285)
Info    : It. 217500 - 217215 nodes created - worst tet radius 1.175 (nodes removed 0 285)
Info    : It. 218000 - 217715 nodes created - worst tet radius 1.17407 (nodes removed 0 285)
Info    : It. 218500 - 218215 nodes created - worst tet radius 1.17325 (nodes removed 0 285)
Info    : It. 219000 - 218715 nodes created - worst tet radius 1.1724 (nodes removed 0 285)
Info    : It. 219500 - 219215 nodes created - worst tet radius 1.17154 (nodes removed 0 285)
Info    : It. 220000 - 219715 nodes created - worst tet radius 1.17075 (nodes removed 0 285)
Info    : It. 220500 - 220214 nodes created - worst tet radius 1.16989 (nodes removed 0 286)
Info    : It. 221000 - 220713 nodes created - worst tet radius 1.16903 (nodes removed 0 287)
Info    : It. 221500 - 221213 nodes created - worst tet radius 1.16818 (nodes removed 0 287)
Info    : It. 222000 - 221711 nodes created - worst tet radius 1.16737 (nodes removed 0 289)
Info    : It. 222500 - 222210 nodes created - worst tet radius 1.16652 (nodes removed 0 290)
Info    : It. 223000 - 222710 nodes created - worst tet radius 1.16573 (nodes removed 0 290)
Info    : It. 223500 - 223208 nodes created - worst tet radius 1.16484 (nodes removed 0 292)
Info    : It. 224000 - 223708 nodes created - worst tet radius 1.16394 (nodes removed 0 292)
Info    : It. 224500 - 224208 nodes created - worst tet radius 1.16313 (nodes removed 0 292)
Info    : It. 225000 - 224707 nodes created - worst tet radius 1.16228 (nodes removed 0 293)
Info    : It. 225500 - 225207 nodes created - worst tet radius 1.16146 (nodes removed 0 293)
Info    : It. 226000 - 225707 nodes created - worst tet radius 1.16062 (nodes removed 0 293)
Info    : It. 226500 - 226205 nodes created - worst tet radius 1.15982 (nodes removed 0 295)
Info    : It. 227000 - 226705 nodes created - worst tet radius 1.15902 (nodes removed 0 295)
Info    : It. 227500 - 227205 nodes created - worst tet radius 1.15817 (nodes removed 0 295)
Info    : It. 228000 - 227705 nodes created - worst tet radius 1.15736 (nodes removed 0 295)
Info    : It. 228500 - 228205 nodes created - worst tet radius 1.1565 (nodes removed 0 295)
Info    : It. 229000 - 228705 nodes created - worst tet radius 1.15571 (nodes removed 0 295)
Info    : It. 229500 - 229205 nodes created - worst tet radius 1.15494 (nodes removed 0 295)
Info    : It. 230000 - 229705 nodes created - worst tet radius 1.15408 (nodes removed 0 295)
Info    : It. 230500 - 230204 nodes created - worst tet radius 1.15324 (nodes removed 0 296)
Info    : It. 231000 - 230704 nodes created - worst tet radius 1.15244 (nodes removed 0 296)
Info    : It. 231500 - 231204 nodes created - worst tet radius 1.15165 (nodes removed 0 296)
Info    : It. 232000 - 231704 nodes created - worst tet radius 1.1509 (nodes removed 0 296)
Info    : It. 232500 - 232203 nodes created - worst tet radius 1.15008 (nodes removed 0 297)
Info    : It. 233000 - 232701 nodes created - worst tet radius 1.14925 (nodes removed 0 299)
Info    : It. 233500 - 233201 nodes created - worst tet radius 1.14847 (nodes removed 0 299)
Info    : It. 234000 - 233699 nodes created - worst tet radius 1.14771 (nodes removed 0 301)
Info    : It. 234500 - 234199 nodes created - worst tet radius 1.1469 (nodes removed 0 301)
Info    : It. 235000 - 234698 nodes created - worst tet radius 1.14617 (nodes removed 0 302)
Info    : It. 235500 - 235198 nodes created - worst tet radius 1.14541 (nodes removed 0 302)
Info    : It. 236000 - 235698 nodes created - worst tet radius 1.14462 (nodes removed 0 302)
Info    : It. 236500 - 236198 nodes created - worst tet radius 1.14378 (nodes removed 0 302)
Info    : It. 237000 - 236698 nodes created - worst tet radius 1.14296 (nodes removed 0 302)
Info    : It. 237500 - 237198 nodes created - worst tet radius 1.14215 (nodes removed 0 302)
Info    : It. 238000 - 237698 nodes created - worst tet radius 1.1414 (nodes removed 0 302)
Info    : It. 238500 - 238198 nodes created - worst tet radius 1.14065 (nodes removed 0 302)
Info    : It. 239000 - 238696 nodes created - worst tet radius 1.13986 (nodes removed 0 304)
Info    : It. 239500 - 239196 nodes created - worst tet radius 1.13908 (nodes removed 0 304)
Info    : It. 240000 - 239696 nodes created - worst tet radius 1.13834 (nodes removed 0 304)
Info    : It. 240500 - 240196 nodes created - worst tet radius 1.13757 (nodes removed 0 304)
Info    : It. 241000 - 240695 nodes created - worst tet radius 1.13679 (nodes removed 0 305)
Info    : It. 241500 - 241195 nodes created - worst tet radius 1.13604 (nodes removed 0 305)
Info    : It. 242000 - 241695 nodes created - worst tet radius 1.13528 (nodes removed 0 305)
Info    : It. 242500 - 242195 nodes created - worst tet radius 1.13452 (nodes removed 0 305)
Info    : It. 243000 - 242695 nodes created - worst tet radius 1.13374 (nodes removed 0 305)
Info    : It. 243500 - 243195 nodes created - worst tet radius 1.13301 (nodes removed 0 305)
Info    : It. 244000 - 243695 nodes created - worst tet radius 1.13223 (nodes removed 0 305)
Info    : It. 244500 - 244195 nodes created - worst tet radius 1.13149 (nodes removed 0 305)
Info    : It. 245000 - 244695 nodes created - worst tet radius 1.13078 (nodes removed 0 305)
Info    : It. 245500 - 245195 nodes created - worst tet radius 1.13006 (nodes removed 0 305)
Info    : It. 246000 - 245694 nodes created - worst tet radius 1.12926 (nodes removed 0 306)
Info    : It. 246500 - 246194 nodes created - worst tet radius 1.1285 (nodes removed 0 306)
Info    : It. 247000 - 246694 nodes created - worst tet radius 1.12781 (nodes removed 0 306)
Info    : It. 247500 - 247193 nodes created - worst tet radius 1.12708 (nodes removed 0 307)
Info    : It. 248000 - 247693 nodes created - worst tet radius 1.12629 (nodes removed 0 307)
Info    : It. 248500 - 248193 nodes created - worst tet radius 1.12558 (nodes removed 0 307)
Info    : It. 249000 - 248692 nodes created - worst tet radius 1.1249 (nodes removed 0 308)
Info    : It. 249500 - 249192 nodes created - worst tet radius 1.12407 (nodes removed 0 308)
Info    : It. 250000 - 249692 nodes created - worst tet radius 1.12328 (nodes removed 0 308)
Info    : It. 250500 - 250192 nodes created - worst tet radius 1.12258 (nodes removed 0 308)
Info    : It. 251000 - 250692 nodes created - worst tet radius 1.12182 (nodes removed 0 308)
Info    : It. 251500 - 251191 nodes created - worst tet radius 1.1211 (nodes removed 0 309)
Info    : It. 252000 - 251691 nodes created - worst tet radius 1.12039 (nodes removed 0 309)
Info    : It. 252500 - 252191 nodes created - worst tet radius 1.11956 (nodes removed 0 309)
Info    : It. 253000 - 252691 nodes created - worst tet radius 1.11886 (nodes removed 0 309)
Info    : It. 253500 - 253190 nodes created - worst tet radius 1.11817 (nodes removed 0 310)
Info    : It. 254000 - 253689 nodes created - worst tet radius 1.11747 (nodes removed 0 311)
Info    : It. 254500 - 254189 nodes created - worst tet radius 1.11673 (nodes removed 0 311)
Info    : It. 255000 - 254688 nodes created - worst tet radius 1.11605 (nodes removed 0 312)
Info    : It. 255500 - 255188 nodes created - worst tet radius 1.11537 (nodes removed 0 312)
Info    : It. 256000 - 255688 nodes created - worst tet radius 1.11466 (nodes removed 0 312)
Info    : It. 256500 - 256188 nodes created - worst tet radius 1.11398 (nodes removed 0 312)
Info    : It. 257000 - 256688 nodes created - worst tet radius 1.11329 (nodes removed 0 312)
Info    : It. 257500 - 257188 nodes created - worst tet radius 1.11252 (nodes removed 0 312)
Info    : It. 258000 - 257688 nodes created - worst tet radius 1.11182 (nodes removed 0 312)
Info    : It. 258500 - 258188 nodes created - worst tet radius 1.1111 (nodes removed 0 312)
Info    : It. 259000 - 258688 nodes created - worst tet radius 1.11046 (nodes removed 0 312)
Info    : It. 259500 - 259188 nodes created - worst tet radius 1.10976 (nodes removed 0 312)
Info    : It. 260000 - 259688 nodes created - worst tet radius 1.10908 (nodes removed 0 312)
Info    : It. 260500 - 260188 nodes created - worst tet radius 1.10838 (nodes removed 0 312)
Info    : It. 261000 - 260688 nodes created - worst tet radius 1.10771 (nodes removed 0 312)
Info    : It. 261500 - 261187 nodes created - worst tet radius 1.10694 (nodes removed 0 313)
Info    : It. 262000 - 261687 nodes created - worst tet radius 1.1062 (nodes removed 0 313)
Info    : It. 262500 - 262187 nodes created - worst tet radius 1.10554 (nodes removed 0 313)
Info    : It. 263000 - 262687 nodes created - worst tet radius 1.10486 (nodes removed 0 313)
Info    : It. 263500 - 263187 nodes created - worst tet radius 1.10416 (nodes removed 0 313)
Info    : It. 264000 - 263687 nodes created - worst tet radius 1.10346 (nodes removed 0 313)
Info    : It. 264500 - 264187 nodes created - worst tet radius 1.10279 (nodes removed 0 313)
Info    : It. 265000 - 264687 nodes created - worst tet radius 1.10212 (nodes removed 0 313)
Info    : It. 265500 - 265187 nodes created - worst tet radius 1.10145 (nodes removed 0 313)
Info    : It. 266000 - 265687 nodes created - worst tet radius 1.10076 (nodes removed 0 313)
Info    : It. 266500 - 266187 nodes created - worst tet radius 1.10006 (nodes removed 0 313)
Info    : It. 267000 - 266687 nodes created - worst tet radius 1.0994 (nodes removed 0 313)
Info    : It. 267500 - 267187 nodes created - worst tet radius 1.09879 (nodes removed 0 313)
Info    : It. 268000 - 267687 nodes created - worst tet radius 1.09814 (nodes removed 0 313)
Info    : It. 268500 - 268187 nodes created - worst tet radius 1.09748 (nodes removed 0 313)
Info    : It. 269000 - 268687 nodes created - worst tet radius 1.0968 (nodes removed 0 313)
Info    : It. 269500 - 269187 nodes created - worst tet radius 1.09618 (nodes removed 0 313)
Info    : It. 270000 - 269687 nodes created - worst tet radius 1.09555 (nodes removed 0 313)
Info    : It. 270500 - 270187 nodes created - worst tet radius 1.09491 (nodes removed 0 313)
Info    : It. 271000 - 270686 nodes created - worst tet radius 1.09424 (nodes removed 0 314)
Info    : It. 271500 - 271186 nodes created - worst tet radius 1.09353 (nodes removed 0 314)
Info    : It. 272000 - 271686 nodes created - worst tet radius 1.09285 (nodes removed 0 314)
Info    : It. 272500 - 272186 nodes created - worst tet radius 1.09216 (nodes removed 0 314)
Info    : It. 273000 - 272686 nodes created - worst tet radius 1.0915 (nodes removed 0 314)
Info    : It. 273500 - 273186 nodes created - worst tet radius 1.09087 (nodes removed 0 314)
Info    : It. 274000 - 273686 nodes created - worst tet radius 1.09026 (nodes removed 0 314)
Info    : It. 274500 - 274186 nodes created - worst tet radius 1.08963 (nodes removed 0 314)
Info    : It. 275000 - 274686 nodes created - worst tet radius 1.08899 (nodes removed 0 314)
Info    : It. 275500 - 275186 nodes created - worst tet radius 1.08835 (nodes removed 0 314)
Info    : It. 276000 - 275686 nodes created - worst tet radius 1.08766 (nodes removed 0 314)
Info    : It. 276500 - 276186 nodes created - worst tet radius 1.08702 (nodes removed 0 314)
Info    : It. 277000 - 276686 nodes created - worst tet radius 1.08644 (nodes removed 0 314)
Info    : It. 277500 - 277186 nodes created - worst tet radius 1.0858 (nodes removed 0 314)
Info    : It. 278000 - 277686 nodes created - worst tet radius 1.08512 (nodes removed 0 314)
Info    : It. 278500 - 278186 nodes created - worst tet radius 1.08449 (nodes removed 0 314)
Info    : It. 279000 - 278682 nodes created - worst tet radius 1.08385 (nodes removed 0 318)
Info    : It. 279500 - 279182 nodes created - worst tet radius 1.08321 (nodes removed 0 318)
Info    : It. 280000 - 279682 nodes created - worst tet radius 1.0826 (nodes removed 0 318)
Info    : It. 280500 - 280182 nodes created - worst tet radius 1.08197 (nodes removed 0 318)
Info    : It. 281000 - 280682 nodes created - worst tet radius 1.08135 (nodes removed 0 318)
Info    : It. 281500 - 281182 nodes created - worst tet radius 1.08076 (nodes removed 0 318)
Info    : It. 282000 - 281682 nodes created - worst tet radius 1.08011 (nodes removed 0 318)
Info    : It. 282500 - 282182 nodes created - worst tet radius 1.07947 (nodes removed 0 318)
Info    : It. 283000 - 282682 nodes created - worst tet radius 1.07887 (nodes removed 0 318)
Info    : It. 283500 - 283182 nodes created - worst tet radius 1.07826 (nodes removed 0 318)
Info    : It. 284000 - 283682 nodes created - worst tet radius 1.07761 (nodes removed 0 318)
Info    : It. 284500 - 284181 nodes created - worst tet radius 1.077 (nodes removed 0 319)
Info    : It. 285000 - 284681 nodes created - worst tet radius 1.07642 (nodes removed 0 319)
Info    : It. 285500 - 285181 nodes created - worst tet radius 1.07576 (nodes removed 0 319)
Info    : It. 286000 - 285681 nodes created - worst tet radius 1.07516 (nodes removed 0 319)
Info    : It. 286500 - 286181 nodes created - worst tet radius 1.07454 (nodes removed 0 319)
Info    : It. 287000 - 286681 nodes created - worst tet radius 1.07391 (nodes removed 0 319)
Info    : It. 287500 - 287181 nodes created - worst tet radius 1.07326 (nodes removed 0 319)
Info    : It. 288000 - 287681 nodes created - worst tet radius 1.07267 (nodes removed 0 319)
Info    : It. 288500 - 288181 nodes created - worst tet radius 1.07205 (nodes removed 0 319)
Info    : It. 289000 - 288681 nodes created - worst tet radius 1.07148 (nodes removed 0 319)
Info    : It. 289500 - 289181 nodes created - worst tet radius 1.07087 (nodes removed 0 319)
Info    : It. 290000 - 289681 nodes created - worst tet radius 1.07033 (nodes removed 0 319)
Info    : It. 290500 - 290181 nodes created - worst tet radius 1.06972 (nodes removed 0 319)
Info    : It. 291000 - 290681 nodes created - worst tet radius 1.06914 (nodes removed 0 319)
Info    : It. 291500 - 291181 nodes created - worst tet radius 1.06853 (nodes removed 0 319)
Info    : It. 292000 - 291677 nodes created - worst tet radius 1.06797 (nodes removed 0 323)
Info    : It. 292500 - 292177 nodes created - worst tet radius 1.06737 (nodes removed 0 323)
Info    : It. 293000 - 292677 nodes created - worst tet radius 1.06677 (nodes removed 0 323)
Info    : It. 293500 - 293176 nodes created - worst tet radius 1.06616 (nodes removed 0 324)
Info    : It. 294000 - 293676 nodes created - worst tet radius 1.06553 (nodes removed 0 324)
Info    : It. 294500 - 294176 nodes created - worst tet radius 1.06493 (nodes removed 0 324)
Info    : It. 295000 - 294676 nodes created - worst tet radius 1.06438 (nodes removed 0 324)
Info    : It. 295500 - 295176 nodes created - worst tet radius 1.06381 (nodes removed 0 324)
Info    : It. 296000 - 295675 nodes created - worst tet radius 1.06325 (nodes removed 0 325)
Info    : It. 296500 - 296175 nodes created - worst tet radius 1.06269 (nodes removed 0 325)
Info    : It. 297000 - 296675 nodes created - worst tet radius 1.06211 (nodes removed 0 325)
Info    : It. 297500 - 297175 nodes created - worst tet radius 1.06156 (nodes removed 0 325)
Info    : It. 298000 - 297675 nodes created - worst tet radius 1.06096 (nodes removed 0 325)
Info    : It. 298500 - 298174 nodes created - worst tet radius 1.06041 (nodes removed 0 326)
Info    : It. 299000 - 298674 nodes created - worst tet radius 1.05982 (nodes removed 0 326)
Info    : It. 299500 - 299174 nodes created - worst tet radius 1.05923 (nodes removed 0 326)
Info    : It. 300000 - 299674 nodes created - worst tet radius 1.05864 (nodes removed 0 326)
Info    : It. 300500 - 300174 nodes created - worst tet radius 1.05807 (nodes removed 0 326)
Info    : It. 301000 - 300674 nodes created - worst tet radius 1.05747 (nodes removed 0 326)
Info    : It. 301500 - 301174 nodes created - worst tet radius 1.05691 (nodes removed 0 326)
Info    : It. 302000 - 301674 nodes created - worst tet radius 1.05636 (nodes removed 0 326)
Info    : It. 302500 - 302174 nodes created - worst tet radius 1.05582 (nodes removed 0 326)
Info    : It. 303000 - 302674 nodes created - worst tet radius 1.05528 (nodes removed 0 326)
Info    : It. 303500 - 303171 nodes created - worst tet radius 1.05472 (nodes removed 0 329)
Info    : It. 304000 - 303671 nodes created - worst tet radius 1.05416 (nodes removed 0 329)
Info    : It. 304500 - 304171 nodes created - worst tet radius 1.05358 (nodes removed 0 329)
Info    : It. 305000 - 304671 nodes created - worst tet radius 1.053 (nodes removed 0 329)
Info    : It. 305500 - 305170 nodes created - worst tet radius 1.05244 (nodes removed 0 330)
Info    : It. 306000 - 305670 nodes created - worst tet radius 1.05189 (nodes removed 0 330)
Info    : It. 306500 - 306170 nodes created - worst tet radius 1.05132 (nodes removed 0 330)
Info    : It. 307000 - 306670 nodes created - worst tet radius 1.05077 (nodes removed 0 330)
Info    : It. 307500 - 307170 nodes created - worst tet radius 1.05022 (nodes removed 0 330)
Info    : It. 308000 - 307670 nodes created - worst tet radius 1.04967 (nodes removed 0 330)
Info    : It. 308500 - 308170 nodes created - worst tet radius 1.04915 (nodes removed 0 330)
Info    : It. 309000 - 308670 nodes created - worst tet radius 1.04858 (nodes removed 0 330)
Info    : It. 309500 - 309170 nodes created - worst tet radius 1.04805 (nodes removed 0 330)
Info    : It. 310000 - 309670 nodes created - worst tet radius 1.04746 (nodes removed 0 330)
Info    : It. 310500 - 310170 nodes created - worst tet radius 1.04691 (nodes removed 0 330)
Info    : It. 311000 - 310670 nodes created - worst tet radius 1.04637 (nodes removed 0 330)
Info    : It. 311500 - 311170 nodes created - worst tet radius 1.04575 (nodes removed 0 330)
Info    : It. 312000 - 311670 nodes created - worst tet radius 1.04523 (nodes removed 0 330)
Info    : It. 312500 - 312170 nodes created - worst tet radius 1.04467 (nodes removed 0 330)
Info    : It. 313000 - 312670 nodes created - worst tet radius 1.04416 (nodes removed 0 330)
Info    : It. 313500 - 313170 nodes created - worst tet radius 1.04357 (nodes removed 0 330)
Info    : It. 314000 - 313670 nodes created - worst tet radius 1.04311 (nodes removed 0 330)
Info    : It. 314500 - 314170 nodes created - worst tet radius 1.04257 (nodes removed 0 330)
Info    : It. 315000 - 314670 nodes created - worst tet radius 1.04206 (nodes removed 0 330)
Info    : It. 315500 - 315170 nodes created - worst tet radius 1.04151 (nodes removed 0 330)
Info    : It. 316000 - 315670 nodes created - worst tet radius 1.04097 (nodes removed 0 330)
Info    : It. 316500 - 316170 nodes created - worst tet radius 1.04044 (nodes removed 0 330)
Info    : It. 317000 - 316670 nodes created - worst tet radius 1.03988 (nodes removed 0 330)
Info    : It. 317500 - 317170 nodes created - worst tet radius 1.03934 (nodes removed 0 330)
Info    : It. 318000 - 317670 nodes created - worst tet radius 1.03885 (nodes removed 0 330)
Info    : It. 318500 - 318170 nodes created - worst tet radius 1.03833 (nodes removed 0 330)
Info    : It. 319000 - 318670 nodes created - worst tet radius 1.0378 (nodes removed 0 330)
Info    : It. 319500 - 319169 nodes created - worst tet radius 1.03727 (nodes removed 0 331)
Info    : It. 320000 - 319669 nodes created - worst tet radius 1.03679 (nodes removed 0 331)
Info    : It. 320500 - 320169 nodes created - worst tet radius 1.03625 (nodes removed 0 331)
Info    : It. 321000 - 320669 nodes created - worst tet radius 1.03573 (nodes removed 0 331)
Info    : It. 321500 - 321168 nodes created - worst tet radius 1.03516 (nodes removed 0 332)
Info    : It. 322000 - 321668 nodes created - worst tet radius 1.03463 (nodes removed 0 332)
Info    : It. 322500 - 322168 nodes created - worst tet radius 1.03415 (nodes removed 0 332)
Info    : It. 323000 - 322668 nodes created - worst tet radius 1.03363 (nodes removed 0 332)
Info    : It. 323500 - 323168 nodes created - worst tet radius 1.03309 (nodes removed 0 332)
Info    : It. 324000 - 323668 nodes created - worst tet radius 1.0326 (nodes removed 0 332)
Info    : It. 324500 - 324168 nodes created - worst tet radius 1.03211 (nodes removed 0 332)
Info    : It. 325000 - 324667 nodes created - worst tet radius 1.03159 (nodes removed 0 333)
Info    : It. 325500 - 325167 nodes created - worst tet radius 1.03108 (nodes removed 0 333)
Info    : It. 326000 - 325667 nodes created - worst tet radius 1.03056 (nodes removed 0 333)
Info    : It. 326500 - 326167 nodes created - worst tet radius 1.03003 (nodes removed 0 333)
Info    : It. 327000 - 326667 nodes created - worst tet radius 1.02953 (nodes removed 0 333)
Info    : It. 327500 - 327166 nodes created - worst tet radius 1.02907 (nodes removed 0 334)
Info    : It. 328000 - 327666 nodes created - worst tet radius 1.02859 (nodes removed 0 334)
Info    : It. 328500 - 328166 nodes created - worst tet radius 1.02808 (nodes removed 0 334)
Info    : It. 329000 - 328666 nodes created - worst tet radius 1.02762 (nodes removed 0 334)
Info    : It. 329500 - 329165 nodes created - worst tet radius 1.02712 (nodes removed 0 335)
Info    : It. 330000 - 329665 nodes created - worst tet radius 1.0266 (nodes removed 0 335)
Info    : It. 330500 - 330165 nodes created - worst tet radius 1.02607 (nodes removed 0 335)
Info    : It. 331000 - 330665 nodes created - worst tet radius 1.02557 (nodes removed 0 335)
Info    : It. 331500 - 331165 nodes created - worst tet radius 1.0251 (nodes removed 0 335)
Info    : It. 332000 - 331665 nodes created - worst tet radius 1.02456 (nodes removed 0 335)
Info    : It. 332500 - 332164 nodes created - worst tet radius 1.02409 (nodes removed 0 336)
Info    : It. 333000 - 332664 nodes created - worst tet radius 1.02361 (nodes removed 0 336)
Info    : It. 333500 - 333164 nodes created - worst tet radius 1.02311 (nodes removed 0 336)
Info    : It. 334000 - 333664 nodes created - worst tet radius 1.0226 (nodes removed 0 336)
Info    : It. 334500 - 334164 nodes created - worst tet radius 1.02213 (nodes removed 0 336)
Info    : It. 335000 - 334664 nodes created - worst tet radius 1.02166 (nodes removed 0 336)
Info    : It. 335500 - 335164 nodes created - worst tet radius 1.02118 (nodes removed 0 336)
Info    : It. 336000 - 335664 nodes created - worst tet radius 1.02068 (nodes removed 0 336)
Info    : It. 336500 - 336164 nodes created - worst tet radius 1.02023 (nodes removed 0 336)
Info    : It. 337000 - 336664 nodes created - worst tet radius 1.01976 (nodes removed 0 336)
Info    : It. 337500 - 337164 nodes created - worst tet radius 1.0193 (nodes removed 0 336)
Info    : It. 338000 - 337664 nodes created - worst tet radius 1.01882 (nodes removed 0 336)
Info    : It. 338500 - 338164 nodes created - worst tet radius 1.01836 (nodes removed 0 336)
Info    : It. 339000 - 338664 nodes created - worst tet radius 1.01787 (nodes removed 0 336)
Info    : It. 339500 - 339164 nodes created - worst tet radius 1.01738 (nodes removed 0 336)
Info    : It. 340000 - 339664 nodes created - worst tet radius 1.01692 (nodes removed 0 336)
Info    : It. 340500 - 340164 nodes created - worst tet radius 1.01642 (nodes removed 0 336)
Info    : It. 341000 - 340663 nodes created - worst tet radius 1.01593 (nodes removed 0 337)
Info    : It. 341500 - 341163 nodes created - worst tet radius 1.01546 (nodes removed 0 337)
Info    : It. 342000 - 341663 nodes created - worst tet radius 1.01495 (nodes removed 0 337)
Info    : It. 342500 - 342163 nodes created - worst tet radius 1.01449 (nodes removed 0 337)
Info    : It. 343000 - 342663 nodes created - worst tet radius 1.01401 (nodes removed 0 337)
Info    : It. 343500 - 343163 nodes created - worst tet radius 1.01353 (nodes removed 0 337)
Info    : It. 344000 - 343663 nodes created - worst tet radius 1.01306 (nodes removed 0 337)
Info    : It. 344500 - 344163 nodes created - worst tet radius 1.01259 (nodes removed 0 337)
Info    : It. 345000 - 344663 nodes created - worst tet radius 1.01209 (nodes removed 0 337)
Info    : It. 345500 - 345162 nodes created - worst tet radius 1.01162 (nodes removed 0 338)
Info    : It. 346000 - 345659 nodes created - worst tet radius 1.01117 (nodes removed 0 341)
Info    : It. 346500 - 346158 nodes created - worst tet radius 1.01069 (nodes removed 0 342)
Info    : It. 347000 - 346657 nodes created - worst tet radius 1.01021 (nodes removed 0 343)
Info    : It. 347500 - 347157 nodes created - worst tet radius 1.00975 (nodes removed 0 343)
Info    : It. 348000 - 347657 nodes created - worst tet radius 1.00931 (nodes removed 0 343)
Info    : It. 348500 - 348156 nodes created - worst tet radius 1.00888 (nodes removed 0 344)
Info    : It. 349000 - 348656 nodes created - worst tet radius 1.00843 (nodes removed 0 344)
Info    : It. 349500 - 349156 nodes created - worst tet radius 1.00799 (nodes removed 0 344)
Info    : It. 350000 - 349656 nodes created - worst tet radius 1.00752 (nodes removed 0 344)
Info    : It. 350500 - 350156 nodes created - worst tet radius 1.00706 (nodes removed 0 344)
Info    : It. 351000 - 350656 nodes created - worst tet radius 1.00663 (nodes removed 0 344)
Info    : It. 351500 - 351156 nodes created - worst tet radius 1.00616 (nodes removed 0 344)
Info    : It. 352000 - 351656 nodes created - worst tet radius 1.00573 (nodes removed 0 344)
Info    : It. 352500 - 352156 nodes created - worst tet radius 1.00525 (nodes removed 0 344)
Info    : It. 353000 - 352656 nodes created - worst tet radius 1.00483 (nodes removed 0 344)
Info    : It. 353500 - 353156 nodes created - worst tet radius 1.00436 (nodes removed 0 344)
Info    : It. 354000 - 353656 nodes created - worst tet radius 1.00391 (nodes removed 0 344)
Info    : It. 354500 - 354155 nodes created - worst tet radius 1.00345 (nodes removed 0 345)
Info    : It. 355000 - 354655 nodes created - worst tet radius 1.00301 (nodes removed 0 345)
Info    : It. 355500 - 355155 nodes created - worst tet radius 1.00256 (nodes removed 0 345)
Info    : It. 356000 - 355655 nodes created - worst tet radius 1.00214 (nodes removed 0 345)
Info    : It. 356500 - 356155 nodes created - worst tet radius 1.00169 (nodes removed 0 345)
Info    : It. 357000 - 356655 nodes created - worst tet radius 1.0012 (nodes removed 0 345)
Info    : It. 357500 - 357155 nodes created - worst tet radius 1.00075 (nodes removed 0 345)
Info    : It. 358000 - 357655 nodes created - worst tet radius 1.00032 (nodes removed 0 345)
Info    : 3D refinement terminated (429964 nodes total):
Info    :  - 731 Delaunay cavities modified for star shapeness
Info    :  - 345 nodes could not be inserted
Info    :  - 2510840 tetrahedra created in 37.095 sec. (67686 tets/s)
Info    : Done meshing 3D (Wall 73.9275s, CPU 73.4787s)
Info    : Optimizing mesh...
Info    : Optimizing volume 1
Info    : Optimization starts (volume = 1874.5) with worst = 1.3924e-05 / average = 0.785166:
Info    : 0.00 < quality < 0.10 :      5019 elements
Info    : 0.10 < quality < 0.20 :     15291 elements
Info    : 0.20 < quality < 0.30 :     27154 elements
Info    : 0.30 < quality < 0.40 :     43612 elements
Info    : 0.40 < quality < 0.50 :     68456 elements
Info    : 0.50 < quality < 0.60 :    113263 elements
Info    : 0.60 < quality < 0.70 :    226282 elements
Info    : 0.70 < quality < 0.80 :    538569 elements
Info    : 0.80 < quality < 0.90 :    966465 elements
Info    : 0.90 < quality < 1.00 :    506729 elements
Info    : 46954 edge swaps, 1538 node relocations (volume = 1874.5): worst = 4.77483e-05 / average = 0.796994 (Wall 2.88579s, CPU 2.88247s)
Info    : 47237 edge swaps, 1580 node relocations (volume = 1874.5): worst = 4.77483e-05 / average = 0.797056 (Wall 3.89409s, CPU 3.88971s)
Info    : 0.00 < quality < 0.10 :        24 elements
Info    : 0.10 < quality < 0.20 :         6 elements
Info    : 0.20 < quality < 0.30 :        32 elements
Info    : 0.30 < quality < 0.40 :     43380 elements
Info    : 0.40 < quality < 0.50 :     65954 elements
Info    : 0.50 < quality < 0.60 :    109148 elements
Info    : 0.60 < quality < 0.70 :    224316 elements
Info    : 0.70 < quality < 0.80 :    548068 elements
Info    : 0.80 < quality < 0.90 :    974296 elements
Info    : 0.90 < quality < 1.00 :    503203 elements
Info    : Done optimizing mesh (Wall 10.6267s, CPU 10.5132s)
Info    : 429964 nodes 2618792 elements
Info    : Writing 'split_artery_h_12.msh'...
Info    : Done writing 'split_artery_h_12.msh'
Info    : Stopped on Wed Nov 30 09:46:11 2022 (From start: Wall 225.067s, CPU 224.335s)

