gmsh -3 split_artery_h_09.new -format msh2 -o split_artery_h_09.msh
Info    : Running 'gmsh -3 split_artery_h_09.new -format msh2 -o split_artery_h_09.msh' [Gmsh 4.8.4, 1 node, max. 1 thread]
Info    : Started on Wed Nov 30 09:35:49 2022
Info    : Reading 'split_artery_h_09.new'...
Info    : Reading 'split_artery.step'...
Info    :  - Label 'Shapes/art1right' (3D)
Info    : Done reading 'split_artery.step'
Info    : Done reading 'split_artery_h_09.new'
Info    : Meshing 1D...
Info    : [  0%] Meshing curve 1 (BSpline)
Info    : [ 10%] Meshing curve 2 (BSpline)
Info    : [ 10%] Meshing curve 3 (BSpline)
Info    : [ 10%] Meshing curve 4 (BSpline)
Info    : [ 10%] Meshing curve 5 (BSpline)
Info    : [ 10%] Meshing curve 6 (BSpline)
Info    : [ 10%] Meshing curve 7 (BSpline)
Info    : [ 10%] Meshing curve 8 (BSpline)
Info    : [ 10%] Meshing curve 9 (BSpline)
Info    : [ 10%] Meshing curve 10 (BSpline)
Info    : [ 10%] Meshing curve 11 (BSpline)
Info    : [ 10%] Meshing curve 12 (BSpline)
Info    : [ 10%] Meshing curve 13 (BSpline)
Info    : [ 10%] Meshing curve 14 (BSpline)
Info    : [ 10%] Meshing curve 15 (BSpline)
Info    : [ 10%] Meshing curve 16 (BSpline)
Info    : [ 10%] Meshing curve 17 (BSpline)
Info    : [ 10%] Meshing curve 18 (BSpline)
Info    : [ 10%] Meshing curve 19 (BSpline)
Info    : [ 10%] Meshing curve 20 (BSpline)
Info    : [ 10%] Meshing curve 21 (BSpline)
Info    : [ 10%] Meshing curve 22 (BSpline)
Info    : [ 10%] Meshing curve 23 (BSpline)
Info    : [ 10%] Meshing curve 24 (BSpline)
Info    : [ 10%] Meshing curve 25 (BSpline)
Info    : [ 10%] Meshing curve 26 (BSpline)
Info    : [ 20%] Meshing curve 27 (BSpline)
Info    : [ 20%] Meshing curve 28 (BSpline)
Info    : [ 20%] Meshing curve 29 (BSpline)
Info    : [ 20%] Meshing curve 30 (BSpline)
Info    : [ 20%] Meshing curve 31 (BSpline)
Info    : [ 20%] Meshing curve 32 (BSpline)
Info    : [ 20%] Meshing curve 33 (BSpline)
Info    : [ 20%] Meshing curve 34 (BSpline)
Info    : [ 20%] Meshing curve 35 (BSpline)
Info    : [ 20%] Meshing curve 36 (BSpline)
Info    : [ 20%] Meshing curve 37 (BSpline)
Info    : [ 20%] Meshing curve 38 (BSpline)
Info    : [ 20%] Meshing curve 39 (BSpline)
Info    : [ 20%] Meshing curve 40 (BSpline)
Info    : [ 20%] Meshing curve 41 (BSpline)
Info    : [ 20%] Meshing curve 42 (BSpline)
Info    : [ 20%] Meshing curve 43 (BSpline)
Info    : [ 20%] Meshing curve 44 (BSpline)
Info    : [ 20%] Meshing curve 45 (BSpline)
Info    : [ 20%] Meshing curve 46 (BSpline)
Info    : [ 20%] Meshing curve 47 (BSpline)
Info    : [ 20%] Meshing curve 48 (BSpline)
Info    : [ 20%] Meshing curve 49 (BSpline)
Info    : [ 20%] Meshing curve 50 (BSpline)
Info    : [ 20%] Meshing curve 51 (BSpline)
Info    : [ 20%] Meshing curve 52 (BSpline)
Info    : [ 30%] Meshing curve 53 (BSpline)
Info    : [ 30%] Meshing curve 54 (BSpline)
Info    : [ 30%] Meshing curve 55 (BSpline)
Info    : [ 30%] Meshing curve 56 (BSpline)
Info    : [ 30%] Meshing curve 57 (BSpline)
Info    : [ 30%] Meshing curve 58 (BSpline)
Info    : [ 30%] Meshing curve 59 (BSpline)
Info    : [ 30%] Meshing curve 60 (BSpline)
Info    : [ 30%] Meshing curve 61 (BSpline)
Info    : [ 30%] Meshing curve 62 (BSpline)
Info    : [ 30%] Meshing curve 63 (BSpline)
Info    : [ 30%] Meshing curve 64 (BSpline)
Info    : [ 30%] Meshing curve 65 (BSpline)
Info    : [ 30%] Meshing curve 66 (BSpline)
Info    : [ 30%] Meshing curve 67 (BSpline)
Info    : [ 30%] Meshing curve 68 (BSpline)
Info    : [ 30%] Meshing curve 69 (BSpline)
Info    : [ 30%] Meshing curve 70 (BSpline)
Info    : [ 30%] Meshing curve 71 (BSpline)
Info    : [ 30%] Meshing curve 72 (BSpline)
Info    : [ 30%] Meshing curve 73 (BSpline)
Info    : [ 30%] Meshing curve 74 (BSpline)
Info    : [ 30%] Meshing curve 75 (BSpline)
Info    : [ 30%] Meshing curve 76 (BSpline)
Info    : [ 30%] Meshing curve 77 (BSpline)
Info    : [ 40%] Meshing curve 78 (BSpline)
Info    : [ 40%] Meshing curve 79 (BSpline)
Info    : [ 40%] Meshing curve 80 (BSpline)
Info    : [ 40%] Meshing curve 81 (BSpline)
Info    : [ 40%] Meshing curve 82 (BSpline)
Info    : [ 40%] Meshing curve 83 (BSpline)
Info    : [ 40%] Meshing curve 84 (BSpline)
Info    : [ 40%] Meshing curve 85 (BSpline)
Info    : [ 40%] Meshing curve 86 (BSpline)
Info    : [ 40%] Meshing curve 87 (BSpline)
Info    : [ 40%] Meshing curve 88 (BSpline)
Info    : [ 40%] Meshing curve 89 (BSpline)
Info    : [ 40%] Meshing curve 90 (BSpline)
Info    : [ 40%] Meshing curve 91 (BSpline)
Info    : [ 40%] Meshing curve 92 (BSpline)
Info    : [ 40%] Meshing curve 93 (BSpline)
Info    : [ 40%] Meshing curve 94 (BSpline)
Info    : [ 40%] Meshing curve 95 (BSpline)
Info    : [ 40%] Meshing curve 96 (BSpline)
Info    : [ 40%] Meshing curve 97 (BSpline)
Info    : [ 40%] Meshing curve 98 (BSpline)
Info    : [ 40%] Meshing curve 99 (BSpline)
Info    : [ 40%] Meshing curve 100 (BSpline)
Info    : [ 40%] Meshing curve 101 (BSpline)
Info    : [ 40%] Meshing curve 102 (BSpline)
Info    : [ 40%] Meshing curve 103 (BSpline)
Info    : [ 50%] Meshing curve 104 (BSpline)
Info    : [ 50%] Meshing curve 105 (BSpline)
Info    : [ 50%] Meshing curve 106 (BSpline)
Info    : [ 50%] Meshing curve 107 (BSpline)
Info    : [ 50%] Meshing curve 108 (BSpline)
Info    : [ 50%] Meshing curve 109 (BSpline)
Info    : [ 50%] Meshing curve 110 (BSpline)
Info    : [ 50%] Meshing curve 111 (BSpline)
Info    : [ 50%] Meshing curve 112 (BSpline)
Info    : [ 50%] Meshing curve 113 (BSpline)
Info    : [ 50%] Meshing curve 114 (BSpline)
Info    : [ 50%] Meshing curve 115 (BSpline)
Info    : [ 50%] Meshing curve 116 (BSpline)
Info    : [ 50%] Meshing curve 117 (BSpline)
Info    : [ 50%] Meshing curve 118 (BSpline)
Info    : [ 50%] Meshing curve 119 (BSpline)
Info    : [ 50%] Meshing curve 120 (BSpline)
Info    : [ 50%] Meshing curve 121 (BSpline)
Info    : [ 50%] Meshing curve 122 (BSpline)
Info    : [ 50%] Meshing curve 123 (BSpline)
Info    : [ 50%] Meshing curve 124 (BSpline)
Info    : [ 50%] Meshing curve 125 (BSpline)
Info    : [ 50%] Meshing curve 126 (BSpline)
Info    : [ 50%] Meshing curve 127 (BSpline)
Info    : [ 50%] Meshing curve 128 (BSpline)
Info    : [ 60%] Meshing curve 129 (BSpline)
Info    : [ 60%] Meshing curve 130 (BSpline)
Info    : [ 60%] Meshing curve 131 (BSpline)
Info    : [ 60%] Meshing curve 132 (BSpline)
Info    : [ 60%] Meshing curve 133 (BSpline)
Info    : [ 60%] Meshing curve 134 (BSpline)
Info    : [ 60%] Meshing curve 135 (BSpline)
Info    : [ 60%] Meshing curve 136 (BSpline)
Info    : [ 60%] Meshing curve 137 (BSpline)
Info    : [ 60%] Meshing curve 138 (BSpline)
Info    : [ 60%] Meshing curve 139 (BSpline)
Info    : [ 60%] Meshing curve 140 (BSpline)
Info    : [ 60%] Meshing curve 141 (BSpline)
Info    : [ 60%] Meshing curve 142 (BSpline)
Info    : [ 60%] Meshing curve 143 (BSpline)
Info    : [ 60%] Meshing curve 144 (BSpline)
Info    : [ 60%] Meshing curve 145 (BSpline)
Info    : [ 60%] Meshing curve 146 (BSpline)
Info    : [ 60%] Meshing curve 147 (BSpline)
Info    : [ 60%] Meshing curve 148 (BSpline)
Info    : [ 60%] Meshing curve 149 (BSpline)
Info    : [ 60%] Meshing curve 150 (BSpline)
Info    : [ 60%] Meshing curve 151 (BSpline)
Info    : [ 60%] Meshing curve 152 (BSpline)
Info    : [ 60%] Meshing curve 153 (BSpline)
Info    : [ 60%] Meshing curve 154 (BSpline)
Info    : [ 70%] Meshing curve 155 (BSpline)
Info    : [ 70%] Meshing curve 156 (BSpline)
Info    : [ 70%] Meshing curve 157 (BSpline)
Info    : [ 70%] Meshing curve 158 (BSpline)
Info    : [ 70%] Meshing curve 159 (BSpline)
Info    : [ 70%] Meshing curve 160 (BSpline)
Info    : [ 70%] Meshing curve 161 (BSpline)
Info    : [ 70%] Meshing curve 162 (BSpline)
Info    : [ 70%] Meshing curve 163 (BSpline)
Info    : [ 70%] Meshing curve 164 (BSpline)
Info    : [ 70%] Meshing curve 165 (BSpline)
Info    : [ 70%] Meshing curve 166 (BSpline)
Info    : [ 70%] Meshing curve 167 (BSpline)
Info    : [ 70%] Meshing curve 168 (BSpline)
Info    : [ 70%] Meshing curve 169 (BSpline)
Info    : [ 70%] Meshing curve 170 (BSpline)
Info    : [ 70%] Meshing curve 171 (BSpline)
Info    : [ 70%] Meshing curve 172 (BSpline)
Info    : [ 70%] Meshing curve 173 (BSpline)
Info    : [ 70%] Meshing curve 174 (BSpline)
Info    : [ 70%] Meshing curve 175 (BSpline)
Info    : [ 70%] Meshing curve 176 (BSpline)
Info    : [ 70%] Meshing curve 177 (BSpline)
Info    : [ 70%] Meshing curve 178 (BSpline)
Info    : [ 70%] Meshing curve 179 (BSpline)
Info    : [ 80%] Meshing curve 180 (BSpline)
Info    : [ 80%] Meshing curve 181 (BSpline)
Info    : [ 80%] Meshing curve 182 (BSpline)
Info    : [ 80%] Meshing curve 183 (BSpline)
Info    : [ 80%] Meshing curve 184 (BSpline)
Info    : [ 80%] Meshing curve 185 (BSpline)
Info    : [ 80%] Meshing curve 186 (BSpline)
Info    : [ 80%] Meshing curve 187 (BSpline)
Info    : [ 80%] Meshing curve 188 (BSpline)
Info    : [ 80%] Meshing curve 189 (BSpline)
Info    : [ 80%] Meshing curve 190 (BSpline)
Info    : [ 80%] Meshing curve 191 (BSpline)
Info    : [ 80%] Meshing curve 192 (BSpline)
Info    : [ 80%] Meshing curve 193 (BSpline)
Info    : [ 80%] Meshing curve 194 (BSpline)
Info    : [ 80%] Meshing curve 195 (BSpline)
Info    : [ 80%] Meshing curve 196 (BSpline)
Info    : [ 80%] Meshing curve 197 (BSpline)
Info    : [ 80%] Meshing curve 198 (BSpline)
Info    : [ 80%] Meshing curve 199 (BSpline)
Info    : [ 80%] Meshing curve 200 (BSpline)
Info    : [ 80%] Meshing curve 201 (BSpline)
Info    : [ 80%] Meshing curve 202 (BSpline)
Info    : [ 80%] Meshing curve 203 (BSpline)
Info    : [ 80%] Meshing curve 204 (BSpline)
Info    : [ 80%] Meshing curve 205 (BSpline)
Info    : [ 90%] Meshing curve 206 (BSpline)
Info    : [ 90%] Meshing curve 207 (BSpline)
Info    : [ 90%] Meshing curve 208 (BSpline)
Info    : [ 90%] Meshing curve 209 (BSpline)
Info    : [ 90%] Meshing curve 210 (BSpline)
Info    : [ 90%] Meshing curve 211 (BSpline)
Info    : [ 90%] Meshing curve 212 (BSpline)
Info    : [ 90%] Meshing curve 213 (BSpline)
Info    : [ 90%] Meshing curve 214 (BSpline)
Info    : [ 90%] Meshing curve 215 (BSpline)
Info    : [ 90%] Meshing curve 216 (BSpline)
Info    : [ 90%] Meshing curve 217 (BSpline)
Info    : [ 90%] Meshing curve 218 (BSpline)
Info    : [ 90%] Meshing curve 219 (BSpline)
Info    : [ 90%] Meshing curve 220 (BSpline)
Info    : [ 90%] Meshing curve 221 (BSpline)
Info    : [ 90%] Meshing curve 222 (BSpline)
Info    : [ 90%] Meshing curve 223 (BSpline)
Info    : [ 90%] Meshing curve 224 (BSpline)
Info    : [ 90%] Meshing curve 225 (BSpline)
Info    : [ 90%] Meshing curve 226 (BSpline)
Info    : [ 90%] Meshing curve 227 (BSpline)
Info    : [ 90%] Meshing curve 228 (BSpline)
Info    : [ 90%] Meshing curve 229 (BSpline)
Info    : [ 90%] Meshing curve 230 (BSpline)
Info    : [100%] Meshing curve 231 (BSpline)
Info    : [100%] Meshing curve 232 (BSpline)
Info    : [100%] Meshing curve 233 (BSpline)
Info    : [100%] Meshing curve 234 (BSpline)
Info    : [100%] Meshing curve 235 (BSpline)
Info    : [100%] Meshing curve 236 (BSpline)
Info    : [100%] Meshing curve 237 (BSpline)
Info    : [100%] Meshing curve 238 (BSpline)
Info    : [100%] Meshing curve 239 (BSpline)
Info    : [100%] Meshing curve 240 (BSpline)
Info    : [100%] Meshing curve 241 (BSpline)
Info    : [100%] Meshing curve 242 (BSpline)
Info    : [100%] Meshing curve 243 (BSpline)
Info    : [100%] Meshing curve 244 (BSpline)
Info    : [100%] Meshing curve 245 (BSpline)
Info    : [100%] Meshing curve 246 (BSpline)
Info    : [100%] Meshing curve 247 (BSpline)
Info    : [100%] Meshing curve 248 (BSpline)
Info    : [100%] Meshing curve 249 (BSpline)
Info    : [100%] Meshing curve 250 (BSpline)
Info    : [100%] Meshing curve 251 (BSpline)
Info    : [100%] Meshing curve 252 (BSpline)
Info    : [100%] Meshing curve 253 (BSpline)
Info    : [100%] Meshing curve 254 (BSpline)
Info    : [100%] Meshing curve 255 (BSpline)
Info    : Done meshing 1D (Wall 1.06881s, CPU 1.06391s)
Info    : Meshing 2D...
Info    : [  0%] Meshing surface 1 (BSpline surface, Frontal-Delaunay)
Info    : [ 10%] Meshing surface 2 (BSpline surface, Frontal-Delaunay)
Info    : [ 10%] Meshing surface 3 (BSpline surface, Frontal-Delaunay)
Info    : [ 10%] Meshing surface 4 (BSpline surface, Frontal-Delaunay)
Info    : [ 10%] Meshing surface 5 (BSpline surface, Frontal-Delaunay)
Info    : [ 10%] Meshing surface 6 (BSpline surface, Frontal-Delaunay)
Info    : [ 10%] Meshing surface 7 (BSpline surface, Frontal-Delaunay)
Info    : [ 10%] Meshing surface 8 (BSpline surface, Frontal-Delaunay)
Info    : [ 10%] Meshing surface 9 (BSpline surface, Frontal-Delaunay)
Info    : [ 10%] Meshing surface 10 (BSpline surface, Frontal-Delaunay)
Info    : [ 10%] Meshing surface 11 (BSpline surface, Frontal-Delaunay)
Info    : [ 10%] Meshing surface 12 (BSpline surface, Frontal-Delaunay)
Info    : [ 10%] Meshing surface 13 (BSpline surface, Frontal-Delaunay)
Info    : [ 20%] Meshing surface 14 (BSpline surface, Frontal-Delaunay)
Info    : [ 20%] Meshing surface 15 (BSpline surface, Frontal-Delaunay)
Info    : [ 20%] Meshing surface 16 (BSpline surface, Frontal-Delaunay)
Info    : [ 20%] Meshing surface 17 (BSpline surface, Frontal-Delaunay)
Info    : [ 20%] Meshing surface 18 (BSpline surface, Frontal-Delaunay)
Info    : [ 20%] Meshing surface 19 (BSpline surface, Frontal-Delaunay)
Info    : [ 20%] Meshing surface 20 (BSpline surface, Frontal-Delaunay)
Info    : [ 20%] Meshing surface 21 (BSpline surface, Frontal-Delaunay)
Info    : [ 20%] Meshing surface 22 (BSpline surface, Frontal-Delaunay)
Info    : [ 20%] Meshing surface 23 (BSpline surface, Frontal-Delaunay)
Info    : [ 20%] Meshing surface 24 (BSpline surface, Frontal-Delaunay)
Info    : [ 20%] Meshing surface 25 (BSpline surface, Frontal-Delaunay)
Info    : [ 20%] Meshing surface 26 (BSpline surface, Frontal-Delaunay)
Info    : [ 30%] Meshing surface 27 (BSpline surface, Frontal-Delaunay)
Info    : [ 30%] Meshing surface 28 (BSpline surface, Frontal-Delaunay)
Info    : [ 30%] Meshing surface 29 (BSpline surface, Frontal-Delaunay)
Info    : [ 30%] Meshing surface 30 (BSpline surface, Frontal-Delaunay)
Info    : [ 30%] Meshing surface 31 (BSpline surface, Frontal-Delaunay)
Info    : [ 30%] Meshing surface 32 (BSpline surface, Frontal-Delaunay)
Info    : [ 30%] Meshing surface 33 (BSpline surface, Frontal-Delaunay)
Info    : [ 30%] Meshing surface 34 (BSpline surface, Frontal-Delaunay)
Info    : [ 30%] Meshing surface 35 (BSpline surface, Frontal-Delaunay)
Info    : [ 30%] Meshing surface 36 (BSpline surface, Frontal-Delaunay)
Info    : [ 30%] Meshing surface 37 (BSpline surface, Frontal-Delaunay)
Info    : [ 30%] Meshing surface 38 (BSpline surface, Frontal-Delaunay)
Info    : [ 40%] Meshing surface 39 (BSpline surface, Frontal-Delaunay)
Info    : [ 40%] Meshing surface 40 (BSpline surface, Frontal-Delaunay)
Info    : [ 40%] Meshing surface 41 (BSpline surface, Frontal-Delaunay)
Info    : [ 40%] Meshing surface 42 (BSpline surface, Frontal-Delaunay)
Info    : [ 40%] Meshing surface 43 (BSpline surface, Frontal-Delaunay)
Info    : [ 40%] Meshing surface 44 (BSpline surface, Frontal-Delaunay)
Info    : [ 40%] Meshing surface 45 (BSpline surface, Frontal-Delaunay)
Info    : [ 40%] Meshing surface 46 (BSpline surface, Frontal-Delaunay)
Info    : [ 40%] Meshing surface 47 (BSpline surface, Frontal-Delaunay)
Info    : [ 40%] Meshing surface 48 (BSpline surface, Frontal-Delaunay)
Info    : [ 40%] Meshing surface 49 (BSpline surface, Frontal-Delaunay)
Info    : [ 40%] Meshing surface 50 (BSpline surface, Frontal-Delaunay)
Info    : [ 40%] Meshing surface 51 (BSpline surface, Frontal-Delaunay)
Info    : [ 50%] Meshing surface 52 (BSpline surface, Frontal-Delaunay)
Info    : [ 50%] Meshing surface 53 (BSpline surface, Frontal-Delaunay)
Info    : [ 50%] Meshing surface 54 (BSpline surface, Frontal-Delaunay)
Info    : [ 50%] Meshing surface 55 (BSpline surface, Frontal-Delaunay)
Info    : [ 50%] Meshing surface 56 (BSpline surface, Frontal-Delaunay)
Info    : [ 50%] Meshing surface 57 (BSpline surface, Frontal-Delaunay)
Info    : [ 50%] Meshing surface 58 (BSpline surface, Frontal-Delaunay)
Info    : [ 50%] Meshing surface 59 (BSpline surface, Frontal-Delaunay)
Info    : [ 50%] Meshing surface 60 (BSpline surface, Frontal-Delaunay)
Info    : [ 50%] Meshing surface 61 (BSpline surface, Frontal-Delaunay)
Info    : [ 50%] Meshing surface 62 (BSpline surface, Frontal-Delaunay)
Info    : [ 50%] Meshing surface 63 (BSpline surface, Frontal-Delaunay)
Info    : [ 60%] Meshing surface 64 (BSpline surface, Frontal-Delaunay)
Info    : [ 60%] Meshing surface 65 (BSpline surface, Frontal-Delaunay)
Info    : [ 60%] Meshing surface 66 (BSpline surface, Frontal-Delaunay)
Info    : [ 60%] Meshing surface 67 (BSpline surface, Frontal-Delaunay)
Info    : [ 60%] Meshing surface 68 (BSpline surface, Frontal-Delaunay)
Info    : [ 60%] Meshing surface 69 (BSpline surface, Frontal-Delaunay)
Info    : [ 60%] Meshing surface 70 (BSpline surface, Frontal-Delaunay)
Info    : [ 60%] Meshing surface 71 (BSpline surface, Frontal-Delaunay)
Info    : [ 60%] Meshing surface 72 (BSpline surface, Frontal-Delaunay)
Info    : [ 60%] Meshing surface 73 (BSpline surface, Frontal-Delaunay)
Info    : [ 60%] Meshing surface 74 (BSpline surface, Frontal-Delaunay)
Info    : [ 60%] Meshing surface 75 (BSpline surface, Frontal-Delaunay)
Info    : [ 60%] Meshing surface 76 (BSpline surface, Frontal-Delaunay)
Info    : [ 70%] Meshing surface 77 (BSpline surface, Frontal-Delaunay)
Info    : [ 70%] Meshing surface 78 (BSpline surface, Frontal-Delaunay)
Info    : [ 70%] Meshing surface 79 (BSpline surface, Frontal-Delaunay)
Info    : [ 70%] Meshing surface 80 (BSpline surface, Frontal-Delaunay)
Info    : [ 70%] Meshing surface 81 (BSpline surface, Frontal-Delaunay)
Info    : [ 70%] Meshing surface 81 (BSpline surface, MeshAdapt)
Info    : [ 70%] Meshing surface 82 (BSpline surface, Frontal-Delaunay)
Info    : [ 70%] Meshing surface 83 (BSpline surface, Frontal-Delaunay)
Info    : [ 70%] Meshing surface 84 (BSpline surface, Frontal-Delaunay)
Info    : [ 70%] Meshing surface 85 (BSpline surface, Frontal-Delaunay)
Info    : [ 70%] Meshing surface 86 (BSpline surface, Frontal-Delaunay)
Info    : [ 70%] Meshing surface 87 (BSpline surface, Frontal-Delaunay)
Info    : [ 70%] Meshing surface 88 (BSpline surface, Frontal-Delaunay)
Info    : [ 80%] Meshing surface 89 (BSpline surface, Frontal-Delaunay)
Info    : [ 80%] Meshing surface 90 (BSpline surface, Frontal-Delaunay)
Info    : [ 80%] Meshing surface 91 (BSpline surface, Frontal-Delaunay)
Info    : [ 80%] Meshing surface 92 (BSpline surface, Frontal-Delaunay)
Info    : [ 80%] Meshing surface 93 (BSpline surface, Frontal-Delaunay)
Info    : [ 80%] Meshing surface 94 (BSpline surface, Frontal-Delaunay)
Info    : [ 80%] Meshing surface 95 (BSpline surface, Frontal-Delaunay)
Info    : [ 80%] Meshing surface 96 (BSpline surface, Frontal-Delaunay)
Info    : [ 80%] Meshing surface 97 (BSpline surface, Frontal-Delaunay)
Info    : [ 80%] Meshing surface 98 (BSpline surface, Frontal-Delaunay)
Info    : [ 80%] Meshing surface 99 (BSpline surface, Frontal-Delaunay)
Info    : [ 80%] Meshing surface 100 (BSpline surface, Frontal-Delaunay)
Info    : [ 80%] Meshing surface 101 (BSpline surface, Frontal-Delaunay)
Info    : [ 90%] Meshing surface 102 (BSpline surface, Frontal-Delaunay)
Info    : [ 90%] Meshing surface 103 (BSpline surface, Frontal-Delaunay)
Info    : [ 90%] Meshing surface 104 (BSpline surface, Frontal-Delaunay)
Info    : [ 90%] Meshing surface 105 (BSpline surface, Frontal-Delaunay)
Info    : [ 90%] Meshing surface 106 (BSpline surface, Frontal-Delaunay)
Info    : [ 90%] Meshing surface 107 (BSpline surface, Frontal-Delaunay)
Info    : [ 90%] Meshing surface 108 (BSpline surface, Frontal-Delaunay)
Info    : [ 90%] Meshing surface 109 (BSpline surface, Frontal-Delaunay)
Info    : [ 90%] Meshing surface 110 (BSpline surface, Frontal-Delaunay)
Info    : [ 90%] Meshing surface 111 (BSpline surface, Frontal-Delaunay)
Info    : [ 90%] Meshing surface 112 (BSpline surface, Frontal-Delaunay)
Info    : [ 90%] Meshing surface 113 (BSpline surface, Frontal-Delaunay)
Info    : [100%] Meshing surface 114 (BSpline surface, Frontal-Delaunay)
Info    : [100%] Meshing surface 115 (BSpline surface, Frontal-Delaunay)
Info    : [100%] Meshing surface 116 (BSpline surface, Frontal-Delaunay)
Info    : [100%] Meshing surface 117 (BSpline surface, Frontal-Delaunay)
Info    : [100%] Meshing surface 118 (BSpline surface, Frontal-Delaunay)
Info    : [100%] Meshing surface 119 (BSpline surface, Frontal-Delaunay)
Info    : [100%] Meshing surface 120 (BSpline surface, Frontal-Delaunay)
Info    : [100%] Meshing surface 121 (BSpline surface, Frontal-Delaunay)
Info    : [100%] Meshing surface 122 (BSpline surface, Frontal-Delaunay)
Info    : [100%] Meshing surface 123 (Plane, Frontal-Delaunay)
Info    : [100%] Meshing surface 124 (Plane, Frontal-Delaunay)
Info    : [100%] Meshing surface 125 (Plane, Frontal-Delaunay)
Info    : Done meshing 2D (Wall 66.1643s, CPU 66.1175s)
Info    : Meshing 3D...
Info    : 3D Meshing 1 volume with 1 connected component
Info    : Tetrahedrizing 36015 nodes...
Info    : Done tetrahedrizing 36023 nodes (Wall 0.716956s, CPU 0.695859s)
Info    : Reconstructing mesh...
Info    :  - Creating surface mesh
Info    :  - Identifying boundary edges
Info    :  - Recovering boundary
Info    : Done reconstructing mesh (Wall 2.08116s, CPU 1.99454s)
Info    : Found volume 1
Info    : It. 0 - 0 nodes created - worst tet radius 204.988 (nodes removed 0 0)
Info    : It. 500 - 396 nodes created - worst tet radius 5.55713 (nodes removed 0 104)
Info    : It. 1000 - 889 nodes created - worst tet radius 4.47383 (nodes removed 0 111)
Info    : It. 1500 - 1381 nodes created - worst tet radius 3.9345 (nodes removed 0 119)
Info    : It. 2000 - 1878 nodes created - worst tet radius 3.58158 (nodes removed 0 122)
Info    : It. 2500 - 2376 nodes created - worst tet radius 3.35584 (nodes removed 0 124)
Info    : It. 3000 - 2876 nodes created - worst tet radius 3.18205 (nodes removed 0 124)
Info    : It. 3500 - 3373 nodes created - worst tet radius 3.01827 (nodes removed 0 127)
Info    : It. 4000 - 3872 nodes created - worst tet radius 2.90293 (nodes removed 0 128)
Info    : It. 4500 - 4372 nodes created - worst tet radius 2.80579 (nodes removed 0 128)
Info    : It. 5000 - 4870 nodes created - worst tet radius 2.71835 (nodes removed 0 130)
Info    : It. 5500 - 5369 nodes created - worst tet radius 2.63709 (nodes removed 0 131)
Info    : It. 6000 - 5867 nodes created - worst tet radius 2.56677 (nodes removed 0 133)
Info    : It. 6500 - 6366 nodes created - worst tet radius 2.50171 (nodes removed 0 134)
Info    : It. 7000 - 6863 nodes created - worst tet radius 2.44791 (nodes removed 0 137)
Info    : It. 7500 - 7362 nodes created - worst tet radius 2.39549 (nodes removed 0 138)
Info    : It. 8000 - 7862 nodes created - worst tet radius 2.34762 (nodes removed 0 138)
Info    : It. 8500 - 8360 nodes created - worst tet radius 2.30205 (nodes removed 0 140)
Info    : It. 9000 - 8860 nodes created - worst tet radius 2.26548 (nodes removed 0 140)
Info    : It. 9500 - 9360 nodes created - worst tet radius 2.22806 (nodes removed 0 140)
Info    : It. 10000 - 9859 nodes created - worst tet radius 2.19297 (nodes removed 0 141)
Info    : It. 10500 - 10358 nodes created - worst tet radius 2.15682 (nodes removed 0 142)
Info    : It. 11000 - 10857 nodes created - worst tet radius 2.12541 (nodes removed 0 143)
Info    : It. 11500 - 11356 nodes created - worst tet radius 2.09549 (nodes removed 0 144)
Info    : It. 12000 - 11855 nodes created - worst tet radius 2.06698 (nodes removed 0 145)
Info    : It. 12500 - 12355 nodes created - worst tet radius 2.03986 (nodes removed 0 145)
Info    : It. 13000 - 12855 nodes created - worst tet radius 2.01434 (nodes removed 0 145)
Info    : It. 13500 - 13353 nodes created - worst tet radius 1.98994 (nodes removed 0 147)
Info    : It. 14000 - 13853 nodes created - worst tet radius 1.96564 (nodes removed 0 147)
Info    : It. 14500 - 14352 nodes created - worst tet radius 1.94512 (nodes removed 0 148)
Info    : It. 15000 - 14851 nodes created - worst tet radius 1.92575 (nodes removed 0 149)
Info    : It. 15500 - 15346 nodes created - worst tet radius 1.90802 (nodes removed 0 154)
Info    : It. 16000 - 15846 nodes created - worst tet radius 1.89006 (nodes removed 0 154)
Info    : It. 16500 - 16344 nodes created - worst tet radius 1.87246 (nodes removed 0 156)
Info    : It. 17000 - 16841 nodes created - worst tet radius 1.85466 (nodes removed 0 159)
Info    : It. 17500 - 17341 nodes created - worst tet radius 1.8376 (nodes removed 0 159)
Info    : It. 18000 - 17841 nodes created - worst tet radius 1.8218 (nodes removed 0 159)
Info    : It. 18500 - 18338 nodes created - worst tet radius 1.80701 (nodes removed 0 162)
Info    : It. 19000 - 18838 nodes created - worst tet radius 1.79304 (nodes removed 0 162)
Info    : It. 19500 - 19338 nodes created - worst tet radius 1.77844 (nodes removed 0 162)
Info    : It. 20000 - 19838 nodes created - worst tet radius 1.76421 (nodes removed 0 162)
Info    : It. 20500 - 20338 nodes created - worst tet radius 1.751 (nodes removed 0 162)
Info    : It. 21000 - 20838 nodes created - worst tet radius 1.73739 (nodes removed 0 162)
Info    : It. 21500 - 21337 nodes created - worst tet radius 1.72483 (nodes removed 0 163)
Info    : It. 22000 - 21836 nodes created - worst tet radius 1.71324 (nodes removed 0 164)
Info    : It. 22500 - 22336 nodes created - worst tet radius 1.70038 (nodes removed 0 164)
Info    : It. 23000 - 22836 nodes created - worst tet radius 1.68844 (nodes removed 0 164)
Info    : It. 23500 - 23335 nodes created - worst tet radius 1.67676 (nodes removed 0 165)
Info    : It. 24000 - 23834 nodes created - worst tet radius 1.66595 (nodes removed 0 166)
Info    : It. 24500 - 24333 nodes created - worst tet radius 1.65495 (nodes removed 0 167)
Info    : It. 25000 - 24833 nodes created - worst tet radius 1.64376 (nodes removed 0 167)
Info    : It. 25500 - 25331 nodes created - worst tet radius 1.63394 (nodes removed 0 169)
Info    : It. 26000 - 25831 nodes created - worst tet radius 1.62292 (nodes removed 0 169)
Info    : It. 26500 - 26331 nodes created - worst tet radius 1.61298 (nodes removed 0 169)
Info    : It. 27000 - 26831 nodes created - worst tet radius 1.60298 (nodes removed 0 169)
Info    : It. 27500 - 27330 nodes created - worst tet radius 1.5939 (nodes removed 0 170)
Info    : It. 28000 - 27830 nodes created - worst tet radius 1.58463 (nodes removed 0 170)
Info    : It. 28500 - 28329 nodes created - worst tet radius 1.57608 (nodes removed 0 171)
Info    : It. 29000 - 28829 nodes created - worst tet radius 1.56707 (nodes removed 0 171)
Info    : It. 29500 - 29329 nodes created - worst tet radius 1.55898 (nodes removed 0 171)
Info    : It. 30000 - 29828 nodes created - worst tet radius 1.55118 (nodes removed 0 172)
Info    : It. 30500 - 30327 nodes created - worst tet radius 1.5428 (nodes removed 0 173)
Info    : It. 31000 - 30827 nodes created - worst tet radius 1.53537 (nodes removed 0 173)
Info    : It. 31500 - 31326 nodes created - worst tet radius 1.52815 (nodes removed 0 174)
Info    : It. 32000 - 31826 nodes created - worst tet radius 1.52021 (nodes removed 0 174)
Info    : It. 32500 - 32326 nodes created - worst tet radius 1.51256 (nodes removed 0 174)
Info    : It. 33000 - 32825 nodes created - worst tet radius 1.50493 (nodes removed 0 175)
Info    : It. 33500 - 33324 nodes created - worst tet radius 1.49804 (nodes removed 0 176)
Info    : It. 34000 - 33823 nodes created - worst tet radius 1.49078 (nodes removed 0 177)
Info    : It. 34500 - 34322 nodes created - worst tet radius 1.48403 (nodes removed 0 178)
Info    : It. 35000 - 34822 nodes created - worst tet radius 1.47755 (nodes removed 0 178)
Info    : It. 35500 - 35322 nodes created - worst tet radius 1.47083 (nodes removed 0 178)
Info    : It. 36000 - 35822 nodes created - worst tet radius 1.46421 (nodes removed 0 178)
Info    : It. 36500 - 36322 nodes created - worst tet radius 1.45773 (nodes removed 0 178)
Info    : It. 37000 - 36822 nodes created - worst tet radius 1.45161 (nodes removed 0 178)
Info    : It. 37500 - 37321 nodes created - worst tet radius 1.44506 (nodes removed 0 179)
Info    : It. 38000 - 37820 nodes created - worst tet radius 1.43925 (nodes removed 0 180)
Info    : It. 38500 - 38319 nodes created - worst tet radius 1.43356 (nodes removed 0 181)
Info    : It. 39000 - 38819 nodes created - worst tet radius 1.42759 (nodes removed 0 181)
Info    : It. 39500 - 39318 nodes created - worst tet radius 1.42216 (nodes removed 0 182)
Info    : It. 40000 - 39817 nodes created - worst tet radius 1.41626 (nodes removed 0 183)
Info    : It. 40500 - 40317 nodes created - worst tet radius 1.41039 (nodes removed 0 183)
Info    : It. 41000 - 40816 nodes created - worst tet radius 1.4049 (nodes removed 0 184)
Info    : It. 41500 - 41315 nodes created - worst tet radius 1.39971 (nodes removed 0 185)
Info    : It. 42000 - 41815 nodes created - worst tet radius 1.39449 (nodes removed 0 185)
Info    : It. 42500 - 42314 nodes created - worst tet radius 1.38931 (nodes removed 0 186)
Info    : It. 43000 - 42813 nodes created - worst tet radius 1.38427 (nodes removed 0 187)
Info    : It. 43500 - 43313 nodes created - worst tet radius 1.37923 (nodes removed 0 187)
Info    : It. 44000 - 43811 nodes created - worst tet radius 1.37367 (nodes removed 0 189)
Info    : It. 44500 - 44310 nodes created - worst tet radius 1.36896 (nodes removed 0 190)
Info    : It. 45000 - 44809 nodes created - worst tet radius 1.36382 (nodes removed 0 191)
Info    : It. 45500 - 45307 nodes created - worst tet radius 1.35897 (nodes removed 0 193)
Info    : It. 46000 - 45807 nodes created - worst tet radius 1.35414 (nodes removed 0 193)
Info    : It. 46500 - 46306 nodes created - worst tet radius 1.34966 (nodes removed 0 194)
Info    : It. 47000 - 46806 nodes created - worst tet radius 1.34537 (nodes removed 0 194)
Info    : It. 47500 - 47305 nodes created - worst tet radius 1.34056 (nodes removed 0 195)
Info    : It. 48000 - 47805 nodes created - worst tet radius 1.33629 (nodes removed 0 195)
Info    : It. 48500 - 48304 nodes created - worst tet radius 1.33174 (nodes removed 0 196)
Info    : It. 49000 - 48804 nodes created - worst tet radius 1.32778 (nodes removed 0 196)
Info    : It. 49500 - 49303 nodes created - worst tet radius 1.32375 (nodes removed 0 197)
Info    : It. 50000 - 49803 nodes created - worst tet radius 1.31983 (nodes removed 0 197)
Info    : It. 50500 - 50303 nodes created - worst tet radius 1.31541 (nodes removed 0 197)
Info    : It. 51000 - 50801 nodes created - worst tet radius 1.31156 (nodes removed 0 199)
Info    : It. 51500 - 51301 nodes created - worst tet radius 1.3075 (nodes removed 0 199)
Info    : It. 52000 - 51800 nodes created - worst tet radius 1.30362 (nodes removed 0 200)
Info    : It. 52500 - 52299 nodes created - worst tet radius 1.29981 (nodes removed 0 201)
Info    : It. 53000 - 52799 nodes created - worst tet radius 1.29586 (nodes removed 0 201)
Info    : It. 53500 - 53298 nodes created - worst tet radius 1.29194 (nodes removed 0 202)
Info    : It. 54000 - 53797 nodes created - worst tet radius 1.28813 (nodes removed 0 203)
Info    : It. 54500 - 54296 nodes created - worst tet radius 1.28447 (nodes removed 0 204)
Info    : It. 55000 - 54796 nodes created - worst tet radius 1.28087 (nodes removed 0 204)
Info    : It. 55500 - 55296 nodes created - worst tet radius 1.2769 (nodes removed 0 204)
Info    : It. 56000 - 55795 nodes created - worst tet radius 1.27328 (nodes removed 0 205)
Info    : It. 56500 - 56295 nodes created - worst tet radius 1.26973 (nodes removed 0 205)
Info    : It. 57000 - 56792 nodes created - worst tet radius 1.26645 (nodes removed 0 208)
Info    : It. 57500 - 57291 nodes created - worst tet radius 1.26288 (nodes removed 0 209)
Info    : It. 58000 - 57791 nodes created - worst tet radius 1.25945 (nodes removed 0 209)
Info    : It. 58500 - 58290 nodes created - worst tet radius 1.2558 (nodes removed 0 210)
Info    : It. 59000 - 58787 nodes created - worst tet radius 1.25236 (nodes removed 0 213)
Info    : It. 59500 - 59286 nodes created - worst tet radius 1.24893 (nodes removed 0 214)
Info    : It. 60000 - 59784 nodes created - worst tet radius 1.24569 (nodes removed 0 216)
Info    : It. 60500 - 60283 nodes created - worst tet radius 1.24246 (nodes removed 0 217)
Info    : It. 61000 - 60783 nodes created - worst tet radius 1.23921 (nodes removed 0 217)
Info    : It. 61500 - 61282 nodes created - worst tet radius 1.23607 (nodes removed 0 218)
Info    : It. 62000 - 61782 nodes created - worst tet radius 1.23283 (nodes removed 0 218)
Info    : It. 62500 - 62282 nodes created - worst tet radius 1.22958 (nodes removed 0 218)
Info    : It. 63000 - 62782 nodes created - worst tet radius 1.22633 (nodes removed 0 218)
Info    : It. 63500 - 63281 nodes created - worst tet radius 1.22323 (nodes removed 0 219)
Info    : It. 64000 - 63780 nodes created - worst tet radius 1.22023 (nodes removed 0 220)
Info    : It. 64500 - 64279 nodes created - worst tet radius 1.21723 (nodes removed 0 221)
Info    : It. 65000 - 64779 nodes created - worst tet radius 1.21426 (nodes removed 0 221)
Info    : It. 65500 - 65279 nodes created - worst tet radius 1.21121 (nodes removed 0 221)
Info    : It. 66000 - 65778 nodes created - worst tet radius 1.20836 (nodes removed 0 222)
Info    : It. 66500 - 66278 nodes created - worst tet radius 1.20544 (nodes removed 0 222)
Info    : It. 67000 - 66776 nodes created - worst tet radius 1.20263 (nodes removed 0 224)
Info    : It. 67500 - 67275 nodes created - worst tet radius 1.19989 (nodes removed 0 225)
Info    : It. 68000 - 67775 nodes created - worst tet radius 1.19701 (nodes removed 0 225)
Info    : It. 68500 - 68274 nodes created - worst tet radius 1.19401 (nodes removed 0 226)
Info    : It. 69000 - 68773 nodes created - worst tet radius 1.19127 (nodes removed 0 227)
Info    : It. 69500 - 69273 nodes created - worst tet radius 1.18859 (nodes removed 0 227)
Info    : It. 70000 - 69768 nodes created - worst tet radius 1.18564 (nodes removed 0 232)
Info    : It. 70500 - 70268 nodes created - worst tet radius 1.1831 (nodes removed 0 232)
Info    : It. 71000 - 70768 nodes created - worst tet radius 1.18048 (nodes removed 0 232)
Info    : It. 71500 - 71267 nodes created - worst tet radius 1.17793 (nodes removed 0 233)
Info    : It. 72000 - 71767 nodes created - worst tet radius 1.17531 (nodes removed 0 233)
Info    : It. 72500 - 72267 nodes created - worst tet radius 1.17288 (nodes removed 0 233)
Info    : It. 73000 - 72766 nodes created - worst tet radius 1.17038 (nodes removed 0 234)
Info    : It. 73500 - 73266 nodes created - worst tet radius 1.16772 (nodes removed 0 234)
Info    : It. 74000 - 73764 nodes created - worst tet radius 1.65754 (nodes removed 0 236)
Info    : It. 74500 - 74262 nodes created - worst tet radius 1.16244 (nodes removed 0 238)
Info    : It. 75000 - 74762 nodes created - worst tet radius 1.15989 (nodes removed 0 238)
Info    : It. 75500 - 75260 nodes created - worst tet radius 1.15744 (nodes removed 0 240)
Info    : It. 76000 - 75759 nodes created - worst tet radius 1.15498 (nodes removed 0 241)
Info    : It. 76500 - 76259 nodes created - worst tet radius 1.15266 (nodes removed 0 241)
Info    : It. 77000 - 76759 nodes created - worst tet radius 1.15017 (nodes removed 0 241)
Info    : It. 77500 - 77259 nodes created - worst tet radius 1.14757 (nodes removed 0 241)
Info    : It. 78000 - 77759 nodes created - worst tet radius 1.1451 (nodes removed 0 241)
Info    : It. 78500 - 78259 nodes created - worst tet radius 1.14276 (nodes removed 0 241)
Info    : It. 79000 - 78759 nodes created - worst tet radius 1.14049 (nodes removed 0 241)
Info    : It. 79500 - 79258 nodes created - worst tet radius 1.13819 (nodes removed 0 242)
Info    : It. 80000 - 79758 nodes created - worst tet radius 1.13589 (nodes removed 0 242)
Info    : It. 80500 - 80258 nodes created - worst tet radius 1.13367 (nodes removed 0 242)
Info    : It. 81000 - 80757 nodes created - worst tet radius 1.1315 (nodes removed 0 243)
Info    : It. 81500 - 81257 nodes created - worst tet radius 1.12932 (nodes removed 0 243)
Info    : It. 82000 - 81756 nodes created - worst tet radius 1.12706 (nodes removed 0 244)
Info    : It. 82500 - 82256 nodes created - worst tet radius 1.12497 (nodes removed 0 244)
Info    : It. 83000 - 82755 nodes created - worst tet radius 1.12297 (nodes removed 0 245)
Info    : It. 83500 - 83255 nodes created - worst tet radius 1.12076 (nodes removed 0 245)
Info    : It. 84000 - 83755 nodes created - worst tet radius 1.11866 (nodes removed 0 245)
Info    : It. 84500 - 84255 nodes created - worst tet radius 1.11649 (nodes removed 0 245)
Info    : It. 85000 - 84755 nodes created - worst tet radius 1.11442 (nodes removed 0 245)
Info    : It. 85500 - 85254 nodes created - worst tet radius 1.11243 (nodes removed 0 246)
Info    : It. 86000 - 85748 nodes created - worst tet radius 1.11042 (nodes removed 0 252)
Info    : It. 86500 - 86248 nodes created - worst tet radius 1.10839 (nodes removed 0 252)
Info    : It. 87000 - 86748 nodes created - worst tet radius 1.10636 (nodes removed 0 252)
Info    : It. 87500 - 87248 nodes created - worst tet radius 1.10415 (nodes removed 0 252)
Info    : It. 88000 - 87748 nodes created - worst tet radius 1.10219 (nodes removed 0 252)
Info    : It. 88500 - 88247 nodes created - worst tet radius 1.10008 (nodes removed 0 253)
Info    : It. 89000 - 88747 nodes created - worst tet radius 1.0981 (nodes removed 0 253)
Info    : It. 89500 - 89246 nodes created - worst tet radius 1.0961 (nodes removed 0 254)
Info    : It. 90000 - 89746 nodes created - worst tet radius 1.09412 (nodes removed 0 254)
Info    : It. 90500 - 90246 nodes created - worst tet radius 1.09215 (nodes removed 0 254)
Info    : It. 91000 - 90745 nodes created - worst tet radius 1.09028 (nodes removed 0 255)
Info    : It. 91500 - 91245 nodes created - worst tet radius 1.08846 (nodes removed 0 255)
Info    : It. 92000 - 91738 nodes created - worst tet radius 1.08664 (nodes removed 0 262)
Info    : It. 92500 - 92238 nodes created - worst tet radius 1.08481 (nodes removed 0 262)
Info    : It. 93000 - 92738 nodes created - worst tet radius 1.08296 (nodes removed 0 262)
Info    : It. 93500 - 93237 nodes created - worst tet radius 1.08115 (nodes removed 0 263)
Info    : It. 94000 - 93737 nodes created - worst tet radius 1.07923 (nodes removed 0 263)
Info    : It. 94500 - 94235 nodes created - worst tet radius 1.07749 (nodes removed 0 265)
Info    : It. 95000 - 94735 nodes created - worst tet radius 1.07565 (nodes removed 0 265)
Info    : It. 95500 - 95235 nodes created - worst tet radius 1.07394 (nodes removed 0 265)
Info    : It. 96000 - 95735 nodes created - worst tet radius 1.07224 (nodes removed 0 265)
Info    : It. 96500 - 96234 nodes created - worst tet radius 1.07042 (nodes removed 0 266)
Info    : It. 97000 - 96733 nodes created - worst tet radius 1.06873 (nodes removed 0 267)
Info    : It. 97500 - 97233 nodes created - worst tet radius 1.06686 (nodes removed 0 267)
Info    : It. 98000 - 97732 nodes created - worst tet radius 1.06506 (nodes removed 0 268)
Info    : It. 98500 - 98231 nodes created - worst tet radius 1.06341 (nodes removed 0 269)
Info    : It. 99000 - 98731 nodes created - worst tet radius 1.06179 (nodes removed 0 269)
Info    : It. 99500 - 99231 nodes created - worst tet radius 1.06008 (nodes removed 0 269)
Info    : It. 100000 - 99731 nodes created - worst tet radius 1.05825 (nodes removed 0 269)
Info    : It. 100500 - 100230 nodes created - worst tet radius 1.05661 (nodes removed 0 270)
Info    : It. 101000 - 100729 nodes created - worst tet radius 1.05498 (nodes removed 0 271)
Info    : It. 101500 - 101227 nodes created - worst tet radius 1.05332 (nodes removed 0 273)
Info    : It. 102000 - 101726 nodes created - worst tet radius 1.05164 (nodes removed 0 274)
Info    : It. 102500 - 102225 nodes created - worst tet radius 1.04998 (nodes removed 0 275)
Info    : It. 103000 - 102725 nodes created - worst tet radius 1.04839 (nodes removed 0 275)
Info    : It. 103500 - 103225 nodes created - worst tet radius 1.04683 (nodes removed 0 275)
Info    : It. 104000 - 103725 nodes created - worst tet radius 1.04527 (nodes removed 0 275)
Info    : It. 104500 - 104225 nodes created - worst tet radius 1.04376 (nodes removed 0 275)
Info    : It. 105000 - 104725 nodes created - worst tet radius 1.04206 (nodes removed 0 275)
Info    : It. 105500 - 105225 nodes created - worst tet radius 1.0404 (nodes removed 0 275)
Info    : It. 106000 - 105725 nodes created - worst tet radius 1.03873 (nodes removed 0 275)
Info    : It. 106500 - 106224 nodes created - worst tet radius 1.03708 (nodes removed 0 276)
Info    : It. 107000 - 106724 nodes created - worst tet radius 1.03551 (nodes removed 0 276)
Info    : It. 107500 - 107223 nodes created - worst tet radius 1.03404 (nodes removed 0 277)
Info    : It. 108000 - 107723 nodes created - worst tet radius 1.03239 (nodes removed 0 277)
Info    : It. 108500 - 108222 nodes created - worst tet radius 1.03091 (nodes removed 0 278)
Info    : It. 109000 - 108722 nodes created - worst tet radius 1.02944 (nodes removed 0 278)
Info    : It. 109500 - 109221 nodes created - worst tet radius 1.02792 (nodes removed 0 279)
Info    : It. 110000 - 109721 nodes created - worst tet radius 1.02634 (nodes removed 0 279)
Info    : It. 110500 - 110221 nodes created - worst tet radius 1.02477 (nodes removed 0 279)
Info    : It. 111000 - 110721 nodes created - worst tet radius 1.02328 (nodes removed 0 279)
Info    : It. 111500 - 111221 nodes created - worst tet radius 1.02182 (nodes removed 0 279)
Info    : It. 112000 - 111721 nodes created - worst tet radius 1.0204 (nodes removed 0 279)
Info    : It. 112500 - 112221 nodes created - worst tet radius 1.01895 (nodes removed 0 279)
Info    : It. 113000 - 112717 nodes created - worst tet radius 1.01759 (nodes removed 0 283)
Info    : It. 113500 - 113217 nodes created - worst tet radius 1.01613 (nodes removed 0 283)
Info    : It. 114000 - 113717 nodes created - worst tet radius 1.01464 (nodes removed 0 283)
Info    : It. 114500 - 114217 nodes created - worst tet radius 1.01327 (nodes removed 0 283)
Info    : It. 115000 - 114714 nodes created - worst tet radius 1.01183 (nodes removed 0 286)
Info    : It. 115500 - 115214 nodes created - worst tet radius 1.01039 (nodes removed 0 286)
Info    : It. 116000 - 115714 nodes created - worst tet radius 1.00897 (nodes removed 0 286)
Info    : It. 116500 - 116214 nodes created - worst tet radius 1.00754 (nodes removed 0 286)
Info    : It. 117000 - 116714 nodes created - worst tet radius 1.0062 (nodes removed 0 286)
Info    : It. 117500 - 117214 nodes created - worst tet radius 1.00487 (nodes removed 0 286)
Info    : It. 118000 - 117713 nodes created - worst tet radius 1.0035 (nodes removed 0 287)
Info    : It. 118500 - 118213 nodes created - worst tet radius 1.00215 (nodes removed 0 287)
Info    : It. 119000 - 118713 nodes created - worst tet radius 1.00084 (nodes removed 0 287)
Info    : 3D refinement terminated (155053 nodes total):
Info    :  - 454 Delaunay cavities modified for star shapeness
Info    :  - 287 nodes could not be inserted
Info    :  - 871265 tetrahedra created in 11.0311 sec. (78982 tets/s)
Info    : Done meshing 3D (Wall 22.1094s, CPU 21.9222s)
Info    : Optimizing mesh...
Info    : Optimizing volume 1
Info    : Optimization starts (volume = 1873.89) with worst = 2.96566e-06 / average = 0.782193:
Info    : 0.00 < quality < 0.10 :      1886 elements
Info    : 0.10 < quality < 0.20 :      5370 elements
Info    : 0.20 < quality < 0.30 :      9668 elements
Info    : 0.30 < quality < 0.40 :     15327 elements
Info    : 0.40 < quality < 0.50 :     23974 elements
Info    : 0.50 < quality < 0.60 :     40170 elements
Info    : 0.60 < quality < 0.70 :     82541 elements
Info    : 0.70 < quality < 0.80 :    191809 elements
Info    : 0.80 < quality < 0.90 :    330084 elements
Info    : 0.90 < quality < 1.00 :    170436 elements
Info    : 16712 edge swaps, 573 node relocations (volume = 1873.89): worst = 2.96566e-06 / average = 0.794313 (Wall 0.957765s, CPU 0.956435s)
Info    : 16821 edge swaps, 594 node relocations (volume = 1873.89): worst = 2.96566e-06 / average = 0.79438 (Wall 1.2842s, CPU 1.28236s)
Info    : 0.00 < quality < 0.10 :        17 elements
Info    : 0.10 < quality < 0.20 :        11 elements
Info    : 0.20 < quality < 0.30 :        32 elements
Info    : 0.30 < quality < 0.40 :     15217 elements
Info    : 0.40 < quality < 0.50 :     22956 elements
Info    : 0.50 < quality < 0.60 :     38823 elements
Info    : 0.60 < quality < 0.70 :     82161 elements
Info    : 0.70 < quality < 0.80 :    194538 elements
Info    : 0.80 < quality < 0.90 :    332962 elements
Info    : 0.90 < quality < 1.00 :    169423 elements
Info    : Done optimizing mesh (Wall 3.43584s, CPU 3.36698s)
Info    : 155053 nodes 932715 elements
Info    : Writing 'split_artery_h_09.msh'...
Info    : Done writing 'split_artery_h_09.msh'
Info    : Stopped on Wed Nov 30 09:37:25 2022 (From start: Wall 95.3875s, CPU 95.1449s)

