gmsh -3 split_artery_h_11.new -format msh2 -o split_artery_h_11.msh
Info    : Running 'gmsh -3 split_artery_h_11.new -format msh2 -o split_artery_h_11.msh' [Gmsh 4.8.4, 1 node, max. 1 thread]
Info    : Started on Wed Nov 30 09:39:32 2022
Info    : Reading 'split_artery_h_11.new'...
Info    : Reading 'split_artery.step'...
Info    :  - Label 'Shapes/art1right' (3D)
Info    : Done reading 'split_artery.step'
Info    : Done reading 'split_artery_h_11.new'
Info    : Meshing 1D...
Info    : [  0%] Meshing curve 1 (BSpline)
Info    : [ 10%] Meshing curve 2 (BSpline)
Info    : [ 10%] Meshing curve 3 (BSpline)
Info    : [ 10%] Meshing curve 4 (BSpline)
Info    : [ 10%] Meshing curve 5 (BSpline)
Info    : [ 10%] Meshing curve 6 (BSpline)
Info    : [ 10%] Meshing curve 7 (BSpline)
Info    : [ 10%] Meshing curve 8 (BSpline)
Info    : [ 10%] Meshing curve 9 (BSpline)
Info    : [ 10%] Meshing curve 10 (BSpline)
Info    : [ 10%] Meshing curve 11 (BSpline)
Info    : [ 10%] Meshing curve 12 (BSpline)
Info    : [ 10%] Meshing curve 13 (BSpline)
Info    : [ 10%] Meshing curve 14 (BSpline)
Info    : [ 10%] Meshing curve 15 (BSpline)
Info    : [ 10%] Meshing curve 16 (BSpline)
Info    : [ 10%] Meshing curve 17 (BSpline)
Info    : [ 10%] Meshing curve 18 (BSpline)
Info    : [ 10%] Meshing curve 19 (BSpline)
Info    : [ 10%] Meshing curve 20 (BSpline)
Info    : [ 10%] Meshing curve 21 (BSpline)
Info    : [ 10%] Meshing curve 22 (BSpline)
Info    : [ 10%] Meshing curve 23 (BSpline)
Info    : [ 10%] Meshing curve 24 (BSpline)
Info    : [ 10%] Meshing curve 25 (BSpline)
Info    : [ 10%] Meshing curve 26 (BSpline)
Info    : [ 20%] Meshing curve 27 (BSpline)
Info    : [ 20%] Meshing curve 28 (BSpline)
Info    : [ 20%] Meshing curve 29 (BSpline)
Info    : [ 20%] Meshing curve 30 (BSpline)
Info    : [ 20%] Meshing curve 31 (BSpline)
Info    : [ 20%] Meshing curve 32 (BSpline)
Info    : [ 20%] Meshing curve 33 (BSpline)
Info    : [ 20%] Meshing curve 34 (BSpline)
Info    : [ 20%] Meshing curve 35 (BSpline)
Info    : [ 20%] Meshing curve 36 (BSpline)
Info    : [ 20%] Meshing curve 37 (BSpline)
Info    : [ 20%] Meshing curve 38 (BSpline)
Info    : [ 20%] Meshing curve 39 (BSpline)
Info    : [ 20%] Meshing curve 40 (BSpline)
Info    : [ 20%] Meshing curve 41 (BSpline)
Info    : [ 20%] Meshing curve 42 (BSpline)
Info    : [ 20%] Meshing curve 43 (BSpline)
Info    : [ 20%] Meshing curve 44 (BSpline)
Info    : [ 20%] Meshing curve 45 (BSpline)
Info    : [ 20%] Meshing curve 46 (BSpline)
Info    : [ 20%] Meshing curve 47 (BSpline)
Info    : [ 20%] Meshing curve 48 (BSpline)
Info    : [ 20%] Meshing curve 49 (BSpline)
Info    : [ 20%] Meshing curve 50 (BSpline)
Info    : [ 20%] Meshing curve 51 (BSpline)
Info    : [ 20%] Meshing curve 52 (BSpline)
Info    : [ 30%] Meshing curve 53 (BSpline)
Info    : [ 30%] Meshing curve 54 (BSpline)
Info    : [ 30%] Meshing curve 55 (BSpline)
Info    : [ 30%] Meshing curve 56 (BSpline)
Info    : [ 30%] Meshing curve 57 (BSpline)
Info    : [ 30%] Meshing curve 58 (BSpline)
Info    : [ 30%] Meshing curve 59 (BSpline)
Info    : [ 30%] Meshing curve 60 (BSpline)
Info    : [ 30%] Meshing curve 61 (BSpline)
Info    : [ 30%] Meshing curve 62 (BSpline)
Info    : [ 30%] Meshing curve 63 (BSpline)
Info    : [ 30%] Meshing curve 64 (BSpline)
Info    : [ 30%] Meshing curve 65 (BSpline)
Info    : [ 30%] Meshing curve 66 (BSpline)
Info    : [ 30%] Meshing curve 67 (BSpline)
Info    : [ 30%] Meshing curve 68 (BSpline)
Info    : [ 30%] Meshing curve 69 (BSpline)
Info    : [ 30%] Meshing curve 70 (BSpline)
Info    : [ 30%] Meshing curve 71 (BSpline)
Info    : [ 30%] Meshing curve 72 (BSpline)
Info    : [ 30%] Meshing curve 73 (BSpline)
Info    : [ 30%] Meshing curve 74 (BSpline)
Info    : [ 30%] Meshing curve 75 (BSpline)
Info    : [ 30%] Meshing curve 76 (BSpline)
Info    : [ 30%] Meshing curve 77 (BSpline)
Info    : [ 40%] Meshing curve 78 (BSpline)
Info    : [ 40%] Meshing curve 79 (BSpline)
Info    : [ 40%] Meshing curve 80 (BSpline)
Info    : [ 40%] Meshing curve 81 (BSpline)
Info    : [ 40%] Meshing curve 82 (BSpline)
Info    : [ 40%] Meshing curve 83 (BSpline)
Info    : [ 40%] Meshing curve 84 (BSpline)
Info    : [ 40%] Meshing curve 85 (BSpline)
Info    : [ 40%] Meshing curve 86 (BSpline)
Info    : [ 40%] Meshing curve 87 (BSpline)
Info    : [ 40%] Meshing curve 88 (BSpline)
Info    : [ 40%] Meshing curve 89 (BSpline)
Info    : [ 40%] Meshing curve 90 (BSpline)
Info    : [ 40%] Meshing curve 91 (BSpline)
Info    : [ 40%] Meshing curve 92 (BSpline)
Info    : [ 40%] Meshing curve 93 (BSpline)
Info    : [ 40%] Meshing curve 94 (BSpline)
Info    : [ 40%] Meshing curve 95 (BSpline)
Info    : [ 40%] Meshing curve 96 (BSpline)
Info    : [ 40%] Meshing curve 97 (BSpline)
Info    : [ 40%] Meshing curve 98 (BSpline)
Info    : [ 40%] Meshing curve 99 (BSpline)
Info    : [ 40%] Meshing curve 100 (BSpline)
Info    : [ 40%] Meshing curve 101 (BSpline)
Info    : [ 40%] Meshing curve 102 (BSpline)
Info    : [ 40%] Meshing curve 103 (BSpline)
Info    : [ 50%] Meshing curve 104 (BSpline)
Info    : [ 50%] Meshing curve 105 (BSpline)
Info    : [ 50%] Meshing curve 106 (BSpline)
Info    : [ 50%] Meshing curve 107 (BSpline)
Info    : [ 50%] Meshing curve 108 (BSpline)
Info    : [ 50%] Meshing curve 109 (BSpline)
Info    : [ 50%] Meshing curve 110 (BSpline)
Info    : [ 50%] Meshing curve 111 (BSpline)
Info    : [ 50%] Meshing curve 112 (BSpline)
Info    : [ 50%] Meshing curve 113 (BSpline)
Info    : [ 50%] Meshing curve 114 (BSpline)
Info    : [ 50%] Meshing curve 115 (BSpline)
Info    : [ 50%] Meshing curve 116 (BSpline)
Info    : [ 50%] Meshing curve 117 (BSpline)
Info    : [ 50%] Meshing curve 118 (BSpline)
Info    : [ 50%] Meshing curve 119 (BSpline)
Info    : [ 50%] Meshing curve 120 (BSpline)
Info    : [ 50%] Meshing curve 121 (BSpline)
Info    : [ 50%] Meshing curve 122 (BSpline)
Info    : [ 50%] Meshing curve 123 (BSpline)
Info    : [ 50%] Meshing curve 124 (BSpline)
Info    : [ 50%] Meshing curve 125 (BSpline)
Info    : [ 50%] Meshing curve 126 (BSpline)
Info    : [ 50%] Meshing curve 127 (BSpline)
Info    : [ 50%] Meshing curve 128 (BSpline)
Info    : [ 60%] Meshing curve 129 (BSpline)
Info    : [ 60%] Meshing curve 130 (BSpline)
Info    : [ 60%] Meshing curve 131 (BSpline)
Info    : [ 60%] Meshing curve 132 (BSpline)
Info    : [ 60%] Meshing curve 133 (BSpline)
Info    : [ 60%] Meshing curve 134 (BSpline)
Info    : [ 60%] Meshing curve 135 (BSpline)
Info    : [ 60%] Meshing curve 136 (BSpline)
Info    : [ 60%] Meshing curve 137 (BSpline)
Info    : [ 60%] Meshing curve 138 (BSpline)
Info    : [ 60%] Meshing curve 139 (BSpline)
Info    : [ 60%] Meshing curve 140 (BSpline)
Info    : [ 60%] Meshing curve 141 (BSpline)
Info    : [ 60%] Meshing curve 142 (BSpline)
Info    : [ 60%] Meshing curve 143 (BSpline)
Info    : [ 60%] Meshing curve 144 (BSpline)
Info    : [ 60%] Meshing curve 145 (BSpline)
Info    : [ 60%] Meshing curve 146 (BSpline)
Info    : [ 60%] Meshing curve 147 (BSpline)
Info    : [ 60%] Meshing curve 148 (BSpline)
Info    : [ 60%] Meshing curve 149 (BSpline)
Info    : [ 60%] Meshing curve 150 (BSpline)
Info    : [ 60%] Meshing curve 151 (BSpline)
Info    : [ 60%] Meshing curve 152 (BSpline)
Info    : [ 60%] Meshing curve 153 (BSpline)
Info    : [ 60%] Meshing curve 154 (BSpline)
Info    : [ 70%] Meshing curve 155 (BSpline)
Info    : [ 70%] Meshing curve 156 (BSpline)
Info    : [ 70%] Meshing curve 157 (BSpline)
Info    : [ 70%] Meshing curve 158 (BSpline)
Info    : [ 70%] Meshing curve 159 (BSpline)
Info    : [ 70%] Meshing curve 160 (BSpline)
Info    : [ 70%] Meshing curve 161 (BSpline)
Info    : [ 70%] Meshing curve 162 (BSpline)
Info    : [ 70%] Meshing curve 163 (BSpline)
Info    : [ 70%] Meshing curve 164 (BSpline)
Info    : [ 70%] Meshing curve 165 (BSpline)
Info    : [ 70%] Meshing curve 166 (BSpline)
Info    : [ 70%] Meshing curve 167 (BSpline)
Info    : [ 70%] Meshing curve 168 (BSpline)
Info    : [ 70%] Meshing curve 169 (BSpline)
Info    : [ 70%] Meshing curve 170 (BSpline)
Info    : [ 70%] Meshing curve 171 (BSpline)
Info    : [ 70%] Meshing curve 172 (BSpline)
Info    : [ 70%] Meshing curve 173 (BSpline)
Info    : [ 70%] Meshing curve 174 (BSpline)
Info    : [ 70%] Meshing curve 175 (BSpline)
Info    : [ 70%] Meshing curve 176 (BSpline)
Info    : [ 70%] Meshing curve 177 (BSpline)
Info    : [ 70%] Meshing curve 178 (BSpline)
Info    : [ 70%] Meshing curve 179 (BSpline)
Info    : [ 80%] Meshing curve 180 (BSpline)
Info    : [ 80%] Meshing curve 181 (BSpline)
Info    : [ 80%] Meshing curve 182 (BSpline)
Info    : [ 80%] Meshing curve 183 (BSpline)
Info    : [ 80%] Meshing curve 184 (BSpline)
Info    : [ 80%] Meshing curve 185 (BSpline)
Info    : [ 80%] Meshing curve 186 (BSpline)
Info    : [ 80%] Meshing curve 187 (BSpline)
Info    : [ 80%] Meshing curve 188 (BSpline)
Info    : [ 80%] Meshing curve 189 (BSpline)
Info    : [ 80%] Meshing curve 190 (BSpline)
Info    : [ 80%] Meshing curve 191 (BSpline)
Info    : [ 80%] Meshing curve 192 (BSpline)
Info    : [ 80%] Meshing curve 193 (BSpline)
Info    : [ 80%] Meshing curve 194 (BSpline)
Info    : [ 80%] Meshing curve 195 (BSpline)
Info    : [ 80%] Meshing curve 196 (BSpline)
Info    : [ 80%] Meshing curve 197 (BSpline)
Info    : [ 80%] Meshing curve 198 (BSpline)
Info    : [ 80%] Meshing curve 199 (BSpline)
Info    : [ 80%] Meshing curve 200 (BSpline)
Info    : [ 80%] Meshing curve 201 (BSpline)
Info    : [ 80%] Meshing curve 202 (BSpline)
Info    : [ 80%] Meshing curve 203 (BSpline)
Info    : [ 80%] Meshing curve 204 (BSpline)
Info    : [ 80%] Meshing curve 205 (BSpline)
Info    : [ 90%] Meshing curve 206 (BSpline)
Info    : [ 90%] Meshing curve 207 (BSpline)
Info    : [ 90%] Meshing curve 208 (BSpline)
Info    : [ 90%] Meshing curve 209 (BSpline)
Info    : [ 90%] Meshing curve 210 (BSpline)
Info    : [ 90%] Meshing curve 211 (BSpline)
Info    : [ 90%] Meshing curve 212 (BSpline)
Info    : [ 90%] Meshing curve 213 (BSpline)
Info    : [ 90%] Meshing curve 214 (BSpline)
Info    : [ 90%] Meshing curve 215 (BSpline)
Info    : [ 90%] Meshing curve 216 (BSpline)
Info    : [ 90%] Meshing curve 217 (BSpline)
Info    : [ 90%] Meshing curve 218 (BSpline)
Info    : [ 90%] Meshing curve 219 (BSpline)
Info    : [ 90%] Meshing curve 220 (BSpline)
Info    : [ 90%] Meshing curve 221 (BSpline)
Info    : [ 90%] Meshing curve 222 (BSpline)
Info    : [ 90%] Meshing curve 223 (BSpline)
Info    : [ 90%] Meshing curve 224 (BSpline)
Info    : [ 90%] Meshing curve 225 (BSpline)
Info    : [ 90%] Meshing curve 226 (BSpline)
Info    : [ 90%] Meshing curve 227 (BSpline)
Info    : [ 90%] Meshing curve 228 (BSpline)
Info    : [ 90%] Meshing curve 229 (BSpline)
Info    : [ 90%] Meshing curve 230 (BSpline)
Info    : [100%] Meshing curve 231 (BSpline)
Info    : [100%] Meshing curve 232 (BSpline)
Info    : [100%] Meshing curve 233 (BSpline)
Info    : [100%] Meshing curve 234 (BSpline)
Info    : [100%] Meshing curve 235 (BSpline)
Info    : [100%] Meshing curve 236 (BSpline)
Info    : [100%] Meshing curve 237 (BSpline)
Info    : [100%] Meshing curve 238 (BSpline)
Info    : [100%] Meshing curve 239 (BSpline)
Info    : [100%] Meshing curve 240 (BSpline)
Info    : [100%] Meshing curve 241 (BSpline)
Info    : [100%] Meshing curve 242 (BSpline)
Info    : [100%] Meshing curve 243 (BSpline)
Info    : [100%] Meshing curve 244 (BSpline)
Info    : [100%] Meshing curve 245 (BSpline)
Info    : [100%] Meshing curve 246 (BSpline)
Info    : [100%] Meshing curve 247 (BSpline)
Info    : [100%] Meshing curve 248 (BSpline)
Info    : [100%] Meshing curve 249 (BSpline)
Info    : [100%] Meshing curve 250 (BSpline)
Info    : [100%] Meshing curve 251 (BSpline)
Info    : [100%] Meshing curve 252 (BSpline)
Info    : [100%] Meshing curve 253 (BSpline)
Info    : [100%] Meshing curve 254 (BSpline)
Info    : [100%] Meshing curve 255 (BSpline)
Info    : Done meshing 1D (Wall 1.15825s, CPU 1.1534s)
Info    : Meshing 2D...
Info    : [  0%] Meshing surface 1 (BSpline surface, Frontal-Delaunay)
Info    : [ 10%] Meshing surface 2 (BSpline surface, Frontal-Delaunay)
Info    : [ 10%] Meshing surface 3 (BSpline surface, Frontal-Delaunay)
Info    : [ 10%] Meshing surface 4 (BSpline surface, Frontal-Delaunay)
Info    : [ 10%] Meshing surface 5 (BSpline surface, Frontal-Delaunay)
Info    : [ 10%] Meshing surface 6 (BSpline surface, Frontal-Delaunay)
Info    : [ 10%] Meshing surface 7 (BSpline surface, Frontal-Delaunay)
Info    : [ 10%] Meshing surface 8 (BSpline surface, Frontal-Delaunay)
Info    : [ 10%] Meshing surface 9 (BSpline surface, Frontal-Delaunay)
Info    : [ 10%] Meshing surface 10 (BSpline surface, Frontal-Delaunay)
Info    : [ 10%] Meshing surface 11 (BSpline surface, Frontal-Delaunay)
Info    : [ 10%] Meshing surface 12 (BSpline surface, Frontal-Delaunay)
Info    : [ 10%] Meshing surface 13 (BSpline surface, Frontal-Delaunay)
Info    : [ 20%] Meshing surface 14 (BSpline surface, Frontal-Delaunay)
Info    : [ 20%] Meshing surface 15 (BSpline surface, Frontal-Delaunay)
Info    : [ 20%] Meshing surface 16 (BSpline surface, Frontal-Delaunay)
Info    : [ 20%] Meshing surface 17 (BSpline surface, Frontal-Delaunay)
Info    : [ 20%] Meshing surface 18 (BSpline surface, Frontal-Delaunay)
Info    : [ 20%] Meshing surface 19 (BSpline surface, Frontal-Delaunay)
Info    : [ 20%] Meshing surface 20 (BSpline surface, Frontal-Delaunay)
Info    : [ 20%] Meshing surface 21 (BSpline surface, Frontal-Delaunay)
Info    : [ 20%] Meshing surface 22 (BSpline surface, Frontal-Delaunay)
Info    : [ 20%] Meshing surface 23 (BSpline surface, Frontal-Delaunay)
Info    : [ 20%] Meshing surface 24 (BSpline surface, Frontal-Delaunay)
Info    : [ 20%] Meshing surface 25 (BSpline surface, Frontal-Delaunay)
Info    : [ 20%] Meshing surface 26 (BSpline surface, Frontal-Delaunay)
Info    : [ 30%] Meshing surface 27 (BSpline surface, Frontal-Delaunay)
Info    : [ 30%] Meshing surface 28 (BSpline surface, Frontal-Delaunay)
Info    : [ 30%] Meshing surface 29 (BSpline surface, Frontal-Delaunay)
Info    : [ 30%] Meshing surface 30 (BSpline surface, Frontal-Delaunay)
Info    : [ 30%] Meshing surface 31 (BSpline surface, Frontal-Delaunay)
Info    : [ 30%] Meshing surface 32 (BSpline surface, Frontal-Delaunay)
Info    : [ 30%] Meshing surface 33 (BSpline surface, Frontal-Delaunay)
Info    : [ 30%] Meshing surface 34 (BSpline surface, Frontal-Delaunay)
Info    : [ 30%] Meshing surface 35 (BSpline surface, Frontal-Delaunay)
Info    : [ 30%] Meshing surface 36 (BSpline surface, Frontal-Delaunay)
Info    : [ 30%] Meshing surface 37 (BSpline surface, Frontal-Delaunay)
Info    : [ 30%] Meshing surface 38 (BSpline surface, Frontal-Delaunay)
Info    : [ 40%] Meshing surface 39 (BSpline surface, Frontal-Delaunay)
Info    : [ 40%] Meshing surface 40 (BSpline surface, Frontal-Delaunay)
Info    : [ 40%] Meshing surface 41 (BSpline surface, Frontal-Delaunay)
Info    : [ 40%] Meshing surface 42 (BSpline surface, Frontal-Delaunay)
Info    : [ 40%] Meshing surface 43 (BSpline surface, Frontal-Delaunay)
Info    : [ 40%] Meshing surface 44 (BSpline surface, Frontal-Delaunay)
Info    : [ 40%] Meshing surface 45 (BSpline surface, Frontal-Delaunay)
Info    : [ 40%] Meshing surface 46 (BSpline surface, Frontal-Delaunay)
Info    : [ 40%] Meshing surface 47 (BSpline surface, Frontal-Delaunay)
Info    : [ 40%] Meshing surface 48 (BSpline surface, Frontal-Delaunay)
Info    : [ 40%] Meshing surface 49 (BSpline surface, Frontal-Delaunay)
Info    : [ 40%] Meshing surface 50 (BSpline surface, Frontal-Delaunay)
Info    : [ 40%] Meshing surface 51 (BSpline surface, Frontal-Delaunay)
Info    : [ 50%] Meshing surface 52 (BSpline surface, Frontal-Delaunay)
Info    : [ 50%] Meshing surface 53 (BSpline surface, Frontal-Delaunay)
Info    : [ 50%] Meshing surface 54 (BSpline surface, Frontal-Delaunay)
Info    : [ 50%] Meshing surface 55 (BSpline surface, Frontal-Delaunay)
Info    : [ 50%] Meshing surface 56 (BSpline surface, Frontal-Delaunay)
Info    : [ 50%] Meshing surface 57 (BSpline surface, Frontal-Delaunay)
Info    : [ 50%] Meshing surface 58 (BSpline surface, Frontal-Delaunay)
Info    : [ 50%] Meshing surface 59 (BSpline surface, Frontal-Delaunay)
Info    : [ 50%] Meshing surface 60 (BSpline surface, Frontal-Delaunay)
Info    : [ 50%] Meshing surface 61 (BSpline surface, Frontal-Delaunay)
Info    : [ 50%] Meshing surface 62 (BSpline surface, Frontal-Delaunay)
Info    : [ 50%] Meshing surface 63 (BSpline surface, Frontal-Delaunay)
Info    : [ 60%] Meshing surface 64 (BSpline surface, Frontal-Delaunay)
Info    : [ 60%] Meshing surface 65 (BSpline surface, Frontal-Delaunay)
Info    : [ 60%] Meshing surface 66 (BSpline surface, Frontal-Delaunay)
Info    : [ 60%] Meshing surface 67 (BSpline surface, Frontal-Delaunay)
Info    : [ 60%] Meshing surface 68 (BSpline surface, Frontal-Delaunay)
Info    : [ 60%] Meshing surface 69 (BSpline surface, Frontal-Delaunay)
Info    : [ 60%] Meshing surface 70 (BSpline surface, Frontal-Delaunay)
Info    : [ 60%] Meshing surface 71 (BSpline surface, Frontal-Delaunay)
Info    : [ 60%] Meshing surface 72 (BSpline surface, Frontal-Delaunay)
Info    : [ 60%] Meshing surface 73 (BSpline surface, Frontal-Delaunay)
Info    : [ 60%] Meshing surface 74 (BSpline surface, Frontal-Delaunay)
Info    : [ 60%] Meshing surface 75 (BSpline surface, Frontal-Delaunay)
Info    : [ 60%] Meshing surface 76 (BSpline surface, Frontal-Delaunay)
Info    : [ 70%] Meshing surface 77 (BSpline surface, Frontal-Delaunay)
Info    : [ 70%] Meshing surface 78 (BSpline surface, Frontal-Delaunay)
Info    : [ 70%] Meshing surface 79 (BSpline surface, Frontal-Delaunay)
Info    : [ 70%] Meshing surface 80 (BSpline surface, Frontal-Delaunay)
Info    : [ 70%] Meshing surface 81 (BSpline surface, Frontal-Delaunay)
Info    : [ 70%] Meshing surface 82 (BSpline surface, Frontal-Delaunay)
Info    : [ 70%] Meshing surface 83 (BSpline surface, Frontal-Delaunay)
Info    : [ 70%] Meshing surface 84 (BSpline surface, Frontal-Delaunay)
Info    : [ 70%] Meshing surface 85 (BSpline surface, Frontal-Delaunay)
Info    : [ 70%] Meshing surface 86 (BSpline surface, Frontal-Delaunay)
Info    : [ 70%] Meshing surface 87 (BSpline surface, Frontal-Delaunay)
Info    : [ 70%] Meshing surface 88 (BSpline surface, Frontal-Delaunay)
Info    : [ 80%] Meshing surface 89 (BSpline surface, Frontal-Delaunay)
Info    : [ 80%] Meshing surface 90 (BSpline surface, Frontal-Delaunay)
Info    : [ 80%] Meshing surface 91 (BSpline surface, Frontal-Delaunay)
Info    : [ 80%] Meshing surface 92 (BSpline surface, Frontal-Delaunay)
Info    : [ 80%] Meshing surface 93 (BSpline surface, Frontal-Delaunay)
Info    : [ 80%] Meshing surface 94 (BSpline surface, Frontal-Delaunay)
Info    : [ 80%] Meshing surface 95 (BSpline surface, Frontal-Delaunay)
Info    : [ 80%] Meshing surface 96 (BSpline surface, Frontal-Delaunay)
Info    : [ 80%] Meshing surface 97 (BSpline surface, Frontal-Delaunay)
Info    : [ 80%] Meshing surface 98 (BSpline surface, Frontal-Delaunay)
Info    : [ 80%] Meshing surface 99 (BSpline surface, Frontal-Delaunay)
Info    : [ 80%] Meshing surface 100 (BSpline surface, Frontal-Delaunay)
Info    : [ 80%] Meshing surface 101 (BSpline surface, Frontal-Delaunay)
Info    : [ 90%] Meshing surface 102 (BSpline surface, Frontal-Delaunay)
Info    : [ 90%] Meshing surface 103 (BSpline surface, Frontal-Delaunay)
Info    : [ 90%] Meshing surface 104 (BSpline surface, Frontal-Delaunay)
Info    : [ 90%] Meshing surface 105 (BSpline surface, Frontal-Delaunay)
Info    : [ 90%] Meshing surface 106 (BSpline surface, Frontal-Delaunay)
Info    : [ 90%] Meshing surface 107 (BSpline surface, Frontal-Delaunay)
Info    : [ 90%] Meshing surface 108 (BSpline surface, Frontal-Delaunay)
Info    : [ 90%] Meshing surface 109 (BSpline surface, Frontal-Delaunay)
Info    : [ 90%] Meshing surface 110 (BSpline surface, Frontal-Delaunay)
Info    : [ 90%] Meshing surface 111 (BSpline surface, Frontal-Delaunay)
Info    : [ 90%] Meshing surface 112 (BSpline surface, Frontal-Delaunay)
Info    : [ 90%] Meshing surface 113 (BSpline surface, Frontal-Delaunay)
Info    : [100%] Meshing surface 114 (BSpline surface, Frontal-Delaunay)
Info    : [100%] Meshing surface 115 (BSpline surface, Frontal-Delaunay)
Info    : [100%] Meshing surface 116 (BSpline surface, Frontal-Delaunay)
Info    : [100%] Meshing surface 117 (BSpline surface, Frontal-Delaunay)
Info    : [100%] Meshing surface 118 (BSpline surface, Frontal-Delaunay)
Info    : [100%] Meshing surface 119 (BSpline surface, Frontal-Delaunay)
Info    : [100%] Meshing surface 120 (BSpline surface, Frontal-Delaunay)
Info    : [100%] Meshing surface 121 (BSpline surface, Frontal-Delaunay)
Info    : [100%] Meshing surface 122 (BSpline surface, Frontal-Delaunay)
Info    : [100%] Meshing surface 123 (Plane, Frontal-Delaunay)
Info    : [100%] Meshing surface 124 (Plane, Frontal-Delaunay)
Info    : [100%] Meshing surface 125 (Plane, Frontal-Delaunay)
Info    : Done meshing 2D (Wall 105.189s, CPU 105.111s)
Info    : Meshing 3D...
Info    : 3D Meshing 1 volume with 1 connected component
Info    : Tetrahedrizing 57308 nodes...
Info    : Done tetrahedrizing 57316 nodes (Wall 1.19971s, CPU 1.17009s)
Info    : Reconstructing mesh...
Info    :  - Creating surface mesh
Info    :  - Identifying boundary edges
Info    :  - Recovering boundary
Info    : Done reconstructing mesh (Wall 3.64576s, CPU 3.4857s)
Info    : Found volume 1
Info    : It. 0 - 0 nodes created - worst tet radius 249.853 (nodes removed 0 0)
Info    : It. 500 - 376 nodes created - worst tet radius 7.19891 (nodes removed 0 124)
Info    : It. 1000 - 862 nodes created - worst tet radius 5.70405 (nodes removed 0 138)
Info    : It. 1500 - 1357 nodes created - worst tet radius 5.02902 (nodes removed 0 143)
Info    : It. 2000 - 1853 nodes created - worst tet radius 4.57288 (nodes removed 0 147)
Info    : It. 2500 - 2350 nodes created - worst tet radius 4.28334 (nodes removed 0 150)
Info    : It. 3000 - 2848 nodes created - worst tet radius 4.05135 (nodes removed 0 152)
Info    : It. 3500 - 3347 nodes created - worst tet radius 3.86328 (nodes removed 0 153)
Info    : It. 4000 - 3842 nodes created - worst tet radius 3.699 (nodes removed 0 158)
Info    : It. 4500 - 4338 nodes created - worst tet radius 3.57037 (nodes removed 0 162)
Info    : It. 5000 - 4838 nodes created - worst tet radius 3.45288 (nodes removed 0 162)
Info    : It. 5500 - 5336 nodes created - worst tet radius 3.35197 (nodes removed 0 164)
Info    : It. 6000 - 5836 nodes created - worst tet radius 3.26499 (nodes removed 0 164)
Info    : It. 6500 - 6332 nodes created - worst tet radius 3.18631 (nodes removed 0 168)
Info    : It. 7000 - 6830 nodes created - worst tet radius 3.11269 (nodes removed 0 170)
Info    : It. 7500 - 7330 nodes created - worst tet radius 3.0397 (nodes removed 0 170)
Info    : It. 8000 - 7829 nodes created - worst tet radius 2.98163 (nodes removed 0 171)
Info    : It. 8500 - 8328 nodes created - worst tet radius 2.92643 (nodes removed 0 172)
Info    : It. 9000 - 8825 nodes created - worst tet radius 2.87388 (nodes removed 0 175)
Info    : It. 9500 - 9323 nodes created - worst tet radius 2.82762 (nodes removed 0 177)
Info    : It. 10000 - 9821 nodes created - worst tet radius 2.78085 (nodes removed 0 179)
Info    : It. 10500 - 10320 nodes created - worst tet radius 2.73995 (nodes removed 0 180)
Info    : It. 11000 - 10819 nodes created - worst tet radius 2.70256 (nodes removed 0 181)
Info    : It. 11500 - 11318 nodes created - worst tet radius 2.66311 (nodes removed 0 182)
Info    : It. 12000 - 11817 nodes created - worst tet radius 2.62642 (nodes removed 0 183)
Info    : It. 12500 - 12317 nodes created - worst tet radius 2.59083 (nodes removed 0 183)
Info    : It. 13000 - 12815 nodes created - worst tet radius 2.56269 (nodes removed 0 185)
Info    : It. 13500 - 13314 nodes created - worst tet radius 2.53408 (nodes removed 0 186)
Info    : It. 14000 - 13814 nodes created - worst tet radius 2.50348 (nodes removed 0 186)
Info    : It. 14500 - 14314 nodes created - worst tet radius 2.47659 (nodes removed 0 186)
Info    : It. 15000 - 14813 nodes created - worst tet radius 2.45032 (nodes removed 0 187)
Info    : It. 15500 - 15312 nodes created - worst tet radius 2.42655 (nodes removed 0 188)
Info    : It. 16000 - 15808 nodes created - worst tet radius 2.40431 (nodes removed 0 192)
Info    : It. 16500 - 16306 nodes created - worst tet radius 2.38166 (nodes removed 0 194)
Info    : It. 17000 - 16806 nodes created - worst tet radius 2.38952 (nodes removed 0 194)
Info    : It. 17500 - 17306 nodes created - worst tet radius 2.33759 (nodes removed 0 194)
Info    : It. 18000 - 17806 nodes created - worst tet radius 2.31481 (nodes removed 0 194)
Info    : It. 18500 - 18305 nodes created - worst tet radius 2.2952 (nodes removed 0 195)
Info    : It. 19000 - 18805 nodes created - worst tet radius 2.27509 (nodes removed 0 195)
Info    : It. 19500 - 19305 nodes created - worst tet radius 2.25568 (nodes removed 0 195)
Info    : It. 20000 - 19803 nodes created - worst tet radius 2.23896 (nodes removed 0 197)
Info    : It. 20500 - 20303 nodes created - worst tet radius 2.22194 (nodes removed 0 197)
Info    : It. 21000 - 20802 nodes created - worst tet radius 2.20443 (nodes removed 0 198)
Info    : It. 21500 - 21301 nodes created - worst tet radius 2.18823 (nodes removed 0 199)
Info    : It. 22000 - 21800 nodes created - worst tet radius 2.17185 (nodes removed 0 200)
Info    : It. 22500 - 22300 nodes created - worst tet radius 2.15522 (nodes removed 0 200)
Info    : It. 23000 - 22800 nodes created - worst tet radius 2.14038 (nodes removed 0 200)
Info    : It. 23500 - 23300 nodes created - worst tet radius 2.12564 (nodes removed 0 200)
Info    : It. 24000 - 23800 nodes created - worst tet radius 2.11222 (nodes removed 0 200)
Info    : It. 24500 - 24300 nodes created - worst tet radius 2.09963 (nodes removed 0 200)
Info    : It. 25000 - 24800 nodes created - worst tet radius 2.08601 (nodes removed 0 200)
Info    : It. 25500 - 25300 nodes created - worst tet radius 2.07336 (nodes removed 0 200)
Info    : It. 26000 - 25800 nodes created - worst tet radius 2.0603 (nodes removed 0 200)
Info    : It. 26500 - 26299 nodes created - worst tet radius 2.0481 (nodes removed 0 201)
Info    : It. 27000 - 26799 nodes created - worst tet radius 2.0367 (nodes removed 0 201)
Info    : It. 27500 - 27297 nodes created - worst tet radius 2.02494 (nodes removed 0 203)
Info    : It. 28000 - 27796 nodes created - worst tet radius 2.0134 (nodes removed 0 204)
Info    : It. 28500 - 28296 nodes created - worst tet radius 2.00223 (nodes removed 0 204)
Info    : It. 29000 - 28796 nodes created - worst tet radius 1.99145 (nodes removed 0 204)
Info    : It. 29500 - 29295 nodes created - worst tet radius 1.98053 (nodes removed 0 205)
Info    : It. 30000 - 29795 nodes created - worst tet radius 1.97056 (nodes removed 0 205)
Info    : It. 30500 - 30292 nodes created - worst tet radius 1.95996 (nodes removed 0 208)
Info    : It. 31000 - 30792 nodes created - worst tet radius 1.95072 (nodes removed 0 208)
Info    : It. 31500 - 31290 nodes created - worst tet radius 1.94091 (nodes removed 0 210)
Info    : It. 32000 - 31790 nodes created - worst tet radius 1.93089 (nodes removed 0 210)
Info    : It. 32500 - 32290 nodes created - worst tet radius 1.9214 (nodes removed 0 210)
Info    : It. 33000 - 32789 nodes created - worst tet radius 1.91167 (nodes removed 0 211)
Info    : It. 33500 - 33289 nodes created - worst tet radius 1.90226 (nodes removed 0 211)
Info    : It. 34000 - 33789 nodes created - worst tet radius 1.89328 (nodes removed 0 211)
Info    : It. 34500 - 34289 nodes created - worst tet radius 1.88408 (nodes removed 0 211)
Info    : It. 35000 - 34788 nodes created - worst tet radius 1.87529 (nodes removed 0 212)
Info    : It. 35500 - 35288 nodes created - worst tet radius 1.86676 (nodes removed 0 212)
Info    : It. 36000 - 35788 nodes created - worst tet radius 1.8588 (nodes removed 0 212)
Info    : It. 36500 - 36288 nodes created - worst tet radius 1.85128 (nodes removed 0 212)
Info    : It. 37000 - 36788 nodes created - worst tet radius 1.84354 (nodes removed 0 212)
Info    : It. 37500 - 37288 nodes created - worst tet radius 1.83534 (nodes removed 0 212)
Info    : It. 38000 - 37787 nodes created - worst tet radius 1.82733 (nodes removed 0 213)
Info    : It. 38500 - 38287 nodes created - worst tet radius 1.82023 (nodes removed 0 213)
Info    : It. 39000 - 38787 nodes created - worst tet radius 1.8128 (nodes removed 0 213)
Info    : It. 39500 - 39287 nodes created - worst tet radius 1.80542 (nodes removed 0 213)
Info    : It. 40000 - 39787 nodes created - worst tet radius 1.79795 (nodes removed 0 213)
Info    : It. 40500 - 40287 nodes created - worst tet radius 1.79082 (nodes removed 0 213)
Info    : It. 41000 - 40787 nodes created - worst tet radius 1.78401 (nodes removed 0 213)
Info    : It. 41500 - 41286 nodes created - worst tet radius 1.77697 (nodes removed 0 214)
Info    : It. 42000 - 41786 nodes created - worst tet radius 1.77027 (nodes removed 0 214)
Info    : It. 42500 - 42285 nodes created - worst tet radius 1.76356 (nodes removed 0 215)
Info    : It. 43000 - 42785 nodes created - worst tet radius 1.75708 (nodes removed 0 215)
Info    : It. 43500 - 43285 nodes created - worst tet radius 1.75027 (nodes removed 0 215)
Info    : It. 44000 - 43785 nodes created - worst tet radius 1.74416 (nodes removed 0 215)
Info    : It. 44500 - 44285 nodes created - worst tet radius 1.73796 (nodes removed 0 215)
Info    : It. 45000 - 44783 nodes created - worst tet radius 1.73187 (nodes removed 0 217)
Info    : It. 45500 - 45281 nodes created - worst tet radius 1.72558 (nodes removed 0 219)
Info    : It. 46000 - 45781 nodes created - worst tet radius 1.7196 (nodes removed 0 219)
Info    : It. 46500 - 46281 nodes created - worst tet radius 1.71359 (nodes removed 0 219)
Info    : It. 47000 - 46780 nodes created - worst tet radius 1.70776 (nodes removed 0 220)
Info    : It. 47500 - 47280 nodes created - worst tet radius 1.70223 (nodes removed 0 220)
Info    : It. 48000 - 47779 nodes created - worst tet radius 1.69649 (nodes removed 0 221)
Info    : It. 48500 - 48279 nodes created - worst tet radius 1.69091 (nodes removed 0 221)
Info    : It. 49000 - 48778 nodes created - worst tet radius 1.68517 (nodes removed 0 222)
Info    : It. 49500 - 49238 nodes created - worst tet radius 1.6803 (nodes removed 0 262)
Info    : It. 50000 - 49738 nodes created - worst tet radius 1.67492 (nodes removed 0 262)
Info    : It. 50500 - 50238 nodes created - worst tet radius 1.66963 (nodes removed 0 262)
Info    : It. 51000 - 50738 nodes created - worst tet radius 1.66457 (nodes removed 0 262)
Info    : It. 51500 - 51237 nodes created - worst tet radius 1.65929 (nodes removed 0 263)
Info    : It. 52000 - 51737 nodes created - worst tet radius 1.65407 (nodes removed 0 263)
Info    : It. 52500 - 52237 nodes created - worst tet radius 1.64866 (nodes removed 0 263)
Info    : It. 53000 - 52735 nodes created - worst tet radius 1.64353 (nodes removed 0 265)
Info    : It. 53500 - 53235 nodes created - worst tet radius 1.63829 (nodes removed 0 265)
Info    : It. 54000 - 53735 nodes created - worst tet radius 1.63365 (nodes removed 0 265)
Info    : It. 54500 - 54235 nodes created - worst tet radius 1.62885 (nodes removed 0 265)
Info    : It. 55000 - 54735 nodes created - worst tet radius 1.6241 (nodes removed 0 265)
Info    : It. 55500 - 55233 nodes created - worst tet radius 1.61965 (nodes removed 0 267)
Info    : It. 56000 - 55733 nodes created - worst tet radius 1.61499 (nodes removed 0 267)
Info    : It. 56500 - 56233 nodes created - worst tet radius 1.61037 (nodes removed 0 267)
Info    : It. 57000 - 56733 nodes created - worst tet radius 1.60524 (nodes removed 0 267)
Info    : It. 57500 - 57216 nodes created - worst tet radius 1.60094 (nodes removed 0 284)
Info    : It. 58000 - 57712 nodes created - worst tet radius 1.59675 (nodes removed 0 288)
Info    : It. 58500 - 58210 nodes created - worst tet radius 1.59276 (nodes removed 0 290)
Info    : It. 59000 - 58709 nodes created - worst tet radius 1.5887 (nodes removed 0 291)
Info    : It. 59500 - 59207 nodes created - worst tet radius 1.58467 (nodes removed 0 293)
Info    : It. 60000 - 59707 nodes created - worst tet radius 1.58048 (nodes removed 0 293)
Info    : It. 60500 - 60207 nodes created - worst tet radius 1.57669 (nodes removed 0 293)
Info    : It. 61000 - 60707 nodes created - worst tet radius 1.57258 (nodes removed 0 293)
Info    : It. 61500 - 61207 nodes created - worst tet radius 1.56861 (nodes removed 0 293)
Info    : It. 62000 - 61707 nodes created - worst tet radius 1.56471 (nodes removed 0 293)
Info    : It. 62500 - 62207 nodes created - worst tet radius 1.56058 (nodes removed 0 293)
Info    : It. 63000 - 62707 nodes created - worst tet radius 1.5567 (nodes removed 0 293)
Info    : It. 63500 - 63207 nodes created - worst tet radius 1.55295 (nodes removed 0 293)
Info    : It. 64000 - 63707 nodes created - worst tet radius 1.54888 (nodes removed 0 293)
Info    : It. 64500 - 64207 nodes created - worst tet radius 1.54503 (nodes removed 0 293)
Info    : It. 65000 - 64707 nodes created - worst tet radius 1.54128 (nodes removed 0 293)
Info    : It. 65500 - 65207 nodes created - worst tet radius 1.53743 (nodes removed 0 293)
Info    : It. 66000 - 65707 nodes created - worst tet radius 1.53392 (nodes removed 0 293)
Info    : It. 66500 - 66207 nodes created - worst tet radius 1.53021 (nodes removed 0 293)
Info    : It. 67000 - 66706 nodes created - worst tet radius 1.52659 (nodes removed 0 294)
Info    : It. 67500 - 67205 nodes created - worst tet radius 1.52308 (nodes removed 0 295)
Info    : It. 68000 - 67705 nodes created - worst tet radius 1.51955 (nodes removed 0 295)
Info    : It. 68500 - 68205 nodes created - worst tet radius 1.51591 (nodes removed 0 295)
Info    : It. 69000 - 68705 nodes created - worst tet radius 1.51216 (nodes removed 0 295)
Info    : It. 69500 - 69205 nodes created - worst tet radius 1.50869 (nodes removed 0 295)
Info    : It. 70000 - 69705 nodes created - worst tet radius 1.50535 (nodes removed 0 295)
Info    : It. 70500 - 70205 nodes created - worst tet radius 1.50168 (nodes removed 0 295)
Info    : It. 71000 - 70704 nodes created - worst tet radius 1.49839 (nodes removed 0 296)
Info    : It. 71500 - 71204 nodes created - worst tet radius 1.49505 (nodes removed 0 296)
Info    : It. 72000 - 71700 nodes created - worst tet radius 1.49185 (nodes removed 0 300)
Info    : It. 72500 - 72200 nodes created - worst tet radius 1.48866 (nodes removed 0 300)
Info    : It. 73000 - 72699 nodes created - worst tet radius 1.48536 (nodes removed 0 301)
Info    : It. 73500 - 73199 nodes created - worst tet radius 1.48214 (nodes removed 0 301)
Info    : It. 74000 - 73699 nodes created - worst tet radius 1.47889 (nodes removed 0 301)
Info    : It. 74500 - 74198 nodes created - worst tet radius 1.47563 (nodes removed 0 302)
Info    : It. 75000 - 74697 nodes created - worst tet radius 1.47251 (nodes removed 0 303)
Info    : It. 75500 - 75196 nodes created - worst tet radius 1.46927 (nodes removed 0 304)
Info    : It. 76000 - 75696 nodes created - worst tet radius 1.46629 (nodes removed 0 304)
Info    : It. 76500 - 76196 nodes created - worst tet radius 1.46293 (nodes removed 0 304)
Info    : It. 77000 - 76695 nodes created - worst tet radius 1.45974 (nodes removed 0 305)
Info    : It. 77500 - 77195 nodes created - worst tet radius 1.45664 (nodes removed 0 305)
Info    : It. 78000 - 77695 nodes created - worst tet radius 1.45364 (nodes removed 0 305)
Info    : It. 78500 - 78195 nodes created - worst tet radius 1.45072 (nodes removed 0 305)
Info    : It. 79000 - 78695 nodes created - worst tet radius 1.44788 (nodes removed 0 305)
Info    : It. 79500 - 79195 nodes created - worst tet radius 1.44484 (nodes removed 0 305)
Info    : It. 80000 - 79695 nodes created - worst tet radius 1.44205 (nodes removed 0 305)
Info    : It. 80500 - 80195 nodes created - worst tet radius 1.43924 (nodes removed 0 305)
Info    : It. 81000 - 80695 nodes created - worst tet radius 1.43635 (nodes removed 0 305)
Info    : It. 81500 - 81195 nodes created - worst tet radius 1.43367 (nodes removed 0 305)
Info    : It. 82000 - 81694 nodes created - worst tet radius 1.43085 (nodes removed 0 306)
Info    : It. 82500 - 82194 nodes created - worst tet radius 1.42806 (nodes removed 0 306)
Info    : It. 83000 - 82694 nodes created - worst tet radius 1.42504 (nodes removed 0 306)
Info    : It. 83500 - 83194 nodes created - worst tet radius 1.42223 (nodes removed 0 306)
Info    : It. 84000 - 83694 nodes created - worst tet radius 1.41931 (nodes removed 0 306)
Info    : It. 84500 - 84194 nodes created - worst tet radius 1.41671 (nodes removed 0 306)
Info    : It. 85000 - 84694 nodes created - worst tet radius 1.41422 (nodes removed 0 306)
Info    : It. 85500 - 85194 nodes created - worst tet radius 1.41153 (nodes removed 0 306)
Info    : It. 86000 - 85694 nodes created - worst tet radius 1.40878 (nodes removed 0 306)
Info    : It. 86500 - 86194 nodes created - worst tet radius 1.40612 (nodes removed 0 306)
Info    : It. 87000 - 86694 nodes created - worst tet radius 1.40349 (nodes removed 0 306)
Info    : It. 87500 - 87194 nodes created - worst tet radius 1.40081 (nodes removed 0 306)
Info    : It. 88000 - 87694 nodes created - worst tet radius 1.39816 (nodes removed 0 306)
Info    : It. 88500 - 88193 nodes created - worst tet radius 1.39567 (nodes removed 0 307)
Info    : It. 89000 - 88692 nodes created - worst tet radius 1.39302 (nodes removed 0 308)
Info    : It. 89500 - 89192 nodes created - worst tet radius 1.39055 (nodes removed 0 308)
Info    : It. 90000 - 89692 nodes created - worst tet radius 1.38796 (nodes removed 0 308)
Info    : It. 90500 - 90192 nodes created - worst tet radius 1.38535 (nodes removed 0 308)
Info    : It. 91000 - 90692 nodes created - worst tet radius 1.38268 (nodes removed 0 308)
Info    : It. 91500 - 91192 nodes created - worst tet radius 1.38018 (nodes removed 0 308)
Info    : It. 92000 - 91691 nodes created - worst tet radius 1.37799 (nodes removed 0 309)
Info    : It. 92500 - 92191 nodes created - worst tet radius 1.3757 (nodes removed 0 309)
Info    : It. 93000 - 92691 nodes created - worst tet radius 1.3732 (nodes removed 0 309)
Info    : It. 93500 - 93191 nodes created - worst tet radius 1.37083 (nodes removed 0 309)
Info    : It. 94000 - 93691 nodes created - worst tet radius 1.36862 (nodes removed 0 309)
Info    : It. 94500 - 94190 nodes created - worst tet radius 1.36646 (nodes removed 0 310)
Info    : It. 95000 - 94689 nodes created - worst tet radius 1.36429 (nodes removed 0 311)
Info    : It. 95500 - 95189 nodes created - worst tet radius 1.36214 (nodes removed 0 311)
Info    : It. 96000 - 95688 nodes created - worst tet radius 1.3598 (nodes removed 0 312)
Info    : It. 96500 - 96187 nodes created - worst tet radius 1.35759 (nodes removed 0 313)
Info    : It. 97000 - 96687 nodes created - worst tet radius 1.35512 (nodes removed 0 313)
Info    : It. 97500 - 97187 nodes created - worst tet radius 1.35287 (nodes removed 0 313)
Info    : It. 98000 - 97687 nodes created - worst tet radius 1.3507 (nodes removed 0 313)
Info    : It. 98500 - 98187 nodes created - worst tet radius 1.34851 (nodes removed 0 313)
Info    : It. 99000 - 98687 nodes created - worst tet radius 1.34633 (nodes removed 0 313)
Info    : It. 99500 - 99187 nodes created - worst tet radius 1.34414 (nodes removed 0 313)
Info    : It. 100000 - 99686 nodes created - worst tet radius 1.34196 (nodes removed 0 314)
Info    : It. 100500 - 100186 nodes created - worst tet radius 1.33985 (nodes removed 0 314)
Info    : It. 101000 - 100686 nodes created - worst tet radius 1.33763 (nodes removed 0 314)
Info    : It. 101500 - 101185 nodes created - worst tet radius 1.33567 (nodes removed 0 315)
Info    : It. 102000 - 101685 nodes created - worst tet radius 1.3336 (nodes removed 0 315)
Info    : It. 102500 - 102185 nodes created - worst tet radius 1.33126 (nodes removed 0 315)
Info    : It. 103000 - 102685 nodes created - worst tet radius 1.32937 (nodes removed 0 315)
Info    : It. 103500 - 103185 nodes created - worst tet radius 1.32721 (nodes removed 0 315)
Info    : It. 104000 - 103684 nodes created - worst tet radius 1.32511 (nodes removed 0 316)
Info    : It. 104500 - 104184 nodes created - worst tet radius 1.32306 (nodes removed 0 316)
Info    : It. 105000 - 104683 nodes created - worst tet radius 1.32105 (nodes removed 0 317)
Info    : It. 105500 - 105183 nodes created - worst tet radius 1.3191 (nodes removed 0 317)
Info    : It. 106000 - 105674 nodes created - worst tet radius 1.31714 (nodes removed 0 326)
Info    : It. 106500 - 106172 nodes created - worst tet radius 1.31534 (nodes removed 0 328)
Info    : It. 107000 - 106672 nodes created - worst tet radius 1.31332 (nodes removed 0 328)
Info    : It. 107500 - 107170 nodes created - worst tet radius 1.31135 (nodes removed 0 330)
Info    : It. 108000 - 107670 nodes created - worst tet radius 1.30928 (nodes removed 0 330)
Info    : It. 108500 - 108170 nodes created - worst tet radius 1.30711 (nodes removed 0 330)
Info    : It. 109000 - 108670 nodes created - worst tet radius 1.30509 (nodes removed 0 330)
Info    : It. 109500 - 109170 nodes created - worst tet radius 1.30312 (nodes removed 0 330)
Info    : It. 110000 - 109670 nodes created - worst tet radius 1.30121 (nodes removed 0 330)
Info    : It. 110500 - 110169 nodes created - worst tet radius 1.29933 (nodes removed 0 331)
Info    : It. 111000 - 110669 nodes created - worst tet radius 1.29746 (nodes removed 0 331)
Info    : It. 111500 - 111169 nodes created - worst tet radius 1.29564 (nodes removed 0 331)
Info    : It. 112000 - 111669 nodes created - worst tet radius 1.29382 (nodes removed 0 331)
Info    : It. 112500 - 112169 nodes created - worst tet radius 1.2919 (nodes removed 0 331)
Info    : It. 113000 - 112669 nodes created - worst tet radius 1.29013 (nodes removed 0 331)
Info    : It. 113500 - 113169 nodes created - worst tet radius 1.2883 (nodes removed 0 331)
Info    : It. 114000 - 113669 nodes created - worst tet radius 1.28654 (nodes removed 0 331)
Info    : It. 114500 - 114169 nodes created - worst tet radius 1.28479 (nodes removed 0 331)
Info    : It. 115000 - 114668 nodes created - worst tet radius 1.28288 (nodes removed 0 332)
Info    : It. 115500 - 115168 nodes created - worst tet radius 1.28104 (nodes removed 0 332)
Info    : It. 116000 - 115667 nodes created - worst tet radius 1.27936 (nodes removed 0 333)
Info    : It. 116500 - 116167 nodes created - worst tet radius 1.2777 (nodes removed 0 333)
Info    : It. 117000 - 116667 nodes created - worst tet radius 1.27588 (nodes removed 0 333)
Info    : It. 117500 - 117162 nodes created - worst tet radius 1.27403 (nodes removed 0 338)
Info    : It. 118000 - 117662 nodes created - worst tet radius 1.27227 (nodes removed 0 338)
Info    : It. 118500 - 118162 nodes created - worst tet radius 1.27057 (nodes removed 0 338)
Info    : It. 119000 - 118662 nodes created - worst tet radius 1.26897 (nodes removed 0 338)
Info    : It. 119500 - 119162 nodes created - worst tet radius 1.26723 (nodes removed 0 338)
Info    : It. 120000 - 119662 nodes created - worst tet radius 1.26561 (nodes removed 0 338)
Info    : It. 120500 - 120162 nodes created - worst tet radius 1.26395 (nodes removed 0 338)
Info    : It. 121000 - 120660 nodes created - worst tet radius 1.26227 (nodes removed 0 340)
Info    : It. 121500 - 121160 nodes created - worst tet radius 1.26065 (nodes removed 0 340)
Info    : It. 122000 - 121660 nodes created - worst tet radius 1.25897 (nodes removed 0 340)
Info    : It. 122500 - 122159 nodes created - worst tet radius 1.25739 (nodes removed 0 341)
Info    : It. 123000 - 122659 nodes created - worst tet radius 1.2558 (nodes removed 0 341)
Info    : It. 123500 - 123159 nodes created - worst tet radius 1.25421 (nodes removed 0 341)
Info    : It. 124000 - 123659 nodes created - worst tet radius 1.25254 (nodes removed 0 341)
Info    : It. 124500 - 124150 nodes created - worst tet radius 1.25108 (nodes removed 0 350)
Info    : It. 125000 - 124650 nodes created - worst tet radius 1.24941 (nodes removed 0 350)
Info    : It. 125500 - 125150 nodes created - worst tet radius 1.24765 (nodes removed 0 350)
Info    : It. 126000 - 125649 nodes created - worst tet radius 1.24605 (nodes removed 0 351)
Info    : It. 126500 - 126149 nodes created - worst tet radius 1.2446 (nodes removed 0 351)
Info    : It. 127000 - 126649 nodes created - worst tet radius 1.24307 (nodes removed 0 351)
Info    : It. 127500 - 127149 nodes created - worst tet radius 1.24162 (nodes removed 0 351)
Info    : It. 128000 - 127649 nodes created - worst tet radius 1.23998 (nodes removed 0 351)
Info    : It. 128500 - 128147 nodes created - worst tet radius 1.2384 (nodes removed 0 353)
Info    : It. 129000 - 128647 nodes created - worst tet radius 1.23687 (nodes removed 0 353)
Info    : It. 129500 - 129147 nodes created - worst tet radius 1.23528 (nodes removed 0 353)
Info    : It. 130000 - 129647 nodes created - worst tet radius 1.23377 (nodes removed 0 353)
Info    : It. 130500 - 130147 nodes created - worst tet radius 1.23226 (nodes removed 0 353)
Info    : It. 131000 - 130647 nodes created - worst tet radius 1.23078 (nodes removed 0 353)
Info    : It. 131500 - 131147 nodes created - worst tet radius 1.22911 (nodes removed 0 353)
Info    : It. 132000 - 131647 nodes created - worst tet radius 1.22758 (nodes removed 0 353)
Info    : It. 132500 - 132147 nodes created - worst tet radius 1.22607 (nodes removed 0 353)
Info    : It. 133000 - 132646 nodes created - worst tet radius 1.22454 (nodes removed 0 354)
Info    : It. 133500 - 133146 nodes created - worst tet radius 1.22291 (nodes removed 0 354)
Info    : It. 134000 - 133646 nodes created - worst tet radius 1.22142 (nodes removed 0 354)
Info    : It. 134500 - 134146 nodes created - worst tet radius 1.22008 (nodes removed 0 354)
Info    : It. 135000 - 134646 nodes created - worst tet radius 1.21859 (nodes removed 0 354)
Info    : It. 135500 - 135146 nodes created - worst tet radius 1.2171 (nodes removed 0 354)
Info    : It. 136000 - 135643 nodes created - worst tet radius 1.21573 (nodes removed 0 357)
Info    : It. 136500 - 136142 nodes created - worst tet radius 1.21435 (nodes removed 0 358)
Info    : It. 137000 - 136642 nodes created - worst tet radius 1.21291 (nodes removed 0 358)
Info    : It. 137500 - 137141 nodes created - worst tet radius 1.21142 (nodes removed 0 359)
Info    : It. 138000 - 137641 nodes created - worst tet radius 1.21004 (nodes removed 0 359)
Info    : It. 138500 - 138141 nodes created - worst tet radius 1.20868 (nodes removed 0 359)
Info    : It. 139000 - 138641 nodes created - worst tet radius 1.2073 (nodes removed 0 359)
Info    : It. 139500 - 139140 nodes created - worst tet radius 1.20604 (nodes removed 0 360)
Info    : It. 140000 - 139639 nodes created - worst tet radius 1.20465 (nodes removed 0 361)
Info    : It. 140500 - 140139 nodes created - worst tet radius 1.20328 (nodes removed 0 361)
Info    : It. 141000 - 140638 nodes created - worst tet radius 1.20197 (nodes removed 0 362)
Info    : It. 141500 - 141138 nodes created - worst tet radius 1.20068 (nodes removed 0 362)
Info    : It. 142000 - 141638 nodes created - worst tet radius 1.19924 (nodes removed 0 362)
Info    : It. 142500 - 142138 nodes created - worst tet radius 1.19792 (nodes removed 0 362)
Info    : It. 143000 - 142638 nodes created - worst tet radius 1.19659 (nodes removed 0 362)
Info    : It. 143500 - 143138 nodes created - worst tet radius 1.19527 (nodes removed 0 362)
Info    : It. 144000 - 143638 nodes created - worst tet radius 1.19396 (nodes removed 0 362)
Info    : It. 144500 - 144138 nodes created - worst tet radius 1.19271 (nodes removed 0 362)
Info    : It. 145000 - 144638 nodes created - worst tet radius 1.1914 (nodes removed 0 362)
Info    : It. 145500 - 145138 nodes created - worst tet radius 1.1902 (nodes removed 0 362)
Info    : It. 146000 - 145638 nodes created - worst tet radius 1.1889 (nodes removed 0 362)
Info    : It. 146500 - 146138 nodes created - worst tet radius 1.18758 (nodes removed 0 362)
Info    : It. 147000 - 146638 nodes created - worst tet radius 1.1862 (nodes removed 0 362)
Info    : It. 147500 - 147138 nodes created - worst tet radius 1.18493 (nodes removed 0 362)
Info    : It. 148000 - 147637 nodes created - worst tet radius 1.18367 (nodes removed 0 363)
Info    : It. 148500 - 148137 nodes created - worst tet radius 1.1824 (nodes removed 0 363)
Info    : It. 149000 - 148637 nodes created - worst tet radius 1.1811 (nodes removed 0 363)
Info    : It. 149500 - 149137 nodes created - worst tet radius 1.17982 (nodes removed 0 363)
Info    : It. 150000 - 149637 nodes created - worst tet radius 1.17863 (nodes removed 0 363)
Info    : It. 150500 - 150137 nodes created - worst tet radius 1.17737 (nodes removed 0 363)
Info    : It. 151000 - 150636 nodes created - worst tet radius 1.17625 (nodes removed 0 364)
Info    : It. 151500 - 151136 nodes created - worst tet radius 1.175 (nodes removed 0 364)
Info    : It. 152000 - 151635 nodes created - worst tet radius 1.17372 (nodes removed 0 365)
Info    : It. 152500 - 152135 nodes created - worst tet radius 1.17251 (nodes removed 0 365)
Info    : It. 153000 - 152635 nodes created - worst tet radius 1.1712 (nodes removed 0 365)
Info    : It. 153500 - 153135 nodes created - worst tet radius 1.16991 (nodes removed 0 365)
Info    : It. 154000 - 153635 nodes created - worst tet radius 1.16867 (nodes removed 0 365)
Info    : It. 154500 - 154135 nodes created - worst tet radius 1.1675 (nodes removed 0 365)
Info    : It. 155000 - 154635 nodes created - worst tet radius 1.16635 (nodes removed 0 365)
Info    : It. 155500 - 155135 nodes created - worst tet radius 1.16511 (nodes removed 0 365)
Info    : It. 156000 - 155635 nodes created - worst tet radius 1.16399 (nodes removed 0 365)
Info    : It. 156500 - 156135 nodes created - worst tet radius 1.16281 (nodes removed 0 365)
Info    : It. 157000 - 156635 nodes created - worst tet radius 1.16163 (nodes removed 0 365)
Info    : It. 157500 - 157134 nodes created - worst tet radius 1.16044 (nodes removed 0 366)
Info    : It. 158000 - 157633 nodes created - worst tet radius 1.1593 (nodes removed 0 367)
Info    : It. 158500 - 158133 nodes created - worst tet radius 1.15799 (nodes removed 0 367)
Info    : It. 159000 - 158633 nodes created - worst tet radius 1.1567 (nodes removed 0 367)
Info    : It. 159500 - 159133 nodes created - worst tet radius 1.15553 (nodes removed 0 367)
Info    : It. 160000 - 159633 nodes created - worst tet radius 1.15439 (nodes removed 0 367)
Info    : It. 160500 - 160133 nodes created - worst tet radius 1.15324 (nodes removed 0 367)
Info    : It. 161000 - 160633 nodes created - worst tet radius 1.15211 (nodes removed 0 367)
Info    : It. 161500 - 161133 nodes created - worst tet radius 1.151 (nodes removed 0 367)
Info    : It. 162000 - 161633 nodes created - worst tet radius 1.14991 (nodes removed 0 367)
Info    : It. 162500 - 162133 nodes created - worst tet radius 1.14874 (nodes removed 0 367)
Info    : It. 163000 - 162633 nodes created - worst tet radius 1.14764 (nodes removed 0 367)
Info    : It. 163500 - 163133 nodes created - worst tet radius 1.14644 (nodes removed 0 367)
Info    : It. 164000 - 163632 nodes created - worst tet radius 1.14533 (nodes removed 0 368)
Info    : It. 164500 - 164132 nodes created - worst tet radius 1.14424 (nodes removed 0 368)
Info    : It. 165000 - 164632 nodes created - worst tet radius 1.14309 (nodes removed 0 368)
Info    : It. 165500 - 165132 nodes created - worst tet radius 1.14206 (nodes removed 0 368)
Info    : It. 166000 - 165630 nodes created - worst tet radius 1.14091 (nodes removed 0 370)
Info    : It. 166500 - 166130 nodes created - worst tet radius 1.13974 (nodes removed 0 370)
Info    : It. 167000 - 166630 nodes created - worst tet radius 1.13865 (nodes removed 0 370)
Info    : It. 167500 - 167130 nodes created - worst tet radius 1.13763 (nodes removed 0 370)
Info    : It. 168000 - 167630 nodes created - worst tet radius 1.13664 (nodes removed 0 370)
Info    : It. 168500 - 168129 nodes created - worst tet radius 1.13552 (nodes removed 0 371)
Info    : It. 169000 - 168629 nodes created - worst tet radius 1.13442 (nodes removed 0 371)
Info    : It. 169500 - 169127 nodes created - worst tet radius 1.13332 (nodes removed 0 373)
Info    : It. 170000 - 169627 nodes created - worst tet radius 1.13222 (nodes removed 0 373)
Info    : It. 170500 - 170127 nodes created - worst tet radius 1.13112 (nodes removed 0 373)
Info    : It. 171000 - 170627 nodes created - worst tet radius 1.13004 (nodes removed 0 373)
Info    : It. 171500 - 171127 nodes created - worst tet radius 1.12897 (nodes removed 0 373)
Info    : It. 172000 - 171627 nodes created - worst tet radius 1.12789 (nodes removed 0 373)
Info    : It. 172500 - 172127 nodes created - worst tet radius 1.1269 (nodes removed 0 373)
Info    : It. 173000 - 172627 nodes created - worst tet radius 1.12579 (nodes removed 0 373)
Info    : It. 173500 - 173127 nodes created - worst tet radius 1.12474 (nodes removed 0 373)
Info    : It. 174000 - 173627 nodes created - worst tet radius 1.12372 (nodes removed 0 373)
Info    : It. 174500 - 174127 nodes created - worst tet radius 1.12256 (nodes removed 0 373)
Info    : It. 175000 - 174627 nodes created - worst tet radius 1.12153 (nodes removed 0 373)
Info    : It. 175500 - 175127 nodes created - worst tet radius 1.12053 (nodes removed 0 373)
Info    : It. 176000 - 175627 nodes created - worst tet radius 1.11948 (nodes removed 0 373)
Info    : It. 176500 - 176127 nodes created - worst tet radius 1.11847 (nodes removed 0 373)
Info    : It. 177000 - 176627 nodes created - worst tet radius 1.1174 (nodes removed 0 373)
Info    : It. 177500 - 177127 nodes created - worst tet radius 1.11638 (nodes removed 0 373)
Info    : It. 178000 - 177626 nodes created - worst tet radius 1.11538 (nodes removed 0 374)
Info    : It. 178500 - 178125 nodes created - worst tet radius 1.11435 (nodes removed 0 375)
Info    : It. 179000 - 178625 nodes created - worst tet radius 1.11325 (nodes removed 0 375)
Info    : It. 179500 - 179125 nodes created - worst tet radius 1.11222 (nodes removed 0 375)
Info    : It. 180000 - 179625 nodes created - worst tet radius 1.11127 (nodes removed 0 375)
Info    : It. 180500 - 180125 nodes created - worst tet radius 1.11026 (nodes removed 0 375)
Info    : It. 181000 - 180624 nodes created - worst tet radius 1.1093 (nodes removed 0 376)
Info    : It. 181500 - 181124 nodes created - worst tet radius 1.10837 (nodes removed 0 376)
Info    : It. 182000 - 181623 nodes created - worst tet radius 1.1074 (nodes removed 0 377)
Info    : It. 182500 - 182123 nodes created - worst tet radius 1.1064 (nodes removed 0 377)
Info    : It. 183000 - 182623 nodes created - worst tet radius 1.10538 (nodes removed 0 377)
Info    : It. 183500 - 183122 nodes created - worst tet radius 1.10441 (nodes removed 0 378)
Info    : It. 184000 - 183621 nodes created - worst tet radius 1.1034 (nodes removed 0 379)
Info    : It. 184500 - 184121 nodes created - worst tet radius 1.10242 (nodes removed 0 379)
Info    : It. 185000 - 184621 nodes created - worst tet radius 1.10151 (nodes removed 0 379)
Info    : It. 185500 - 185121 nodes created - worst tet radius 1.10064 (nodes removed 0 379)
Info    : It. 186000 - 185621 nodes created - worst tet radius 1.09968 (nodes removed 0 379)
Info    : It. 186500 - 186121 nodes created - worst tet radius 1.09881 (nodes removed 0 379)
Info    : It. 187000 - 186620 nodes created - worst tet radius 1.09788 (nodes removed 0 380)
Info    : It. 187500 - 187120 nodes created - worst tet radius 1.09696 (nodes removed 0 380)
Info    : It. 188000 - 187620 nodes created - worst tet radius 1.09588 (nodes removed 0 380)
Info    : It. 188500 - 188120 nodes created - worst tet radius 1.09492 (nodes removed 0 380)
Info    : It. 189000 - 188620 nodes created - worst tet radius 1.09399 (nodes removed 0 380)
Info    : It. 189500 - 189120 nodes created - worst tet radius 1.09306 (nodes removed 0 380)
Info    : It. 190000 - 189620 nodes created - worst tet radius 1.09214 (nodes removed 0 380)
Info    : It. 190500 - 190118 nodes created - worst tet radius 1.09127 (nodes removed 0 382)
Info    : It. 191000 - 190618 nodes created - worst tet radius 1.0903 (nodes removed 0 382)
Info    : It. 191500 - 191118 nodes created - worst tet radius 1.08938 (nodes removed 0 382)
Info    : It. 192000 - 191617 nodes created - worst tet radius 1.08844 (nodes removed 0 383)
Info    : It. 192500 - 192117 nodes created - worst tet radius 1.08752 (nodes removed 0 383)
Info    : It. 193000 - 192617 nodes created - worst tet radius 1.08658 (nodes removed 0 383)
Info    : It. 193500 - 193117 nodes created - worst tet radius 1.08566 (nodes removed 0 383)
Info    : It. 194000 - 193617 nodes created - worst tet radius 1.08468 (nodes removed 0 383)
Info    : It. 194500 - 194117 nodes created - worst tet radius 1.08373 (nodes removed 0 383)
Info    : It. 195000 - 194617 nodes created - worst tet radius 1.08284 (nodes removed 0 383)
Info    : It. 195500 - 195117 nodes created - worst tet radius 1.08192 (nodes removed 0 383)
Info    : It. 196000 - 195617 nodes created - worst tet radius 1.08095 (nodes removed 0 383)
Info    : It. 196500 - 196116 nodes created - worst tet radius 1.08004 (nodes removed 0 384)
Info    : It. 197000 - 196616 nodes created - worst tet radius 1.07909 (nodes removed 0 384)
Info    : It. 197500 - 197115 nodes created - worst tet radius 1.07815 (nodes removed 0 385)
Info    : It. 198000 - 197615 nodes created - worst tet radius 1.07731 (nodes removed 0 385)
Info    : It. 198500 - 198115 nodes created - worst tet radius 1.07649 (nodes removed 0 385)
Info    : It. 199000 - 198614 nodes created - worst tet radius 1.07561 (nodes removed 0 386)
Info    : It. 199500 - 199114 nodes created - worst tet radius 1.07471 (nodes removed 0 386)
Info    : It. 200000 - 199614 nodes created - worst tet radius 1.07391 (nodes removed 0 386)
Info    : It. 200500 - 200114 nodes created - worst tet radius 1.07309 (nodes removed 0 386)
Info    : It. 201000 - 200614 nodes created - worst tet radius 1.07221 (nodes removed 0 386)
Info    : It. 201500 - 201114 nodes created - worst tet radius 1.07133 (nodes removed 0 386)
Info    : It. 202000 - 201614 nodes created - worst tet radius 1.07053 (nodes removed 0 386)
Info    : It. 202500 - 202114 nodes created - worst tet radius 1.06968 (nodes removed 0 386)
Info    : It. 203000 - 202614 nodes created - worst tet radius 1.06878 (nodes removed 0 386)
Info    : It. 203500 - 203113 nodes created - worst tet radius 1.06793 (nodes removed 0 387)
Info    : It. 204000 - 203611 nodes created - worst tet radius 1.06706 (nodes removed 0 389)
Info    : It. 204500 - 204111 nodes created - worst tet radius 1.06624 (nodes removed 0 389)
Info    : It. 205000 - 204611 nodes created - worst tet radius 1.0654 (nodes removed 0 389)
Info    : It. 205500 - 205111 nodes created - worst tet radius 1.06457 (nodes removed 0 389)
Info    : It. 206000 - 205611 nodes created - worst tet radius 1.06373 (nodes removed 0 389)
Info    : It. 206500 - 206110 nodes created - worst tet radius 1.06291 (nodes removed 0 390)
Info    : It. 207000 - 206610 nodes created - worst tet radius 1.06209 (nodes removed 0 390)
Info    : It. 207500 - 207109 nodes created - worst tet radius 1.06131 (nodes removed 0 391)
Info    : It. 208000 - 207609 nodes created - worst tet radius 1.06051 (nodes removed 0 391)
Info    : It. 208500 - 208107 nodes created - worst tet radius 1.05971 (nodes removed 0 393)
Info    : It. 209000 - 208606 nodes created - worst tet radius 1.05888 (nodes removed 0 394)
Info    : It. 209500 - 209106 nodes created - worst tet radius 1.0581 (nodes removed 0 394)
Info    : It. 210000 - 209606 nodes created - worst tet radius 1.0573 (nodes removed 0 394)
Info    : It. 210500 - 210106 nodes created - worst tet radius 1.05643 (nodes removed 0 394)
Info    : It. 211000 - 210605 nodes created - worst tet radius 1.05558 (nodes removed 0 395)
Info    : It. 211500 - 211104 nodes created - worst tet radius 1.05472 (nodes removed 0 396)
Info    : It. 212000 - 211604 nodes created - worst tet radius 1.05391 (nodes removed 0 396)
Info    : It. 212500 - 212102 nodes created - worst tet radius 1.05313 (nodes removed 0 398)
Info    : It. 213000 - 212602 nodes created - worst tet radius 1.05234 (nodes removed 0 398)
Info    : It. 213500 - 213102 nodes created - worst tet radius 1.05156 (nodes removed 0 398)
Info    : It. 214000 - 213601 nodes created - worst tet radius 1.05076 (nodes removed 0 399)
Info    : It. 214500 - 214100 nodes created - worst tet radius 1.04997 (nodes removed 0 400)
Info    : It. 215000 - 214600 nodes created - worst tet radius 1.04921 (nodes removed 0 400)
Info    : It. 215500 - 215100 nodes created - worst tet radius 1.04853 (nodes removed 0 400)
Info    : It. 216000 - 215600 nodes created - worst tet radius 1.04768 (nodes removed 0 400)
Info    : It. 216500 - 216100 nodes created - worst tet radius 1.04689 (nodes removed 0 400)
Info    : It. 217000 - 216600 nodes created - worst tet radius 1.04607 (nodes removed 0 400)
Info    : It. 217500 - 217100 nodes created - worst tet radius 1.04531 (nodes removed 0 400)
Info    : It. 218000 - 217600 nodes created - worst tet radius 1.04448 (nodes removed 0 400)
Info    : It. 218500 - 218100 nodes created - worst tet radius 1.0437 (nodes removed 0 400)
Info    : It. 219000 - 218600 nodes created - worst tet radius 1.04294 (nodes removed 0 400)
Info    : It. 219500 - 219099 nodes created - worst tet radius 1.04214 (nodes removed 0 401)
Info    : It. 220000 - 219598 nodes created - worst tet radius 1.04142 (nodes removed 0 402)
Info    : It. 220500 - 220098 nodes created - worst tet radius 1.04066 (nodes removed 0 402)
Info    : It. 221000 - 220598 nodes created - worst tet radius 1.03993 (nodes removed 0 402)
Info    : It. 221500 - 221098 nodes created - worst tet radius 1.03915 (nodes removed 0 402)
Info    : It. 222000 - 221598 nodes created - worst tet radius 1.03842 (nodes removed 0 402)
Info    : It. 222500 - 222098 nodes created - worst tet radius 1.03774 (nodes removed 0 402)
Info    : It. 223000 - 222598 nodes created - worst tet radius 1.03696 (nodes removed 0 402)
Info    : It. 223500 - 223098 nodes created - worst tet radius 1.03615 (nodes removed 0 402)
Info    : It. 224000 - 223597 nodes created - worst tet radius 1.0354 (nodes removed 0 403)
Info    : It. 224500 - 224097 nodes created - worst tet radius 1.03466 (nodes removed 0 403)
Info    : It. 225000 - 224597 nodes created - worst tet radius 1.03394 (nodes removed 0 403)
Info    : It. 225500 - 225097 nodes created - worst tet radius 1.0332 (nodes removed 0 403)
Info    : It. 226000 - 225597 nodes created - worst tet radius 1.03251 (nodes removed 0 403)
Info    : It. 226500 - 226097 nodes created - worst tet radius 1.03179 (nodes removed 0 403)
Info    : It. 227000 - 226597 nodes created - worst tet radius 1.0311 (nodes removed 0 403)
Info    : It. 227500 - 227097 nodes created - worst tet radius 1.03032 (nodes removed 0 403)
Info    : It. 228000 - 227597 nodes created - worst tet radius 1.02958 (nodes removed 0 403)
Info    : It. 228500 - 228096 nodes created - worst tet radius 1.02885 (nodes removed 0 404)
Info    : It. 229000 - 228594 nodes created - worst tet radius 1.02814 (nodes removed 0 406)
Info    : It. 229500 - 229094 nodes created - worst tet radius 1.02738 (nodes removed 0 406)
Info    : It. 230000 - 229594 nodes created - worst tet radius 1.02668 (nodes removed 0 406)
Info    : It. 230500 - 230094 nodes created - worst tet radius 1.02594 (nodes removed 0 406)
Info    : It. 231000 - 230594 nodes created - worst tet radius 1.02515 (nodes removed 0 406)
Info    : It. 231500 - 231094 nodes created - worst tet radius 1.02443 (nodes removed 0 406)
Info    : It. 232000 - 231594 nodes created - worst tet radius 1.02375 (nodes removed 0 406)
Info    : It. 232500 - 232093 nodes created - worst tet radius 1.02304 (nodes removed 0 407)
Info    : It. 233000 - 232592 nodes created - worst tet radius 1.02224 (nodes removed 0 408)
Info    : It. 233500 - 233088 nodes created - worst tet radius 1.02156 (nodes removed 0 412)
Info    : It. 234000 - 233588 nodes created - worst tet radius 1.02085 (nodes removed 0 412)
Info    : It. 234500 - 234088 nodes created - worst tet radius 1.02014 (nodes removed 0 412)
Info    : It. 235000 - 234585 nodes created - worst tet radius 1.01948 (nodes removed 0 415)
Info    : It. 235500 - 235085 nodes created - worst tet radius 1.01876 (nodes removed 0 415)
Info    : It. 236000 - 235584 nodes created - worst tet radius 1.01807 (nodes removed 0 416)
Info    : It. 236500 - 236083 nodes created - worst tet radius 1.01734 (nodes removed 0 417)
Info    : It. 237000 - 236582 nodes created - worst tet radius 1.01664 (nodes removed 0 418)
Info    : It. 237500 - 237076 nodes created - worst tet radius 1.01595 (nodes removed 0 424)
Info    : It. 238000 - 237576 nodes created - worst tet radius 1.01528 (nodes removed 0 424)
Info    : It. 238500 - 238076 nodes created - worst tet radius 1.01454 (nodes removed 0 424)
Info    : It. 239000 - 238576 nodes created - worst tet radius 1.01384 (nodes removed 0 424)
Info    : It. 239500 - 239076 nodes created - worst tet radius 1.01316 (nodes removed 0 424)
Info    : It. 240000 - 239576 nodes created - worst tet radius 1.01251 (nodes removed 0 424)
Info    : It. 240500 - 240076 nodes created - worst tet radius 1.01185 (nodes removed 0 424)
Info    : It. 241000 - 240575 nodes created - worst tet radius 1.01117 (nodes removed 0 425)
Info    : It. 241500 - 241075 nodes created - worst tet radius 1.01054 (nodes removed 0 425)
Info    : It. 242000 - 241575 nodes created - worst tet radius 1.00989 (nodes removed 0 425)
Info    : It. 242500 - 242073 nodes created - worst tet radius 1.00927 (nodes removed 0 427)
Info    : It. 243000 - 242572 nodes created - worst tet radius 1.0086 (nodes removed 0 428)
Info    : It. 243500 - 243072 nodes created - worst tet radius 1.00799 (nodes removed 0 428)
Info    : It. 244000 - 243572 nodes created - worst tet radius 1.00732 (nodes removed 0 428)
Info    : It. 244500 - 244072 nodes created - worst tet radius 1.00667 (nodes removed 0 428)
Info    : It. 245000 - 244572 nodes created - worst tet radius 1.00604 (nodes removed 0 428)
Info    : It. 245500 - 245071 nodes created - worst tet radius 1.00534 (nodes removed 0 429)
Info    : It. 246000 - 245571 nodes created - worst tet radius 1.00466 (nodes removed 0 429)
Info    : It. 246500 - 246071 nodes created - worst tet radius 1.00398 (nodes removed 0 429)
Info    : It. 247000 - 246571 nodes created - worst tet radius 1.00331 (nodes removed 0 429)
Info    : It. 247500 - 247071 nodes created - worst tet radius 1.00262 (nodes removed 0 429)
Info    : It. 248000 - 247570 nodes created - worst tet radius 1.00196 (nodes removed 0 430)
Info    : It. 248500 - 248070 nodes created - worst tet radius 1.00131 (nodes removed 0 430)
Info    : It. 249000 - 248570 nodes created - worst tet radius 1.00072 (nodes removed 0 430)
Info    : It. 249500 - 249070 nodes created - worst tet radius 1.00009 (nodes removed 0 430)
Info    : 3D refinement terminated (306460 nodes total):
Info    :  - 742 Delaunay cavities modified for star shapeness
Info    :  - 430 nodes could not be inserted
Info    :  - 1769175 tetrahedra created in 24.5146 sec. (72168 tets/s)
Info    : Done meshing 3D (Wall 52.7914s, CPU 52.4688s)
Info    : Optimizing mesh...
Info    : Optimizing volume 1
Info    : Optimization starts (volume = 1874.35) with worst = 2.00273e-06 / average = 0.784442:
Info    : 0.00 < quality < 0.10 :      3523 elements
Info    : 0.10 < quality < 0.20 :     10771 elements
Info    : 0.20 < quality < 0.30 :     19345 elements
Info    : 0.30 < quality < 0.40 :     30826 elements
Info    : 0.40 < quality < 0.50 :     48608 elements
Info    : 0.50 < quality < 0.60 :     80289 elements
Info    : 0.60 < quality < 0.70 :    161162 elements
Info    : 0.70 < quality < 0.80 :    381761 elements
Info    : 0.80 < quality < 0.90 :    678219 elements
Info    : 0.90 < quality < 1.00 :    354671 elements
Info    : 33268 edge swaps, 1117 node relocations (volume = 1874.35): worst = 2.00273e-06 / average = 0.796378 (Wall 2.28358s, CPU 2.28131s)
Info    : 33456 edge swaps, 1152 node relocations (volume = 1874.35): worst = 2.00273e-06 / average = 0.796436 (Wall 3.00674s, CPU 3.00366s)
Info    : 0.00 < quality < 0.10 :        13 elements
Info    : 0.10 < quality < 0.20 :        18 elements
Info    : 0.20 < quality < 0.30 :        36 elements
Info    : 0.30 < quality < 0.40 :     30623 elements
Info    : 0.40 < quality < 0.50 :     46795 elements
Info    : 0.50 < quality < 0.60 :     77357 elements
Info    : 0.60 < quality < 0.70 :    159890 elements
Info    : 0.70 < quality < 0.80 :    387761 elements
Info    : 0.80 < quality < 0.90 :    684015 elements
Info    : 0.90 < quality < 1.00 :    352527 elements
Info    : Done optimizing mesh (Wall 7.90574s, CPU 7.80893s)
Info    : 306459 nodes 1859412 elements
Info    : Writing 'split_artery_h_11.msh'...
Info    : Done writing 'split_artery_h_11.msh'
Info    : Stopped on Wed Nov 30 09:42:25 2022 (From start: Wall 172.603s, CPU 172.117s)

