gmsh -3 split_artery_h_05.new -format msh2 -o split_artery_h_05.msh
Info    : Running 'gmsh -3 split_artery_h_05.new -format msh2 -o split_artery_h_05.msh' [Gmsh 4.10.5, 1 node, max. 1 thread]
Info    : Started on Thu Oct 27 13:44:46 2022
Info    : Reading 'split_artery_h_05.new'...
Info    : Reading 'split_artery.step'...
Info    :  - Label 'Shapes/art1right' (3D)
Info    : Done reading 'split_artery.step'
Info    : Done reading 'split_artery_h_05.new'
Info    : Meshing 1D...
Info    : [  0%] Meshing curve 1 (BSpline)
Info    : [ 10%] Meshing curve 2 (BSpline)
Info    : [ 10%] Meshing curve 3 (BSpline)
Info    : [ 10%] Meshing curve 4 (BSpline)
Info    : [ 10%] Meshing curve 5 (BSpline)
Info    : [ 10%] Meshing curve 6 (BSpline)
Info    : [ 10%] Meshing curve 7 (BSpline)
Info    : [ 10%] Meshing curve 8 (BSpline)
Info    : [ 10%] Meshing curve 9 (BSpline)
Info    : [ 10%] Meshing curve 10 (BSpline)
Info    : [ 10%] Meshing curve 11 (BSpline)
Info    : [ 10%] Meshing curve 12 (BSpline)
Info    : [ 10%] Meshing curve 13 (BSpline)
Info    : [ 10%] Meshing curve 14 (BSpline)
Info    : [ 10%] Meshing curve 15 (BSpline)
Info    : [ 10%] Meshing curve 16 (BSpline)
Info    : [ 10%] Meshing curve 17 (BSpline)
Info    : [ 10%] Meshing curve 18 (BSpline)
Info    : [ 10%] Meshing curve 19 (BSpline)
Info    : [ 10%] Meshing curve 20 (BSpline)
Info    : [ 10%] Meshing curve 21 (BSpline)
Info    : [ 10%] Meshing curve 22 (BSpline)
Info    : [ 10%] Meshing curve 23 (BSpline)
Info    : [ 10%] Meshing curve 24 (BSpline)
Info    : [ 10%] Meshing curve 25 (BSpline)
Info    : [ 10%] Meshing curve 26 (BSpline)
Info    : [ 20%] Meshing curve 27 (BSpline)
Info    : [ 20%] Meshing curve 28 (BSpline)
Info    : [ 20%] Meshing curve 29 (BSpline)
Info    : [ 20%] Meshing curve 30 (BSpline)
Info    : [ 20%] Meshing curve 31 (BSpline)
Info    : [ 20%] Meshing curve 32 (BSpline)
Info    : [ 20%] Meshing curve 33 (BSpline)
Info    : [ 20%] Meshing curve 34 (BSpline)
Info    : [ 20%] Meshing curve 35 (BSpline)
Info    : [ 20%] Meshing curve 36 (BSpline)
Info    : [ 20%] Meshing curve 37 (BSpline)
Info    : [ 20%] Meshing curve 38 (BSpline)
Info    : [ 20%] Meshing curve 39 (BSpline)
Info    : [ 20%] Meshing curve 40 (BSpline)
Info    : [ 20%] Meshing curve 41 (BSpline)
Info    : [ 20%] Meshing curve 42 (BSpline)
Info    : [ 20%] Meshing curve 43 (BSpline)
Info    : [ 20%] Meshing curve 44 (BSpline)
Info    : [ 20%] Meshing curve 45 (BSpline)
Info    : [ 20%] Meshing curve 46 (BSpline)
Info    : [ 20%] Meshing curve 47 (BSpline)
Info    : [ 20%] Meshing curve 48 (BSpline)
Info    : [ 20%] Meshing curve 49 (BSpline)
Info    : [ 20%] Meshing curve 50 (BSpline)
Info    : [ 20%] Meshing curve 51 (BSpline)
Info    : [ 20%] Meshing curve 52 (BSpline)
Info    : [ 30%] Meshing curve 53 (BSpline)
Info    : [ 30%] Meshing curve 54 (BSpline)
Info    : [ 30%] Meshing curve 55 (BSpline)
Info    : [ 30%] Meshing curve 56 (BSpline)
Info    : [ 30%] Meshing curve 57 (BSpline)
Info    : [ 30%] Meshing curve 58 (BSpline)
Info    : [ 30%] Meshing curve 59 (BSpline)
Info    : [ 30%] Meshing curve 60 (BSpline)
Info    : [ 30%] Meshing curve 61 (BSpline)
Info    : [ 30%] Meshing curve 62 (BSpline)
Info    : [ 30%] Meshing curve 63 (BSpline)
Info    : [ 30%] Meshing curve 64 (BSpline)
Info    : [ 30%] Meshing curve 65 (BSpline)
Info    : [ 30%] Meshing curve 66 (BSpline)
Info    : [ 30%] Meshing curve 67 (BSpline)
Info    : [ 30%] Meshing curve 68 (BSpline)
Info    : [ 30%] Meshing curve 69 (BSpline)
Info    : [ 30%] Meshing curve 70 (BSpline)
Info    : [ 30%] Meshing curve 71 (BSpline)
Info    : [ 30%] Meshing curve 72 (BSpline)
Info    : [ 30%] Meshing curve 73 (BSpline)
Info    : [ 30%] Meshing curve 74 (BSpline)
Info    : [ 30%] Meshing curve 75 (BSpline)
Info    : [ 30%] Meshing curve 76 (BSpline)
Info    : [ 30%] Meshing curve 77 (BSpline)
Info    : [ 40%] Meshing curve 78 (BSpline)
Info    : [ 40%] Meshing curve 79 (BSpline)
Info    : [ 40%] Meshing curve 80 (BSpline)
Info    : [ 40%] Meshing curve 81 (BSpline)
Info    : [ 40%] Meshing curve 82 (BSpline)
Info    : [ 40%] Meshing curve 83 (BSpline)
Info    : [ 40%] Meshing curve 84 (BSpline)
Info    : [ 40%] Meshing curve 85 (BSpline)
Info    : [ 40%] Meshing curve 86 (BSpline)
Info    : [ 40%] Meshing curve 87 (BSpline)
Info    : [ 40%] Meshing curve 88 (BSpline)
Info    : [ 40%] Meshing curve 89 (BSpline)
Info    : [ 40%] Meshing curve 90 (BSpline)
Info    : [ 40%] Meshing curve 91 (BSpline)
Info    : [ 40%] Meshing curve 92 (BSpline)
Info    : [ 40%] Meshing curve 93 (BSpline)
Info    : [ 40%] Meshing curve 94 (BSpline)
Info    : [ 40%] Meshing curve 95 (BSpline)
Info    : [ 40%] Meshing curve 96 (BSpline)
Info    : [ 40%] Meshing curve 97 (BSpline)
Info    : [ 40%] Meshing curve 98 (BSpline)
Info    : [ 40%] Meshing curve 99 (BSpline)
Info    : [ 40%] Meshing curve 100 (BSpline)
Info    : [ 40%] Meshing curve 101 (BSpline)
Info    : [ 40%] Meshing curve 102 (BSpline)
Info    : [ 40%] Meshing curve 103 (BSpline)
Info    : [ 50%] Meshing curve 104 (BSpline)
Info    : [ 50%] Meshing curve 105 (BSpline)
Info    : [ 50%] Meshing curve 106 (BSpline)
Info    : [ 50%] Meshing curve 107 (BSpline)
Info    : [ 50%] Meshing curve 108 (BSpline)
Info    : [ 50%] Meshing curve 109 (BSpline)
Info    : [ 50%] Meshing curve 110 (BSpline)
Info    : [ 50%] Meshing curve 111 (BSpline)
Info    : [ 50%] Meshing curve 112 (BSpline)
Info    : [ 50%] Meshing curve 113 (BSpline)
Info    : [ 50%] Meshing curve 114 (BSpline)
Info    : [ 50%] Meshing curve 115 (BSpline)
Info    : [ 50%] Meshing curve 116 (BSpline)
Info    : [ 50%] Meshing curve 117 (BSpline)
Info    : [ 50%] Meshing curve 118 (BSpline)
Info    : [ 50%] Meshing curve 119 (BSpline)
Info    : [ 50%] Meshing curve 120 (BSpline)
Info    : [ 50%] Meshing curve 121 (BSpline)
Info    : [ 50%] Meshing curve 122 (BSpline)
Info    : [ 50%] Meshing curve 123 (BSpline)
Info    : [ 50%] Meshing curve 124 (BSpline)
Info    : [ 50%] Meshing curve 125 (BSpline)
Info    : [ 50%] Meshing curve 126 (BSpline)
Info    : [ 50%] Meshing curve 127 (BSpline)
Info    : [ 50%] Meshing curve 128 (BSpline)
Info    : [ 60%] Meshing curve 129 (BSpline)
Info    : [ 60%] Meshing curve 130 (BSpline)
Info    : [ 60%] Meshing curve 131 (BSpline)
Info    : [ 60%] Meshing curve 132 (BSpline)
Info    : [ 60%] Meshing curve 133 (BSpline)
Info    : [ 60%] Meshing curve 134 (BSpline)
Info    : [ 60%] Meshing curve 135 (BSpline)
Info    : [ 60%] Meshing curve 136 (BSpline)
Info    : [ 60%] Meshing curve 137 (BSpline)
Info    : [ 60%] Meshing curve 138 (BSpline)
Info    : [ 60%] Meshing curve 139 (BSpline)
Info    : [ 60%] Meshing curve 140 (BSpline)
Info    : [ 60%] Meshing curve 141 (BSpline)
Info    : [ 60%] Meshing curve 142 (BSpline)
Info    : [ 60%] Meshing curve 143 (BSpline)
Info    : [ 60%] Meshing curve 144 (BSpline)
Info    : [ 60%] Meshing curve 145 (BSpline)
Info    : [ 60%] Meshing curve 146 (BSpline)
Info    : [ 60%] Meshing curve 147 (BSpline)
Info    : [ 60%] Meshing curve 148 (BSpline)
Info    : [ 60%] Meshing curve 149 (BSpline)
Info    : [ 60%] Meshing curve 150 (BSpline)
Info    : [ 60%] Meshing curve 151 (BSpline)
Info    : [ 60%] Meshing curve 152 (BSpline)
Info    : [ 60%] Meshing curve 153 (BSpline)
Info    : [ 60%] Meshing curve 154 (BSpline)
Info    : [ 70%] Meshing curve 155 (BSpline)
Info    : [ 70%] Meshing curve 156 (BSpline)
Info    : [ 70%] Meshing curve 157 (BSpline)
Info    : [ 70%] Meshing curve 158 (BSpline)
Info    : [ 70%] Meshing curve 159 (BSpline)
Info    : [ 70%] Meshing curve 160 (BSpline)
Info    : [ 70%] Meshing curve 161 (BSpline)
Info    : [ 70%] Meshing curve 162 (BSpline)
Info    : [ 70%] Meshing curve 163 (BSpline)
Info    : [ 70%] Meshing curve 164 (BSpline)
Info    : [ 70%] Meshing curve 165 (BSpline)
Info    : [ 70%] Meshing curve 166 (BSpline)
Info    : [ 70%] Meshing curve 167 (BSpline)
Info    : [ 70%] Meshing curve 168 (BSpline)
Info    : [ 70%] Meshing curve 169 (BSpline)
Info    : [ 70%] Meshing curve 170 (BSpline)
Info    : [ 70%] Meshing curve 171 (BSpline)
Info    : [ 70%] Meshing curve 172 (BSpline)
Info    : [ 70%] Meshing curve 173 (BSpline)
Info    : [ 70%] Meshing curve 174 (BSpline)
Info    : [ 70%] Meshing curve 175 (BSpline)
Info    : [ 70%] Meshing curve 176 (BSpline)
Info    : [ 70%] Meshing curve 177 (BSpline)
Info    : [ 70%] Meshing curve 178 (BSpline)
Info    : [ 70%] Meshing curve 179 (BSpline)
Info    : [ 80%] Meshing curve 180 (BSpline)
Info    : [ 80%] Meshing curve 181 (BSpline)
Info    : [ 80%] Meshing curve 182 (BSpline)
Info    : [ 80%] Meshing curve 183 (BSpline)
Info    : [ 80%] Meshing curve 184 (BSpline)
Info    : [ 80%] Meshing curve 185 (BSpline)
Info    : [ 80%] Meshing curve 186 (BSpline)
Info    : [ 80%] Meshing curve 187 (BSpline)
Info    : [ 80%] Meshing curve 188 (BSpline)
Info    : [ 80%] Meshing curve 189 (BSpline)
Info    : [ 80%] Meshing curve 190 (BSpline)
Info    : [ 80%] Meshing curve 191 (BSpline)
Info    : [ 80%] Meshing curve 192 (BSpline)
Info    : [ 80%] Meshing curve 193 (BSpline)
Info    : [ 80%] Meshing curve 194 (BSpline)
Info    : [ 80%] Meshing curve 195 (BSpline)
Info    : [ 80%] Meshing curve 196 (BSpline)
Info    : [ 80%] Meshing curve 197 (BSpline)
Info    : [ 80%] Meshing curve 198 (BSpline)
Info    : [ 80%] Meshing curve 199 (BSpline)
Info    : [ 80%] Meshing curve 200 (BSpline)
Info    : [ 80%] Meshing curve 201 (BSpline)
Info    : [ 80%] Meshing curve 202 (BSpline)
Info    : [ 80%] Meshing curve 203 (BSpline)
Info    : [ 80%] Meshing curve 204 (BSpline)
Info    : [ 80%] Meshing curve 205 (BSpline)
Info    : [ 90%] Meshing curve 206 (BSpline)
Info    : [ 90%] Meshing curve 207 (BSpline)
Info    : [ 90%] Meshing curve 208 (BSpline)
Info    : [ 90%] Meshing curve 209 (BSpline)
Info    : [ 90%] Meshing curve 210 (BSpline)
Info    : [ 90%] Meshing curve 211 (BSpline)
Info    : [ 90%] Meshing curve 212 (BSpline)
Info    : [ 90%] Meshing curve 213 (BSpline)
Info    : [ 90%] Meshing curve 214 (BSpline)
Info    : [ 90%] Meshing curve 215 (BSpline)
Info    : [ 90%] Meshing curve 216 (BSpline)
Info    : [ 90%] Meshing curve 217 (BSpline)
Info    : [ 90%] Meshing curve 218 (BSpline)
Info    : [ 90%] Meshing curve 219 (BSpline)
Info    : [ 90%] Meshing curve 220 (BSpline)
Info    : [ 90%] Meshing curve 221 (BSpline)
Info    : [ 90%] Meshing curve 222 (BSpline)
Info    : [ 90%] Meshing curve 223 (BSpline)
Info    : [ 90%] Meshing curve 224 (BSpline)
Info    : [ 90%] Meshing curve 225 (BSpline)
Info    : [ 90%] Meshing curve 226 (BSpline)
Info    : [ 90%] Meshing curve 227 (BSpline)
Info    : [ 90%] Meshing curve 228 (BSpline)
Info    : [ 90%] Meshing curve 229 (BSpline)
Info    : [ 90%] Meshing curve 230 (BSpline)
Info    : [100%] Meshing curve 231 (BSpline)
Info    : [100%] Meshing curve 232 (BSpline)
Info    : [100%] Meshing curve 233 (BSpline)
Info    : [100%] Meshing curve 234 (BSpline)
Info    : [100%] Meshing curve 235 (BSpline)
Info    : [100%] Meshing curve 236 (BSpline)
Info    : [100%] Meshing curve 237 (BSpline)
Info    : [100%] Meshing curve 238 (BSpline)
Info    : [100%] Meshing curve 239 (BSpline)
Info    : [100%] Meshing curve 240 (BSpline)
Info    : [100%] Meshing curve 241 (BSpline)
Info    : [100%] Meshing curve 242 (BSpline)
Info    : [100%] Meshing curve 243 (BSpline)
Info    : [100%] Meshing curve 244 (BSpline)
Info    : [100%] Meshing curve 245 (BSpline)
Info    : [100%] Meshing curve 246 (BSpline)
Info    : [100%] Meshing curve 247 (BSpline)
Info    : [100%] Meshing curve 248 (BSpline)
Info    : [100%] Meshing curve 249 (BSpline)
Info    : [100%] Meshing curve 250 (BSpline)
Info    : [100%] Meshing curve 251 (BSpline)
Info    : [100%] Meshing curve 252 (BSpline)
Info    : [100%] Meshing curve 253 (BSpline)
Info    : [100%] Meshing curve 254 (BSpline)
Info    : [100%] Meshing curve 255 (BSpline)
Info    : Done meshing 1D (Wall 0.562978s, CPU 0.557596s)
Info    : Meshing 2D...
Info    : [  0%] Meshing surface 1 (BSpline surface, Frontal-Delaunay)
Info    : [ 10%] Meshing surface 2 (BSpline surface, Frontal-Delaunay)
Info    : [ 10%] Meshing surface 3 (BSpline surface, Frontal-Delaunay)
Info    : [ 10%] Meshing surface 4 (BSpline surface, Frontal-Delaunay)
Info    : [ 10%] Meshing surface 5 (BSpline surface, Frontal-Delaunay)
Info    : [ 10%] Meshing surface 6 (BSpline surface, Frontal-Delaunay)
Info    : [ 10%] Meshing surface 7 (BSpline surface, Frontal-Delaunay)
Info    : [ 10%] Meshing surface 8 (BSpline surface, Frontal-Delaunay)
Info    : [ 10%] Meshing surface 9 (BSpline surface, Frontal-Delaunay)
Info    : [ 10%] Meshing surface 10 (BSpline surface, Frontal-Delaunay)
Info    : [ 10%] Meshing surface 11 (BSpline surface, Frontal-Delaunay)
Info    : [ 10%] Meshing surface 12 (BSpline surface, Frontal-Delaunay)
Info    : [ 10%] Meshing surface 13 (BSpline surface, Frontal-Delaunay)
Info    : [ 20%] Meshing surface 14 (BSpline surface, Frontal-Delaunay)
Info    : [ 20%] Meshing surface 15 (BSpline surface, Frontal-Delaunay)
Info    : [ 20%] Meshing surface 16 (BSpline surface, Frontal-Delaunay)
Info    : [ 20%] Meshing surface 17 (BSpline surface, Frontal-Delaunay)
Info    : [ 20%] Meshing surface 18 (BSpline surface, Frontal-Delaunay)
Info    : [ 20%] Meshing surface 19 (BSpline surface, Frontal-Delaunay)
Info    : [ 20%] Meshing surface 20 (BSpline surface, Frontal-Delaunay)
Info    : [ 20%] Meshing surface 21 (BSpline surface, Frontal-Delaunay)
Info    : [ 20%] Meshing surface 22 (BSpline surface, Frontal-Delaunay)
Info    : [ 20%] Meshing surface 23 (BSpline surface, Frontal-Delaunay)
Info    : [ 20%] Meshing surface 24 (BSpline surface, Frontal-Delaunay)
Info    : [ 20%] Meshing surface 25 (BSpline surface, Frontal-Delaunay)
Info    : [ 20%] Meshing surface 26 (BSpline surface, Frontal-Delaunay)
Info    : [ 30%] Meshing surface 27 (BSpline surface, Frontal-Delaunay)
Info    : [ 30%] Meshing surface 28 (BSpline surface, Frontal-Delaunay)
Info    : [ 30%] Meshing surface 29 (BSpline surface, Frontal-Delaunay)
Info    : [ 30%] Meshing surface 30 (BSpline surface, Frontal-Delaunay)
Info    : [ 30%] Meshing surface 31 (BSpline surface, Frontal-Delaunay)
Info    : [ 30%] Meshing surface 32 (BSpline surface, Frontal-Delaunay)
Info    : [ 30%] Meshing surface 33 (BSpline surface, Frontal-Delaunay)
Info    : [ 30%] Meshing surface 34 (BSpline surface, Frontal-Delaunay)
Info    : [ 30%] Meshing surface 35 (BSpline surface, Frontal-Delaunay)
Info    : [ 30%] Meshing surface 36 (BSpline surface, Frontal-Delaunay)
Info    : [ 30%] Meshing surface 37 (BSpline surface, Frontal-Delaunay)
Info    : [ 30%] Meshing surface 38 (BSpline surface, Frontal-Delaunay)
Info    : [ 40%] Meshing surface 39 (BSpline surface, Frontal-Delaunay)
Info    : [ 40%] Meshing surface 40 (BSpline surface, Frontal-Delaunay)
Info    : [ 40%] Meshing surface 41 (BSpline surface, Frontal-Delaunay)
Info    : [ 40%] Meshing surface 42 (BSpline surface, Frontal-Delaunay)
Info    : [ 40%] Meshing surface 43 (BSpline surface, Frontal-Delaunay)
Info    : [ 40%] Meshing surface 44 (BSpline surface, Frontal-Delaunay)
Info    : [ 40%] Meshing surface 45 (BSpline surface, Frontal-Delaunay)
Info    : [ 40%] Meshing surface 46 (BSpline surface, Frontal-Delaunay)
Info    : [ 40%] Meshing surface 47 (BSpline surface, Frontal-Delaunay)
Info    : [ 40%] Meshing surface 48 (BSpline surface, Frontal-Delaunay)
Info    : [ 40%] Meshing surface 49 (BSpline surface, Frontal-Delaunay)
Info    : [ 40%] Meshing surface 50 (BSpline surface, Frontal-Delaunay)
Info    : [ 40%] Meshing surface 51 (BSpline surface, Frontal-Delaunay)
Info    : [ 50%] Meshing surface 52 (BSpline surface, Frontal-Delaunay)
Info    : [ 50%] Meshing surface 53 (BSpline surface, Frontal-Delaunay)
Info    : [ 50%] Meshing surface 54 (BSpline surface, Frontal-Delaunay)
Info    : [ 50%] Meshing surface 55 (BSpline surface, Frontal-Delaunay)
Info    : [ 50%] Meshing surface 56 (BSpline surface, Frontal-Delaunay)
Info    : [ 50%] Meshing surface 57 (BSpline surface, Frontal-Delaunay)
Info    : [ 50%] Meshing surface 58 (BSpline surface, Frontal-Delaunay)
Info    : [ 50%] Meshing surface 59 (BSpline surface, Frontal-Delaunay)
Info    : [ 50%] Meshing surface 60 (BSpline surface, Frontal-Delaunay)
Info    : [ 50%] Meshing surface 61 (BSpline surface, Frontal-Delaunay)
Info    : [ 50%] Meshing surface 62 (BSpline surface, Frontal-Delaunay)
Info    : [ 50%] Meshing surface 63 (BSpline surface, Frontal-Delaunay)
Info    : [ 60%] Meshing surface 64 (BSpline surface, Frontal-Delaunay)
Info    : [ 60%] Meshing surface 65 (BSpline surface, Frontal-Delaunay)
Info    : [ 60%] Meshing surface 66 (BSpline surface, Frontal-Delaunay)
Info    : [ 60%] Meshing surface 67 (BSpline surface, Frontal-Delaunay)
Info    : [ 60%] Meshing surface 68 (BSpline surface, Frontal-Delaunay)
Info    : [ 60%] Meshing surface 69 (BSpline surface, Frontal-Delaunay)
Info    : [ 60%] Meshing surface 70 (BSpline surface, Frontal-Delaunay)
Info    : [ 60%] Meshing surface 71 (BSpline surface, Frontal-Delaunay)
Info    : [ 60%] Meshing surface 72 (BSpline surface, Frontal-Delaunay)
Info    : [ 60%] Meshing surface 73 (BSpline surface, Frontal-Delaunay)
Info    : [ 60%] Meshing surface 74 (BSpline surface, Frontal-Delaunay)
Info    : [ 60%] Meshing surface 75 (BSpline surface, Frontal-Delaunay)
Info    : [ 60%] Meshing surface 76 (BSpline surface, Frontal-Delaunay)
Info    : [ 70%] Meshing surface 77 (BSpline surface, Frontal-Delaunay)
Info    : [ 70%] Meshing surface 78 (BSpline surface, Frontal-Delaunay)
Info    : [ 70%] Meshing surface 79 (BSpline surface, Frontal-Delaunay)
Info    : [ 70%] Meshing surface 80 (BSpline surface, Frontal-Delaunay)
Info    : [ 70%] Meshing surface 81 (BSpline surface, Frontal-Delaunay)
Info    : [ 70%] Meshing surface 82 (BSpline surface, Frontal-Delaunay)
Info    : [ 70%] Meshing surface 83 (BSpline surface, Frontal-Delaunay)
Info    : [ 70%] Meshing surface 84 (BSpline surface, Frontal-Delaunay)
Info    : [ 70%] Meshing surface 85 (BSpline surface, Frontal-Delaunay)
Info    : [ 70%] Meshing surface 86 (BSpline surface, Frontal-Delaunay)
Info    : [ 70%] Meshing surface 87 (BSpline surface, Frontal-Delaunay)
Info    : [ 70%] Meshing surface 88 (BSpline surface, Frontal-Delaunay)
Info    : [ 80%] Meshing surface 89 (BSpline surface, Frontal-Delaunay)
Info    : [ 80%] Meshing surface 90 (BSpline surface, Frontal-Delaunay)
Info    : [ 80%] Meshing surface 91 (BSpline surface, Frontal-Delaunay)
Info    : [ 80%] Meshing surface 92 (BSpline surface, Frontal-Delaunay)
Info    : [ 80%] Meshing surface 93 (BSpline surface, Frontal-Delaunay)
Info    : [ 80%] Meshing surface 94 (BSpline surface, Frontal-Delaunay)
Info    : [ 80%] Meshing surface 95 (BSpline surface, Frontal-Delaunay)
Info    : [ 80%] Meshing surface 96 (BSpline surface, Frontal-Delaunay)
Info    : [ 80%] Meshing surface 97 (BSpline surface, Frontal-Delaunay)
Info    : [ 80%] Meshing surface 98 (BSpline surface, Frontal-Delaunay)
Info    : [ 80%] Meshing surface 99 (BSpline surface, Frontal-Delaunay)
Info    : [ 80%] Meshing surface 100 (BSpline surface, Frontal-Delaunay)
Info    : [ 80%] Meshing surface 101 (BSpline surface, Frontal-Delaunay)
Info    : [ 90%] Meshing surface 102 (BSpline surface, Frontal-Delaunay)
Info    : [ 90%] Meshing surface 103 (BSpline surface, Frontal-Delaunay)
Info    : [ 90%] Meshing surface 104 (BSpline surface, Frontal-Delaunay)
Info    : [ 90%] Meshing surface 105 (BSpline surface, Frontal-Delaunay)
Info    : [ 90%] Meshing surface 106 (BSpline surface, Frontal-Delaunay)
Info    : [ 90%] Meshing surface 107 (BSpline surface, Frontal-Delaunay)
Info    : [ 90%] Meshing surface 108 (BSpline surface, Frontal-Delaunay)
Info    : [ 90%] Meshing surface 109 (BSpline surface, Frontal-Delaunay)
Info    : [ 90%] Meshing surface 110 (BSpline surface, Frontal-Delaunay)
Info    : [ 90%] Meshing surface 111 (BSpline surface, Frontal-Delaunay)
Info    : [ 90%] Meshing surface 112 (BSpline surface, Frontal-Delaunay)
Info    : [ 90%] Meshing surface 113 (BSpline surface, Frontal-Delaunay)
Info    : [100%] Meshing surface 114 (BSpline surface, Frontal-Delaunay)
Info    : [100%] Meshing surface 115 (BSpline surface, Frontal-Delaunay)
Info    : [100%] Meshing surface 116 (BSpline surface, Frontal-Delaunay)
Info    : [100%] Meshing surface 117 (BSpline surface, Frontal-Delaunay)
Info    : [100%] Meshing surface 118 (BSpline surface, Frontal-Delaunay)
Info    : [100%] Meshing surface 119 (BSpline surface, Frontal-Delaunay)
Info    : [100%] Meshing surface 120 (BSpline surface, Frontal-Delaunay)
Info    : [100%] Meshing surface 121 (BSpline surface, Frontal-Delaunay)
Info    : [100%] Meshing surface 122 (BSpline surface, Frontal-Delaunay)
Info    : [100%] Meshing surface 123 (Plane, Frontal-Delaunay)
Info    : [100%] Meshing surface 124 (Plane, Frontal-Delaunay)
Info    : [100%] Meshing surface 125 (Plane, Frontal-Delaunay)
Info    : Done meshing 2D (Wall 15.0923s, CPU 15.0339s)
Info    : Meshing 3D...
Info    : 3D Meshing 1 volume with 1 connected component
Info    : Tetrahedrizing 39576 nodes...
Info    : Done tetrahedrizing 39584 nodes (Wall 0.329031s, CPU 0.323898s)
Info    : Reconstructing mesh...
Info    :  - Creating surface mesh
Info    :  - Identifying boundary edges
Info    :  - Recovering boundary
Info    : Done reconstructing mesh (Wall 1.09216s, CPU 1.06608s)
Info    : Found volume 1
Info    : It. 0 - 0 nodes created - worst tet radius 37.5779 (nodes removed 0 0)
Info    : It. 500 - 394 nodes created - worst tet radius 5.88673 (nodes removed 0 106)
Info    : It. 1000 - 885 nodes created - worst tet radius 4.69993 (nodes removed 0 115)
Info    : It. 1500 - 1379 nodes created - worst tet radius 4.13062 (nodes removed 0 121)
Info    : It. 2000 - 1877 nodes created - worst tet radius 3.77574 (nodes removed 0 123)
Info    : It. 2500 - 2376 nodes created - worst tet radius 3.5226 (nodes removed 0 124)
Info    : It. 3000 - 2873 nodes created - worst tet radius 3.32859 (nodes removed 0 127)
Info    : It. 3500 - 3370 nodes created - worst tet radius 3.17619 (nodes removed 0 130)
Info    : It. 4000 - 3867 nodes created - worst tet radius 3.04736 (nodes removed 0 133)
Info    : It. 4500 - 4365 nodes created - worst tet radius 2.94045 (nodes removed 0 135)
Info    : It. 5000 - 4860 nodes created - worst tet radius 2.84934 (nodes removed 0 140)
Info    : It. 5500 - 5359 nodes created - worst tet radius 2.76591 (nodes removed 0 141)
Info    : It. 6000 - 5857 nodes created - worst tet radius 2.692 (nodes removed 0 143)
Info    : It. 6500 - 6356 nodes created - worst tet radius 2.6265 (nodes removed 0 144)
Info    : It. 7000 - 6855 nodes created - worst tet radius 2.56983 (nodes removed 0 145)
Info    : It. 7500 - 7355 nodes created - worst tet radius 2.51425 (nodes removed 0 145)
Info    : It. 8000 - 7853 nodes created - worst tet radius 2.46197 (nodes removed 0 147)
Info    : It. 8500 - 8351 nodes created - worst tet radius 2.41794 (nodes removed 0 149)
Info    : It. 9000 - 8850 nodes created - worst tet radius 2.37832 (nodes removed 0 150)
Info    : It. 9500 - 9350 nodes created - worst tet radius 2.33983 (nodes removed 0 150)
Info    : It. 10000 - 9850 nodes created - worst tet radius 2.30044 (nodes removed 0 150)
Info    : It. 10500 - 10347 nodes created - worst tet radius 2.26482 (nodes removed 0 153)
Info    : It. 11000 - 10846 nodes created - worst tet radius 2.2312 (nodes removed 0 154)
Info    : It. 11500 - 11346 nodes created - worst tet radius 2.19949 (nodes removed 0 154)
Info    : It. 12000 - 11845 nodes created - worst tet radius 2.16808 (nodes removed 0 155)
Info    : It. 12500 - 12343 nodes created - worst tet radius 2.13968 (nodes removed 0 157)
Info    : It. 13000 - 12842 nodes created - worst tet radius 2.11199 (nodes removed 0 158)
Info    : It. 13500 - 13340 nodes created - worst tet radius 2.08878 (nodes removed 0 160)
Info    : It. 14000 - 13840 nodes created - worst tet radius 2.06555 (nodes removed 0 160)
Info    : It. 14500 - 14340 nodes created - worst tet radius 2.04429 (nodes removed 0 160)
Info    : It. 15000 - 14840 nodes created - worst tet radius 2.02317 (nodes removed 0 160)
Info    : It. 15500 - 15340 nodes created - worst tet radius 2.00365 (nodes removed 0 160)
Info    : It. 16000 - 15840 nodes created - worst tet radius 1.9839 (nodes removed 0 160)
Info    : It. 16500 - 16340 nodes created - worst tet radius 1.96416 (nodes removed 0 160)
Info    : It. 17000 - 16839 nodes created - worst tet radius 1.94553 (nodes removed 0 161)
Info    : It. 17500 - 17338 nodes created - worst tet radius 1.92974 (nodes removed 0 162)
Info    : It. 18000 - 17836 nodes created - worst tet radius 1.91199 (nodes removed 0 164)
Info    : It. 18500 - 18336 nodes created - worst tet radius 1.89583 (nodes removed 0 164)
Info    : It. 19000 - 18836 nodes created - worst tet radius 1.8799 (nodes removed 0 164)
Info    : It. 19500 - 19336 nodes created - worst tet radius 1.86487 (nodes removed 0 164)
Info    : It. 20000 - 19836 nodes created - worst tet radius 1.84961 (nodes removed 0 164)
Info    : It. 20500 - 20334 nodes created - worst tet radius 1.83611 (nodes removed 0 166)
Info    : It. 21000 - 20833 nodes created - worst tet radius 1.82235 (nodes removed 0 167)
Info    : It. 21500 - 21332 nodes created - worst tet radius 1.80907 (nodes removed 0 168)
Info    : It. 22000 - 21831 nodes created - worst tet radius 1.79592 (nodes removed 0 169)
Info    : It. 22500 - 22330 nodes created - worst tet radius 1.78408 (nodes removed 0 170)
Info    : It. 23000 - 22827 nodes created - worst tet radius 1.77161 (nodes removed 0 173)
Info    : It. 23500 - 23327 nodes created - worst tet radius 1.7595 (nodes removed 0 173)
Info    : It. 24000 - 23827 nodes created - worst tet radius 1.7481 (nodes removed 0 173)
Info    : It. 24500 - 24327 nodes created - worst tet radius 1.73701 (nodes removed 0 173)
Info    : It. 25000 - 24826 nodes created - worst tet radius 1.72607 (nodes removed 0 174)
Info    : It. 25500 - 25326 nodes created - worst tet radius 1.71453 (nodes removed 0 174)
Info    : It. 26000 - 25825 nodes created - worst tet radius 1.70464 (nodes removed 0 175)
Info    : It. 26500 - 26324 nodes created - worst tet radius 1.69486 (nodes removed 0 176)
Info    : It. 27000 - 26824 nodes created - worst tet radius 1.68448 (nodes removed 0 176)
Info    : It. 27500 - 27321 nodes created - worst tet radius 1.67435 (nodes removed 0 179)
Info    : It. 28000 - 27821 nodes created - worst tet radius 1.66454 (nodes removed 0 179)
Info    : It. 28500 - 28321 nodes created - worst tet radius 1.65584 (nodes removed 0 179)
Info    : It. 29000 - 28821 nodes created - worst tet radius 1.64684 (nodes removed 0 179)
Info    : It. 29500 - 29321 nodes created - worst tet radius 1.63826 (nodes removed 0 179)
Info    : It. 30000 - 29821 nodes created - worst tet radius 1.63 (nodes removed 0 179)
Info    : It. 30500 - 30321 nodes created - worst tet radius 1.62104 (nodes removed 0 179)
Info    : It. 31000 - 30820 nodes created - worst tet radius 1.61261 (nodes removed 0 180)
Info    : It. 31500 - 31320 nodes created - worst tet radius 1.60465 (nodes removed 0 180)
Info    : It. 32000 - 31820 nodes created - worst tet radius 1.59639 (nodes removed 0 180)
Info    : It. 32500 - 32320 nodes created - worst tet radius 1.58833 (nodes removed 0 180)
Info    : It. 33000 - 32819 nodes created - worst tet radius 1.58038 (nodes removed 0 181)
Info    : It. 33500 - 33319 nodes created - worst tet radius 1.57312 (nodes removed 0 181)
Info    : It. 34000 - 33818 nodes created - worst tet radius 1.56596 (nodes removed 0 182)
Info    : It. 34500 - 34314 nodes created - worst tet radius 1.55793 (nodes removed 0 186)
Info    : It. 35000 - 34813 nodes created - worst tet radius 1.55052 (nodes removed 0 187)
Info    : It. 35500 - 35311 nodes created - worst tet radius 1.54316 (nodes removed 0 189)
Info    : It. 36000 - 35810 nodes created - worst tet radius 1.53621 (nodes removed 0 190)
Info    : It. 36500 - 36310 nodes created - worst tet radius 1.53008 (nodes removed 0 190)
Info    : It. 37000 - 36810 nodes created - worst tet radius 1.52315 (nodes removed 0 190)
Info    : It. 37500 - 37307 nodes created - worst tet radius 1.51652 (nodes removed 0 193)
Info    : It. 38000 - 37807 nodes created - worst tet radius 1.51023 (nodes removed 0 193)
Info    : It. 38500 - 38306 nodes created - worst tet radius 1.50327 (nodes removed 0 194)
Info    : It. 39000 - 38806 nodes created - worst tet radius 1.49718 (nodes removed 0 194)
Info    : It. 39500 - 39306 nodes created - worst tet radius 1.49053 (nodes removed 0 194)
Info    : It. 40000 - 39806 nodes created - worst tet radius 1.48476 (nodes removed 0 194)
Info    : It. 40500 - 40305 nodes created - worst tet radius 1.479 (nodes removed 0 195)
Info    : It. 41000 - 40803 nodes created - worst tet radius 1.47341 (nodes removed 0 197)
Info    : It. 41500 - 41303 nodes created - worst tet radius 1.46763 (nodes removed 0 197)
Info    : It. 42000 - 41803 nodes created - worst tet radius 1.46225 (nodes removed 0 197)
Info    : It. 42500 - 42303 nodes created - worst tet radius 1.45675 (nodes removed 0 197)
Info    : It. 43000 - 42803 nodes created - worst tet radius 1.45115 (nodes removed 0 197)
Info    : It. 43500 - 43302 nodes created - worst tet radius 1.44589 (nodes removed 0 198)
Info    : It. 44000 - 43801 nodes created - worst tet radius 1.44085 (nodes removed 0 199)
Info    : It. 44500 - 44300 nodes created - worst tet radius 1.43576 (nodes removed 0 200)
Info    : It. 45000 - 44800 nodes created - worst tet radius 1.43057 (nodes removed 0 200)
Info    : It. 45500 - 45298 nodes created - worst tet radius 1.42536 (nodes removed 0 202)
Info    : It. 46000 - 45798 nodes created - worst tet radius 1.42054 (nodes removed 0 202)
Info    : It. 46500 - 46298 nodes created - worst tet radius 1.41606 (nodes removed 0 202)
Info    : It. 47000 - 46798 nodes created - worst tet radius 1.41136 (nodes removed 0 202)
Info    : It. 47500 - 47298 nodes created - worst tet radius 1.4067 (nodes removed 0 202)
Info    : It. 48000 - 47798 nodes created - worst tet radius 1.40211 (nodes removed 0 202)
Info    : It. 48500 - 48297 nodes created - worst tet radius 1.39752 (nodes removed 0 203)
Info    : It. 49000 - 48797 nodes created - worst tet radius 1.39296 (nodes removed 0 203)
Info    : It. 49500 - 49297 nodes created - worst tet radius 1.38878 (nodes removed 0 203)
Info    : It. 50000 - 49797 nodes created - worst tet radius 1.38481 (nodes removed 0 203)
Info    : It. 50500 - 50297 nodes created - worst tet radius 1.38041 (nodes removed 0 203)
Info    : It. 51000 - 50796 nodes created - worst tet radius 1.37619 (nodes removed 0 204)
Info    : It. 51500 - 51296 nodes created - worst tet radius 1.37212 (nodes removed 0 204)
Info    : It. 52000 - 51796 nodes created - worst tet radius 1.36775 (nodes removed 0 204)
Info    : It. 52500 - 52296 nodes created - worst tet radius 1.36374 (nodes removed 0 204)
Info    : It. 53000 - 52796 nodes created - worst tet radius 1.3597 (nodes removed 0 204)
Info    : It. 53500 - 53296 nodes created - worst tet radius 1.3555 (nodes removed 0 204)
Info    : It. 54000 - 53796 nodes created - worst tet radius 1.35125 (nodes removed 0 204)
Info    : It. 54500 - 54294 nodes created - worst tet radius 1.34692 (nodes removed 0 206)
Info    : It. 55000 - 54793 nodes created - worst tet radius 1.34291 (nodes removed 0 207)
Info    : It. 55500 - 55292 nodes created - worst tet radius 1.33883 (nodes removed 0 208)
Info    : It. 56000 - 55792 nodes created - worst tet radius 1.33509 (nodes removed 0 208)
Info    : It. 56500 - 56291 nodes created - worst tet radius 1.33126 (nodes removed 0 209)
Info    : It. 57000 - 56791 nodes created - worst tet radius 1.32772 (nodes removed 0 209)
Info    : It. 57500 - 57291 nodes created - worst tet radius 1.32404 (nodes removed 0 209)
Info    : It. 58000 - 57791 nodes created - worst tet radius 1.32021 (nodes removed 0 209)
Info    : It. 58500 - 58291 nodes created - worst tet radius 1.31641 (nodes removed 0 209)
Info    : It. 59000 - 58786 nodes created - worst tet radius 1.31267 (nodes removed 0 214)
Info    : It. 59500 - 59286 nodes created - worst tet radius 1.30929 (nodes removed 0 214)
Info    : It. 60000 - 59785 nodes created - worst tet radius 1.30595 (nodes removed 0 215)
Info    : It. 60500 - 60283 nodes created - worst tet radius 1.3027 (nodes removed 0 217)
Info    : It. 61000 - 60782 nodes created - worst tet radius 1.29918 (nodes removed 0 218)
Info    : It. 61500 - 61282 nodes created - worst tet radius 1.29579 (nodes removed 0 218)
Info    : It. 62000 - 61780 nodes created - worst tet radius 1.2925 (nodes removed 0 220)
Info    : It. 62500 - 62280 nodes created - worst tet radius 1.28918 (nodes removed 0 220)
Info    : It. 63000 - 62778 nodes created - worst tet radius 1.28592 (nodes removed 0 222)
Info    : It. 63500 - 63278 nodes created - worst tet radius 1.28263 (nodes removed 0 222)
Info    : It. 64000 - 63778 nodes created - worst tet radius 1.27952 (nodes removed 0 222)
Info    : It. 64500 - 64277 nodes created - worst tet radius 1.27626 (nodes removed 0 223)
Info    : It. 65000 - 64777 nodes created - worst tet radius 1.27316 (nodes removed 0 223)
Info    : It. 65500 - 65277 nodes created - worst tet radius 1.27009 (nodes removed 0 223)
Info    : It. 66000 - 65777 nodes created - worst tet radius 1.26721 (nodes removed 0 223)
Info    : It. 66500 - 66276 nodes created - worst tet radius 1.26443 (nodes removed 0 224)
Info    : It. 67000 - 66774 nodes created - worst tet radius 1.2612 (nodes removed 0 226)
Info    : It. 67500 - 67274 nodes created - worst tet radius 1.25849 (nodes removed 0 226)
Info    : It. 68000 - 67774 nodes created - worst tet radius 1.25565 (nodes removed 0 226)
Info    : It. 68500 - 68274 nodes created - worst tet radius 1.25272 (nodes removed 0 226)
Info    : It. 69000 - 68774 nodes created - worst tet radius 1.24985 (nodes removed 0 226)
Info    : It. 69500 - 69272 nodes created - worst tet radius 1.24712 (nodes removed 0 228)
Info    : It. 70000 - 69772 nodes created - worst tet radius 1.24433 (nodes removed 0 228)
Info    : It. 70500 - 70272 nodes created - worst tet radius 1.24161 (nodes removed 0 228)
Info    : It. 71000 - 70771 nodes created - worst tet radius 1.2388 (nodes removed 0 229)
Info    : It. 71500 - 71271 nodes created - worst tet radius 1.23622 (nodes removed 0 229)
Info    : It. 72000 - 71771 nodes created - worst tet radius 1.23333 (nodes removed 0 229)
Info    : It. 72500 - 72271 nodes created - worst tet radius 1.23053 (nodes removed 0 229)
Info    : It. 73000 - 72769 nodes created - worst tet radius 1.2279 (nodes removed 0 231)
Info    : It. 73500 - 73268 nodes created - worst tet radius 1.22532 (nodes removed 0 232)
Info    : It. 74000 - 73768 nodes created - worst tet radius 1.22277 (nodes removed 0 232)
Info    : It. 74500 - 74267 nodes created - worst tet radius 1.22038 (nodes removed 0 233)
Info    : It. 75000 - 74767 nodes created - worst tet radius 1.21757 (nodes removed 0 233)
Info    : It. 75500 - 75267 nodes created - worst tet radius 1.21478 (nodes removed 0 233)
Info    : It. 76000 - 75767 nodes created - worst tet radius 1.21214 (nodes removed 0 233)
Info    : It. 76500 - 76267 nodes created - worst tet radius 1.20955 (nodes removed 0 233)
Info    : It. 77000 - 76766 nodes created - worst tet radius 1.20692 (nodes removed 0 234)
Info    : It. 77500 - 77265 nodes created - worst tet radius 1.20438 (nodes removed 0 235)
Info    : It. 78000 - 77765 nodes created - worst tet radius 1.2019 (nodes removed 0 235)
Info    : It. 78500 - 78263 nodes created - worst tet radius 1.19956 (nodes removed 0 237)
Info    : It. 79000 - 78762 nodes created - worst tet radius 1.19729 (nodes removed 0 238)
Info    : It. 79500 - 79260 nodes created - worst tet radius 1.19481 (nodes removed 0 240)
Info    : It. 80000 - 79760 nodes created - worst tet radius 1.1927 (nodes removed 0 240)
Info    : It. 80500 - 80259 nodes created - worst tet radius 1.1904 (nodes removed 0 241)
Info    : It. 81000 - 80758 nodes created - worst tet radius 1.18813 (nodes removed 0 242)
Info    : It. 81500 - 81258 nodes created - worst tet radius 1.1858 (nodes removed 0 242)
Info    : It. 82000 - 81758 nodes created - worst tet radius 1.18342 (nodes removed 0 242)
Info    : It. 82500 - 82258 nodes created - worst tet radius 1.18113 (nodes removed 0 242)
Info    : It. 83000 - 82756 nodes created - worst tet radius 1.17868 (nodes removed 0 244)
Info    : It. 83500 - 83252 nodes created - worst tet radius 1.17628 (nodes removed 0 248)
Info    : It. 84000 - 83752 nodes created - worst tet radius 1.17397 (nodes removed 0 248)
Info    : It. 84500 - 84248 nodes created - worst tet radius 1.17169 (nodes removed 0 252)
Info    : It. 85000 - 84748 nodes created - worst tet radius 1.16942 (nodes removed 0 252)
Info    : It. 85500 - 85248 nodes created - worst tet radius 1.16718 (nodes removed 0 252)
Info    : It. 86000 - 85743 nodes created - worst tet radius 1.16489 (nodes removed 1 256)
Info    : It. 86500 - 86243 nodes created - worst tet radius 1.16282 (nodes removed 1 256)
Info    : It. 87000 - 86743 nodes created - worst tet radius 1.1606 (nodes removed 1 256)
Info    : It. 87500 - 87243 nodes created - worst tet radius 1.15848 (nodes removed 1 256)
Info    : It. 88000 - 87743 nodes created - worst tet radius 1.15633 (nodes removed 1 256)
Info    : It. 88500 - 88243 nodes created - worst tet radius 1.15416 (nodes removed 1 256)
Info    : It. 89000 - 88735 nodes created - worst tet radius 1.15207 (nodes removed 1 264)
Info    : It. 89500 - 89235 nodes created - worst tet radius 1.14999 (nodes removed 1 264)
Info    : It. 90000 - 89734 nodes created - worst tet radius 1.14793 (nodes removed 1 265)
Info    : It. 90500 - 90234 nodes created - worst tet radius 1.14586 (nodes removed 1 265)
Info    : It. 91000 - 90734 nodes created - worst tet radius 1.1439 (nodes removed 1 265)
Info    : It. 91500 - 91233 nodes created - worst tet radius 1.14179 (nodes removed 1 266)
Info    : It. 92000 - 91733 nodes created - worst tet radius 1.13987 (nodes removed 1 266)
Info    : It. 92500 - 92231 nodes created - worst tet radius 1.13789 (nodes removed 1 268)
Info    : It. 93000 - 92730 nodes created - worst tet radius 1.13586 (nodes removed 1 269)
Info    : It. 93500 - 93229 nodes created - worst tet radius 1.13398 (nodes removed 1 270)
Info    : It. 94000 - 93728 nodes created - worst tet radius 1.13206 (nodes removed 1 271)
Info    : It. 94500 - 94228 nodes created - worst tet radius 1.13009 (nodes removed 1 271)
Info    : It. 95000 - 94728 nodes created - worst tet radius 1.12823 (nodes removed 1 271)
Info    : It. 95500 - 95228 nodes created - worst tet radius 1.12636 (nodes removed 1 271)
Info    : It. 96000 - 95728 nodes created - worst tet radius 1.12439 (nodes removed 1 271)
Info    : It. 96500 - 96228 nodes created - worst tet radius 1.12243 (nodes removed 1 271)
Info    : It. 97000 - 96728 nodes created - worst tet radius 1.12059 (nodes removed 1 271)
Info    : It. 97500 - 97228 nodes created - worst tet radius 1.1188 (nodes removed 1 271)
Info    : It. 98000 - 97727 nodes created - worst tet radius 1.117 (nodes removed 1 272)
Info    : It. 98500 - 98227 nodes created - worst tet radius 1.11518 (nodes removed 1 272)
Info    : It. 99000 - 98727 nodes created - worst tet radius 1.11342 (nodes removed 1 272)
Info    : It. 99500 - 99226 nodes created - worst tet radius 1.1119 (nodes removed 1 273)
Info    : It. 100000 - 99726 nodes created - worst tet radius 1.11006 (nodes removed 1 273)
Info    : It. 100500 - 100226 nodes created - worst tet radius 1.10829 (nodes removed 1 273)
Info    : It. 101000 - 100726 nodes created - worst tet radius 1.10663 (nodes removed 1 273)
Info    : It. 101500 - 101226 nodes created - worst tet radius 1.1048 (nodes removed 1 273)
Info    : It. 102000 - 101726 nodes created - worst tet radius 1.10302 (nodes removed 1 273)
Info    : It. 102500 - 102225 nodes created - worst tet radius 1.1013 (nodes removed 1 274)
Info    : It. 103000 - 102724 nodes created - worst tet radius 1.0997 (nodes removed 1 275)
Info    : It. 103500 - 103224 nodes created - worst tet radius 1.09795 (nodes removed 1 275)
Info    : It. 104000 - 103724 nodes created - worst tet radius 1.0963 (nodes removed 1 275)
Info    : It. 104500 - 104224 nodes created - worst tet radius 1.09469 (nodes removed 1 275)
Info    : It. 105000 - 104724 nodes created - worst tet radius 1.09293 (nodes removed 1 275)
Info    : It. 105500 - 105224 nodes created - worst tet radius 1.09125 (nodes removed 1 275)
Info    : It. 106000 - 105724 nodes created - worst tet radius 1.08955 (nodes removed 1 275)
Info    : It. 106500 - 106221 nodes created - worst tet radius 1.088 (nodes removed 1 278)
Info    : It. 107000 - 106721 nodes created - worst tet radius 1.08646 (nodes removed 1 278)
Info    : It. 107500 - 107221 nodes created - worst tet radius 1.08481 (nodes removed 1 278)
Info    : It. 108000 - 107709 nodes created - worst tet radius 1.08319 (nodes removed 1 290)
Info    : It. 108500 - 108208 nodes created - worst tet radius 1.08167 (nodes removed 1 291)
Info    : It. 109000 - 108706 nodes created - worst tet radius 1.08014 (nodes removed 1 293)
Info    : It. 109500 - 109206 nodes created - worst tet radius 1.07852 (nodes removed 1 293)
Info    : It. 110000 - 109706 nodes created - worst tet radius 1.07704 (nodes removed 1 293)
Info    : It. 110500 - 110204 nodes created - worst tet radius 1.07549 (nodes removed 1 295)
Info    : It. 111000 - 110703 nodes created - worst tet radius 1.07402 (nodes removed 1 296)
Info    : It. 111500 - 111202 nodes created - worst tet radius 1.07245 (nodes removed 1 297)
Info    : It. 112000 - 111702 nodes created - worst tet radius 1.07094 (nodes removed 1 297)
Info    : It. 112500 - 112200 nodes created - worst tet radius 1.06942 (nodes removed 1 299)
Info    : It. 113000 - 112698 nodes created - worst tet radius 1.06793 (nodes removed 1 301)
Info    : It. 113500 - 113198 nodes created - worst tet radius 1.06646 (nodes removed 1 301)
Info    : It. 114000 - 113698 nodes created - worst tet radius 1.06502 (nodes removed 1 301)
Info    : It. 114500 - 114198 nodes created - worst tet radius 1.06355 (nodes removed 1 301)
Info    : It. 115000 - 114694 nodes created - worst tet radius 1.06215 (nodes removed 1 305)
Info    : It. 115500 - 115194 nodes created - worst tet radius 1.06058 (nodes removed 1 305)
Info    : It. 116000 - 115694 nodes created - worst tet radius 1.05904 (nodes removed 1 305)
Info    : It. 116500 - 116194 nodes created - worst tet radius 1.05764 (nodes removed 1 305)
Info    : It. 117000 - 116693 nodes created - worst tet radius 1.05611 (nodes removed 1 306)
Info    : It. 117500 - 117193 nodes created - worst tet radius 1.05465 (nodes removed 1 306)
Info    : It. 118000 - 117693 nodes created - worst tet radius 1.05332 (nodes removed 1 306)
Info    : It. 118500 - 118193 nodes created - worst tet radius 1.0519 (nodes removed 1 306)
Info    : It. 119000 - 118693 nodes created - worst tet radius 1.05047 (nodes removed 1 306)
Info    : It. 119500 - 119192 nodes created - worst tet radius 1.04912 (nodes removed 1 307)
Info    : It. 120000 - 119692 nodes created - worst tet radius 1.04773 (nodes removed 1 307)
Info    : It. 120500 - 120192 nodes created - worst tet radius 1.0463 (nodes removed 1 307)
Info    : It. 121000 - 120692 nodes created - worst tet radius 1.04486 (nodes removed 1 307)
Info    : It. 121500 - 121192 nodes created - worst tet radius 1.04343 (nodes removed 1 307)
Info    : It. 122000 - 121692 nodes created - worst tet radius 1.04197 (nodes removed 1 307)
Info    : It. 122500 - 122192 nodes created - worst tet radius 1.0406 (nodes removed 1 307)
Info    : It. 123000 - 122692 nodes created - worst tet radius 1.03929 (nodes removed 1 307)
Info    : It. 123500 - 123192 nodes created - worst tet radius 1.03782 (nodes removed 1 307)
Info    : It. 124000 - 123692 nodes created - worst tet radius 1.03656 (nodes removed 1 307)
Info    : It. 124500 - 124192 nodes created - worst tet radius 1.03518 (nodes removed 1 307)
Info    : It. 125000 - 124691 nodes created - worst tet radius 1.03386 (nodes removed 1 308)
Info    : It. 125500 - 125191 nodes created - worst tet radius 1.03253 (nodes removed 1 308)
Info    : It. 126000 - 125690 nodes created - worst tet radius 1.03129 (nodes removed 1 309)
Info    : It. 126500 - 126190 nodes created - worst tet radius 1.03002 (nodes removed 1 309)
Info    : It. 127000 - 126690 nodes created - worst tet radius 1.02863 (nodes removed 1 309)
Info    : It. 127500 - 127190 nodes created - worst tet radius 1.0274 (nodes removed 1 309)
Info    : It. 128000 - 127690 nodes created - worst tet radius 1.02609 (nodes removed 1 309)
Info    : It. 128500 - 128189 nodes created - worst tet radius 1.02489 (nodes removed 1 310)
Info    : It. 129000 - 128689 nodes created - worst tet radius 1.02354 (nodes removed 1 310)
Info    : It. 129500 - 129188 nodes created - worst tet radius 1.0222 (nodes removed 1 311)
Info    : It. 130000 - 129688 nodes created - worst tet radius 1.021 (nodes removed 1 311)
Info    : It. 130500 - 130188 nodes created - worst tet radius 1.01971 (nodes removed 1 311)
Info    : It. 131000 - 130687 nodes created - worst tet radius 1.01845 (nodes removed 1 312)
Info    : It. 131500 - 131187 nodes created - worst tet radius 1.01724 (nodes removed 1 312)
Info    : It. 132000 - 131686 nodes created - worst tet radius 1.01589 (nodes removed 1 313)
Info    : It. 132500 - 132186 nodes created - worst tet radius 1.01469 (nodes removed 1 313)
Info    : It. 133000 - 132685 nodes created - worst tet radius 1.01349 (nodes removed 1 314)
Info    : It. 133500 - 133185 nodes created - worst tet radius 1.01229 (nodes removed 1 314)
Info    : It. 134000 - 133685 nodes created - worst tet radius 1.01109 (nodes removed 1 314)
Info    : It. 134500 - 134185 nodes created - worst tet radius 1.0099 (nodes removed 1 314)
Info    : It. 135000 - 134685 nodes created - worst tet radius 1.00867 (nodes removed 1 314)
Info    : It. 135500 - 135184 nodes created - worst tet radius 1.00743 (nodes removed 1 315)
Info    : It. 136000 - 135684 nodes created - worst tet radius 1.00628 (nodes removed 1 315)
Info    : It. 136500 - 136180 nodes created - worst tet radius 1.00507 (nodes removed 1 319)
Info    : It. 137000 - 136680 nodes created - worst tet radius 1.00385 (nodes removed 1 319)
Info    : It. 137500 - 137179 nodes created - worst tet radius 1.0027 (nodes removed 1 320)
Info    : It. 138000 - 137679 nodes created - worst tet radius 1.00151 (nodes removed 1 320)
Info    : It. 138500 - 138177 nodes created - worst tet radius 1.0004 (nodes removed 1 322)
Info    : 3D refinement terminated (177906 nodes total):
Info    :  - 576 Delaunay cavities modified for star shapeness
Info    :  - 323 nodes could not be inserted
Info    :  - 1005657 tetrahedra created in 7.87308 sec. (127733 tets/s)
Info    : Done meshing 3D (Wall 12.6042s, CPU 12.4145s)
Info    : Optimizing mesh...
Info    : Optimizing volume 1
Info    : Optimization starts (volume = 1874.01) with worst = 0.000239841 / average = 0.782702:
Info    : 0.00 < quality < 0.10 :      2185 elements
Info    : 0.10 < quality < 0.20 :      6184 elements
Info    : 0.20 < quality < 0.30 :     11150 elements
Info    : 0.30 < quality < 0.40 :     17778 elements
Info    : 0.40 < quality < 0.50 :     27702 elements
Info    : 0.50 < quality < 0.60 :     46175 elements
Info    : 0.60 < quality < 0.70 :     93401 elements
Info    : 0.70 < quality < 0.80 :    220663 elements
Info    : 0.80 < quality < 0.90 :    383256 elements
Info    : 0.90 < quality < 1.00 :    197163 elements
Info    : 19290 edge swaps, 585 node relocations (volume = 1874.01): worst = 0.000239841 / average = 0.794795 (Wall 0.439304s, CPU 0.437394s)
Info    : 19413 edge swaps, 609 node relocations (volume = 1874.01): worst = 0.000407669 / average = 0.794855 (Wall 0.575225s, CPU 0.572928s)
Info    : 19419 edge swaps, 613 node relocations (volume = 1874.01): worst = 0.000407669 / average = 0.794858 (Wall 0.708893s, CPU 0.706242s)
Info    : 0.00 < quality < 0.10 :        21 elements
Info    : 0.10 < quality < 0.20 :         9 elements
Info    : 0.20 < quality < 0.30 :        21 elements
Info    : 0.30 < quality < 0.40 :     17623 elements
Info    : 0.40 < quality < 0.50 :     26693 elements
Info    : 0.50 < quality < 0.60 :     44722 elements
Info    : 0.60 < quality < 0.70 :     92829 elements
Info    : 0.70 < quality < 0.80 :    223958 elements
Info    : 0.80 < quality < 0.90 :    386528 elements
Info    : 0.90 < quality < 1.00 :    195881 elements
Info    : Done optimizing mesh (Wall 1.92601s, CPU 1.8901s)
Info    : 177906 nodes 1072137 elements
Info    : Writing 'split_artery_h_05.msh'...
Info    : Done writing 'split_artery_h_05.msh'
Info    : Stopped on Thu Oct 27 13:45:17 2022 (From start: Wall 31.6467s, CPU 31.3923s)

