gmsh -3 split_artery_h_04.new -format msh2 -o split_artery_h_04.msh
Info    : Running 'gmsh -3 split_artery_h_04.new -format msh2 -o split_artery_h_04.msh' [Gmsh 4.10.5, 1 node, max. 1 thread]
Info    : Started on Thu Oct 27 13:44:30 2022
Info    : Reading 'split_artery_h_04.new'...
Info    : Reading 'split_artery.step'...
Info    :  - Label 'Shapes/art1right' (3D)
Info    : Done reading 'split_artery.step'
Info    : Done reading 'split_artery_h_04.new'
Info    : Meshing 1D...
Info    : [  0%] Meshing curve 1 (BSpline)
Info    : [ 10%] Meshing curve 2 (BSpline)
Info    : [ 10%] Meshing curve 3 (BSpline)
Info    : [ 10%] Meshing curve 4 (BSpline)
Info    : [ 10%] Meshing curve 5 (BSpline)
Info    : [ 10%] Meshing curve 6 (BSpline)
Info    : [ 10%] Meshing curve 7 (BSpline)
Info    : [ 10%] Meshing curve 8 (BSpline)
Info    : [ 10%] Meshing curve 9 (BSpline)
Info    : [ 10%] Meshing curve 10 (BSpline)
Info    : [ 10%] Meshing curve 11 (BSpline)
Info    : [ 10%] Meshing curve 12 (BSpline)
Info    : [ 10%] Meshing curve 13 (BSpline)
Info    : [ 10%] Meshing curve 14 (BSpline)
Info    : [ 10%] Meshing curve 15 (BSpline)
Info    : [ 10%] Meshing curve 16 (BSpline)
Info    : [ 10%] Meshing curve 17 (BSpline)
Info    : [ 10%] Meshing curve 18 (BSpline)
Info    : [ 10%] Meshing curve 19 (BSpline)
Info    : [ 10%] Meshing curve 20 (BSpline)
Info    : [ 10%] Meshing curve 21 (BSpline)
Info    : [ 10%] Meshing curve 22 (BSpline)
Info    : [ 10%] Meshing curve 23 (BSpline)
Info    : [ 10%] Meshing curve 24 (BSpline)
Info    : [ 10%] Meshing curve 25 (BSpline)
Info    : [ 10%] Meshing curve 26 (BSpline)
Info    : [ 20%] Meshing curve 27 (BSpline)
Info    : [ 20%] Meshing curve 28 (BSpline)
Info    : [ 20%] Meshing curve 29 (BSpline)
Info    : [ 20%] Meshing curve 30 (BSpline)
Info    : [ 20%] Meshing curve 31 (BSpline)
Info    : [ 20%] Meshing curve 32 (BSpline)
Info    : [ 20%] Meshing curve 33 (BSpline)
Info    : [ 20%] Meshing curve 34 (BSpline)
Info    : [ 20%] Meshing curve 35 (BSpline)
Info    : [ 20%] Meshing curve 36 (BSpline)
Info    : [ 20%] Meshing curve 37 (BSpline)
Info    : [ 20%] Meshing curve 38 (BSpline)
Info    : [ 20%] Meshing curve 39 (BSpline)
Info    : [ 20%] Meshing curve 40 (BSpline)
Info    : [ 20%] Meshing curve 41 (BSpline)
Info    : [ 20%] Meshing curve 42 (BSpline)
Info    : [ 20%] Meshing curve 43 (BSpline)
Info    : [ 20%] Meshing curve 44 (BSpline)
Info    : [ 20%] Meshing curve 45 (BSpline)
Info    : [ 20%] Meshing curve 46 (BSpline)
Info    : [ 20%] Meshing curve 47 (BSpline)
Info    : [ 20%] Meshing curve 48 (BSpline)
Info    : [ 20%] Meshing curve 49 (BSpline)
Info    : [ 20%] Meshing curve 50 (BSpline)
Info    : [ 20%] Meshing curve 51 (BSpline)
Info    : [ 20%] Meshing curve 52 (BSpline)
Info    : [ 30%] Meshing curve 53 (BSpline)
Info    : [ 30%] Meshing curve 54 (BSpline)
Info    : [ 30%] Meshing curve 55 (BSpline)
Info    : [ 30%] Meshing curve 56 (BSpline)
Info    : [ 30%] Meshing curve 57 (BSpline)
Info    : [ 30%] Meshing curve 58 (BSpline)
Info    : [ 30%] Meshing curve 59 (BSpline)
Info    : [ 30%] Meshing curve 60 (BSpline)
Info    : [ 30%] Meshing curve 61 (BSpline)
Info    : [ 30%] Meshing curve 62 (BSpline)
Info    : [ 30%] Meshing curve 63 (BSpline)
Info    : [ 30%] Meshing curve 64 (BSpline)
Info    : [ 30%] Meshing curve 65 (BSpline)
Info    : [ 30%] Meshing curve 66 (BSpline)
Info    : [ 30%] Meshing curve 67 (BSpline)
Info    : [ 30%] Meshing curve 68 (BSpline)
Info    : [ 30%] Meshing curve 69 (BSpline)
Info    : [ 30%] Meshing curve 70 (BSpline)
Info    : [ 30%] Meshing curve 71 (BSpline)
Info    : [ 30%] Meshing curve 72 (BSpline)
Info    : [ 30%] Meshing curve 73 (BSpline)
Info    : [ 30%] Meshing curve 74 (BSpline)
Info    : [ 30%] Meshing curve 75 (BSpline)
Info    : [ 30%] Meshing curve 76 (BSpline)
Info    : [ 30%] Meshing curve 77 (BSpline)
Info    : [ 40%] Meshing curve 78 (BSpline)
Info    : [ 40%] Meshing curve 79 (BSpline)
Info    : [ 40%] Meshing curve 80 (BSpline)
Info    : [ 40%] Meshing curve 81 (BSpline)
Info    : [ 40%] Meshing curve 82 (BSpline)
Info    : [ 40%] Meshing curve 83 (BSpline)
Info    : [ 40%] Meshing curve 84 (BSpline)
Info    : [ 40%] Meshing curve 85 (BSpline)
Info    : [ 40%] Meshing curve 86 (BSpline)
Info    : [ 40%] Meshing curve 87 (BSpline)
Info    : [ 40%] Meshing curve 88 (BSpline)
Info    : [ 40%] Meshing curve 89 (BSpline)
Info    : [ 40%] Meshing curve 90 (BSpline)
Info    : [ 40%] Meshing curve 91 (BSpline)
Info    : [ 40%] Meshing curve 92 (BSpline)
Info    : [ 40%] Meshing curve 93 (BSpline)
Info    : [ 40%] Meshing curve 94 (BSpline)
Info    : [ 40%] Meshing curve 95 (BSpline)
Info    : [ 40%] Meshing curve 96 (BSpline)
Info    : [ 40%] Meshing curve 97 (BSpline)
Info    : [ 40%] Meshing curve 98 (BSpline)
Info    : [ 40%] Meshing curve 99 (BSpline)
Info    : [ 40%] Meshing curve 100 (BSpline)
Info    : [ 40%] Meshing curve 101 (BSpline)
Info    : [ 40%] Meshing curve 102 (BSpline)
Info    : [ 40%] Meshing curve 103 (BSpline)
Info    : [ 50%] Meshing curve 104 (BSpline)
Info    : [ 50%] Meshing curve 105 (BSpline)
Info    : [ 50%] Meshing curve 106 (BSpline)
Info    : [ 50%] Meshing curve 107 (BSpline)
Info    : [ 50%] Meshing curve 108 (BSpline)
Info    : [ 50%] Meshing curve 109 (BSpline)
Info    : [ 50%] Meshing curve 110 (BSpline)
Info    : [ 50%] Meshing curve 111 (BSpline)
Info    : [ 50%] Meshing curve 112 (BSpline)
Info    : [ 50%] Meshing curve 113 (BSpline)
Info    : [ 50%] Meshing curve 114 (BSpline)
Info    : [ 50%] Meshing curve 115 (BSpline)
Info    : [ 50%] Meshing curve 116 (BSpline)
Info    : [ 50%] Meshing curve 117 (BSpline)
Info    : [ 50%] Meshing curve 118 (BSpline)
Info    : [ 50%] Meshing curve 119 (BSpline)
Info    : [ 50%] Meshing curve 120 (BSpline)
Info    : [ 50%] Meshing curve 121 (BSpline)
Info    : [ 50%] Meshing curve 122 (BSpline)
Info    : [ 50%] Meshing curve 123 (BSpline)
Info    : [ 50%] Meshing curve 124 (BSpline)
Info    : [ 50%] Meshing curve 125 (BSpline)
Info    : [ 50%] Meshing curve 126 (BSpline)
Info    : [ 50%] Meshing curve 127 (BSpline)
Info    : [ 50%] Meshing curve 128 (BSpline)
Info    : [ 60%] Meshing curve 129 (BSpline)
Info    : [ 60%] Meshing curve 130 (BSpline)
Info    : [ 60%] Meshing curve 131 (BSpline)
Info    : [ 60%] Meshing curve 132 (BSpline)
Info    : [ 60%] Meshing curve 133 (BSpline)
Info    : [ 60%] Meshing curve 134 (BSpline)
Info    : [ 60%] Meshing curve 135 (BSpline)
Info    : [ 60%] Meshing curve 136 (BSpline)
Info    : [ 60%] Meshing curve 137 (BSpline)
Info    : [ 60%] Meshing curve 138 (BSpline)
Info    : [ 60%] Meshing curve 139 (BSpline)
Info    : [ 60%] Meshing curve 140 (BSpline)
Info    : [ 60%] Meshing curve 141 (BSpline)
Info    : [ 60%] Meshing curve 142 (BSpline)
Info    : [ 60%] Meshing curve 143 (BSpline)
Info    : [ 60%] Meshing curve 144 (BSpline)
Info    : [ 60%] Meshing curve 145 (BSpline)
Info    : [ 60%] Meshing curve 146 (BSpline)
Info    : [ 60%] Meshing curve 147 (BSpline)
Info    : [ 60%] Meshing curve 148 (BSpline)
Info    : [ 60%] Meshing curve 149 (BSpline)
Info    : [ 60%] Meshing curve 150 (BSpline)
Info    : [ 60%] Meshing curve 151 (BSpline)
Info    : [ 60%] Meshing curve 152 (BSpline)
Info    : [ 60%] Meshing curve 153 (BSpline)
Info    : [ 60%] Meshing curve 154 (BSpline)
Info    : [ 70%] Meshing curve 155 (BSpline)
Info    : [ 70%] Meshing curve 156 (BSpline)
Info    : [ 70%] Meshing curve 157 (BSpline)
Info    : [ 70%] Meshing curve 158 (BSpline)
Info    : [ 70%] Meshing curve 159 (BSpline)
Info    : [ 70%] Meshing curve 160 (BSpline)
Info    : [ 70%] Meshing curve 161 (BSpline)
Info    : [ 70%] Meshing curve 162 (BSpline)
Info    : [ 70%] Meshing curve 163 (BSpline)
Info    : [ 70%] Meshing curve 164 (BSpline)
Info    : [ 70%] Meshing curve 165 (BSpline)
Info    : [ 70%] Meshing curve 166 (BSpline)
Info    : [ 70%] Meshing curve 167 (BSpline)
Info    : [ 70%] Meshing curve 168 (BSpline)
Info    : [ 70%] Meshing curve 169 (BSpline)
Info    : [ 70%] Meshing curve 170 (BSpline)
Info    : [ 70%] Meshing curve 171 (BSpline)
Info    : [ 70%] Meshing curve 172 (BSpline)
Info    : [ 70%] Meshing curve 173 (BSpline)
Info    : [ 70%] Meshing curve 174 (BSpline)
Info    : [ 70%] Meshing curve 175 (BSpline)
Info    : [ 70%] Meshing curve 176 (BSpline)
Info    : [ 70%] Meshing curve 177 (BSpline)
Info    : [ 70%] Meshing curve 178 (BSpline)
Info    : [ 70%] Meshing curve 179 (BSpline)
Info    : [ 80%] Meshing curve 180 (BSpline)
Info    : [ 80%] Meshing curve 181 (BSpline)
Info    : [ 80%] Meshing curve 182 (BSpline)
Info    : [ 80%] Meshing curve 183 (BSpline)
Info    : [ 80%] Meshing curve 184 (BSpline)
Info    : [ 80%] Meshing curve 185 (BSpline)
Info    : [ 80%] Meshing curve 186 (BSpline)
Info    : [ 80%] Meshing curve 187 (BSpline)
Info    : [ 80%] Meshing curve 188 (BSpline)
Info    : [ 80%] Meshing curve 189 (BSpline)
Info    : [ 80%] Meshing curve 190 (BSpline)
Info    : [ 80%] Meshing curve 191 (BSpline)
Info    : [ 80%] Meshing curve 192 (BSpline)
Info    : [ 80%] Meshing curve 193 (BSpline)
Info    : [ 80%] Meshing curve 194 (BSpline)
Info    : [ 80%] Meshing curve 195 (BSpline)
Info    : [ 80%] Meshing curve 196 (BSpline)
Info    : [ 80%] Meshing curve 197 (BSpline)
Info    : [ 80%] Meshing curve 198 (BSpline)
Info    : [ 80%] Meshing curve 199 (BSpline)
Info    : [ 80%] Meshing curve 200 (BSpline)
Info    : [ 80%] Meshing curve 201 (BSpline)
Info    : [ 80%] Meshing curve 202 (BSpline)
Info    : [ 80%] Meshing curve 203 (BSpline)
Info    : [ 80%] Meshing curve 204 (BSpline)
Info    : [ 80%] Meshing curve 205 (BSpline)
Info    : [ 90%] Meshing curve 206 (BSpline)
Info    : [ 90%] Meshing curve 207 (BSpline)
Info    : [ 90%] Meshing curve 208 (BSpline)
Info    : [ 90%] Meshing curve 209 (BSpline)
Info    : [ 90%] Meshing curve 210 (BSpline)
Info    : [ 90%] Meshing curve 211 (BSpline)
Info    : [ 90%] Meshing curve 212 (BSpline)
Info    : [ 90%] Meshing curve 213 (BSpline)
Info    : [ 90%] Meshing curve 214 (BSpline)
Info    : [ 90%] Meshing curve 215 (BSpline)
Info    : [ 90%] Meshing curve 216 (BSpline)
Info    : [ 90%] Meshing curve 217 (BSpline)
Info    : [ 90%] Meshing curve 218 (BSpline)
Info    : [ 90%] Meshing curve 219 (BSpline)
Info    : [ 90%] Meshing curve 220 (BSpline)
Info    : [ 90%] Meshing curve 221 (BSpline)
Info    : [ 90%] Meshing curve 222 (BSpline)
Info    : [ 90%] Meshing curve 223 (BSpline)
Info    : [ 90%] Meshing curve 224 (BSpline)
Info    : [ 90%] Meshing curve 225 (BSpline)
Info    : [ 90%] Meshing curve 226 (BSpline)
Info    : [ 90%] Meshing curve 227 (BSpline)
Info    : [ 90%] Meshing curve 228 (BSpline)
Info    : [ 90%] Meshing curve 229 (BSpline)
Info    : [ 90%] Meshing curve 230 (BSpline)
Info    : [100%] Meshing curve 231 (BSpline)
Info    : [100%] Meshing curve 232 (BSpline)
Info    : [100%] Meshing curve 233 (BSpline)
Info    : [100%] Meshing curve 234 (BSpline)
Info    : [100%] Meshing curve 235 (BSpline)
Info    : [100%] Meshing curve 236 (BSpline)
Info    : [100%] Meshing curve 237 (BSpline)
Info    : [100%] Meshing curve 238 (BSpline)
Info    : [100%] Meshing curve 239 (BSpline)
Info    : [100%] Meshing curve 240 (BSpline)
Info    : [100%] Meshing curve 241 (BSpline)
Info    : [100%] Meshing curve 242 (BSpline)
Info    : [100%] Meshing curve 243 (BSpline)
Info    : [100%] Meshing curve 244 (BSpline)
Info    : [100%] Meshing curve 245 (BSpline)
Info    : [100%] Meshing curve 246 (BSpline)
Info    : [100%] Meshing curve 247 (BSpline)
Info    : [100%] Meshing curve 248 (BSpline)
Info    : [100%] Meshing curve 249 (BSpline)
Info    : [100%] Meshing curve 250 (BSpline)
Info    : [100%] Meshing curve 251 (BSpline)
Info    : [100%] Meshing curve 252 (BSpline)
Info    : [100%] Meshing curve 253 (BSpline)
Info    : [100%] Meshing curve 254 (BSpline)
Info    : [100%] Meshing curve 255 (BSpline)
Info    : Done meshing 1D (Wall 0.511276s, CPU 0.507745s)
Info    : Meshing 2D...
Info    : [  0%] Meshing surface 1 (BSpline surface, Frontal-Delaunay)
Info    : [ 10%] Meshing surface 2 (BSpline surface, Frontal-Delaunay)
Info    : [ 10%] Meshing surface 3 (BSpline surface, Frontal-Delaunay)
Info    : [ 10%] Meshing surface 4 (BSpline surface, Frontal-Delaunay)
Info    : [ 10%] Meshing surface 5 (BSpline surface, Frontal-Delaunay)
Info    : [ 10%] Meshing surface 6 (BSpline surface, Frontal-Delaunay)
Info    : [ 10%] Meshing surface 7 (BSpline surface, Frontal-Delaunay)
Info    : [ 10%] Meshing surface 8 (BSpline surface, Frontal-Delaunay)
Info    : [ 10%] Meshing surface 9 (BSpline surface, Frontal-Delaunay)
Info    : [ 10%] Meshing surface 10 (BSpline surface, Frontal-Delaunay)
Info    : [ 10%] Meshing surface 11 (BSpline surface, Frontal-Delaunay)
Info    : [ 10%] Meshing surface 12 (BSpline surface, Frontal-Delaunay)
Info    : [ 10%] Meshing surface 13 (BSpline surface, Frontal-Delaunay)
Info    : [ 20%] Meshing surface 14 (BSpline surface, Frontal-Delaunay)
Info    : [ 20%] Meshing surface 15 (BSpline surface, Frontal-Delaunay)
Info    : [ 20%] Meshing surface 16 (BSpline surface, Frontal-Delaunay)
Info    : [ 20%] Meshing surface 17 (BSpline surface, Frontal-Delaunay)
Info    : [ 20%] Meshing surface 18 (BSpline surface, Frontal-Delaunay)
Info    : [ 20%] Meshing surface 19 (BSpline surface, Frontal-Delaunay)
Info    : [ 20%] Meshing surface 20 (BSpline surface, Frontal-Delaunay)
Info    : [ 20%] Meshing surface 21 (BSpline surface, Frontal-Delaunay)
Info    : [ 20%] Meshing surface 22 (BSpline surface, Frontal-Delaunay)
Info    : [ 20%] Meshing surface 23 (BSpline surface, Frontal-Delaunay)
Info    : [ 20%] Meshing surface 24 (BSpline surface, Frontal-Delaunay)
Info    : [ 20%] Meshing surface 25 (BSpline surface, Frontal-Delaunay)
Info    : [ 20%] Meshing surface 26 (BSpline surface, Frontal-Delaunay)
Info    : [ 30%] Meshing surface 27 (BSpline surface, Frontal-Delaunay)
Info    : [ 30%] Meshing surface 28 (BSpline surface, Frontal-Delaunay)
Info    : [ 30%] Meshing surface 29 (BSpline surface, Frontal-Delaunay)
Info    : [ 30%] Meshing surface 30 (BSpline surface, Frontal-Delaunay)
Info    : [ 30%] Meshing surface 31 (BSpline surface, Frontal-Delaunay)
Info    : [ 30%] Meshing surface 32 (BSpline surface, Frontal-Delaunay)
Info    : [ 30%] Meshing surface 33 (BSpline surface, Frontal-Delaunay)
Info    : [ 30%] Meshing surface 34 (BSpline surface, Frontal-Delaunay)
Info    : [ 30%] Meshing surface 35 (BSpline surface, Frontal-Delaunay)
Info    : [ 30%] Meshing surface 36 (BSpline surface, Frontal-Delaunay)
Info    : [ 30%] Meshing surface 37 (BSpline surface, Frontal-Delaunay)
Info    : [ 30%] Meshing surface 38 (BSpline surface, Frontal-Delaunay)
Info    : [ 40%] Meshing surface 39 (BSpline surface, Frontal-Delaunay)
Info    : [ 40%] Meshing surface 40 (BSpline surface, Frontal-Delaunay)
Info    : [ 40%] Meshing surface 41 (BSpline surface, Frontal-Delaunay)
Info    : [ 40%] Meshing surface 42 (BSpline surface, Frontal-Delaunay)
Info    : [ 40%] Meshing surface 43 (BSpline surface, Frontal-Delaunay)
Info    : [ 40%] Meshing surface 44 (BSpline surface, Frontal-Delaunay)
Info    : [ 40%] Meshing surface 45 (BSpline surface, Frontal-Delaunay)
Info    : [ 40%] Meshing surface 46 (BSpline surface, Frontal-Delaunay)
Info    : [ 40%] Meshing surface 47 (BSpline surface, Frontal-Delaunay)
Info    : [ 40%] Meshing surface 48 (BSpline surface, Frontal-Delaunay)
Info    : [ 40%] Meshing surface 49 (BSpline surface, Frontal-Delaunay)
Info    : [ 40%] Meshing surface 50 (BSpline surface, Frontal-Delaunay)
Info    : [ 40%] Meshing surface 51 (BSpline surface, Frontal-Delaunay)
Info    : [ 50%] Meshing surface 52 (BSpline surface, Frontal-Delaunay)
Info    : [ 50%] Meshing surface 53 (BSpline surface, Frontal-Delaunay)
Info    : [ 50%] Meshing surface 54 (BSpline surface, Frontal-Delaunay)
Info    : [ 50%] Meshing surface 55 (BSpline surface, Frontal-Delaunay)
Info    : [ 50%] Meshing surface 56 (BSpline surface, Frontal-Delaunay)
Info    : [ 50%] Meshing surface 57 (BSpline surface, Frontal-Delaunay)
Info    : [ 50%] Meshing surface 58 (BSpline surface, Frontal-Delaunay)
Info    : [ 50%] Meshing surface 59 (BSpline surface, Frontal-Delaunay)
Info    : [ 50%] Meshing surface 60 (BSpline surface, Frontal-Delaunay)
Info    : [ 50%] Meshing surface 61 (BSpline surface, Frontal-Delaunay)
Info    : [ 50%] Meshing surface 62 (BSpline surface, Frontal-Delaunay)
Info    : [ 50%] Meshing surface 63 (BSpline surface, Frontal-Delaunay)
Info    : [ 60%] Meshing surface 64 (BSpline surface, Frontal-Delaunay)
Info    : [ 60%] Meshing surface 65 (BSpline surface, Frontal-Delaunay)
Info    : [ 60%] Meshing surface 66 (BSpline surface, Frontal-Delaunay)
Info    : [ 60%] Meshing surface 67 (BSpline surface, Frontal-Delaunay)
Info    : [ 60%] Meshing surface 68 (BSpline surface, Frontal-Delaunay)
Info    : [ 60%] Meshing surface 69 (BSpline surface, Frontal-Delaunay)
Info    : [ 60%] Meshing surface 70 (BSpline surface, Frontal-Delaunay)
Info    : [ 60%] Meshing surface 71 (BSpline surface, Frontal-Delaunay)
Info    : [ 60%] Meshing surface 72 (BSpline surface, Frontal-Delaunay)
Info    : [ 60%] Meshing surface 73 (BSpline surface, Frontal-Delaunay)
Info    : [ 60%] Meshing surface 74 (BSpline surface, Frontal-Delaunay)
Info    : [ 60%] Meshing surface 75 (BSpline surface, Frontal-Delaunay)
Info    : [ 60%] Meshing surface 76 (BSpline surface, Frontal-Delaunay)
Info    : [ 70%] Meshing surface 77 (BSpline surface, Frontal-Delaunay)
Info    : [ 70%] Meshing surface 78 (BSpline surface, Frontal-Delaunay)
Info    : [ 70%] Meshing surface 79 (BSpline surface, Frontal-Delaunay)
Info    : [ 70%] Meshing surface 80 (BSpline surface, Frontal-Delaunay)
Info    : [ 70%] Meshing surface 81 (BSpline surface, Frontal-Delaunay)
Info    : [ 70%] Meshing surface 82 (BSpline surface, Frontal-Delaunay)
Info    : [ 70%] Meshing surface 83 (BSpline surface, Frontal-Delaunay)
Info    : [ 70%] Meshing surface 84 (BSpline surface, Frontal-Delaunay)
Info    : [ 70%] Meshing surface 85 (BSpline surface, Frontal-Delaunay)
Info    : [ 70%] Meshing surface 86 (BSpline surface, Frontal-Delaunay)
Info    : [ 70%] Meshing surface 87 (BSpline surface, Frontal-Delaunay)
Info    : [ 70%] Meshing surface 88 (BSpline surface, Frontal-Delaunay)
Info    : [ 80%] Meshing surface 89 (BSpline surface, Frontal-Delaunay)
Info    : [ 80%] Meshing surface 90 (BSpline surface, Frontal-Delaunay)
Info    : [ 80%] Meshing surface 91 (BSpline surface, Frontal-Delaunay)
Info    : [ 80%] Meshing surface 92 (BSpline surface, Frontal-Delaunay)
Info    : [ 80%] Meshing surface 93 (BSpline surface, Frontal-Delaunay)
Info    : [ 80%] Meshing surface 94 (BSpline surface, Frontal-Delaunay)
Info    : [ 80%] Meshing surface 95 (BSpline surface, Frontal-Delaunay)
Info    : [ 80%] Meshing surface 96 (BSpline surface, Frontal-Delaunay)
Info    : [ 80%] Meshing surface 97 (BSpline surface, Frontal-Delaunay)
Info    : [ 80%] Meshing surface 98 (BSpline surface, Frontal-Delaunay)
Info    : [ 80%] Meshing surface 99 (BSpline surface, Frontal-Delaunay)
Info    : [ 80%] Meshing surface 100 (BSpline surface, Frontal-Delaunay)
Info    : [ 80%] Meshing surface 101 (BSpline surface, Frontal-Delaunay)
Info    : [ 90%] Meshing surface 102 (BSpline surface, Frontal-Delaunay)
Info    : [ 90%] Meshing surface 103 (BSpline surface, Frontal-Delaunay)
Info    : [ 90%] Meshing surface 104 (BSpline surface, Frontal-Delaunay)
Info    : [ 90%] Meshing surface 105 (BSpline surface, Frontal-Delaunay)
Info    : [ 90%] Meshing surface 106 (BSpline surface, Frontal-Delaunay)
Info    : [ 90%] Meshing surface 107 (BSpline surface, Frontal-Delaunay)
Info    : [ 90%] Meshing surface 108 (BSpline surface, Frontal-Delaunay)
Info    : [ 90%] Meshing surface 109 (BSpline surface, Frontal-Delaunay)
Info    : [ 90%] Meshing surface 110 (BSpline surface, Frontal-Delaunay)
Info    : [ 90%] Meshing surface 111 (BSpline surface, Frontal-Delaunay)
Info    : [ 90%] Meshing surface 112 (BSpline surface, Frontal-Delaunay)
Info    : [ 90%] Meshing surface 113 (BSpline surface, Frontal-Delaunay)
Info    : [100%] Meshing surface 114 (BSpline surface, Frontal-Delaunay)
Info    : [100%] Meshing surface 115 (BSpline surface, Frontal-Delaunay)
Info    : [100%] Meshing surface 116 (BSpline surface, Frontal-Delaunay)
Info    : [100%] Meshing surface 117 (BSpline surface, Frontal-Delaunay)
Info    : [100%] Meshing surface 118 (BSpline surface, Frontal-Delaunay)
Info    : [100%] Meshing surface 119 (BSpline surface, Frontal-Delaunay)
Info    : [100%] Meshing surface 120 (BSpline surface, Frontal-Delaunay)
Info    : [100%] Meshing surface 121 (BSpline surface, Frontal-Delaunay)
Info    : [100%] Meshing surface 122 (BSpline surface, Frontal-Delaunay)
Info    : [100%] Meshing surface 123 (Plane, Frontal-Delaunay)
Info    : [100%] Meshing surface 124 (Plane, Frontal-Delaunay)
Info    : [100%] Meshing surface 125 (Plane, Frontal-Delaunay)
Info    : Done meshing 2D (Wall 8.60362s, CPU 8.5448s)
Info    : Meshing 3D...
Info    : 3D Meshing 1 volume with 1 connected component
Info    : Tetrahedrizing 21875 nodes...
Info    : Done tetrahedrizing 21883 nodes (Wall 0.183291s, CPU 0.179289s)
Info    : Reconstructing mesh...
Info    :  - Creating surface mesh
Info    :  - Identifying boundary edges
Info    :  - Recovering boundary
Info    : Done reconstructing mesh (Wall 0.513352s, CPU 0.497271s)
Info    : Found volume 1
Info    : It. 0 - 0 nodes created - worst tet radius 295.627 (nodes removed 0 0)
Info    : It. 500 - 394 nodes created - worst tet radius 4.29523 (nodes removed 0 106)
Info    : It. 1000 - 889 nodes created - worst tet radius 3.45529 (nodes removed 0 111)
Info    : It. 1500 - 1381 nodes created - worst tet radius 3.0454 (nodes removed 0 119)
Info    : It. 2000 - 1878 nodes created - worst tet radius 2.77209 (nodes removed 0 122)
Info    : It. 2500 - 2376 nodes created - worst tet radius 2.60128 (nodes removed 0 124)
Info    : It. 3000 - 2875 nodes created - worst tet radius 2.45132 (nodes removed 0 125)
Info    : It. 3500 - 3370 nodes created - worst tet radius 2.33602 (nodes removed 0 130)
Info    : It. 4000 - 3868 nodes created - worst tet radius 2.2412 (nodes removed 0 132)
Info    : It. 4500 - 4368 nodes created - worst tet radius 2.16477 (nodes removed 0 132)
Info    : It. 5000 - 4864 nodes created - worst tet radius 2.09282 (nodes removed 0 136)
Info    : It. 5500 - 5363 nodes created - worst tet radius 2.0324 (nodes removed 0 137)
Info    : It. 6000 - 5862 nodes created - worst tet radius 1.98218 (nodes removed 0 138)
Info    : It. 6500 - 6361 nodes created - worst tet radius 1.93469 (nodes removed 0 139)
Info    : It. 7000 - 6859 nodes created - worst tet radius 1.8912 (nodes removed 0 141)
Info    : It. 7500 - 7359 nodes created - worst tet radius 1.8505 (nodes removed 0 141)
Info    : It. 8000 - 7859 nodes created - worst tet radius 1.81502 (nodes removed 0 141)
Info    : It. 8500 - 8357 nodes created - worst tet radius 1.78084 (nodes removed 0 143)
Info    : It. 9000 - 8857 nodes created - worst tet radius 1.75044 (nodes removed 0 143)
Info    : It. 9500 - 9356 nodes created - worst tet radius 1.72079 (nodes removed 0 144)
Info    : It. 10000 - 9852 nodes created - worst tet radius 1.6925 (nodes removed 0 148)
Info    : It. 10500 - 10350 nodes created - worst tet radius 1.66625 (nodes removed 0 150)
Info    : It. 11000 - 10850 nodes created - worst tet radius 1.64175 (nodes removed 0 150)
Info    : It. 11500 - 11348 nodes created - worst tet radius 1.62008 (nodes removed 0 152)
Info    : It. 12000 - 11848 nodes created - worst tet radius 1.59852 (nodes removed 0 152)
Info    : It. 12500 - 12347 nodes created - worst tet radius 1.57797 (nodes removed 0 153)
Info    : It. 13000 - 12845 nodes created - worst tet radius 1.55849 (nodes removed 0 155)
Info    : It. 13500 - 13344 nodes created - worst tet radius 1.54064 (nodes removed 0 156)
Info    : It. 14000 - 13842 nodes created - worst tet radius 1.52368 (nodes removed 0 158)
Info    : It. 14500 - 14339 nodes created - worst tet radius 1.50814 (nodes removed 0 161)
Info    : It. 15000 - 14839 nodes created - worst tet radius 1.49141 (nodes removed 0 161)
Info    : It. 15500 - 15339 nodes created - worst tet radius 1.47611 (nodes removed 0 161)
Info    : It. 16000 - 15838 nodes created - worst tet radius 1.46129 (nodes removed 0 162)
Info    : It. 16500 - 16337 nodes created - worst tet radius 1.44619 (nodes removed 0 163)
Info    : It. 17000 - 16836 nodes created - worst tet radius 1.43236 (nodes removed 0 164)
Info    : It. 17500 - 17335 nodes created - worst tet radius 1.41982 (nodes removed 0 165)
Info    : It. 18000 - 17834 nodes created - worst tet radius 1.4073 (nodes removed 0 166)
Info    : It. 18500 - 18332 nodes created - worst tet radius 1.39545 (nodes removed 0 168)
Info    : It. 19000 - 18832 nodes created - worst tet radius 1.3843 (nodes removed 0 168)
Info    : It. 19500 - 19330 nodes created - worst tet radius 1.37297 (nodes removed 0 170)
Info    : It. 20000 - 19828 nodes created - worst tet radius 1.36229 (nodes removed 0 172)
Info    : It. 20500 - 20327 nodes created - worst tet radius 1.35264 (nodes removed 0 173)
Info    : It. 21000 - 20827 nodes created - worst tet radius 1.34179 (nodes removed 0 173)
Info    : It. 21500 - 21326 nodes created - worst tet radius 1.33182 (nodes removed 0 174)
Info    : It. 22000 - 21826 nodes created - worst tet radius 1.32182 (nodes removed 0 174)
Info    : It. 22500 - 22326 nodes created - worst tet radius 1.31279 (nodes removed 0 174)
Info    : It. 23000 - 22821 nodes created - worst tet radius 1.30415 (nodes removed 0 179)
Info    : It. 23500 - 23320 nodes created - worst tet radius 1.29538 (nodes removed 0 180)
Info    : It. 24000 - 23820 nodes created - worst tet radius 1.28728 (nodes removed 0 180)
Info    : It. 24500 - 24319 nodes created - worst tet radius 1.27851 (nodes removed 0 181)
Info    : It. 25000 - 24818 nodes created - worst tet radius 1.27106 (nodes removed 0 182)
Info    : It. 25500 - 25317 nodes created - worst tet radius 1.26295 (nodes removed 0 183)
Info    : It. 26000 - 25817 nodes created - worst tet radius 1.25474 (nodes removed 0 183)
Info    : It. 26500 - 26317 nodes created - worst tet radius 1.247 (nodes removed 0 183)
Info    : It. 27000 - 26816 nodes created - worst tet radius 1.23985 (nodes removed 0 184)
Info    : It. 27500 - 27315 nodes created - worst tet radius 1.23276 (nodes removed 0 185)
Info    : It. 28000 - 27814 nodes created - worst tet radius 1.22622 (nodes removed 0 186)
Info    : It. 28500 - 28314 nodes created - worst tet radius 1.21952 (nodes removed 0 186)
Info    : It. 29000 - 28813 nodes created - worst tet radius 1.21278 (nodes removed 0 187)
Info    : It. 29500 - 29311 nodes created - worst tet radius 1.20586 (nodes removed 0 189)
Info    : It. 30000 - 29809 nodes created - worst tet radius 1.19921 (nodes removed 0 191)
Info    : It. 30500 - 30309 nodes created - worst tet radius 1.19343 (nodes removed 0 191)
Info    : It. 31000 - 30808 nodes created - worst tet radius 1.18672 (nodes removed 0 192)
Info    : It. 31500 - 31307 nodes created - worst tet radius 1.18086 (nodes removed 0 193)
Info    : It. 32000 - 31807 nodes created - worst tet radius 1.17482 (nodes removed 0 193)
Info    : It. 32500 - 32306 nodes created - worst tet radius 1.16882 (nodes removed 0 194)
Info    : It. 33000 - 32806 nodes created - worst tet radius 1.16313 (nodes removed 0 194)
Info    : It. 33500 - 33305 nodes created - worst tet radius 1.15754 (nodes removed 0 195)
Info    : It. 34000 - 33804 nodes created - worst tet radius 1.15223 (nodes removed 0 196)
Info    : It. 34500 - 34304 nodes created - worst tet radius 1.1469 (nodes removed 0 196)
Info    : It. 35000 - 34803 nodes created - worst tet radius 1.14213 (nodes removed 0 197)
Info    : It. 35500 - 35302 nodes created - worst tet radius 1.13747 (nodes removed 0 198)
Info    : It. 36000 - 35800 nodes created - worst tet radius 1.1324 (nodes removed 0 200)
Info    : It. 36500 - 36298 nodes created - worst tet radius 1.12709 (nodes removed 0 202)
Info    : It. 37000 - 36796 nodes created - worst tet radius 1.12235 (nodes removed 0 204)
Info    : It. 37500 - 37289 nodes created - worst tet radius 1.11784 (nodes removed 0 211)
Info    : It. 38000 - 37788 nodes created - worst tet radius 1.11328 (nodes removed 0 212)
Info    : It. 38500 - 38288 nodes created - worst tet radius 1.10867 (nodes removed 0 212)
Info    : It. 39000 - 38788 nodes created - worst tet radius 1.10388 (nodes removed 0 212)
Info    : It. 39500 - 39288 nodes created - worst tet radius 1.09953 (nodes removed 0 212)
Info    : It. 40000 - 39787 nodes created - worst tet radius 1.09537 (nodes removed 0 213)
Info    : It. 40500 - 40287 nodes created - worst tet radius 1.09129 (nodes removed 0 213)
Info    : It. 41000 - 40775 nodes created - worst tet radius 1.08759 (nodes removed 0 225)
Info    : It. 41500 - 41274 nodes created - worst tet radius 1.08344 (nodes removed 0 226)
Info    : It. 42000 - 41774 nodes created - worst tet radius 1.07909 (nodes removed 0 226)
Info    : It. 42500 - 42274 nodes created - worst tet radius 1.07537 (nodes removed 0 226)
Info    : It. 43000 - 42773 nodes created - worst tet radius 1.07129 (nodes removed 0 227)
Info    : It. 43500 - 43269 nodes created - worst tet radius 1.06738 (nodes removed 0 231)
Info    : It. 44000 - 43768 nodes created - worst tet radius 1.06345 (nodes removed 0 232)
Info    : It. 44500 - 44268 nodes created - worst tet radius 1.05984 (nodes removed 0 232)
Info    : It. 45000 - 44766 nodes created - worst tet radius 1.05593 (nodes removed 0 234)
Info    : It. 45500 - 45266 nodes created - worst tet radius 1.05236 (nodes removed 0 234)
Info    : It. 46000 - 45766 nodes created - worst tet radius 1.0485 (nodes removed 0 234)
Info    : It. 46500 - 46266 nodes created - worst tet radius 1.04492 (nodes removed 0 234)
Info    : It. 47000 - 46764 nodes created - worst tet radius 1.04159 (nodes removed 0 236)
Info    : It. 47500 - 47264 nodes created - worst tet radius 1.03844 (nodes removed 0 236)
Info    : It. 48000 - 47764 nodes created - worst tet radius 1.03524 (nodes removed 0 236)
Info    : It. 48500 - 48263 nodes created - worst tet radius 1.0317 (nodes removed 0 237)
Info    : It. 49000 - 48763 nodes created - worst tet radius 1.02821 (nodes removed 0 237)
Info    : It. 49500 - 49263 nodes created - worst tet radius 1.02486 (nodes removed 0 237)
Info    : It. 50000 - 49762 nodes created - worst tet radius 1.02149 (nodes removed 0 238)
Info    : It. 50500 - 50260 nodes created - worst tet radius 1.01818 (nodes removed 0 240)
Info    : It. 51000 - 50760 nodes created - worst tet radius 1.01481 (nodes removed 0 240)
Info    : It. 51500 - 51260 nodes created - worst tet radius 1.0119 (nodes removed 0 240)
Info    : It. 52000 - 51760 nodes created - worst tet radius 1.00861 (nodes removed 0 240)
Info    : It. 52500 - 52260 nodes created - worst tet radius 1.00531 (nodes removed 0 240)
Info    : It. 53000 - 52760 nodes created - worst tet radius 1.00211 (nodes removed 0 240)
Info    : 3D refinement terminated (74988 nodes total):
Info    :  - 331 Delaunay cavities modified for star shapeness
Info    :  - 240 nodes could not be inserted
Info    :  - 406069 tetrahedra created in 2.96775 sec. (136827 tets/s)
Info    : Done meshing 3D (Wall 4.86861s, CPU 4.76959s)
Info    : Optimizing mesh...
Info    : Optimizing volume 1
Info    : Optimization starts (volume = 1873.1) with worst = 1.30493e-06 / average = 0.778915:
Info    : 0.00 < quality < 0.10 :       974 elements
Info    : 0.10 < quality < 0.20 :      2560 elements
Info    : 0.20 < quality < 0.30 :      4505 elements
Info    : 0.30 < quality < 0.40 :      7124 elements
Info    : 0.40 < quality < 0.50 :     11369 elements
Info    : 0.50 < quality < 0.60 :     19224 elements
Info    : 0.60 < quality < 0.70 :     40453 elements
Info    : 0.70 < quality < 0.80 :     92031 elements
Info    : 0.80 < quality < 0.90 :    151599 elements
Info    : 0.90 < quality < 1.00 :     76230 elements
Info    : 7906 edge swaps, 290 node relocations (volume = 1873.1): worst = 0.00022752 / average = 0.791142 (Wall 0.177568s, CPU 0.176562s)
Info    : 7981 edge swaps, 318 node relocations (volume = 1873.1): worst = 0.00022752 / average = 0.791244 (Wall 0.229084s, CPU 0.22773s)
Info    : 0.00 < quality < 0.10 :        25 elements
Info    : 0.10 < quality < 0.20 :         6 elements
Info    : 0.20 < quality < 0.30 :        22 elements
Info    : 0.30 < quality < 0.40 :      7108 elements
Info    : 0.40 < quality < 0.50 :     10952 elements
Info    : 0.50 < quality < 0.60 :     18677 elements
Info    : 0.60 < quality < 0.70 :     40116 elements
Info    : 0.70 < quality < 0.80 :     93190 elements
Info    : 0.80 < quality < 0.90 :    152912 elements
Info    : 0.90 < quality < 1.00 :     75873 elements
Info    : Done optimizing mesh (Wall 0.663214s, CPU 0.647432s)
Info    : 74987 nodes 446188 elements
Info    : Writing 'split_artery_h_04.msh'...
Info    : Done writing 'split_artery_h_04.msh'
Info    : Stopped on Thu Oct 27 13:44:45 2022 (From start: Wall 15.4095s, CPU 15.3172s)

