gmsh -3 split_artery_h_10.new -format msh2 -o split_artery_h_10.msh
Info    : Running 'gmsh -3 split_artery_h_10.new -format msh2 -o split_artery_h_10.msh' [Gmsh 4.8.4, 1 node, max. 1 thread]
Info    : Started on Wed Nov 30 09:37:26 2022
Info    : Reading 'split_artery_h_10.new'...
Info    : Reading 'split_artery.step'...
Info    :  - Label 'Shapes/art1right' (3D)
Info    : Done reading 'split_artery.step'
Info    : Done reading 'split_artery_h_10.new'
Info    : Meshing 1D...
Info    : [  0%] Meshing curve 1 (BSpline)
Info    : [ 10%] Meshing curve 2 (BSpline)
Info    : [ 10%] Meshing curve 3 (BSpline)
Info    : [ 10%] Meshing curve 4 (BSpline)
Info    : [ 10%] Meshing curve 5 (BSpline)
Info    : [ 10%] Meshing curve 6 (BSpline)
Info    : [ 10%] Meshing curve 7 (BSpline)
Info    : [ 10%] Meshing curve 8 (BSpline)
Info    : [ 10%] Meshing curve 9 (BSpline)
Info    : [ 10%] Meshing curve 10 (BSpline)
Info    : [ 10%] Meshing curve 11 (BSpline)
Info    : [ 10%] Meshing curve 12 (BSpline)
Info    : [ 10%] Meshing curve 13 (BSpline)
Info    : [ 10%] Meshing curve 14 (BSpline)
Info    : [ 10%] Meshing curve 15 (BSpline)
Info    : [ 10%] Meshing curve 16 (BSpline)
Info    : [ 10%] Meshing curve 17 (BSpline)
Info    : [ 10%] Meshing curve 18 (BSpline)
Info    : [ 10%] Meshing curve 19 (BSpline)
Info    : [ 10%] Meshing curve 20 (BSpline)
Info    : [ 10%] Meshing curve 21 (BSpline)
Info    : [ 10%] Meshing curve 22 (BSpline)
Info    : [ 10%] Meshing curve 23 (BSpline)
Info    : [ 10%] Meshing curve 24 (BSpline)
Info    : [ 10%] Meshing curve 25 (BSpline)
Info    : [ 10%] Meshing curve 26 (BSpline)
Info    : [ 20%] Meshing curve 27 (BSpline)
Info    : [ 20%] Meshing curve 28 (BSpline)
Info    : [ 20%] Meshing curve 29 (BSpline)
Info    : [ 20%] Meshing curve 30 (BSpline)
Info    : [ 20%] Meshing curve 31 (BSpline)
Info    : [ 20%] Meshing curve 32 (BSpline)
Info    : [ 20%] Meshing curve 33 (BSpline)
Info    : [ 20%] Meshing curve 34 (BSpline)
Info    : [ 20%] Meshing curve 35 (BSpline)
Info    : [ 20%] Meshing curve 36 (BSpline)
Info    : [ 20%] Meshing curve 37 (BSpline)
Info    : [ 20%] Meshing curve 38 (BSpline)
Info    : [ 20%] Meshing curve 39 (BSpline)
Info    : [ 20%] Meshing curve 40 (BSpline)
Info    : [ 20%] Meshing curve 41 (BSpline)
Info    : [ 20%] Meshing curve 42 (BSpline)
Info    : [ 20%] Meshing curve 43 (BSpline)
Info    : [ 20%] Meshing curve 44 (BSpline)
Info    : [ 20%] Meshing curve 45 (BSpline)
Info    : [ 20%] Meshing curve 46 (BSpline)
Info    : [ 20%] Meshing curve 47 (BSpline)
Info    : [ 20%] Meshing curve 48 (BSpline)
Info    : [ 20%] Meshing curve 49 (BSpline)
Info    : [ 20%] Meshing curve 50 (BSpline)
Info    : [ 20%] Meshing curve 51 (BSpline)
Info    : [ 20%] Meshing curve 52 (BSpline)
Info    : [ 30%] Meshing curve 53 (BSpline)
Info    : [ 30%] Meshing curve 54 (BSpline)
Info    : [ 30%] Meshing curve 55 (BSpline)
Info    : [ 30%] Meshing curve 56 (BSpline)
Info    : [ 30%] Meshing curve 57 (BSpline)
Info    : [ 30%] Meshing curve 58 (BSpline)
Info    : [ 30%] Meshing curve 59 (BSpline)
Info    : [ 30%] Meshing curve 60 (BSpline)
Info    : [ 30%] Meshing curve 61 (BSpline)
Info    : [ 30%] Meshing curve 62 (BSpline)
Info    : [ 30%] Meshing curve 63 (BSpline)
Info    : [ 30%] Meshing curve 64 (BSpline)
Info    : [ 30%] Meshing curve 65 (BSpline)
Info    : [ 30%] Meshing curve 66 (BSpline)
Info    : [ 30%] Meshing curve 67 (BSpline)
Info    : [ 30%] Meshing curve 68 (BSpline)
Info    : [ 30%] Meshing curve 69 (BSpline)
Info    : [ 30%] Meshing curve 70 (BSpline)
Info    : [ 30%] Meshing curve 71 (BSpline)
Info    : [ 30%] Meshing curve 72 (BSpline)
Info    : [ 30%] Meshing curve 73 (BSpline)
Info    : [ 30%] Meshing curve 74 (BSpline)
Info    : [ 30%] Meshing curve 75 (BSpline)
Info    : [ 30%] Meshing curve 76 (BSpline)
Info    : [ 30%] Meshing curve 77 (BSpline)
Info    : [ 40%] Meshing curve 78 (BSpline)
Info    : [ 40%] Meshing curve 79 (BSpline)
Info    : [ 40%] Meshing curve 80 (BSpline)
Info    : [ 40%] Meshing curve 81 (BSpline)
Info    : [ 40%] Meshing curve 82 (BSpline)
Info    : [ 40%] Meshing curve 83 (BSpline)
Info    : [ 40%] Meshing curve 84 (BSpline)
Info    : [ 40%] Meshing curve 85 (BSpline)
Info    : [ 40%] Meshing curve 86 (BSpline)
Info    : [ 40%] Meshing curve 87 (BSpline)
Info    : [ 40%] Meshing curve 88 (BSpline)
Info    : [ 40%] Meshing curve 89 (BSpline)
Info    : [ 40%] Meshing curve 90 (BSpline)
Info    : [ 40%] Meshing curve 91 (BSpline)
Info    : [ 40%] Meshing curve 92 (BSpline)
Info    : [ 40%] Meshing curve 93 (BSpline)
Info    : [ 40%] Meshing curve 94 (BSpline)
Info    : [ 40%] Meshing curve 95 (BSpline)
Info    : [ 40%] Meshing curve 96 (BSpline)
Info    : [ 40%] Meshing curve 97 (BSpline)
Info    : [ 40%] Meshing curve 98 (BSpline)
Info    : [ 40%] Meshing curve 99 (BSpline)
Info    : [ 40%] Meshing curve 100 (BSpline)
Info    : [ 40%] Meshing curve 101 (BSpline)
Info    : [ 40%] Meshing curve 102 (BSpline)
Info    : [ 40%] Meshing curve 103 (BSpline)
Info    : [ 50%] Meshing curve 104 (BSpline)
Info    : [ 50%] Meshing curve 105 (BSpline)
Info    : [ 50%] Meshing curve 106 (BSpline)
Info    : [ 50%] Meshing curve 107 (BSpline)
Info    : [ 50%] Meshing curve 108 (BSpline)
Info    : [ 50%] Meshing curve 109 (BSpline)
Info    : [ 50%] Meshing curve 110 (BSpline)
Info    : [ 50%] Meshing curve 111 (BSpline)
Info    : [ 50%] Meshing curve 112 (BSpline)
Info    : [ 50%] Meshing curve 113 (BSpline)
Info    : [ 50%] Meshing curve 114 (BSpline)
Info    : [ 50%] Meshing curve 115 (BSpline)
Info    : [ 50%] Meshing curve 116 (BSpline)
Info    : [ 50%] Meshing curve 117 (BSpline)
Info    : [ 50%] Meshing curve 118 (BSpline)
Info    : [ 50%] Meshing curve 119 (BSpline)
Info    : [ 50%] Meshing curve 120 (BSpline)
Info    : [ 50%] Meshing curve 121 (BSpline)
Info    : [ 50%] Meshing curve 122 (BSpline)
Info    : [ 50%] Meshing curve 123 (BSpline)
Info    : [ 50%] Meshing curve 124 (BSpline)
Info    : [ 50%] Meshing curve 125 (BSpline)
Info    : [ 50%] Meshing curve 126 (BSpline)
Info    : [ 50%] Meshing curve 127 (BSpline)
Info    : [ 50%] Meshing curve 128 (BSpline)
Info    : [ 60%] Meshing curve 129 (BSpline)
Info    : [ 60%] Meshing curve 130 (BSpline)
Info    : [ 60%] Meshing curve 131 (BSpline)
Info    : [ 60%] Meshing curve 132 (BSpline)
Info    : [ 60%] Meshing curve 133 (BSpline)
Info    : [ 60%] Meshing curve 134 (BSpline)
Info    : [ 60%] Meshing curve 135 (BSpline)
Info    : [ 60%] Meshing curve 136 (BSpline)
Info    : [ 60%] Meshing curve 137 (BSpline)
Info    : [ 60%] Meshing curve 138 (BSpline)
Info    : [ 60%] Meshing curve 139 (BSpline)
Info    : [ 60%] Meshing curve 140 (BSpline)
Info    : [ 60%] Meshing curve 141 (BSpline)
Info    : [ 60%] Meshing curve 142 (BSpline)
Info    : [ 60%] Meshing curve 143 (BSpline)
Info    : [ 60%] Meshing curve 144 (BSpline)
Info    : [ 60%] Meshing curve 145 (BSpline)
Info    : [ 60%] Meshing curve 146 (BSpline)
Info    : [ 60%] Meshing curve 147 (BSpline)
Info    : [ 60%] Meshing curve 148 (BSpline)
Info    : [ 60%] Meshing curve 149 (BSpline)
Info    : [ 60%] Meshing curve 150 (BSpline)
Info    : [ 60%] Meshing curve 151 (BSpline)
Info    : [ 60%] Meshing curve 152 (BSpline)
Info    : [ 60%] Meshing curve 153 (BSpline)
Info    : [ 60%] Meshing curve 154 (BSpline)
Info    : [ 70%] Meshing curve 155 (BSpline)
Info    : [ 70%] Meshing curve 156 (BSpline)
Info    : [ 70%] Meshing curve 157 (BSpline)
Info    : [ 70%] Meshing curve 158 (BSpline)
Info    : [ 70%] Meshing curve 159 (BSpline)
Info    : [ 70%] Meshing curve 160 (BSpline)
Info    : [ 70%] Meshing curve 161 (BSpline)
Info    : [ 70%] Meshing curve 162 (BSpline)
Info    : [ 70%] Meshing curve 163 (BSpline)
Info    : [ 70%] Meshing curve 164 (BSpline)
Info    : [ 70%] Meshing curve 165 (BSpline)
Info    : [ 70%] Meshing curve 166 (BSpline)
Info    : [ 70%] Meshing curve 167 (BSpline)
Info    : [ 70%] Meshing curve 168 (BSpline)
Info    : [ 70%] Meshing curve 169 (BSpline)
Info    : [ 70%] Meshing curve 170 (BSpline)
Info    : [ 70%] Meshing curve 171 (BSpline)
Info    : [ 70%] Meshing curve 172 (BSpline)
Info    : [ 70%] Meshing curve 173 (BSpline)
Info    : [ 70%] Meshing curve 174 (BSpline)
Info    : [ 70%] Meshing curve 175 (BSpline)
Info    : [ 70%] Meshing curve 176 (BSpline)
Info    : [ 70%] Meshing curve 177 (BSpline)
Info    : [ 70%] Meshing curve 178 (BSpline)
Info    : [ 70%] Meshing curve 179 (BSpline)
Info    : [ 80%] Meshing curve 180 (BSpline)
Info    : [ 80%] Meshing curve 181 (BSpline)
Info    : [ 80%] Meshing curve 182 (BSpline)
Info    : [ 80%] Meshing curve 183 (BSpline)
Info    : [ 80%] Meshing curve 184 (BSpline)
Info    : [ 80%] Meshing curve 185 (BSpline)
Info    : [ 80%] Meshing curve 186 (BSpline)
Info    : [ 80%] Meshing curve 187 (BSpline)
Info    : [ 80%] Meshing curve 188 (BSpline)
Info    : [ 80%] Meshing curve 189 (BSpline)
Info    : [ 80%] Meshing curve 190 (BSpline)
Info    : [ 80%] Meshing curve 191 (BSpline)
Info    : [ 80%] Meshing curve 192 (BSpline)
Info    : [ 80%] Meshing curve 193 (BSpline)
Info    : [ 80%] Meshing curve 194 (BSpline)
Info    : [ 80%] Meshing curve 195 (BSpline)
Info    : [ 80%] Meshing curve 196 (BSpline)
Info    : [ 80%] Meshing curve 197 (BSpline)
Info    : [ 80%] Meshing curve 198 (BSpline)
Info    : [ 80%] Meshing curve 199 (BSpline)
Info    : [ 80%] Meshing curve 200 (BSpline)
Info    : [ 80%] Meshing curve 201 (BSpline)
Info    : [ 80%] Meshing curve 202 (BSpline)
Info    : [ 80%] Meshing curve 203 (BSpline)
Info    : [ 80%] Meshing curve 204 (BSpline)
Info    : [ 80%] Meshing curve 205 (BSpline)
Info    : [ 90%] Meshing curve 206 (BSpline)
Info    : [ 90%] Meshing curve 207 (BSpline)
Info    : [ 90%] Meshing curve 208 (BSpline)
Info    : [ 90%] Meshing curve 209 (BSpline)
Info    : [ 90%] Meshing curve 210 (BSpline)
Info    : [ 90%] Meshing curve 211 (BSpline)
Info    : [ 90%] Meshing curve 212 (BSpline)
Info    : [ 90%] Meshing curve 213 (BSpline)
Info    : [ 90%] Meshing curve 214 (BSpline)
Info    : [ 90%] Meshing curve 215 (BSpline)
Info    : [ 90%] Meshing curve 216 (BSpline)
Info    : [ 90%] Meshing curve 217 (BSpline)
Info    : [ 90%] Meshing curve 218 (BSpline)
Info    : [ 90%] Meshing curve 219 (BSpline)
Info    : [ 90%] Meshing curve 220 (BSpline)
Info    : [ 90%] Meshing curve 221 (BSpline)
Info    : [ 90%] Meshing curve 222 (BSpline)
Info    : [ 90%] Meshing curve 223 (BSpline)
Info    : [ 90%] Meshing curve 224 (BSpline)
Info    : [ 90%] Meshing curve 225 (BSpline)
Info    : [ 90%] Meshing curve 226 (BSpline)
Info    : [ 90%] Meshing curve 227 (BSpline)
Info    : [ 90%] Meshing curve 228 (BSpline)
Info    : [ 90%] Meshing curve 229 (BSpline)
Info    : [ 90%] Meshing curve 230 (BSpline)
Info    : [100%] Meshing curve 231 (BSpline)
Info    : [100%] Meshing curve 232 (BSpline)
Info    : [100%] Meshing curve 233 (BSpline)
Info    : [100%] Meshing curve 234 (BSpline)
Info    : [100%] Meshing curve 235 (BSpline)
Info    : [100%] Meshing curve 236 (BSpline)
Info    : [100%] Meshing curve 237 (BSpline)
Info    : [100%] Meshing curve 238 (BSpline)
Info    : [100%] Meshing curve 239 (BSpline)
Info    : [100%] Meshing curve 240 (BSpline)
Info    : [100%] Meshing curve 241 (BSpline)
Info    : [100%] Meshing curve 242 (BSpline)
Info    : [100%] Meshing curve 243 (BSpline)
Info    : [100%] Meshing curve 244 (BSpline)
Info    : [100%] Meshing curve 245 (BSpline)
Info    : [100%] Meshing curve 246 (BSpline)
Info    : [100%] Meshing curve 247 (BSpline)
Info    : [100%] Meshing curve 248 (BSpline)
Info    : [100%] Meshing curve 249 (BSpline)
Info    : [100%] Meshing curve 250 (BSpline)
Info    : [100%] Meshing curve 251 (BSpline)
Info    : [100%] Meshing curve 252 (BSpline)
Info    : [100%] Meshing curve 253 (BSpline)
Info    : [100%] Meshing curve 254 (BSpline)
Info    : [100%] Meshing curve 255 (BSpline)
Info    : Done meshing 1D (Wall 1.31449s, CPU 1.30924s)
Info    : Meshing 2D...
Info    : [  0%] Meshing surface 1 (BSpline surface, Frontal-Delaunay)
Info    : [ 10%] Meshing surface 2 (BSpline surface, Frontal-Delaunay)
Info    : [ 10%] Meshing surface 3 (BSpline surface, Frontal-Delaunay)
Info    : [ 10%] Meshing surface 4 (BSpline surface, Frontal-Delaunay)
Info    : [ 10%] Meshing surface 5 (BSpline surface, Frontal-Delaunay)
Info    : [ 10%] Meshing surface 6 (BSpline surface, Frontal-Delaunay)
Info    : [ 10%] Meshing surface 7 (BSpline surface, Frontal-Delaunay)
Info    : [ 10%] Meshing surface 8 (BSpline surface, Frontal-Delaunay)
Info    : [ 10%] Meshing surface 9 (BSpline surface, Frontal-Delaunay)
Info    : [ 10%] Meshing surface 10 (BSpline surface, Frontal-Delaunay)
Info    : [ 10%] Meshing surface 11 (BSpline surface, Frontal-Delaunay)
Info    : [ 10%] Meshing surface 12 (BSpline surface, Frontal-Delaunay)
Info    : [ 10%] Meshing surface 13 (BSpline surface, Frontal-Delaunay)
Info    : [ 20%] Meshing surface 14 (BSpline surface, Frontal-Delaunay)
Info    : [ 20%] Meshing surface 15 (BSpline surface, Frontal-Delaunay)
Info    : [ 20%] Meshing surface 16 (BSpline surface, Frontal-Delaunay)
Info    : [ 20%] Meshing surface 17 (BSpline surface, Frontal-Delaunay)
Info    : [ 20%] Meshing surface 18 (BSpline surface, Frontal-Delaunay)
Info    : [ 20%] Meshing surface 19 (BSpline surface, Frontal-Delaunay)
Info    : [ 20%] Meshing surface 20 (BSpline surface, Frontal-Delaunay)
Info    : [ 20%] Meshing surface 21 (BSpline surface, Frontal-Delaunay)
Info    : [ 20%] Meshing surface 22 (BSpline surface, Frontal-Delaunay)
Info    : [ 20%] Meshing surface 23 (BSpline surface, Frontal-Delaunay)
Info    : [ 20%] Meshing surface 24 (BSpline surface, Frontal-Delaunay)
Info    : [ 20%] Meshing surface 25 (BSpline surface, Frontal-Delaunay)
Info    : [ 20%] Meshing surface 26 (BSpline surface, Frontal-Delaunay)
Info    : [ 30%] Meshing surface 27 (BSpline surface, Frontal-Delaunay)
Info    : [ 30%] Meshing surface 28 (BSpline surface, Frontal-Delaunay)
Info    : [ 30%] Meshing surface 29 (BSpline surface, Frontal-Delaunay)
Info    : [ 30%] Meshing surface 30 (BSpline surface, Frontal-Delaunay)
Info    : [ 30%] Meshing surface 31 (BSpline surface, Frontal-Delaunay)
Info    : [ 30%] Meshing surface 32 (BSpline surface, Frontal-Delaunay)
Info    : [ 30%] Meshing surface 33 (BSpline surface, Frontal-Delaunay)
Info    : [ 30%] Meshing surface 34 (BSpline surface, Frontal-Delaunay)
Info    : [ 30%] Meshing surface 35 (BSpline surface, Frontal-Delaunay)
Info    : [ 30%] Meshing surface 36 (BSpline surface, Frontal-Delaunay)
Info    : [ 30%] Meshing surface 37 (BSpline surface, Frontal-Delaunay)
Info    : [ 30%] Meshing surface 38 (BSpline surface, Frontal-Delaunay)
Info    : [ 40%] Meshing surface 39 (BSpline surface, Frontal-Delaunay)
Info    : [ 40%] Meshing surface 40 (BSpline surface, Frontal-Delaunay)
Info    : [ 40%] Meshing surface 41 (BSpline surface, Frontal-Delaunay)
Info    : [ 40%] Meshing surface 42 (BSpline surface, Frontal-Delaunay)
Info    : [ 40%] Meshing surface 43 (BSpline surface, Frontal-Delaunay)
Info    : [ 40%] Meshing surface 44 (BSpline surface, Frontal-Delaunay)
Info    : [ 40%] Meshing surface 45 (BSpline surface, Frontal-Delaunay)
Info    : [ 40%] Meshing surface 46 (BSpline surface, Frontal-Delaunay)
Info    : [ 40%] Meshing surface 47 (BSpline surface, Frontal-Delaunay)
Info    : [ 40%] Meshing surface 48 (BSpline surface, Frontal-Delaunay)
Info    : [ 40%] Meshing surface 49 (BSpline surface, Frontal-Delaunay)
Info    : [ 40%] Meshing surface 50 (BSpline surface, Frontal-Delaunay)
Info    : [ 40%] Meshing surface 51 (BSpline surface, Frontal-Delaunay)
Info    : [ 50%] Meshing surface 52 (BSpline surface, Frontal-Delaunay)
Info    : [ 50%] Meshing surface 53 (BSpline surface, Frontal-Delaunay)
Info    : [ 50%] Meshing surface 54 (BSpline surface, Frontal-Delaunay)
Info    : [ 50%] Meshing surface 55 (BSpline surface, Frontal-Delaunay)
Info    : [ 50%] Meshing surface 56 (BSpline surface, Frontal-Delaunay)
Info    : [ 50%] Meshing surface 57 (BSpline surface, Frontal-Delaunay)
Info    : [ 50%] Meshing surface 58 (BSpline surface, Frontal-Delaunay)
Info    : [ 50%] Meshing surface 59 (BSpline surface, Frontal-Delaunay)
Info    : [ 50%] Meshing surface 60 (BSpline surface, Frontal-Delaunay)
Info    : [ 50%] Meshing surface 61 (BSpline surface, Frontal-Delaunay)
Info    : [ 50%] Meshing surface 62 (BSpline surface, Frontal-Delaunay)
Info    : [ 50%] Meshing surface 63 (BSpline surface, Frontal-Delaunay)
Info    : [ 60%] Meshing surface 64 (BSpline surface, Frontal-Delaunay)
Info    : [ 60%] Meshing surface 65 (BSpline surface, Frontal-Delaunay)
Info    : [ 60%] Meshing surface 66 (BSpline surface, Frontal-Delaunay)
Info    : [ 60%] Meshing surface 67 (BSpline surface, Frontal-Delaunay)
Info    : [ 60%] Meshing surface 68 (BSpline surface, Frontal-Delaunay)
Info    : [ 60%] Meshing surface 69 (BSpline surface, Frontal-Delaunay)
Info    : [ 60%] Meshing surface 70 (BSpline surface, Frontal-Delaunay)
Info    : [ 60%] Meshing surface 71 (BSpline surface, Frontal-Delaunay)
Info    : [ 60%] Meshing surface 72 (BSpline surface, Frontal-Delaunay)
Info    : [ 60%] Meshing surface 73 (BSpline surface, Frontal-Delaunay)
Info    : [ 60%] Meshing surface 74 (BSpline surface, Frontal-Delaunay)
Info    : [ 60%] Meshing surface 75 (BSpline surface, Frontal-Delaunay)
Info    : [ 60%] Meshing surface 76 (BSpline surface, Frontal-Delaunay)
Info    : [ 70%] Meshing surface 77 (BSpline surface, Frontal-Delaunay)
Info    : [ 70%] Meshing surface 78 (BSpline surface, Frontal-Delaunay)
Info    : [ 70%] Meshing surface 79 (BSpline surface, Frontal-Delaunay)
Info    : [ 70%] Meshing surface 80 (BSpline surface, Frontal-Delaunay)
Info    : [ 70%] Meshing surface 81 (BSpline surface, Frontal-Delaunay)
Info    : [ 70%] Meshing surface 82 (BSpline surface, Frontal-Delaunay)
Info    : [ 70%] Meshing surface 83 (BSpline surface, Frontal-Delaunay)
Info    : [ 70%] Meshing surface 84 (BSpline surface, Frontal-Delaunay)
Info    : [ 70%] Meshing surface 85 (BSpline surface, Frontal-Delaunay)
Info    : [ 70%] Meshing surface 86 (BSpline surface, Frontal-Delaunay)
Info    : [ 70%] Meshing surface 87 (BSpline surface, Frontal-Delaunay)
Info    : [ 70%] Meshing surface 88 (BSpline surface, Frontal-Delaunay)
Info    : [ 80%] Meshing surface 89 (BSpline surface, Frontal-Delaunay)
Info    : [ 80%] Meshing surface 90 (BSpline surface, Frontal-Delaunay)
Info    : [ 80%] Meshing surface 91 (BSpline surface, Frontal-Delaunay)
Info    : [ 80%] Meshing surface 92 (BSpline surface, Frontal-Delaunay)
Info    : [ 80%] Meshing surface 93 (BSpline surface, Frontal-Delaunay)
Info    : [ 80%] Meshing surface 94 (BSpline surface, Frontal-Delaunay)
Info    : [ 80%] Meshing surface 95 (BSpline surface, Frontal-Delaunay)
Info    : [ 80%] Meshing surface 96 (BSpline surface, Frontal-Delaunay)
Info    : [ 80%] Meshing surface 97 (BSpline surface, Frontal-Delaunay)
Info    : [ 80%] Meshing surface 98 (BSpline surface, Frontal-Delaunay)
Info    : [ 80%] Meshing surface 99 (BSpline surface, Frontal-Delaunay)
Info    : [ 80%] Meshing surface 100 (BSpline surface, Frontal-Delaunay)
Info    : [ 80%] Meshing surface 101 (BSpline surface, Frontal-Delaunay)
Info    : [ 90%] Meshing surface 102 (BSpline surface, Frontal-Delaunay)
Info    : [ 90%] Meshing surface 103 (BSpline surface, Frontal-Delaunay)
Info    : [ 90%] Meshing surface 104 (BSpline surface, Frontal-Delaunay)
Info    : [ 90%] Meshing surface 105 (BSpline surface, Frontal-Delaunay)
Info    : [ 90%] Meshing surface 106 (BSpline surface, Frontal-Delaunay)
Info    : [ 90%] Meshing surface 107 (BSpline surface, Frontal-Delaunay)
Info    : [ 90%] Meshing surface 108 (BSpline surface, Frontal-Delaunay)
Info    : [ 90%] Meshing surface 109 (BSpline surface, Frontal-Delaunay)
Info    : [ 90%] Meshing surface 110 (BSpline surface, Frontal-Delaunay)
Info    : [ 90%] Meshing surface 111 (BSpline surface, Frontal-Delaunay)
Info    : [ 90%] Meshing surface 112 (BSpline surface, Frontal-Delaunay)
Info    : [ 90%] Meshing surface 113 (BSpline surface, Frontal-Delaunay)
Info    : [100%] Meshing surface 114 (BSpline surface, Frontal-Delaunay)
Info    : [100%] Meshing surface 115 (BSpline surface, Frontal-Delaunay)
Info    : [100%] Meshing surface 116 (BSpline surface, Frontal-Delaunay)
Info    : [100%] Meshing surface 117 (BSpline surface, Frontal-Delaunay)
Info    : [100%] Meshing surface 118 (BSpline surface, Frontal-Delaunay)
Info    : [100%] Meshing surface 119 (BSpline surface, Frontal-Delaunay)
Info    : [100%] Meshing surface 120 (BSpline surface, Frontal-Delaunay)
Info    : [100%] Meshing surface 121 (BSpline surface, Frontal-Delaunay)
Info    : [100%] Meshing surface 122 (BSpline surface, Frontal-Delaunay)
Info    : [100%] Meshing surface 123 (Plane, Frontal-Delaunay)
Info    : [100%] Meshing surface 124 (Plane, Frontal-Delaunay)
Info    : [100%] Meshing surface 125 (Plane, Frontal-Delaunay)
Info    : Done meshing 2D (Wall 84.1098s, CPU 84.0417s)
Info    : Meshing 3D...
Info    : 3D Meshing 1 volume with 1 connected component
Info    : Tetrahedrizing 45593 nodes...
Info    : Done tetrahedrizing 45601 nodes (Wall 0.931863s, CPU 0.902937s)
Info    : Reconstructing mesh...
Info    :  - Creating surface mesh
Info    :  - Identifying boundary edges
Info    :  - Recovering boundary
Info    : Done reconstructing mesh (Wall 2.77521s, CPU 2.66875s)
Info    : Found volume 1
Info    : It. 0 - 0 nodes created - worst tet radius 323.536 (nodes removed 0 0)
Info    : It. 500 - 394 nodes created - worst tet radius 6.29893 (nodes removed 0 106)
Info    : It. 1000 - 887 nodes created - worst tet radius 5.05158 (nodes removed 0 113)
Info    : It. 1500 - 1383 nodes created - worst tet radius 4.42442 (nodes removed 0 117)
Info    : It. 2000 - 1878 nodes created - worst tet radius 4.06701 (nodes removed 0 122)
Info    : It. 2500 - 2376 nodes created - worst tet radius 3.78948 (nodes removed 0 124)
Info    : It. 3000 - 2875 nodes created - worst tet radius 3.58186 (nodes removed 0 125)
Info    : It. 3500 - 3375 nodes created - worst tet radius 3.42305 (nodes removed 0 125)
Info    : It. 4000 - 3874 nodes created - worst tet radius 3.28253 (nodes removed 0 126)
Info    : It. 4500 - 4373 nodes created - worst tet radius 3.16676 (nodes removed 0 127)
Info    : It. 5000 - 4872 nodes created - worst tet radius 3.062 (nodes removed 0 128)
Info    : It. 5500 - 5371 nodes created - worst tet radius 2.97217 (nodes removed 0 129)
Info    : It. 6000 - 5869 nodes created - worst tet radius 2.89237 (nodes removed 0 131)
Info    : It. 6500 - 6368 nodes created - worst tet radius 2.82695 (nodes removed 0 132)
Info    : It. 7000 - 6868 nodes created - worst tet radius 2.76025 (nodes removed 0 132)
Info    : It. 7500 - 7367 nodes created - worst tet radius 2.70406 (nodes removed 0 133)
Info    : It. 8000 - 7866 nodes created - worst tet radius 2.64819 (nodes removed 0 134)
Info    : It. 8500 - 8365 nodes created - worst tet radius 2.59827 (nodes removed 0 135)
Info    : It. 9000 - 8865 nodes created - worst tet radius 2.55226 (nodes removed 0 135)
Info    : It. 9500 - 9365 nodes created - worst tet radius 2.50973 (nodes removed 0 135)
Info    : It. 10000 - 9864 nodes created - worst tet radius 2.46961 (nodes removed 0 136)
Info    : It. 10500 - 10363 nodes created - worst tet radius 2.43074 (nodes removed 0 137)
Info    : It. 11000 - 10860 nodes created - worst tet radius 2.39475 (nodes removed 0 140)
Info    : It. 11500 - 11358 nodes created - worst tet radius 2.36394 (nodes removed 0 142)
Info    : It. 12000 - 11858 nodes created - worst tet radius 2.33248 (nodes removed 0 142)
Info    : It. 12500 - 12358 nodes created - worst tet radius 2.3028 (nodes removed 0 142)
Info    : It. 13000 - 12857 nodes created - worst tet radius 2.27695 (nodes removed 0 143)
Info    : It. 13500 - 13356 nodes created - worst tet radius 2.25048 (nodes removed 0 144)
Info    : It. 14000 - 13856 nodes created - worst tet radius 2.22591 (nodes removed 0 144)
Info    : It. 14500 - 14356 nodes created - worst tet radius 2.20108 (nodes removed 0 144)
Info    : It. 15000 - 14854 nodes created - worst tet radius 2.17814 (nodes removed 0 146)
Info    : It. 15500 - 15352 nodes created - worst tet radius 2.177 (nodes removed 0 148)
Info    : It. 16000 - 15851 nodes created - worst tet radius 2.13531 (nodes removed 0 149)
Info    : It. 16500 - 16349 nodes created - worst tet radius 2.11327 (nodes removed 0 151)
Info    : It. 17000 - 16849 nodes created - worst tet radius 2.09426 (nodes removed 0 151)
Info    : It. 17500 - 17348 nodes created - worst tet radius 2.0753 (nodes removed 0 152)
Info    : It. 18000 - 17848 nodes created - worst tet radius 2.0575 (nodes removed 0 152)
Info    : It. 18500 - 18346 nodes created - worst tet radius 2.04152 (nodes removed 0 154)
Info    : It. 19000 - 18846 nodes created - worst tet radius 2.02348 (nodes removed 0 154)
Info    : It. 19500 - 19345 nodes created - worst tet radius 2.00634 (nodes removed 0 155)
Info    : It. 20000 - 19844 nodes created - worst tet radius 1.98984 (nodes removed 0 156)
Info    : It. 20500 - 20343 nodes created - worst tet radius 1.97382 (nodes removed 0 157)
Info    : It. 21000 - 20843 nodes created - worst tet radius 1.95842 (nodes removed 0 157)
Info    : It. 21500 - 21343 nodes created - worst tet radius 1.94375 (nodes removed 0 157)
Info    : It. 22000 - 21843 nodes created - worst tet radius 1.92978 (nodes removed 0 157)
Info    : It. 22500 - 22341 nodes created - worst tet radius 1.91589 (nodes removed 0 159)
Info    : It. 23000 - 22841 nodes created - worst tet radius 1.90258 (nodes removed 0 159)
Info    : It. 23500 - 23339 nodes created - worst tet radius 1.8904 (nodes removed 0 161)
Info    : It. 24000 - 23839 nodes created - worst tet radius 1.87732 (nodes removed 0 161)
Info    : It. 24500 - 24339 nodes created - worst tet radius 1.86504 (nodes removed 0 161)
Info    : It. 25000 - 24838 nodes created - worst tet radius 1.85367 (nodes removed 0 162)
Info    : It. 25500 - 25338 nodes created - worst tet radius 1.84238 (nodes removed 0 162)
Info    : It. 26000 - 25838 nodes created - worst tet radius 1.83096 (nodes removed 0 162)
Info    : It. 26500 - 26338 nodes created - worst tet radius 1.81967 (nodes removed 0 162)
Info    : It. 27000 - 26837 nodes created - worst tet radius 1.8086 (nodes removed 0 163)
Info    : It. 27500 - 27334 nodes created - worst tet radius 1.79873 (nodes removed 0 166)
Info    : It. 28000 - 27833 nodes created - worst tet radius 1.78872 (nodes removed 0 167)
Info    : It. 28500 - 28331 nodes created - worst tet radius 1.77905 (nodes removed 0 169)
Info    : It. 29000 - 28831 nodes created - worst tet radius 1.76981 (nodes removed 0 169)
Info    : It. 29500 - 29331 nodes created - worst tet radius 1.76034 (nodes removed 0 169)
Info    : It. 30000 - 29830 nodes created - worst tet radius 1.75093 (nodes removed 0 170)
Info    : It. 30500 - 30330 nodes created - worst tet radius 1.7421 (nodes removed 0 170)
Info    : It. 31000 - 30830 nodes created - worst tet radius 1.73314 (nodes removed 0 170)
Info    : It. 31500 - 31329 nodes created - worst tet radius 1.7247 (nodes removed 0 171)
Info    : It. 32000 - 31829 nodes created - worst tet radius 1.71597 (nodes removed 0 171)
Info    : It. 32500 - 32329 nodes created - worst tet radius 1.70778 (nodes removed 0 171)
Info    : It. 33000 - 32828 nodes created - worst tet radius 1.69943 (nodes removed 0 172)
Info    : It. 33500 - 33327 nodes created - worst tet radius 1.69147 (nodes removed 0 173)
Info    : It. 34000 - 33827 nodes created - worst tet radius 1.68327 (nodes removed 0 173)
Info    : It. 34500 - 34325 nodes created - worst tet radius 1.67527 (nodes removed 0 175)
Info    : It. 35000 - 34825 nodes created - worst tet radius 1.66756 (nodes removed 0 175)
Info    : It. 35500 - 35325 nodes created - worst tet radius 1.65959 (nodes removed 0 175)
Info    : It. 36000 - 35825 nodes created - worst tet radius 1.65197 (nodes removed 0 175)
Info    : It. 36500 - 36325 nodes created - worst tet radius 1.64474 (nodes removed 0 175)
Info    : It. 37000 - 36824 nodes created - worst tet radius 1.63788 (nodes removed 0 176)
Info    : It. 37500 - 37323 nodes created - worst tet radius 1.63126 (nodes removed 0 177)
Info    : It. 38000 - 37821 nodes created - worst tet radius 1.62415 (nodes removed 0 179)
Info    : It. 38500 - 38320 nodes created - worst tet radius 1.61783 (nodes removed 0 180)
Info    : It. 39000 - 38819 nodes created - worst tet radius 1.61155 (nodes removed 0 181)
Info    : It. 39500 - 39318 nodes created - worst tet radius 1.60435 (nodes removed 0 182)
Info    : It. 40000 - 39817 nodes created - worst tet radius 1.59758 (nodes removed 0 183)
Info    : It. 40500 - 40317 nodes created - worst tet radius 1.59136 (nodes removed 0 183)
Info    : It. 41000 - 40817 nodes created - worst tet radius 1.58526 (nodes removed 0 183)
Info    : It. 41500 - 41316 nodes created - worst tet radius 1.57958 (nodes removed 0 184)
Info    : It. 42000 - 41816 nodes created - worst tet radius 1.57368 (nodes removed 0 184)
Info    : It. 42500 - 42316 nodes created - worst tet radius 1.56796 (nodes removed 0 184)
Info    : It. 43000 - 42816 nodes created - worst tet radius 1.5623 (nodes removed 0 184)
Info    : It. 43500 - 43315 nodes created - worst tet radius 1.55678 (nodes removed 0 185)
Info    : It. 44000 - 43815 nodes created - worst tet radius 1.55128 (nodes removed 0 185)
Info    : It. 44500 - 44315 nodes created - worst tet radius 1.54554 (nodes removed 0 185)
Info    : It. 45000 - 44812 nodes created - worst tet radius 1.53977 (nodes removed 0 188)
Info    : It. 45500 - 45310 nodes created - worst tet radius 1.53419 (nodes removed 0 190)
Info    : It. 46000 - 45810 nodes created - worst tet radius 1.52914 (nodes removed 0 190)
Info    : It. 46500 - 46309 nodes created - worst tet radius 1.52424 (nodes removed 0 191)
Info    : It. 47000 - 46807 nodes created - worst tet radius 1.51867 (nodes removed 0 193)
Info    : It. 47500 - 47307 nodes created - worst tet radius 1.5135 (nodes removed 0 193)
Info    : It. 48000 - 47807 nodes created - worst tet radius 1.50864 (nodes removed 0 193)
Info    : It. 48500 - 48305 nodes created - worst tet radius 1.50348 (nodes removed 0 195)
Info    : It. 49000 - 48804 nodes created - worst tet radius 1.49903 (nodes removed 0 196)
Info    : It. 49500 - 49304 nodes created - worst tet radius 1.49439 (nodes removed 0 196)
Info    : It. 50000 - 49804 nodes created - worst tet radius 1.48968 (nodes removed 0 196)
Info    : It. 50500 - 50304 nodes created - worst tet radius 1.48472 (nodes removed 0 196)
Info    : It. 51000 - 50804 nodes created - worst tet radius 1.48033 (nodes removed 0 196)
Info    : It. 51500 - 51304 nodes created - worst tet radius 1.47584 (nodes removed 0 196)
Info    : It. 52000 - 51803 nodes created - worst tet radius 1.47091 (nodes removed 0 197)
Info    : It. 52500 - 52303 nodes created - worst tet radius 1.46667 (nodes removed 0 197)
Info    : It. 53000 - 52802 nodes created - worst tet radius 1.46236 (nodes removed 0 198)
Info    : It. 53500 - 53298 nodes created - worst tet radius 1.45818 (nodes removed 0 202)
Info    : It. 54000 - 53798 nodes created - worst tet radius 1.45382 (nodes removed 0 202)
Info    : It. 54500 - 54298 nodes created - worst tet radius 1.44913 (nodes removed 0 202)
Info    : It. 55000 - 54798 nodes created - worst tet radius 1.44481 (nodes removed 0 202)
Info    : It. 55500 - 55298 nodes created - worst tet radius 1.44087 (nodes removed 0 202)
Info    : It. 56000 - 55797 nodes created - worst tet radius 1.43692 (nodes removed 0 203)
Info    : It. 56500 - 56296 nodes created - worst tet radius 1.43298 (nodes removed 0 204)
Info    : It. 57000 - 56794 nodes created - worst tet radius 1.4289 (nodes removed 0 206)
Info    : It. 57500 - 57294 nodes created - worst tet radius 1.42505 (nodes removed 0 206)
Info    : It. 58000 - 57794 nodes created - worst tet radius 1.42103 (nodes removed 0 206)
Info    : It. 58500 - 58294 nodes created - worst tet radius 1.41707 (nodes removed 0 206)
Info    : It. 59000 - 58794 nodes created - worst tet radius 1.41338 (nodes removed 0 206)
Info    : It. 59500 - 59293 nodes created - worst tet radius 1.40953 (nodes removed 0 207)
Info    : It. 60000 - 59793 nodes created - worst tet radius 1.40544 (nodes removed 0 207)
Info    : It. 60500 - 60292 nodes created - worst tet radius 1.40166 (nodes removed 0 208)
Info    : It. 61000 - 60792 nodes created - worst tet radius 1.39769 (nodes removed 0 208)
Info    : It. 61500 - 61292 nodes created - worst tet radius 1.39404 (nodes removed 0 208)
Info    : It. 62000 - 61792 nodes created - worst tet radius 1.39054 (nodes removed 0 208)
Info    : It. 62500 - 62291 nodes created - worst tet radius 1.38712 (nodes removed 0 209)
Info    : It. 63000 - 62791 nodes created - worst tet radius 1.38363 (nodes removed 0 209)
Info    : It. 63500 - 63291 nodes created - worst tet radius 1.38022 (nodes removed 0 209)
Info    : It. 64000 - 63791 nodes created - worst tet radius 1.37662 (nodes removed 0 209)
Info    : It. 64500 - 64291 nodes created - worst tet radius 1.37335 (nodes removed 0 209)
Info    : It. 65000 - 64791 nodes created - worst tet radius 1.37001 (nodes removed 0 209)
Info    : It. 65500 - 65286 nodes created - worst tet radius 1.36655 (nodes removed 0 214)
Info    : It. 66000 - 65786 nodes created - worst tet radius 1.36334 (nodes removed 0 214)
Info    : It. 66500 - 66286 nodes created - worst tet radius 1.3602 (nodes removed 0 214)
Info    : It. 67000 - 66786 nodes created - worst tet radius 1.35704 (nodes removed 0 214)
Info    : It. 67500 - 67286 nodes created - worst tet radius 1.35374 (nodes removed 0 214)
Info    : It. 68000 - 67786 nodes created - worst tet radius 1.35073 (nodes removed 0 214)
Info    : It. 68500 - 68286 nodes created - worst tet radius 1.34763 (nodes removed 0 214)
Info    : It. 69000 - 68784 nodes created - worst tet radius 1.34412 (nodes removed 0 216)
Info    : It. 69500 - 69284 nodes created - worst tet radius 1.34105 (nodes removed 0 216)
Info    : It. 70000 - 69783 nodes created - worst tet radius 1.33784 (nodes removed 0 217)
Info    : It. 70500 - 70283 nodes created - worst tet radius 1.33484 (nodes removed 0 217)
Info    : It. 71000 - 70783 nodes created - worst tet radius 1.33175 (nodes removed 0 217)
Info    : It. 71500 - 71283 nodes created - worst tet radius 1.32877 (nodes removed 0 217)
Info    : It. 72000 - 71783 nodes created - worst tet radius 1.32588 (nodes removed 0 217)
Info    : It. 72500 - 72282 nodes created - worst tet radius 1.32284 (nodes removed 0 218)
Info    : It. 73000 - 72782 nodes created - worst tet radius 1.31967 (nodes removed 0 218)
Info    : It. 73500 - 73282 nodes created - worst tet radius 1.3168 (nodes removed 0 218)
Info    : It. 74000 - 73782 nodes created - worst tet radius 1.31376 (nodes removed 0 218)
Info    : It. 74500 - 74282 nodes created - worst tet radius 1.31108 (nodes removed 0 218)
Info    : It. 75000 - 74782 nodes created - worst tet radius 1.30824 (nodes removed 0 218)
Info    : It. 75500 - 75282 nodes created - worst tet radius 1.30567 (nodes removed 0 218)
Info    : It. 76000 - 75782 nodes created - worst tet radius 1.30284 (nodes removed 0 218)
Info    : It. 76500 - 76282 nodes created - worst tet radius 1.30023 (nodes removed 0 218)
Info    : It. 77000 - 76781 nodes created - worst tet radius 1.29769 (nodes removed 0 219)
Info    : It. 77500 - 77281 nodes created - worst tet radius 1.29914 (nodes removed 0 219)
Info    : It. 78000 - 77781 nodes created - worst tet radius 1.2923 (nodes removed 0 219)
Info    : It. 78500 - 78281 nodes created - worst tet radius 1.28988 (nodes removed 0 219)
Info    : It. 79000 - 78781 nodes created - worst tet radius 1.28729 (nodes removed 0 219)
Info    : It. 79500 - 79281 nodes created - worst tet radius 1.28471 (nodes removed 0 219)
Info    : It. 80000 - 79781 nodes created - worst tet radius 1.28214 (nodes removed 0 219)
Info    : It. 80500 - 80281 nodes created - worst tet radius 1.2794 (nodes removed 0 219)
Info    : It. 81000 - 80781 nodes created - worst tet radius 1.27704 (nodes removed 0 219)
Info    : It. 81500 - 81281 nodes created - worst tet radius 1.27466 (nodes removed 0 219)
Info    : It. 82000 - 81780 nodes created - worst tet radius 1.27225 (nodes removed 0 220)
Info    : It. 82500 - 82279 nodes created - worst tet radius 1.26951 (nodes removed 0 221)
Info    : It. 83000 - 82779 nodes created - worst tet radius 1.2668 (nodes removed 0 221)
Info    : It. 83500 - 83279 nodes created - worst tet radius 1.26442 (nodes removed 0 221)
Info    : It. 84000 - 83778 nodes created - worst tet radius 1.26188 (nodes removed 0 222)
Info    : It. 84500 - 84278 nodes created - worst tet radius 1.25972 (nodes removed 0 222)
Info    : It. 85000 - 84778 nodes created - worst tet radius 1.25725 (nodes removed 0 222)
Info    : It. 85500 - 85277 nodes created - worst tet radius 1.25487 (nodes removed 0 223)
Info    : It. 86000 - 85777 nodes created - worst tet radius 1.25239 (nodes removed 0 223)
Info    : It. 86500 - 86277 nodes created - worst tet radius 1.25 (nodes removed 0 223)
Info    : It. 87000 - 86777 nodes created - worst tet radius 1.24783 (nodes removed 0 223)
Info    : It. 87500 - 87277 nodes created - worst tet radius 1.24564 (nodes removed 0 223)
Info    : It. 88000 - 87776 nodes created - worst tet radius 1.24328 (nodes removed 0 224)
Info    : It. 88500 - 88275 nodes created - worst tet radius 1.24104 (nodes removed 0 225)
Info    : It. 89000 - 88774 nodes created - worst tet radius 1.23879 (nodes removed 0 226)
Info    : It. 89500 - 89274 nodes created - worst tet radius 1.23645 (nodes removed 0 226)
Info    : It. 90000 - 89774 nodes created - worst tet radius 1.23432 (nodes removed 0 226)
Info    : It. 90500 - 90273 nodes created - worst tet radius 1.23203 (nodes removed 0 227)
Info    : It. 91000 - 90773 nodes created - worst tet radius 1.22982 (nodes removed 0 227)
Info    : It. 91500 - 91273 nodes created - worst tet radius 1.22763 (nodes removed 0 227)
Info    : It. 92000 - 91772 nodes created - worst tet radius 1.22556 (nodes removed 0 228)
Info    : It. 92500 - 92272 nodes created - worst tet radius 1.2234 (nodes removed 0 228)
Info    : It. 93000 - 92772 nodes created - worst tet radius 1.22128 (nodes removed 0 228)
Info    : It. 93500 - 93272 nodes created - worst tet radius 1.21937 (nodes removed 0 228)
Info    : It. 94000 - 93772 nodes created - worst tet radius 1.2172 (nodes removed 0 228)
Info    : It. 94500 - 94272 nodes created - worst tet radius 1.21514 (nodes removed 0 228)
Info    : It. 95000 - 94771 nodes created - worst tet radius 1.21297 (nodes removed 0 229)
Info    : It. 95500 - 95268 nodes created - worst tet radius 1.21113 (nodes removed 0 232)
Info    : It. 96000 - 95767 nodes created - worst tet radius 1.20897 (nodes removed 0 233)
Info    : It. 96500 - 96266 nodes created - worst tet radius 1.20699 (nodes removed 0 234)
Info    : It. 97000 - 96764 nodes created - worst tet radius 1.20497 (nodes removed 0 236)
Info    : It. 97500 - 97264 nodes created - worst tet radius 1.20316 (nodes removed 0 236)
Info    : It. 98000 - 97764 nodes created - worst tet radius 1.20109 (nodes removed 0 236)
Info    : It. 98500 - 98264 nodes created - worst tet radius 1.19921 (nodes removed 0 236)
Info    : It. 99000 - 98764 nodes created - worst tet radius 1.19715 (nodes removed 0 236)
Info    : It. 99500 - 99262 nodes created - worst tet radius 1.19523 (nodes removed 0 238)
Info    : It. 100000 - 99761 nodes created - worst tet radius 1.1933 (nodes removed 0 239)
Info    : It. 100500 - 100260 nodes created - worst tet radius 1.19142 (nodes removed 0 240)
Info    : It. 101000 - 100759 nodes created - worst tet radius 1.18951 (nodes removed 0 241)
Info    : It. 101500 - 101259 nodes created - worst tet radius 1.18747 (nodes removed 0 241)
Info    : It. 102000 - 101757 nodes created - worst tet radius 1.18551 (nodes removed 0 243)
Info    : It. 102500 - 102256 nodes created - worst tet radius 1.18382 (nodes removed 0 244)
Info    : It. 103000 - 102755 nodes created - worst tet radius 1.18198 (nodes removed 0 245)
Info    : It. 103500 - 103255 nodes created - worst tet radius 1.1801 (nodes removed 0 245)
Info    : It. 104000 - 103755 nodes created - worst tet radius 1.17817 (nodes removed 0 245)
Info    : It. 104500 - 104255 nodes created - worst tet radius 1.17635 (nodes removed 0 245)
Info    : It. 105000 - 104755 nodes created - worst tet radius 1.17453 (nodes removed 0 245)
Info    : It. 105500 - 105255 nodes created - worst tet radius 1.17267 (nodes removed 0 245)
Info    : It. 106000 - 105755 nodes created - worst tet radius 1.17094 (nodes removed 0 245)
Info    : It. 106500 - 106254 nodes created - worst tet radius 1.16917 (nodes removed 0 246)
Info    : It. 107000 - 106753 nodes created - worst tet radius 1.16731 (nodes removed 0 247)
Info    : It. 107500 - 107253 nodes created - worst tet radius 1.1656 (nodes removed 0 247)
Info    : It. 108000 - 107752 nodes created - worst tet radius 1.16395 (nodes removed 0 248)
Info    : It. 108500 - 108251 nodes created - worst tet radius 1.16231 (nodes removed 0 249)
Info    : It. 109000 - 108750 nodes created - worst tet radius 1.16069 (nodes removed 0 250)
Info    : It. 109500 - 109250 nodes created - worst tet radius 1.15901 (nodes removed 0 250)
Info    : It. 110000 - 109750 nodes created - worst tet radius 1.1574 (nodes removed 0 250)
Info    : It. 110500 - 110249 nodes created - worst tet radius 1.15581 (nodes removed 0 251)
Info    : It. 111000 - 110749 nodes created - worst tet radius 1.15421 (nodes removed 0 251)
Info    : It. 111500 - 111249 nodes created - worst tet radius 1.15258 (nodes removed 0 251)
Info    : It. 112000 - 111749 nodes created - worst tet radius 1.15093 (nodes removed 0 251)
Info    : It. 112500 - 112248 nodes created - worst tet radius 1.14926 (nodes removed 0 252)
Info    : It. 113000 - 112748 nodes created - worst tet radius 1.14767 (nodes removed 0 252)
Info    : It. 113500 - 113247 nodes created - worst tet radius 1.14607 (nodes removed 0 253)
Info    : It. 114000 - 113747 nodes created - worst tet radius 1.14447 (nodes removed 0 253)
Info    : It. 114500 - 114247 nodes created - worst tet radius 1.14289 (nodes removed 0 253)
Info    : It. 115000 - 114747 nodes created - worst tet radius 1.14136 (nodes removed 0 253)
Info    : It. 115500 - 115247 nodes created - worst tet radius 1.13985 (nodes removed 0 253)
Info    : It. 116000 - 115747 nodes created - worst tet radius 1.13841 (nodes removed 0 253)
Info    : It. 116500 - 116245 nodes created - worst tet radius 1.13678 (nodes removed 0 255)
Info    : It. 117000 - 116745 nodes created - worst tet radius 1.13518 (nodes removed 0 255)
Info    : It. 117500 - 117245 nodes created - worst tet radius 1.13364 (nodes removed 0 255)
Info    : It. 118000 - 117745 nodes created - worst tet radius 1.13209 (nodes removed 0 255)
Info    : It. 118500 - 118245 nodes created - worst tet radius 1.1306 (nodes removed 0 255)
Info    : It. 119000 - 118738 nodes created - worst tet radius 1.12909 (nodes removed 0 262)
Info    : It. 119500 - 119238 nodes created - worst tet radius 1.12751 (nodes removed 0 262)
Info    : It. 120000 - 119738 nodes created - worst tet radius 1.12605 (nodes removed 0 262)
Info    : It. 120500 - 120238 nodes created - worst tet radius 1.12461 (nodes removed 0 262)
Info    : It. 121000 - 120738 nodes created - worst tet radius 1.12318 (nodes removed 0 262)
Info    : It. 121500 - 121236 nodes created - worst tet radius 1.12158 (nodes removed 0 264)
Info    : It. 122000 - 121735 nodes created - worst tet radius 1.12 (nodes removed 0 265)
Info    : It. 122500 - 122233 nodes created - worst tet radius 1.11856 (nodes removed 0 267)
Info    : It. 123000 - 122732 nodes created - worst tet radius 1.11706 (nodes removed 0 268)
Info    : It. 123500 - 123232 nodes created - worst tet radius 1.11562 (nodes removed 0 268)
Info    : It. 124000 - 123732 nodes created - worst tet radius 1.11427 (nodes removed 0 268)
Info    : It. 124500 - 124231 nodes created - worst tet radius 1.11284 (nodes removed 0 269)
Info    : It. 125000 - 124731 nodes created - worst tet radius 1.11138 (nodes removed 0 269)
Info    : It. 125500 - 125231 nodes created - worst tet radius 1.11006 (nodes removed 0 269)
Info    : It. 126000 - 125731 nodes created - worst tet radius 1.10861 (nodes removed 0 269)
Info    : It. 126500 - 126231 nodes created - worst tet radius 1.10726 (nodes removed 0 269)
Info    : It. 127000 - 126731 nodes created - worst tet radius 1.10584 (nodes removed 0 269)
Info    : It. 127500 - 127231 nodes created - worst tet radius 1.10451 (nodes removed 0 269)
Info    : It. 128000 - 127731 nodes created - worst tet radius 1.1031 (nodes removed 0 269)
Info    : It. 128500 - 128231 nodes created - worst tet radius 1.10163 (nodes removed 0 269)
Info    : It. 129000 - 128731 nodes created - worst tet radius 1.10024 (nodes removed 0 269)
Info    : It. 129500 - 129231 nodes created - worst tet radius 1.09885 (nodes removed 0 269)
Info    : It. 130000 - 129730 nodes created - worst tet radius 1.09745 (nodes removed 0 270)
Info    : It. 130500 - 130230 nodes created - worst tet radius 1.09614 (nodes removed 0 270)
Info    : It. 131000 - 130730 nodes created - worst tet radius 1.09492 (nodes removed 0 270)
Info    : It. 131500 - 131228 nodes created - worst tet radius 1.09357 (nodes removed 0 272)
Info    : It. 132000 - 131728 nodes created - worst tet radius 1.09226 (nodes removed 0 272)
Info    : It. 132500 - 132227 nodes created - worst tet radius 1.09094 (nodes removed 0 273)
Info    : It. 133000 - 132726 nodes created - worst tet radius 1.08961 (nodes removed 0 274)
Info    : It. 133500 - 133226 nodes created - worst tet radius 1.08815 (nodes removed 0 274)
Info    : It. 134000 - 133726 nodes created - worst tet radius 1.08686 (nodes removed 0 274)
Info    : It. 134500 - 134225 nodes created - worst tet radius 1.08566 (nodes removed 0 275)
Info    : It. 135000 - 134724 nodes created - worst tet radius 1.08446 (nodes removed 0 276)
Info    : It. 135500 - 135223 nodes created - worst tet radius 1.08315 (nodes removed 0 277)
Info    : It. 136000 - 135723 nodes created - worst tet radius 1.08185 (nodes removed 0 277)
Info    : It. 136500 - 136223 nodes created - worst tet radius 1.08058 (nodes removed 0 277)
Info    : It. 137000 - 136720 nodes created - worst tet radius 1.07934 (nodes removed 0 280)
Info    : It. 137500 - 137220 nodes created - worst tet radius 1.0781 (nodes removed 0 280)
Info    : It. 138000 - 137719 nodes created - worst tet radius 1.07682 (nodes removed 0 281)
Info    : It. 138500 - 138218 nodes created - worst tet radius 1.07557 (nodes removed 0 282)
Info    : It. 139000 - 138718 nodes created - worst tet radius 1.07429 (nodes removed 0 282)
Info    : It. 139500 - 139218 nodes created - worst tet radius 1.07297 (nodes removed 0 282)
Info    : It. 140000 - 139718 nodes created - worst tet radius 1.07183 (nodes removed 0 282)
Info    : It. 140500 - 140218 nodes created - worst tet radius 1.07064 (nodes removed 0 282)
Info    : It. 141000 - 140716 nodes created - worst tet radius 1.06927 (nodes removed 0 284)
Info    : It. 141500 - 141216 nodes created - worst tet radius 1.06804 (nodes removed 0 284)
Info    : It. 142000 - 141715 nodes created - worst tet radius 1.06685 (nodes removed 0 285)
Info    : It. 142500 - 142215 nodes created - worst tet radius 1.06568 (nodes removed 0 285)
Info    : It. 143000 - 142715 nodes created - worst tet radius 1.06446 (nodes removed 0 285)
Info    : It. 143500 - 143215 nodes created - worst tet radius 1.06321 (nodes removed 0 285)
Info    : It. 144000 - 143715 nodes created - worst tet radius 1.06199 (nodes removed 0 285)
Info    : It. 144500 - 144215 nodes created - worst tet radius 1.06076 (nodes removed 0 285)
Info    : It. 145000 - 144715 nodes created - worst tet radius 1.05961 (nodes removed 0 285)
Info    : It. 145500 - 145215 nodes created - worst tet radius 1.05849 (nodes removed 0 285)
Info    : It. 146000 - 145715 nodes created - worst tet radius 1.0574 (nodes removed 0 285)
Info    : It. 146500 - 146213 nodes created - worst tet radius 1.05624 (nodes removed 0 287)
Info    : It. 147000 - 146712 nodes created - worst tet radius 1.05511 (nodes removed 0 288)
Info    : It. 147500 - 147212 nodes created - worst tet radius 1.05407 (nodes removed 0 288)
Info    : It. 148000 - 147712 nodes created - worst tet radius 1.05287 (nodes removed 0 288)
Info    : It. 148500 - 148212 nodes created - worst tet radius 1.05174 (nodes removed 0 288)
Info    : It. 149000 - 148712 nodes created - worst tet radius 1.05052 (nodes removed 0 288)
Info    : It. 149500 - 149212 nodes created - worst tet radius 1.04935 (nodes removed 0 288)
Info    : It. 150000 - 149712 nodes created - worst tet radius 1.04815 (nodes removed 0 288)
Info    : It. 150500 - 150212 nodes created - worst tet radius 1.047 (nodes removed 0 288)
Info    : It. 151000 - 150707 nodes created - worst tet radius 1.04591 (nodes removed 0 293)
Info    : It. 151500 - 151207 nodes created - worst tet radius 1.0449 (nodes removed 0 293)
Info    : It. 152000 - 151707 nodes created - worst tet radius 1.04381 (nodes removed 0 293)
Info    : It. 152500 - 152207 nodes created - worst tet radius 1.0427 (nodes removed 0 293)
Info    : It. 153000 - 152706 nodes created - worst tet radius 1.04165 (nodes removed 0 294)
Info    : It. 153500 - 153206 nodes created - worst tet radius 1.04062 (nodes removed 0 294)
Info    : It. 154000 - 153706 nodes created - worst tet radius 1.0395 (nodes removed 0 294)
Info    : It. 154500 - 154206 nodes created - worst tet radius 1.03835 (nodes removed 0 294)
Info    : It. 155000 - 154706 nodes created - worst tet radius 1.03732 (nodes removed 0 294)
Info    : It. 155500 - 155206 nodes created - worst tet radius 1.03626 (nodes removed 0 294)
Info    : It. 156000 - 155706 nodes created - worst tet radius 1.03522 (nodes removed 0 294)
Info    : It. 156500 - 156206 nodes created - worst tet radius 1.0341 (nodes removed 0 294)
Info    : It. 157000 - 156705 nodes created - worst tet radius 1.03303 (nodes removed 0 295)
Info    : It. 157500 - 157205 nodes created - worst tet radius 1.03198 (nodes removed 0 295)
Info    : It. 158000 - 157704 nodes created - worst tet radius 1.03092 (nodes removed 0 296)
Info    : It. 158500 - 158203 nodes created - worst tet radius 1.02986 (nodes removed 0 297)
Info    : It. 159000 - 158703 nodes created - worst tet radius 1.02886 (nodes removed 0 297)
Info    : It. 159500 - 159203 nodes created - worst tet radius 1.02779 (nodes removed 0 297)
Info    : It. 160000 - 159703 nodes created - worst tet radius 1.02678 (nodes removed 0 297)
Info    : It. 160500 - 160202 nodes created - worst tet radius 1.02577 (nodes removed 0 298)
Info    : It. 161000 - 160702 nodes created - worst tet radius 1.02473 (nodes removed 0 298)
Info    : It. 161500 - 161202 nodes created - worst tet radius 1.02368 (nodes removed 0 298)
Info    : It. 162000 - 161700 nodes created - worst tet radius 1.02268 (nodes removed 0 300)
Info    : It. 162500 - 162200 nodes created - worst tet radius 1.02168 (nodes removed 0 300)
Info    : It. 163000 - 162700 nodes created - worst tet radius 1.02068 (nodes removed 0 300)
Info    : It. 163500 - 163200 nodes created - worst tet radius 1.01966 (nodes removed 0 300)
Info    : It. 164000 - 163700 nodes created - worst tet radius 1.01869 (nodes removed 0 300)
Info    : It. 164500 - 164200 nodes created - worst tet radius 1.01767 (nodes removed 0 300)
Info    : It. 165000 - 164700 nodes created - worst tet radius 1.01663 (nodes removed 0 300)
Info    : It. 165500 - 165199 nodes created - worst tet radius 1.01561 (nodes removed 0 301)
Info    : It. 166000 - 165699 nodes created - worst tet radius 1.0145 (nodes removed 0 301)
Info    : It. 166500 - 166199 nodes created - worst tet radius 1.01347 (nodes removed 0 301)
Info    : It. 167000 - 166699 nodes created - worst tet radius 1.01246 (nodes removed 0 301)
Info    : It. 167500 - 167199 nodes created - worst tet radius 1.01148 (nodes removed 0 301)
Info    : It. 168000 - 167698 nodes created - worst tet radius 1.01048 (nodes removed 0 302)
Info    : It. 168500 - 168198 nodes created - worst tet radius 1.0095 (nodes removed 0 302)
Info    : It. 169000 - 168698 nodes created - worst tet radius 1.00859 (nodes removed 0 302)
Info    : It. 169500 - 169183 nodes created - worst tet radius 1.00767 (nodes removed 0 317)
Info    : It. 170000 - 169683 nodes created - worst tet radius 1.00668 (nodes removed 0 317)
Info    : It. 170500 - 170183 nodes created - worst tet radius 1.00576 (nodes removed 0 317)
Info    : It. 171000 - 170683 nodes created - worst tet radius 1.00487 (nodes removed 0 317)
Info    : It. 171500 - 171183 nodes created - worst tet radius 1.00395 (nodes removed 0 317)
Info    : It. 172000 - 171681 nodes created - worst tet radius 1.00298 (nodes removed 0 319)
Info    : It. 172500 - 172181 nodes created - worst tet radius 1.00212 (nodes removed 0 319)
Info    : It. 173000 - 172681 nodes created - worst tet radius 1.0011 (nodes removed 0 319)
Info    : It. 173500 - 173180 nodes created - worst tet radius 1.00009 (nodes removed 0 320)
Info    : 3D refinement terminated (218817 nodes total):
Info    :  - 635 Delaunay cavities modified for star shapeness
Info    :  - 320 nodes could not be inserted
Info    :  - 1247221 tetrahedra created in 15.9295 sec. (78296 tets/s)
Info    : Done meshing 3D (Wall 31.17s, CPU 30.9441s)
Info    : Optimizing mesh...
Info    : Optimizing volume 1
Info    : Optimization starts (volume = 1874.15) with worst = 1.18729e-08 / average = 0.783474:
Info    : 0.00 < quality < 0.10 :      2570 elements
Info    : 0.10 < quality < 0.20 :      7530 elements
Info    : 0.20 < quality < 0.30 :     13762 elements
Info    : 0.30 < quality < 0.40 :     21715 elements
Info    : 0.40 < quality < 0.50 :     34172 elements
Info    : 0.50 < quality < 0.60 :     57107 elements
Info    : 0.60 < quality < 0.70 :    115690 elements
Info    : 0.70 < quality < 0.80 :    271976 elements
Info    : 0.80 < quality < 0.90 :    475909 elements
Info    : 0.90 < quality < 1.00 :    246790 elements
Info    : 23583 edge swaps, 806 node relocations (volume = 1874.15): worst = 1.20003e-06 / average = 0.795323 (Wall 1.35907s, CPU 1.35772s)
Info    : 23751 edge swaps, 843 node relocations (volume = 1874.15): worst = 1.20003e-06 / average = 0.795388 (Wall 1.82933s, CPU 1.8275s)
Info    : 0.00 < quality < 0.10 :        15 elements
Info    : 0.10 < quality < 0.20 :        18 elements
Info    : 0.20 < quality < 0.30 :        28 elements
Info    : 0.30 < quality < 0.40 :     21634 elements
Info    : 0.40 < quality < 0.50 :     32865 elements
Info    : 0.50 < quality < 0.60 :     55244 elements
Info    : 0.60 < quality < 0.70 :    115072 elements
Info    : 0.70 < quality < 0.80 :    276264 elements
Info    : 0.80 < quality < 0.90 :    479570 elements
Info    : 0.90 < quality < 1.00 :    245326 elements
Info    : Done optimizing mesh (Wall 4.93512s, CPU 4.88165s)
Info    : 218817 nodes 1322350 elements
Info    : Writing 'split_artery_h_10.msh'...
Info    : Done writing 'split_artery_h_10.msh'
Info    : Stopped on Wed Nov 30 09:39:31 2022 (From start: Wall 125.197s, CPU 124.858s)

