gmsh -3 split_artery_h_07.new -format msh2 -o split_artery_h_07.msh
Info    : Running 'gmsh -3 split_artery_h_07.new -format msh2 -o split_artery_h_07.msh' [Gmsh 4.8.4, 1 node, max. 1 thread]
Info    : Started on Wed Nov 30 09:33:41 2022
Info    : Reading 'split_artery_h_07.new'...
Info    : Reading 'split_artery.step'...
Info    :  - Label 'Shapes/art1right' (3D)
Info    : Done reading 'split_artery.step'
Info    : Done reading 'split_artery_h_07.new'
Info    : Meshing 1D...
Info    : [  0%] Meshing curve 1 (BSpline)
Info    : [ 10%] Meshing curve 2 (BSpline)
Info    : [ 10%] Meshing curve 3 (BSpline)
Info    : [ 10%] Meshing curve 4 (BSpline)
Info    : [ 10%] Meshing curve 5 (BSpline)
Info    : [ 10%] Meshing curve 6 (BSpline)
Info    : [ 10%] Meshing curve 7 (BSpline)
Info    : [ 10%] Meshing curve 8 (BSpline)
Info    : [ 10%] Meshing curve 9 (BSpline)
Info    : [ 10%] Meshing curve 10 (BSpline)
Info    : [ 10%] Meshing curve 11 (BSpline)
Info    : [ 10%] Meshing curve 12 (BSpline)
Info    : [ 10%] Meshing curve 13 (BSpline)
Info    : [ 10%] Meshing curve 14 (BSpline)
Info    : [ 10%] Meshing curve 15 (BSpline)
Info    : [ 10%] Meshing curve 16 (BSpline)
Info    : [ 10%] Meshing curve 17 (BSpline)
Info    : [ 10%] Meshing curve 18 (BSpline)
Info    : [ 10%] Meshing curve 19 (BSpline)
Info    : [ 10%] Meshing curve 20 (BSpline)
Info    : [ 10%] Meshing curve 21 (BSpline)
Info    : [ 10%] Meshing curve 22 (BSpline)
Info    : [ 10%] Meshing curve 23 (BSpline)
Info    : [ 10%] Meshing curve 24 (BSpline)
Info    : [ 10%] Meshing curve 25 (BSpline)
Info    : [ 10%] Meshing curve 26 (BSpline)
Info    : [ 20%] Meshing curve 27 (BSpline)
Info    : [ 20%] Meshing curve 28 (BSpline)
Info    : [ 20%] Meshing curve 29 (BSpline)
Info    : [ 20%] Meshing curve 30 (BSpline)
Info    : [ 20%] Meshing curve 31 (BSpline)
Info    : [ 20%] Meshing curve 32 (BSpline)
Info    : [ 20%] Meshing curve 33 (BSpline)
Info    : [ 20%] Meshing curve 34 (BSpline)
Info    : [ 20%] Meshing curve 35 (BSpline)
Info    : [ 20%] Meshing curve 36 (BSpline)
Info    : [ 20%] Meshing curve 37 (BSpline)
Info    : [ 20%] Meshing curve 38 (BSpline)
Info    : [ 20%] Meshing curve 39 (BSpline)
Info    : [ 20%] Meshing curve 40 (BSpline)
Info    : [ 20%] Meshing curve 41 (BSpline)
Info    : [ 20%] Meshing curve 42 (BSpline)
Info    : [ 20%] Meshing curve 43 (BSpline)
Info    : [ 20%] Meshing curve 44 (BSpline)
Info    : [ 20%] Meshing curve 45 (BSpline)
Info    : [ 20%] Meshing curve 46 (BSpline)
Info    : [ 20%] Meshing curve 47 (BSpline)
Info    : [ 20%] Meshing curve 48 (BSpline)
Info    : [ 20%] Meshing curve 49 (BSpline)
Info    : [ 20%] Meshing curve 50 (BSpline)
Info    : [ 20%] Meshing curve 51 (BSpline)
Info    : [ 20%] Meshing curve 52 (BSpline)
Info    : [ 30%] Meshing curve 53 (BSpline)
Info    : [ 30%] Meshing curve 54 (BSpline)
Info    : [ 30%] Meshing curve 55 (BSpline)
Info    : [ 30%] Meshing curve 56 (BSpline)
Info    : [ 30%] Meshing curve 57 (BSpline)
Info    : [ 30%] Meshing curve 58 (BSpline)
Info    : [ 30%] Meshing curve 59 (BSpline)
Info    : [ 30%] Meshing curve 60 (BSpline)
Info    : [ 30%] Meshing curve 61 (BSpline)
Info    : [ 30%] Meshing curve 62 (BSpline)
Info    : [ 30%] Meshing curve 63 (BSpline)
Info    : [ 30%] Meshing curve 64 (BSpline)
Info    : [ 30%] Meshing curve 65 (BSpline)
Info    : [ 30%] Meshing curve 66 (BSpline)
Info    : [ 30%] Meshing curve 67 (BSpline)
Info    : [ 30%] Meshing curve 68 (BSpline)
Info    : [ 30%] Meshing curve 69 (BSpline)
Info    : [ 30%] Meshing curve 70 (BSpline)
Info    : [ 30%] Meshing curve 71 (BSpline)
Info    : [ 30%] Meshing curve 72 (BSpline)
Info    : [ 30%] Meshing curve 73 (BSpline)
Info    : [ 30%] Meshing curve 74 (BSpline)
Info    : [ 30%] Meshing curve 75 (BSpline)
Info    : [ 30%] Meshing curve 76 (BSpline)
Info    : [ 30%] Meshing curve 77 (BSpline)
Info    : [ 40%] Meshing curve 78 (BSpline)
Info    : [ 40%] Meshing curve 79 (BSpline)
Info    : [ 40%] Meshing curve 80 (BSpline)
Info    : [ 40%] Meshing curve 81 (BSpline)
Info    : [ 40%] Meshing curve 82 (BSpline)
Info    : [ 40%] Meshing curve 83 (BSpline)
Info    : [ 40%] Meshing curve 84 (BSpline)
Info    : [ 40%] Meshing curve 85 (BSpline)
Info    : [ 40%] Meshing curve 86 (BSpline)
Info    : [ 40%] Meshing curve 87 (BSpline)
Info    : [ 40%] Meshing curve 88 (BSpline)
Info    : [ 40%] Meshing curve 89 (BSpline)
Info    : [ 40%] Meshing curve 90 (BSpline)
Info    : [ 40%] Meshing curve 91 (BSpline)
Info    : [ 40%] Meshing curve 92 (BSpline)
Info    : [ 40%] Meshing curve 93 (BSpline)
Info    : [ 40%] Meshing curve 94 (BSpline)
Info    : [ 40%] Meshing curve 95 (BSpline)
Info    : [ 40%] Meshing curve 96 (BSpline)
Info    : [ 40%] Meshing curve 97 (BSpline)
Info    : [ 40%] Meshing curve 98 (BSpline)
Info    : [ 40%] Meshing curve 99 (BSpline)
Info    : [ 40%] Meshing curve 100 (BSpline)
Info    : [ 40%] Meshing curve 101 (BSpline)
Info    : [ 40%] Meshing curve 102 (BSpline)
Info    : [ 40%] Meshing curve 103 (BSpline)
Info    : [ 50%] Meshing curve 104 (BSpline)
Info    : [ 50%] Meshing curve 105 (BSpline)
Info    : [ 50%] Meshing curve 106 (BSpline)
Info    : [ 50%] Meshing curve 107 (BSpline)
Info    : [ 50%] Meshing curve 108 (BSpline)
Info    : [ 50%] Meshing curve 109 (BSpline)
Info    : [ 50%] Meshing curve 110 (BSpline)
Info    : [ 50%] Meshing curve 111 (BSpline)
Info    : [ 50%] Meshing curve 112 (BSpline)
Info    : [ 50%] Meshing curve 113 (BSpline)
Info    : [ 50%] Meshing curve 114 (BSpline)
Info    : [ 50%] Meshing curve 115 (BSpline)
Info    : [ 50%] Meshing curve 116 (BSpline)
Info    : [ 50%] Meshing curve 117 (BSpline)
Info    : [ 50%] Meshing curve 118 (BSpline)
Info    : [ 50%] Meshing curve 119 (BSpline)
Info    : [ 50%] Meshing curve 120 (BSpline)
Info    : [ 50%] Meshing curve 121 (BSpline)
Info    : [ 50%] Meshing curve 122 (BSpline)
Info    : [ 50%] Meshing curve 123 (BSpline)
Info    : [ 50%] Meshing curve 124 (BSpline)
Info    : [ 50%] Meshing curve 125 (BSpline)
Info    : [ 50%] Meshing curve 126 (BSpline)
Info    : [ 50%] Meshing curve 127 (BSpline)
Info    : [ 50%] Meshing curve 128 (BSpline)
Info    : [ 60%] Meshing curve 129 (BSpline)
Info    : [ 60%] Meshing curve 130 (BSpline)
Info    : [ 60%] Meshing curve 131 (BSpline)
Info    : [ 60%] Meshing curve 132 (BSpline)
Info    : [ 60%] Meshing curve 133 (BSpline)
Info    : [ 60%] Meshing curve 134 (BSpline)
Info    : [ 60%] Meshing curve 135 (BSpline)
Info    : [ 60%] Meshing curve 136 (BSpline)
Info    : [ 60%] Meshing curve 137 (BSpline)
Info    : [ 60%] Meshing curve 138 (BSpline)
Info    : [ 60%] Meshing curve 139 (BSpline)
Info    : [ 60%] Meshing curve 140 (BSpline)
Info    : [ 60%] Meshing curve 141 (BSpline)
Info    : [ 60%] Meshing curve 142 (BSpline)
Info    : [ 60%] Meshing curve 143 (BSpline)
Info    : [ 60%] Meshing curve 144 (BSpline)
Info    : [ 60%] Meshing curve 145 (BSpline)
Info    : [ 60%] Meshing curve 146 (BSpline)
Info    : [ 60%] Meshing curve 147 (BSpline)
Info    : [ 60%] Meshing curve 148 (BSpline)
Info    : [ 60%] Meshing curve 149 (BSpline)
Info    : [ 60%] Meshing curve 150 (BSpline)
Info    : [ 60%] Meshing curve 151 (BSpline)
Info    : [ 60%] Meshing curve 152 (BSpline)
Info    : [ 60%] Meshing curve 153 (BSpline)
Info    : [ 60%] Meshing curve 154 (BSpline)
Info    : [ 70%] Meshing curve 155 (BSpline)
Info    : [ 70%] Meshing curve 156 (BSpline)
Info    : [ 70%] Meshing curve 157 (BSpline)
Info    : [ 70%] Meshing curve 158 (BSpline)
Info    : [ 70%] Meshing curve 159 (BSpline)
Info    : [ 70%] Meshing curve 160 (BSpline)
Info    : [ 70%] Meshing curve 161 (BSpline)
Info    : [ 70%] Meshing curve 162 (BSpline)
Info    : [ 70%] Meshing curve 163 (BSpline)
Info    : [ 70%] Meshing curve 164 (BSpline)
Info    : [ 70%] Meshing curve 165 (BSpline)
Info    : [ 70%] Meshing curve 166 (BSpline)
Info    : [ 70%] Meshing curve 167 (BSpline)
Info    : [ 70%] Meshing curve 168 (BSpline)
Info    : [ 70%] Meshing curve 169 (BSpline)
Info    : [ 70%] Meshing curve 170 (BSpline)
Info    : [ 70%] Meshing curve 171 (BSpline)
Info    : [ 70%] Meshing curve 172 (BSpline)
Info    : [ 70%] Meshing curve 173 (BSpline)
Info    : [ 70%] Meshing curve 174 (BSpline)
Info    : [ 70%] Meshing curve 175 (BSpline)
Info    : [ 70%] Meshing curve 176 (BSpline)
Info    : [ 70%] Meshing curve 177 (BSpline)
Info    : [ 70%] Meshing curve 178 (BSpline)
Info    : [ 70%] Meshing curve 179 (BSpline)
Info    : [ 80%] Meshing curve 180 (BSpline)
Info    : [ 80%] Meshing curve 181 (BSpline)
Info    : [ 80%] Meshing curve 182 (BSpline)
Info    : [ 80%] Meshing curve 183 (BSpline)
Info    : [ 80%] Meshing curve 184 (BSpline)
Info    : [ 80%] Meshing curve 185 (BSpline)
Info    : [ 80%] Meshing curve 186 (BSpline)
Info    : [ 80%] Meshing curve 187 (BSpline)
Info    : [ 80%] Meshing curve 188 (BSpline)
Info    : [ 80%] Meshing curve 189 (BSpline)
Info    : [ 80%] Meshing curve 190 (BSpline)
Info    : [ 80%] Meshing curve 191 (BSpline)
Info    : [ 80%] Meshing curve 192 (BSpline)
Info    : [ 80%] Meshing curve 193 (BSpline)
Info    : [ 80%] Meshing curve 194 (BSpline)
Info    : [ 80%] Meshing curve 195 (BSpline)
Info    : [ 80%] Meshing curve 196 (BSpline)
Info    : [ 80%] Meshing curve 197 (BSpline)
Info    : [ 80%] Meshing curve 198 (BSpline)
Info    : [ 80%] Meshing curve 199 (BSpline)
Info    : [ 80%] Meshing curve 200 (BSpline)
Info    : [ 80%] Meshing curve 201 (BSpline)
Info    : [ 80%] Meshing curve 202 (BSpline)
Info    : [ 80%] Meshing curve 203 (BSpline)
Info    : [ 80%] Meshing curve 204 (BSpline)
Info    : [ 80%] Meshing curve 205 (BSpline)
Info    : [ 90%] Meshing curve 206 (BSpline)
Info    : [ 90%] Meshing curve 207 (BSpline)
Info    : [ 90%] Meshing curve 208 (BSpline)
Info    : [ 90%] Meshing curve 209 (BSpline)
Info    : [ 90%] Meshing curve 210 (BSpline)
Info    : [ 90%] Meshing curve 211 (BSpline)
Info    : [ 90%] Meshing curve 212 (BSpline)
Info    : [ 90%] Meshing curve 213 (BSpline)
Info    : [ 90%] Meshing curve 214 (BSpline)
Info    : [ 90%] Meshing curve 215 (BSpline)
Info    : [ 90%] Meshing curve 216 (BSpline)
Info    : [ 90%] Meshing curve 217 (BSpline)
Info    : [ 90%] Meshing curve 218 (BSpline)
Info    : [ 90%] Meshing curve 219 (BSpline)
Info    : [ 90%] Meshing curve 220 (BSpline)
Info    : [ 90%] Meshing curve 221 (BSpline)
Info    : [ 90%] Meshing curve 222 (BSpline)
Info    : [ 90%] Meshing curve 223 (BSpline)
Info    : [ 90%] Meshing curve 224 (BSpline)
Info    : [ 90%] Meshing curve 225 (BSpline)
Info    : [ 90%] Meshing curve 226 (BSpline)
Info    : [ 90%] Meshing curve 227 (BSpline)
Info    : [ 90%] Meshing curve 228 (BSpline)
Info    : [ 90%] Meshing curve 229 (BSpline)
Info    : [ 90%] Meshing curve 230 (BSpline)
Info    : [100%] Meshing curve 231 (BSpline)
Info    : [100%] Meshing curve 232 (BSpline)
Info    : [100%] Meshing curve 233 (BSpline)
Info    : [100%] Meshing curve 234 (BSpline)
Info    : [100%] Meshing curve 235 (BSpline)
Info    : [100%] Meshing curve 236 (BSpline)
Info    : [100%] Meshing curve 237 (BSpline)
Info    : [100%] Meshing curve 238 (BSpline)
Info    : [100%] Meshing curve 239 (BSpline)
Info    : [100%] Meshing curve 240 (BSpline)
Info    : [100%] Meshing curve 241 (BSpline)
Info    : [100%] Meshing curve 242 (BSpline)
Info    : [100%] Meshing curve 243 (BSpline)
Info    : [100%] Meshing curve 244 (BSpline)
Info    : [100%] Meshing curve 245 (BSpline)
Info    : [100%] Meshing curve 246 (BSpline)
Info    : [100%] Meshing curve 247 (BSpline)
Info    : [100%] Meshing curve 248 (BSpline)
Info    : [100%] Meshing curve 249 (BSpline)
Info    : [100%] Meshing curve 250 (BSpline)
Info    : [100%] Meshing curve 251 (BSpline)
Info    : [100%] Meshing curve 252 (BSpline)
Info    : [100%] Meshing curve 253 (BSpline)
Info    : [100%] Meshing curve 254 (BSpline)
Info    : [100%] Meshing curve 255 (BSpline)
Info    : Done meshing 1D (Wall 0.998083s, CPU 0.997614s)
Info    : Meshing 2D...
Info    : [  0%] Meshing surface 1 (BSpline surface, Frontal-Delaunay)
Info    : [ 10%] Meshing surface 2 (BSpline surface, Frontal-Delaunay)
Info    : [ 10%] Meshing surface 3 (BSpline surface, Frontal-Delaunay)
Info    : [ 10%] Meshing surface 4 (BSpline surface, Frontal-Delaunay)
Info    : [ 10%] Meshing surface 5 (BSpline surface, Frontal-Delaunay)
Info    : [ 10%] Meshing surface 6 (BSpline surface, Frontal-Delaunay)
Info    : [ 10%] Meshing surface 7 (BSpline surface, Frontal-Delaunay)
Info    : [ 10%] Meshing surface 8 (BSpline surface, Frontal-Delaunay)
Info    : [ 10%] Meshing surface 9 (BSpline surface, Frontal-Delaunay)
Info    : [ 10%] Meshing surface 10 (BSpline surface, Frontal-Delaunay)
Info    : [ 10%] Meshing surface 11 (BSpline surface, Frontal-Delaunay)
Info    : [ 10%] Meshing surface 12 (BSpline surface, Frontal-Delaunay)
Info    : [ 10%] Meshing surface 13 (BSpline surface, Frontal-Delaunay)
Info    : [ 20%] Meshing surface 14 (BSpline surface, Frontal-Delaunay)
Info    : [ 20%] Meshing surface 15 (BSpline surface, Frontal-Delaunay)
Info    : [ 20%] Meshing surface 16 (BSpline surface, Frontal-Delaunay)
Info    : [ 20%] Meshing surface 17 (BSpline surface, Frontal-Delaunay)
Info    : [ 20%] Meshing surface 18 (BSpline surface, Frontal-Delaunay)
Info    : [ 20%] Meshing surface 19 (BSpline surface, Frontal-Delaunay)
Info    : [ 20%] Meshing surface 20 (BSpline surface, Frontal-Delaunay)
Info    : [ 20%] Meshing surface 21 (BSpline surface, Frontal-Delaunay)
Info    : [ 20%] Meshing surface 22 (BSpline surface, Frontal-Delaunay)
Info    : [ 20%] Meshing surface 23 (BSpline surface, Frontal-Delaunay)
Info    : [ 20%] Meshing surface 24 (BSpline surface, Frontal-Delaunay)
Info    : [ 20%] Meshing surface 25 (BSpline surface, Frontal-Delaunay)
Info    : [ 20%] Meshing surface 26 (BSpline surface, Frontal-Delaunay)
Info    : [ 30%] Meshing surface 27 (BSpline surface, Frontal-Delaunay)
Info    : [ 30%] Meshing surface 28 (BSpline surface, Frontal-Delaunay)
Info    : [ 30%] Meshing surface 29 (BSpline surface, Frontal-Delaunay)
Info    : [ 30%] Meshing surface 30 (BSpline surface, Frontal-Delaunay)
Info    : [ 30%] Meshing surface 31 (BSpline surface, Frontal-Delaunay)
Info    : [ 30%] Meshing surface 32 (BSpline surface, Frontal-Delaunay)
Info    : [ 30%] Meshing surface 33 (BSpline surface, Frontal-Delaunay)
Info    : [ 30%] Meshing surface 34 (BSpline surface, Frontal-Delaunay)
Info    : [ 30%] Meshing surface 35 (BSpline surface, Frontal-Delaunay)
Info    : [ 30%] Meshing surface 36 (BSpline surface, Frontal-Delaunay)
Info    : [ 30%] Meshing surface 37 (BSpline surface, Frontal-Delaunay)
Info    : [ 30%] Meshing surface 38 (BSpline surface, Frontal-Delaunay)
Info    : [ 40%] Meshing surface 39 (BSpline surface, Frontal-Delaunay)
Info    : [ 40%] Meshing surface 40 (BSpline surface, Frontal-Delaunay)
Info    : [ 40%] Meshing surface 41 (BSpline surface, Frontal-Delaunay)
Info    : [ 40%] Meshing surface 42 (BSpline surface, Frontal-Delaunay)
Info    : [ 40%] Meshing surface 43 (BSpline surface, Frontal-Delaunay)
Info    : [ 40%] Meshing surface 44 (BSpline surface, Frontal-Delaunay)
Info    : [ 40%] Meshing surface 45 (BSpline surface, Frontal-Delaunay)
Info    : [ 40%] Meshing surface 46 (BSpline surface, Frontal-Delaunay)
Info    : [ 40%] Meshing surface 47 (BSpline surface, Frontal-Delaunay)
Info    : [ 40%] Meshing surface 48 (BSpline surface, Frontal-Delaunay)
Info    : [ 40%] Meshing surface 49 (BSpline surface, Frontal-Delaunay)
Info    : [ 40%] Meshing surface 50 (BSpline surface, Frontal-Delaunay)
Info    : [ 40%] Meshing surface 51 (BSpline surface, Frontal-Delaunay)
Info    : [ 50%] Meshing surface 52 (BSpline surface, Frontal-Delaunay)
Info    : [ 50%] Meshing surface 53 (BSpline surface, Frontal-Delaunay)
Info    : [ 50%] Meshing surface 54 (BSpline surface, Frontal-Delaunay)
Info    : [ 50%] Meshing surface 55 (BSpline surface, Frontal-Delaunay)
Info    : [ 50%] Meshing surface 56 (BSpline surface, Frontal-Delaunay)
Info    : [ 50%] Meshing surface 57 (BSpline surface, Frontal-Delaunay)
Info    : [ 50%] Meshing surface 58 (BSpline surface, Frontal-Delaunay)
Info    : [ 50%] Meshing surface 59 (BSpline surface, Frontal-Delaunay)
Info    : [ 50%] Meshing surface 60 (BSpline surface, Frontal-Delaunay)
Info    : [ 50%] Meshing surface 61 (BSpline surface, Frontal-Delaunay)
Info    : [ 50%] Meshing surface 62 (BSpline surface, Frontal-Delaunay)
Info    : [ 50%] Meshing surface 63 (BSpline surface, Frontal-Delaunay)
Info    : [ 60%] Meshing surface 64 (BSpline surface, Frontal-Delaunay)
Info    : [ 60%] Meshing surface 65 (BSpline surface, Frontal-Delaunay)
Info    : [ 60%] Meshing surface 66 (BSpline surface, Frontal-Delaunay)
Info    : [ 60%] Meshing surface 67 (BSpline surface, Frontal-Delaunay)
Info    : [ 60%] Meshing surface 68 (BSpline surface, Frontal-Delaunay)
Info    : [ 60%] Meshing surface 69 (BSpline surface, Frontal-Delaunay)
Info    : [ 60%] Meshing surface 70 (BSpline surface, Frontal-Delaunay)
Info    : [ 60%] Meshing surface 71 (BSpline surface, Frontal-Delaunay)
Info    : [ 60%] Meshing surface 72 (BSpline surface, Frontal-Delaunay)
Info    : [ 60%] Meshing surface 73 (BSpline surface, Frontal-Delaunay)
Info    : [ 60%] Meshing surface 74 (BSpline surface, Frontal-Delaunay)
Info    : [ 60%] Meshing surface 75 (BSpline surface, Frontal-Delaunay)
Info    : [ 60%] Meshing surface 76 (BSpline surface, Frontal-Delaunay)
Info    : [ 70%] Meshing surface 77 (BSpline surface, Frontal-Delaunay)
Info    : [ 70%] Meshing surface 78 (BSpline surface, Frontal-Delaunay)
Info    : [ 70%] Meshing surface 79 (BSpline surface, Frontal-Delaunay)
Info    : [ 70%] Meshing surface 80 (BSpline surface, Frontal-Delaunay)
Info    : [ 70%] Meshing surface 81 (BSpline surface, Frontal-Delaunay)
Info    : [ 70%] Meshing surface 82 (BSpline surface, Frontal-Delaunay)
Info    : [ 70%] Meshing surface 83 (BSpline surface, Frontal-Delaunay)
Info    : [ 70%] Meshing surface 84 (BSpline surface, Frontal-Delaunay)
Info    : [ 70%] Meshing surface 85 (BSpline surface, Frontal-Delaunay)
Info    : [ 70%] Meshing surface 86 (BSpline surface, Frontal-Delaunay)
Info    : [ 70%] Meshing surface 87 (BSpline surface, Frontal-Delaunay)
Info    : [ 70%] Meshing surface 88 (BSpline surface, Frontal-Delaunay)
Info    : [ 80%] Meshing surface 89 (BSpline surface, Frontal-Delaunay)
Info    : [ 80%] Meshing surface 90 (BSpline surface, Frontal-Delaunay)
Info    : [ 80%] Meshing surface 91 (BSpline surface, Frontal-Delaunay)
Info    : [ 80%] Meshing surface 92 (BSpline surface, Frontal-Delaunay)
Info    : [ 80%] Meshing surface 93 (BSpline surface, Frontal-Delaunay)
Info    : [ 80%] Meshing surface 94 (BSpline surface, Frontal-Delaunay)
Info    : [ 80%] Meshing surface 95 (BSpline surface, Frontal-Delaunay)
Info    : [ 80%] Meshing surface 96 (BSpline surface, Frontal-Delaunay)
Info    : [ 80%] Meshing surface 97 (BSpline surface, Frontal-Delaunay)
Info    : [ 80%] Meshing surface 98 (BSpline surface, Frontal-Delaunay)
Info    : [ 80%] Meshing surface 99 (BSpline surface, Frontal-Delaunay)
Info    : [ 80%] Meshing surface 100 (BSpline surface, Frontal-Delaunay)
Info    : [ 80%] Meshing surface 101 (BSpline surface, Frontal-Delaunay)
Info    : [ 90%] Meshing surface 102 (BSpline surface, Frontal-Delaunay)
Info    : [ 90%] Meshing surface 103 (BSpline surface, Frontal-Delaunay)
Info    : [ 90%] Meshing surface 104 (BSpline surface, Frontal-Delaunay)
Info    : [ 90%] Meshing surface 105 (BSpline surface, Frontal-Delaunay)
Info    : [ 90%] Meshing surface 106 (BSpline surface, Frontal-Delaunay)
Info    : [ 90%] Meshing surface 107 (BSpline surface, Frontal-Delaunay)
Info    : [ 90%] Meshing surface 108 (BSpline surface, Frontal-Delaunay)
Info    : [ 90%] Meshing surface 109 (BSpline surface, Frontal-Delaunay)
Info    : [ 90%] Meshing surface 110 (BSpline surface, Frontal-Delaunay)
Info    : [ 90%] Meshing surface 111 (BSpline surface, Frontal-Delaunay)
Info    : [ 90%] Meshing surface 112 (BSpline surface, Frontal-Delaunay)
Info    : [ 90%] Meshing surface 113 (BSpline surface, Frontal-Delaunay)
Info    : [100%] Meshing surface 114 (BSpline surface, Frontal-Delaunay)
Info    : [100%] Meshing surface 115 (BSpline surface, Frontal-Delaunay)
Info    : [100%] Meshing surface 116 (BSpline surface, Frontal-Delaunay)
Info    : [100%] Meshing surface 117 (BSpline surface, Frontal-Delaunay)
Info    : [100%] Meshing surface 118 (BSpline surface, Frontal-Delaunay)
Info    : [100%] Meshing surface 119 (BSpline surface, Frontal-Delaunay)
Info    : [100%] Meshing surface 120 (BSpline surface, Frontal-Delaunay)
Info    : [100%] Meshing surface 121 (BSpline surface, Frontal-Delaunay)
Info    : [100%] Meshing surface 122 (BSpline surface, Frontal-Delaunay)
Info    : [100%] Meshing surface 123 (Plane, Frontal-Delaunay)
Info    : [100%] Meshing surface 124 (Plane, Frontal-Delaunay)
Info    : [100%] Meshing surface 125 (Plane, Frontal-Delaunay)
Info    : Done meshing 2D (Wall 41.1763s, CPU 41.1609s)
Info    : Meshing 3D...
Info    : 3D Meshing 1 volume with 1 connected component
Info    : Tetrahedrizing 22135 nodes...
Info    : Done tetrahedrizing 22143 nodes (Wall 0.434684s, CPU 0.402517s)
Info    : Reconstructing mesh...
Info    :  - Creating surface mesh
Info    :  - Identifying boundary edges
Info    :  - Recovering boundary
Info    : Done reconstructing mesh (Wall 1.13963s, CPU 1.06313s)
Info    : Found volume 1
Info    : It. 0 - 0 nodes created - worst tet radius 297.18 (nodes removed 0 0)
Info    : It. 500 - 415 nodes created - worst tet radius 4.27009 (nodes removed 0 85)
Info    : It. 1000 - 909 nodes created - worst tet radius 3.46306 (nodes removed 0 91)
Info    : It. 1500 - 1401 nodes created - worst tet radius 3.04631 (nodes removed 0 99)
Info    : It. 2000 - 1898 nodes created - worst tet radius 2.796 (nodes removed 0 102)
Info    : It. 2500 - 2396 nodes created - worst tet radius 2.61 (nodes removed 0 104)
Info    : It. 3000 - 2895 nodes created - worst tet radius 2.46135 (nodes removed 0 105)
Info    : It. 3500 - 3392 nodes created - worst tet radius 2.35459 (nodes removed 0 108)
Info    : It. 4000 - 3889 nodes created - worst tet radius 2.26279 (nodes removed 0 111)
Info    : It. 4500 - 4387 nodes created - worst tet radius 2.18391 (nodes removed 0 113)
Info    : It. 5000 - 4885 nodes created - worst tet radius 2.10831 (nodes removed 0 115)
Info    : It. 5500 - 5383 nodes created - worst tet radius 2.04727 (nodes removed 0 117)
Info    : It. 6000 - 5880 nodes created - worst tet radius 1.99263 (nodes removed 0 120)
Info    : It. 6500 - 6379 nodes created - worst tet radius 1.94424 (nodes removed 0 121)
Info    : It. 7000 - 6879 nodes created - worst tet radius 1.90354 (nodes removed 0 121)
Info    : It. 7500 - 7378 nodes created - worst tet radius 1.86301 (nodes removed 0 122)
Info    : It. 8000 - 7877 nodes created - worst tet radius 1.8277 (nodes removed 0 123)
Info    : It. 8500 - 8371 nodes created - worst tet radius 1.79429 (nodes removed 0 129)
Info    : It. 9000 - 8871 nodes created - worst tet radius 1.76213 (nodes removed 0 129)
Info    : It. 9500 - 9370 nodes created - worst tet radius 1.73459 (nodes removed 0 130)
Info    : It. 10000 - 9869 nodes created - worst tet radius 1.70548 (nodes removed 0 131)
Info    : It. 10500 - 10367 nodes created - worst tet radius 1.67642 (nodes removed 0 133)
Info    : It. 11000 - 10866 nodes created - worst tet radius 1.6523 (nodes removed 0 134)
Info    : It. 11500 - 11362 nodes created - worst tet radius 1.63056 (nodes removed 0 138)
Info    : It. 12000 - 11860 nodes created - worst tet radius 1.61935 (nodes removed 0 140)
Info    : It. 12500 - 12360 nodes created - worst tet radius 1.58829 (nodes removed 0 140)
Info    : It. 13000 - 12860 nodes created - worst tet radius 1.56959 (nodes removed 0 140)
Info    : It. 13500 - 13357 nodes created - worst tet radius 1.55097 (nodes removed 0 143)
Info    : It. 14000 - 13857 nodes created - worst tet radius 1.5336 (nodes removed 0 143)
Info    : It. 14500 - 14357 nodes created - worst tet radius 1.51668 (nodes removed 0 143)
Info    : It. 15000 - 14855 nodes created - worst tet radius 1.50198 (nodes removed 0 145)
Info    : It. 15500 - 15354 nodes created - worst tet radius 1.48718 (nodes removed 0 146)
Info    : It. 16000 - 15854 nodes created - worst tet radius 1.47158 (nodes removed 0 146)
Info    : It. 16500 - 16354 nodes created - worst tet radius 1.45752 (nodes removed 0 146)
Info    : It. 17000 - 16854 nodes created - worst tet radius 1.44445 (nodes removed 0 146)
Info    : It. 17500 - 17354 nodes created - worst tet radius 1.432 (nodes removed 0 146)
Info    : It. 18000 - 17853 nodes created - worst tet radius 1.41928 (nodes removed 0 147)
Info    : It. 18500 - 18352 nodes created - worst tet radius 1.40645 (nodes removed 0 148)
Info    : It. 19000 - 18850 nodes created - worst tet radius 1.39333 (nodes removed 0 150)
Info    : It. 19500 - 19350 nodes created - worst tet radius 1.3817 (nodes removed 0 150)
Info    : It. 20000 - 19850 nodes created - worst tet radius 1.37125 (nodes removed 0 150)
Info    : It. 20500 - 20349 nodes created - worst tet radius 1.36104 (nodes removed 0 151)
Info    : It. 21000 - 20847 nodes created - worst tet radius 1.35103 (nodes removed 0 153)
Info    : It. 21500 - 21347 nodes created - worst tet radius 1.34071 (nodes removed 0 153)
Info    : It. 22000 - 21846 nodes created - worst tet radius 1.33132 (nodes removed 0 154)
Info    : It. 22500 - 22346 nodes created - worst tet radius 1.32249 (nodes removed 0 154)
Info    : It. 23000 - 22844 nodes created - worst tet radius 1.31302 (nodes removed 0 156)
Info    : It. 23500 - 23344 nodes created - worst tet radius 1.30448 (nodes removed 0 156)
Info    : It. 24000 - 23841 nodes created - worst tet radius 1.29607 (nodes removed 0 159)
Info    : It. 24500 - 24338 nodes created - worst tet radius 1.28777 (nodes removed 0 162)
Info    : It. 25000 - 24836 nodes created - worst tet radius 1.28011 (nodes removed 0 164)
Info    : It. 25500 - 25336 nodes created - worst tet radius 1.27254 (nodes removed 0 164)
Info    : It. 26000 - 25835 nodes created - worst tet radius 1.26439 (nodes removed 0 165)
Info    : It. 26500 - 26331 nodes created - worst tet radius 1.25712 (nodes removed 0 169)
Info    : It. 27000 - 26828 nodes created - worst tet radius 1.24983 (nodes removed 0 172)
Info    : It. 27500 - 27328 nodes created - worst tet radius 1.24309 (nodes removed 0 172)
Info    : It. 28000 - 27828 nodes created - worst tet radius 1.23572 (nodes removed 0 172)
Info    : It. 28500 - 28324 nodes created - worst tet radius 1.27803 (nodes removed 0 176)
Info    : It. 29000 - 28822 nodes created - worst tet radius 1.2212 (nodes removed 0 178)
Info    : It. 29500 - 29322 nodes created - worst tet radius 1.21467 (nodes removed 0 178)
Info    : It. 30000 - 29820 nodes created - worst tet radius 1.20812 (nodes removed 0 180)
Info    : It. 30500 - 30320 nodes created - worst tet radius 1.20197 (nodes removed 0 180)
Info    : It. 31000 - 30819 nodes created - worst tet radius 1.19585 (nodes removed 0 181)
Info    : It. 31500 - 31319 nodes created - worst tet radius 1.18948 (nodes removed 0 181)
Info    : It. 32000 - 31818 nodes created - worst tet radius 1.18405 (nodes removed 0 182)
Info    : It. 32500 - 32315 nodes created - worst tet radius 1.17785 (nodes removed 0 185)
Info    : It. 33000 - 32815 nodes created - worst tet radius 1.17271 (nodes removed 0 185)
Info    : It. 33500 - 33315 nodes created - worst tet radius 1.16697 (nodes removed 0 185)
Info    : It. 34000 - 33815 nodes created - worst tet radius 1.16114 (nodes removed 0 185)
Info    : It. 34500 - 34315 nodes created - worst tet radius 1.15575 (nodes removed 0 185)
Info    : It. 35000 - 34814 nodes created - worst tet radius 1.15079 (nodes removed 0 186)
Info    : It. 35500 - 35314 nodes created - worst tet radius 1.14571 (nodes removed 0 186)
Info    : It. 36000 - 35813 nodes created - worst tet radius 1.14068 (nodes removed 0 187)
Info    : It. 36500 - 36313 nodes created - worst tet radius 1.13615 (nodes removed 0 187)
Info    : It. 37000 - 36811 nodes created - worst tet radius 1.13128 (nodes removed 0 189)
Info    : It. 37500 - 37311 nodes created - worst tet radius 1.12678 (nodes removed 0 189)
Info    : It. 38000 - 37807 nodes created - worst tet radius 1.12204 (nodes removed 0 193)
Info    : It. 38500 - 38307 nodes created - worst tet radius 1.11745 (nodes removed 0 193)
Info    : It. 39000 - 38805 nodes created - worst tet radius 1.11273 (nodes removed 0 195)
Info    : It. 39500 - 39304 nodes created - worst tet radius 1.1082 (nodes removed 0 196)
Info    : It. 40000 - 39804 nodes created - worst tet radius 1.10373 (nodes removed 0 196)
Info    : It. 40500 - 40304 nodes created - worst tet radius 1.09942 (nodes removed 0 196)
Info    : It. 41000 - 40803 nodes created - worst tet radius 1.0952 (nodes removed 0 197)
Info    : It. 41500 - 41303 nodes created - worst tet radius 1.09095 (nodes removed 0 197)
Info    : It. 42000 - 41803 nodes created - worst tet radius 1.08677 (nodes removed 0 197)
Info    : It. 42500 - 42303 nodes created - worst tet radius 1.08261 (nodes removed 0 197)
Info    : It. 43000 - 42803 nodes created - worst tet radius 1.0786 (nodes removed 0 197)
Info    : It. 43500 - 43303 nodes created - worst tet radius 1.07478 (nodes removed 0 197)
Info    : It. 44000 - 43802 nodes created - worst tet radius 1.07069 (nodes removed 0 198)
Info    : It. 44500 - 44300 nodes created - worst tet radius 1.06669 (nodes removed 0 200)
Info    : It. 45000 - 44799 nodes created - worst tet radius 1.06282 (nodes removed 0 201)
Info    : It. 45500 - 45298 nodes created - worst tet radius 1.05914 (nodes removed 0 202)
Info    : It. 46000 - 45797 nodes created - worst tet radius 1.05568 (nodes removed 0 203)
Info    : It. 46500 - 46296 nodes created - worst tet radius 1.05175 (nodes removed 0 204)
Info    : It. 47000 - 46795 nodes created - worst tet radius 1.04846 (nodes removed 0 205)
Info    : It. 47500 - 47285 nodes created - worst tet radius 1.04495 (nodes removed 0 215)
Info    : It. 48000 - 47785 nodes created - worst tet radius 1.04168 (nodes removed 0 215)
Info    : It. 48500 - 48283 nodes created - worst tet radius 1.03818 (nodes removed 0 217)
Info    : It. 49000 - 48783 nodes created - worst tet radius 1.03481 (nodes removed 0 217)
Info    : It. 49500 - 49281 nodes created - worst tet radius 1.03141 (nodes removed 0 219)
Info    : It. 50000 - 49781 nodes created - worst tet radius 1.02796 (nodes removed 0 219)
Info    : It. 50500 - 50280 nodes created - worst tet radius 1.02486 (nodes removed 0 220)
Info    : It. 51000 - 50780 nodes created - worst tet radius 1.02183 (nodes removed 0 220)
Info    : It. 51500 - 51278 nodes created - worst tet radius 1.01883 (nodes removed 0 222)
Info    : It. 52000 - 51777 nodes created - worst tet radius 1.01552 (nodes removed 0 223)
Info    : It. 52500 - 52272 nodes created - worst tet radius 1.01228 (nodes removed 0 228)
Info    : It. 53000 - 52770 nodes created - worst tet radius 1.0094 (nodes removed 0 230)
Info    : It. 53500 - 53268 nodes created - worst tet radius 1.00649 (nodes removed 0 232)
Info    : It. 54000 - 53768 nodes created - worst tet radius 1.00357 (nodes removed 0 232)
Info    : It. 54500 - 54268 nodes created - worst tet radius 1.00068 (nodes removed 0 232)
Info    : 3D refinement terminated (76529 nodes total):
Info    :  - 342 Delaunay cavities modified for star shapeness
Info    :  - 232 nodes could not be inserted
Info    :  - 415033 tetrahedra created in 4.62385 sec. (89759 tets/s)
Info    : Done meshing 3D (Wall 9.533s, CPU 9.43678s)
Info    : Optimizing mesh...
Info    : Optimizing volume 1
Info    : Optimization starts (volume = 1873.13) with worst = 1.29336e-06 / average = 0.778857:
Info    : 0.00 < quality < 0.10 :      1006 elements
Info    : 0.10 < quality < 0.20 :      2571 elements
Info    : 0.20 < quality < 0.30 :      4737 elements
Info    : 0.30 < quality < 0.40 :      7413 elements
Info    : 0.40 < quality < 0.50 :     11673 elements
Info    : 0.50 < quality < 0.60 :     19876 elements
Info    : 0.60 < quality < 0.70 :     40914 elements
Info    : 0.70 < quality < 0.80 :     93779 elements
Info    : 0.80 < quality < 0.90 :    154805 elements
Info    : 0.90 < quality < 1.00 :     78259 elements
Info    : 8182 edge swaps, 281 node relocations (volume = 1873.13): worst = 0.000227494 / average = 0.791168 (Wall 0.407487s, CPU 0.407294s)
Info    : 8261 edge swaps, 299 node relocations (volume = 1873.13): worst = 0.000227494 / average = 0.791265 (Wall 0.550818s, CPU 0.550549s)
Info    : 0.00 < quality < 0.10 :        14 elements
Info    : 0.10 < quality < 0.20 :         7 elements
Info    : 0.20 < quality < 0.30 :        23 elements
Info    : 0.30 < quality < 0.40 :      7418 elements
Info    : 0.40 < quality < 0.50 :     11241 elements
Info    : 0.50 < quality < 0.60 :     19345 elements
Info    : 0.60 < quality < 0.70 :     40663 elements
Info    : 0.70 < quality < 0.80 :     94866 elements
Info    : 0.80 < quality < 0.90 :    156151 elements
Info    : 0.90 < quality < 1.00 :     77896 elements
Info    : Done optimizing mesh (Wall 1.46788s, CPU 1.43481s)
Info    : 76529 nodes 455478 elements
Info    : Writing 'split_artery_h_07.msh'...
Info    : Done writing 'split_artery_h_07.msh'
Info    : Stopped on Wed Nov 30 09:34:36 2022 (From start: Wall 54.6779s, CPU 54.6181s)

