gmsh -3 split_artery_h_03.new -format msh2 -o split_artery_h_03.msh
Info    : Running 'gmsh -3 split_artery_h_03.new -format msh2 -o split_artery_h_03.msh' [Gmsh 4.8.4, 1 node, max. 1 thread]
Info    : Started on Wed Nov 30 09:31:38 2022
Info    : Reading 'split_artery_h_03.new'...
Info    : Reading 'split_artery.step'...
Info    :  - Label 'Shapes/art1right' (3D)
Info    : Done reading 'split_artery.step'
Info    : Done reading 'split_artery_h_03.new'
Info    : Meshing 1D...
Info    : [  0%] Meshing curve 1 (BSpline)
Info    : [ 10%] Meshing curve 2 (BSpline)
Info    : [ 10%] Meshing curve 3 (BSpline)
Info    : [ 10%] Meshing curve 4 (BSpline)
Info    : [ 10%] Meshing curve 5 (BSpline)
Info    : [ 10%] Meshing curve 6 (BSpline)
Info    : [ 10%] Meshing curve 7 (BSpline)
Info    : [ 10%] Meshing curve 8 (BSpline)
Info    : [ 10%] Meshing curve 9 (BSpline)
Info    : [ 10%] Meshing curve 10 (BSpline)
Info    : [ 10%] Meshing curve 11 (BSpline)
Info    : [ 10%] Meshing curve 12 (BSpline)
Info    : [ 10%] Meshing curve 13 (BSpline)
Info    : [ 10%] Meshing curve 14 (BSpline)
Info    : [ 10%] Meshing curve 15 (BSpline)
Info    : [ 10%] Meshing curve 16 (BSpline)
Info    : [ 10%] Meshing curve 17 (BSpline)
Info    : [ 10%] Meshing curve 18 (BSpline)
Info    : [ 10%] Meshing curve 19 (BSpline)
Info    : [ 10%] Meshing curve 20 (BSpline)
Info    : [ 10%] Meshing curve 21 (BSpline)
Info    : [ 10%] Meshing curve 22 (BSpline)
Info    : [ 10%] Meshing curve 23 (BSpline)
Info    : [ 10%] Meshing curve 24 (BSpline)
Info    : [ 10%] Meshing curve 25 (BSpline)
Info    : [ 10%] Meshing curve 26 (BSpline)
Info    : [ 20%] Meshing curve 27 (BSpline)
Info    : [ 20%] Meshing curve 28 (BSpline)
Info    : [ 20%] Meshing curve 29 (BSpline)
Info    : [ 20%] Meshing curve 30 (BSpline)
Info    : [ 20%] Meshing curve 31 (BSpline)
Info    : [ 20%] Meshing curve 32 (BSpline)
Info    : [ 20%] Meshing curve 33 (BSpline)
Info    : [ 20%] Meshing curve 34 (BSpline)
Info    : [ 20%] Meshing curve 35 (BSpline)
Info    : [ 20%] Meshing curve 36 (BSpline)
Info    : [ 20%] Meshing curve 37 (BSpline)
Info    : [ 20%] Meshing curve 38 (BSpline)
Info    : [ 20%] Meshing curve 39 (BSpline)
Info    : [ 20%] Meshing curve 40 (BSpline)
Info    : [ 20%] Meshing curve 41 (BSpline)
Info    : [ 20%] Meshing curve 42 (BSpline)
Info    : [ 20%] Meshing curve 43 (BSpline)
Info    : [ 20%] Meshing curve 44 (BSpline)
Info    : [ 20%] Meshing curve 45 (BSpline)
Info    : [ 20%] Meshing curve 46 (BSpline)
Info    : [ 20%] Meshing curve 47 (BSpline)
Info    : [ 20%] Meshing curve 48 (BSpline)
Info    : [ 20%] Meshing curve 49 (BSpline)
Info    : [ 20%] Meshing curve 50 (BSpline)
Info    : [ 20%] Meshing curve 51 (BSpline)
Info    : [ 20%] Meshing curve 52 (BSpline)
Info    : [ 30%] Meshing curve 53 (BSpline)
Info    : [ 30%] Meshing curve 54 (BSpline)
Info    : [ 30%] Meshing curve 55 (BSpline)
Info    : [ 30%] Meshing curve 56 (BSpline)
Info    : [ 30%] Meshing curve 57 (BSpline)
Info    : [ 30%] Meshing curve 58 (BSpline)
Info    : [ 30%] Meshing curve 59 (BSpline)
Info    : [ 30%] Meshing curve 60 (BSpline)
Info    : [ 30%] Meshing curve 61 (BSpline)
Info    : [ 30%] Meshing curve 62 (BSpline)
Info    : [ 30%] Meshing curve 63 (BSpline)
Info    : [ 30%] Meshing curve 64 (BSpline)
Info    : [ 30%] Meshing curve 65 (BSpline)
Info    : [ 30%] Meshing curve 66 (BSpline)
Info    : [ 30%] Meshing curve 67 (BSpline)
Info    : [ 30%] Meshing curve 68 (BSpline)
Info    : [ 30%] Meshing curve 69 (BSpline)
Info    : [ 30%] Meshing curve 70 (BSpline)
Info    : [ 30%] Meshing curve 71 (BSpline)
Info    : [ 30%] Meshing curve 72 (BSpline)
Info    : [ 30%] Meshing curve 73 (BSpline)
Info    : [ 30%] Meshing curve 74 (BSpline)
Info    : [ 30%] Meshing curve 75 (BSpline)
Info    : [ 30%] Meshing curve 76 (BSpline)
Info    : [ 30%] Meshing curve 77 (BSpline)
Info    : [ 40%] Meshing curve 78 (BSpline)
Info    : [ 40%] Meshing curve 79 (BSpline)
Info    : [ 40%] Meshing curve 80 (BSpline)
Info    : [ 40%] Meshing curve 81 (BSpline)
Info    : [ 40%] Meshing curve 82 (BSpline)
Info    : [ 40%] Meshing curve 83 (BSpline)
Info    : [ 40%] Meshing curve 84 (BSpline)
Info    : [ 40%] Meshing curve 85 (BSpline)
Info    : [ 40%] Meshing curve 86 (BSpline)
Info    : [ 40%] Meshing curve 87 (BSpline)
Info    : [ 40%] Meshing curve 88 (BSpline)
Info    : [ 40%] Meshing curve 89 (BSpline)
Info    : [ 40%] Meshing curve 90 (BSpline)
Info    : [ 40%] Meshing curve 91 (BSpline)
Info    : [ 40%] Meshing curve 92 (BSpline)
Info    : [ 40%] Meshing curve 93 (BSpline)
Info    : [ 40%] Meshing curve 94 (BSpline)
Info    : [ 40%] Meshing curve 95 (BSpline)
Info    : [ 40%] Meshing curve 96 (BSpline)
Info    : [ 40%] Meshing curve 97 (BSpline)
Info    : [ 40%] Meshing curve 98 (BSpline)
Info    : [ 40%] Meshing curve 99 (BSpline)
Info    : [ 40%] Meshing curve 100 (BSpline)
Info    : [ 40%] Meshing curve 101 (BSpline)
Info    : [ 40%] Meshing curve 102 (BSpline)
Info    : [ 40%] Meshing curve 103 (BSpline)
Info    : [ 50%] Meshing curve 104 (BSpline)
Info    : [ 50%] Meshing curve 105 (BSpline)
Info    : [ 50%] Meshing curve 106 (BSpline)
Info    : [ 50%] Meshing curve 107 (BSpline)
Info    : [ 50%] Meshing curve 108 (BSpline)
Info    : [ 50%] Meshing curve 109 (BSpline)
Info    : [ 50%] Meshing curve 110 (BSpline)
Info    : [ 50%] Meshing curve 111 (BSpline)
Info    : [ 50%] Meshing curve 112 (BSpline)
Info    : [ 50%] Meshing curve 113 (BSpline)
Info    : [ 50%] Meshing curve 114 (BSpline)
Info    : [ 50%] Meshing curve 115 (BSpline)
Info    : [ 50%] Meshing curve 116 (BSpline)
Info    : [ 50%] Meshing curve 117 (BSpline)
Info    : [ 50%] Meshing curve 118 (BSpline)
Info    : [ 50%] Meshing curve 119 (BSpline)
Info    : [ 50%] Meshing curve 120 (BSpline)
Info    : [ 50%] Meshing curve 121 (BSpline)
Info    : [ 50%] Meshing curve 122 (BSpline)
Info    : [ 50%] Meshing curve 123 (BSpline)
Info    : [ 50%] Meshing curve 124 (BSpline)
Info    : [ 50%] Meshing curve 125 (BSpline)
Info    : [ 50%] Meshing curve 126 (BSpline)
Info    : [ 50%] Meshing curve 127 (BSpline)
Info    : [ 50%] Meshing curve 128 (BSpline)
Info    : [ 60%] Meshing curve 129 (BSpline)
Info    : [ 60%] Meshing curve 130 (BSpline)
Info    : [ 60%] Meshing curve 131 (BSpline)
Info    : [ 60%] Meshing curve 132 (BSpline)
Info    : [ 60%] Meshing curve 133 (BSpline)
Info    : [ 60%] Meshing curve 134 (BSpline)
Info    : [ 60%] Meshing curve 135 (BSpline)
Info    : [ 60%] Meshing curve 136 (BSpline)
Info    : [ 60%] Meshing curve 137 (BSpline)
Info    : [ 60%] Meshing curve 138 (BSpline)
Info    : [ 60%] Meshing curve 139 (BSpline)
Info    : [ 60%] Meshing curve 140 (BSpline)
Info    : [ 60%] Meshing curve 141 (BSpline)
Info    : [ 60%] Meshing curve 142 (BSpline)
Info    : [ 60%] Meshing curve 143 (BSpline)
Info    : [ 60%] Meshing curve 144 (BSpline)
Info    : [ 60%] Meshing curve 145 (BSpline)
Info    : [ 60%] Meshing curve 146 (BSpline)
Info    : [ 60%] Meshing curve 147 (BSpline)
Info    : [ 60%] Meshing curve 148 (BSpline)
Info    : [ 60%] Meshing curve 149 (BSpline)
Info    : [ 60%] Meshing curve 150 (BSpline)
Info    : [ 60%] Meshing curve 151 (BSpline)
Info    : [ 60%] Meshing curve 152 (BSpline)
Info    : [ 60%] Meshing curve 153 (BSpline)
Info    : [ 60%] Meshing curve 154 (BSpline)
Info    : [ 70%] Meshing curve 155 (BSpline)
Info    : [ 70%] Meshing curve 156 (BSpline)
Info    : [ 70%] Meshing curve 157 (BSpline)
Info    : [ 70%] Meshing curve 158 (BSpline)
Info    : [ 70%] Meshing curve 159 (BSpline)
Info    : [ 70%] Meshing curve 160 (BSpline)
Info    : [ 70%] Meshing curve 161 (BSpline)
Info    : [ 70%] Meshing curve 162 (BSpline)
Info    : [ 70%] Meshing curve 163 (BSpline)
Info    : [ 70%] Meshing curve 164 (BSpline)
Info    : [ 70%] Meshing curve 165 (BSpline)
Info    : [ 70%] Meshing curve 166 (BSpline)
Info    : [ 70%] Meshing curve 167 (BSpline)
Info    : [ 70%] Meshing curve 168 (BSpline)
Info    : [ 70%] Meshing curve 169 (BSpline)
Info    : [ 70%] Meshing curve 170 (BSpline)
Info    : [ 70%] Meshing curve 171 (BSpline)
Info    : [ 70%] Meshing curve 172 (BSpline)
Info    : [ 70%] Meshing curve 173 (BSpline)
Info    : [ 70%] Meshing curve 174 (BSpline)
Info    : [ 70%] Meshing curve 175 (BSpline)
Info    : [ 70%] Meshing curve 176 (BSpline)
Info    : [ 70%] Meshing curve 177 (BSpline)
Info    : [ 70%] Meshing curve 178 (BSpline)
Info    : [ 70%] Meshing curve 179 (BSpline)
Info    : [ 80%] Meshing curve 180 (BSpline)
Info    : [ 80%] Meshing curve 181 (BSpline)
Info    : [ 80%] Meshing curve 182 (BSpline)
Info    : [ 80%] Meshing curve 183 (BSpline)
Info    : [ 80%] Meshing curve 184 (BSpline)
Info    : [ 80%] Meshing curve 185 (BSpline)
Info    : [ 80%] Meshing curve 186 (BSpline)
Info    : [ 80%] Meshing curve 187 (BSpline)
Info    : [ 80%] Meshing curve 188 (BSpline)
Info    : [ 80%] Meshing curve 189 (BSpline)
Info    : [ 80%] Meshing curve 190 (BSpline)
Info    : [ 80%] Meshing curve 191 (BSpline)
Info    : [ 80%] Meshing curve 192 (BSpline)
Info    : [ 80%] Meshing curve 193 (BSpline)
Info    : [ 80%] Meshing curve 194 (BSpline)
Info    : [ 80%] Meshing curve 195 (BSpline)
Info    : [ 80%] Meshing curve 196 (BSpline)
Info    : [ 80%] Meshing curve 197 (BSpline)
Info    : [ 80%] Meshing curve 198 (BSpline)
Info    : [ 80%] Meshing curve 199 (BSpline)
Info    : [ 80%] Meshing curve 200 (BSpline)
Info    : [ 80%] Meshing curve 201 (BSpline)
Info    : [ 80%] Meshing curve 202 (BSpline)
Info    : [ 80%] Meshing curve 203 (BSpline)
Info    : [ 80%] Meshing curve 204 (BSpline)
Info    : [ 80%] Meshing curve 205 (BSpline)
Info    : [ 90%] Meshing curve 206 (BSpline)
Info    : [ 90%] Meshing curve 207 (BSpline)
Info    : [ 90%] Meshing curve 208 (BSpline)
Info    : [ 90%] Meshing curve 209 (BSpline)
Info    : [ 90%] Meshing curve 210 (BSpline)
Info    : [ 90%] Meshing curve 211 (BSpline)
Info    : [ 90%] Meshing curve 212 (BSpline)
Info    : [ 90%] Meshing curve 213 (BSpline)
Info    : [ 90%] Meshing curve 214 (BSpline)
Info    : [ 90%] Meshing curve 215 (BSpline)
Info    : [ 90%] Meshing curve 216 (BSpline)
Info    : [ 90%] Meshing curve 217 (BSpline)
Info    : [ 90%] Meshing curve 218 (BSpline)
Info    : [ 90%] Meshing curve 219 (BSpline)
Info    : [ 90%] Meshing curve 220 (BSpline)
Info    : [ 90%] Meshing curve 221 (BSpline)
Info    : [ 90%] Meshing curve 222 (BSpline)
Info    : [ 90%] Meshing curve 223 (BSpline)
Info    : [ 90%] Meshing curve 224 (BSpline)
Info    : [ 90%] Meshing curve 225 (BSpline)
Info    : [ 90%] Meshing curve 226 (BSpline)
Info    : [ 90%] Meshing curve 227 (BSpline)
Info    : [ 90%] Meshing curve 228 (BSpline)
Info    : [ 90%] Meshing curve 229 (BSpline)
Info    : [ 90%] Meshing curve 230 (BSpline)
Info    : [100%] Meshing curve 231 (BSpline)
Info    : [100%] Meshing curve 232 (BSpline)
Info    : [100%] Meshing curve 233 (BSpline)
Info    : [100%] Meshing curve 234 (BSpline)
Info    : [100%] Meshing curve 235 (BSpline)
Info    : [100%] Meshing curve 236 (BSpline)
Info    : [100%] Meshing curve 237 (BSpline)
Info    : [100%] Meshing curve 238 (BSpline)
Info    : [100%] Meshing curve 239 (BSpline)
Info    : [100%] Meshing curve 240 (BSpline)
Info    : [100%] Meshing curve 241 (BSpline)
Info    : [100%] Meshing curve 242 (BSpline)
Info    : [100%] Meshing curve 243 (BSpline)
Info    : [100%] Meshing curve 244 (BSpline)
Info    : [100%] Meshing curve 245 (BSpline)
Info    : [100%] Meshing curve 246 (BSpline)
Info    : [100%] Meshing curve 247 (BSpline)
Info    : [100%] Meshing curve 248 (BSpline)
Info    : [100%] Meshing curve 249 (BSpline)
Info    : [100%] Meshing curve 250 (BSpline)
Info    : [100%] Meshing curve 251 (BSpline)
Info    : [100%] Meshing curve 252 (BSpline)
Info    : [100%] Meshing curve 253 (BSpline)
Info    : [100%] Meshing curve 254 (BSpline)
Info    : [100%] Meshing curve 255 (BSpline)
Info    : Done meshing 1D (Wall 0.846493s, CPU 0.845597s)
Info    : Meshing 2D...
Info    : [  0%] Meshing surface 1 (BSpline surface, Frontal-Delaunay)
Info    : [ 10%] Meshing surface 2 (BSpline surface, Frontal-Delaunay)
Info    : [ 10%] Meshing surface 3 (BSpline surface, Frontal-Delaunay)
Info    : [ 10%] Meshing surface 4 (BSpline surface, Frontal-Delaunay)
Info    : [ 10%] Meshing surface 5 (BSpline surface, Frontal-Delaunay)
Info    : [ 10%] Meshing surface 6 (BSpline surface, Frontal-Delaunay)
Info    : [ 10%] Meshing surface 7 (BSpline surface, Frontal-Delaunay)
Info    : [ 10%] Meshing surface 8 (BSpline surface, Frontal-Delaunay)
Info    : [ 10%] Meshing surface 9 (BSpline surface, Frontal-Delaunay)
Info    : [ 10%] Meshing surface 10 (BSpline surface, Frontal-Delaunay)
Info    : [ 10%] Meshing surface 11 (BSpline surface, Frontal-Delaunay)
Info    : [ 10%] Meshing surface 12 (BSpline surface, Frontal-Delaunay)
Info    : [ 10%] Meshing surface 13 (BSpline surface, Frontal-Delaunay)
Info    : [ 20%] Meshing surface 14 (BSpline surface, Frontal-Delaunay)
Info    : [ 20%] Meshing surface 15 (BSpline surface, Frontal-Delaunay)
Info    : [ 20%] Meshing surface 16 (BSpline surface, Frontal-Delaunay)
Info    : [ 20%] Meshing surface 17 (BSpline surface, Frontal-Delaunay)
Info    : [ 20%] Meshing surface 18 (BSpline surface, Frontal-Delaunay)
Info    : [ 20%] Meshing surface 19 (BSpline surface, Frontal-Delaunay)
Info    : [ 20%] Meshing surface 20 (BSpline surface, Frontal-Delaunay)
Info    : [ 20%] Meshing surface 21 (BSpline surface, Frontal-Delaunay)
Info    : [ 20%] Meshing surface 22 (BSpline surface, Frontal-Delaunay)
Info    : [ 20%] Meshing surface 23 (BSpline surface, Frontal-Delaunay)
Info    : [ 20%] Meshing surface 24 (BSpline surface, Frontal-Delaunay)
Info    : [ 20%] Meshing surface 25 (BSpline surface, Frontal-Delaunay)
Info    : [ 20%] Meshing surface 26 (BSpline surface, Frontal-Delaunay)
Info    : [ 30%] Meshing surface 27 (BSpline surface, Frontal-Delaunay)
Info    : [ 30%] Meshing surface 28 (BSpline surface, Frontal-Delaunay)
Info    : [ 30%] Meshing surface 29 (BSpline surface, Frontal-Delaunay)
Info    : [ 30%] Meshing surface 30 (BSpline surface, Frontal-Delaunay)
Info    : [ 30%] Meshing surface 31 (BSpline surface, Frontal-Delaunay)
Info    : [ 30%] Meshing surface 32 (BSpline surface, Frontal-Delaunay)
Info    : [ 30%] Meshing surface 33 (BSpline surface, Frontal-Delaunay)
Info    : [ 30%] Meshing surface 34 (BSpline surface, Frontal-Delaunay)
Info    : [ 30%] Meshing surface 35 (BSpline surface, Frontal-Delaunay)
Info    : [ 30%] Meshing surface 36 (BSpline surface, Frontal-Delaunay)
Info    : [ 30%] Meshing surface 37 (BSpline surface, Frontal-Delaunay)
Info    : [ 30%] Meshing surface 38 (BSpline surface, Frontal-Delaunay)
Info    : [ 40%] Meshing surface 39 (BSpline surface, Frontal-Delaunay)
Info    : [ 40%] Meshing surface 40 (BSpline surface, Frontal-Delaunay)
Info    : [ 40%] Meshing surface 41 (BSpline surface, Frontal-Delaunay)
Info    : [ 40%] Meshing surface 42 (BSpline surface, Frontal-Delaunay)
Info    : [ 40%] Meshing surface 43 (BSpline surface, Frontal-Delaunay)
Info    : [ 40%] Meshing surface 44 (BSpline surface, Frontal-Delaunay)
Info    : [ 40%] Meshing surface 45 (BSpline surface, Frontal-Delaunay)
Info    : [ 40%] Meshing surface 46 (BSpline surface, Frontal-Delaunay)
Info    : [ 40%] Meshing surface 47 (BSpline surface, Frontal-Delaunay)
Info    : [ 40%] Meshing surface 48 (BSpline surface, Frontal-Delaunay)
Info    : [ 40%] Meshing surface 49 (BSpline surface, Frontal-Delaunay)
Info    : [ 40%] Meshing surface 50 (BSpline surface, Frontal-Delaunay)
Info    : [ 40%] Meshing surface 51 (BSpline surface, Frontal-Delaunay)
Info    : [ 50%] Meshing surface 52 (BSpline surface, Frontal-Delaunay)
Info    : [ 50%] Meshing surface 53 (BSpline surface, Frontal-Delaunay)
Info    : [ 50%] Meshing surface 54 (BSpline surface, Frontal-Delaunay)
Info    : [ 50%] Meshing surface 55 (BSpline surface, Frontal-Delaunay)
Info    : [ 50%] Meshing surface 56 (BSpline surface, Frontal-Delaunay)
Info    : [ 50%] Meshing surface 57 (BSpline surface, Frontal-Delaunay)
Info    : [ 50%] Meshing surface 58 (BSpline surface, Frontal-Delaunay)
Info    : [ 50%] Meshing surface 59 (BSpline surface, Frontal-Delaunay)
Info    : [ 50%] Meshing surface 60 (BSpline surface, Frontal-Delaunay)
Info    : [ 50%] Meshing surface 61 (BSpline surface, Frontal-Delaunay)
Info    : [ 50%] Meshing surface 62 (BSpline surface, Frontal-Delaunay)
Info    : [ 50%] Meshing surface 63 (BSpline surface, Frontal-Delaunay)
Info    : [ 60%] Meshing surface 64 (BSpline surface, Frontal-Delaunay)
Info    : [ 60%] Meshing surface 65 (BSpline surface, Frontal-Delaunay)
Info    : [ 60%] Meshing surface 66 (BSpline surface, Frontal-Delaunay)
Info    : [ 60%] Meshing surface 67 (BSpline surface, Frontal-Delaunay)
Info    : [ 60%] Meshing surface 68 (BSpline surface, Frontal-Delaunay)
Info    : [ 60%] Meshing surface 69 (BSpline surface, Frontal-Delaunay)
Info    : [ 60%] Meshing surface 70 (BSpline surface, Frontal-Delaunay)
Info    : [ 60%] Meshing surface 71 (BSpline surface, Frontal-Delaunay)
Info    : [ 60%] Meshing surface 72 (BSpline surface, Frontal-Delaunay)
Info    : [ 60%] Meshing surface 73 (BSpline surface, Frontal-Delaunay)
Info    : [ 60%] Meshing surface 74 (BSpline surface, Frontal-Delaunay)
Info    : [ 60%] Meshing surface 75 (BSpline surface, Frontal-Delaunay)
Info    : [ 60%] Meshing surface 76 (BSpline surface, Frontal-Delaunay)
Info    : [ 70%] Meshing surface 77 (BSpline surface, Frontal-Delaunay)
Info    : [ 70%] Meshing surface 78 (BSpline surface, Frontal-Delaunay)
Info    : [ 70%] Meshing surface 79 (BSpline surface, Frontal-Delaunay)
Info    : [ 70%] Meshing surface 80 (BSpline surface, Frontal-Delaunay)
Info    : [ 70%] Meshing surface 81 (BSpline surface, Frontal-Delaunay)
Info    : [ 70%] Meshing surface 82 (BSpline surface, Frontal-Delaunay)
Info    : [ 70%] Meshing surface 83 (BSpline surface, Frontal-Delaunay)
Info    : [ 70%] Meshing surface 84 (BSpline surface, Frontal-Delaunay)
Info    : [ 70%] Meshing surface 85 (BSpline surface, Frontal-Delaunay)
Info    : [ 70%] Meshing surface 86 (BSpline surface, Frontal-Delaunay)
Info    : [ 70%] Meshing surface 87 (BSpline surface, Frontal-Delaunay)
Info    : [ 70%] Meshing surface 88 (BSpline surface, Frontal-Delaunay)
Info    : [ 80%] Meshing surface 89 (BSpline surface, Frontal-Delaunay)
Info    : [ 80%] Meshing surface 90 (BSpline surface, Frontal-Delaunay)
Info    : [ 80%] Meshing surface 91 (BSpline surface, Frontal-Delaunay)
Info    : [ 80%] Meshing surface 92 (BSpline surface, Frontal-Delaunay)
Info    : [ 80%] Meshing surface 93 (BSpline surface, Frontal-Delaunay)
Info    : [ 80%] Meshing surface 94 (BSpline surface, Frontal-Delaunay)
Info    : [ 80%] Meshing surface 95 (BSpline surface, Frontal-Delaunay)
Info    : [ 80%] Meshing surface 96 (BSpline surface, Frontal-Delaunay)
Info    : [ 80%] Meshing surface 97 (BSpline surface, Frontal-Delaunay)
Info    : [ 80%] Meshing surface 98 (BSpline surface, Frontal-Delaunay)
Info    : [ 80%] Meshing surface 99 (BSpline surface, Frontal-Delaunay)
Info    : [ 80%] Meshing surface 100 (BSpline surface, Frontal-Delaunay)
Info    : [ 80%] Meshing surface 101 (BSpline surface, Frontal-Delaunay)
Info    : [ 90%] Meshing surface 102 (BSpline surface, Frontal-Delaunay)
Info    : [ 90%] Meshing surface 103 (BSpline surface, Frontal-Delaunay)
Info    : [ 90%] Meshing surface 104 (BSpline surface, Frontal-Delaunay)
Info    : [ 90%] Meshing surface 105 (BSpline surface, Frontal-Delaunay)
Info    : [ 90%] Meshing surface 106 (BSpline surface, Frontal-Delaunay)
Info    : [ 90%] Meshing surface 107 (BSpline surface, Frontal-Delaunay)
Info    : [ 90%] Meshing surface 108 (BSpline surface, Frontal-Delaunay)
Info    : [ 90%] Meshing surface 109 (BSpline surface, Frontal-Delaunay)
Info    : [ 90%] Meshing surface 110 (BSpline surface, Frontal-Delaunay)
Info    : [ 90%] Meshing surface 111 (BSpline surface, Frontal-Delaunay)
Info    : [ 90%] Meshing surface 112 (BSpline surface, Frontal-Delaunay)
Info    : [ 90%] Meshing surface 113 (BSpline surface, Frontal-Delaunay)
Info    : [100%] Meshing surface 114 (BSpline surface, Frontal-Delaunay)
Info    : [100%] Meshing surface 115 (BSpline surface, Frontal-Delaunay)
Info    : [100%] Meshing surface 116 (BSpline surface, Frontal-Delaunay)
Info    : [100%] Meshing surface 117 (BSpline surface, Frontal-Delaunay)
Info    : [100%] Meshing surface 118 (BSpline surface, Frontal-Delaunay)
Info    : [100%] Meshing surface 119 (BSpline surface, Frontal-Delaunay)
Info    : [100%] Meshing surface 120 (BSpline surface, Frontal-Delaunay)
Info    : [100%] Meshing surface 121 (BSpline surface, Frontal-Delaunay)
Info    : [100%] Meshing surface 122 (BSpline surface, Frontal-Delaunay)
Info    : [100%] Meshing surface 123 (Plane, Frontal-Delaunay)
Info    : [100%] Meshing surface 124 (Plane, Frontal-Delaunay)
Info    : [100%] Meshing surface 125 (Plane, Frontal-Delaunay)
Info    : Done meshing 2D (Wall 15.7208s, CPU 15.7045s)
Info    : Meshing 3D...
Info    : 3D Meshing 1 volume with 1 connected component
Info    : Tetrahedrizing 7942 nodes...
Info    : Done tetrahedrizing 7950 nodes (Wall 0.137509s, CPU 0.12939s)
Info    : Reconstructing mesh...
Info    :  - Creating surface mesh
Info    :  - Identifying boundary edges
Info    :  - Recovering boundary
Info    : Done reconstructing mesh (Wall 0.360703s, CPU 0.340383s)
Info    : Found volume 1
Info    : It. 0 - 0 nodes created - worst tet radius 19.9892 (nodes removed 0 0)
Info    : It. 500 - 436 nodes created - worst tet radius 2.47007 (nodes removed 0 64)
Info    : It. 1000 - 926 nodes created - worst tet radius 2.01266 (nodes removed 0 74)
Info    : It. 1500 - 1419 nodes created - worst tet radius 1.77198 (nodes removed 0 81)
Info    : It. 2000 - 1918 nodes created - worst tet radius 1.62393 (nodes removed 0 82)
Info    : It. 2500 - 2416 nodes created - worst tet radius 1.52357 (nodes removed 0 84)
Info    : It. 3000 - 2906 nodes created - worst tet radius 1.44619 (nodes removed 0 94)
Info    : It. 3500 - 3403 nodes created - worst tet radius 1.37758 (nodes removed 0 97)
Info    : It. 4000 - 3900 nodes created - worst tet radius 1.31968 (nodes removed 0 100)
Info    : It. 4500 - 4397 nodes created - worst tet radius 1.27174 (nodes removed 0 103)
Info    : It. 5000 - 4895 nodes created - worst tet radius 1.23214 (nodes removed 0 105)
Info    : It. 5500 - 5392 nodes created - worst tet radius 1.19902 (nodes removed 0 108)
Info    : It. 6000 - 5889 nodes created - worst tet radius 1.16731 (nodes removed 0 111)
Info    : It. 6500 - 6384 nodes created - worst tet radius 1.14082 (nodes removed 0 116)
Info    : It. 7000 - 6880 nodes created - worst tet radius 1.11606 (nodes removed 0 120)
Info    : It. 7500 - 7378 nodes created - worst tet radius 1.09251 (nodes removed 0 122)
Info    : It. 8000 - 7874 nodes created - worst tet radius 1.07093 (nodes removed 0 126)
Info    : It. 8500 - 8370 nodes created - worst tet radius 1.05168 (nodes removed 0 130)
Info    : It. 9000 - 8865 nodes created - worst tet radius 1.03271 (nodes removed 0 135)
Info    : It. 9500 - 9364 nodes created - worst tet radius 1.01356 (nodes removed 0 136)
Info    : 3D refinement terminated (17743 nodes total):
Info    :  - 143 Delaunay cavities modified for star shapeness
Info    :  - 142 nodes could not be inserted
Info    :  - 86349 tetrahedra created in 0.885502 sec. (97514 tets/s)
Info    : Done meshing 3D (Wall 2.02628s, CPU 1.9963s)
Info    : Optimizing mesh...
Info    : Optimizing volume 1
Info    : Optimization starts (volume = 1869.52) with worst = 0.000323203 / average = 0.766895:
Info    : 0.00 < quality < 0.10 :       292 elements
Info    : 0.10 < quality < 0.20 :       543 elements
Info    : 0.20 < quality < 0.30 :      1017 elements
Info    : 0.30 < quality < 0.40 :      1696 elements
Info    : 0.40 < quality < 0.50 :      2522 elements
Info    : 0.50 < quality < 0.60 :      4589 elements
Info    : 0.60 < quality < 0.70 :     10065 elements
Info    : 0.70 < quality < 0.80 :     20960 elements
Info    : 0.80 < quality < 0.90 :     30693 elements
Info    : 0.90 < quality < 1.00 :     13972 elements
Info    : 1809 edge swaps, 73 node relocations (volume = 1869.52): worst = 0.00103669 / average = 0.779726 (Wall 0.0777599s, CPU 0.077698s)
Info    : 1843 edge swaps, 90 node relocations (volume = 1869.52): worst = 0.00103669 / average = 0.779805 (Wall 0.104766s, CPU 0.104687s)
Info    : No ill-shaped tets in the mesh :-)
Info    : 0.00 < quality < 0.10 :        10 elements
Info    : 0.10 < quality < 0.20 :         6 elements
Info    : 0.20 < quality < 0.30 :        13 elements
Info    : 0.30 < quality < 0.40 :      1684 elements
Info    : 0.40 < quality < 0.50 :      2446 elements
Info    : 0.50 < quality < 0.60 :      4497 elements
Info    : 0.60 < quality < 0.70 :     10042 elements
Info    : 0.70 < quality < 0.80 :     21091 elements
Info    : 0.80 < quality < 0.90 :     30967 elements
Info    : 0.90 < quality < 1.00 :     13927 elements
Info    : Done optimizing mesh (Wall 0.268095s, CPU 0.259824s)
Info    : 17743 nodes 102738 elements
Info    : Writing 'split_artery_h_03.msh'...
Info    : Done writing 'split_artery_h_03.msh'
Info    : Stopped on Wed Nov 30 09:31:57 2022 (From start: Wall 19.6587s, CPU 19.723s)

