ndofs=   1821303: ['\\eta']=(0.3,)    | resids[ 20]=1.21e-08 cf=0.417
ndofs=   1821303: ['\\eta']=(0.317,)  | resids[ 19]=1.77e-08 cf=0.407
ndofs=   1821303: ['\\eta']=(0.335,)  | resids[ 19]=1.06e-08 cf=0.395
ndofs=   1821303: ['\\eta']=(0.352,)  | resids[ 18]=1.77e-08 cf=0.388
ndofs=   1821303: ['\\eta']=(0.37,)   | resids[ 18]=1.10e-08 cf=0.377
ndofs=   1821303: ['\\eta']=(0.387,)  | resids[ 17]=1.98e-08 cf=0.367
ndofs=   1821303: ['\\eta']=(0.404,)  | resids[ 17]=1.31e-08 cf=0.357
ndofs=   1821303: ['\\eta']=(0.422,)  | resids[ 16]=2.45e-08 cf=0.345
ndofs=   1821303: ['\\eta']=(0.439,)  | resids[ 16]=1.67e-08 cf=0.336
ndofs=   1821303: ['\\eta']=(0.457,)  | resids[ 16]=1.12e-08 cf=0.327
ndofs=   1821303: ['\\eta']=(0.474,)  | resids[ 15]=2.43e-08 cf=0.322
ndofs=   1821303: ['\\eta']=(0.491,)  | resids[ 15]=1.71e-08 cf=0.314
ndofs=   1821303: ['\\eta']=(0.509,)  | resids[ 15]=1.18e-08 cf=0.306
ndofs=   1821303: ['\\eta']=(0.526,)  | resids[ 14]=2.76e-08 cf=0.298
ndofs=   1821303: ['\\eta']=(0.543,)  | resids[ 14]=2.00e-08 cf=0.291
ndofs=   1821303: ['\\eta']=(0.561,)  | resids[ 14]=1.42e-08 cf=0.283
ndofs=   1821303: ['\\eta']=(0.578,)  | resids[ 14]=1.03e-08 cf=0.276
ndofs=   1821303: ['\\eta']=(0.596,)  | resids[ 13]=2.73e-08 cf=0.266
ndofs=   1821303: ['\\eta']=(0.613,)  | resids[ 13]=2.03e-08 cf=0.259
ndofs=   1821303: ['\\eta']=(0.63,)   | resids[ 13]=1.51e-08 cf=0.253
ndofs=   1821303: ['\\eta']=(0.648,)  | resids[ 13]=1.10e-08 cf=0.246
ndofs=   1821303: ['\\eta']=(0.665,)  | resids[ 12]=3.52e-08 cf=0.242
ndofs=   1821303: ['\\eta']=(0.683,)  | resids[ 12]=2.63e-08 cf=0.236
ndofs=   1821303: ['\\eta']=(0.7,)    | resids[ 12]=2.00e-08 cf=0.230
ndofs=   1821303: ['\\eta']=(0.717,)  | resids[ 12]=1.52e-08 cf=0.225
ndofs=   1821303: ['\\eta']=(0.735,)  | resids[ 12]=1.13e-08 cf=0.219
ndofs=   1821303: ['\\eta']=(0.752,)  | resids[ 11]=3.95e-08 cf=0.216
ndofs=   1821303: ['\\eta']=(0.77,)   | resids[ 11]=3.00e-08 cf=0.210
ndofs=   1821303: ['\\eta']=(0.787,)  | resids[ 11]=2.31e-08 cf=0.205
ndofs=   1821303: ['\\eta']=(0.804,)  | resids[ 11]=1.78e-08 cf=0.200
ndofs=   1821303: ['\\eta']=(0.822,)  | resids[ 11]=1.34e-08 cf=0.195
ndofs=   1821303: ['\\eta']=(0.839,)  | resids[ 11]=1.03e-08 cf=0.190
ndofs=   1821303: ['\\eta']=(0.857,)  | resids[ 10]=4.10e-08 cf=0.180
ndofs=   1821303: ['\\eta']=(0.874,)  | resids[ 10]=3.22e-08 cf=0.175
ndofs=   1821303: ['\\eta']=(0.891,)  | resids[ 10]=2.53e-08 cf=0.171
ndofs=   1821303: ['\\eta']=(0.909,)  | resids[ 10]=1.95e-08 cf=0.166
ndofs=   1821303: ['\\eta']=(0.926,)  | resids[ 10]=1.53e-08 cf=0.162
ndofs=   1821303: ['\\eta']=(0.943,)  | resids[ 10]=1.19e-08 cf=0.157
ndofs=   1821303: ['\\eta']=(0.961,)  | resids[  9]=5.96e-08 cf=0.152
ndofs=   1821303: ['\\eta']=(0.978,)  | resids[  9]=4.75e-08 cf=0.147
ndofs=   1821303: ['\\eta']=(0.996,)  | resids[  9]=3.74e-08 cf=0.143
ndofs=   1821303: ['\\eta']=(1.013,)  | resids[  9]=2.98e-08 cf=0.139
ndofs=   1821303: ['\\eta']=(1.03,)   | resids[  9]=2.37e-08 cf=0.135
ndofs=   1821303: ['\\eta']=(1.048,)  | resids[  9]=1.87e-08 cf=0.131
ndofs=   1821303: ['\\eta']=(1.065,)  | resids[  9]=1.49e-08 cf=0.128
ndofs=   1821303: ['\\eta']=(1.083,)  | resids[  9]=1.18e-08 cf=0.124
ndofs=   1821303: ['\\eta']=(1.1,)    | resids[  8]=7.72e-08 cf=0.116
ndofs=   1821303: ['\\eta']=(1.117,)  | resids[  8]=6.38e-08 cf=0.113
ndofs=   1821303: ['\\eta']=(1.135,)  | resids[  8]=5.29e-08 cf=0.110
ndofs=   1821303: ['\\eta']=(1.152,)  | resids[  8]=4.57e-08 cf=0.108
ndofs=   1821303: ['\\eta']=(1.17,)   | resids[  8]=4.23e-08 cf=0.107
ndofs=   1821303: ['\\eta']=(1.187,)  | resids[  8]=4.35e-08 cf=0.108
ndofs=   1821303: ['\\eta']=(1.204,)  | resids[  8]=4.73e-08 cf=0.111
ndofs=   1821303: ['\\eta']=(1.222,)  | resids[  8]=5.15e-08 cf=0.113
ndofs=   1821303: ['\\eta']=(1.239,)  | resids[  8]=5.60e-08 cf=0.116
ndofs=   1821303: ['\\eta']=(1.257,)  | resids[  8]=6.22e-08 cf=0.118
ndofs=   1821303: ['\\eta']=(1.274,)  | resids[  8]=6.77e-08 cf=0.120
ndofs=   1821303: ['\\eta']=(1.291,)  | resids[  8]=7.24e-08 cf=0.121
ndofs=   1821303: ['\\eta']=(1.309,)  | resids[  9]=1.03e-08 cf=0.131
ndofs=   1821303: ['\\eta']=(1.326,)  | resids[  9]=1.08e-08 cf=0.130
ndofs=   1821303: ['\\eta']=(1.343,)  | resids[  9]=1.15e-08 cf=0.130
ndofs=   1821303: ['\\eta']=(1.361,)  | resids[  9]=1.24e-08 cf=0.129
ndofs=   1821303: ['\\eta']=(1.378,)  | resids[  9]=1.35e-08 cf=0.130
ndofs=   1821303: ['\\eta']=(1.396,)  | resids[  9]=1.51e-08 cf=0.131
ndofs=   1821303: ['\\eta']=(1.413,)  | resids[  9]=1.69e-08 cf=0.133
ndofs=   1821303: ['\\eta']=(1.43,)   | resids[  9]=1.90e-08 cf=0.134
ndofs=   1821303: ['\\eta']=(1.448,)  | resids[  9]=2.15e-08 cf=0.136
ndofs=   1821303: ['\\eta']=(1.465,)  | resids[  9]=2.41e-08 cf=0.138
ndofs=   1821303: ['\\eta']=(1.483,)  | resids[  9]=2.69e-08 cf=0.140
ndofs=   1821303: ['\\eta']=(1.5,)    | resids[  9]=2.96e-08 cf=0.142
