ndofs=    440678: ['eta_0^p', 'omega']=(0.01, 0.01)    | resids[ 40]=8.71e-03 cf=0.955
ndofs=    440678: ['eta_0^p', 'omega']=(0.01, 0.067)   | resids[ 40]=3.63e-02 cf=0.968
ndofs=    440678: ['eta_0^p', 'omega']=(0.01, 0.125)   | resids[ 40]=5.22e-02 cf=0.983
ndofs=    440678: ['eta_0^p', 'omega']=(0.01, 0.182)   | resids[ 40]=6.55e-02 cf=0.993
ndofs=    440678: ['eta_0^p', 'omega']=(0.01, 0.239)   | resids[ 40]=7.73e-02 cf=0.997
ndofs=    440678: ['eta_0^p', 'omega']=(0.01, 0.297)   | resids[ 40]=8.43e-02 cf=0.999
ndofs=    440678: ['eta_0^p', 'omega']=(0.01, 0.354)   | resids[ 40]=8.88e-02 cf=0.999
ndofs=    440678: ['eta_0^p', 'omega']=(0.01, 0.412)   | resids[ 40]=9.12e-02 cf=0.999
ndofs=    440678: ['eta_0^p', 'omega']=(0.01, 0.469)   | resids[ 40]=9.19e-02 cf=0.999
ndofs=    440678: ['eta_0^p', 'omega']=(0.01, 0.526)   | resids[ 40]=9.16e-02 cf=0.999
ndofs=    440678: ['eta_0^p', 'omega']=(0.01, 0.584)   | resids[ 40]=9.06e-02 cf=0.999
ndofs=    440678: ['eta_0^p', 'omega']=(0.01, 0.641)   | resids[ 40]=8.97e-02 cf=0.999
ndofs=    440678: ['eta_0^p', 'omega']=(0.01, 0.698)   | resids[ 40]=8.92e-02 cf=0.999
ndofs=    440678: ['eta_0^p', 'omega']=(0.01, 0.756)   | resids[ 40]=8.89e-02 cf=1.000
ndofs=    440678: ['eta_0^p', 'omega']=(0.01, 0.813)   | resids[ 40]=8.84e-02 cf=0.999
ndofs=    440678: ['eta_0^p', 'omega']=(0.01, 0.871)   | resids[ 40]=8.61e-02 cf=0.998
ndofs=    440678: ['eta_0^p', 'omega']=(0.01, 0.928)   | resids[ 40]=7.97e-02 cf=0.996
ndofs=    440678: ['eta_0^p', 'omega']=(0.01, 0.985)   | resids[ 40]=6.74e-02 cf=0.993
ndofs=    440678: ['eta_0^p', 'omega']=(0.01, 1.043)   | resids[ 40]=5.20e-02 cf=0.991
ndofs=    440678: ['eta_0^p', 'omega']=(0.01, 1.1)     | resids[ 40]=4.09e-02 cf=0.990
ndofs=    440678: ['eta_0^p', 'omega']=(0.431, 0.01)   | resids[ 40]=4.50e-05 cf=0.839
ndofs=    440678: ['eta_0^p', 'omega']=(0.431, 0.067)  | resids[ 40]=3.97e-06 cf=0.710
ndofs=    440678: ['eta_0^p', 'omega']=(0.431, 0.125)  | resids[ 40]=3.19e-06 cf=0.723
ndofs=    440678: ['eta_0^p', 'omega']=(0.431, 0.182)  | resids[ 40]=2.58e-06 cf=0.733
ndofs=    440678: ['eta_0^p', 'omega']=(0.431, 0.239)  | resids[ 40]=2.44e-06 cf=0.732
ndofs=    440678: ['eta_0^p', 'omega']=(0.431, 0.297)  | resids[ 40]=2.28e-06 cf=0.720
ndofs=    440678: ['eta_0^p', 'omega']=(0.431, 0.354)  | resids[ 40]=2.90e-06 cf=0.749
ndofs=    440678: ['eta_0^p', 'omega']=(0.431, 0.412)  | resids[ 40]=3.83e-06 cf=0.770
ndofs=    440678: ['eta_0^p', 'omega']=(0.431, 0.469)  | resids[ 40]=4.30e-06 cf=0.753
ndofs=    440678: ['eta_0^p', 'omega']=(0.431, 0.526)  | resids[ 40]=4.68e-06 cf=0.727
ndofs=    440678: ['eta_0^p', 'omega']=(0.431, 0.584)  | resids[ 40]=4.83e-06 cf=0.710
ndofs=    440678: ['eta_0^p', 'omega']=(0.431, 0.641)  | resids[ 40]=4.99e-06 cf=0.702
ndofs=    440678: ['eta_0^p', 'omega']=(0.431, 0.698)  | resids[ 40]=5.73e-06 cf=0.722
ndofs=    440678: ['eta_0^p', 'omega']=(0.431, 0.756)  | resids[ 40]=7.18e-06 cf=0.748
ndofs=    440678: ['eta_0^p', 'omega']=(0.431, 0.813)  | resids[ 40]=9.22e-06 cf=0.777
ndofs=    440678: ['eta_0^p', 'omega']=(0.431, 0.871)  | resids[ 40]=1.17e-05 cf=0.802
ndofs=    440678: ['eta_0^p', 'omega']=(0.431, 0.928)  | resids[ 40]=1.35e-05 cf=0.814
ndofs=    440678: ['eta_0^p', 'omega']=(0.431, 0.985)  | resids[ 40]=1.37e-05 cf=0.815
ndofs=    440678: ['eta_0^p', 'omega']=(0.431, 1.043)  | resids[ 40]=1.45e-05 cf=0.823
ndofs=    440678: ['eta_0^p', 'omega']=(0.431, 1.1)    | resids[ 40]=1.91e-05 cf=0.827
ndofs=    440678: ['eta_0^p', 'omega']=(0.851, 0.01)   | resids[ 40]=2.78e-05 cf=0.829
ndofs=    440678: ['eta_0^p', 'omega']=(0.851, 0.067)  | resids[ 40]=1.05e-07 cf=0.673
ndofs=    440678: ['eta_0^p', 'omega']=(0.851, 0.125)  | resids[ 40]=3.13e-08 cf=0.638
ndofs=    440678: ['eta_0^p', 'omega']=(0.851, 0.182)  | resids[ 40]=1.62e-08 cf=0.642
ndofs=    440678: ['eta_0^p', 'omega']=(0.851, 0.239)  | resids[ 39]=1.62e-08 cf=0.631
ndofs=    440678: ['eta_0^p', 'omega']=(0.851, 0.297)  | resids[ 38]=1.58e-08 cf=0.609
ndofs=    440678: ['eta_0^p', 'omega']=(0.851, 0.354)  | resids[ 38]=1.40e-08 cf=0.621
ndofs=    440678: ['eta_0^p', 'omega']=(0.851, 0.412)  | resids[ 38]=1.49e-08 cf=0.639
ndofs=    440678: ['eta_0^p', 'omega']=(0.851, 0.469)  | resids[ 38]=1.36e-08 cf=0.621
ndofs=    440678: ['eta_0^p', 'omega']=(0.851, 0.526)  | resids[ 38]=1.38e-08 cf=0.607
ndofs=    440678: ['eta_0^p', 'omega']=(0.851, 0.584)  | resids[ 38]=1.39e-08 cf=0.602
ndofs=    440678: ['eta_0^p', 'omega']=(0.851, 0.641)  | resids[ 38]=1.38e-08 cf=0.602
ndofs=    440678: ['eta_0^p', 'omega']=(0.851, 0.698)  | resids[ 38]=1.37e-08 cf=0.596
ndofs=    440678: ['eta_0^p', 'omega']=(0.851, 0.756)  | resids[ 39]=1.13e-08 cf=0.629
ndofs=    440678: ['eta_0^p', 'omega']=(0.851, 0.813)  | resids[ 40]=1.01e-08 cf=0.659
ndofs=    440678: ['eta_0^p', 'omega']=(0.851, 0.871)  | resids[ 40]=1.31e-08 cf=0.668
ndofs=    440678: ['eta_0^p', 'omega']=(0.851, 0.928)  | resids[ 40]=1.59e-08 cf=0.670
ndofs=    440678: ['eta_0^p', 'omega']=(0.851, 0.985)  | resids[ 40]=1.73e-08 cf=0.668
ndofs=    440678: ['eta_0^p', 'omega']=(0.851, 1.043)  | resids[ 40]=2.06e-08 cf=0.674
ndofs=    440678: ['eta_0^p', 'omega']=(0.851, 1.1)    | resids[ 40]=1.32e-06 cf=0.705
ndofs=    440678: ['eta_0^p', 'omega']=(1.272, 0.01)   | resids[ 40]=2.39e-05 cf=0.838
ndofs=    440678: ['eta_0^p', 'omega']=(1.272, 0.067)  | resids[ 40]=4.59e-08 cf=0.678
ndofs=    440678: ['eta_0^p', 'omega']=(1.272, 0.125)  | resids[ 35]=1.58e-08 cf=0.603
ndofs=    440678: ['eta_0^p', 'omega']=(1.272, 0.182)  | resids[ 34]=1.11e-08 cf=0.578
ndofs=    440678: ['eta_0^p', 'omega']=(1.272, 0.239)  | resids[ 32]=1.70e-08 cf=0.569
ndofs=    440678: ['eta_0^p', 'omega']=(1.272, 0.297)  | resids[ 31]=1.77e-08 cf=0.565
ndofs=    440678: ['eta_0^p', 'omega']=(1.272, 0.354)  | resids[ 31]=1.14e-08 cf=0.548
ndofs=    440678: ['eta_0^p', 'omega']=(1.272, 0.412)  | resids[ 30]=1.40e-08 cf=0.534
ndofs=    440678: ['eta_0^p', 'omega']=(1.272, 0.469)  | resids[ 30]=1.30e-08 cf=0.544
ndofs=    440678: ['eta_0^p', 'omega']=(1.272, 0.526)  | resids[ 30]=1.32e-08 cf=0.555
ndofs=    440678: ['eta_0^p', 'omega']=(1.272, 0.584)  | resids[ 30]=1.40e-08 cf=0.561
ndofs=    440678: ['eta_0^p', 'omega']=(1.272, 0.641)  | resids[ 30]=1.44e-08 cf=0.559
ndofs=    440678: ['eta_0^p', 'omega']=(1.272, 0.698)  | resids[ 30]=1.37e-08 cf=0.543
ndofs=    440678: ['eta_0^p', 'omega']=(1.272, 0.756)  | resids[ 30]=1.38e-08 cf=0.529
ndofs=    440678: ['eta_0^p', 'omega']=(1.272, 0.813)  | resids[ 30]=1.55e-08 cf=0.523
ndofs=    440678: ['eta_0^p', 'omega']=(1.272, 0.871)  | resids[ 30]=1.82e-08 cf=0.522
ndofs=    440678: ['eta_0^p', 'omega']=(1.272, 0.928)  | resids[ 31]=1.12e-08 cf=0.526
ndofs=    440678: ['eta_0^p', 'omega']=(1.272, 0.985)  | resids[ 31]=1.19e-08 cf=0.535
ndofs=    440678: ['eta_0^p', 'omega']=(1.272, 1.043)  | resids[ 31]=1.41e-08 cf=0.545
ndofs=    440678: ['eta_0^p', 'omega']=(1.272, 1.1)    | resids[ 40]=5.21e-07 cf=0.618
ndofs=    440678: ['eta_0^p', 'omega']=(1.692, 0.01)   | resids[ 40]=1.92e-05 cf=0.844
ndofs=    440678: ['eta_0^p', 'omega']=(1.692, 0.067)  | resids[ 40]=3.48e-08 cf=0.679
ndofs=    440678: ['eta_0^p', 'omega']=(1.692, 0.125)  | resids[ 33]=1.34e-08 cf=0.583
ndofs=    440678: ['eta_0^p', 'omega']=(1.692, 0.182)  | resids[ 30]=1.10e-08 cf=0.533
ndofs=    440678: ['eta_0^p', 'omega']=(1.692, 0.239)  | resids[ 28]=1.65e-08 cf=0.513
ndofs=    440678: ['eta_0^p', 'omega']=(1.692, 0.297)  | resids[ 27]=1.61e-08 cf=0.488
ndofs=    440678: ['eta_0^p', 'omega']=(1.692, 0.354)  | resids[ 26]=1.94e-08 cf=0.479
ndofs=    440678: ['eta_0^p', 'omega']=(1.692, 0.412)  | resids[ 26]=1.27e-08 cf=0.473
ndofs=    440678: ['eta_0^p', 'omega']=(1.692, 0.469)  | resids[ 25]=1.92e-08 cf=0.480
ndofs=    440678: ['eta_0^p', 'omega']=(1.692, 0.526)  | resids[ 25]=1.64e-08 cf=0.476
ndofs=    440678: ['eta_0^p', 'omega']=(1.692, 0.584)  | resids[ 25]=1.52e-08 cf=0.479
ndofs=    440678: ['eta_0^p', 'omega']=(1.692, 0.641)  | resids[ 25]=1.58e-08 cf=0.490
ndofs=    440678: ['eta_0^p', 'omega']=(1.692, 0.698)  | resids[ 25]=1.76e-08 cf=0.503
ndofs=    440678: ['eta_0^p', 'omega']=(1.692, 0.756)  | resids[ 25]=1.97e-08 cf=0.510
ndofs=    440678: ['eta_0^p', 'omega']=(1.692, 0.813)  | resids[ 26]=1.09e-08 cf=0.495
ndofs=    440678: ['eta_0^p', 'omega']=(1.692, 0.871)  | resids[ 26]=1.26e-08 cf=0.501
ndofs=    440678: ['eta_0^p', 'omega']=(1.692, 0.928)  | resids[ 26]=1.38e-08 cf=0.503
ndofs=    440678: ['eta_0^p', 'omega']=(1.692, 0.985)  | resids[ 26]=1.44e-08 cf=0.504
ndofs=    440678: ['eta_0^p', 'omega']=(1.692, 1.043)  | resids[ 26]=1.75e-08 cf=0.513
ndofs=    440678: ['eta_0^p', 'omega']=(1.692, 1.1)    | resids[ 40]=3.43e-07 cf=0.549
ndofs=    440678: ['eta_0^p', 'omega']=(2.113, 0.01)   | resids[ 40]=1.77e-05 cf=0.848
ndofs=    440678: ['eta_0^p', 'omega']=(2.113, 0.067)  | resids[ 40]=3.54e-08 cf=0.697
ndofs=    440678: ['eta_0^p', 'omega']=(2.113, 0.125)  | resids[ 33]=1.09e-08 cf=0.569
ndofs=    440678: ['eta_0^p', 'omega']=(2.113, 0.182)  | resids[ 28]=1.39e-08 cf=0.532
ndofs=    440678: ['eta_0^p', 'omega']=(2.113, 0.239)  | resids[ 26]=1.11e-08 cf=0.476
ndofs=    440678: ['eta_0^p', 'omega']=(2.113, 0.297)  | resids[ 25]=1.07e-08 cf=0.480
ndofs=    440678: ['eta_0^p', 'omega']=(2.113, 0.354)  | resids[ 24]=1.24e-08 cf=0.469
ndofs=    440678: ['eta_0^p', 'omega']=(2.113, 0.412)  | resids[ 23]=1.50e-08 cf=0.447
ndofs=    440678: ['eta_0^p', 'omega']=(2.113, 0.469)  | resids[ 23]=1.05e-08 cf=0.440
ndofs=    440678: ['eta_0^p', 'omega']=(2.113, 0.526)  | resids[ 22]=1.90e-08 cf=0.434
ndofs=    440678: ['eta_0^p', 'omega']=(2.113, 0.584)  | resids[ 22]=1.58e-08 cf=0.431
ndofs=    440678: ['eta_0^p', 'omega']=(2.113, 0.641)  | resids[ 22]=1.52e-08 cf=0.436
ndofs=    440678: ['eta_0^p', 'omega']=(2.113, 0.698)  | resids[ 22]=1.63e-08 cf=0.441
ndofs=    440678: ['eta_0^p', 'omega']=(2.113, 0.756)  | resids[ 22]=1.82e-08 cf=0.442
ndofs=    440678: ['eta_0^p', 'omega']=(2.113, 0.813)  | resids[ 22]=2.05e-08 cf=0.441
ndofs=    440678: ['eta_0^p', 'omega']=(2.113, 0.871)  | resids[ 23]=1.10e-08 cf=0.451
ndofs=    440678: ['eta_0^p', 'omega']=(2.113, 0.928)  | resids[ 23]=1.27e-08 cf=0.458
ndofs=    440678: ['eta_0^p', 'omega']=(2.113, 0.985)  | resids[ 23]=1.40e-08 cf=0.463
ndofs=    440678: ['eta_0^p', 'omega']=(2.113, 1.043)  | resids[ 23]=1.79e-08 cf=0.468
ndofs=    440678: ['eta_0^p', 'omega']=(2.113, 1.1)    | resids[ 40]=5.90e-07 cf=0.556
ndofs=    440678: ['eta_0^p', 'omega']=(2.533, 0.01)   | resids[ 40]=1.75e-05 cf=0.834
ndofs=    440678: ['eta_0^p', 'omega']=(2.533, 0.067)  | resids[ 40]=4.10e-08 cf=0.694
ndofs=    440678: ['eta_0^p', 'omega']=(2.533, 0.125)  | resids[ 33]=1.14e-08 cf=0.586
ndofs=    440678: ['eta_0^p', 'omega']=(2.533, 0.182)  | resids[ 28]=1.23e-08 cf=0.535
ndofs=    440678: ['eta_0^p', 'omega']=(2.533, 0.239)  | resids[ 24]=1.94e-08 cf=0.492
ndofs=    440678: ['eta_0^p', 'omega']=(2.533, 0.297)  | resids[ 23]=1.22e-08 cf=0.454
ndofs=    440678: ['eta_0^p', 'omega']=(2.533, 0.354)  | resids[ 22]=1.26e-08 cf=0.437
ndofs=    440678: ['eta_0^p', 'omega']=(2.533, 0.412)  | resids[ 21]=1.52e-08 cf=0.416
ndofs=    440678: ['eta_0^p', 'omega']=(2.533, 0.469)  | resids[ 20]=2.05e-08 cf=0.396
ndofs=    440678: ['eta_0^p', 'omega']=(2.533, 0.526)  | resids[ 20]=1.52e-08 cf=0.389
ndofs=    440678: ['eta_0^p', 'omega']=(2.533, 0.584)  | resids[ 20]=1.49e-08 cf=0.393
ndofs=    440678: ['eta_0^p', 'omega']=(2.533, 0.641)  | resids[ 20]=1.67e-08 cf=0.396
ndofs=    440678: ['eta_0^p', 'omega']=(2.533, 0.698)  | resids[ 20]=1.97e-08 cf=0.396
ndofs=    440678: ['eta_0^p', 'omega']=(2.533, 0.756)  | resids[ 21]=1.10e-08 cf=0.413
ndofs=    440678: ['eta_0^p', 'omega']=(2.533, 0.813)  | resids[ 21]=1.37e-08 cf=0.417
ndofs=    440678: ['eta_0^p', 'omega']=(2.533, 0.871)  | resids[ 21]=1.77e-08 cf=0.426
ndofs=    440678: ['eta_0^p', 'omega']=(2.533, 0.928)  | resids[ 21]=2.21e-08 cf=0.437
ndofs=    440678: ['eta_0^p', 'omega']=(2.533, 0.985)  | resids[ 22]=1.15e-08 cf=0.447
ndofs=    440678: ['eta_0^p', 'omega']=(2.533, 1.043)  | resids[ 22]=1.62e-08 cf=0.442
ndofs=    440678: ['eta_0^p', 'omega']=(2.533, 1.1)    | resids[ 40]=2.00e-06 cf=0.586
ndofs=    440678: ['eta_0^p', 'omega']=(2.954, 0.01)   | resids[ 40]=1.91e-05 cf=0.845
ndofs=    440678: ['eta_0^p', 'omega']=(2.954, 0.067)  | resids[ 40]=6.14e-08 cf=0.716
ndofs=    440678: ['eta_0^p', 'omega']=(2.954, 0.125)  | resids[ 33]=1.35e-08 cf=0.575
ndofs=    440678: ['eta_0^p', 'omega']=(2.954, 0.182)  | resids[ 28]=1.30e-08 cf=0.545
ndofs=    440678: ['eta_0^p', 'omega']=(2.954, 0.239)  | resids[ 24]=1.86e-08 cf=0.507
ndofs=    440678: ['eta_0^p', 'omega']=(2.954, 0.297)  | resids[ 22]=1.42e-08 cf=0.464
ndofs=    440678: ['eta_0^p', 'omega']=(2.954, 0.354)  | resids[ 20]=1.88e-08 cf=0.403
ndofs=    440678: ['eta_0^p', 'omega']=(2.954, 0.412)  | resids[ 19]=2.14e-08 cf=0.378
ndofs=    440678: ['eta_0^p', 'omega']=(2.954, 0.469)  | resids[ 19]=1.28e-08 cf=0.368
ndofs=    440678: ['eta_0^p', 'omega']=(2.954, 0.526)  | resids[ 19]=1.13e-08 cf=0.366
ndofs=    440678: ['eta_0^p', 'omega']=(2.954, 0.584)  | resids[ 19]=1.40e-08 cf=0.372
ndofs=    440678: ['eta_0^p', 'omega']=(2.954, 0.641)  | resids[ 19]=1.91e-08 cf=0.378
ndofs=    440678: ['eta_0^p', 'omega']=(2.954, 0.698)  | resids[ 20]=1.15e-08 cf=0.392
ndofs=    440678: ['eta_0^p', 'omega']=(2.954, 0.756)  | resids[ 20]=1.75e-08 cf=0.402
ndofs=    440678: ['eta_0^p', 'omega']=(2.954, 0.813)  | resids[ 21]=1.36e-08 cf=0.423
ndofs=    440678: ['eta_0^p', 'omega']=(2.954, 0.871)  | resids[ 22]=1.27e-08 cf=0.443
ndofs=    440678: ['eta_0^p', 'omega']=(2.954, 0.928)  | resids[ 23]=1.40e-08 cf=0.459
ndofs=    440678: ['eta_0^p', 'omega']=(2.954, 0.985)  | resids[ 24]=1.65e-08 cf=0.486
ndofs=    440678: ['eta_0^p', 'omega']=(2.954, 1.043)  | resids[ 25]=1.58e-08 cf=0.492
ndofs=    440678: ['eta_0^p', 'omega']=(2.954, 1.1)    | resids[ 40]=9.32e-06 cf=0.631
ndofs=    440678: ['eta_0^p', 'omega']=(3.374, 0.01)   | resids[ 40]=2.04e-05 cf=0.849
ndofs=    440678: ['eta_0^p', 'omega']=(3.374, 0.067)  | resids[ 40]=1.03e-07 cf=0.735
ndofs=    440678: ['eta_0^p', 'omega']=(3.374, 0.125)  | resids[ 34]=1.36e-08 cf=0.595
ndofs=    440678: ['eta_0^p', 'omega']=(3.374, 0.182)  | resids[ 28]=1.82e-08 cf=0.551
ndofs=    440678: ['eta_0^p', 'omega']=(3.374, 0.239)  | resids[ 25]=1.10e-08 cf=0.524
ndofs=    440678: ['eta_0^p', 'omega']=(3.374, 0.297)  | resids[ 22]=1.34e-08 cf=0.464
ndofs=    440678: ['eta_0^p', 'omega']=(3.374, 0.354)  | resids[ 20]=1.26e-08 cf=0.411
ndofs=    440678: ['eta_0^p', 'omega']=(3.374, 0.412)  | resids[ 18]=2.42e-08 cf=0.368
ndofs=    440678: ['eta_0^p', 'omega']=(3.374, 0.469)  | resids[ 18]=1.50e-08 cf=0.357
ndofs=    440678: ['eta_0^p', 'omega']=(3.374, 0.526)  | resids[ 18]=1.82e-08 cf=0.365
ndofs=    440678: ['eta_0^p', 'omega']=(3.374, 0.584)  | resids[ 19]=1.18e-08 cf=0.384
ndofs=    440678: ['eta_0^p', 'omega']=(3.374, 0.641)  | resids[ 19]=2.11e-08 cf=0.394
ndofs=    440678: ['eta_0^p', 'omega']=(3.374, 0.698)  | resids[ 20]=1.64e-08 cf=0.409
ndofs=    440678: ['eta_0^p', 'omega']=(3.374, 0.756)  | resids[ 21]=1.70e-08 cf=0.417
ndofs=    440678: ['eta_0^p', 'omega']=(3.374, 0.813)  | resids[ 23]=1.66e-08 cf=0.463
ndofs=    440678: ['eta_0^p', 'omega']=(3.374, 0.871)  | resids[ 26]=1.04e-08 cf=0.491
ndofs=    440678: ['eta_0^p', 'omega']=(3.374, 0.928)  | resids[ 28]=1.82e-08 cf=0.540
ndofs=    440678: ['eta_0^p', 'omega']=(3.374, 0.985)  | resids[ 32]=1.04e-08 cf=0.579
ndofs=    440678: ['eta_0^p', 'omega']=(3.374, 1.043)  | resids[ 35]=1.38e-08 cf=0.617
ndofs=    440678: ['eta_0^p', 'omega']=(3.374, 1.1)    | resids[ 40]=4.26e-05 cf=0.687
ndofs=    440678: ['eta_0^p', 'omega']=(3.795, 0.01)   | resids[ 40]=2.27e-05 cf=0.852
ndofs=    440678: ['eta_0^p', 'omega']=(3.795, 0.067)  | resids[ 40]=1.58e-07 cf=0.740
ndofs=    440678: ['eta_0^p', 'omega']=(3.795, 0.125)  | resids[ 36]=1.06e-08 cf=0.614
ndofs=    440678: ['eta_0^p', 'omega']=(3.795, 0.182)  | resids[ 29]=1.63e-08 cf=0.575
ndofs=    440678: ['eta_0^p', 'omega']=(3.795, 0.239)  | resids[ 25]=1.56e-08 cf=0.532
ndofs=    440678: ['eta_0^p', 'omega']=(3.795, 0.297)  | resids[ 22]=1.76e-08 cf=0.476
ndofs=    440678: ['eta_0^p', 'omega']=(3.795, 0.354)  | resids[ 20]=1.29e-08 cf=0.410
ndofs=    440678: ['eta_0^p', 'omega']=(3.795, 0.412)  | resids[ 18]=2.35e-08 cf=0.383
ndofs=    440678: ['eta_0^p', 'omega']=(3.795, 0.469)  | resids[ 18]=1.24e-08 cf=0.362
ndofs=    440678: ['eta_0^p', 'omega']=(3.795, 0.526)  | resids[ 18]=1.85e-08 cf=0.374
ndofs=    440678: ['eta_0^p', 'omega']=(3.795, 0.584)  | resids[ 19]=1.42e-08 cf=0.389
ndofs=    440678: ['eta_0^p', 'omega']=(3.795, 0.641)  | resids[ 20]=1.39e-08 cf=0.409
ndofs=    440678: ['eta_0^p', 'omega']=(3.795, 0.698)  | resids[ 21]=1.67e-08 cf=0.437
ndofs=    440678: ['eta_0^p', 'omega']=(3.795, 0.756)  | resids[ 23]=1.62e-08 cf=0.451
ndofs=    440678: ['eta_0^p', 'omega']=(3.795, 0.813)  | resids[ 27]=1.03e-08 cf=0.497
ndofs=    440678: ['eta_0^p', 'omega']=(3.795, 0.871)  | resids[ 32]=1.12e-08 cf=0.581
ndofs=    440678: ['eta_0^p', 'omega']=(3.795, 0.928)  | resids[ 40]=1.13e-08 cf=0.669
ndofs=    440678: ['eta_0^p', 'omega']=(3.795, 0.985)  | resids[ 40]=5.56e-07 cf=0.736
ndofs=    440678: ['eta_0^p', 'omega']=(3.795, 1.043)  | resids[ 40]=4.88e-05 cf=0.813
ndofs=    440678: ['eta_0^p', 'omega']=(3.795, 1.1)    | resids[ 40]=1.73e-02 cf=0.904
ndofs=    440678: ['eta_0^p', 'omega']=(4.215, 0.01)   | resids[ 40]=2.41e-05 cf=0.860
ndofs=    440678: ['eta_0^p', 'omega']=(4.215, 0.067)  | resids[ 40]=2.67e-07 cf=0.745
ndofs=    440678: ['eta_0^p', 'omega']=(4.215, 0.125)  | resids[ 37]=1.24e-08 cf=0.633
ndofs=    440678: ['eta_0^p', 'omega']=(4.215, 0.182)  | resids[ 30]=1.58e-08 cf=0.589
ndofs=    440678: ['eta_0^p', 'omega']=(4.215, 0.239)  | resids[ 26]=1.34e-08 cf=0.528
ndofs=    440678: ['eta_0^p', 'omega']=(4.215, 0.297)  | resids[ 23]=1.23e-08 cf=0.498
ndofs=    440678: ['eta_0^p', 'omega']=(4.215, 0.354)  | resids[ 20]=1.78e-08 cf=0.421
ndofs=    440678: ['eta_0^p', 'omega']=(4.215, 0.412)  | resids[ 19]=1.17e-08 cf=0.390
ndofs=    440678: ['eta_0^p', 'omega']=(4.215, 0.469)  | resids[ 18]=1.58e-08 cf=0.370
ndofs=    440678: ['eta_0^p', 'omega']=(4.215, 0.526)  | resids[ 19]=1.02e-08 cf=0.383
ndofs=    440678: ['eta_0^p', 'omega']=(4.215, 0.584)  | resids[ 19]=2.42e-08 cf=0.404
ndofs=    440678: ['eta_0^p', 'omega']=(4.215, 0.641)  | resids[ 21]=1.40e-08 cf=0.436
ndofs=    440678: ['eta_0^p', 'omega']=(4.215, 0.698)  | resids[ 22]=2.03e-08 cf=0.448
ndofs=    440678: ['eta_0^p', 'omega']=(4.215, 0.756)  | resids[ 26]=1.27e-08 cf=0.510
ndofs=    440678: ['eta_0^p', 'omega']=(4.215, 0.813)  | resids[ 32]=1.13e-08 cf=0.584
ndofs=    440678: ['eta_0^p', 'omega']=(4.215, 0.871)  | resids[ 40]=4.34e-08 cf=0.676
ndofs=    440678: ['eta_0^p', 'omega']=(4.215, 0.928)  | resids[ 40]=2.50e-05 cf=0.808
ndofs=    440678: ['eta_0^p', 'omega']=(4.215, 0.985)  | resids[ 40]=4.19e-02 cf=0.981
ndofs=    440678: ['eta_0^p', 'omega']=(4.215, 1.043)  | resids[ 40]=3.07e-01 cf=1.000
ndofs=    440678: ['eta_0^p', 'omega']=(4.215, 1.1)    | resids[ 40]=2.44e-01 cf=1.000
ndofs=    440678: ['eta_0^p', 'omega']=(4.636, 0.01)   | resids[ 40]=2.49e-05 cf=0.867
ndofs=    440678: ['eta_0^p', 'omega']=(4.636, 0.067)  | resids[ 40]=4.22e-07 cf=0.770
ndofs=    440678: ['eta_0^p', 'omega']=(4.636, 0.125)  | resids[ 39]=1.04e-08 cf=0.695
ndofs=    440678: ['eta_0^p', 'omega']=(4.636, 0.182)  | resids[ 31]=1.56e-08 cf=0.598
ndofs=    440678: ['eta_0^p', 'omega']=(4.636, 0.239)  | resids[ 27]=1.16e-08 cf=0.540
ndofs=    440678: ['eta_0^p', 'omega']=(4.636, 0.297)  | resids[ 23]=1.88e-08 cf=0.511
ndofs=    440678: ['eta_0^p', 'omega']=(4.636, 0.354)  | resids[ 21]=1.38e-08 cf=0.459
ndofs=    440678: ['eta_0^p', 'omega']=(4.636, 0.412)  | resids[ 19]=1.76e-08 cf=0.403
ndofs=    440678: ['eta_0^p', 'omega']=(4.636, 0.469)  | resids[ 18]=2.50e-08 cf=0.383
ndofs=    440678: ['eta_0^p', 'omega']=(4.636, 0.526)  | resids[ 19]=1.69e-08 cf=0.401
ndofs=    440678: ['eta_0^p', 'omega']=(4.636, 0.584)  | resids[ 20]=1.99e-08 cf=0.423
ndofs=    440678: ['eta_0^p', 'omega']=(4.636, 0.641)  | resids[ 22]=1.44e-08 cf=0.442
ndofs=    440678: ['eta_0^p', 'omega']=(4.636, 0.698)  | resids[ 24]=1.85e-08 cf=0.476
ndofs=    440678: ['eta_0^p', 'omega']=(4.636, 0.756)  | resids[ 29]=1.58e-08 cf=0.556
ndofs=    440678: ['eta_0^p', 'omega']=(4.636, 0.813)  | resids[ 40]=1.84e-08 cf=0.686
ndofs=    440678: ['eta_0^p', 'omega']=(4.636, 0.871)  | resids[ 40]=2.53e-05 cf=0.815
ndofs=    440678: ['eta_0^p', 'omega']=(4.636, 0.928)  | resids[ 40]=9.99e-02 cf=0.999
ndofs=    440678: ['eta_0^p', 'omega']=(4.636, 0.985)  | resids[ 40]=3.79e-01 cf=0.999
ndofs=    440678: ['eta_0^p', 'omega']=(4.636, 1.043)  | resids[ 40]=3.22e-01 cf=0.999
ndofs=    440678: ['eta_0^p', 'omega']=(4.636, 1.1)    | resids[ 40]=2.77e-01 cf=0.999
ndofs=    440678: ['eta_0^p', 'omega']=(5.056, 0.01)   | resids[ 40]=2.70e-05 cf=0.881
ndofs=    440678: ['eta_0^p', 'omega']=(5.056, 0.067)  | resids[ 40]=6.50e-07 cf=0.767
ndofs=    440678: ['eta_0^p', 'omega']=(5.056, 0.125)  | resids[ 40]=1.08e-08 cf=0.677
ndofs=    440678: ['eta_0^p', 'omega']=(5.056, 0.182)  | resids[ 32]=1.44e-08 cf=0.593
ndofs=    440678: ['eta_0^p', 'omega']=(5.056, 0.239)  | resids[ 28]=1.06e-08 cf=0.548
ndofs=    440678: ['eta_0^p', 'omega']=(5.056, 0.297)  | resids[ 24]=1.45e-08 cf=0.524
ndofs=    440678: ['eta_0^p', 'omega']=(5.056, 0.354)  | resids[ 21]=1.98e-08 cf=0.467
ndofs=    440678: ['eta_0^p', 'omega']=(5.056, 0.412)  | resids[ 20]=1.07e-08 cf=0.421
ndofs=    440678: ['eta_0^p', 'omega']=(5.056, 0.469)  | resids[ 19]=1.60e-08 cf=0.400
ndofs=    440678: ['eta_0^p', 'omega']=(5.056, 0.526)  | resids[ 20]=1.19e-08 cf=0.417
ndofs=    440678: ['eta_0^p', 'omega']=(5.056, 0.584)  | resids[ 21]=1.94e-08 cf=0.448
ndofs=    440678: ['eta_0^p', 'omega']=(5.056, 0.641)  | resids[ 24]=1.13e-08 cf=0.466
ndofs=    440678: ['eta_0^p', 'omega']=(5.056, 0.698)  | resids[ 27]=1.38e-08 cf=0.521
ndofs=    440678: ['eta_0^p', 'omega']=(5.056, 0.756)  | resids[ 35]=1.05e-08 cf=0.631
ndofs=    440678: ['eta_0^p', 'omega']=(5.056, 0.813)  | resids[ 40]=2.91e-06 cf=0.788
ndofs=    440678: ['eta_0^p', 'omega']=(5.056, 0.871)  | resids[ 40]=4.73e-02 cf=0.997
ndofs=    440678: ['eta_0^p', 'omega']=(5.056, 0.928)  | resids[ 40]=4.02e-01 cf=0.999
ndofs=    440678: ['eta_0^p', 'omega']=(5.056, 0.985)  | resids[ 40]=3.93e-01 cf=1.000
ndofs=    440678: ['eta_0^p', 'omega']=(5.056, 1.043)  | resids[ 40]=3.54e-01 cf=0.999
ndofs=    440678: ['eta_0^p', 'omega']=(5.056, 1.1)    | resids[ 40]=3.13e-01 cf=1.000
ndofs=    440678: ['eta_0^p', 'omega']=(5.477, 0.01)   | resids[ 40]=3.26e-05 cf=0.908
ndofs=    440678: ['eta_0^p', 'omega']=(5.477, 0.067)  | resids[ 40]=8.66e-07 cf=0.777
ndofs=    440678: ['eta_0^p', 'omega']=(5.477, 0.125)  | resids[ 40]=1.79e-08 cf=0.683
ndofs=    440678: ['eta_0^p', 'omega']=(5.477, 0.182)  | resids[ 33]=1.32e-08 cf=0.582
ndofs=    440678: ['eta_0^p', 'omega']=(5.477, 0.239)  | resids[ 28]=1.78e-08 cf=0.561
ndofs=    440678: ['eta_0^p', 'omega']=(5.477, 0.297)  | resids[ 25]=1.22e-08 cf=0.546
ndofs=    440678: ['eta_0^p', 'omega']=(5.477, 0.354)  | resids[ 22]=1.58e-08 cf=0.492
ndofs=    440678: ['eta_0^p', 'omega']=(5.477, 0.412)  | resids[ 20]=1.61e-08 cf=0.433
ndofs=    440678: ['eta_0^p', 'omega']=(5.477, 0.469)  | resids[ 20]=1.03e-08 cf=0.415
ndofs=    440678: ['eta_0^p', 'omega']=(5.477, 0.526)  | resids[ 20]=2.01e-08 cf=0.432
ndofs=    440678: ['eta_0^p', 'omega']=(5.477, 0.584)  | resids[ 22]=1.79e-08 cf=0.451
ndofs=    440678: ['eta_0^p', 'omega']=(5.477, 0.641)  | resids[ 26]=1.47e-08 cf=0.511
ndofs=    440678: ['eta_0^p', 'omega']=(5.477, 0.698)  | resids[ 30]=1.70e-08 cf=0.554
ndofs=    440678: ['eta_0^p', 'omega']=(5.477, 0.756)  | resids[ 40]=3.52e-08 cf=0.681
ndofs=    440678: ['eta_0^p', 'omega']=(5.477, 0.813)  | resids[ 40]=1.31e-03 cf=0.969
ndofs=    440678: ['eta_0^p', 'omega']=(5.477, 0.871)  | resids[ 40]=3.10e-01 cf=0.998
ndofs=    440678: ['eta_0^p', 'omega']=(5.477, 0.928)  | resids[ 40]=4.19e-01 cf=1.000
ndofs=    440678: ['eta_0^p', 'omega']=(5.477, 0.985)  | resids[ 40]=4.22e-01 cf=1.000
ndofs=    440678: ['eta_0^p', 'omega']=(5.477, 1.043)  | resids[ 40]=3.68e-01 cf=1.000
ndofs=    440678: ['eta_0^p', 'omega']=(5.477, 1.1)    | resids[ 40]=3.42e-01 cf=0.999
ndofs=    440678: ['eta_0^p', 'omega']=(5.897, 0.01)   | resids[ 40]=3.55e-05 cf=0.906
ndofs=    440678: ['eta_0^p', 'omega']=(5.897, 0.067)  | resids[ 40]=1.11e-06 cf=0.782
ndofs=    440678: ['eta_0^p', 'omega']=(5.897, 0.125)  | resids[ 40]=2.92e-08 cf=0.700
ndofs=    440678: ['eta_0^p', 'omega']=(5.897, 0.182)  | resids[ 34]=1.42e-08 cf=0.606
ndofs=    440678: ['eta_0^p', 'omega']=(5.897, 0.239)  | resids[ 29]=1.49e-08 cf=0.559
ndofs=    440678: ['eta_0^p', 'omega']=(5.897, 0.297)  | resids[ 26]=1.05e-08 cf=0.546
ndofs=    440678: ['eta_0^p', 'omega']=(5.897, 0.354)  | resids[ 23]=1.24e-08 cf=0.508
ndofs=    440678: ['eta_0^p', 'omega']=(5.897, 0.412)  | resids[ 21]=1.27e-08 cf=0.460
ndofs=    440678: ['eta_0^p', 'omega']=(5.897, 0.469)  | resids[ 20]=1.61e-08 cf=0.426
ndofs=    440678: ['eta_0^p', 'omega']=(5.897, 0.526)  | resids[ 21]=1.68e-08 cf=0.449
ndofs=    440678: ['eta_0^p', 'omega']=(5.897, 0.584)  | resids[ 24]=1.16e-08 cf=0.473
ndofs=    440678: ['eta_0^p', 'omega']=(5.897, 0.641)  | resids[ 29]=1.07e-08 cf=0.523
ndofs=    440678: ['eta_0^p', 'omega']=(5.897, 0.698)  | resids[ 35]=1.19e-08 cf=0.596
ndofs=    440678: ['eta_0^p', 'omega']=(5.897, 0.756)  | resids[ 40]=2.02e-06 cf=0.771
ndofs=    440678: ['eta_0^p', 'omega']=(5.897, 0.813)  | resids[ 40]=6.10e-02 cf=0.995
ndofs=    440678: ['eta_0^p', 'omega']=(5.897, 0.871)  | resids[ 40]=4.00e-01 cf=1.000
ndofs=    440678: ['eta_0^p', 'omega']=(5.897, 0.928)  | resids[ 40]=4.40e-01 cf=1.000
ndofs=    440678: ['eta_0^p', 'omega']=(5.897, 0.985)  | resids[ 40]=4.31e-01 cf=1.000
ndofs=    440678: ['eta_0^p', 'omega']=(5.897, 1.043)  | resids[ 40]=3.93e-01 cf=1.000
ndofs=    440678: ['eta_0^p', 'omega']=(5.897, 1.1)    | resids[ 40]=3.80e-01 cf=0.999
ndofs=    440678: ['eta_0^p', 'omega']=(6.318, 0.01)   | resids[ 40]=3.64e-05 cf=0.877
ndofs=    440678: ['eta_0^p', 'omega']=(6.318, 0.067)  | resids[ 40]=1.45e-06 cf=0.792
ndofs=    440678: ['eta_0^p', 'omega']=(6.318, 0.125)  | resids[ 40]=4.32e-08 cf=0.708
ndofs=    440678: ['eta_0^p', 'omega']=(6.318, 0.182)  | resids[ 35]=1.45e-08 cf=0.619
ndofs=    440678: ['eta_0^p', 'omega']=(6.318, 0.239)  | resids[ 30]=1.31e-08 cf=0.582
ndofs=    440678: ['eta_0^p', 'omega']=(6.318, 0.297)  | resids[ 26]=1.64e-08 cf=0.559
ndofs=    440678: ['eta_0^p', 'omega']=(6.318, 0.354)  | resids[ 23]=2.01e-08 cf=0.523
ndofs=    440678: ['eta_0^p', 'omega']=(6.318, 0.412)  | resids[ 22]=1.02e-08 cf=0.485
ndofs=    440678: ['eta_0^p', 'omega']=(6.318, 0.469)  | resids[ 21]=1.19e-08 cf=0.445
ndofs=    440678: ['eta_0^p', 'omega']=(6.318, 0.526)  | resids[ 22]=1.64e-08 cf=0.476
ndofs=    440678: ['eta_0^p', 'omega']=(6.318, 0.584)  | resids[ 26]=1.11e-08 cf=0.499
ndofs=    440678: ['eta_0^p', 'omega']=(6.318, 0.641)  | resids[ 32]=1.43e-08 cf=0.569
ndofs=    440678: ['eta_0^p', 'omega']=(6.318, 0.698)  | resids[ 40]=1.76e-08 cf=0.632
ndofs=    440678: ['eta_0^p', 'omega']=(6.318, 0.756)  | resids[ 40]=2.63e-04 cf=0.915
ndofs=    440678: ['eta_0^p', 'omega']=(6.318, 0.813)  | resids[ 40]=2.27e-01 cf=1.000
ndofs=    440678: ['eta_0^p', 'omega']=(6.318, 0.871)  | resids[ 40]=3.97e-01 cf=1.000
ndofs=    440678: ['eta_0^p', 'omega']=(6.318, 0.928)  | resids[ 40]=4.39e-01 cf=1.000
ndofs=    440678: ['eta_0^p', 'omega']=(6.318, 0.985)  | resids[ 40]=4.37e-01 cf=1.000
ndofs=    440678: ['eta_0^p', 'omega']=(6.318, 1.043)  | resids[ 40]=4.12e-01 cf=1.000
ndofs=    440678: ['eta_0^p', 'omega']=(6.318, 1.1)    | resids[ 40]=4.11e-01 cf=0.999
ndofs=    440678: ['eta_0^p', 'omega']=(6.738, 0.01)   | resids[ 40]=4.23e-05 cf=0.866
ndofs=    440678: ['eta_0^p', 'omega']=(6.738, 0.067)  | resids[ 40]=1.94e-06 cf=0.799
ndofs=    440678: ['eta_0^p', 'omega']=(6.738, 0.125)  | resids[ 40]=6.59e-08 cf=0.719
ndofs=    440678: ['eta_0^p', 'omega']=(6.738, 0.182)  | resids[ 36]=1.56e-08 cf=0.649
ndofs=    440678: ['eta_0^p', 'omega']=(6.738, 0.239)  | resids[ 31]=1.18e-08 cf=0.596
ndofs=    440678: ['eta_0^p', 'omega']=(6.738, 0.297)  | resids[ 27]=1.32e-08 cf=0.555
ndofs=    440678: ['eta_0^p', 'omega']=(6.738, 0.354)  | resids[ 24]=1.57e-08 cf=0.541
ndofs=    440678: ['eta_0^p', 'omega']=(6.738, 0.412)  | resids[ 22]=1.53e-08 cf=0.497
ndofs=    440678: ['eta_0^p', 'omega']=(6.738, 0.469)  | resids[ 21]=1.80e-08 cf=0.455
ndofs=    440678: ['eta_0^p', 'omega']=(6.738, 0.526)  | resids[ 23]=1.61e-08 cf=0.500
ndofs=    440678: ['eta_0^p', 'omega']=(6.738, 0.584)  | resids[ 28]=1.25e-08 cf=0.513
ndofs=    440678: ['eta_0^p', 'omega']=(6.738, 0.641)  | resids[ 37]=1.15e-08 cf=0.614
ndofs=    440678: ['eta_0^p', 'omega']=(6.738, 0.698)  | resids[ 40]=5.12e-07 cf=0.688
ndofs=    440678: ['eta_0^p', 'omega']=(6.738, 0.756)  | resids[ 40]=1.24e-02 cf=0.984
ndofs=    440678: ['eta_0^p', 'omega']=(6.738, 0.813)  | resids[ 40]=3.40e-01 cf=1.000
ndofs=    440678: ['eta_0^p', 'omega']=(6.738, 0.871)  | resids[ 40]=3.88e-01 cf=0.999
ndofs=    440678: ['eta_0^p', 'omega']=(6.738, 0.928)  | resids[ 40]=4.23e-01 cf=0.999
ndofs=    440678: ['eta_0^p', 'omega']=(6.738, 0.985)  | resids[ 40]=4.34e-01 cf=1.000
ndofs=    440678: ['eta_0^p', 'omega']=(6.738, 1.043)  | resids[ 40]=4.21e-01 cf=1.000
ndofs=    440678: ['eta_0^p', 'omega']=(6.738, 1.1)    | resids[ 40]=4.28e-01 cf=0.999
ndofs=    440678: ['eta_0^p', 'omega']=(7.159, 0.01)   | resids[ 40]=4.76e-05 cf=0.852
ndofs=    440678: ['eta_0^p', 'omega']=(7.159, 0.067)  | resids[ 40]=2.30e-06 cf=0.798
ndofs=    440678: ['eta_0^p', 'omega']=(7.159, 0.125)  | resids[ 40]=8.98e-08 cf=0.722
ndofs=    440678: ['eta_0^p', 'omega']=(7.159, 0.182)  | resids[ 38]=1.04e-08 cf=0.681
ndofs=    440678: ['eta_0^p', 'omega']=(7.159, 0.239)  | resids[ 32]=1.05e-08 cf=0.590
ndofs=    440678: ['eta_0^p', 'omega']=(7.159, 0.297)  | resids[ 28]=1.03e-08 cf=0.556
ndofs=    440678: ['eta_0^p', 'omega']=(7.159, 0.354)  | resids[ 25]=1.12e-08 cf=0.544
ndofs=    440678: ['eta_0^p', 'omega']=(7.159, 0.412)  | resids[ 23]=1.18e-08 cf=0.517
ndofs=    440678: ['eta_0^p', 'omega']=(7.159, 0.469)  | resids[ 22]=1.49e-08 cf=0.483
ndofs=    440678: ['eta_0^p', 'omega']=(7.159, 0.526)  | resids[ 24]=1.37e-08 cf=0.509
ndofs=    440678: ['eta_0^p', 'omega']=(7.159, 0.584)  | resids[ 30]=1.59e-08 cf=0.539
ndofs=    440678: ['eta_0^p', 'omega']=(7.159, 0.641)  | resids[ 40]=3.98e-08 cf=0.646
ndofs=    440678: ['eta_0^p', 'omega']=(7.159, 0.698)  | resids[ 40]=2.84e-05 cf=0.773
ndofs=    440678: ['eta_0^p', 'omega']=(7.159, 0.756)  | resids[ 40]=7.62e-02 cf=0.996
ndofs=    440678: ['eta_0^p', 'omega']=(7.159, 0.813)  | resids[ 40]=3.65e-01 cf=0.999
ndofs=    440678: ['eta_0^p', 'omega']=(7.159, 0.871)  | resids[ 40]=3.71e-01 cf=0.998
ndofs=    440678: ['eta_0^p', 'omega']=(7.159, 0.928)  | resids[ 40]=4.06e-01 cf=0.998
ndofs=    440678: ['eta_0^p', 'omega']=(7.159, 0.985)  | resids[ 40]=4.31e-01 cf=1.000
ndofs=    440678: ['eta_0^p', 'omega']=(7.159, 1.043)  | resids[ 40]=4.34e-01 cf=1.000
ndofs=    440678: ['eta_0^p', 'omega']=(7.159, 1.1)    | resids[ 40]=4.41e-01 cf=0.999
ndofs=    440678: ['eta_0^p', 'omega']=(7.579, 0.01)   | resids[ 40]=5.14e-05 cf=0.837
ndofs=    440678: ['eta_0^p', 'omega']=(7.579, 0.067)  | resids[ 40]=2.92e-06 cf=0.806
ndofs=    440678: ['eta_0^p', 'omega']=(7.579, 0.125)  | resids[ 40]=1.16e-07 cf=0.727
ndofs=    440678: ['eta_0^p', 'omega']=(7.579, 0.182)  | resids[ 38]=1.58e-08 cf=0.694
ndofs=    440678: ['eta_0^p', 'omega']=(7.579, 0.239)  | resids[ 32]=1.54e-08 cf=0.599
ndofs=    440678: ['eta_0^p', 'omega']=(7.579, 0.297)  | resids[ 28]=1.60e-08 cf=0.566
ndofs=    440678: ['eta_0^p', 'omega']=(7.579, 0.354)  | resids[ 25]=1.71e-08 cf=0.554
ndofs=    440678: ['eta_0^p', 'omega']=(7.579, 0.412)  | resids[ 23]=1.67e-08 cf=0.526
ndofs=    440678: ['eta_0^p', 'omega']=(7.579, 0.469)  | resids[ 23]=1.14e-08 cf=0.506
ndofs=    440678: ['eta_0^p', 'omega']=(7.579, 0.526)  | resids[ 25]=1.18e-08 cf=0.518
ndofs=    440678: ['eta_0^p', 'omega']=(7.579, 0.584)  | resids[ 33]=1.38e-08 cf=0.572
ndofs=    440678: ['eta_0^p', 'omega']=(7.579, 0.641)  | resids[ 40]=7.81e-07 cf=0.691
ndofs=    440678: ['eta_0^p', 'omega']=(7.579, 0.698)  | resids[ 40]=1.10e-02 cf=0.947
ndofs=    440678: ['eta_0^p', 'omega']=(7.579, 0.756)  | resids[ 40]=1.26e-01 cf=0.995
ndofs=    440678: ['eta_0^p', 'omega']=(7.579, 0.813)  | resids[ 40]=3.54e-01 cf=0.999
ndofs=    440678: ['eta_0^p', 'omega']=(7.579, 0.871)  | resids[ 40]=3.62e-01 cf=0.998
ndofs=    440678: ['eta_0^p', 'omega']=(7.579, 0.928)  | resids[ 40]=3.96e-01 cf=0.998
ndofs=    440678: ['eta_0^p', 'omega']=(7.579, 0.985)  | resids[ 40]=4.35e-01 cf=1.000
ndofs=    440678: ['eta_0^p', 'omega']=(7.579, 1.043)  | resids[ 40]=4.53e-01 cf=1.000
ndofs=    440678: ['eta_0^p', 'omega']=(7.579, 1.1)    | resids[ 40]=4.52e-01 cf=0.999
ndofs=    440678: ['eta_0^p', 'omega']=(8.0, 0.01)     | resids[ 40]=5.42e-05 cf=0.823
ndofs=    440678: ['eta_0^p', 'omega']=(8.0, 0.067)    | resids[ 40]=3.90e-06 cf=0.812
ndofs=    440678: ['eta_0^p', 'omega']=(8.0, 0.125)    | resids[ 40]=1.54e-07 cf=0.733
ndofs=    440678: ['eta_0^p', 'omega']=(8.0, 0.182)    | resids[ 39]=1.40e-08 cf=0.690
ndofs=    440678: ['eta_0^p', 'omega']=(8.0, 0.239)    | resids[ 33]=1.38e-08 cf=0.601
ndofs=    440678: ['eta_0^p', 'omega']=(8.0, 0.297)    | resids[ 29]=1.42e-08 cf=0.579
ndofs=    440678: ['eta_0^p', 'omega']=(8.0, 0.354)    | resids[ 26]=1.30e-08 cf=0.544
ndofs=    440678: ['eta_0^p', 'omega']=(8.0, 0.412)    | resids[ 24]=1.13e-08 cf=0.531
ndofs=    440678: ['eta_0^p', 'omega']=(8.0, 0.469)    | resids[ 23]=1.68e-08 cf=0.514
ndofs=    440678: ['eta_0^p', 'omega']=(8.0, 0.526)    | resids[ 26]=1.04e-08 cf=0.523
ndofs=    440678: ['eta_0^p', 'omega']=(8.0, 0.584)    | resids[ 37]=1.18e-08 cf=0.618
ndofs=    440678: ['eta_0^p', 'omega']=(8.0, 0.641)    | resids[ 40]=2.45e-05 cf=0.752
ndofs=    440678: ['eta_0^p', 'omega']=(8.0, 0.698)    | resids[ 40]=7.17e-02 cf=0.994
ndofs=    440678: ['eta_0^p', 'omega']=(8.0, 0.756)    | resids[ 40]=1.71e-01 cf=0.996
ndofs=    440678: ['eta_0^p', 'omega']=(8.0, 0.813)    | resids[ 40]=3.40e-01 cf=0.998
ndofs=    440678: ['eta_0^p', 'omega']=(8.0, 0.871)    | resids[ 40]=3.66e-01 cf=0.998
ndofs=    440678: ['eta_0^p', 'omega']=(8.0, 0.928)    | resids[ 40]=3.99e-01 cf=0.998
ndofs=    440678: ['eta_0^p', 'omega']=(8.0, 0.985)    | resids[ 40]=4.45e-01 cf=0.999
ndofs=    440678: ['eta_0^p', 'omega']=(8.0, 1.043)    | resids[ 40]=4.74e-01 cf=1.000
ndofs=    440678: ['eta_0^p', 'omega']=(8.0, 1.1)      | resids[ 40]=4.66e-01 cf=0.999
