AMG Params:
{'type': 'monolithic', 'interpolation': {'type': 'algebraic', 'order': 'high', 'params': {'u': {'strength': ('evolution', {'epsilon': 4.0, 'k': 2}), 'min_coarse': 75}, 'p': {'agg_mat': ('stiffness', 0.0), 'smooth_mat': ('stiffness', 0.0), 'strength': ('evolution', {'epsilon': 4.0, 'k': 2}), 'min_coarse': 50}}}, 'relaxation': ('lsc', {'iterations': (2, 2), 'momentum': {'solver': 'chebyshev', 'solver_params': {'lower_bound': 0.125, 'upper_bound': 1.1, 'degree': 4, 'iterations': 1}}, 'continuity': {'operator': 'BBT', 'solver': 'chebyshev', 'solver_params': {'lower_bound': 0.125, 'upper_bound': 1.1, 'degree': 4, 'iterations': 1}}, 'transform': {'operator': 'BBT', 'solver': 'chebyshev', 'solver_params': {'lower_bound': 0.125, 'upper_bound': 1.1, 'degree': 4, 'iterations': 4}}}), 'levels': 10, 'coarse_grid_solve': 'splu'}

ndofs=        6934, resid[ 40]=8.45e-11: system_setup=1.51, mg_setup[lvls= 2]=0.47, solve[40]=0.35
ndofs=       15468, resid[ 38]=6.51e-11: system_setup=0.65, mg_setup[lvls= 2]=0.74, solve[38]=0.73
ndofs=       49072, resid[ 33]=9.29e-11: system_setup=1.66, mg_setup[lvls= 2]=2.67, solve[33]=2.30
ndofs=      112724, resid[ 29]=9.76e-11: system_setup=3.84, mg_setup[lvls= 2]=13.19, solve[29]=5.15
ndofs=      216024, resid[ 32]=4.35e-11: system_setup=7.57, mg_setup[lvls= 3]=9.06, solve[32]=12.42
ndofs=      368572, resid[ 31]=7.47e-11: system_setup=13.52, mg_setup[lvls= 3]=16.26, solve[31]=20.76
ndofs=      579968, resid[ 34]=7.75e-11: system_setup=21.67, mg_setup[lvls= 3]=27.33, solve[34]=38.93
ndofs=      859812, resid[ 33]=4.89e-11: system_setup=33.02, mg_setup[lvls= 3]=45.03, solve[33]=57.79
ndofs=     1217704, resid[ 35]=5.18e-11: system_setup=48.00, mg_setup[lvls= 3]=70.81, solve[35]=85.29
ndofs=     1663244, resid[ 36]=7.28e-11: system_setup=63.13, mg_setup[lvls= 3]=99.04, solve[36]=119.73
ndofs=     2206032, resid[ 39]=9.34e-11: system_setup=85.29, mg_setup[lvls= 3]=146.03, solve[39]=175.33
ndofs=     3223554, resid[ 44]=8.42e-11: system_setup=127.01, mg_setup[lvls= 3]=238.43, solve[44]=294.57
AMG Params:
{'type': 'monolithic', 'interpolation': {'type': 'algebraic', 'order': 'high', 'params': {'u': {'strength': ('evolution', {'epsilon': 4.0, 'k': 2}), 'min_coarse': 75}, 'p': {'agg_mat': ('stiffness', 0.0), 'smooth_mat': ('stiffness', 0.0), 'strength': ('evolution', {'epsilon': 4.0, 'k': 2}), 'min_coarse': 50}}}, 'relaxation': ('lsc', {'iterations': (2, 2), 'momentum': {'solver': 'chebyshev', 'solver_params': {'lower_bound': 0.125, 'upper_bound': 1.1, 'degree': 4, 'iterations': 1}}, 'continuity': {'operator': 'BBT', 'solver': 'chebyshev', 'solver_params': {'lower_bound': 0.125, 'upper_bound': 1.1, 'degree': 4, 'iterations': 1}}, 'transform': {'operator': 'BBT', 'solver': 'chebyshev', 'solver_params': {'lower_bound': 0.125, 'upper_bound': 1.1, 'degree': 16, 'iterations': 1}}}), 'levels': 10, 'coarse_grid_solve': 'splu'}

ndofs=        6934, resid[ 40]=7.58e-11: system_setup=1.45, mg_setup[lvls= 2]=0.42, solve[40]=0.14
ndofs=       15468, resid[ 37]=9.81e-11: system_setup=0.38, mg_setup[lvls= 2]=0.57, solve[37]=0.32
ndofs=       49072, resid[ 33]=8.22e-11: system_setup=1.06, mg_setup[lvls= 2]=1.53, solve[33]=0.98
ndofs=      112724, resid[ 29]=8.71e-11: system_setup=2.30, mg_setup[lvls= 2]=7.61, solve[29]=2.16
ndofs=      216024, resid[ 32]=3.98e-11: system_setup=4.41, mg_setup[lvls= 3]=4.20, solve[32]=5.54
