gmsh -2 flow_past_cyl_h_05.new -format msh2 -o flow_past_cyl_h_05.msh
Info    : Running 'gmsh -2 flow_past_cyl_h_05.new -format msh2 -o flow_past_cyl_h_05.msh' [Gmsh 4.8.4, 1 node, max. 1 thread]
Info    : Started on Thu Nov 10 11:58:13 2022
Info    : Reading 'flow_past_cyl_h_05.new'...
Info    : Done reading 'flow_past_cyl_h_05.new'
Info    : Meshing 1D...
Info    : [  0%] Meshing curve 1 (Line)
Info    : [ 20%] Meshing curve 2 (Line)
Info    : [ 30%] Meshing curve 3 (Line)
Info    : [ 40%] Meshing curve 4 (Line)
Info    : [ 50%] Meshing curve 5 (Ellipse)
Info    : [ 70%] Meshing curve 6 (Ellipse)
Info    : [ 80%] Meshing curve 7 (Ellipse)
Info    : [ 90%] Meshing curve 8 (Ellipse)
Info    : Done meshing 1D (Wall 0.00295791s, CPU 0.002958s)
Info    : Meshing 2D...
Info    : Meshing surface 11 (Plane, Frontal-Delaunay)
Info    : Done meshing 2D (Wall 0.847041s, CPU 0.834675s)
Info    : 23739 nodes 47485 elements
Info    : Writing 'flow_past_cyl_h_05.msh'...
Info    : Done writing 'flow_past_cyl_h_05.msh'
Info    : Stopped on Thu Nov 10 11:58:14 2022 (From start: Wall 0.923495s, CPU 1.03674s)

