generating meshes based on the flow_past_cyl.geo.

Running command: python mesh_set.py --geo geo_files/2D/flow_past_cyl.geo --h 9 --dim 2 --nmeshes 20 --max_elem 1000000000 --max_nodes 7000000 --ref_rate 2.2

   h         nodes          elements	time(s)
9.0000:	        33	        13	0.16 	(deleted)
4.5000:	        33	        13	0.15 	(deleted)
2.2500:	        33	        13	0.14 	(deleted)
1.1250:	        33	        13	0.13 	(deleted)
0.5625:	        53	        23	0.15 	(deleted)
0.2812:	        93	        43	0.15 	(deleted)
0.1406:	       209	       101	0.13 	(deleted)
0.0703:	       605	       299	0.16           
0.0352:	      1919	       956	0.20           
0.0229:	      4293	      2143	0.25           
0.0151:	      9563	      4778	0.32           
0.0100:	     21475	     10734	0.63           
0.0067:	     47483	     23738	1.15           
0.0045:	    104177	     52085	2.51           
0.0030:	    227869	    113931	7.16           
0.0020:	    500755	    250374	14.34           
0.0014:	   1102177	    551085	43.20           
0.0009:	   2422965	   1211479	86.29           
0.0006:	   5291817	   2645905	210.30           
0.0004:	  11577825	   5788909	515.67           


DATA=
{"h" : [0.1406, 0.0703, 0.0352, 0.02292, 0.01507, 0.01, 0.00666, 0.00446, 0.003, 0.00202, 0.00136, 0.00092, 0.00062, 0.00042], "nodes" : [209, 605, 1919, 4293, 9563, 21475, 47483, 104177, 227869, 500755, 1102177, 2422965, 5291817, 11577825], "elements" : [101, 299, 956, 2143, 4778, 10734, 23738, 52085, 113931, 250374, 551085, 1211479, 2645905, 5788909]}


