gmsh -2 flow_past_cyl_h_10.new -format msh2 -o flow_past_cyl_h_10.msh
Info    : Running 'gmsh -2 flow_past_cyl_h_10.new -format msh2 -o flow_past_cyl_h_10.msh' [Gmsh 4.8.4, 1 node, max. 1 thread]
Info    : Started on Thu Nov 10 11:59:10 2022
Info    : Reading 'flow_past_cyl_h_10.new'...
Info    : Done reading 'flow_past_cyl_h_10.new'
Info    : Meshing 1D...
Info    : [  0%] Meshing curve 1 (Line)
Info    : [ 20%] Meshing curve 2 (Line)
Info    : [ 30%] Meshing curve 3 (Line)
Info    : [ 40%] Meshing curve 4 (Line)
Info    : [ 50%] Meshing curve 5 (Ellipse)
Info    : [ 70%] Meshing curve 6 (Ellipse)
Info    : [ 80%] Meshing curve 7 (Ellipse)
Info    : [ 90%] Meshing curve 8 (Ellipse)
Info    : Done meshing 1D (Wall 0.0175726s, CPU 0.013923s)
Info    : Meshing 2D...
Info    : Meshing surface 11 (Plane, Frontal-Delaunay)
Info    : Done meshing 2D (Wall 74.3913s, CPU 73.3504s)
Info    : 1211459 nodes 2422925 elements
Info    : Writing 'flow_past_cyl_h_10.msh'...
Info    : Done writing 'flow_past_cyl_h_10.msh'
Info    : Stopped on Thu Nov 10 12:00:30 2022 (From start: Wall 80.1914s, CPU 79.1202s)

