gmsh -2 flow_past_cyl_h_00.new -format msh2 -o flow_past_cyl_h_00.msh
Info    : Running 'gmsh -2 flow_past_cyl_h_00.new -format msh2 -o flow_past_cyl_h_00.msh' [Gmsh 4.8.4, 1 node, max. 1 thread]
Info    : Started on Thu Nov 10 11:58:12 2022
Info    : Reading 'flow_past_cyl_h_00.new'...
Info    : Done reading 'flow_past_cyl_h_00.new'
Info    : Meshing 1D...
Info    : [  0%] Meshing curve 1 (Line)
Info    : [ 20%] Meshing curve 2 (Line)
Info    : [ 30%] Meshing curve 3 (Line)
Info    : [ 40%] Meshing curve 4 (Line)
Info    : [ 50%] Meshing curve 5 (Ellipse)
Info    : [ 70%] Meshing curve 6 (Ellipse)
Info    : [ 80%] Meshing curve 7 (Ellipse)
Info    : [ 90%] Meshing curve 8 (Ellipse)
Info    : Done meshing 1D (Wall 0.00126684s, CPU 0.001191s)
Info    : Meshing 2D...
Info    : Meshing surface 11 (Plane, Frontal-Delaunay)
Info    : Done meshing 2D (Wall 0.0105285s, CPU 0.01051s)
Info    : 299 nodes 605 elements
Info    : Writing 'flow_past_cyl_h_00.msh'...
Info    : Done writing 'flow_past_cyl_h_00.msh'
Info    : Stopped on Thu Nov 10 11:58:12 2022 (From start: Wall 0.0144468s, CPU 0.136821s)

