generating meshes based on the square.geo.

Running command: python mesh_set.py --geo geo_files/2D/square.geo --h 9 --dim 2 --nmeshes 20 --max_elem 1000000000 --max_nodes 7000000 --ref_rate 2.2

   h         nodes          elements	time(s)
9.0000:	        12	         5	0.15 	(deleted)
4.5000:	        12	         5	0.12 	(deleted)
2.2500:	        12	         5	0.15 	(deleted)
1.1250:	        12	         5	0.13 	(deleted)
0.5625:	        26	        12	0.15 	(deleted)
0.2812:	        62	        30	0.15 	(deleted)
0.1406:	       198	        98	0.12 	(deleted)
0.0703:	       610	       304	0.17           
0.0352:	      2108	      1053	0.20           
0.0231:	      4710	      2354	0.27           
0.0153:	     10352	      5175	0.41           
0.0102:	     22740	     11369	0.74           
0.0069:	     50054	     25026	1.54           
0.0046:	    110860	     55429	2.84           
0.0031:	    243826	    121912	8.61           
0.0021:	    539212	    269605	16.96           
0.0014:	   1184466	    592232	51.22           
0.0009:	   2604488	   1302243	124.51           
0.0006:	   5750968	   2875483	307.53           
0.0004:	  12786820	   6393409	645.89           


DATA=
{"h" : [0.1406, 0.0703, 0.0352, 0.02314, 0.01533, 0.01023, 0.00685, 0.0046, 0.00309, 0.00208, 0.0014, 0.00094, 0.00063, 0.00043], "nodes" : [198, 610, 2108, 4710, 10352, 22740, 50054, 110860, 243826, 539212, 1184466, 2604488, 5750968, 12786820], "elements" : [98, 304, 1053, 2354, 5175, 11369, 25026, 55429, 121912, 269605, 592232, 1302243, 2875483, 6393409]}


