gmsh -2 airfoil_h_01.new -format msh2 -o airfoil_h_01.msh
Info    : Running 'gmsh -2 airfoil_h_01.new -format msh2 -o airfoil_h_01.msh' [Gmsh 4.11.0, 1 node, max. 1 thread]
Info    : Started on Fri Jan 27 13:01:46 2023
Info    : Reading 'airfoil_h_01.new'...
Info    : Done reading 'airfoil_h_01.new'
Info    : Meshing 1D...
Info    : [  0%] Meshing curve 1 (Line)
Info    : [ 20%] Meshing curve 2 (Line)
Info    : [ 40%] Meshing curve 3 (Line)
Info    : [ 50%] Meshing curve 4 (Line)
Info    : [ 70%] Meshing curve 6 (Nurb)
Info    : [ 90%] Meshing curve 7 (Nurb)
Info    : Done meshing 1D (Wall 0.00951638s, CPU 0.009291s)
Info    : Meshing 2D...
Info    : Meshing surface 9 (Plane, Frontal-Delaunay)
Info    : Done meshing 2D (Wall 0.0272034s, CPU 0.026831s)
Info    : 1533 nodes 2476 elements
Info    : Writing 'airfoil_h_01.msh'...
Info    : Done writing 'airfoil_h_01.msh'
Info    : Stopped on Fri Jan 27 13:01:46 2023 (From start: Wall 0.048004s, CPU 0.166026s)

