gmsh -2 airfoil_h_05.new -format msh2 -o airfoil_h_05.msh
Info    : Running 'gmsh -2 airfoil_h_05.new -format msh2 -o airfoil_h_05.msh' [Gmsh 4.11.0, 1 node, max. 1 thread]
Info    : Started on Fri Jan 27 13:01:48 2023
Info    : Reading 'airfoil_h_05.new'...
Info    : Done reading 'airfoil_h_05.new'
Info    : Meshing 1D...
Info    : [  0%] Meshing curve 1 (Line)
Info    : [ 20%] Meshing curve 2 (Line)
Info    : [ 40%] Meshing curve 3 (Line)
Info    : [ 50%] Meshing curve 4 (Line)
Info    : [ 70%] Meshing curve 6 (Nurb)
Info    : [ 90%] Meshing curve 7 (Nurb)
Info    : Done meshing 1D (Wall 0.0198964s, CPU 0.019357s)
Info    : Meshing 2D...
Info    : Meshing surface 9 (Plane, Frontal-Delaunay)
Info    : Done meshing 2D (Wall 1.63306s, CPU 1.61955s)
Info    : 36329 nodes 72068 elements
Info    : Writing 'airfoil_h_05.msh'...
Info    : Done writing 'airfoil_h_05.msh'
Info    : Stopped on Fri Jan 27 13:01:50 2023 (From start: Wall 1.73465s, CPU 1.8348s)

