gmsh -2 airfoil_h_04.new -format msh2 -o airfoil_h_04.msh
Info    : Running 'gmsh -2 airfoil_h_04.new -format msh2 -o airfoil_h_04.msh' [Gmsh 4.8.4, 1 node, max. 1 thread]
Info    : Started on Mon Feb 13 16:26:37 2023
Info    : Reading 'airfoil_h_04.new'...
Info    : Done reading 'airfoil_h_04.new'
Info    : Meshing 1D...
Info    : [  0%] Meshing curve 1 (Line)
Info    : [ 20%] Meshing curve 2 (Line)
Info    : [ 40%] Meshing curve 3 (Line)
Info    : [ 50%] Meshing curve 4 (Line)
Info    : [ 70%] Meshing curve 6 (Nurb)
Info    : [ 90%] Meshing curve 7 (Nurb)
Info    : Done meshing 1D (Wall 0.0367193s, CPU 0.036351s)
Info    : Meshing 2D...
Info    : Meshing surface 9 (Plane, Frontal-Delaunay)
Info    : Done meshing 2D (Wall 5.0452s, CPU 5.02543s)
Info    : 10261 nodes 19932 elements
Info    : Writing 'airfoil_h_04.msh'...
Info    : Done writing 'airfoil_h_04.msh'
Info    : Stopped on Mon Feb 13 16:26:42 2023 (From start: Wall 5.11658s, CPU 5.24589s)

