ndofs=    440678: ['eta_0^p', 'omega']=(0.01, 0.01)    | resids[ 40]=7.71e-03 cf=0.923
ndofs=    440678: ['eta_0^p', 'omega']=(0.01, 0.067)   | resids[ 40]=2.82e-02 cf=0.968
ndofs=    440678: ['eta_0^p', 'omega']=(0.01, 0.125)   | resids[ 40]=2.93e-02 cf=0.957
ndofs=    440678: ['eta_0^p', 'omega']=(0.01, 0.182)   | resids[ 40]=2.90e-02 cf=0.951
ndofs=    440678: ['eta_0^p', 'omega']=(0.01, 0.239)   | resids[ 40]=2.75e-02 cf=0.949
ndofs=    440678: ['eta_0^p', 'omega']=(0.01, 0.297)   | resids[ 40]=2.56e-02 cf=0.946
ndofs=    440678: ['eta_0^p', 'omega']=(0.01, 0.354)   | resids[ 40]=2.39e-02 cf=0.936
ndofs=    440678: ['eta_0^p', 'omega']=(0.01, 0.412)   | resids[ 40]=2.26e-02 cf=0.936
ndofs=    440678: ['eta_0^p', 'omega']=(0.01, 0.469)   | resids[ 40]=2.14e-02 cf=0.933
ndofs=    440678: ['eta_0^p', 'omega']=(0.01, 0.526)   | resids[ 40]=2.07e-02 cf=0.935
ndofs=    440678: ['eta_0^p', 'omega']=(0.01, 0.584)   | resids[ 40]=2.03e-02 cf=0.937
ndofs=    440678: ['eta_0^p', 'omega']=(0.01, 0.641)   | resids[ 40]=1.99e-02 cf=0.936
ndofs=    440678: ['eta_0^p', 'omega']=(0.01, 0.698)   | resids[ 40]=1.96e-02 cf=0.936
ndofs=    440678: ['eta_0^p', 'omega']=(0.01, 0.756)   | resids[ 40]=1.96e-02 cf=0.936
ndofs=    440678: ['eta_0^p', 'omega']=(0.01, 0.813)   | resids[ 40]=1.96e-02 cf=0.937
ndofs=    440678: ['eta_0^p', 'omega']=(0.01, 0.871)   | resids[ 40]=1.98e-02 cf=0.939
ndofs=    440678: ['eta_0^p', 'omega']=(0.01, 0.928)   | resids[ 40]=1.97e-02 cf=0.941
ndofs=    440678: ['eta_0^p', 'omega']=(0.01, 0.985)   | resids[ 40]=1.82e-02 cf=0.947
ndofs=    440678: ['eta_0^p', 'omega']=(0.01, 1.043)   | resids[ 40]=1.51e-02 cf=0.953
ndofs=    440678: ['eta_0^p', 'omega']=(0.01, 1.1)     | resids[ 40]=1.20e-02 cf=0.962
ndofs=    440678: ['eta_0^p', 'omega']=(0.431, 0.01)   | resids[ 40]=2.32e-05 cf=0.822
ndofs=    440678: ['eta_0^p', 'omega']=(0.431, 0.067)  | resids[ 40]=1.33e-06 cf=0.667
ndofs=    440678: ['eta_0^p', 'omega']=(0.431, 0.125)  | resids[ 40]=7.06e-07 cf=0.671
ndofs=    440678: ['eta_0^p', 'omega']=(0.431, 0.182)  | resids[ 40]=4.37e-07 cf=0.677
ndofs=    440678: ['eta_0^p', 'omega']=(0.431, 0.239)  | resids[ 40]=2.67e-07 cf=0.659
ndofs=    440678: ['eta_0^p', 'omega']=(0.431, 0.297)  | resids[ 40]=1.67e-07 cf=0.649
ndofs=    440678: ['eta_0^p', 'omega']=(0.431, 0.354)  | resids[ 40]=1.25e-07 cf=0.648
ndofs=    440678: ['eta_0^p', 'omega']=(0.431, 0.412)  | resids[ 40]=9.90e-08 cf=0.645
ndofs=    440678: ['eta_0^p', 'omega']=(0.431, 0.469)  | resids[ 40]=8.06e-08 cf=0.638
ndofs=    440678: ['eta_0^p', 'omega']=(0.431, 0.526)  | resids[ 40]=7.19e-08 cf=0.635
ndofs=    440678: ['eta_0^p', 'omega']=(0.431, 0.584)  | resids[ 40]=6.59e-08 cf=0.633
ndofs=    440678: ['eta_0^p', 'omega']=(0.431, 0.641)  | resids[ 40]=6.18e-08 cf=0.633
ndofs=    440678: ['eta_0^p', 'omega']=(0.431, 0.698)  | resids[ 40]=5.86e-08 cf=0.632
ndofs=    440678: ['eta_0^p', 'omega']=(0.431, 0.756)  | resids[ 40]=5.49e-08 cf=0.627
ndofs=    440678: ['eta_0^p', 'omega']=(0.431, 0.813)  | resids[ 40]=5.62e-08 cf=0.626
ndofs=    440678: ['eta_0^p', 'omega']=(0.431, 0.871)  | resids[ 40]=6.31e-08 cf=0.626
ndofs=    440678: ['eta_0^p', 'omega']=(0.431, 0.928)  | resids[ 40]=8.42e-08 cf=0.631
ndofs=    440678: ['eta_0^p', 'omega']=(0.431, 0.985)  | resids[ 40]=1.16e-07 cf=0.637
ndofs=    440678: ['eta_0^p', 'omega']=(0.431, 1.043)  | resids[ 40]=1.53e-07 cf=0.645
ndofs=    440678: ['eta_0^p', 'omega']=(0.431, 1.1)    | resids[ 40]=2.94e-07 cf=0.630
ndofs=    440678: ['eta_0^p', 'omega']=(0.851, 0.01)   | resids[ 40]=1.56e-05 cf=0.835
ndofs=    440678: ['eta_0^p', 'omega']=(0.851, 0.067)  | resids[ 40]=2.66e-08 cf=0.646
ndofs=    440678: ['eta_0^p', 'omega']=(0.851, 0.125)  | resids[ 38]=1.52e-08 cf=0.610
ndofs=    440678: ['eta_0^p', 'omega']=(0.851, 0.182)  | resids[ 37]=1.16e-08 cf=0.600
ndofs=    440678: ['eta_0^p', 'omega']=(0.851, 0.239)  | resids[ 35]=1.56e-08 cf=0.583
ndofs=    440678: ['eta_0^p', 'omega']=(0.851, 0.297)  | resids[ 34]=1.39e-08 cf=0.574
ndofs=    440678: ['eta_0^p', 'omega']=(0.851, 0.354)  | resids[ 33]=1.50e-08 cf=0.555
ndofs=    440678: ['eta_0^p', 'omega']=(0.851, 0.412)  | resids[ 33]=1.09e-08 cf=0.557
ndofs=    440678: ['eta_0^p', 'omega']=(0.851, 0.469)  | resids[ 32]=1.46e-08 cf=0.546
ndofs=    440678: ['eta_0^p', 'omega']=(0.851, 0.526)  | resids[ 32]=1.17e-08 cf=0.541
ndofs=    440678: ['eta_0^p', 'omega']=(0.851, 0.584)  | resids[ 32]=1.05e-08 cf=0.540
ndofs=    440678: ['eta_0^p', 'omega']=(0.851, 0.641)  | resids[ 31]=1.84e-08 cf=0.542
ndofs=    440678: ['eta_0^p', 'omega']=(0.851, 0.698)  | resids[ 31]=1.69e-08 cf=0.537
ndofs=    440678: ['eta_0^p', 'omega']=(0.851, 0.756)  | resids[ 31]=1.66e-08 cf=0.534
ndofs=    440678: ['eta_0^p', 'omega']=(0.851, 0.813)  | resids[ 31]=1.70e-08 cf=0.535
ndofs=    440678: ['eta_0^p', 'omega']=(0.851, 0.871)  | resids[ 32]=1.05e-08 cf=0.532
ndofs=    440678: ['eta_0^p', 'omega']=(0.851, 0.928)  | resids[ 32]=1.44e-08 cf=0.541
ndofs=    440678: ['eta_0^p', 'omega']=(0.851, 0.985)  | resids[ 33]=1.13e-08 cf=0.553
ndofs=    440678: ['eta_0^p', 'omega']=(0.851, 1.043)  | resids[ 33]=1.62e-08 cf=0.563
ndofs=    440678: ['eta_0^p', 'omega']=(0.851, 1.1)    | resids[ 40]=9.95e-08 cf=0.575
ndofs=    440678: ['eta_0^p', 'omega']=(1.272, 0.01)   | resids[ 40]=1.06e-05 cf=0.808
ndofs=    440678: ['eta_0^p', 'omega']=(1.272, 0.067)  | resids[ 40]=1.21e-08 cf=0.653
ndofs=    440678: ['eta_0^p', 'omega']=(1.272, 0.125)  | resids[ 32]=1.52e-08 cf=0.558
ndofs=    440678: ['eta_0^p', 'omega']=(1.272, 0.182)  | resids[ 31]=1.07e-08 cf=0.527
ndofs=    440678: ['eta_0^p', 'omega']=(1.272, 0.239)  | resids[ 29]=1.79e-08 cf=0.518
ndofs=    440678: ['eta_0^p', 'omega']=(1.272, 0.297)  | resids[ 28]=1.70e-08 cf=0.504
ndofs=    440678: ['eta_0^p', 'omega']=(1.272, 0.354)  | resids[ 27]=1.95e-08 cf=0.493
ndofs=    440678: ['eta_0^p', 'omega']=(1.272, 0.412)  | resids[ 27]=1.20e-08 cf=0.478
ndofs=    440678: ['eta_0^p', 'omega']=(1.272, 0.469)  | resids[ 26]=1.82e-08 cf=0.485
ndofs=    440678: ['eta_0^p', 'omega']=(1.272, 0.526)  | resids[ 26]=1.32e-08 cf=0.474
ndofs=    440678: ['eta_0^p', 'omega']=(1.272, 0.584)  | resids[ 26]=1.14e-08 cf=0.471
ndofs=    440678: ['eta_0^p', 'omega']=(1.272, 0.641)  | resids[ 26]=1.04e-08 cf=0.471
ndofs=    440678: ['eta_0^p', 'omega']=(1.272, 0.698)  | resids[ 25]=2.16e-08 cf=0.495
ndofs=    440678: ['eta_0^p', 'omega']=(1.272, 0.756)  | resids[ 25]=2.13e-08 cf=0.494
ndofs=    440678: ['eta_0^p', 'omega']=(1.272, 0.813)  | resids[ 26]=1.02e-08 cf=0.467
ndofs=    440678: ['eta_0^p', 'omega']=(1.272, 0.871)  | resids[ 26]=1.22e-08 cf=0.470
ndofs=    440678: ['eta_0^p', 'omega']=(1.272, 0.928)  | resids[ 26]=1.65e-08 cf=0.480
ndofs=    440678: ['eta_0^p', 'omega']=(1.272, 0.985)  | resids[ 27]=1.05e-08 cf=0.477
ndofs=    440678: ['eta_0^p', 'omega']=(1.272, 1.043)  | resids[ 27]=1.47e-08 cf=0.482
ndofs=    440678: ['eta_0^p', 'omega']=(1.272, 1.1)    | resids[ 40]=1.18e-07 cf=0.647
ndofs=    440678: ['eta_0^p', 'omega']=(1.692, 0.01)   | resids[ 40]=9.73e-06 cf=0.855
ndofs=    440678: ['eta_0^p', 'omega']=(1.692, 0.067)  | resids[ 39]=1.41e-08 cf=0.678
ndofs=    440678: ['eta_0^p', 'omega']=(1.692, 0.125)  | resids[ 31]=1.05e-08 cf=0.545
ndofs=    440678: ['eta_0^p', 'omega']=(1.692, 0.182)  | resids[ 27]=1.66e-08 cf=0.502
ndofs=    440678: ['eta_0^p', 'omega']=(1.692, 0.239)  | resids[ 26]=1.29e-08 cf=0.486
ndofs=    440678: ['eta_0^p', 'omega']=(1.692, 0.297)  | resids[ 25]=1.22e-08 cf=0.486
ndofs=    440678: ['eta_0^p', 'omega']=(1.692, 0.354)  | resids[ 24]=1.41e-08 cf=0.471
ndofs=    440678: ['eta_0^p', 'omega']=(1.692, 0.412)  | resids[ 23]=1.91e-08 cf=0.463
ndofs=    440678: ['eta_0^p', 'omega']=(1.692, 0.469)  | resids[ 23]=1.20e-08 cf=0.450
ndofs=    440678: ['eta_0^p', 'omega']=(1.692, 0.526)  | resids[ 22]=2.01e-08 cf=0.442
ndofs=    440678: ['eta_0^p', 'omega']=(1.692, 0.584)  | resids[ 22]=1.54e-08 cf=0.436
ndofs=    440678: ['eta_0^p', 'omega']=(1.692, 0.641)  | resids[ 22]=1.32e-08 cf=0.432
ndofs=    440678: ['eta_0^p', 'omega']=(1.692, 0.698)  | resids[ 22]=1.22e-08 cf=0.427
ndofs=    440678: ['eta_0^p', 'omega']=(1.692, 0.756)  | resids[ 22]=1.27e-08 cf=0.426
ndofs=    440678: ['eta_0^p', 'omega']=(1.692, 0.813)  | resids[ 22]=1.41e-08 cf=0.425
ndofs=    440678: ['eta_0^p', 'omega']=(1.692, 0.871)  | resids[ 22]=1.68e-08 cf=0.424
ndofs=    440678: ['eta_0^p', 'omega']=(1.692, 0.928)  | resids[ 22]=2.09e-08 cf=0.423
ndofs=    440678: ['eta_0^p', 'omega']=(1.692, 0.985)  | resids[ 23]=1.23e-08 cf=0.434
ndofs=    440678: ['eta_0^p', 'omega']=(1.692, 1.043)  | resids[ 23]=2.06e-08 cf=0.446
ndofs=    440678: ['eta_0^p', 'omega']=(1.692, 1.1)    | resids[ 40]=1.49e-07 cf=0.666
ndofs=    440678: ['eta_0^p', 'omega']=(2.113, 0.01)   | resids[ 40]=8.57e-06 cf=0.856
ndofs=    440678: ['eta_0^p', 'omega']=(2.113, 0.067)  | resids[ 39]=1.29e-08 cf=0.677
ndofs=    440678: ['eta_0^p', 'omega']=(2.113, 0.125)  | resids[ 30]=1.39e-08 cf=0.552
ndofs=    440678: ['eta_0^p', 'omega']=(2.113, 0.182)  | resids[ 26]=1.28e-08 cf=0.514
ndofs=    440678: ['eta_0^p', 'omega']=(2.113, 0.239)  | resids[ 24]=1.11e-08 cf=0.476
ndofs=    440678: ['eta_0^p', 'omega']=(2.113, 0.297)  | resids[ 22]=2.37e-08 cf=0.454
ndofs=    440678: ['eta_0^p', 'omega']=(2.113, 0.354)  | resids[ 22]=1.07e-08 cf=0.434
ndofs=    440678: ['eta_0^p', 'omega']=(2.113, 0.412)  | resids[ 21]=1.28e-08 cf=0.412
ndofs=    440678: ['eta_0^p', 'omega']=(2.113, 0.469)  | resids[ 20]=1.46e-08 cf=0.379
ndofs=    440678: ['eta_0^p', 'omega']=(2.113, 0.526)  | resids[ 19]=2.55e-08 cf=0.367
ndofs=    440678: ['eta_0^p', 'omega']=(2.113, 0.584)  | resids[ 19]=1.90e-08 cf=0.364
ndofs=    440678: ['eta_0^p', 'omega']=(2.113, 0.641)  | resids[ 19]=1.63e-08 cf=0.360
ndofs=    440678: ['eta_0^p', 'omega']=(2.113, 0.698)  | resids[ 19]=1.54e-08 cf=0.353
ndofs=    440678: ['eta_0^p', 'omega']=(2.113, 0.756)  | resids[ 19]=1.76e-08 cf=0.351
ndofs=    440678: ['eta_0^p', 'omega']=(2.113, 0.813)  | resids[ 19]=2.42e-08 cf=0.356
ndofs=    440678: ['eta_0^p', 'omega']=(2.113, 0.871)  | resids[ 20]=1.39e-08 cf=0.367
ndofs=    440678: ['eta_0^p', 'omega']=(2.113, 0.928)  | resids[ 21]=1.07e-08 cf=0.395
ndofs=    440678: ['eta_0^p', 'omega']=(2.113, 0.985)  | resids[ 21]=1.72e-08 cf=0.400
ndofs=    440678: ['eta_0^p', 'omega']=(2.113, 1.043)  | resids[ 22]=1.42e-08 cf=0.417
ndofs=    440678: ['eta_0^p', 'omega']=(2.113, 1.1)    | resids[ 40]=2.84e-07 cf=0.656
ndofs=    440678: ['eta_0^p', 'omega']=(2.533, 0.01)   | resids[ 40]=8.49e-06 cf=0.851
ndofs=    440678: ['eta_0^p', 'omega']=(2.533, 0.067)  | resids[ 40]=1.05e-08 cf=0.680
ndofs=    440678: ['eta_0^p', 'omega']=(2.533, 0.125)  | resids[ 30]=1.50e-08 cf=0.575
ndofs=    440678: ['eta_0^p', 'omega']=(2.533, 0.182)  | resids[ 26]=1.17e-08 cf=0.532
ndofs=    440678: ['eta_0^p', 'omega']=(2.533, 0.239)  | resids[ 23]=1.18e-08 cf=0.484
ndofs=    440678: ['eta_0^p', 'omega']=(2.533, 0.297)  | resids[ 21]=1.51e-08 cf=0.425
ndofs=    440678: ['eta_0^p', 'omega']=(2.533, 0.354)  | resids[ 20]=1.30e-08 cf=0.387
ndofs=    440678: ['eta_0^p', 'omega']=(2.533, 0.412)  | resids[ 19]=1.65e-08 cf=0.373
ndofs=    440678: ['eta_0^p', 'omega']=(2.533, 0.469)  | resids[ 18]=2.36e-08 cf=0.356
ndofs=    440678: ['eta_0^p', 'omega']=(2.533, 0.526)  | resids[ 18]=1.32e-08 cf=0.338
ndofs=    440678: ['eta_0^p', 'omega']=(2.533, 0.584)  | resids[ 17]=2.47e-08 cf=0.325
ndofs=    440678: ['eta_0^p', 'omega']=(2.533, 0.641)  | resids[ 17]=2.08e-08 cf=0.319
ndofs=    440678: ['eta_0^p', 'omega']=(2.533, 0.698)  | resids[ 17]=2.30e-08 cf=0.319
ndofs=    440678: ['eta_0^p', 'omega']=(2.533, 0.756)  | resids[ 18]=1.08e-08 cf=0.326
ndofs=    440678: ['eta_0^p', 'omega']=(2.533, 0.813)  | resids[ 18]=1.79e-08 cf=0.335
ndofs=    440678: ['eta_0^p', 'omega']=(2.533, 0.871)  | resids[ 19]=1.01e-08 cf=0.338
ndofs=    440678: ['eta_0^p', 'omega']=(2.533, 0.928)  | resids[ 19]=1.95e-08 cf=0.354
ndofs=    440678: ['eta_0^p', 'omega']=(2.533, 0.985)  | resids[ 20]=1.47e-08 cf=0.370
ndofs=    440678: ['eta_0^p', 'omega']=(2.533, 1.043)  | resids[ 21]=1.82e-08 cf=0.409
ndofs=    440678: ['eta_0^p', 'omega']=(2.533, 1.1)    | resids[ 40]=8.39e-07 cf=0.648
ndofs=    440678: ['eta_0^p', 'omega']=(2.954, 0.01)   | resids[ 40]=9.67e-06 cf=0.838
ndofs=    440678: ['eta_0^p', 'omega']=(2.954, 0.067)  | resids[ 40]=2.23e-08 cf=0.696
ndofs=    440678: ['eta_0^p', 'omega']=(2.954, 0.125)  | resids[ 31]=1.42e-08 cf=0.585
ndofs=    440678: ['eta_0^p', 'omega']=(2.954, 0.182)  | resids[ 26]=1.57e-08 cf=0.541
ndofs=    440678: ['eta_0^p', 'omega']=(2.954, 0.239)  | resids[ 23]=1.39e-08 cf=0.495
ndofs=    440678: ['eta_0^p', 'omega']=(2.954, 0.297)  | resids[ 21]=1.25e-08 cf=0.453
ndofs=    440678: ['eta_0^p', 'omega']=(2.954, 0.354)  | resids[ 19]=1.64e-08 cf=0.376
ndofs=    440678: ['eta_0^p', 'omega']=(2.954, 0.412)  | resids[ 18]=1.82e-08 cf=0.358
ndofs=    440678: ['eta_0^p', 'omega']=(2.954, 0.469)  | resids[ 17]=2.29e-08 cf=0.336
ndofs=    440678: ['eta_0^p', 'omega']=(2.954, 0.526)  | resids[ 17]=1.08e-08 cf=0.316
ndofs=    440678: ['eta_0^p', 'omega']=(2.954, 0.584)  | resids[ 16]=1.82e-08 cf=0.298
ndofs=    440678: ['eta_0^p', 'omega']=(2.954, 0.641)  | resids[ 16]=1.45e-08 cf=0.290
ndofs=    440678: ['eta_0^p', 'omega']=(2.954, 0.698)  | resids[ 16]=2.03e-08 cf=0.297
ndofs=    440678: ['eta_0^p', 'omega']=(2.954, 0.756)  | resids[ 17]=1.03e-08 cf=0.305
ndofs=    440678: ['eta_0^p', 'omega']=(2.954, 0.813)  | resids[ 17]=1.85e-08 cf=0.314
ndofs=    440678: ['eta_0^p', 'omega']=(2.954, 0.871)  | resids[ 18]=1.13e-08 cf=0.321
ndofs=    440678: ['eta_0^p', 'omega']=(2.954, 0.928)  | resids[ 18]=2.76e-08 cf=0.343
ndofs=    440678: ['eta_0^p', 'omega']=(2.954, 0.985)  | resids[ 20]=1.05e-08 cf=0.373
ndofs=    440678: ['eta_0^p', 'omega']=(2.954, 1.043)  | resids[ 22]=1.31e-08 cf=0.442
ndofs=    440678: ['eta_0^p', 'omega']=(2.954, 1.1)    | resids[ 40]=1.82e-06 cf=0.584
ndofs=    440678: ['eta_0^p', 'omega']=(3.374, 0.01)   | resids[ 40]=1.12e-05 cf=0.841
ndofs=    440678: ['eta_0^p', 'omega']=(3.374, 0.067)  | resids[ 40]=4.87e-08 cf=0.735
ndofs=    440678: ['eta_0^p', 'omega']=(3.374, 0.125)  | resids[ 32]=1.65e-08 cf=0.593
ndofs=    440678: ['eta_0^p', 'omega']=(3.374, 0.182)  | resids[ 27]=1.44e-08 cf=0.544
ndofs=    440678: ['eta_0^p', 'omega']=(3.374, 0.239)  | resids[ 24]=1.05e-08 cf=0.518
ndofs=    440678: ['eta_0^p', 'omega']=(3.374, 0.297)  | resids[ 21]=1.49e-08 cf=0.454
ndofs=    440678: ['eta_0^p', 'omega']=(3.374, 0.354)  | resids[ 19]=1.79e-08 cf=0.410
ndofs=    440678: ['eta_0^p', 'omega']=(3.374, 0.412)  | resids[ 18]=1.19e-08 cf=0.357
ndofs=    440678: ['eta_0^p', 'omega']=(3.374, 0.469)  | resids[ 17]=1.11e-08 cf=0.324
ndofs=    440678: ['eta_0^p', 'omega']=(3.374, 0.526)  | resids[ 16]=1.54e-08 cf=0.302
ndofs=    440678: ['eta_0^p', 'omega']=(3.374, 0.584)  | resids[ 15]=3.04e-08 cf=0.293
ndofs=    440678: ['eta_0^p', 'omega']=(3.374, 0.641)  | resids[ 15]=2.95e-08 cf=0.294
ndofs=    440678: ['eta_0^p', 'omega']=(3.374, 0.698)  | resids[ 16]=1.27e-08 cf=0.302
ndofs=    440678: ['eta_0^p', 'omega']=(3.374, 0.756)  | resids[ 16]=1.85e-08 cf=0.302
ndofs=    440678: ['eta_0^p', 'omega']=(3.374, 0.813)  | resids[ 17]=1.01e-08 cf=0.302
ndofs=    440678: ['eta_0^p', 'omega']=(3.374, 0.871)  | resids[ 17]=2.24e-08 cf=0.314
ndofs=    440678: ['eta_0^p', 'omega']=(3.374, 0.928)  | resids[ 18]=2.48e-08 cf=0.337
ndofs=    440678: ['eta_0^p', 'omega']=(3.374, 0.985)  | resids[ 20]=1.99e-08 cf=0.378
ndofs=    440678: ['eta_0^p', 'omega']=(3.374, 1.043)  | resids[ 25]=1.01e-08 cf=0.480
ndofs=    440678: ['eta_0^p', 'omega']=(3.374, 1.1)    | resids[ 40]=4.56e-06 cf=0.587
ndofs=    440678: ['eta_0^p', 'omega']=(3.795, 0.01)   | resids[ 40]=1.39e-05 cf=0.854
ndofs=    440678: ['eta_0^p', 'omega']=(3.795, 0.067)  | resids[ 40]=8.42e-08 cf=0.745
ndofs=    440678: ['eta_0^p', 'omega']=(3.795, 0.125)  | resids[ 34]=1.21e-08 cf=0.609
ndofs=    440678: ['eta_0^p', 'omega']=(3.795, 0.182)  | resids[ 28]=1.45e-08 cf=0.559
ndofs=    440678: ['eta_0^p', 'omega']=(3.795, 0.239)  | resids[ 24]=1.89e-08 cf=0.540
ndofs=    440678: ['eta_0^p', 'omega']=(3.795, 0.297)  | resids[ 22]=1.23e-08 cf=0.491
ndofs=    440678: ['eta_0^p', 'omega']=(3.795, 0.354)  | resids[ 19]=2.23e-08 cf=0.415
ndofs=    440678: ['eta_0^p', 'omega']=(3.795, 0.412)  | resids[ 18]=1.57e-08 cf=0.384
ndofs=    440678: ['eta_0^p', 'omega']=(3.795, 0.469)  | resids[ 17]=1.25e-08 cf=0.341
ndofs=    440678: ['eta_0^p', 'omega']=(3.795, 0.526)  | resids[ 16]=1.79e-08 cf=0.315
ndofs=    440678: ['eta_0^p', 'omega']=(3.795, 0.584)  | resids[ 16]=1.12e-08 cf=0.301
ndofs=    440678: ['eta_0^p', 'omega']=(3.795, 0.641)  | resids[ 16]=1.18e-08 cf=0.302
ndofs=    440678: ['eta_0^p', 'omega']=(3.795, 0.698)  | resids[ 16]=1.96e-08 cf=0.315
ndofs=    440678: ['eta_0^p', 'omega']=(3.795, 0.756)  | resids[ 16]=3.08e-08 cf=0.330
ndofs=    440678: ['eta_0^p', 'omega']=(3.795, 0.813)  | resids[ 17]=1.32e-08 cf=0.318
ndofs=    440678: ['eta_0^p', 'omega']=(3.795, 0.871)  | resids[ 18]=1.45e-08 cf=0.333
ndofs=    440678: ['eta_0^p', 'omega']=(3.795, 0.928)  | resids[ 20]=2.24e-08 cf=0.388
ndofs=    440678: ['eta_0^p', 'omega']=(3.795, 0.985)  | resids[ 25]=1.57e-08 cf=0.483
ndofs=    440678: ['eta_0^p', 'omega']=(3.795, 1.043)  | resids[ 36]=1.24e-08 cf=0.598
ndofs=    440678: ['eta_0^p', 'omega']=(3.795, 1.1)    | resids[ 40]=8.56e-05 cf=0.753
ndofs=    440678: ['eta_0^p', 'omega']=(4.215, 0.01)   | resids[ 40]=1.52e-05 cf=0.855
ndofs=    440678: ['eta_0^p', 'omega']=(4.215, 0.067)  | resids[ 40]=1.24e-07 cf=0.741
ndofs=    440678: ['eta_0^p', 'omega']=(4.215, 0.125)  | resids[ 36]=1.01e-08 cf=0.631
ndofs=    440678: ['eta_0^p', 'omega']=(4.215, 0.182)  | resids[ 29]=1.53e-08 cf=0.584
ndofs=    440678: ['eta_0^p', 'omega']=(4.215, 0.239)  | resids[ 25]=1.57e-08 cf=0.552
ndofs=    440678: ['eta_0^p', 'omega']=(4.215, 0.297)  | resids[ 22]=1.98e-08 cf=0.507
ndofs=    440678: ['eta_0^p', 'omega']=(4.215, 0.354)  | resids[ 20]=1.51e-08 cf=0.432
ndofs=    440678: ['eta_0^p', 'omega']=(4.215, 0.412)  | resids[ 18]=2.34e-08 cf=0.397
ndofs=    440678: ['eta_0^p', 'omega']=(4.215, 0.469)  | resids[ 17]=1.93e-08 cf=0.351
ndofs=    440678: ['eta_0^p', 'omega']=(4.215, 0.526)  | resids[ 17]=1.05e-08 cf=0.330
ndofs=    440678: ['eta_0^p', 'omega']=(4.215, 0.584)  | resids[ 16]=2.44e-08 cf=0.324
ndofs=    440678: ['eta_0^p', 'omega']=(4.215, 0.641)  | resids[ 16]=2.48e-08 cf=0.324
ndofs=    440678: ['eta_0^p', 'omega']=(4.215, 0.698)  | resids[ 17]=1.30e-08 cf=0.333
ndofs=    440678: ['eta_0^p', 'omega']=(4.215, 0.756)  | resids[ 17]=2.08e-08 cf=0.337
ndofs=    440678: ['eta_0^p', 'omega']=(4.215, 0.813)  | resids[ 18]=1.98e-08 cf=0.349
ndofs=    440678: ['eta_0^p', 'omega']=(4.215, 0.871)  | resids[ 21]=1.11e-08 cf=0.400
ndofs=    440678: ['eta_0^p', 'omega']=(4.215, 0.928)  | resids[ 26]=1.52e-08 cf=0.496
ndofs=    440678: ['eta_0^p', 'omega']=(4.215, 0.985)  | resids[ 40]=1.59e-08 cf=0.647
ndofs=    440678: ['eta_0^p', 'omega']=(4.215, 1.043)  | resids[ 40]=8.84e-02 cf=0.973
ndofs=    440678: ['eta_0^p', 'omega']=(4.215, 1.1)    | resids[ 40]=1.39e-01 cf=0.986
ndofs=    440678: ['eta_0^p', 'omega']=(4.636, 0.01)   | resids[ 40]=1.58e-05 cf=0.859
ndofs=    440678: ['eta_0^p', 'omega']=(4.636, 0.067)  | resids[ 40]=2.11e-07 cf=0.746
ndofs=    440678: ['eta_0^p', 'omega']=(4.636, 0.125)  | resids[ 37]=1.20e-08 cf=0.653
ndofs=    440678: ['eta_0^p', 'omega']=(4.636, 0.182)  | resids[ 30]=1.56e-08 cf=0.596
ndofs=    440678: ['eta_0^p', 'omega']=(4.636, 0.239)  | resids[ 26]=1.57e-08 cf=0.552
ndofs=    440678: ['eta_0^p', 'omega']=(4.636, 0.297)  | resids[ 23]=1.64e-08 cf=0.523
ndofs=    440678: ['eta_0^p', 'omega']=(4.636, 0.354)  | resids[ 21]=1.31e-08 cf=0.469
ndofs=    440678: ['eta_0^p', 'omega']=(4.636, 0.412)  | resids[ 19]=1.58e-08 cf=0.412
ndofs=    440678: ['eta_0^p', 'omega']=(4.636, 0.469)  | resids[ 18]=1.29e-08 cf=0.364
ndofs=    440678: ['eta_0^p', 'omega']=(4.636, 0.526)  | resids[ 17]=2.10e-08 cf=0.347
ndofs=    440678: ['eta_0^p', 'omega']=(4.636, 0.584)  | resids[ 17]=1.84e-08 cf=0.343
ndofs=    440678: ['eta_0^p', 'omega']=(4.636, 0.641)  | resids[ 17]=2.40e-08 cf=0.353
ndofs=    440678: ['eta_0^p', 'omega']=(4.636, 0.698)  | resids[ 18]=1.25e-08 cf=0.345
ndofs=    440678: ['eta_0^p', 'omega']=(4.636, 0.756)  | resids[ 19]=1.26e-08 cf=0.364
ndofs=    440678: ['eta_0^p', 'omega']=(4.636, 0.813)  | resids[ 21]=1.21e-08 cf=0.402
ndofs=    440678: ['eta_0^p', 'omega']=(4.636, 0.871)  | resids[ 25]=1.82e-08 cf=0.489
ndofs=    440678: ['eta_0^p', 'omega']=(4.636, 0.928)  | resids[ 40]=1.57e-08 cf=0.644
ndofs=    440678: ['eta_0^p', 'omega']=(4.636, 0.985)  | resids[ 40]=1.63e-01 cf=1.000
ndofs=    440678: ['eta_0^p', 'omega']=(4.636, 1.043)  | resids[ 40]=1.74e-01 cf=0.992
ndofs=    440678: ['eta_0^p', 'omega']=(4.636, 1.1)    | resids[ 40]=1.67e-01 cf=0.984
ndofs=    440678: ['eta_0^p', 'omega']=(5.056, 0.01)   | resids[ 40]=1.63e-05 cf=0.863
ndofs=    440678: ['eta_0^p', 'omega']=(5.056, 0.067)  | resids[ 40]=3.27e-07 cf=0.757
ndofs=    440678: ['eta_0^p', 'omega']=(5.056, 0.125)  | resids[ 38]=1.26e-08 cf=0.686
ndofs=    440678: ['eta_0^p', 'omega']=(5.056, 0.182)  | resids[ 31]=1.53e-08 cf=0.600
ndofs=    440678: ['eta_0^p', 'omega']=(5.056, 0.239)  | resids[ 27]=1.41e-08 cf=0.556
ndofs=    440678: ['eta_0^p', 'omega']=(5.056, 0.297)  | resids[ 24]=1.40e-08 cf=0.537
ndofs=    440678: ['eta_0^p', 'omega']=(5.056, 0.354)  | resids[ 22]=1.06e-08 cf=0.489
ndofs=    440678: ['eta_0^p', 'omega']=(5.056, 0.412)  | resids[ 20]=1.11e-08 cf=0.425
ndofs=    440678: ['eta_0^p', 'omega']=(5.056, 0.469)  | resids[ 18]=2.22e-08 cf=0.375
ndofs=    440678: ['eta_0^p', 'omega']=(5.056, 0.526)  | resids[ 18]=1.44e-08 cf=0.361
ndofs=    440678: ['eta_0^p', 'omega']=(5.056, 0.584)  | resids[ 18]=1.55e-08 cf=0.362
ndofs=    440678: ['eta_0^p', 'omega']=(5.056, 0.641)  | resids[ 18]=2.58e-08 cf=0.363
ndofs=    440678: ['eta_0^p', 'omega']=(5.056, 0.698)  | resids[ 20]=1.27e-08 cf=0.387
ndofs=    440678: ['eta_0^p', 'omega']=(5.056, 0.756)  | resids[ 21]=2.21e-08 cf=0.435
ndofs=    440678: ['eta_0^p', 'omega']=(5.056, 0.813)  | resids[ 25]=1.19e-08 cf=0.490
ndofs=    440678: ['eta_0^p', 'omega']=(5.056, 0.871)  | resids[ 36]=1.04e-08 cf=0.606
ndofs=    440678: ['eta_0^p', 'omega']=(5.056, 0.928)  | resids[ 40]=1.20e-01 cf=0.991
ndofs=    440678: ['eta_0^p', 'omega']=(5.056, 0.985)  | resids[ 40]=1.98e-01 cf=0.996
ndofs=    440678: ['eta_0^p', 'omega']=(5.056, 1.043)  | resids[ 40]=1.99e-01 cf=0.987
ndofs=    440678: ['eta_0^p', 'omega']=(5.056, 1.1)    | resids[ 40]=1.94e-01 cf=0.977
ndofs=    440678: ['eta_0^p', 'omega']=(5.477, 0.01)   | resids[ 40]=1.79e-05 cf=0.877
ndofs=    440678: ['eta_0^p', 'omega']=(5.477, 0.067)  | resids[ 40]=4.92e-07 cf=0.755
ndofs=    440678: ['eta_0^p', 'omega']=(5.477, 0.125)  | resids[ 39]=1.52e-08 cf=0.689
ndofs=    440678: ['eta_0^p', 'omega']=(5.477, 0.182)  | resids[ 32]=1.53e-08 cf=0.607
ndofs=    440678: ['eta_0^p', 'omega']=(5.477, 0.239)  | resids[ 28]=1.37e-08 cf=0.565
ndofs=    440678: ['eta_0^p', 'omega']=(5.477, 0.297)  | resids[ 25]=1.27e-08 cf=0.559
ndofs=    440678: ['eta_0^p', 'omega']=(5.477, 0.354)  | resids[ 22]=1.79e-08 cf=0.500
ndofs=    440678: ['eta_0^p', 'omega']=(5.477, 0.412)  | resids[ 20]=1.85e-08 cf=0.435
ndofs=    440678: ['eta_0^p', 'omega']=(5.477, 0.469)  | resids[ 19]=1.54e-08 cf=0.388
ndofs=    440678: ['eta_0^p', 'omega']=(5.477, 0.526)  | resids[ 19]=1.06e-08 cf=0.376
ndofs=    440678: ['eta_0^p', 'omega']=(5.477, 0.584)  | resids[ 19]=1.73e-08 cf=0.390
ndofs=    440678: ['eta_0^p', 'omega']=(5.477, 0.641)  | resids[ 20]=2.24e-08 cf=0.402
ndofs=    440678: ['eta_0^p', 'omega']=(5.477, 0.698)  | resids[ 23]=1.61e-08 cf=0.488
ndofs=    440678: ['eta_0^p', 'omega']=(5.477, 0.756)  | resids[ 25]=1.69e-08 cf=0.512
ndofs=    440678: ['eta_0^p', 'omega']=(5.477, 0.813)  | resids[ 31]=1.84e-08 cf=0.568
ndofs=    440678: ['eta_0^p', 'omega']=(5.477, 0.871)  | resids[ 40]=1.21e-04 cf=0.857
ndofs=    440678: ['eta_0^p', 'omega']=(5.477, 0.928)  | resids[ 40]=2.05e-01 cf=0.997
ndofs=    440678: ['eta_0^p', 'omega']=(5.477, 0.985)  | resids[ 40]=2.10e-01 cf=0.988
ndofs=    440678: ['eta_0^p', 'omega']=(5.477, 1.043)  | resids[ 40]=2.13e-01 cf=0.983
ndofs=    440678: ['eta_0^p', 'omega']=(5.477, 1.1)    | resids[ 40]=2.28e-01 cf=0.977
ndofs=    440678: ['eta_0^p', 'omega']=(5.897, 0.01)   | resids[ 40]=2.32e-05 cf=0.917
ndofs=    440678: ['eta_0^p', 'omega']=(5.897, 0.067)  | resids[ 40]=6.60e-07 cf=0.763
ndofs=    440678: ['eta_0^p', 'omega']=(5.897, 0.125)  | resids[ 40]=1.64e-08 cf=0.694
ndofs=    440678: ['eta_0^p', 'omega']=(5.897, 0.182)  | resids[ 34]=1.06e-08 cf=0.611
ndofs=    440678: ['eta_0^p', 'omega']=(5.897, 0.239)  | resids[ 29]=1.38e-08 cf=0.576
ndofs=    440678: ['eta_0^p', 'omega']=(5.897, 0.297)  | resids[ 26]=1.07e-08 cf=0.544
ndofs=    440678: ['eta_0^p', 'omega']=(5.897, 0.354)  | resids[ 23]=1.44e-08 cf=0.515
ndofs=    440678: ['eta_0^p', 'omega']=(5.897, 0.412)  | resids[ 21]=1.57e-08 cf=0.468
ndofs=    440678: ['eta_0^p', 'omega']=(5.897, 0.469)  | resids[ 20]=1.08e-08 cf=0.403
ndofs=    440678: ['eta_0^p', 'omega']=(5.897, 0.526)  | resids[ 19]=2.15e-08 cf=0.394
ndofs=    440678: ['eta_0^p', 'omega']=(5.897, 0.584)  | resids[ 20]=1.74e-08 cf=0.403
ndofs=    440678: ['eta_0^p', 'omega']=(5.897, 0.641)  | resids[ 23]=1.63e-08 cf=0.470
ndofs=    440678: ['eta_0^p', 'omega']=(5.897, 0.698)  | resids[ 26]=1.53e-08 cf=0.498
ndofs=    440678: ['eta_0^p', 'omega']=(5.897, 0.756)  | resids[ 31]=1.18e-08 cf=0.566
ndofs=    440678: ['eta_0^p', 'omega']=(5.897, 0.813)  | resids[ 40]=2.83e-07 cf=0.713
ndofs=    440678: ['eta_0^p', 'omega']=(5.897, 0.871)  | resids[ 40]=2.17e-01 cf=0.997
ndofs=    440678: ['eta_0^p', 'omega']=(5.897, 0.928)  | resids[ 40]=2.07e-01 cf=0.987
ndofs=    440678: ['eta_0^p', 'omega']=(5.897, 0.985)  | resids[ 40]=2.15e-01 cf=0.985
ndofs=    440678: ['eta_0^p', 'omega']=(5.897, 1.043)  | resids[ 40]=2.29e-01 cf=0.974
ndofs=    440678: ['eta_0^p', 'omega']=(5.897, 1.1)    | resids[ 40]=2.64e-01 cf=0.972
ndofs=    440678: ['eta_0^p', 'omega']=(6.318, 0.01)   | resids[ 40]=2.33e-05 cf=0.901
ndofs=    440678: ['eta_0^p', 'omega']=(6.318, 0.067)  | resids[ 40]=8.22e-07 cf=0.769
ndofs=    440678: ['eta_0^p', 'omega']=(6.318, 0.125)  | resids[ 40]=2.60e-08 cf=0.706
ndofs=    440678: ['eta_0^p', 'omega']=(6.318, 0.182)  | resids[ 35]=1.04e-08 cf=0.629
ndofs=    440678: ['eta_0^p', 'omega']=(6.318, 0.239)  | resids[ 30]=1.34e-08 cf=0.596
ndofs=    440678: ['eta_0^p', 'omega']=(6.318, 0.297)  | resids[ 26]=1.66e-08 cf=0.553
ndofs=    440678: ['eta_0^p', 'omega']=(6.318, 0.354)  | resids[ 24]=1.12e-08 cf=0.532
ndofs=    440678: ['eta_0^p', 'omega']=(6.318, 0.412)  | resids[ 22]=1.19e-08 cf=0.484
ndofs=    440678: ['eta_0^p', 'omega']=(6.318, 0.469)  | resids[ 20]=1.77e-08 cf=0.414
ndofs=    440678: ['eta_0^p', 'omega']=(6.318, 0.526)  | resids[ 20]=1.76e-08 cf=0.415
ndofs=    440678: ['eta_0^p', 'omega']=(6.318, 0.584)  | resids[ 22]=1.27e-08 cf=0.433
ndofs=    440678: ['eta_0^p', 'omega']=(6.318, 0.641)  | resids[ 26]=1.16e-08 cf=0.489
ndofs=    440678: ['eta_0^p', 'omega']=(6.318, 0.698)  | resids[ 31]=1.15e-08 cf=0.549
ndofs=    440678: ['eta_0^p', 'omega']=(6.318, 0.756)  | resids[ 40]=1.61e-08 cf=0.655
ndofs=    440678: ['eta_0^p', 'omega']=(6.318, 0.813)  | resids[ 40]=2.88e-02 cf=0.998
ndofs=    440678: ['eta_0^p', 'omega']=(6.318, 0.871)  | resids[ 40]=1.86e-01 cf=0.992
ndofs=    440678: ['eta_0^p', 'omega']=(6.318, 0.928)  | resids[ 40]=2.03e-01 cf=0.988
ndofs=    440678: ['eta_0^p', 'omega']=(6.318, 0.985)  | resids[ 40]=2.22e-01 cf=0.978
ndofs=    440678: ['eta_0^p', 'omega']=(6.318, 1.043)  | resids[ 40]=2.51e-01 cf=0.977
ndofs=    440678: ['eta_0^p', 'omega']=(6.318, 1.1)    | resids[ 40]=2.96e-01 cf=0.974
ndofs=    440678: ['eta_0^p', 'omega']=(6.738, 0.01)   | resids[ 40]=2.52e-05 cf=0.867
ndofs=    440678: ['eta_0^p', 'omega']=(6.738, 0.067)  | resids[ 40]=1.06e-06 cf=0.775
ndofs=    440678: ['eta_0^p', 'omega']=(6.738, 0.125)  | resids[ 40]=3.76e-08 cf=0.720
ndofs=    440678: ['eta_0^p', 'omega']=(6.738, 0.182)  | resids[ 35]=1.58e-08 cf=0.633
ndofs=    440678: ['eta_0^p', 'omega']=(6.738, 0.239)  | resids[ 31]=1.06e-08 cf=0.583
ndofs=    440678: ['eta_0^p', 'omega']=(6.738, 0.297)  | resids[ 27]=1.38e-08 cf=0.556
ndofs=    440678: ['eta_0^p', 'omega']=(6.738, 0.354)  | resids[ 24]=1.64e-08 cf=0.535
ndofs=    440678: ['eta_0^p', 'omega']=(6.738, 0.412)  | resids[ 22]=1.83e-08 cf=0.496
ndofs=    440678: ['eta_0^p', 'omega']=(6.738, 0.469)  | resids[ 21]=1.44e-08 cf=0.443
ndofs=    440678: ['eta_0^p', 'omega']=(6.738, 0.526)  | resids[ 21]=1.75e-08 cf=0.445
ndofs=    440678: ['eta_0^p', 'omega']=(6.738, 0.584)  | resids[ 24]=1.02e-08 cf=0.458
ndofs=    440678: ['eta_0^p', 'omega']=(6.738, 0.641)  | resids[ 29]=1.85e-08 cf=0.539
ndofs=    440678: ['eta_0^p', 'omega']=(6.738, 0.698)  | resids[ 38]=1.26e-08 cf=0.620
ndofs=    440678: ['eta_0^p', 'omega']=(6.738, 0.756)  | resids[ 40]=2.23e-05 cf=0.832
ndofs=    440678: ['eta_0^p', 'omega']=(6.738, 0.813)  | resids[ 40]=1.45e-01 cf=0.996
ndofs=    440678: ['eta_0^p', 'omega']=(6.738, 0.871)  | resids[ 40]=1.89e-01 cf=0.983
ndofs=    440678: ['eta_0^p', 'omega']=(6.738, 0.928)  | resids[ 40]=2.06e-01 cf=0.980
ndofs=    440678: ['eta_0^p', 'omega']=(6.738, 0.985)  | resids[ 40]=2.34e-01 cf=0.982
ndofs=    440678: ['eta_0^p', 'omega']=(6.738, 1.043)  | resids[ 40]=2.73e-01 cf=0.983
ndofs=    440678: ['eta_0^p', 'omega']=(6.738, 1.1)    | resids[ 40]=3.35e-01 cf=0.986
ndofs=    440678: ['eta_0^p', 'omega']=(7.159, 0.01)   | resids[ 40]=3.14e-05 cf=0.856
ndofs=    440678: ['eta_0^p', 'omega']=(7.159, 0.067)  | resids[ 40]=1.50e-06 cf=0.789
ndofs=    440678: ['eta_0^p', 'omega']=(7.159, 0.125)  | resids[ 40]=5.10e-08 cf=0.721
ndofs=    440678: ['eta_0^p', 'omega']=(7.159, 0.182)  | resids[ 36]=1.68e-08 cf=0.658
ndofs=    440678: ['eta_0^p', 'omega']=(7.159, 0.239)  | resids[ 31]=1.48e-08 cf=0.586
ndofs=    440678: ['eta_0^p', 'omega']=(7.159, 0.297)  | resids[ 28]=1.17e-08 cf=0.561
ndofs=    440678: ['eta_0^p', 'omega']=(7.159, 0.354)  | resids[ 25]=1.30e-08 cf=0.548
ndofs=    440678: ['eta_0^p', 'omega']=(7.159, 0.412)  | resids[ 23]=1.21e-08 cf=0.503
ndofs=    440678: ['eta_0^p', 'omega']=(7.159, 0.469)  | resids[ 22]=1.08e-08 cf=0.459
ndofs=    440678: ['eta_0^p', 'omega']=(7.159, 0.526)  | resids[ 22]=1.50e-08 cf=0.455
ndofs=    440678: ['eta_0^p', 'omega']=(7.159, 0.584)  | resids[ 26]=1.20e-08 cf=0.487
ndofs=    440678: ['eta_0^p', 'omega']=(7.159, 0.641)  | resids[ 35]=1.05e-08 cf=0.600
ndofs=    440678: ['eta_0^p', 'omega']=(7.159, 0.698)  | resids[ 40]=7.79e-07 cf=0.667
ndofs=    440678: ['eta_0^p', 'omega']=(7.159, 0.756)  | resids[ 40]=3.41e-02 cf=0.994
ndofs=    440678: ['eta_0^p', 'omega']=(7.159, 0.813)  | resids[ 40]=1.55e-01 cf=0.988
ndofs=    440678: ['eta_0^p', 'omega']=(7.159, 0.871)  | resids[ 40]=1.79e-01 cf=0.981
ndofs=    440678: ['eta_0^p', 'omega']=(7.159, 0.928)  | resids[ 40]=2.16e-01 cf=0.986
ndofs=    440678: ['eta_0^p', 'omega']=(7.159, 0.985)  | resids[ 40]=2.48e-01 cf=0.977
ndofs=    440678: ['eta_0^p', 'omega']=(7.159, 1.043)  | resids[ 40]=2.88e-01 cf=0.979
ndofs=    440678: ['eta_0^p', 'omega']=(7.159, 1.1)    | resids[ 40]=3.54e-01 cf=0.986
ndofs=    440678: ['eta_0^p', 'omega']=(7.579, 0.01)   | resids[ 40]=3.62e-05 cf=0.847
ndofs=    440678: ['eta_0^p', 'omega']=(7.579, 0.067)  | resids[ 40]=1.91e-06 cf=0.795
ndofs=    440678: ['eta_0^p', 'omega']=(7.579, 0.125)  | resids[ 40]=6.94e-08 cf=0.719
ndofs=    440678: ['eta_0^p', 'omega']=(7.579, 0.182)  | resids[ 37]=1.45e-08 cf=0.669
ndofs=    440678: ['eta_0^p', 'omega']=(7.579, 0.239)  | resids[ 32]=1.28e-08 cf=0.591
ndofs=    440678: ['eta_0^p', 'omega']=(7.579, 0.297)  | resids[ 28]=1.63e-08 cf=0.568
ndofs=    440678: ['eta_0^p', 'omega']=(7.579, 0.354)  | resids[ 26]=1.12e-08 cf=0.552
ndofs=    440678: ['eta_0^p', 'omega']=(7.579, 0.412)  | resids[ 23]=1.73e-08 cf=0.508
ndofs=    440678: ['eta_0^p', 'omega']=(7.579, 0.469)  | resids[ 22]=1.67e-08 cf=0.470
ndofs=    440678: ['eta_0^p', 'omega']=(7.579, 0.526)  | resids[ 23]=1.50e-08 cf=0.493
ndofs=    440678: ['eta_0^p', 'omega']=(7.579, 0.584)  | resids[ 28]=1.78e-08 cf=0.507
ndofs=    440678: ['eta_0^p', 'omega']=(7.579, 0.641)  | resids[ 40]=2.59e-08 cf=0.613
ndofs=    440678: ['eta_0^p', 'omega']=(7.579, 0.698)  | resids[ 40]=1.70e-03 cf=0.878
ndofs=    440678: ['eta_0^p', 'omega']=(7.579, 0.756)  | resids[ 40]=8.16e-02 cf=0.990
ndofs=    440678: ['eta_0^p', 'omega']=(7.579, 0.813)  | resids[ 40]=1.54e-01 cf=0.985
ndofs=    440678: ['eta_0^p', 'omega']=(7.579, 0.871)  | resids[ 40]=1.89e-01 cf=0.982
ndofs=    440678: ['eta_0^p', 'omega']=(7.579, 0.928)  | resids[ 40]=2.08e-01 cf=0.976
ndofs=    440678: ['eta_0^p', 'omega']=(7.579, 0.985)  | resids[ 40]=2.55e-01 cf=0.977
ndofs=    440678: ['eta_0^p', 'omega']=(7.579, 1.043)  | resids[ 40]=3.12e-01 cf=0.983
ndofs=    440678: ['eta_0^p', 'omega']=(7.579, 1.1)    | resids[ 40]=3.72e-01 cf=0.985
ndofs=    440678: ['eta_0^p', 'omega']=(8.0, 0.01)     | resids[ 40]=3.95e-05 cf=0.841
ndofs=    440678: ['eta_0^p', 'omega']=(8.0, 0.067)    | resids[ 40]=1.99e-06 cf=0.786
ndofs=    440678: ['eta_0^p', 'omega']=(8.0, 0.125)    | resids[ 40]=8.95e-08 cf=0.719
ndofs=    440678: ['eta_0^p', 'omega']=(8.0, 0.182)    | resids[ 38]=1.39e-08 cf=0.691
ndofs=    440678: ['eta_0^p', 'omega']=(8.0, 0.239)    | resids[ 33]=1.05e-08 cf=0.602
ndofs=    440678: ['eta_0^p', 'omega']=(8.0, 0.297)    | resids[ 29]=1.37e-08 cf=0.571
ndofs=    440678: ['eta_0^p', 'omega']=(8.0, 0.354)    | resids[ 26]=1.61e-08 cf=0.560
ndofs=    440678: ['eta_0^p', 'omega']=(8.0, 0.412)    | resids[ 24]=1.33e-08 cf=0.534
ndofs=    440678: ['eta_0^p', 'omega']=(8.0, 0.469)    | resids[ 23]=1.39e-08 cf=0.500
ndofs=    440678: ['eta_0^p', 'omega']=(8.0, 0.526)    | resids[ 24]=1.01e-08 cf=0.475
ndofs=    440678: ['eta_0^p', 'omega']=(8.0, 0.584)    | resids[ 31]=1.48e-08 cf=0.545
ndofs=    440678: ['eta_0^p', 'omega']=(8.0, 0.641)    | resids[ 40]=1.95e-06 cf=0.694
ndofs=    440678: ['eta_0^p', 'omega']=(8.0, 0.698)    | resids[ 40]=4.72e-02 cf=0.953
ndofs=    440678: ['eta_0^p', 'omega']=(8.0, 0.756)    | resids[ 40]=1.01e-01 cf=0.982
ndofs=    440678: ['eta_0^p', 'omega']=(8.0, 0.813)    | resids[ 40]=1.72e-01 cf=0.985
ndofs=    440678: ['eta_0^p', 'omega']=(8.0, 0.871)    | resids[ 40]=1.87e-01 cf=0.973
ndofs=    440678: ['eta_0^p', 'omega']=(8.0, 0.928)    | resids[ 40]=2.07e-01 cf=0.973
ndofs=    440678: ['eta_0^p', 'omega']=(8.0, 0.985)    | resids[ 40]=2.67e-01 cf=0.980
ndofs=    440678: ['eta_0^p', 'omega']=(8.0, 1.043)    | resids[ 40]=3.39e-01 cf=0.984
ndofs=    440678: ['eta_0^p', 'omega']=(8.0, 1.1)      | resids[ 40]=3.94e-01 cf=0.988
