ndofs=   3861552: ['eta_0^p', 'omega']=(0.01, 0.01)    | resids[ 40]=7.83e-03 cf=0.930
ndofs=   3861552: ['eta_0^p', 'omega']=(0.01, 0.032)   | resids[ 40]=1.66e-02 cf=0.905
ndofs=   3861552: ['eta_0^p', 'omega']=(0.01, 0.054)   | resids[ 40]=2.22e-02 cf=0.954
ndofs=   3861552: ['eta_0^p', 'omega']=(0.01, 0.077)   | resids[ 40]=2.44e-02 cf=0.952
ndofs=   3861552: ['eta_0^p', 'omega']=(0.01, 0.099)   | resids[ 40]=2.17e-02 cf=0.933
ndofs=   3861552: ['eta_0^p', 'omega']=(0.01, 0.121)   | resids[ 40]=2.20e-02 cf=0.958
ndofs=   3861552: ['eta_0^p', 'omega']=(0.01, 0.143)   | resids[ 40]=2.21e-02 cf=0.964
ndofs=   3861552: ['eta_0^p', 'omega']=(0.01, 0.166)   | resids[ 40]=2.17e-02 cf=0.957
ndofs=   3861552: ['eta_0^p', 'omega']=(0.01, 0.188)   | resids[ 40]=2.10e-02 cf=0.961
ndofs=   3861552: ['eta_0^p', 'omega']=(0.01, 0.21)    | resids[ 40]=2.00e-02 cf=0.958
ndofs=   3861552: ['eta_0^p', 'omega']=(0.01, 0.232)   | resids[ 40]=2.00e-02 cf=0.962
ndofs=   3861552: ['eta_0^p', 'omega']=(0.01, 0.255)   | resids[ 40]=1.97e-02 cf=0.969
ndofs=   3861552: ['eta_0^p', 'omega']=(0.01, 0.277)   | resids[ 40]=1.90e-02 cf=0.967
ndofs=   3861552: ['eta_0^p', 'omega']=(0.01, 0.299)   | resids[ 40]=1.88e-02 cf=0.967
ndofs=   3861552: ['eta_0^p', 'omega']=(0.01, 0.321)   | resids[ 40]=1.85e-02 cf=0.967
ndofs=   3861552: ['eta_0^p', 'omega']=(0.01, 0.344)   | resids[ 40]=1.79e-02 cf=0.964
ndofs=   3861552: ['eta_0^p', 'omega']=(0.01, 0.366)   | resids[ 40]=1.75e-02 cf=0.961
ndofs=   3861552: ['eta_0^p', 'omega']=(0.01, 0.388)   | resids[ 40]=1.69e-02 cf=0.960
ndofs=   3861552: ['eta_0^p', 'omega']=(0.01, 0.41)    | resids[ 40]=1.61e-02 cf=0.954
ndofs=   3861552: ['eta_0^p', 'omega']=(0.01, 0.433)   | resids[ 40]=1.54e-02 cf=0.949
ndofs=   3861552: ['eta_0^p', 'omega']=(0.01, 0.455)   | resids[ 40]=1.49e-02 cf=0.946
ndofs=   3861552: ['eta_0^p', 'omega']=(0.01, 0.477)   | resids[ 40]=1.42e-02 cf=0.941
ndofs=   3861552: ['eta_0^p', 'omega']=(0.01, 0.499)   | resids[ 40]=1.35e-02 cf=0.937
ndofs=   3861552: ['eta_0^p', 'omega']=(0.01, 0.522)   | resids[ 40]=1.29e-02 cf=0.933
ndofs=   3861552: ['eta_0^p', 'omega']=(0.01, 0.544)   | resids[ 40]=1.23e-02 cf=0.930
ndofs=   3861552: ['eta_0^p', 'omega']=(0.01, 0.566)   | resids[ 40]=1.19e-02 cf=0.929
ndofs=   3861552: ['eta_0^p', 'omega']=(0.01, 0.588)   | resids[ 40]=1.17e-02 cf=0.931
ndofs=   3861552: ['eta_0^p', 'omega']=(0.01, 0.611)   | resids[ 40]=1.14e-02 cf=0.932
ndofs=   3861552: ['eta_0^p', 'omega']=(0.01, 0.633)   | resids[ 40]=1.12e-02 cf=0.932
ndofs=   3861552: ['eta_0^p', 'omega']=(0.01, 0.655)   | resids[ 40]=1.10e-02 cf=0.933
ndofs=   3861552: ['eta_0^p', 'omega']=(0.01, 0.677)   | resids[ 40]=1.08e-02 cf=0.932
ndofs=   3861552: ['eta_0^p', 'omega']=(0.01, 0.7)     | resids[ 40]=1.05e-02 cf=0.931
ndofs=   3861552: ['eta_0^p', 'omega']=(0.01, 0.722)   | resids[ 40]=1.03e-02 cf=0.932
ndofs=   3861552: ['eta_0^p', 'omega']=(0.01, 0.744)   | resids[ 40]=1.02e-02 cf=0.934
ndofs=   3861552: ['eta_0^p', 'omega']=(0.01, 0.766)   | resids[ 40]=1.00e-02 cf=0.936
ndofs=   3861552: ['eta_0^p', 'omega']=(0.01, 0.789)   | resids[ 40]=9.86e-03 cf=0.937
ndofs=   3861552: ['eta_0^p', 'omega']=(0.01, 0.811)   | resids[ 40]=9.71e-03 cf=0.938
ndofs=   3861552: ['eta_0^p', 'omega']=(0.01, 0.833)   | resids[ 40]=9.59e-03 cf=0.939
ndofs=   3861552: ['eta_0^p', 'omega']=(0.01, 0.855)   | resids[ 40]=9.49e-03 cf=0.939
ndofs=   3861552: ['eta_0^p', 'omega']=(0.01, 0.878)   | resids[ 40]=9.42e-03 cf=0.940
ndofs=   3861552: ['eta_0^p', 'omega']=(0.01, 0.9)     | resids[ 40]=9.36e-03 cf=0.940
ndofs=   3861552: ['eta_0^p', 'omega']=(0.01, 0.922)   | resids[ 40]=9.33e-03 cf=0.941
ndofs=   3861552: ['eta_0^p', 'omega']=(0.01, 0.944)   | resids[ 40]=9.29e-03 cf=0.942
ndofs=   3861552: ['eta_0^p', 'omega']=(0.01, 0.967)   | resids[ 40]=9.26e-03 cf=0.943
ndofs=   3861552: ['eta_0^p', 'omega']=(0.01, 0.989)   | resids[ 40]=9.23e-03 cf=0.945
ndofs=   3861552: ['eta_0^p', 'omega']=(0.01, 1.011)   | resids[ 40]=9.07e-03 cf=0.946
ndofs=   3861552: ['eta_0^p', 'omega']=(0.01, 1.033)   | resids[ 40]=8.90e-03 cf=0.946
ndofs=   3861552: ['eta_0^p', 'omega']=(0.01, 1.056)   | resids[ 40]=9.43e-03 cf=0.946
ndofs=   3861552: ['eta_0^p', 'omega']=(0.01, 1.078)   | resids[ 40]=1.35e-02 cf=0.948
ndofs=   3861552: ['eta_0^p', 'omega']=(0.01, 1.1)     | resids[ 40]=2.03e-01 cf=0.994
ndofs=   3861552: ['eta_0^p', 'omega']=(0.173, 0.01)   | resids[ 40]=1.53e-04 cf=0.858
ndofs=   3861552: ['eta_0^p', 'omega']=(0.173, 0.032)  | resids[ 40]=8.28e-05 cf=0.827
ndofs=   3861552: ['eta_0^p', 'omega']=(0.173, 0.054)  | resids[ 40]=9.40e-05 cf=0.768
ndofs=   3861552: ['eta_0^p', 'omega']=(0.173, 0.077)  | resids[ 40]=9.10e-05 cf=0.807
ndofs=   3861552: ['eta_0^p', 'omega']=(0.173, 0.099)  | resids[ 40]=8.72e-05 cf=0.786
ndofs=   3861552: ['eta_0^p', 'omega']=(0.173, 0.121)  | resids[ 40]=8.25e-05 cf=0.795
ndofs=   3861552: ['eta_0^p', 'omega']=(0.173, 0.143)  | resids[ 40]=7.62e-05 cf=0.814
ndofs=   3861552: ['eta_0^p', 'omega']=(0.173, 0.166)  | resids[ 40]=7.11e-05 cf=0.803
ndofs=   3861552: ['eta_0^p', 'omega']=(0.173, 0.188)  | resids[ 40]=5.83e-05 cf=0.784
ndofs=   3861552: ['eta_0^p', 'omega']=(0.173, 0.21)   | resids[ 40]=5.42e-05 cf=0.762
ndofs=   3861552: ['eta_0^p', 'omega']=(0.173, 0.232)  | resids[ 40]=5.21e-05 cf=0.785
ndofs=   3861552: ['eta_0^p', 'omega']=(0.173, 0.255)  | resids[ 40]=4.56e-05 cf=0.779
ndofs=   3861552: ['eta_0^p', 'omega']=(0.173, 0.277)  | resids[ 40]=4.12e-05 cf=0.764
ndofs=   3861552: ['eta_0^p', 'omega']=(0.173, 0.299)  | resids[ 40]=3.78e-05 cf=0.753
ndofs=   3861552: ['eta_0^p', 'omega']=(0.173, 0.321)  | resids[ 40]=3.55e-05 cf=0.757
ndofs=   3861552: ['eta_0^p', 'omega']=(0.173, 0.344)  | resids[ 40]=3.11e-05 cf=0.759
ndofs=   3861552: ['eta_0^p', 'omega']=(0.173, 0.366)  | resids[ 40]=2.85e-05 cf=0.753
ndofs=   3861552: ['eta_0^p', 'omega']=(0.173, 0.388)  | resids[ 40]=2.54e-05 cf=0.749
ndofs=   3861552: ['eta_0^p', 'omega']=(0.173, 0.41)   | resids[ 40]=2.28e-05 cf=0.743
ndofs=   3861552: ['eta_0^p', 'omega']=(0.173, 0.433)  | resids[ 40]=2.21e-05 cf=0.744
ndofs=   3861552: ['eta_0^p', 'omega']=(0.173, 0.455)  | resids[ 40]=2.05e-05 cf=0.746
ndofs=   3861552: ['eta_0^p', 'omega']=(0.173, 0.477)  | resids[ 40]=1.92e-05 cf=0.747
ndofs=   3861552: ['eta_0^p', 'omega']=(0.173, 0.499)  | resids[ 40]=1.84e-05 cf=0.746
ndofs=   3861552: ['eta_0^p', 'omega']=(0.173, 0.522)  | resids[ 40]=1.77e-05 cf=0.743
ndofs=   3861552: ['eta_0^p', 'omega']=(0.173, 0.544)  | resids[ 40]=1.73e-05 cf=0.740
ndofs=   3861552: ['eta_0^p', 'omega']=(0.173, 0.566)  | resids[ 40]=1.73e-05 cf=0.744
ndofs=   3861552: ['eta_0^p', 'omega']=(0.173, 0.588)  | resids[ 40]=1.75e-05 cf=0.747
ndofs=   3861552: ['eta_0^p', 'omega']=(0.173, 0.611)  | resids[ 40]=1.68e-05 cf=0.744
ndofs=   3861552: ['eta_0^p', 'omega']=(0.173, 0.633)  | resids[ 40]=1.60e-05 cf=0.739
ndofs=   3861552: ['eta_0^p', 'omega']=(0.173, 0.655)  | resids[ 40]=1.60e-05 cf=0.742
ndofs=   3861552: ['eta_0^p', 'omega']=(0.173, 0.677)  | resids[ 40]=1.54e-05 cf=0.736
ndofs=   3861552: ['eta_0^p', 'omega']=(0.173, 0.7)    | resids[ 40]=1.45e-05 cf=0.728
ndofs=   3861552: ['eta_0^p', 'omega']=(0.173, 0.722)  | resids[ 40]=1.44e-05 cf=0.731
ndofs=   3861552: ['eta_0^p', 'omega']=(0.173, 0.744)  | resids[ 40]=1.43e-05 cf=0.732
ndofs=   3861552: ['eta_0^p', 'omega']=(0.173, 0.766)  | resids[ 40]=1.38e-05 cf=0.727
ndofs=   3861552: ['eta_0^p', 'omega']=(0.173, 0.789)  | resids[ 40]=1.33e-05 cf=0.724
ndofs=   3861552: ['eta_0^p', 'omega']=(0.173, 0.811)  | resids[ 40]=1.33e-05 cf=0.727
ndofs=   3861552: ['eta_0^p', 'omega']=(0.173, 0.833)  | resids[ 40]=1.35e-05 cf=0.732
ndofs=   3861552: ['eta_0^p', 'omega']=(0.173, 0.855)  | resids[ 40]=1.35e-05 cf=0.731
ndofs=   3861552: ['eta_0^p', 'omega']=(0.173, 0.878)  | resids[ 40]=1.38e-05 cf=0.730
ndofs=   3861552: ['eta_0^p', 'omega']=(0.173, 0.9)    | resids[ 40]=1.47e-05 cf=0.737
ndofs=   3861552: ['eta_0^p', 'omega']=(0.173, 0.922)  | resids[ 40]=1.58e-05 cf=0.743
ndofs=   3861552: ['eta_0^p', 'omega']=(0.173, 0.944)  | resids[ 40]=1.76e-05 cf=0.750
ndofs=   3861552: ['eta_0^p', 'omega']=(0.173, 0.967)  | resids[ 40]=2.03e-05 cf=0.756
ndofs=   3861552: ['eta_0^p', 'omega']=(0.173, 0.989)  | resids[ 40]=2.41e-05 cf=0.764
ndofs=   3861552: ['eta_0^p', 'omega']=(0.173, 1.011)  | resids[ 40]=2.81e-05 cf=0.778
ndofs=   3861552: ['eta_0^p', 'omega']=(0.173, 1.033)  | resids[ 40]=3.36e-05 cf=0.783
ndofs=   3861552: ['eta_0^p', 'omega']=(0.173, 1.056)  | resids[ 40]=4.64e-05 cf=0.785
ndofs=   3861552: ['eta_0^p', 'omega']=(0.173, 1.078)  | resids[ 40]=1.24e-04 cf=0.809
ndofs=   3861552: ['eta_0^p', 'omega']=(0.173, 1.1)    | resids[ 40]=1.72e-01 cf=0.982
ndofs=   3861552: ['eta_0^p', 'omega']=(0.336, 0.01)   | resids[ 40]=1.30e-04 cf=0.896
ndofs=   3861552: ['eta_0^p', 'omega']=(0.336, 0.032)  | resids[ 40]=4.03e-05 cf=0.831
ndofs=   3861552: ['eta_0^p', 'omega']=(0.336, 0.054)  | resids[ 40]=1.31e-05 cf=0.809
ndofs=   3861552: ['eta_0^p', 'omega']=(0.336, 0.077)  | resids[ 40]=4.84e-06 cf=0.747
ndofs=   3861552: ['eta_0^p', 'omega']=(0.336, 0.099)  | resids[ 40]=4.03e-06 cf=0.710
ndofs=   3861552: ['eta_0^p', 'omega']=(0.336, 0.121)  | resids[ 40]=3.32e-06 cf=0.731
ndofs=   3861552: ['eta_0^p', 'omega']=(0.336, 0.143)  | resids[ 40]=2.77e-06 cf=0.734
ndofs=   3861552: ['eta_0^p', 'omega']=(0.336, 0.166)  | resids[ 40]=2.28e-06 cf=0.703
ndofs=   3861552: ['eta_0^p', 'omega']=(0.336, 0.188)  | resids[ 40]=1.87e-06 cf=0.692
ndofs=   3861552: ['eta_0^p', 'omega']=(0.336, 0.21)   | resids[ 40]=1.75e-06 cf=0.719
ndofs=   3861552: ['eta_0^p', 'omega']=(0.336, 0.232)  | resids[ 40]=1.58e-06 cf=0.717
ndofs=   3861552: ['eta_0^p', 'omega']=(0.336, 0.255)  | resids[ 40]=1.27e-06 cf=0.690
ndofs=   3861552: ['eta_0^p', 'omega']=(0.336, 0.277)  | resids[ 40]=1.16e-06 cf=0.693
ndofs=   3861552: ['eta_0^p', 'omega']=(0.336, 0.299)  | resids[ 40]=1.06e-06 cf=0.699
ndofs=   3861552: ['eta_0^p', 'omega']=(0.336, 0.321)  | resids[ 40]=9.26e-07 cf=0.685
ndofs=   3861552: ['eta_0^p', 'omega']=(0.336, 0.344)  | resids[ 40]=7.76e-07 cf=0.686
ndofs=   3861552: ['eta_0^p', 'omega']=(0.336, 0.366)  | resids[ 40]=7.08e-07 cf=0.688
ndofs=   3861552: ['eta_0^p', 'omega']=(0.336, 0.388)  | resids[ 40]=6.04e-07 cf=0.684
ndofs=   3861552: ['eta_0^p', 'omega']=(0.336, 0.41)   | resids[ 40]=5.25e-07 cf=0.672
ndofs=   3861552: ['eta_0^p', 'omega']=(0.336, 0.433)  | resids[ 40]=5.17e-07 cf=0.682
ndofs=   3861552: ['eta_0^p', 'omega']=(0.336, 0.455)  | resids[ 40]=4.63e-07 cf=0.681
ndofs=   3861552: ['eta_0^p', 'omega']=(0.336, 0.477)  | resids[ 40]=4.32e-07 cf=0.684
ndofs=   3861552: ['eta_0^p', 'omega']=(0.336, 0.499)  | resids[ 40]=3.96e-07 cf=0.677
ndofs=   3861552: ['eta_0^p', 'omega']=(0.336, 0.522)  | resids[ 40]=3.63e-07 cf=0.668
ndofs=   3861552: ['eta_0^p', 'omega']=(0.336, 0.544)  | resids[ 40]=3.58e-07 cf=0.669
ndofs=   3861552: ['eta_0^p', 'omega']=(0.336, 0.566)  | resids[ 40]=3.58e-07 cf=0.670
ndofs=   3861552: ['eta_0^p', 'omega']=(0.336, 0.588)  | resids[ 40]=3.56e-07 cf=0.671
ndofs=   3861552: ['eta_0^p', 'omega']=(0.336, 0.611)  | resids[ 40]=3.31e-07 cf=0.666
ndofs=   3861552: ['eta_0^p', 'omega']=(0.336, 0.633)  | resids[ 40]=3.12e-07 cf=0.663
ndofs=   3861552: ['eta_0^p', 'omega']=(0.336, 0.655)  | resids[ 40]=3.13e-07 cf=0.666
ndofs=   3861552: ['eta_0^p', 'omega']=(0.336, 0.677)  | resids[ 40]=2.96e-07 cf=0.659
ndofs=   3861552: ['eta_0^p', 'omega']=(0.336, 0.7)    | resids[ 40]=2.77e-07 cf=0.653
ndofs=   3861552: ['eta_0^p', 'omega']=(0.336, 0.722)  | resids[ 40]=2.73e-07 cf=0.656
ndofs=   3861552: ['eta_0^p', 'omega']=(0.336, 0.744)  | resids[ 40]=2.68e-07 cf=0.655
ndofs=   3861552: ['eta_0^p', 'omega']=(0.336, 0.766)  | resids[ 40]=2.55e-07 cf=0.649
ndofs=   3861552: ['eta_0^p', 'omega']=(0.336, 0.789)  | resids[ 40]=2.44e-07 cf=0.645
ndofs=   3861552: ['eta_0^p', 'omega']=(0.336, 0.811)  | resids[ 40]=2.52e-07 cf=0.652
ndofs=   3861552: ['eta_0^p', 'omega']=(0.336, 0.833)  | resids[ 40]=2.59e-07 cf=0.655
ndofs=   3861552: ['eta_0^p', 'omega']=(0.336, 0.855)  | resids[ 40]=2.60e-07 cf=0.653
ndofs=   3861552: ['eta_0^p', 'omega']=(0.336, 0.878)  | resids[ 40]=2.71e-07 cf=0.653
ndofs=   3861552: ['eta_0^p', 'omega']=(0.336, 0.9)    | resids[ 40]=2.96e-07 cf=0.658
ndofs=   3861552: ['eta_0^p', 'omega']=(0.336, 0.922)  | resids[ 40]=3.24e-07 cf=0.660
ndofs=   3861552: ['eta_0^p', 'omega']=(0.336, 0.944)  | resids[ 40]=3.62e-07 cf=0.668
ndofs=   3861552: ['eta_0^p', 'omega']=(0.336, 0.967)  | resids[ 40]=4.25e-07 cf=0.670
ndofs=   3861552: ['eta_0^p', 'omega']=(0.336, 0.989)  | resids[ 40]=5.40e-07 cf=0.675
ndofs=   3861552: ['eta_0^p', 'omega']=(0.336, 1.011)  | resids[ 40]=6.82e-07 cf=0.685
ndofs=   3861552: ['eta_0^p', 'omega']=(0.336, 1.033)  | resids[ 40]=9.05e-07 cf=0.682
ndofs=   3861552: ['eta_0^p', 'omega']=(0.336, 1.056)  | resids[ 40]=1.33e-06 cf=0.692
ndofs=   3861552: ['eta_0^p', 'omega']=(0.336, 1.078)  | resids[ 40]=1.95e-05 cf=0.704
ndofs=   3861552: ['eta_0^p', 'omega']=(0.336, 1.1)    | resids[ 40]=1.43e-01 cf=0.972
ndofs=   3861552: ['eta_0^p', 'omega']=(0.499, 0.01)   | resids[ 40]=8.22e-05 cf=0.862
ndofs=   3861552: ['eta_0^p', 'omega']=(0.499, 0.032)  | resids[ 40]=2.26e-05 cf=0.816
ndofs=   3861552: ['eta_0^p', 'omega']=(0.499, 0.054)  | resids[ 40]=8.10e-06 cf=0.798
ndofs=   3861552: ['eta_0^p', 'omega']=(0.499, 0.077)  | resids[ 40]=2.04e-06 cf=0.753
ndofs=   3861552: ['eta_0^p', 'omega']=(0.499, 0.099)  | resids[ 40]=7.88e-07 cf=0.729
ndofs=   3861552: ['eta_0^p', 'omega']=(0.499, 0.121)  | resids[ 40]=3.03e-07 cf=0.680
ndofs=   3861552: ['eta_0^p', 'omega']=(0.499, 0.143)  | resids[ 40]=2.40e-07 cf=0.673
ndofs=   3861552: ['eta_0^p', 'omega']=(0.499, 0.166)  | resids[ 40]=2.00e-07 cf=0.652
ndofs=   3861552: ['eta_0^p', 'omega']=(0.499, 0.188)  | resids[ 40]=1.61e-07 cf=0.639
ndofs=   3861552: ['eta_0^p', 'omega']=(0.499, 0.21)   | resids[ 40]=1.38e-07 cf=0.687
ndofs=   3861552: ['eta_0^p', 'omega']=(0.499, 0.232)  | resids[ 40]=1.10e-07 cf=0.650
ndofs=   3861552: ['eta_0^p', 'omega']=(0.499, 0.255)  | resids[ 40]=8.70e-08 cf=0.641
ndofs=   3861552: ['eta_0^p', 'omega']=(0.499, 0.277)  | resids[ 40]=7.64e-08 cf=0.647
ndofs=   3861552: ['eta_0^p', 'omega']=(0.499, 0.299)  | resids[ 40]=6.48e-08 cf=0.647
ndofs=   3861552: ['eta_0^p', 'omega']=(0.499, 0.321)  | resids[ 40]=5.10e-08 cf=0.634
ndofs=   3861552: ['eta_0^p', 'omega']=(0.499, 0.344)  | resids[ 40]=4.43e-08 cf=0.639
ndofs=   3861552: ['eta_0^p', 'omega']=(0.499, 0.366)  | resids[ 40]=3.91e-08 cf=0.641
ndofs=   3861552: ['eta_0^p', 'omega']=(0.499, 0.388)  | resids[ 40]=3.28e-08 cf=0.636
ndofs=   3861552: ['eta_0^p', 'omega']=(0.499, 0.41)   | resids[ 40]=2.80e-08 cf=0.629
ndofs=   3861552: ['eta_0^p', 'omega']=(0.499, 0.433)  | resids[ 40]=2.59e-08 cf=0.636
ndofs=   3861552: ['eta_0^p', 'omega']=(0.499, 0.455)  | resids[ 40]=2.24e-08 cf=0.634
ndofs=   3861552: ['eta_0^p', 'omega']=(0.499, 0.477)  | resids[ 40]=2.07e-08 cf=0.636
ndofs=   3861552: ['eta_0^p', 'omega']=(0.499, 0.499)  | resids[ 40]=1.84e-08 cf=0.628
ndofs=   3861552: ['eta_0^p', 'omega']=(0.499, 0.522)  | resids[ 40]=1.61e-08 cf=0.616
ndofs=   3861552: ['eta_0^p', 'omega']=(0.499, 0.544)  | resids[ 40]=1.61e-08 cf=0.621
ndofs=   3861552: ['eta_0^p', 'omega']=(0.499, 0.566)  | resids[ 40]=1.57e-08 cf=0.619
ndofs=   3861552: ['eta_0^p', 'omega']=(0.499, 0.588)  | resids[ 40]=1.53e-08 cf=0.618
ndofs=   3861552: ['eta_0^p', 'omega']=(0.499, 0.611)  | resids[ 40]=1.43e-08 cf=0.617
ndofs=   3861552: ['eta_0^p', 'omega']=(0.499, 0.633)  | resids[ 40]=1.36e-08 cf=0.616
ndofs=   3861552: ['eta_0^p', 'omega']=(0.499, 0.655)  | resids[ 40]=1.31e-08 cf=0.612
ndofs=   3861552: ['eta_0^p', 'omega']=(0.499, 0.677)  | resids[ 40]=1.22e-08 cf=0.606
ndofs=   3861552: ['eta_0^p', 'omega']=(0.499, 0.7)    | resids[ 40]=1.15e-08 cf=0.604
ndofs=   3861552: ['eta_0^p', 'omega']=(0.499, 0.722)  | resids[ 40]=1.13e-08 cf=0.607
ndofs=   3861552: ['eta_0^p', 'omega']=(0.499, 0.744)  | resids[ 40]=1.09e-08 cf=0.603
ndofs=   3861552: ['eta_0^p', 'omega']=(0.499, 0.766)  | resids[ 40]=1.02e-08 cf=0.596
ndofs=   3861552: ['eta_0^p', 'omega']=(0.499, 0.789)  | resids[ 39]=1.80e-08 cf=0.612
ndofs=   3861552: ['eta_0^p', 'omega']=(0.499, 0.811)  | resids[ 40]=1.06e-08 cf=0.604
ndofs=   3861552: ['eta_0^p', 'omega']=(0.499, 0.833)  | resids[ 40]=1.06e-08 cf=0.603
ndofs=   3861552: ['eta_0^p', 'omega']=(0.499, 0.855)  | resids[ 40]=1.05e-08 cf=0.597
ndofs=   3861552: ['eta_0^p', 'omega']=(0.499, 0.878)  | resids[ 40]=1.11e-08 cf=0.596
ndofs=   3861552: ['eta_0^p', 'omega']=(0.499, 0.9)    | resids[ 40]=1.23e-08 cf=0.598
ndofs=   3861552: ['eta_0^p', 'omega']=(0.499, 0.922)  | resids[ 40]=1.38e-08 cf=0.598
ndofs=   3861552: ['eta_0^p', 'omega']=(0.499, 0.944)  | resids[ 40]=1.58e-08 cf=0.606
ndofs=   3861552: ['eta_0^p', 'omega']=(0.499, 0.967)  | resids[ 40]=1.93e-08 cf=0.607
ndofs=   3861552: ['eta_0^p', 'omega']=(0.499, 0.989)  | resids[ 40]=2.46e-08 cf=0.608
ndofs=   3861552: ['eta_0^p', 'omega']=(0.499, 1.011)  | resids[ 40]=3.13e-08 cf=0.619
ndofs=   3861552: ['eta_0^p', 'omega']=(0.499, 1.033)  | resids[ 40]=4.39e-08 cf=0.611
ndofs=   3861552: ['eta_0^p', 'omega']=(0.499, 1.056)  | resids[ 40]=6.64e-08 cf=0.620
ndofs=   3861552: ['eta_0^p', 'omega']=(0.499, 1.078)  | resids[ 40]=2.11e-05 cf=0.738
ndofs=   3861552: ['eta_0^p', 'omega']=(0.499, 1.1)    | resids[ 40]=1.18e-01 cf=0.974
ndofs=   3861552: ['eta_0^p', 'omega']=(0.662, 0.01)   | resids[ 40]=7.98e-05 cf=0.877
ndofs=   3861552: ['eta_0^p', 'omega']=(0.662, 0.032)  | resids[ 40]=1.83e-05 cf=0.816
ndofs=   3861552: ['eta_0^p', 'omega']=(0.662, 0.054)  | resids[ 40]=7.37e-06 cf=0.797
ndofs=   3861552: ['eta_0^p', 'omega']=(0.662, 0.077)  | resids[ 40]=1.66e-06 cf=0.753
ndofs=   3861552: ['eta_0^p', 'omega']=(0.662, 0.099)  | resids[ 40]=4.61e-07 cf=0.702
ndofs=   3861552: ['eta_0^p', 'omega']=(0.662, 0.121)  | resids[ 40]=1.44e-07 cf=0.651
ndofs=   3861552: ['eta_0^p', 'omega']=(0.662, 0.143)  | resids[ 40]=5.82e-08 cf=0.680
ndofs=   3861552: ['eta_0^p', 'omega']=(0.662, 0.166)  | resids[ 40]=2.87e-08 cf=0.624
ndofs=   3861552: ['eta_0^p', 'omega']=(0.662, 0.188)  | resids[ 40]=2.22e-08 cf=0.632
ndofs=   3861552: ['eta_0^p', 'omega']=(0.662, 0.21)   | resids[ 40]=1.48e-08 cf=0.627
ndofs=   3861552: ['eta_0^p', 'omega']=(0.662, 0.232)  | resids[ 40]=1.30e-08 cf=0.619
ndofs=   3861552: ['eta_0^p', 'omega']=(0.662, 0.255)  | resids[ 39]=1.60e-08 cf=0.619
ndofs=   3861552: ['eta_0^p', 'omega']=(0.662, 0.277)  | resids[ 39]=1.08e-08 cf=0.596
ndofs=   3861552: ['eta_0^p', 'omega']=(0.662, 0.299)  | resids[ 39]=1.04e-08 cf=0.612
ndofs=   3861552: ['eta_0^p', 'omega']=(0.662, 0.321)  | resids[ 38]=1.38e-08 cf=0.618
ndofs=   3861552: ['eta_0^p', 'omega']=(0.662, 0.344)  | resids[ 38]=1.09e-08 cf=0.608
ndofs=   3861552: ['eta_0^p', 'omega']=(0.662, 0.366)  | resids[ 37]=1.53e-08 cf=0.605
ndofs=   3861552: ['eta_0^p', 'omega']=(0.662, 0.388)  | resids[ 37]=1.35e-08 cf=0.605
ndofs=   3861552: ['eta_0^p', 'omega']=(0.662, 0.41)   | resids[ 37]=1.15e-08 cf=0.609
ndofs=   3861552: ['eta_0^p', 'omega']=(0.662, 0.433)  | resids[ 36]=1.63e-08 cf=0.604
ndofs=   3861552: ['eta_0^p', 'omega']=(0.662, 0.455)  | resids[ 36]=1.38e-08 cf=0.591
ndofs=   3861552: ['eta_0^p', 'omega']=(0.662, 0.477)  | resids[ 36]=1.23e-08 cf=0.588
ndofs=   3861552: ['eta_0^p', 'omega']=(0.662, 0.499)  | resids[ 36]=1.13e-08 cf=0.589
ndofs=   3861552: ['eta_0^p', 'omega']=(0.662, 0.522)  | resids[ 36]=1.07e-08 cf=0.589
ndofs=   3861552: ['eta_0^p', 'omega']=(0.662, 0.544)  | resids[ 36]=1.03e-08 cf=0.598
ndofs=   3861552: ['eta_0^p', 'omega']=(0.662, 0.566)  | resids[ 35]=1.61e-08 cf=0.594
ndofs=   3861552: ['eta_0^p', 'omega']=(0.662, 0.588)  | resids[ 35]=1.56e-08 cf=0.590
ndofs=   3861552: ['eta_0^p', 'omega']=(0.662, 0.611)  | resids[ 35]=1.44e-08 cf=0.583
ndofs=   3861552: ['eta_0^p', 'omega']=(0.662, 0.633)  | resids[ 35]=1.39e-08 cf=0.584
ndofs=   3861552: ['eta_0^p', 'omega']=(0.662, 0.655)  | resids[ 35]=1.37e-08 cf=0.586
ndofs=   3861552: ['eta_0^p', 'omega']=(0.662, 0.677)  | resids[ 35]=1.30e-08 cf=0.586
ndofs=   3861552: ['eta_0^p', 'omega']=(0.662, 0.7)    | resids[ 35]=1.21e-08 cf=0.581
ndofs=   3861552: ['eta_0^p', 'omega']=(0.662, 0.722)  | resids[ 35]=1.18e-08 cf=0.579
ndofs=   3861552: ['eta_0^p', 'omega']=(0.662, 0.744)  | resids[ 35]=1.17e-08 cf=0.581
ndofs=   3861552: ['eta_0^p', 'omega']=(0.662, 0.766)  | resids[ 35]=1.15e-08 cf=0.585
ndofs=   3861552: ['eta_0^p', 'omega']=(0.662, 0.789)  | resids[ 35]=1.13e-08 cf=0.586
ndofs=   3861552: ['eta_0^p', 'omega']=(0.662, 0.811)  | resids[ 35]=1.13e-08 cf=0.584
ndofs=   3861552: ['eta_0^p', 'omega']=(0.662, 0.833)  | resids[ 35]=1.15e-08 cf=0.583
ndofs=   3861552: ['eta_0^p', 'omega']=(0.662, 0.855)  | resids[ 35]=1.20e-08 cf=0.584
ndofs=   3861552: ['eta_0^p', 'omega']=(0.662, 0.878)  | resids[ 35]=1.30e-08 cf=0.586
ndofs=   3861552: ['eta_0^p', 'omega']=(0.662, 0.9)    | resids[ 35]=1.45e-08 cf=0.585
ndofs=   3861552: ['eta_0^p', 'omega']=(0.662, 0.922)  | resids[ 35]=1.65e-08 cf=0.583
ndofs=   3861552: ['eta_0^p', 'omega']=(0.662, 0.944)  | resids[ 36]=1.10e-08 cf=0.571
ndofs=   3861552: ['eta_0^p', 'omega']=(0.662, 0.967)  | resids[ 36]=1.35e-08 cf=0.576
ndofs=   3861552: ['eta_0^p', 'omega']=(0.662, 0.989)  | resids[ 37]=1.10e-08 cf=0.589
ndofs=   3861552: ['eta_0^p', 'omega']=(0.662, 1.011)  | resids[ 37]=1.28e-08 cf=0.587
ndofs=   3861552: ['eta_0^p', 'omega']=(0.662, 1.033)  | resids[ 37]=1.61e-08 cf=0.578
ndofs=   3861552: ['eta_0^p', 'omega']=(0.662, 1.056)  | resids[ 38]=1.44e-08 cf=0.589
ndofs=   3861552: ['eta_0^p', 'omega']=(0.662, 1.078)  | resids[ 40]=1.82e-05 cf=0.782
ndofs=   3861552: ['eta_0^p', 'omega']=(0.662, 1.1)    | resids[ 40]=9.60e-02 cf=0.979
ndofs=   3861552: ['eta_0^p', 'omega']=(0.825, 0.01)   | resids[ 40]=6.12e-05 cf=0.860
ndofs=   3861552: ['eta_0^p', 'omega']=(0.825, 0.032)  | resids[ 40]=1.49e-05 cf=0.816
ndofs=   3861552: ['eta_0^p', 'omega']=(0.825, 0.054)  | resids[ 40]=5.52e-06 cf=0.783
ndofs=   3861552: ['eta_0^p', 'omega']=(0.825, 0.077)  | resids[ 40]=1.35e-06 cf=0.745
ndofs=   3861552: ['eta_0^p', 'omega']=(0.825, 0.099)  | resids[ 40]=3.51e-07 cf=0.696
ndofs=   3861552: ['eta_0^p', 'omega']=(0.825, 0.121)  | resids[ 40]=1.17e-07 cf=0.677
ndofs=   3861552: ['eta_0^p', 'omega']=(0.825, 0.143)  | resids[ 40]=4.17e-08 cf=0.668
ndofs=   3861552: ['eta_0^p', 'omega']=(0.825, 0.166)  | resids[ 40]=1.49e-08 cf=0.644
ndofs=   3861552: ['eta_0^p', 'omega']=(0.825, 0.188)  | resids[ 39]=1.02e-08 cf=0.620
ndofs=   3861552: ['eta_0^p', 'omega']=(0.825, 0.21)   | resids[ 37]=1.22e-08 cf=0.591
ndofs=   3861552: ['eta_0^p', 'omega']=(0.825, 0.232)  | resids[ 36]=1.42e-08 cf=0.579
ndofs=   3861552: ['eta_0^p', 'omega']=(0.825, 0.255)  | resids[ 36]=1.28e-08 cf=0.597
ndofs=   3861552: ['eta_0^p', 'omega']=(0.825, 0.277)  | resids[ 35]=1.69e-08 cf=0.623
ndofs=   3861552: ['eta_0^p', 'omega']=(0.825, 0.299)  | resids[ 35]=1.25e-08 cf=0.606
ndofs=   3861552: ['eta_0^p', 'omega']=(0.825, 0.321)  | resids[ 35]=1.01e-08 cf=0.602
ndofs=   3861552: ['eta_0^p', 'omega']=(0.825, 0.344)  | resids[ 34]=1.31e-08 cf=0.575
ndofs=   3861552: ['eta_0^p', 'omega']=(0.825, 0.366)  | resids[ 34]=1.05e-08 cf=0.570
ndofs=   3861552: ['eta_0^p', 'omega']=(0.825, 0.388)  | resids[ 33]=1.55e-08 cf=0.565
ndofs=   3861552: ['eta_0^p', 'omega']=(0.825, 0.41)   | resids[ 33]=1.36e-08 cf=0.566
ndofs=   3861552: ['eta_0^p', 'omega']=(0.825, 0.433)  | resids[ 33]=1.09e-08 cf=0.550
ndofs=   3861552: ['eta_0^p', 'omega']=(0.825, 0.455)  | resids[ 32]=1.81e-08 cf=0.556
ndofs=   3861552: ['eta_0^p', 'omega']=(0.825, 0.477)  | resids[ 32]=1.52e-08 cf=0.546
ndofs=   3861552: ['eta_0^p', 'omega']=(0.825, 0.499)  | resids[ 32]=1.38e-08 cf=0.553
ndofs=   3861552: ['eta_0^p', 'omega']=(0.825, 0.522)  | resids[ 32]=1.22e-08 cf=0.545
ndofs=   3861552: ['eta_0^p', 'omega']=(0.825, 0.544)  | resids[ 32]=1.18e-08 cf=0.545
ndofs=   3861552: ['eta_0^p', 'omega']=(0.825, 0.566)  | resids[ 32]=1.11e-08 cf=0.549
ndofs=   3861552: ['eta_0^p', 'omega']=(0.825, 0.588)  | resids[ 32]=1.02e-08 cf=0.547
ndofs=   3861552: ['eta_0^p', 'omega']=(0.825, 0.611)  | resids[ 31]=1.83e-08 cf=0.540
ndofs=   3861552: ['eta_0^p', 'omega']=(0.825, 0.633)  | resids[ 31]=1.75e-08 cf=0.541
ndofs=   3861552: ['eta_0^p', 'omega']=(0.825, 0.655)  | resids[ 31]=1.70e-08 cf=0.546
ndofs=   3861552: ['eta_0^p', 'omega']=(0.825, 0.677)  | resids[ 31]=1.70e-08 cf=0.546
ndofs=   3861552: ['eta_0^p', 'omega']=(0.825, 0.7)    | resids[ 31]=1.65e-08 cf=0.543
ndofs=   3861552: ['eta_0^p', 'omega']=(0.825, 0.722)  | resids[ 31]=1.53e-08 cf=0.541
ndofs=   3861552: ['eta_0^p', 'omega']=(0.825, 0.744)  | resids[ 31]=1.42e-08 cf=0.544
ndofs=   3861552: ['eta_0^p', 'omega']=(0.825, 0.766)  | resids[ 31]=1.37e-08 cf=0.549
ndofs=   3861552: ['eta_0^p', 'omega']=(0.825, 0.789)  | resids[ 31]=1.39e-08 cf=0.557
ndofs=   3861552: ['eta_0^p', 'omega']=(0.825, 0.811)  | resids[ 31]=1.39e-08 cf=0.557
ndofs=   3861552: ['eta_0^p', 'omega']=(0.825, 0.833)  | resids[ 31]=1.40e-08 cf=0.552
ndofs=   3861552: ['eta_0^p', 'omega']=(0.825, 0.855)  | resids[ 31]=1.48e-08 cf=0.549
ndofs=   3861552: ['eta_0^p', 'omega']=(0.825, 0.878)  | resids[ 31]=1.63e-08 cf=0.550
ndofs=   3861552: ['eta_0^p', 'omega']=(0.825, 0.9)    | resids[ 32]=1.02e-08 cf=0.545
ndofs=   3861552: ['eta_0^p', 'omega']=(0.825, 0.922)  | resids[ 32]=1.18e-08 cf=0.546
ndofs=   3861552: ['eta_0^p', 'omega']=(0.825, 0.944)  | resids[ 32]=1.42e-08 cf=0.553
ndofs=   3861552: ['eta_0^p', 'omega']=(0.825, 0.967)  | resids[ 32]=1.87e-08 cf=0.555
ndofs=   3861552: ['eta_0^p', 'omega']=(0.825, 0.989)  | resids[ 33]=1.32e-08 cf=0.562
ndofs=   3861552: ['eta_0^p', 'omega']=(0.825, 1.011)  | resids[ 33]=1.67e-08 cf=0.557
ndofs=   3861552: ['eta_0^p', 'omega']=(0.825, 1.033)  | resids[ 34]=1.14e-08 cf=0.561
ndofs=   3861552: ['eta_0^p', 'omega']=(0.825, 1.056)  | resids[ 35]=1.05e-08 cf=0.551
ndofs=   3861552: ['eta_0^p', 'omega']=(0.825, 1.078)  | resids[ 40]=1.17e-05 cf=0.766
ndofs=   3861552: ['eta_0^p', 'omega']=(0.825, 1.1)    | resids[ 40]=7.62e-02 cf=0.983
ndofs=   3861552: ['eta_0^p', 'omega']=(0.988, 0.01)   | resids[ 40]=6.17e-05 cf=0.854
ndofs=   3861552: ['eta_0^p', 'omega']=(0.988, 0.032)  | resids[ 40]=1.30e-05 cf=0.815
ndofs=   3861552: ['eta_0^p', 'omega']=(0.988, 0.054)  | resids[ 40]=4.44e-06 cf=0.781
ndofs=   3861552: ['eta_0^p', 'omega']=(0.988, 0.077)  | resids[ 40]=1.18e-06 cf=0.739
ndofs=   3861552: ['eta_0^p', 'omega']=(0.988, 0.099)  | resids[ 40]=3.18e-07 cf=0.699
ndofs=   3861552: ['eta_0^p', 'omega']=(0.988, 0.121)  | resids[ 40]=1.22e-07 cf=0.699
ndofs=   3861552: ['eta_0^p', 'omega']=(0.988, 0.143)  | resids[ 40]=3.90e-08 cf=0.663
ndofs=   3861552: ['eta_0^p', 'omega']=(0.988, 0.166)  | resids[ 40]=1.19e-08 cf=0.648
ndofs=   3861552: ['eta_0^p', 'omega']=(0.988, 0.188)  | resids[ 38]=1.27e-08 cf=0.632
ndofs=   3861552: ['eta_0^p', 'omega']=(0.988, 0.21)   | resids[ 36]=1.24e-08 cf=0.624
ndofs=   3861552: ['eta_0^p', 'omega']=(0.988, 0.232)  | resids[ 34]=1.71e-08 cf=0.584
ndofs=   3861552: ['eta_0^p', 'omega']=(0.988, 0.255)  | resids[ 33]=1.32e-08 cf=0.537
ndofs=   3861552: ['eta_0^p', 'omega']=(0.988, 0.277)  | resids[ 33]=1.20e-08 cf=0.589
ndofs=   3861552: ['eta_0^p', 'omega']=(0.988, 0.299)  | resids[ 32]=1.46e-08 cf=0.565
ndofs=   3861552: ['eta_0^p', 'omega']=(0.988, 0.321)  | resids[ 32]=1.11e-08 cf=0.560
ndofs=   3861552: ['eta_0^p', 'omega']=(0.988, 0.344)  | resids[ 31]=1.58e-08 cf=0.536
ndofs=   3861552: ['eta_0^p', 'omega']=(0.988, 0.366)  | resids[ 31]=1.33e-08 cf=0.539
ndofs=   3861552: ['eta_0^p', 'omega']=(0.988, 0.388)  | resids[ 31]=1.05e-08 cf=0.530
ndofs=   3861552: ['eta_0^p', 'omega']=(0.988, 0.41)   | resids[ 30]=1.75e-08 cf=0.535
ndofs=   3861552: ['eta_0^p', 'omega']=(0.988, 0.433)  | resids[ 30]=1.41e-08 cf=0.537
ndofs=   3861552: ['eta_0^p', 'omega']=(0.988, 0.455)  | resids[ 30]=1.21e-08 cf=0.537
ndofs=   3861552: ['eta_0^p', 'omega']=(0.988, 0.477)  | resids[ 29]=1.92e-08 cf=0.534
ndofs=   3861552: ['eta_0^p', 'omega']=(0.988, 0.499)  | resids[ 29]=1.61e-08 cf=0.516
ndofs=   3861552: ['eta_0^p', 'omega']=(0.988, 0.522)  | resids[ 29]=1.54e-08 cf=0.518
ndofs=   3861552: ['eta_0^p', 'omega']=(0.988, 0.544)  | resids[ 29]=1.44e-08 cf=0.518
ndofs=   3861552: ['eta_0^p', 'omega']=(0.988, 0.566)  | resids[ 29]=1.28e-08 cf=0.510
ndofs=   3861552: ['eta_0^p', 'omega']=(0.988, 0.588)  | resids[ 29]=1.21e-08 cf=0.507
ndofs=   3861552: ['eta_0^p', 'omega']=(0.988, 0.611)  | resids[ 29]=1.20e-08 cf=0.510
ndofs=   3861552: ['eta_0^p', 'omega']=(0.988, 0.633)  | resids[ 29]=1.20e-08 cf=0.512
ndofs=   3861552: ['eta_0^p', 'omega']=(0.988, 0.655)  | resids[ 29]=1.14e-08 cf=0.512
ndofs=   3861552: ['eta_0^p', 'omega']=(0.988, 0.677)  | resids[ 29]=1.07e-08 cf=0.509
ndofs=   3861552: ['eta_0^p', 'omega']=(0.988, 0.7)    | resids[ 29]=1.04e-08 cf=0.509
ndofs=   3861552: ['eta_0^p', 'omega']=(0.988, 0.722)  | resids[ 28]=1.94e-08 cf=0.510
ndofs=   3861552: ['eta_0^p', 'omega']=(0.988, 0.744)  | resids[ 28]=1.71e-08 cf=0.507
ndofs=   3861552: ['eta_0^p', 'omega']=(0.988, 0.766)  | resids[ 28]=1.61e-08 cf=0.509
ndofs=   3861552: ['eta_0^p', 'omega']=(0.988, 0.789)  | resids[ 28]=1.61e-08 cf=0.513
ndofs=   3861552: ['eta_0^p', 'omega']=(0.988, 0.811)  | resids[ 28]=1.62e-08 cf=0.516
ndofs=   3861552: ['eta_0^p', 'omega']=(0.988, 0.833)  | resids[ 28]=1.64e-08 cf=0.513
ndofs=   3861552: ['eta_0^p', 'omega']=(0.988, 0.855)  | resids[ 28]=1.68e-08 cf=0.509
ndofs=   3861552: ['eta_0^p', 'omega']=(0.988, 0.878)  | resids[ 28]=1.83e-08 cf=0.504
ndofs=   3861552: ['eta_0^p', 'omega']=(0.988, 0.9)    | resids[ 29]=1.10e-08 cf=0.511
ndofs=   3861552: ['eta_0^p', 'omega']=(0.988, 0.922)  | resids[ 29]=1.33e-08 cf=0.517
ndofs=   3861552: ['eta_0^p', 'omega']=(0.988, 0.944)  | resids[ 29]=1.61e-08 cf=0.518
ndofs=   3861552: ['eta_0^p', 'omega']=(0.988, 0.967)  | resids[ 30]=1.04e-08 cf=0.523
ndofs=   3861552: ['eta_0^p', 'omega']=(0.988, 0.989)  | resids[ 30]=1.43e-08 cf=0.523
ndofs=   3861552: ['eta_0^p', 'omega']=(0.988, 1.011)  | resids[ 30]=1.78e-08 cf=0.520
ndofs=   3861552: ['eta_0^p', 'omega']=(0.988, 1.033)  | resids[ 31]=1.31e-08 cf=0.535
ndofs=   3861552: ['eta_0^p', 'omega']=(0.988, 1.056)  | resids[ 31]=1.91e-08 cf=0.537
ndofs=   3861552: ['eta_0^p', 'omega']=(0.988, 1.078)  | resids[ 40]=7.10e-06 cf=0.723
ndofs=   3861552: ['eta_0^p', 'omega']=(0.988, 1.1)    | resids[ 40]=5.89e-02 cf=0.984
ndofs=   3861552: ['eta_0^p', 'omega']=(1.151, 0.01)   | resids[ 40]=5.79e-05 cf=0.846
ndofs=   3861552: ['eta_0^p', 'omega']=(1.151, 0.032)  | resids[ 40]=1.16e-05 cf=0.800
ndofs=   3861552: ['eta_0^p', 'omega']=(1.151, 0.054)  | resids[ 40]=3.60e-06 cf=0.776
ndofs=   3861552: ['eta_0^p', 'omega']=(1.151, 0.077)  | resids[ 40]=1.02e-06 cf=0.734
ndofs=   3861552: ['eta_0^p', 'omega']=(1.151, 0.099)  | resids[ 40]=2.92e-07 cf=0.715
ndofs=   3861552: ['eta_0^p', 'omega']=(1.151, 0.121)  | resids[ 40]=1.05e-07 cf=0.707
ndofs=   3861552: ['eta_0^p', 'omega']=(1.151, 0.143)  | resids[ 40]=3.49e-08 cf=0.673
ndofs=   3861552: ['eta_0^p', 'omega']=(1.151, 0.166)  | resids[ 40]=1.02e-08 cf=0.656
ndofs=   3861552: ['eta_0^p', 'omega']=(1.151, 0.188)  | resids[ 38]=1.15e-08 cf=0.639
ndofs=   3861552: ['eta_0^p', 'omega']=(1.151, 0.21)   | resids[ 36]=1.04e-08 cf=0.626
ndofs=   3861552: ['eta_0^p', 'omega']=(1.151, 0.232)  | resids[ 34]=1.27e-08 cf=0.587
ndofs=   3861552: ['eta_0^p', 'omega']=(1.151, 0.255)  | resids[ 32]=1.49e-08 cf=0.560
ndofs=   3861552: ['eta_0^p', 'omega']=(1.151, 0.277)  | resids[ 31]=1.69e-08 cf=0.569
ndofs=   3861552: ['eta_0^p', 'omega']=(1.151, 0.299)  | resids[ 30]=1.25e-08 cf=0.512
ndofs=   3861552: ['eta_0^p', 'omega']=(1.151, 0.321)  | resids[ 29]=1.85e-08 cf=0.513
ndofs=   3861552: ['eta_0^p', 'omega']=(1.151, 0.344)  | resids[ 29]=1.57e-08 cf=0.527
ndofs=   3861552: ['eta_0^p', 'omega']=(1.151, 0.366)  | resids[ 29]=1.15e-08 cf=0.512
ndofs=   3861552: ['eta_0^p', 'omega']=(1.151, 0.388)  | resids[ 28]=1.88e-08 cf=0.516
ndofs=   3861552: ['eta_0^p', 'omega']=(1.151, 0.41)   | resids[ 28]=1.48e-08 cf=0.517
ndofs=   3861552: ['eta_0^p', 'omega']=(1.151, 0.433)  | resids[ 28]=1.31e-08 cf=0.521
ndofs=   3861552: ['eta_0^p', 'omega']=(1.151, 0.455)  | resids[ 28]=1.09e-08 cf=0.515
ndofs=   3861552: ['eta_0^p', 'omega']=(1.151, 0.477)  | resids[ 27]=1.91e-08 cf=0.520
ndofs=   3861552: ['eta_0^p', 'omega']=(1.151, 0.499)  | resids[ 27]=1.56e-08 cf=0.499
ndofs=   3861552: ['eta_0^p', 'omega']=(1.151, 0.522)  | resids[ 27]=1.36e-08 cf=0.490
ndofs=   3861552: ['eta_0^p', 'omega']=(1.151, 0.544)  | resids[ 27]=1.34e-08 cf=0.498
ndofs=   3861552: ['eta_0^p', 'omega']=(1.151, 0.566)  | resids[ 27]=1.20e-08 cf=0.495
ndofs=   3861552: ['eta_0^p', 'omega']=(1.151, 0.588)  | resids[ 27]=1.05e-08 cf=0.488
ndofs=   3861552: ['eta_0^p', 'omega']=(1.151, 0.611)  | resids[ 27]=1.05e-08 cf=0.487
ndofs=   3861552: ['eta_0^p', 'omega']=(1.151, 0.633)  | resids[ 27]=1.08e-08 cf=0.491
ndofs=   3861552: ['eta_0^p', 'omega']=(1.151, 0.655)  | resids[ 27]=1.08e-08 cf=0.495
ndofs=   3861552: ['eta_0^p', 'omega']=(1.151, 0.677)  | resids[ 27]=1.04e-08 cf=0.496
ndofs=   3861552: ['eta_0^p', 'omega']=(1.151, 0.7)    | resids[ 26]=2.03e-08 cf=0.498
ndofs=   3861552: ['eta_0^p', 'omega']=(1.151, 0.722)  | resids[ 26]=1.95e-08 cf=0.502
ndofs=   3861552: ['eta_0^p', 'omega']=(1.151, 0.744)  | resids[ 26]=1.75e-08 cf=0.502
ndofs=   3861552: ['eta_0^p', 'omega']=(1.151, 0.766)  | resids[ 26]=1.52e-08 cf=0.498
ndofs=   3861552: ['eta_0^p', 'omega']=(1.151, 0.789)  | resids[ 26]=1.40e-08 cf=0.493
ndofs=   3861552: ['eta_0^p', 'omega']=(1.151, 0.811)  | resids[ 26]=1.37e-08 cf=0.489
ndofs=   3861552: ['eta_0^p', 'omega']=(1.151, 0.833)  | resids[ 26]=1.42e-08 cf=0.488
ndofs=   3861552: ['eta_0^p', 'omega']=(1.151, 0.855)  | resids[ 26]=1.52e-08 cf=0.489
ndofs=   3861552: ['eta_0^p', 'omega']=(1.151, 0.878)  | resids[ 26]=1.68e-08 cf=0.491
ndofs=   3861552: ['eta_0^p', 'omega']=(1.151, 0.9)    | resids[ 26]=1.94e-08 cf=0.494
ndofs=   3861552: ['eta_0^p', 'omega']=(1.151, 0.922)  | resids[ 27]=1.11e-08 cf=0.497
ndofs=   3861552: ['eta_0^p', 'omega']=(1.151, 0.944)  | resids[ 27]=1.35e-08 cf=0.499
ndofs=   3861552: ['eta_0^p', 'omega']=(1.151, 0.967)  | resids[ 27]=1.86e-08 cf=0.510
ndofs=   3861552: ['eta_0^p', 'omega']=(1.151, 0.989)  | resids[ 28]=1.14e-08 cf=0.500
ndofs=   3861552: ['eta_0^p', 'omega']=(1.151, 1.011)  | resids[ 28]=1.44e-08 cf=0.495
ndofs=   3861552: ['eta_0^p', 'omega']=(1.151, 1.033)  | resids[ 29]=1.17e-08 cf=0.508
ndofs=   3861552: ['eta_0^p', 'omega']=(1.151, 1.056)  | resids[ 30]=1.66e-08 cf=0.520
ndofs=   3861552: ['eta_0^p', 'omega']=(1.151, 1.078)  | resids[ 40]=5.67e-06 cf=0.727
ndofs=   3861552: ['eta_0^p', 'omega']=(1.151, 1.1)    | resids[ 40]=4.49e-02 cf=0.987
ndofs=   3861552: ['eta_0^p', 'omega']=(1.314, 0.01)   | resids[ 40]=5.40e-05 cf=0.847
ndofs=   3861552: ['eta_0^p', 'omega']=(1.314, 0.032)  | resids[ 40]=1.06e-05 cf=0.801
ndofs=   3861552: ['eta_0^p', 'omega']=(1.314, 0.054)  | resids[ 40]=3.59e-06 cf=0.780
ndofs=   3861552: ['eta_0^p', 'omega']=(1.314, 0.077)  | resids[ 40]=9.05e-07 cf=0.738
ndofs=   3861552: ['eta_0^p', 'omega']=(1.314, 0.099)  | resids[ 40]=2.77e-07 cf=0.734
ndofs=   3861552: ['eta_0^p', 'omega']=(1.314, 0.121)  | resids[ 40]=9.26e-08 cf=0.709
ndofs=   3861552: ['eta_0^p', 'omega']=(1.314, 0.143)  | resids[ 40]=2.95e-08 cf=0.669
ndofs=   3861552: ['eta_0^p', 'omega']=(1.314, 0.166)  | resids[ 39]=1.30e-08 cf=0.652
ndofs=   3861552: ['eta_0^p', 'omega']=(1.314, 0.188)  | resids[ 37]=1.55e-08 cf=0.639
ndofs=   3861552: ['eta_0^p', 'omega']=(1.314, 0.21)   | resids[ 35]=1.44e-08 cf=0.611
ndofs=   3861552: ['eta_0^p', 'omega']=(1.314, 0.232)  | resids[ 34]=1.04e-08 cf=0.574
ndofs=   3861552: ['eta_0^p', 'omega']=(1.314, 0.255)  | resids[ 32]=1.22e-08 cf=0.544
ndofs=   3861552: ['eta_0^p', 'omega']=(1.314, 0.277)  | resids[ 31]=1.22e-08 cf=0.547
ndofs=   3861552: ['eta_0^p', 'omega']=(1.314, 0.299)  | resids[ 30]=1.03e-08 cf=0.518
ndofs=   3861552: ['eta_0^p', 'omega']=(1.314, 0.321)  | resids[ 29]=1.13e-08 cf=0.526
ndofs=   3861552: ['eta_0^p', 'omega']=(1.314, 0.344)  | resids[ 28]=1.19e-08 cf=0.507
ndofs=   3861552: ['eta_0^p', 'omega']=(1.314, 0.366)  | resids[ 27]=1.46e-08 cf=0.501
ndofs=   3861552: ['eta_0^p', 'omega']=(1.314, 0.388)  | resids[ 27]=1.06e-08 cf=0.491
ndofs=   3861552: ['eta_0^p', 'omega']=(1.314, 0.41)   | resids[ 26]=1.79e-08 cf=0.507
ndofs=   3861552: ['eta_0^p', 'omega']=(1.314, 0.433)  | resids[ 26]=1.44e-08 cf=0.504
ndofs=   3861552: ['eta_0^p', 'omega']=(1.314, 0.455)  | resids[ 26]=1.24e-08 cf=0.509
ndofs=   3861552: ['eta_0^p', 'omega']=(1.314, 0.477)  | resids[ 25]=2.15e-08 cf=0.524
ndofs=   3861552: ['eta_0^p', 'omega']=(1.314, 0.499)  | resids[ 25]=1.78e-08 cf=0.507
ndofs=   3861552: ['eta_0^p', 'omega']=(1.314, 0.522)  | resids[ 25]=1.50e-08 cf=0.494
ndofs=   3861552: ['eta_0^p', 'omega']=(1.314, 0.544)  | resids[ 25]=1.52e-08 cf=0.504
ndofs=   3861552: ['eta_0^p', 'omega']=(1.314, 0.566)  | resids[ 25]=1.49e-08 cf=0.509
ndofs=   3861552: ['eta_0^p', 'omega']=(1.314, 0.588)  | resids[ 25]=1.36e-08 cf=0.504
ndofs=   3861552: ['eta_0^p', 'omega']=(1.314, 0.611)  | resids[ 25]=1.35e-08 cf=0.501
ndofs=   3861552: ['eta_0^p', 'omega']=(1.314, 0.633)  | resids[ 25]=1.34e-08 cf=0.498
ndofs=   3861552: ['eta_0^p', 'omega']=(1.314, 0.655)  | resids[ 25]=1.32e-08 cf=0.496
ndofs=   3861552: ['eta_0^p', 'omega']=(1.314, 0.677)  | resids[ 25]=1.30e-08 cf=0.494
ndofs=   3861552: ['eta_0^p', 'omega']=(1.314, 0.7)    | resids[ 25]=1.26e-08 cf=0.494
ndofs=   3861552: ['eta_0^p', 'omega']=(1.314, 0.722)  | resids[ 25]=1.16e-08 cf=0.492
ndofs=   3861552: ['eta_0^p', 'omega']=(1.314, 0.744)  | resids[ 24]=2.14e-08 cf=0.487
ndofs=   3861552: ['eta_0^p', 'omega']=(1.314, 0.766)  | resids[ 24]=1.86e-08 cf=0.480
ndofs=   3861552: ['eta_0^p', 'omega']=(1.314, 0.789)  | resids[ 24]=1.71e-08 cf=0.480
ndofs=   3861552: ['eta_0^p', 'omega']=(1.314, 0.811)  | resids[ 24]=1.72e-08 cf=0.485
ndofs=   3861552: ['eta_0^p', 'omega']=(1.314, 0.833)  | resids[ 24]=1.75e-08 cf=0.487
ndofs=   3861552: ['eta_0^p', 'omega']=(1.314, 0.855)  | resids[ 24]=1.83e-08 cf=0.490
ndofs=   3861552: ['eta_0^p', 'omega']=(1.314, 0.878)  | resids[ 24]=1.96e-08 cf=0.494
ndofs=   3861552: ['eta_0^p', 'omega']=(1.314, 0.9)    | resids[ 25]=1.11e-08 cf=0.501
ndofs=   3861552: ['eta_0^p', 'omega']=(1.314, 0.922)  | resids[ 25]=1.28e-08 cf=0.501
ndofs=   3861552: ['eta_0^p', 'omega']=(1.314, 0.944)  | resids[ 25]=1.50e-08 cf=0.498
ndofs=   3861552: ['eta_0^p', 'omega']=(1.314, 0.967)  | resids[ 25]=1.90e-08 cf=0.502
ndofs=   3861552: ['eta_0^p', 'omega']=(1.314, 0.989)  | resids[ 26]=1.06e-08 cf=0.474
ndofs=   3861552: ['eta_0^p', 'omega']=(1.314, 1.011)  | resids[ 26]=1.58e-08 cf=0.480
ndofs=   3861552: ['eta_0^p', 'omega']=(1.314, 1.033)  | resids[ 27]=1.13e-08 cf=0.482
ndofs=   3861552: ['eta_0^p', 'omega']=(1.314, 1.056)  | resids[ 30]=1.33e-08 cf=0.518
ndofs=   3861552: ['eta_0^p', 'omega']=(1.314, 1.078)  | resids[ 40]=4.67e-06 cf=0.738
ndofs=   3861552: ['eta_0^p', 'omega']=(1.314, 1.1)    | resids[ 40]=3.47e-02 cf=0.988
ndofs=   3861552: ['eta_0^p', 'omega']=(1.478, 0.01)   | resids[ 40]=4.80e-05 cf=0.852
ndofs=   3861552: ['eta_0^p', 'omega']=(1.478, 0.032)  | resids[ 40]=9.67e-06 cf=0.796
ndofs=   3861552: ['eta_0^p', 'omega']=(1.478, 0.054)  | resids[ 40]=3.31e-06 cf=0.777
ndofs=   3861552: ['eta_0^p', 'omega']=(1.478, 0.077)  | resids[ 40]=8.31e-07 cf=0.747
ndofs=   3861552: ['eta_0^p', 'omega']=(1.478, 0.099)  | resids[ 40]=2.69e-07 cf=0.729
ndofs=   3861552: ['eta_0^p', 'omega']=(1.478, 0.121)  | resids[ 40]=8.75e-08 cf=0.716
ndofs=   3861552: ['eta_0^p', 'omega']=(1.478, 0.143)  | resids[ 40]=2.69e-08 cf=0.676
ndofs=   3861552: ['eta_0^p', 'omega']=(1.478, 0.166)  | resids[ 39]=1.23e-08 cf=0.652
ndofs=   3861552: ['eta_0^p', 'omega']=(1.478, 0.188)  | resids[ 37]=1.31e-08 cf=0.633
ndofs=   3861552: ['eta_0^p', 'omega']=(1.478, 0.21)   | resids[ 35]=1.36e-08 cf=0.614
ndofs=   3861552: ['eta_0^p', 'omega']=(1.478, 0.232)  | resids[ 33]=1.44e-08 cf=0.577
ndofs=   3861552: ['eta_0^p', 'omega']=(1.478, 0.255)  | resids[ 32]=1.12e-08 cf=0.544
ndofs=   3861552: ['eta_0^p', 'omega']=(1.478, 0.277)  | resids[ 30]=1.82e-08 cf=0.535
ndofs=   3861552: ['eta_0^p', 'omega']=(1.478, 0.299)  | resids[ 29]=1.84e-08 cf=0.559
ndofs=   3861552: ['eta_0^p', 'omega']=(1.478, 0.321)  | resids[ 29]=1.01e-08 cf=0.533
ndofs=   3861552: ['eta_0^p', 'omega']=(1.478, 0.344)  | resids[ 27]=2.18e-08 cf=0.535
ndofs=   3861552: ['eta_0^p', 'omega']=(1.478, 0.366)  | resids[ 27]=1.05e-08 cf=0.506
ndofs=   3861552: ['eta_0^p', 'omega']=(1.478, 0.388)  | resids[ 26]=1.23e-08 cf=0.514
ndofs=   3861552: ['eta_0^p', 'omega']=(1.478, 0.41)   | resids[ 25]=1.41e-08 cf=0.509
ndofs=   3861552: ['eta_0^p', 'omega']=(1.478, 0.433)  | resids[ 24]=1.92e-08 cf=0.493
ndofs=   3861552: ['eta_0^p', 'omega']=(1.478, 0.455)  | resids[ 24]=1.56e-08 cf=0.487
ndofs=   3861552: ['eta_0^p', 'omega']=(1.478, 0.477)  | resids[ 24]=1.31e-08 cf=0.484
ndofs=   3861552: ['eta_0^p', 'omega']=(1.478, 0.499)  | resids[ 24]=1.20e-08 cf=0.490
ndofs=   3861552: ['eta_0^p', 'omega']=(1.478, 0.522)  | resids[ 24]=1.10e-08 cf=0.491
ndofs=   3861552: ['eta_0^p', 'omega']=(1.478, 0.544)  | resids[ 23]=2.21e-08 cf=0.483
ndofs=   3861552: ['eta_0^p', 'omega']=(1.478, 0.566)  | resids[ 23]=2.14e-08 cf=0.486
ndofs=   3861552: ['eta_0^p', 'omega']=(1.478, 0.588)  | resids[ 23]=2.06e-08 cf=0.480
ndofs=   3861552: ['eta_0^p', 'omega']=(1.478, 0.611)  | resids[ 23]=1.99e-08 cf=0.473
ndofs=   3861552: ['eta_0^p', 'omega']=(1.478, 0.633)  | resids[ 23]=1.93e-08 cf=0.469
ndofs=   3861552: ['eta_0^p', 'omega']=(1.478, 0.655)  | resids[ 23]=1.92e-08 cf=0.468
ndofs=   3861552: ['eta_0^p', 'omega']=(1.478, 0.677)  | resids[ 23]=1.93e-08 cf=0.470
ndofs=   3861552: ['eta_0^p', 'omega']=(1.478, 0.7)    | resids[ 23]=1.90e-08 cf=0.471
ndofs=   3861552: ['eta_0^p', 'omega']=(1.478, 0.722)  | resids[ 23]=1.81e-08 cf=0.472
ndofs=   3861552: ['eta_0^p', 'omega']=(1.478, 0.744)  | resids[ 23]=1.64e-08 cf=0.469
ndofs=   3861552: ['eta_0^p', 'omega']=(1.478, 0.766)  | resids[ 23]=1.43e-08 cf=0.462
ndofs=   3861552: ['eta_0^p', 'omega']=(1.478, 0.789)  | resids[ 23]=1.26e-08 cf=0.456
ndofs=   3861552: ['eta_0^p', 'omega']=(1.478, 0.811)  | resids[ 23]=1.19e-08 cf=0.455
ndofs=   3861552: ['eta_0^p', 'omega']=(1.478, 0.833)  | resids[ 23]=1.21e-08 cf=0.458
ndofs=   3861552: ['eta_0^p', 'omega']=(1.478, 0.855)  | resids[ 23]=1.27e-08 cf=0.464
ndofs=   3861552: ['eta_0^p', 'omega']=(1.478, 0.878)  | resids[ 23]=1.36e-08 cf=0.470
ndofs=   3861552: ['eta_0^p', 'omega']=(1.478, 0.9)    | resids[ 23]=1.46e-08 cf=0.471
ndofs=   3861552: ['eta_0^p', 'omega']=(1.478, 0.922)  | resids[ 23]=1.58e-08 cf=0.466
ndofs=   3861552: ['eta_0^p', 'omega']=(1.478, 0.944)  | resids[ 23]=1.91e-08 cf=0.465
ndofs=   3861552: ['eta_0^p', 'omega']=(1.478, 0.967)  | resids[ 24]=1.14e-08 cf=0.475
ndofs=   3861552: ['eta_0^p', 'omega']=(1.478, 0.989)  | resids[ 24]=1.44e-08 cf=0.470
ndofs=   3861552: ['eta_0^p', 'omega']=(1.478, 1.011)  | resids[ 24]=1.91e-08 cf=0.474
ndofs=   3861552: ['eta_0^p', 'omega']=(1.478, 1.033)  | resids[ 25]=1.30e-08 cf=0.477
ndofs=   3861552: ['eta_0^p', 'omega']=(1.478, 1.056)  | resids[ 29]=2.06e-08 cf=0.518
ndofs=   3861552: ['eta_0^p', 'omega']=(1.478, 1.078)  | resids[ 40]=3.53e-06 cf=0.734
ndofs=   3861552: ['eta_0^p', 'omega']=(1.478, 1.1)    | resids[ 40]=2.85e-02 cf=0.986
ndofs=   3861552: ['eta_0^p', 'omega']=(1.641, 0.01)   | resids[ 40]=4.98e-05 cf=0.863
ndofs=   3861552: ['eta_0^p', 'omega']=(1.641, 0.032)  | resids[ 40]=8.96e-06 cf=0.792
ndofs=   3861552: ['eta_0^p', 'omega']=(1.641, 0.054)  | resids[ 40]=2.95e-06 cf=0.770
ndofs=   3861552: ['eta_0^p', 'omega']=(1.641, 0.077)  | resids[ 40]=7.76e-07 cf=0.755
ndofs=   3861552: ['eta_0^p', 'omega']=(1.641, 0.099)  | resids[ 40]=2.46e-07 cf=0.720
ndofs=   3861552: ['eta_0^p', 'omega']=(1.641, 0.121)  | resids[ 40]=8.35e-08 cf=0.710
ndofs=   3861552: ['eta_0^p', 'omega']=(1.641, 0.143)  | resids[ 40]=2.75e-08 cf=0.686
ndofs=   3861552: ['eta_0^p', 'omega']=(1.641, 0.166)  | resids[ 39]=1.41e-08 cf=0.659
ndofs=   3861552: ['eta_0^p', 'omega']=(1.641, 0.188)  | resids[ 37]=1.26e-08 cf=0.636
ndofs=   3861552: ['eta_0^p', 'omega']=(1.641, 0.21)   | resids[ 35]=1.36e-08 cf=0.603
ndofs=   3861552: ['eta_0^p', 'omega']=(1.641, 0.232)  | resids[ 33]=1.36e-08 cf=0.575
ndofs=   3861552: ['eta_0^p', 'omega']=(1.641, 0.255)  | resids[ 32]=1.19e-08 cf=0.568
ndofs=   3861552: ['eta_0^p', 'omega']=(1.641, 0.277)  | resids[ 31]=1.01e-08 cf=0.558
ndofs=   3861552: ['eta_0^p', 'omega']=(1.641, 0.299)  | resids[ 29]=1.51e-08 cf=0.558
ndofs=   3861552: ['eta_0^p', 'omega']=(1.641, 0.321)  | resids[ 28]=1.52e-08 cf=0.528
ndofs=   3861552: ['eta_0^p', 'omega']=(1.641, 0.344)  | resids[ 27]=1.63e-08 cf=0.540
ndofs=   3861552: ['eta_0^p', 'omega']=(1.641, 0.366)  | resids[ 26]=1.79e-08 cf=0.532
ndofs=   3861552: ['eta_0^p', 'omega']=(1.641, 0.388)  | resids[ 25]=1.93e-08 cf=0.534
ndofs=   3861552: ['eta_0^p', 'omega']=(1.641, 0.41)   | resids[ 25]=1.08e-08 cf=0.512
ndofs=   3861552: ['eta_0^p', 'omega']=(1.641, 0.433)  | resids[ 24]=1.28e-08 cf=0.499
ndofs=   3861552: ['eta_0^p', 'omega']=(1.641, 0.455)  | resids[ 23]=1.87e-08 cf=0.489
ndofs=   3861552: ['eta_0^p', 'omega']=(1.641, 0.477)  | resids[ 23]=1.11e-08 cf=0.465
ndofs=   3861552: ['eta_0^p', 'omega']=(1.641, 0.499)  | resids[ 22]=2.11e-08 cf=0.457
ndofs=   3861552: ['eta_0^p', 'omega']=(1.641, 0.522)  | resids[ 22]=1.87e-08 cf=0.459
ndofs=   3861552: ['eta_0^p', 'omega']=(1.641, 0.544)  | resids[ 22]=1.66e-08 cf=0.457
ndofs=   3861552: ['eta_0^p', 'omega']=(1.641, 0.566)  | resids[ 22]=1.47e-08 cf=0.451
ndofs=   3861552: ['eta_0^p', 'omega']=(1.641, 0.588)  | resids[ 22]=1.49e-08 cf=0.448
ndofs=   3861552: ['eta_0^p', 'omega']=(1.641, 0.611)  | resids[ 22]=1.56e-08 cf=0.447
ndofs=   3861552: ['eta_0^p', 'omega']=(1.641, 0.633)  | resids[ 22]=1.64e-08 cf=0.448
ndofs=   3861552: ['eta_0^p', 'omega']=(1.641, 0.655)  | resids[ 22]=1.70e-08 cf=0.450
ndofs=   3861552: ['eta_0^p', 'omega']=(1.641, 0.677)  | resids[ 22]=1.69e-08 cf=0.451
ndofs=   3861552: ['eta_0^p', 'omega']=(1.641, 0.7)    | resids[ 22]=1.62e-08 cf=0.450
ndofs=   3861552: ['eta_0^p', 'omega']=(1.641, 0.722)  | resids[ 22]=1.50e-08 cf=0.448
ndofs=   3861552: ['eta_0^p', 'omega']=(1.641, 0.744)  | resids[ 22]=1.34e-08 cf=0.444
ndofs=   3861552: ['eta_0^p', 'omega']=(1.641, 0.766)  | resids[ 22]=1.17e-08 cf=0.439
ndofs=   3861552: ['eta_0^p', 'omega']=(1.641, 0.789)  | resids[ 22]=1.03e-08 cf=0.436
ndofs=   3861552: ['eta_0^p', 'omega']=(1.641, 0.811)  | resids[ 21]=2.21e-08 cf=0.430
ndofs=   3861552: ['eta_0^p', 'omega']=(1.641, 0.833)  | resids[ 21]=2.17e-08 cf=0.435
ndofs=   3861552: ['eta_0^p', 'omega']=(1.641, 0.855)  | resids[ 21]=2.20e-08 cf=0.439
ndofs=   3861552: ['eta_0^p', 'omega']=(1.641, 0.878)  | resids[ 21]=2.17e-08 cf=0.435
ndofs=   3861552: ['eta_0^p', 'omega']=(1.641, 0.9)    | resids[ 21]=2.24e-08 cf=0.430
ndofs=   3861552: ['eta_0^p', 'omega']=(1.641, 0.922)  | resids[ 22]=1.12e-08 cf=0.439
ndofs=   3861552: ['eta_0^p', 'omega']=(1.641, 0.944)  | resids[ 22]=1.31e-08 cf=0.442
ndofs=   3861552: ['eta_0^p', 'omega']=(1.641, 0.967)  | resids[ 22]=1.67e-08 cf=0.446
ndofs=   3861552: ['eta_0^p', 'omega']=(1.641, 0.989)  | resids[ 23]=1.12e-08 cf=0.462
ndofs=   3861552: ['eta_0^p', 'omega']=(1.641, 1.011)  | resids[ 23]=1.44e-08 cf=0.448
ndofs=   3861552: ['eta_0^p', 'omega']=(1.641, 1.033)  | resids[ 24]=1.25e-08 cf=0.480
ndofs=   3861552: ['eta_0^p', 'omega']=(1.641, 1.056)  | resids[ 29]=1.55e-08 cf=0.509
ndofs=   3861552: ['eta_0^p', 'omega']=(1.641, 1.078)  | resids[ 40]=3.04e-06 cf=0.730
ndofs=   3861552: ['eta_0^p', 'omega']=(1.641, 1.1)    | resids[ 40]=2.67e-02 cf=0.989
ndofs=   3861552: ['eta_0^p', 'omega']=(1.804, 0.01)   | resids[ 40]=5.18e-05 cf=0.874
ndofs=   3861552: ['eta_0^p', 'omega']=(1.804, 0.032)  | resids[ 40]=7.97e-06 cf=0.777
ndofs=   3861552: ['eta_0^p', 'omega']=(1.804, 0.054)  | resids[ 40]=2.87e-06 cf=0.780
ndofs=   3861552: ['eta_0^p', 'omega']=(1.804, 0.077)  | resids[ 40]=8.03e-07 cf=0.762
ndofs=   3861552: ['eta_0^p', 'omega']=(1.804, 0.099)  | resids[ 40]=2.42e-07 cf=0.718
ndofs=   3861552: ['eta_0^p', 'omega']=(1.804, 0.121)  | resids[ 40]=8.34e-08 cf=0.706
ndofs=   3861552: ['eta_0^p', 'omega']=(1.804, 0.143)  | resids[ 40]=2.87e-08 cf=0.685
ndofs=   3861552: ['eta_0^p', 'omega']=(1.804, 0.166)  | resids[ 39]=1.44e-08 cf=0.663
ndofs=   3861552: ['eta_0^p', 'omega']=(1.804, 0.188)  | resids[ 37]=1.35e-08 cf=0.641
ndofs=   3861552: ['eta_0^p', 'omega']=(1.804, 0.21)   | resids[ 35]=1.37e-08 cf=0.595
ndofs=   3861552: ['eta_0^p', 'omega']=(1.804, 0.232)  | resids[ 33]=1.49e-08 cf=0.579
ndofs=   3861552: ['eta_0^p', 'omega']=(1.804, 0.255)  | resids[ 32]=1.16e-08 cf=0.569
ndofs=   3861552: ['eta_0^p', 'omega']=(1.804, 0.277)  | resids[ 30]=1.83e-08 cf=0.585
ndofs=   3861552: ['eta_0^p', 'omega']=(1.804, 0.299)  | resids[ 29]=1.57e-08 cf=0.561
ndofs=   3861552: ['eta_0^p', 'omega']=(1.804, 0.321)  | resids[ 28]=1.46e-08 cf=0.521
ndofs=   3861552: ['eta_0^p', 'omega']=(1.804, 0.344)  | resids[ 27]=1.32e-08 cf=0.522
ndofs=   3861552: ['eta_0^p', 'omega']=(1.804, 0.366)  | resids[ 26]=1.37e-08 cf=0.520
ndofs=   3861552: ['eta_0^p', 'omega']=(1.804, 0.388)  | resids[ 25]=1.49e-08 cf=0.534
ndofs=   3861552: ['eta_0^p', 'omega']=(1.804, 0.41)   | resids[ 24]=1.73e-08 cf=0.513
ndofs=   3861552: ['eta_0^p', 'omega']=(1.804, 0.433)  | resids[ 23]=2.09e-08 cf=0.488
ndofs=   3861552: ['eta_0^p', 'omega']=(1.804, 0.455)  | resids[ 23]=1.36e-08 cf=0.479
ndofs=   3861552: ['eta_0^p', 'omega']=(1.804, 0.477)  | resids[ 22]=2.09e-08 cf=0.476
ndofs=   3861552: ['eta_0^p', 'omega']=(1.804, 0.499)  | resids[ 22]=1.48e-08 cf=0.471
ndofs=   3861552: ['eta_0^p', 'omega']=(1.804, 0.522)  | resids[ 21]=1.99e-08 cf=0.439
ndofs=   3861552: ['eta_0^p', 'omega']=(1.804, 0.544)  | resids[ 21]=1.43e-08 cf=0.424
ndofs=   3861552: ['eta_0^p', 'omega']=(1.804, 0.566)  | resids[ 21]=1.22e-08 cf=0.418
ndofs=   3861552: ['eta_0^p', 'omega']=(1.804, 0.588)  | resids[ 21]=1.27e-08 cf=0.421
ndofs=   3861552: ['eta_0^p', 'omega']=(1.804, 0.611)  | resids[ 21]=1.35e-08 cf=0.424
ndofs=   3861552: ['eta_0^p', 'omega']=(1.804, 0.633)  | resids[ 21]=1.40e-08 cf=0.423
ndofs=   3861552: ['eta_0^p', 'omega']=(1.804, 0.655)  | resids[ 21]=1.42e-08 cf=0.423
ndofs=   3861552: ['eta_0^p', 'omega']=(1.804, 0.677)  | resids[ 21]=1.42e-08 cf=0.424
ndofs=   3861552: ['eta_0^p', 'omega']=(1.804, 0.7)    | resids[ 21]=1.39e-08 cf=0.423
ndofs=   3861552: ['eta_0^p', 'omega']=(1.804, 0.722)  | resids[ 21]=1.30e-08 cf=0.420
ndofs=   3861552: ['eta_0^p', 'omega']=(1.804, 0.744)  | resids[ 21]=1.17e-08 cf=0.414
ndofs=   3861552: ['eta_0^p', 'omega']=(1.804, 0.766)  | resids[ 21]=1.03e-08 cf=0.409
ndofs=   3861552: ['eta_0^p', 'omega']=(1.804, 0.789)  | resids[ 20]=1.85e-08 cf=0.389
ndofs=   3861552: ['eta_0^p', 'omega']=(1.804, 0.811)  | resids[ 20]=1.68e-08 cf=0.387
ndofs=   3861552: ['eta_0^p', 'omega']=(1.804, 0.833)  | resids[ 20]=1.57e-08 cf=0.387
ndofs=   3861552: ['eta_0^p', 'omega']=(1.804, 0.855)  | resids[ 20]=1.51e-08 cf=0.388
ndofs=   3861552: ['eta_0^p', 'omega']=(1.804, 0.878)  | resids[ 20]=1.51e-08 cf=0.391
ndofs=   3861552: ['eta_0^p', 'omega']=(1.804, 0.9)    | resids[ 20]=1.55e-08 cf=0.390
ndofs=   3861552: ['eta_0^p', 'omega']=(1.804, 0.922)  | resids[ 20]=1.78e-08 cf=0.392
ndofs=   3861552: ['eta_0^p', 'omega']=(1.804, 0.944)  | resids[ 21]=1.06e-08 cf=0.415
ndofs=   3861552: ['eta_0^p', 'omega']=(1.804, 0.967)  | resids[ 21]=1.29e-08 cf=0.409
ndofs=   3861552: ['eta_0^p', 'omega']=(1.804, 0.989)  | resids[ 21]=1.95e-08 cf=0.419
ndofs=   3861552: ['eta_0^p', 'omega']=(1.804, 1.011)  | resids[ 22]=1.20e-08 cf=0.427
ndofs=   3861552: ['eta_0^p', 'omega']=(1.804, 1.033)  | resids[ 22]=2.07e-08 cf=0.439
ndofs=   3861552: ['eta_0^p', 'omega']=(1.804, 1.056)  | resids[ 29]=1.30e-08 cf=0.508
ndofs=   3861552: ['eta_0^p', 'omega']=(1.804, 1.078)  | resids[ 40]=2.56e-06 cf=0.721
ndofs=   3861552: ['eta_0^p', 'omega']=(1.804, 1.1)    | resids[ 40]=2.70e-02 cf=0.992
ndofs=   3861552: ['eta_0^p', 'omega']=(1.967, 0.01)   | resids[ 40]=5.26e-05 cf=0.870
ndofs=   3861552: ['eta_0^p', 'omega']=(1.967, 0.032)  | resids[ 40]=8.56e-06 cf=0.788
ndofs=   3861552: ['eta_0^p', 'omega']=(1.967, 0.054)  | resids[ 40]=2.75e-06 cf=0.792
ndofs=   3861552: ['eta_0^p', 'omega']=(1.967, 0.077)  | resids[ 40]=7.50e-07 cf=0.752
ndofs=   3861552: ['eta_0^p', 'omega']=(1.967, 0.099)  | resids[ 40]=2.59e-07 cf=0.730
ndofs=   3861552: ['eta_0^p', 'omega']=(1.967, 0.121)  | resids[ 40]=8.75e-08 cf=0.713
ndofs=   3861552: ['eta_0^p', 'omega']=(1.967, 0.143)  | resids[ 40]=3.37e-08 cf=0.696
ndofs=   3861552: ['eta_0^p', 'omega']=(1.967, 0.166)  | resids[ 40]=1.07e-08 cf=0.671
ndofs=   3861552: ['eta_0^p', 'omega']=(1.967, 0.188)  | resids[ 37]=1.34e-08 cf=0.643
ndofs=   3861552: ['eta_0^p', 'omega']=(1.967, 0.21)   | resids[ 35]=1.38e-08 cf=0.592
ndofs=   3861552: ['eta_0^p', 'omega']=(1.967, 0.232)  | resids[ 33]=1.79e-08 cf=0.595
ndofs=   3861552: ['eta_0^p', 'omega']=(1.967, 0.255)  | resids[ 32]=1.30e-08 cf=0.580
ndofs=   3861552: ['eta_0^p', 'omega']=(1.967, 0.277)  | resids[ 31]=1.03e-08 cf=0.566
ndofs=   3861552: ['eta_0^p', 'omega']=(1.967, 0.299)  | resids[ 29]=1.66e-08 cf=0.557
ndofs=   3861552: ['eta_0^p', 'omega']=(1.967, 0.321)  | resids[ 28]=1.48e-08 cf=0.525
ndofs=   3861552: ['eta_0^p', 'omega']=(1.967, 0.344)  | resids[ 27]=1.41e-08 cf=0.528
ndofs=   3861552: ['eta_0^p', 'omega']=(1.967, 0.366)  | resids[ 26]=1.35e-08 cf=0.518
ndofs=   3861552: ['eta_0^p', 'omega']=(1.967, 0.388)  | resids[ 25]=1.44e-08 cf=0.532
ndofs=   3861552: ['eta_0^p', 'omega']=(1.967, 0.41)   | resids[ 24]=1.59e-08 cf=0.519
ndofs=   3861552: ['eta_0^p', 'omega']=(1.967, 0.433)  | resids[ 23]=1.88e-08 cf=0.504
ndofs=   3861552: ['eta_0^p', 'omega']=(1.967, 0.455)  | resids[ 23]=1.14e-08 cf=0.489
ndofs=   3861552: ['eta_0^p', 'omega']=(1.967, 0.477)  | resids[ 22]=1.61e-08 cf=0.477
ndofs=   3861552: ['eta_0^p', 'omega']=(1.967, 0.499)  | resids[ 22]=1.04e-08 cf=0.460
ndofs=   3861552: ['eta_0^p', 'omega']=(1.967, 0.522)  | resids[ 21]=1.37e-08 cf=0.428
ndofs=   3861552: ['eta_0^p', 'omega']=(1.967, 0.544)  | resids[ 21]=1.00e-08 cf=0.424
ndofs=   3861552: ['eta_0^p', 'omega']=(1.967, 0.566)  | resids[ 20]=1.69e-08 cf=0.399
ndofs=   3861552: ['eta_0^p', 'omega']=(1.967, 0.588)  | resids[ 20]=1.45e-08 cf=0.393
ndofs=   3861552: ['eta_0^p', 'omega']=(1.967, 0.611)  | resids[ 20]=1.22e-08 cf=0.383
ndofs=   3861552: ['eta_0^p', 'omega']=(1.967, 0.633)  | resids[ 20]=1.15e-08 cf=0.377
ndofs=   3861552: ['eta_0^p', 'omega']=(1.967, 0.655)  | resids[ 20]=1.18e-08 cf=0.378
ndofs=   3861552: ['eta_0^p', 'omega']=(1.967, 0.677)  | resids[ 20]=1.21e-08 cf=0.381
ndofs=   3861552: ['eta_0^p', 'omega']=(1.967, 0.7)    | resids[ 20]=1.21e-08 cf=0.384
ndofs=   3861552: ['eta_0^p', 'omega']=(1.967, 0.722)  | resids[ 20]=1.15e-08 cf=0.385
ndofs=   3861552: ['eta_0^p', 'omega']=(1.967, 0.744)  | resids[ 20]=1.04e-08 cf=0.382
ndofs=   3861552: ['eta_0^p', 'omega']=(1.967, 0.766)  | resids[ 19]=2.56e-08 cf=0.376
ndofs=   3861552: ['eta_0^p', 'omega']=(1.967, 0.789)  | resids[ 19]=2.26e-08 cf=0.375
ndofs=   3861552: ['eta_0^p', 'omega']=(1.967, 0.811)  | resids[ 19]=1.98e-08 cf=0.374
ndofs=   3861552: ['eta_0^p', 'omega']=(1.967, 0.833)  | resids[ 19]=1.74e-08 cf=0.371
ndofs=   3861552: ['eta_0^p', 'omega']=(1.967, 0.855)  | resids[ 19]=1.54e-08 cf=0.365
ndofs=   3861552: ['eta_0^p', 'omega']=(1.967, 0.878)  | resids[ 19]=1.47e-08 cf=0.363
ndofs=   3861552: ['eta_0^p', 'omega']=(1.967, 0.9)    | resids[ 19]=1.55e-08 cf=0.367
ndofs=   3861552: ['eta_0^p', 'omega']=(1.967, 0.922)  | resids[ 19]=1.68e-08 cf=0.372
ndofs=   3861552: ['eta_0^p', 'omega']=(1.967, 0.944)  | resids[ 19]=2.13e-08 cf=0.382
ndofs=   3861552: ['eta_0^p', 'omega']=(1.967, 0.967)  | resids[ 20]=1.07e-08 cf=0.378
ndofs=   3861552: ['eta_0^p', 'omega']=(1.967, 0.989)  | resids[ 20]=1.51e-08 cf=0.387
ndofs=   3861552: ['eta_0^p', 'omega']=(1.967, 1.011)  | resids[ 21]=1.07e-08 cf=0.405
ndofs=   3861552: ['eta_0^p', 'omega']=(1.967, 1.033)  | resids[ 22]=1.06e-08 cf=0.431
ndofs=   3861552: ['eta_0^p', 'omega']=(1.967, 1.056)  | resids[ 29]=1.16e-08 cf=0.516
ndofs=   3861552: ['eta_0^p', 'omega']=(1.967, 1.078)  | resids[ 40]=2.25e-06 cf=0.715
ndofs=   3861552: ['eta_0^p', 'omega']=(1.967, 1.1)    | resids[ 40]=2.78e-02 cf=0.989
ndofs=   3861552: ['eta_0^p', 'omega']=(2.13, 0.01)    | resids[ 40]=5.37e-05 cf=0.873
ndofs=   3861552: ['eta_0^p', 'omega']=(2.13, 0.032)   | resids[ 40]=1.01e-05 cf=0.823
ndofs=   3861552: ['eta_0^p', 'omega']=(2.13, 0.054)   | resids[ 40]=2.95e-06 cf=0.806
ndofs=   3861552: ['eta_0^p', 'omega']=(2.13, 0.077)   | resids[ 40]=8.61e-07 cf=0.744
ndofs=   3861552: ['eta_0^p', 'omega']=(2.13, 0.099)   | resids[ 40]=2.88e-07 cf=0.751
ndofs=   3861552: ['eta_0^p', 'omega']=(2.13, 0.121)   | resids[ 40]=9.84e-08 cf=0.726
ndofs=   3861552: ['eta_0^p', 'omega']=(2.13, 0.143)   | resids[ 40]=3.73e-08 cf=0.698
ndofs=   3861552: ['eta_0^p', 'omega']=(2.13, 0.166)   | resids[ 40]=1.19e-08 cf=0.676
ndofs=   3861552: ['eta_0^p', 'omega']=(2.13, 0.188)   | resids[ 37]=1.40e-08 cf=0.645
ndofs=   3861552: ['eta_0^p', 'omega']=(2.13, 0.21)    | resids[ 35]=1.47e-08 cf=0.597
ndofs=   3861552: ['eta_0^p', 'omega']=(2.13, 0.232)   | resids[ 33]=1.96e-08 cf=0.607
ndofs=   3861552: ['eta_0^p', 'omega']=(2.13, 0.255)   | resids[ 32]=1.33e-08 cf=0.587
ndofs=   3861552: ['eta_0^p', 'omega']=(2.13, 0.277)   | resids[ 31]=1.03e-08 cf=0.570
ndofs=   3861552: ['eta_0^p', 'omega']=(2.13, 0.299)   | resids[ 29]=1.63e-08 cf=0.549
ndofs=   3861552: ['eta_0^p', 'omega']=(2.13, 0.321)   | resids[ 28]=1.39e-08 cf=0.533
ndofs=   3861552: ['eta_0^p', 'omega']=(2.13, 0.344)   | resids[ 27]=1.35e-08 cf=0.538
ndofs=   3861552: ['eta_0^p', 'omega']=(2.13, 0.366)   | resids[ 26]=1.35e-08 cf=0.531
ndofs=   3861552: ['eta_0^p', 'omega']=(2.13, 0.388)   | resids[ 25]=1.48e-08 cf=0.541
ndofs=   3861552: ['eta_0^p', 'omega']=(2.13, 0.41)    | resids[ 24]=1.56e-08 cf=0.519
ndofs=   3861552: ['eta_0^p', 'omega']=(2.13, 0.433)   | resids[ 23]=1.68e-08 cf=0.498
ndofs=   3861552: ['eta_0^p', 'omega']=(2.13, 0.455)   | resids[ 23]=1.04e-08 cf=0.489
ndofs=   3861552: ['eta_0^p', 'omega']=(2.13, 0.477)   | resids[ 22]=1.44e-08 cf=0.487
ndofs=   3861552: ['eta_0^p', 'omega']=(2.13, 0.499)   | resids[ 21]=1.87e-08 cf=0.454
ndofs=   3861552: ['eta_0^p', 'omega']=(2.13, 0.522)   | resids[ 21]=1.24e-08 cf=0.442
ndofs=   3861552: ['eta_0^p', 'omega']=(2.13, 0.544)   | resids[ 20]=1.59e-08 cf=0.397
ndofs=   3861552: ['eta_0^p', 'omega']=(2.13, 0.566)   | resids[ 20]=1.27e-08 cf=0.388
ndofs=   3861552: ['eta_0^p', 'omega']=(2.13, 0.588)   | resids[ 20]=1.10e-08 cf=0.387
ndofs=   3861552: ['eta_0^p', 'omega']=(2.13, 0.611)   | resids[ 19]=2.51e-08 cf=0.390
ndofs=   3861552: ['eta_0^p', 'omega']=(2.13, 0.633)   | resids[ 19]=2.23e-08 cf=0.388
ndofs=   3861552: ['eta_0^p', 'omega']=(2.13, 0.655)   | resids[ 19]=1.88e-08 cf=0.378
ndofs=   3861552: ['eta_0^p', 'omega']=(2.13, 0.677)   | resids[ 19]=1.57e-08 cf=0.366
ndofs=   3861552: ['eta_0^p', 'omega']=(2.13, 0.7)     | resids[ 19]=1.42e-08 cf=0.360
ndofs=   3861552: ['eta_0^p', 'omega']=(2.13, 0.722)   | resids[ 19]=1.36e-08 cf=0.360
ndofs=   3861552: ['eta_0^p', 'omega']=(2.13, 0.744)   | resids[ 19]=1.28e-08 cf=0.361
ndofs=   3861552: ['eta_0^p', 'omega']=(2.13, 0.766)   | resids[ 19]=1.17e-08 cf=0.362
ndofs=   3861552: ['eta_0^p', 'omega']=(2.13, 0.789)   | resids[ 19]=1.03e-08 cf=0.362
ndofs=   3861552: ['eta_0^p', 'omega']=(2.13, 0.811)   | resids[ 18]=2.44e-08 cf=0.351
ndofs=   3861552: ['eta_0^p', 'omega']=(2.13, 0.833)   | resids[ 18]=2.21e-08 cf=0.352
ndofs=   3861552: ['eta_0^p', 'omega']=(2.13, 0.855)   | resids[ 18]=2.01e-08 cf=0.351
ndofs=   3861552: ['eta_0^p', 'omega']=(2.13, 0.878)   | resids[ 18]=1.88e-08 cf=0.350
ndofs=   3861552: ['eta_0^p', 'omega']=(2.13, 0.9)     | resids[ 18]=2.02e-08 cf=0.355
ndofs=   3861552: ['eta_0^p', 'omega']=(2.13, 0.922)   | resids[ 18]=2.39e-08 cf=0.362
ndofs=   3861552: ['eta_0^p', 'omega']=(2.13, 0.944)   | resids[ 19]=1.00e-08 cf=0.370
ndofs=   3861552: ['eta_0^p', 'omega']=(2.13, 0.967)   | resids[ 19]=1.31e-08 cf=0.369
ndofs=   3861552: ['eta_0^p', 'omega']=(2.13, 0.989)   | resids[ 19]=1.80e-08 cf=0.372
ndofs=   3861552: ['eta_0^p', 'omega']=(2.13, 1.011)   | resids[ 20]=1.05e-08 cf=0.379
ndofs=   3861552: ['eta_0^p', 'omega']=(2.13, 1.033)   | resids[ 21]=1.93e-08 cf=0.417
ndofs=   3861552: ['eta_0^p', 'omega']=(2.13, 1.056)   | resids[ 28]=1.91e-08 cf=0.523
ndofs=   3861552: ['eta_0^p', 'omega']=(2.13, 1.078)   | resids[ 40]=2.16e-06 cf=0.716
ndofs=   3861552: ['eta_0^p', 'omega']=(2.13, 1.1)     | resids[ 40]=2.83e-02 cf=0.987
ndofs=   3861552: ['eta_0^p', 'omega']=(2.293, 0.01)   | resids[ 40]=5.56e-05 cf=0.880
ndofs=   3861552: ['eta_0^p', 'omega']=(2.293, 0.032)  | resids[ 40]=1.07e-05 cf=0.841
ndofs=   3861552: ['eta_0^p', 'omega']=(2.293, 0.054)  | resids[ 40]=2.94e-06 cf=0.795
ndofs=   3861552: ['eta_0^p', 'omega']=(2.293, 0.077)  | resids[ 40]=1.04e-06 cf=0.763
ndofs=   3861552: ['eta_0^p', 'omega']=(2.293, 0.099)  | resids[ 40]=3.27e-07 cf=0.758
ndofs=   3861552: ['eta_0^p', 'omega']=(2.293, 0.121)  | resids[ 40]=1.18e-07 cf=0.732
ndofs=   3861552: ['eta_0^p', 'omega']=(2.293, 0.143)  | resids[ 40]=4.20e-08 cf=0.704
ndofs=   3861552: ['eta_0^p', 'omega']=(2.293, 0.166)  | resids[ 40]=1.19e-08 cf=0.675
ndofs=   3861552: ['eta_0^p', 'omega']=(2.293, 0.188)  | resids[ 38]=1.00e-08 cf=0.653
ndofs=   3861552: ['eta_0^p', 'omega']=(2.293, 0.21)   | resids[ 35]=1.52e-08 cf=0.609
ndofs=   3861552: ['eta_0^p', 'omega']=(2.293, 0.232)  | resids[ 33]=1.89e-08 cf=0.609
ndofs=   3861552: ['eta_0^p', 'omega']=(2.293, 0.255)  | resids[ 32]=1.38e-08 cf=0.591
ndofs=   3861552: ['eta_0^p', 'omega']=(2.293, 0.277)  | resids[ 31]=1.01e-08 cf=0.571
ndofs=   3861552: ['eta_0^p', 'omega']=(2.293, 0.299)  | resids[ 29]=1.62e-08 cf=0.554
ndofs=   3861552: ['eta_0^p', 'omega']=(2.293, 0.321)  | resids[ 28]=1.39e-08 cf=0.549
ndofs=   3861552: ['eta_0^p', 'omega']=(2.293, 0.344)  | resids[ 27]=1.31e-08 cf=0.544
ndofs=   3861552: ['eta_0^p', 'omega']=(2.293, 0.366)  | resids[ 26]=1.32e-08 cf=0.541
ndofs=   3861552: ['eta_0^p', 'omega']=(2.293, 0.388)  | resids[ 25]=1.39e-08 cf=0.544
ndofs=   3861552: ['eta_0^p', 'omega']=(2.293, 0.41)   | resids[ 24]=1.41e-08 cf=0.519
ndofs=   3861552: ['eta_0^p', 'omega']=(2.293, 0.433)  | resids[ 23]=1.46e-08 cf=0.491
ndofs=   3861552: ['eta_0^p', 'omega']=(2.293, 0.455)  | resids[ 22]=1.79e-08 cf=0.476
ndofs=   3861552: ['eta_0^p', 'omega']=(2.293, 0.477)  | resids[ 22]=1.17e-08 cf=0.472
ndofs=   3861552: ['eta_0^p', 'omega']=(2.293, 0.499)  | resids[ 21]=1.56e-08 cf=0.451
ndofs=   3861552: ['eta_0^p', 'omega']=(2.293, 0.522)  | resids[ 21]=1.07e-08 cf=0.440
ndofs=   3861552: ['eta_0^p', 'omega']=(2.293, 0.544)  | resids[ 20]=1.54e-08 cf=0.412
ndofs=   3861552: ['eta_0^p', 'omega']=(2.293, 0.566)  | resids[ 20]=1.17e-08 cf=0.400
ndofs=   3861552: ['eta_0^p', 'omega']=(2.293, 0.588)  | resids[ 20]=1.01e-08 cf=0.396
ndofs=   3861552: ['eta_0^p', 'omega']=(2.293, 0.611)  | resids[ 19]=2.03e-08 cf=0.383
ndofs=   3861552: ['eta_0^p', 'omega']=(2.293, 0.633)  | resids[ 19]=1.71e-08 cf=0.377
ndofs=   3861552: ['eta_0^p', 'omega']=(2.293, 0.655)  | resids[ 19]=1.46e-08 cf=0.372
ndofs=   3861552: ['eta_0^p', 'omega']=(2.293, 0.677)  | resids[ 19]=1.26e-08 cf=0.369
ndofs=   3861552: ['eta_0^p', 'omega']=(2.293, 0.7)    | resids[ 19]=1.05e-08 cf=0.367
ndofs=   3861552: ['eta_0^p', 'omega']=(2.293, 0.722)  | resids[ 18]=2.46e-08 cf=0.353
ndofs=   3861552: ['eta_0^p', 'omega']=(2.293, 0.744)  | resids[ 18]=1.99e-08 cf=0.345
ndofs=   3861552: ['eta_0^p', 'omega']=(2.293, 0.766)  | resids[ 18]=1.70e-08 cf=0.343
ndofs=   3861552: ['eta_0^p', 'omega']=(2.293, 0.789)  | resids[ 18]=1.47e-08 cf=0.344
ndofs=   3861552: ['eta_0^p', 'omega']=(2.293, 0.811)  | resids[ 18]=1.31e-08 cf=0.344
ndofs=   3861552: ['eta_0^p', 'omega']=(2.293, 0.833)  | resids[ 18]=1.20e-08 cf=0.345
ndofs=   3861552: ['eta_0^p', 'omega']=(2.293, 0.855)  | resids[ 18]=1.13e-08 cf=0.344
ndofs=   3861552: ['eta_0^p', 'omega']=(2.293, 0.878)  | resids[ 18]=1.10e-08 cf=0.343
ndofs=   3861552: ['eta_0^p', 'omega']=(2.293, 0.9)    | resids[ 18]=1.16e-08 cf=0.345
ndofs=   3861552: ['eta_0^p', 'omega']=(2.293, 0.922)  | resids[ 18]=1.27e-08 cf=0.346
ndofs=   3861552: ['eta_0^p', 'omega']=(2.293, 0.944)  | resids[ 18]=1.40e-08 cf=0.344
ndofs=   3861552: ['eta_0^p', 'omega']=(2.293, 0.967)  | resids[ 18]=1.90e-08 cf=0.357
ndofs=   3861552: ['eta_0^p', 'omega']=(2.293, 0.989)  | resids[ 18]=2.74e-08 cf=0.361
ndofs=   3861552: ['eta_0^p', 'omega']=(2.293, 1.011)  | resids[ 19]=1.32e-08 cf=0.357
ndofs=   3861552: ['eta_0^p', 'omega']=(2.293, 1.033)  | resids[ 21]=1.70e-08 cf=0.422
ndofs=   3861552: ['eta_0^p', 'omega']=(2.293, 1.056)  | resids[ 28]=1.73e-08 cf=0.528
ndofs=   3861552: ['eta_0^p', 'omega']=(2.293, 1.078)  | resids[ 40]=2.28e-06 cf=0.719
