firedrake:WARNING No comm specified for VectorSpaceBasis, COMM_WORLD assumed
structured 3
Traceback (most recent call last):
  File "/home/voronin2/Monolithic_AMG_For_Stokes/data_collection/parameter_search/th/lsc_dgs/eta_ho/collect.py", line 47, in <module>
    parameter_scan(iterator, StokesMG, mg_params, setter, param_search)
  File "/home/voronin2/Monolithic_AMG_For_Stokes/sysmg/util/param_search.py", line 104, in parameter_scan
    for problem in sys_iterator:
  File "/home/voronin2/Monolithic_AMG_For_Stokes/sysmg/systems/iterators/stokes_iterators.py", line 107, in __next__
    stokes = Stokes(self.system_params)
             ^^^^^^^^^^^^^^^^^^^^^^^^^^
  File "/home/voronin2/Monolithic_AMG_For_Stokes/sysmg/util/decorators.py", line 20, in timeit_wrapper
    result = f(*args, **kwargs)
             ^^^^^^^^^^^^^^^^^^
  File "/home/voronin2/Monolithic_AMG_For_Stokes/sysmg/systems/stokes.py", line 41, in __init__
    self._form_system(**self.form_params)
  File "/home/voronin2/Monolithic_AMG_For_Stokes/sysmg/util/decorators.py", line 20, in timeit_wrapper
    result = f(*args, **kwargs)
             ^^^^^^^^^^^^^^^^^^
  File "/home/voronin2/Monolithic_AMG_For_Stokes/sysmg/systems/stokes.py", line 207, in _form_system
    _, self.up_sol = self._solve_sys(a, L, Z, bcs, nullspace=fnullspace)
                     ^^^^^^^^^^^^^^^^^^^^^^^^^^^^^^^^^^^^^^^^^^^^^^^^^^^
  File "/home/voronin2/Monolithic_AMG_For_Stokes/sysmg/systems/system.py", line 51, in _solve_sys
    solve(a == L, fsol, bcs=bcs, nullspace=nullspace)
  File "petsc4py/PETSc/Log.pyx", line 188, in petsc4py.PETSc.Log.EventDecorator.decorator.wrapped_func
  File "petsc4py/PETSc/Log.pyx", line 189, in petsc4py.PETSc.Log.EventDecorator.decorator.wrapped_func
  File "/home/voronin2/firedrake/src/firedrake/firedrake/adjoint_utils/solving.py", line 57, in wrapper
    output = solve(*args, **kwargs)
             ^^^^^^^^^^^^^^^^^^^^^^
  File "/home/voronin2/firedrake/src/firedrake/firedrake/solving.py", line 128, in solve
    _solve_varproblem(*args, **kwargs)
  File "/home/voronin2/firedrake/src/firedrake/firedrake/solving.py", line 164, in _solve_varproblem
    solver.solve()
  File "petsc4py/PETSc/Log.pyx", line 188, in petsc4py.PETSc.Log.EventDecorator.decorator.wrapped_func
  File "petsc4py/PETSc/Log.pyx", line 189, in petsc4py.PETSc.Log.EventDecorator.decorator.wrapped_func
  File "/home/voronin2/firedrake/src/firedrake/firedrake/adjoint_utils/variational_solver.py", line 89, in wrapper
    out = solve(self, **kwargs)
          ^^^^^^^^^^^^^^^^^^^^^
  File "/home/voronin2/firedrake/src/firedrake/firedrake/variational_solver.py", line 291, in solve
    solving_utils.check_snes_convergence(self.snes)
  File "/home/voronin2/firedrake/src/firedrake/firedrake/solving_utils.py", line 138, in check_snes_convergence
    raise ConvergenceError(r"""Nonlinear solve failed to converge after %d nonlinear iterations.
firedrake.exceptions.ConvergenceError: Nonlinear solve failed to converge after 0 nonlinear iterations.
Reason:
   DIVERGED_LINEAR_SOLVE
[0]PETSC ERROR: ------------------------------------------------------------------------
[0]PETSC ERROR: Caught signal number 15 Terminate: Some process (or the batch system) has told this process to end
[0]PETSC ERROR: Try option -start_in_debugger or -on_error_attach_debugger
[0]PETSC ERROR: or see https://petsc.org/release/faq/#valgrind and https://petsc.org/release/faq/
[0]PETSC ERROR: configure using --with-debugging=yes, recompile, link, and run 
[0]PETSC ERROR: to get more information on the crash.
application called MPI_Abort(MPI_COMM_WORLD, 59) - process 0
[unset]: PMIU_write error; fd=-1 buf=:cmd=abort exitcode=59 message=application called MPI_Abort(MPI_COMM_WORLD, 59) - process 0
:
system msg for write_line failure : Bad file descriptor
unstructured 2
/home/voronin2/Monolithic_AMG_For_Stokes/sysmg/systems/iterators/../meshes/
structured 2
firedrake:WARNING No comm specified for VectorSpaceBasis, COMM_WORLD assumed
firedrake:WARNING No comm specified for VectorSpaceBasis, COMM_WORLD assumed
structured 3
unstructured 3
/home/voronin2/Monolithic_AMG_For_Stokes/sysmg/systems/iterators/../meshes/
firedrake:WARNING No comm specified for VectorSpaceBasis, COMM_WORLD assumed
firedrake:WARNING No comm specified for VectorSpaceBasis, COMM_WORLD assumed
structured 3
