gmsh -3 pinched_channel_h_06.new -format msh2 -o pinched_channel_h_06.msh
Info    : Running 'gmsh -3 pinched_channel_h_06.new -format msh2 -o pinched_channel_h_06.msh' [Gmsh 4.8.4, 1 node, max. 1 thread]
Info    : Started on Fri Oct 28 17:24:37 2022
Info    : Reading 'pinched_channel_h_06.new'...
Info    : Done reading 'pinched_channel_h_06.new'
Info    : Meshing 1D...
Info    : [  0%] Meshing curve 1 (BSpline)
Info    : [ 20%] Meshing curve 4 (Line)
Info    : [ 30%] Meshing curve 5 (Line)
Info    : [ 40%] Meshing curve 6 (Circle)
Info    : [ 50%] Meshing curve 7 (Circle)
Info    : [ 60%] Meshing curve 8 (Line)
Info    : [ 70%] Meshing curve 9 (Circle)
Info    : [ 80%] Meshing curve 10 (Line)
Info    : [ 90%] Meshing curve 11 (Circle)
Info    : Done meshing 1D (Wall 0.0132965s, CPU 0.013269s)
Info    : Meshing 2D...
Info    : [  0%] Meshing surface 1 (Surface of Revolution, Frontal-Delaunay)
Info    : [ 20%] Meshing surface 2 (Cylinder, Frontal-Delaunay)
Info    : [ 40%] Meshing surface 3 (Plane, Frontal-Delaunay)
Info    : [ 60%] Meshing surface 4 (Cylinder, Frontal-Delaunay)
Info    : [ 80%] Meshing surface 5 (Plane, Frontal-Delaunay)
Info    : Done meshing 2D (Wall 2.65919s, CPU 2.64621s)
Info    : Meshing 3D...
Info    : 3D Meshing 1 volume with 1 connected component
Info    : Tetrahedrizing 28732 nodes...
Info    : Done tetrahedrizing 28740 nodes (Wall 0.883453s, CPU 0.859139s)
Info    : Reconstructing mesh...
Info    :  - Creating surface mesh
Info    :  - Identifying boundary edges
Info    :  - Recovering boundary
Info    :  - Added 39 Steiner points
Info    : Done reconstructing mesh (Wall 2.80727s, CPU 2.71024s)
Info    : Found volume 100
Info    : It. 0 - 0 nodes created - worst tet radius 2.61038e+06 (nodes removed 0 0)
Info    : It. 500 - 0 nodes created - worst tet radius 5496.96 (nodes removed 0 500)
Info    : It. 1000 - 384 nodes created - worst tet radius 6.09638 (nodes removed 0 616)
Info    : It. 1500 - 884 nodes created - worst tet radius 4.83744 (nodes removed 0 616)
Info    : It. 2000 - 1384 nodes created - worst tet radius 4.24201 (nodes removed 0 616)
Info    : It. 2500 - 1884 nodes created - worst tet radius 3.87317 (nodes removed 0 616)
Info    : It. 3000 - 2384 nodes created - worst tet radius 3.59632 (nodes removed 0 616)
Info    : It. 3500 - 2884 nodes created - worst tet radius 3.3936 (nodes removed 0 616)
Info    : It. 4000 - 3384 nodes created - worst tet radius 3.23538 (nodes removed 0 616)
Info    : It. 4500 - 3884 nodes created - worst tet radius 3.10982 (nodes removed 0 616)
Info    : It. 5000 - 4384 nodes created - worst tet radius 2.99472 (nodes removed 0 616)
Info    : It. 5500 - 4884 nodes created - worst tet radius 2.8981 (nodes removed 0 616)
Info    : It. 6000 - 5384 nodes created - worst tet radius 2.81174 (nodes removed 0 616)
Info    : It. 6500 - 5884 nodes created - worst tet radius 2.72705 (nodes removed 0 616)
Info    : It. 7000 - 6384 nodes created - worst tet radius 2.65636 (nodes removed 0 616)
Info    : It. 7500 - 6884 nodes created - worst tet radius 2.59738 (nodes removed 0 616)
Info    : It. 8000 - 7384 nodes created - worst tet radius 2.54629 (nodes removed 0 616)
Info    : It. 8500 - 7884 nodes created - worst tet radius 2.49489 (nodes removed 0 616)
Info    : It. 9000 - 8384 nodes created - worst tet radius 2.44576 (nodes removed 0 616)
Info    : It. 9500 - 8884 nodes created - worst tet radius 2.40329 (nodes removed 0 616)
Info    : It. 10000 - 9384 nodes created - worst tet radius 2.36216 (nodes removed 0 616)
Info    : It. 10500 - 9884 nodes created - worst tet radius 2.32374 (nodes removed 0 616)
Info    : It. 11000 - 10384 nodes created - worst tet radius 2.28927 (nodes removed 0 616)
Info    : It. 11500 - 10884 nodes created - worst tet radius 2.25606 (nodes removed 0 616)
Info    : It. 12000 - 11384 nodes created - worst tet radius 2.22524 (nodes removed 0 616)
Info    : It. 12500 - 11884 nodes created - worst tet radius 2.19517 (nodes removed 0 616)
Info    : It. 13000 - 12384 nodes created - worst tet radius 2.16657 (nodes removed 0 616)
Info    : It. 13500 - 12884 nodes created - worst tet radius 2.13885 (nodes removed 0 616)
Info    : It. 14000 - 13384 nodes created - worst tet radius 2.11395 (nodes removed 0 616)
Info    : It. 14500 - 13884 nodes created - worst tet radius 2.09002 (nodes removed 0 616)
Info    : It. 15000 - 14384 nodes created - worst tet radius 2.06777 (nodes removed 0 616)
Info    : It. 15500 - 14884 nodes created - worst tet radius 2.04584 (nodes removed 0 616)
Info    : It. 16000 - 15384 nodes created - worst tet radius 2.02384 (nodes removed 0 616)
Info    : It. 16500 - 15884 nodes created - worst tet radius 2.0024 (nodes removed 0 616)
Info    : It. 17000 - 16384 nodes created - worst tet radius 1.98283 (nodes removed 0 616)
Info    : It. 17500 - 16884 nodes created - worst tet radius 1.96478 (nodes removed 0 616)
Info    : It. 18000 - 17384 nodes created - worst tet radius 1.94667 (nodes removed 0 616)
Info    : It. 18500 - 17884 nodes created - worst tet radius 1.92829 (nodes removed 0 616)
Info    : It. 19000 - 18384 nodes created - worst tet radius 1.91053 (nodes removed 0 616)
Info    : It. 19500 - 18884 nodes created - worst tet radius 1.89398 (nodes removed 0 616)
Info    : It. 20000 - 19384 nodes created - worst tet radius 1.87801 (nodes removed 0 616)
Info    : It. 20500 - 19883 nodes created - worst tet radius 1.8632 (nodes removed 0 617)
Info    : It. 21000 - 20383 nodes created - worst tet radius 1.84864 (nodes removed 0 617)
Info    : It. 21500 - 20883 nodes created - worst tet radius 1.83463 (nodes removed 0 617)
Info    : It. 22000 - 21383 nodes created - worst tet radius 1.82136 (nodes removed 0 617)
Info    : It. 22500 - 21883 nodes created - worst tet radius 1.80819 (nodes removed 0 617)
Info    : It. 23000 - 22383 nodes created - worst tet radius 1.79481 (nodes removed 0 617)
Info    : It. 23500 - 22883 nodes created - worst tet radius 1.78263 (nodes removed 0 617)
Info    : It. 24000 - 23383 nodes created - worst tet radius 1.77149 (nodes removed 0 617)
Info    : It. 24500 - 23883 nodes created - worst tet radius 1.76015 (nodes removed 0 617)
Info    : It. 25000 - 24383 nodes created - worst tet radius 1.74906 (nodes removed 0 617)
Info    : It. 25500 - 24883 nodes created - worst tet radius 1.73758 (nodes removed 0 617)
Info    : It. 26000 - 25383 nodes created - worst tet radius 1.72755 (nodes removed 0 617)
Info    : It. 26500 - 25883 nodes created - worst tet radius 1.71729 (nodes removed 0 617)
Info    : It. 27000 - 26383 nodes created - worst tet radius 1.70584 (nodes removed 0 617)
Info    : It. 27500 - 26883 nodes created - worst tet radius 1.69572 (nodes removed 0 617)
Info    : It. 28000 - 27383 nodes created - worst tet radius 1.68566 (nodes removed 0 617)
Info    : It. 28500 - 27883 nodes created - worst tet radius 1.67678 (nodes removed 0 617)
Info    : It. 29000 - 28383 nodes created - worst tet radius 1.66754 (nodes removed 0 617)
Info    : It. 29500 - 28883 nodes created - worst tet radius 1.65821 (nodes removed 0 617)
Info    : It. 30000 - 29383 nodes created - worst tet radius 1.64957 (nodes removed 0 617)
Info    : It. 30500 - 29883 nodes created - worst tet radius 1.63993 (nodes removed 0 617)
Info    : It. 31000 - 30383 nodes created - worst tet radius 1.63101 (nodes removed 0 617)
Info    : It. 31500 - 30883 nodes created - worst tet radius 1.62231 (nodes removed 0 617)
Info    : It. 32000 - 31383 nodes created - worst tet radius 1.61313 (nodes removed 0 617)
Info    : It. 32500 - 31883 nodes created - worst tet radius 1.6054 (nodes removed 0 617)
Info    : It. 33000 - 32383 nodes created - worst tet radius 1.59746 (nodes removed 0 617)
Info    : It. 33500 - 32883 nodes created - worst tet radius 1.58951 (nodes removed 0 617)
Info    : It. 34000 - 33383 nodes created - worst tet radius 1.58164 (nodes removed 0 617)
Info    : It. 34500 - 33883 nodes created - worst tet radius 1.57343 (nodes removed 0 617)
Info    : It. 35000 - 34383 nodes created - worst tet radius 1.56628 (nodes removed 0 617)
Info    : It. 35500 - 34883 nodes created - worst tet radius 1.55906 (nodes removed 0 617)
Info    : It. 36000 - 35383 nodes created - worst tet radius 1.55216 (nodes removed 0 617)
Info    : It. 36500 - 35883 nodes created - worst tet radius 1.54516 (nodes removed 0 617)
Info    : It. 37000 - 36383 nodes created - worst tet radius 1.53849 (nodes removed 0 617)
Info    : It. 37500 - 36883 nodes created - worst tet radius 1.5311 (nodes removed 0 617)
Info    : It. 38000 - 37383 nodes created - worst tet radius 1.52433 (nodes removed 0 617)
Info    : It. 38500 - 37883 nodes created - worst tet radius 1.51795 (nodes removed 0 617)
Info    : It. 39000 - 38383 nodes created - worst tet radius 1.51175 (nodes removed 0 617)
Info    : It. 39500 - 38883 nodes created - worst tet radius 1.50574 (nodes removed 0 617)
Info    : It. 40000 - 39383 nodes created - worst tet radius 1.49995 (nodes removed 0 617)
Info    : It. 40500 - 39883 nodes created - worst tet radius 1.49377 (nodes removed 0 617)
Info    : It. 41000 - 40383 nodes created - worst tet radius 1.4879 (nodes removed 0 617)
Info    : It. 41500 - 40883 nodes created - worst tet radius 1.48185 (nodes removed 0 617)
Info    : It. 42000 - 41383 nodes created - worst tet radius 1.47641 (nodes removed 0 617)
Info    : It. 42500 - 41883 nodes created - worst tet radius 1.47041 (nodes removed 0 617)
Info    : It. 43000 - 42383 nodes created - worst tet radius 1.46491 (nodes removed 0 617)
Info    : It. 43500 - 42883 nodes created - worst tet radius 1.45927 (nodes removed 0 617)
Info    : It. 44000 - 43383 nodes created - worst tet radius 1.45385 (nodes removed 0 617)
Info    : It. 44500 - 43883 nodes created - worst tet radius 1.44847 (nodes removed 0 617)
Info    : It. 45000 - 44383 nodes created - worst tet radius 1.44327 (nodes removed 0 617)
Info    : It. 45500 - 44883 nodes created - worst tet radius 1.4384 (nodes removed 0 617)
Info    : It. 46000 - 45383 nodes created - worst tet radius 1.43339 (nodes removed 0 617)
Info    : It. 46500 - 45883 nodes created - worst tet radius 1.42817 (nodes removed 0 617)
Info    : It. 47000 - 46383 nodes created - worst tet radius 1.42359 (nodes removed 0 617)
Info    : It. 47500 - 46883 nodes created - worst tet radius 1.41855 (nodes removed 0 617)
Info    : It. 48000 - 47383 nodes created - worst tet radius 1.41411 (nodes removed 0 617)
Info    : It. 48500 - 47883 nodes created - worst tet radius 1.40954 (nodes removed 0 617)
Info    : It. 49000 - 48383 nodes created - worst tet radius 1.40514 (nodes removed 0 617)
Info    : It. 49500 - 48883 nodes created - worst tet radius 1.4005 (nodes removed 0 617)
Info    : It. 50000 - 49383 nodes created - worst tet radius 1.396 (nodes removed 0 617)
Info    : It. 50500 - 49883 nodes created - worst tet radius 1.39143 (nodes removed 0 617)
Info    : It. 51000 - 50383 nodes created - worst tet radius 1.3873 (nodes removed 0 617)
Info    : It. 51500 - 50883 nodes created - worst tet radius 1.38282 (nodes removed 0 617)
Info    : It. 52000 - 51383 nodes created - worst tet radius 1.3786 (nodes removed 0 617)
Info    : It. 52500 - 51883 nodes created - worst tet radius 1.37395 (nodes removed 0 617)
Info    : It. 53000 - 52383 nodes created - worst tet radius 1.36959 (nodes removed 0 617)
Info    : It. 53500 - 52883 nodes created - worst tet radius 1.36541 (nodes removed 0 617)
Info    : It. 54000 - 53383 nodes created - worst tet radius 1.36115 (nodes removed 0 617)
Info    : It. 54500 - 53883 nodes created - worst tet radius 1.35666 (nodes removed 0 617)
Info    : It. 55000 - 54383 nodes created - worst tet radius 1.35257 (nodes removed 0 617)
Info    : It. 55500 - 54883 nodes created - worst tet radius 1.34878 (nodes removed 0 617)
Info    : It. 56000 - 55383 nodes created - worst tet radius 1.34497 (nodes removed 0 617)
Info    : It. 56500 - 55883 nodes created - worst tet radius 1.34125 (nodes removed 0 617)
Info    : It. 57000 - 56383 nodes created - worst tet radius 1.33763 (nodes removed 0 617)
Info    : It. 57500 - 56883 nodes created - worst tet radius 1.33387 (nodes removed 0 617)
Info    : It. 58000 - 57383 nodes created - worst tet radius 1.33017 (nodes removed 0 617)
Info    : It. 58500 - 57883 nodes created - worst tet radius 1.32634 (nodes removed 0 617)
Info    : It. 59000 - 58383 nodes created - worst tet radius 1.32263 (nodes removed 0 617)
Info    : It. 59500 - 58883 nodes created - worst tet radius 1.31909 (nodes removed 0 617)
Info    : It. 60000 - 59383 nodes created - worst tet radius 1.31534 (nodes removed 0 617)
Info    : It. 60500 - 59883 nodes created - worst tet radius 1.31186 (nodes removed 0 617)
Info    : It. 61000 - 60383 nodes created - worst tet radius 1.30837 (nodes removed 0 617)
Info    : It. 61500 - 60883 nodes created - worst tet radius 1.30475 (nodes removed 0 617)
Info    : It. 62000 - 61383 nodes created - worst tet radius 1.30132 (nodes removed 0 617)
Info    : It. 62500 - 61883 nodes created - worst tet radius 1.29816 (nodes removed 0 617)
Info    : It. 63000 - 62383 nodes created - worst tet radius 1.29488 (nodes removed 0 617)
Info    : It. 63500 - 62883 nodes created - worst tet radius 1.29135 (nodes removed 0 617)
Info    : It. 64000 - 63383 nodes created - worst tet radius 1.28811 (nodes removed 0 617)
Info    : It. 64500 - 63883 nodes created - worst tet radius 1.28492 (nodes removed 0 617)
Info    : It. 65000 - 64383 nodes created - worst tet radius 1.28178 (nodes removed 0 617)
Info    : It. 65500 - 64883 nodes created - worst tet radius 1.27859 (nodes removed 0 617)
Info    : It. 66000 - 65383 nodes created - worst tet radius 1.27534 (nodes removed 0 617)
Info    : It. 66500 - 65883 nodes created - worst tet radius 1.27242 (nodes removed 0 617)
Info    : It. 67000 - 66383 nodes created - worst tet radius 1.26938 (nodes removed 0 617)
Info    : It. 67500 - 66883 nodes created - worst tet radius 1.26623 (nodes removed 0 617)
Info    : It. 68000 - 67383 nodes created - worst tet radius 1.26306 (nodes removed 0 617)
Info    : It. 68500 - 67883 nodes created - worst tet radius 1.26029 (nodes removed 0 617)
Info    : It. 69000 - 68383 nodes created - worst tet radius 1.25709 (nodes removed 0 617)
Info    : It. 69500 - 68883 nodes created - worst tet radius 1.25434 (nodes removed 0 617)
Info    : It. 70000 - 69383 nodes created - worst tet radius 1.25117 (nodes removed 0 617)
Info    : It. 70500 - 69883 nodes created - worst tet radius 1.24834 (nodes removed 0 617)
Info    : It. 71000 - 70383 nodes created - worst tet radius 1.24543 (nodes removed 0 617)
Info    : It. 71500 - 70883 nodes created - worst tet radius 1.24252 (nodes removed 0 617)
Info    : It. 72000 - 71383 nodes created - worst tet radius 1.2396 (nodes removed 0 617)
Info    : It. 72500 - 71883 nodes created - worst tet radius 1.23671 (nodes removed 0 617)
Info    : It. 73000 - 72383 nodes created - worst tet radius 1.23385 (nodes removed 0 617)
Info    : It. 73500 - 72883 nodes created - worst tet radius 1.23121 (nodes removed 0 617)
Info    : It. 74000 - 73383 nodes created - worst tet radius 1.22863 (nodes removed 0 617)
Info    : It. 74500 - 73883 nodes created - worst tet radius 1.22585 (nodes removed 0 617)
Info    : It. 75000 - 74383 nodes created - worst tet radius 1.2234 (nodes removed 0 617)
Info    : It. 75500 - 74883 nodes created - worst tet radius 1.22069 (nodes removed 0 617)
Info    : It. 76000 - 75383 nodes created - worst tet radius 1.21831 (nodes removed 0 617)
Info    : It. 76500 - 75883 nodes created - worst tet radius 1.21574 (nodes removed 0 617)
Info    : It. 77000 - 76383 nodes created - worst tet radius 1.21319 (nodes removed 0 617)
Info    : It. 77500 - 76883 nodes created - worst tet radius 1.2108 (nodes removed 0 617)
Info    : It. 78000 - 77383 nodes created - worst tet radius 1.20812 (nodes removed 0 617)
Info    : It. 78500 - 77883 nodes created - worst tet radius 1.20553 (nodes removed 0 617)
Info    : It. 79000 - 78383 nodes created - worst tet radius 1.20287 (nodes removed 0 617)
Info    : It. 79500 - 78883 nodes created - worst tet radius 1.20058 (nodes removed 0 617)
Info    : It. 80000 - 79383 nodes created - worst tet radius 1.1979 (nodes removed 0 617)
Info    : It. 80500 - 79883 nodes created - worst tet radius 1.19553 (nodes removed 0 617)
Info    : It. 81000 - 80383 nodes created - worst tet radius 1.19322 (nodes removed 0 617)
Info    : It. 81500 - 80883 nodes created - worst tet radius 1.19087 (nodes removed 0 617)
Info    : It. 82000 - 81383 nodes created - worst tet radius 1.1886 (nodes removed 0 617)
Info    : It. 82500 - 81883 nodes created - worst tet radius 1.18639 (nodes removed 0 617)
Info    : It. 83000 - 82383 nodes created - worst tet radius 1.18407 (nodes removed 0 617)
Info    : It. 83500 - 82883 nodes created - worst tet radius 1.18186 (nodes removed 0 617)
Info    : It. 84000 - 83383 nodes created - worst tet radius 1.17952 (nodes removed 0 617)
Info    : It. 84500 - 83883 nodes created - worst tet radius 1.17717 (nodes removed 0 617)
Info    : It. 85000 - 84383 nodes created - worst tet radius 1.17484 (nodes removed 0 617)
Info    : It. 85500 - 84883 nodes created - worst tet radius 1.17281 (nodes removed 0 617)
Info    : It. 86000 - 85383 nodes created - worst tet radius 1.17056 (nodes removed 0 617)
Info    : It. 86500 - 85883 nodes created - worst tet radius 1.16833 (nodes removed 0 617)
Info    : It. 87000 - 86383 nodes created - worst tet radius 1.16609 (nodes removed 0 617)
Info    : It. 87500 - 86883 nodes created - worst tet radius 1.16397 (nodes removed 0 617)
Info    : It. 88000 - 87383 nodes created - worst tet radius 1.16186 (nodes removed 0 617)
Info    : It. 88500 - 87883 nodes created - worst tet radius 1.15968 (nodes removed 0 617)
Info    : It. 89000 - 88383 nodes created - worst tet radius 1.15763 (nodes removed 0 617)
Info    : It. 89500 - 88883 nodes created - worst tet radius 1.15549 (nodes removed 0 617)
Info    : It. 90000 - 89383 nodes created - worst tet radius 1.15338 (nodes removed 0 617)
Info    : It. 90500 - 89883 nodes created - worst tet radius 1.15144 (nodes removed 0 617)
Info    : It. 91000 - 90383 nodes created - worst tet radius 1.14951 (nodes removed 0 617)
Info    : It. 91500 - 90883 nodes created - worst tet radius 1.14746 (nodes removed 0 617)
Info    : It. 92000 - 91383 nodes created - worst tet radius 1.14537 (nodes removed 0 617)
Info    : It. 92500 - 91883 nodes created - worst tet radius 1.14333 (nodes removed 0 617)
Info    : It. 93000 - 92383 nodes created - worst tet radius 1.14145 (nodes removed 0 617)
Info    : It. 93500 - 92883 nodes created - worst tet radius 1.13942 (nodes removed 0 617)
Info    : It. 94000 - 93383 nodes created - worst tet radius 1.1374 (nodes removed 0 617)
Info    : It. 94500 - 93883 nodes created - worst tet radius 1.13541 (nodes removed 0 617)
Info    : It. 95000 - 94383 nodes created - worst tet radius 1.13343 (nodes removed 0 617)
Info    : It. 95500 - 94883 nodes created - worst tet radius 1.13157 (nodes removed 0 617)
Info    : It. 96000 - 95383 nodes created - worst tet radius 1.12967 (nodes removed 0 617)
Info    : It. 96500 - 95883 nodes created - worst tet radius 1.12772 (nodes removed 0 617)
Info    : It. 97000 - 96383 nodes created - worst tet radius 1.12583 (nodes removed 0 617)
Info    : It. 97500 - 96883 nodes created - worst tet radius 1.12391 (nodes removed 0 617)
Info    : It. 98000 - 97383 nodes created - worst tet radius 1.12195 (nodes removed 0 617)
Info    : It. 98500 - 97883 nodes created - worst tet radius 1.12024 (nodes removed 0 617)
Info    : It. 99000 - 98383 nodes created - worst tet radius 1.1183 (nodes removed 0 617)
Info    : It. 99500 - 98883 nodes created - worst tet radius 1.11661 (nodes removed 0 617)
Info    : It. 100000 - 99383 nodes created - worst tet radius 1.11472 (nodes removed 0 617)
Info    : It. 100500 - 99883 nodes created - worst tet radius 1.11297 (nodes removed 0 617)
Info    : It. 101000 - 100383 nodes created - worst tet radius 1.11124 (nodes removed 0 617)
Info    : It. 101500 - 100883 nodes created - worst tet radius 1.10949 (nodes removed 0 617)
Info    : It. 102000 - 101383 nodes created - worst tet radius 1.10767 (nodes removed 0 617)
Info    : It. 102500 - 101883 nodes created - worst tet radius 1.10589 (nodes removed 0 617)
Info    : It. 103000 - 102383 nodes created - worst tet radius 1.10411 (nodes removed 0 617)
Info    : It. 103500 - 102883 nodes created - worst tet radius 1.10238 (nodes removed 0 617)
Info    : It. 104000 - 103383 nodes created - worst tet radius 1.10057 (nodes removed 0 617)
Info    : It. 104500 - 103883 nodes created - worst tet radius 1.09885 (nodes removed 0 617)
Info    : It. 105000 - 104383 nodes created - worst tet radius 1.0971 (nodes removed 0 617)
Info    : It. 105500 - 104883 nodes created - worst tet radius 1.0954 (nodes removed 0 617)
Info    : It. 106000 - 105383 nodes created - worst tet radius 1.09382 (nodes removed 0 617)
Info    : It. 106500 - 105883 nodes created - worst tet radius 1.09234 (nodes removed 0 617)
Info    : It. 107000 - 106383 nodes created - worst tet radius 1.09065 (nodes removed 0 617)
Info    : It. 107500 - 106883 nodes created - worst tet radius 1.08895 (nodes removed 0 617)
Info    : It. 108000 - 107383 nodes created - worst tet radius 1.08738 (nodes removed 0 617)
Info    : It. 108500 - 107883 nodes created - worst tet radius 1.08574 (nodes removed 0 617)
Info    : It. 109000 - 108383 nodes created - worst tet radius 1.08419 (nodes removed 0 617)
Info    : It. 109500 - 108883 nodes created - worst tet radius 1.08249 (nodes removed 0 617)
Info    : It. 110000 - 109383 nodes created - worst tet radius 1.08083 (nodes removed 0 617)
Info    : It. 110500 - 109883 nodes created - worst tet radius 1.07925 (nodes removed 0 617)
Info    : It. 111000 - 110383 nodes created - worst tet radius 1.07765 (nodes removed 0 617)
Info    : It. 111500 - 110883 nodes created - worst tet radius 1.076 (nodes removed 0 617)
Info    : It. 112000 - 111383 nodes created - worst tet radius 1.07446 (nodes removed 0 617)
Info    : It. 112500 - 111883 nodes created - worst tet radius 1.07297 (nodes removed 0 617)
Info    : It. 113000 - 112383 nodes created - worst tet radius 1.07139 (nodes removed 0 617)
Info    : It. 113500 - 112883 nodes created - worst tet radius 1.06982 (nodes removed 0 617)
Info    : It. 114000 - 113383 nodes created - worst tet radius 1.06825 (nodes removed 0 617)
Info    : It. 114500 - 113883 nodes created - worst tet radius 1.06674 (nodes removed 0 617)
Info    : It. 115000 - 114383 nodes created - worst tet radius 1.06522 (nodes removed 0 617)
Info    : It. 115500 - 114883 nodes created - worst tet radius 1.06382 (nodes removed 0 617)
Info    : It. 116000 - 115383 nodes created - worst tet radius 1.06221 (nodes removed 0 617)
Info    : It. 116500 - 115883 nodes created - worst tet radius 1.06064 (nodes removed 0 617)
Info    : It. 117000 - 116383 nodes created - worst tet radius 1.05912 (nodes removed 0 617)
Info    : It. 117500 - 116883 nodes created - worst tet radius 1.05766 (nodes removed 0 617)
Info    : It. 118000 - 117383 nodes created - worst tet radius 1.05622 (nodes removed 0 617)
Info    : It. 118500 - 117883 nodes created - worst tet radius 1.05453 (nodes removed 0 617)
Info    : It. 119000 - 118383 nodes created - worst tet radius 1.05317 (nodes removed 0 617)
Info    : It. 119500 - 118883 nodes created - worst tet radius 1.05176 (nodes removed 0 617)
Info    : It. 120000 - 119383 nodes created - worst tet radius 1.05042 (nodes removed 0 617)
Info    : It. 120500 - 119883 nodes created - worst tet radius 1.04894 (nodes removed 0 617)
Info    : It. 121000 - 120383 nodes created - worst tet radius 1.04754 (nodes removed 0 617)
Info    : It. 121500 - 120883 nodes created - worst tet radius 1.04623 (nodes removed 0 617)
Info    : It. 122000 - 121383 nodes created - worst tet radius 1.04492 (nodes removed 0 617)
Info    : It. 122500 - 121883 nodes created - worst tet radius 1.04359 (nodes removed 0 617)
Info    : It. 123000 - 122383 nodes created - worst tet radius 1.04228 (nodes removed 0 617)
Info    : It. 123500 - 122883 nodes created - worst tet radius 1.041 (nodes removed 0 617)
Info    : It. 124000 - 123383 nodes created - worst tet radius 1.03968 (nodes removed 0 617)
Info    : It. 124500 - 123883 nodes created - worst tet radius 1.03839 (nodes removed 0 617)
Info    : It. 125000 - 124383 nodes created - worst tet radius 1.03703 (nodes removed 0 617)
Info    : It. 125500 - 124883 nodes created - worst tet radius 1.03567 (nodes removed 0 617)
Info    : It. 126000 - 125383 nodes created - worst tet radius 1.0344 (nodes removed 0 617)
Info    : It. 126500 - 125883 nodes created - worst tet radius 1.03314 (nodes removed 0 617)
Info    : It. 127000 - 126383 nodes created - worst tet radius 1.03186 (nodes removed 0 617)
Info    : It. 127500 - 126883 nodes created - worst tet radius 1.03056 (nodes removed 0 617)
Info    : It. 128000 - 127383 nodes created - worst tet radius 1.02928 (nodes removed 0 617)
Info    : It. 128500 - 127883 nodes created - worst tet radius 1.02797 (nodes removed 0 617)
Info    : It. 129000 - 128383 nodes created - worst tet radius 1.02663 (nodes removed 0 617)
Info    : It. 129500 - 128883 nodes created - worst tet radius 1.02525 (nodes removed 0 617)
Info    : It. 130000 - 129383 nodes created - worst tet radius 1.02387 (nodes removed 0 617)
Info    : It. 130500 - 129883 nodes created - worst tet radius 1.02267 (nodes removed 0 617)
Info    : It. 131000 - 130383 nodes created - worst tet radius 1.02136 (nodes removed 0 617)
Info    : It. 131500 - 130883 nodes created - worst tet radius 1.02014 (nodes removed 0 617)
Info    : It. 132000 - 131383 nodes created - worst tet radius 1.01883 (nodes removed 0 617)
Info    : It. 132500 - 131883 nodes created - worst tet radius 1.01757 (nodes removed 0 617)
Info    : It. 133000 - 132383 nodes created - worst tet radius 1.01631 (nodes removed 0 617)
Info    : It. 133500 - 132883 nodes created - worst tet radius 1.015 (nodes removed 0 617)
Info    : It. 134000 - 133383 nodes created - worst tet radius 1.01377 (nodes removed 0 617)
Info    : It. 134500 - 133883 nodes created - worst tet radius 1.01258 (nodes removed 0 617)
Info    : It. 135000 - 134383 nodes created - worst tet radius 1.01141 (nodes removed 0 617)
Info    : It. 135500 - 134883 nodes created - worst tet radius 1.01015 (nodes removed 0 617)
Info    : It. 136000 - 135383 nodes created - worst tet radius 1.00893 (nodes removed 0 617)
Info    : It. 136500 - 135882 nodes created - worst tet radius 1.00779 (nodes removed 0 618)
Info    : It. 137000 - 136382 nodes created - worst tet radius 1.00663 (nodes removed 0 618)
Info    : It. 137500 - 136882 nodes created - worst tet radius 1.00547 (nodes removed 0 618)
Info    : It. 138000 - 137382 nodes created - worst tet radius 1.00426 (nodes removed 0 618)
Info    : It. 138500 - 137882 nodes created - worst tet radius 1.003 (nodes removed 0 618)
Info    : It. 139000 - 138382 nodes created - worst tet radius 1.00183 (nodes removed 0 618)
Info    : It. 139500 - 138882 nodes created - worst tet radius 1.0006 (nodes removed 0 618)
Info    : 3D refinement terminated (167930 nodes total):
Info    :  - 9 Delaunay cavities modified for star shapeness
Info    :  - 618 nodes could not be inserted
Info    :  - 977925 tetrahedra created in 11.5738 sec. (84494 tets/s)
Info    : Done meshing 3D (Wall 19.3971s, CPU 19.2565s)
Info    : Optimizing mesh...
Info    : Optimizing volume 100
Info    : Optimization starts (volume = 396769) with worst = 0.00231006 / average = 0.786307:
Info    : 0.00 < quality < 0.10 :      1908 elements
Info    : 0.10 < quality < 0.20 :      5917 elements
Info    : 0.20 < quality < 0.30 :     10592 elements
Info    : 0.30 < quality < 0.40 :     16832 elements
Info    : 0.40 < quality < 0.50 :     26323 elements
Info    : 0.50 < quality < 0.60 :     43191 elements
Info    : 0.60 < quality < 0.70 :     86828 elements
Info    : 0.70 < quality < 0.80 :    208647 elements
Info    : 0.80 < quality < 0.90 :    378587 elements
Info    : 0.90 < quality < 1.00 :    199100 elements
Info    : 18244 edge swaps, 585 node relocations (volume = 396769): worst = 0.168165 / average = 0.798213 (Wall 0.981654s, CPU 0.981215s)
Info    : 18329 edge swaps, 595 node relocations (volume = 396769): worst = 0.241906 / average = 0.798267 (Wall 1.3286s, CPU 1.32799s)
Info    : 18330 edge swaps, 599 node relocations (volume = 396769): worst = 0.241906 / average = 0.798268 (Wall 1.67244s, CPU 1.67171s)
Info    : No ill-shaped tets in the mesh :-)
Info    : 0.00 < quality < 0.10 :         0 elements
Info    : 0.10 < quality < 0.20 :         0 elements
Info    : 0.20 < quality < 0.30 :        11 elements
Info    : 0.30 < quality < 0.40 :     16679 elements
Info    : 0.40 < quality < 0.50 :     25273 elements
Info    : 0.50 < quality < 0.60 :     41413 elements
Info    : 0.60 < quality < 0.70 :     86299 elements
Info    : 0.70 < quality < 0.80 :    212235 elements
Info    : 0.80 < quality < 0.90 :    381711 elements
Info    : 0.90 < quality < 1.00 :    197827 elements
Info    : Done optimizing mesh (Wall 3.98987s, CPU 3.92732s)
Info    : 167962 nodes 1019778 elements
Info    : Writing 'pinched_channel_h_06.msh'...
Info    : Done writing 'pinched_channel_h_06.msh'
Info    : Stopped on Fri Oct 28 17:25:06 2022 (From start: Wall 28.49s, CPU 28.3446s)

