Info    : Running 'gmsh -3 pinched_channel_h_07.new -format msh2 -o pinched_channel_h_07.msh' [Gmsh 4.8.4, 1 node, max. 1 thread]
Info    : Started on Thu Oct 27 12:07:07 2022
Info    : Reading 'pinched_channel_h_07.new'...
Info    : Done reading 'pinched_channel_h_07.new'
Info    : Meshing 1D...
Info    : [  0%] Meshing curve 1 (BSpline)
Info    : [ 20%] Meshing curve 4 (Line)
Info    : [ 30%] Meshing curve 5 (Line)
Info    : [ 40%] Meshing curve 6 (Circle)
Info    : [ 50%] Meshing curve 7 (Circle)
Info    : [ 60%] Meshing curve 8 (Line)
Info    : [ 70%] Meshing curve 9 (Circle)
Info    : [ 80%] Meshing curve 10 (Line)
Info    : [ 90%] Meshing curve 11 (Circle)
Info    : Done meshing 1D (Wall 0.0143511s, CPU 0.014339s)
Info    : Meshing 2D...
Info    : [  0%] Meshing surface 1 (Surface of Revolution, Frontal-Delaunay)
Info    : [ 20%] Meshing surface 2 (Cylinder, Frontal-Delaunay)
Info    : [ 40%] Meshing surface 3 (Plane, Frontal-Delaunay)
Info    : [ 60%] Meshing surface 4 (Cylinder, Frontal-Delaunay)
Info    : [ 80%] Meshing surface 5 (Plane, Frontal-Delaunay)
Info    : Done meshing 2D (Wall 17.404s, CPU 17.3785s)
Info    : Meshing 3D...
Info    : 3D Meshing 1 volume with 1 connected component
Info    : Tetrahedrizing 49063 nodes...
Info    : Done tetrahedrizing 49071 nodes (Wall 1.70666s, CPU 1.66195s)
Info    : Reconstructing mesh...
Info    :  - Creating surface mesh
Info    :  - Identifying boundary edges
Info    :  - Recovering boundary
Info    :  - Added 163 Steiner points
Info    : Done reconstructing mesh (Wall 6.29306s, CPU 6.15069s)
Info    : Found volume 100
Info    : It. 0 - 0 nodes created - worst tet radius 6.57845e+06 (nodes removed 0 0)
Info    : It. 500 - 0 nodes created - worst tet radius 249998 (nodes removed 0 500)
Info    : It. 1000 - 0 nodes created - worst tet radius 99744.7 (nodes removed 0 1000)
Info    : It. 1500 - 0 nodes created - worst tet radius 47815.9 (nodes removed 0 1500)
Info    : It. 2000 - 0 nodes created - worst tet radius 23237.3 (nodes removed 0 2000)
Info    : It. 2500 - 0 nodes created - worst tet radius 10681.4 (nodes removed 0 2500)
Info    : It. 3000 - 0 nodes created - worst tet radius 6287.2 (nodes removed 0 3000)
Info    : It. 3500 - 0 nodes created - worst tet radius 3454.87 (nodes removed 0 3500)
Info    : It. 4000 - 0 nodes created - worst tet radius 686.807 (nodes removed 0 4000)
Info    : It. 4500 - 439 nodes created - worst tet radius 7.76069 (nodes removed 0 4061)
Info    : It. 5000 - 939 nodes created - worst tet radius 6.23386 (nodes removed 0 4061)
Info    : It. 5500 - 1439 nodes created - worst tet radius 5.49027 (nodes removed 0 4061)
Info    : It. 6000 - 1939 nodes created - worst tet radius 5.02021 (nodes removed 0 4061)
Info    : It. 6500 - 2439 nodes created - worst tet radius 4.68405 (nodes removed 0 4061)
Info    : It. 7000 - 2939 nodes created - worst tet radius 4.43565 (nodes removed 0 4061)
Info    : It. 7500 - 3439 nodes created - worst tet radius 4.22208 (nodes removed 0 4061)
Info    : It. 8000 - 3939 nodes created - worst tet radius 4.04613 (nodes removed 0 4061)
Info    : It. 8500 - 4439 nodes created - worst tet radius 3.90789 (nodes removed 0 4061)
Info    : It. 9000 - 4939 nodes created - worst tet radius 3.78744 (nodes removed 0 4061)
Info    : It. 9500 - 5439 nodes created - worst tet radius 3.67668 (nodes removed 0 4061)
Info    : It. 10000 - 5939 nodes created - worst tet radius 3.57521 (nodes removed 0 4061)
Info    : It. 10500 - 6439 nodes created - worst tet radius 3.48267 (nodes removed 0 4061)
Info    : It. 11000 - 6939 nodes created - worst tet radius 3.39741 (nodes removed 0 4061)
Info    : It. 11500 - 7439 nodes created - worst tet radius 3.32644 (nodes removed 0 4061)
Info    : It. 12000 - 7939 nodes created - worst tet radius 3.25525 (nodes removed 0 4061)
Info    : It. 12500 - 8439 nodes created - worst tet radius 3.19716 (nodes removed 0 4061)
Info    : It. 13000 - 8939 nodes created - worst tet radius 3.14298 (nodes removed 0 4061)
Info    : It. 13500 - 9439 nodes created - worst tet radius 3.09171 (nodes removed 0 4061)
Info    : It. 14000 - 9939 nodes created - worst tet radius 3.04043 (nodes removed 0 4061)
Info    : It. 14500 - 10439 nodes created - worst tet radius 2.99491 (nodes removed 0 4061)
Info    : It. 15000 - 10939 nodes created - worst tet radius 2.95262 (nodes removed 0 4061)
Info    : It. 15500 - 11439 nodes created - worst tet radius 2.91077 (nodes removed 0 4061)
Info    : It. 16000 - 11939 nodes created - worst tet radius 2.87307 (nodes removed 0 4061)
Info    : It. 16500 - 12439 nodes created - worst tet radius 2.83599 (nodes removed 0 4061)
Info    : It. 17000 - 12939 nodes created - worst tet radius 2.80215 (nodes removed 0 4061)
Info    : It. 17500 - 13439 nodes created - worst tet radius 2.76661 (nodes removed 0 4061)
Info    : It. 18000 - 13939 nodes created - worst tet radius 2.73272 (nodes removed 0 4061)
Info    : It. 18500 - 14439 nodes created - worst tet radius 2.70204 (nodes removed 0 4061)
Info    : It. 19000 - 14939 nodes created - worst tet radius 2.67544 (nodes removed 0 4061)
Info    : It. 19500 - 15439 nodes created - worst tet radius 2.64685 (nodes removed 0 4061)
Info    : It. 20000 - 15939 nodes created - worst tet radius 2.61986 (nodes removed 0 4061)
Info    : It. 20500 - 16439 nodes created - worst tet radius 2.59629 (nodes removed 0 4061)
Info    : It. 21000 - 16939 nodes created - worst tet radius 2.57296 (nodes removed 0 4061)
Info    : It. 21500 - 17439 nodes created - worst tet radius 2.54798 (nodes removed 0 4061)
Info    : It. 22000 - 17939 nodes created - worst tet radius 2.52462 (nodes removed 0 4061)
Info    : It. 22500 - 18439 nodes created - worst tet radius 2.50285 (nodes removed 0 4061)
Info    : It. 23000 - 18939 nodes created - worst tet radius 2.4816 (nodes removed 0 4061)
Info    : It. 23500 - 19439 nodes created - worst tet radius 2.46207 (nodes removed 0 4061)
Info    : It. 24000 - 19939 nodes created - worst tet radius 2.44278 (nodes removed 0 4061)
Info    : It. 24500 - 20439 nodes created - worst tet radius 2.42423 (nodes removed 0 4061)
Info    : It. 25000 - 20939 nodes created - worst tet radius 2.40546 (nodes removed 0 4061)
Info    : It. 25500 - 21439 nodes created - worst tet radius 2.38717 (nodes removed 0 4061)
Info    : It. 26000 - 21939 nodes created - worst tet radius 2.37015 (nodes removed 0 4061)
Info    : It. 26500 - 22439 nodes created - worst tet radius 2.35403 (nodes removed 0 4061)
Info    : It. 27000 - 22939 nodes created - worst tet radius 2.33689 (nodes removed 0 4061)
Info    : It. 27500 - 23439 nodes created - worst tet radius 2.32031 (nodes removed 0 4061)
Info    : It. 28000 - 23939 nodes created - worst tet radius 2.3042 (nodes removed 0 4061)
Info    : It. 28500 - 24439 nodes created - worst tet radius 2.28824 (nodes removed 0 4061)
Info    : It. 29000 - 24939 nodes created - worst tet radius 2.27459 (nodes removed 0 4061)
Info    : It. 29500 - 25439 nodes created - worst tet radius 2.26089 (nodes removed 0 4061)
Info    : It. 30000 - 25939 nodes created - worst tet radius 2.24761 (nodes removed 0 4061)
Info    : It. 30500 - 26439 nodes created - worst tet radius 2.23357 (nodes removed 0 4061)
Info    : It. 31000 - 26939 nodes created - worst tet radius 2.22083 (nodes removed 0 4061)
Info    : It. 31500 - 27439 nodes created - worst tet radius 2.20784 (nodes removed 0 4061)
Info    : It. 32000 - 27939 nodes created - worst tet radius 2.19528 (nodes removed 0 4061)
Info    : It. 32500 - 28439 nodes created - worst tet radius 2.18191 (nodes removed 0 4061)
Info    : It. 33000 - 28939 nodes created - worst tet radius 2.16953 (nodes removed 0 4061)
Info    : It. 33500 - 29439 nodes created - worst tet radius 2.15751 (nodes removed 0 4061)
Info    : It. 34000 - 29939 nodes created - worst tet radius 2.14612 (nodes removed 0 4061)
Info    : It. 34500 - 30439 nodes created - worst tet radius 2.13516 (nodes removed 0 4061)
Info    : It. 35000 - 30939 nodes created - worst tet radius 2.12383 (nodes removed 0 4061)
Info    : It. 35500 - 31439 nodes created - worst tet radius 2.11241 (nodes removed 0 4061)
Info    : It. 36000 - 31939 nodes created - worst tet radius 2.10215 (nodes removed 0 4061)
Info    : It. 36500 - 32439 nodes created - worst tet radius 2.092 (nodes removed 0 4061)
Info    : It. 37000 - 32939 nodes created - worst tet radius 2.08182 (nodes removed 0 4061)
Info    : It. 37500 - 33439 nodes created - worst tet radius 2.07231 (nodes removed 0 4061)
Info    : It. 38000 - 33939 nodes created - worst tet radius 2.06243 (nodes removed 0 4061)
Info    : It. 38500 - 34439 nodes created - worst tet radius 2.05283 (nodes removed 0 4061)
Info    : It. 39000 - 34939 nodes created - worst tet radius 2.04346 (nodes removed 0 4061)
Info    : It. 39500 - 35439 nodes created - worst tet radius 2.03453 (nodes removed 0 4061)
Info    : It. 40000 - 35939 nodes created - worst tet radius 2.02487 (nodes removed 0 4061)
Info    : It. 40500 - 36439 nodes created - worst tet radius 2.01616 (nodes removed 0 4061)
Info    : It. 41000 - 36939 nodes created - worst tet radius 2.00733 (nodes removed 0 4061)
Info    : It. 41500 - 37439 nodes created - worst tet radius 1.99841 (nodes removed 0 4061)
Info    : It. 42000 - 37939 nodes created - worst tet radius 1.98996 (nodes removed 0 4061)
Info    : It. 42500 - 38439 nodes created - worst tet radius 1.98157 (nodes removed 0 4061)
Info    : It. 43000 - 38939 nodes created - worst tet radius 1.97353 (nodes removed 0 4061)
Info    : It. 43500 - 39439 nodes created - worst tet radius 1.96571 (nodes removed 0 4061)
Info    : It. 44000 - 39939 nodes created - worst tet radius 1.95798 (nodes removed 0 4061)
Info    : It. 44500 - 40439 nodes created - worst tet radius 1.94948 (nodes removed 0 4061)
Info    : It. 45000 - 40939 nodes created - worst tet radius 1.94215 (nodes removed 0 4061)
Info    : It. 45500 - 41439 nodes created - worst tet radius 1.93471 (nodes removed 0 4061)
Info    : It. 46000 - 41939 nodes created - worst tet radius 1.92761 (nodes removed 0 4061)
Info    : It. 46500 - 42439 nodes created - worst tet radius 1.92003 (nodes removed 0 4061)
Info    : It. 47000 - 42939 nodes created - worst tet radius 1.91274 (nodes removed 0 4061)
Info    : It. 47500 - 43439 nodes created - worst tet radius 1.90538 (nodes removed 0 4061)
Info    : It. 48000 - 43939 nodes created - worst tet radius 1.89864 (nodes removed 0 4061)
Info    : It. 48500 - 44439 nodes created - worst tet radius 1.89139 (nodes removed 0 4061)
Info    : It. 49000 - 44939 nodes created - worst tet radius 1.88439 (nodes removed 0 4061)
Info    : It. 49500 - 45439 nodes created - worst tet radius 1.87744 (nodes removed 0 4061)
Info    : It. 50000 - 45939 nodes created - worst tet radius 1.8709 (nodes removed 0 4061)
Info    : It. 50500 - 46439 nodes created - worst tet radius 1.86474 (nodes removed 0 4061)
Info    : It. 51000 - 46939 nodes created - worst tet radius 1.85818 (nodes removed 0 4061)
Info    : It. 51500 - 47439 nodes created - worst tet radius 1.85158 (nodes removed 0 4061)
Info    : It. 52000 - 47939 nodes created - worst tet radius 1.84527 (nodes removed 0 4061)
Info    : It. 52500 - 48439 nodes created - worst tet radius 1.83979 (nodes removed 0 4061)
Info    : It. 53000 - 48939 nodes created - worst tet radius 1.83336 (nodes removed 0 4061)
Info    : It. 53500 - 49439 nodes created - worst tet radius 1.82766 (nodes removed 0 4061)
Info    : It. 54000 - 49939 nodes created - worst tet radius 1.82183 (nodes removed 0 4061)
Info    : It. 54500 - 50439 nodes created - worst tet radius 1.81579 (nodes removed 0 4061)
Info    : It. 55000 - 50939 nodes created - worst tet radius 1.81006 (nodes removed 0 4061)
Info    : It. 55500 - 51439 nodes created - worst tet radius 1.80433 (nodes removed 0 4061)
Info    : It. 56000 - 51939 nodes created - worst tet radius 1.79877 (nodes removed 0 4061)
Info    : It. 56500 - 52439 nodes created - worst tet radius 1.79339 (nodes removed 0 4061)
Info    : It. 57000 - 52939 nodes created - worst tet radius 1.7877 (nodes removed 0 4061)
Info    : It. 57500 - 53439 nodes created - worst tet radius 1.7825 (nodes removed 0 4061)
Info    : It. 58000 - 53939 nodes created - worst tet radius 1.77701 (nodes removed 0 4061)
Info    : It. 58500 - 54439 nodes created - worst tet radius 1.7717 (nodes removed 0 4061)
Info    : It. 59000 - 54939 nodes created - worst tet radius 1.7665 (nodes removed 0 4061)
Info    : It. 59500 - 55439 nodes created - worst tet radius 1.76125 (nodes removed 0 4061)
Info    : It. 60000 - 55939 nodes created - worst tet radius 1.75575 (nodes removed 0 4061)
Info    : It. 60500 - 56439 nodes created - worst tet radius 1.75057 (nodes removed 0 4061)
Info    : It. 61000 - 56939 nodes created - worst tet radius 1.74563 (nodes removed 0 4061)
Info    : It. 61500 - 57439 nodes created - worst tet radius 1.74106 (nodes removed 0 4061)
Info    : It. 62000 - 57939 nodes created - worst tet radius 1.73622 (nodes removed 0 4061)
Info    : It. 62500 - 58439 nodes created - worst tet radius 1.73172 (nodes removed 0 4061)
Info    : It. 63000 - 58939 nodes created - worst tet radius 1.72711 (nodes removed 0 4061)
Info    : It. 63500 - 59439 nodes created - worst tet radius 1.72276 (nodes removed 0 4061)
Info    : It. 64000 - 59939 nodes created - worst tet radius 1.71801 (nodes removed 0 4061)
Info    : It. 64500 - 60439 nodes created - worst tet radius 1.71346 (nodes removed 0 4061)
Info    : It. 65000 - 60939 nodes created - worst tet radius 1.70896 (nodes removed 0 4061)
Info    : It. 65500 - 61439 nodes created - worst tet radius 1.70433 (nodes removed 0 4061)
Info    : It. 66000 - 61939 nodes created - worst tet radius 1.70032 (nodes removed 0 4061)
Info    : It. 66500 - 62439 nodes created - worst tet radius 1.69571 (nodes removed 0 4061)
Info    : It. 67000 - 62939 nodes created - worst tet radius 1.69126 (nodes removed 0 4061)
Info    : It. 67500 - 63439 nodes created - worst tet radius 1.68694 (nodes removed 0 4061)
Info    : It. 68000 - 63939 nodes created - worst tet radius 1.68285 (nodes removed 0 4061)
Info    : It. 68500 - 64439 nodes created - worst tet radius 1.67868 (nodes removed 0 4061)
Info    : It. 69000 - 64939 nodes created - worst tet radius 1.67446 (nodes removed 0 4061)
Info    : It. 69500 - 65439 nodes created - worst tet radius 1.67018 (nodes removed 0 4061)
Info    : It. 70000 - 65939 nodes created - worst tet radius 1.6661 (nodes removed 0 4061)
Info    : It. 70500 - 66439 nodes created - worst tet radius 1.662 (nodes removed 0 4061)
Info    : It. 71000 - 66939 nodes created - worst tet radius 1.65819 (nodes removed 0 4061)
Info    : It. 71500 - 67439 nodes created - worst tet radius 1.65423 (nodes removed 0 4061)
Info    : It. 72000 - 67939 nodes created - worst tet radius 1.65013 (nodes removed 0 4061)
Info    : It. 72500 - 68439 nodes created - worst tet radius 1.64625 (nodes removed 0 4061)
Info    : It. 73000 - 68939 nodes created - worst tet radius 1.64243 (nodes removed 0 4061)
Info    : It. 73500 - 69439 nodes created - worst tet radius 1.63879 (nodes removed 0 4061)
Info    : It. 74000 - 69939 nodes created - worst tet radius 1.63468 (nodes removed 0 4061)
Info    : It. 74500 - 70439 nodes created - worst tet radius 1.63127 (nodes removed 0 4061)
Info    : It. 75000 - 70939 nodes created - worst tet radius 1.62748 (nodes removed 0 4061)
Info    : It. 75500 - 71439 nodes created - worst tet radius 1.62387 (nodes removed 0 4061)
Info    : It. 76000 - 71939 nodes created - worst tet radius 1.6201 (nodes removed 0 4061)
Info    : It. 76500 - 72439 nodes created - worst tet radius 1.61651 (nodes removed 0 4061)
Info    : It. 77000 - 72939 nodes created - worst tet radius 1.6131 (nodes removed 0 4061)
Info    : It. 77500 - 73439 nodes created - worst tet radius 1.60971 (nodes removed 0 4061)
Info    : It. 78000 - 73939 nodes created - worst tet radius 1.6062 (nodes removed 0 4061)
Info    : It. 78500 - 74439 nodes created - worst tet radius 1.60291 (nodes removed 0 4061)
Info    : It. 79000 - 74939 nodes created - worst tet radius 1.59968 (nodes removed 0 4061)
Info    : It. 79500 - 75439 nodes created - worst tet radius 1.59641 (nodes removed 0 4061)
Info    : It. 80000 - 75939 nodes created - worst tet radius 1.59304 (nodes removed 0 4061)
Info    : It. 80500 - 76439 nodes created - worst tet radius 1.58952 (nodes removed 0 4061)
Info    : It. 81000 - 76939 nodes created - worst tet radius 1.58637 (nodes removed 0 4061)
Info    : It. 81500 - 77439 nodes created - worst tet radius 1.58306 (nodes removed 0 4061)
Info    : It. 82000 - 77939 nodes created - worst tet radius 1.57982 (nodes removed 0 4061)
Info    : It. 82500 - 78439 nodes created - worst tet radius 1.57683 (nodes removed 0 4061)
Info    : It. 83000 - 78939 nodes created - worst tet radius 1.57368 (nodes removed 0 4061)
Info    : It. 83500 - 79439 nodes created - worst tet radius 1.57041 (nodes removed 0 4061)
Info    : It. 84000 - 79939 nodes created - worst tet radius 1.56719 (nodes removed 0 4061)
Info    : It. 84500 - 80439 nodes created - worst tet radius 1.56409 (nodes removed 0 4061)
Info    : It. 85000 - 80939 nodes created - worst tet radius 1.561 (nodes removed 0 4061)
Info    : It. 85500 - 81439 nodes created - worst tet radius 1.55788 (nodes removed 0 4061)
Info    : It. 86000 - 81939 nodes created - worst tet radius 1.55484 (nodes removed 0 4061)
Info    : It. 86500 - 82439 nodes created - worst tet radius 1.55189 (nodes removed 0 4061)
Info    : It. 87000 - 82939 nodes created - worst tet radius 1.54894 (nodes removed 0 4061)
Info    : It. 87500 - 83439 nodes created - worst tet radius 1.54583 (nodes removed 0 4061)
Info    : It. 88000 - 83939 nodes created - worst tet radius 1.54277 (nodes removed 0 4061)
Info    : It. 88500 - 84439 nodes created - worst tet radius 1.53994 (nodes removed 0 4061)
Info    : It. 89000 - 84939 nodes created - worst tet radius 1.5371 (nodes removed 0 4061)
Info    : It. 89500 - 85439 nodes created - worst tet radius 1.53425 (nodes removed 0 4061)
Info    : It. 90000 - 85939 nodes created - worst tet radius 1.53127 (nodes removed 0 4061)
Info    : It. 90500 - 86439 nodes created - worst tet radius 1.52837 (nodes removed 0 4061)
Info    : It. 91000 - 86939 nodes created - worst tet radius 1.52543 (nodes removed 0 4061)
Info    : It. 91500 - 87439 nodes created - worst tet radius 1.5225 (nodes removed 0 4061)
Info    : It. 92000 - 87939 nodes created - worst tet radius 1.51972 (nodes removed 0 4061)
Info    : It. 92500 - 88439 nodes created - worst tet radius 1.51706 (nodes removed 0 4061)
Info    : It. 93000 - 88939 nodes created - worst tet radius 1.51444 (nodes removed 0 4061)
Info    : It. 93500 - 89439 nodes created - worst tet radius 1.51169 (nodes removed 0 4061)
Info    : It. 94000 - 89939 nodes created - worst tet radius 1.50903 (nodes removed 0 4061)
Info    : It. 94500 - 90439 nodes created - worst tet radius 1.50638 (nodes removed 0 4061)
Info    : It. 95000 - 90939 nodes created - worst tet radius 1.50361 (nodes removed 0 4061)
Info    : It. 95500 - 91439 nodes created - worst tet radius 1.50102 (nodes removed 0 4061)
Info    : It. 96000 - 91939 nodes created - worst tet radius 1.49848 (nodes removed 0 4061)
Info    : It. 96500 - 92439 nodes created - worst tet radius 1.49585 (nodes removed 0 4061)
Info    : It. 97000 - 92939 nodes created - worst tet radius 1.49309 (nodes removed 0 4061)
Info    : It. 97500 - 93439 nodes created - worst tet radius 1.49064 (nodes removed 0 4061)
Info    : It. 98000 - 93939 nodes created - worst tet radius 1.48795 (nodes removed 0 4061)
Info    : It. 98500 - 94439 nodes created - worst tet radius 1.48535 (nodes removed 0 4061)
Info    : It. 99000 - 94939 nodes created - worst tet radius 1.48279 (nodes removed 0 4061)
Info    : It. 99500 - 95439 nodes created - worst tet radius 1.48029 (nodes removed 0 4061)
Info    : It. 100000 - 95939 nodes created - worst tet radius 1.47773 (nodes removed 0 4061)
Info    : It. 100500 - 96439 nodes created - worst tet radius 1.47517 (nodes removed 0 4061)
Info    : It. 101000 - 96939 nodes created - worst tet radius 1.47232 (nodes removed 0 4061)
Info    : It. 101500 - 97439 nodes created - worst tet radius 1.47005 (nodes removed 0 4061)
Info    : It. 102000 - 97939 nodes created - worst tet radius 1.4677 (nodes removed 0 4061)
Info    : It. 102500 - 98439 nodes created - worst tet radius 1.46533 (nodes removed 0 4061)
Info    : It. 103000 - 98939 nodes created - worst tet radius 1.46284 (nodes removed 0 4061)
Info    : It. 103500 - 99439 nodes created - worst tet radius 1.4607 (nodes removed 0 4061)
Info    : It. 104000 - 99939 nodes created - worst tet radius 1.45836 (nodes removed 0 4061)
Info    : It. 104500 - 100439 nodes created - worst tet radius 1.45602 (nodes removed 0 4061)
Info    : It. 105000 - 100939 nodes created - worst tet radius 1.45349 (nodes removed 0 4061)
Info    : It. 105500 - 101439 nodes created - worst tet radius 1.45107 (nodes removed 0 4061)
Info    : It. 106000 - 101939 nodes created - worst tet radius 1.44874 (nodes removed 0 4061)
Info    : It. 106500 - 102439 nodes created - worst tet radius 1.44646 (nodes removed 0 4061)
Info    : It. 107000 - 102939 nodes created - worst tet radius 1.44414 (nodes removed 0 4061)
Info    : It. 107500 - 103439 nodes created - worst tet radius 1.44172 (nodes removed 0 4061)
Info    : It. 108000 - 103939 nodes created - worst tet radius 1.43949 (nodes removed 0 4061)
Info    : It. 108500 - 104439 nodes created - worst tet radius 1.43726 (nodes removed 0 4061)
Info    : It. 109000 - 104939 nodes created - worst tet radius 1.43487 (nodes removed 0 4061)
Info    : It. 109500 - 105439 nodes created - worst tet radius 1.43266 (nodes removed 0 4061)
Info    : It. 110000 - 105939 nodes created - worst tet radius 1.43036 (nodes removed 0 4061)
Info    : It. 110500 - 106439 nodes created - worst tet radius 1.42822 (nodes removed 0 4061)
Info    : It. 111000 - 106939 nodes created - worst tet radius 1.42596 (nodes removed 0 4061)
Info    : It. 111500 - 107439 nodes created - worst tet radius 1.42371 (nodes removed 0 4061)
Info    : It. 112000 - 107939 nodes created - worst tet radius 1.42158 (nodes removed 0 4061)
Info    : It. 112500 - 108439 nodes created - worst tet radius 1.4193 (nodes removed 0 4061)
Info    : It. 113000 - 108939 nodes created - worst tet radius 1.41727 (nodes removed 0 4061)
Info    : It. 113500 - 109439 nodes created - worst tet radius 1.41527 (nodes removed 0 4061)
Info    : It. 114000 - 109939 nodes created - worst tet radius 1.41311 (nodes removed 0 4061)
Info    : It. 114500 - 110439 nodes created - worst tet radius 1.411 (nodes removed 0 4061)
Info    : It. 115000 - 110939 nodes created - worst tet radius 1.40883 (nodes removed 0 4061)
Info    : It. 115500 - 111439 nodes created - worst tet radius 1.40678 (nodes removed 0 4061)
Info    : It. 116000 - 111939 nodes created - worst tet radius 1.40463 (nodes removed 0 4061)
Info    : It. 116500 - 112439 nodes created - worst tet radius 1.40253 (nodes removed 0 4061)
Info    : It. 117000 - 112939 nodes created - worst tet radius 1.40049 (nodes removed 0 4061)
Info    : It. 117500 - 113439 nodes created - worst tet radius 1.39847 (nodes removed 0 4061)
Info    : It. 118000 - 113939 nodes created - worst tet radius 1.39639 (nodes removed 0 4061)
Info    : It. 118500 - 114439 nodes created - worst tet radius 1.39457 (nodes removed 0 4061)
Info    : It. 119000 - 114939 nodes created - worst tet radius 1.39265 (nodes removed 0 4061)
Info    : It. 119500 - 115439 nodes created - worst tet radius 1.39067 (nodes removed 0 4061)
Info    : It. 120000 - 115939 nodes created - worst tet radius 1.38876 (nodes removed 0 4061)
Info    : It. 120500 - 116439 nodes created - worst tet radius 1.38667 (nodes removed 0 4061)
Info    : It. 121000 - 116939 nodes created - worst tet radius 1.38464 (nodes removed 0 4061)
Info    : It. 121500 - 117439 nodes created - worst tet radius 1.38264 (nodes removed 0 4061)
Info    : It. 122000 - 117939 nodes created - worst tet radius 1.38058 (nodes removed 0 4061)
Info    : It. 122500 - 118439 nodes created - worst tet radius 1.37868 (nodes removed 0 4061)
Info    : It. 123000 - 118939 nodes created - worst tet radius 1.37688 (nodes removed 0 4061)
Info    : It. 123500 - 119439 nodes created - worst tet radius 1.37527 (nodes removed 0 4061)
Info    : It. 124000 - 119939 nodes created - worst tet radius 1.37336 (nodes removed 0 4061)
Info    : It. 124500 - 120439 nodes created - worst tet radius 1.37156 (nodes removed 0 4061)
Info    : It. 125000 - 120939 nodes created - worst tet radius 1.36964 (nodes removed 0 4061)
Info    : It. 125500 - 121439 nodes created - worst tet radius 1.36795 (nodes removed 0 4061)
Info    : It. 126000 - 121939 nodes created - worst tet radius 1.3662 (nodes removed 0 4061)
Info    : It. 126500 - 122439 nodes created - worst tet radius 1.36433 (nodes removed 0 4061)
Info    : It. 127000 - 122939 nodes created - worst tet radius 1.36255 (nodes removed 0 4061)
Info    : It. 127500 - 123439 nodes created - worst tet radius 1.36077 (nodes removed 0 4061)
Info    : It. 128000 - 123939 nodes created - worst tet radius 1.35891 (nodes removed 0 4061)
Info    : It. 128500 - 124439 nodes created - worst tet radius 1.35716 (nodes removed 0 4061)
Info    : It. 129000 - 124939 nodes created - worst tet radius 1.35536 (nodes removed 0 4061)
Info    : It. 129500 - 125439 nodes created - worst tet radius 1.35369 (nodes removed 0 4061)
Info    : It. 130000 - 125939 nodes created - worst tet radius 1.35186 (nodes removed 0 4061)
Info    : It. 130500 - 126439 nodes created - worst tet radius 1.35011 (nodes removed 0 4061)
Info    : It. 131000 - 126939 nodes created - worst tet radius 1.34834 (nodes removed 0 4061)
Info    : It. 131500 - 127439 nodes created - worst tet radius 1.34671 (nodes removed 0 4061)
Info    : It. 132000 - 127939 nodes created - worst tet radius 1.34499 (nodes removed 0 4061)
Info    : It. 132500 - 128439 nodes created - worst tet radius 1.34339 (nodes removed 0 4061)
Info    : It. 133000 - 128939 nodes created - worst tet radius 1.3419 (nodes removed 0 4061)
Info    : It. 133500 - 129439 nodes created - worst tet radius 1.34028 (nodes removed 0 4061)
Info    : It. 134000 - 129939 nodes created - worst tet radius 1.3387 (nodes removed 0 4061)
Info    : It. 134500 - 130439 nodes created - worst tet radius 1.33691 (nodes removed 0 4061)
Info    : It. 135000 - 130939 nodes created - worst tet radius 1.33518 (nodes removed 0 4061)
Info    : It. 135500 - 131439 nodes created - worst tet radius 1.33362 (nodes removed 0 4061)
Info    : It. 136000 - 131939 nodes created - worst tet radius 1.3321 (nodes removed 0 4061)
Info    : It. 136500 - 132439 nodes created - worst tet radius 1.3304 (nodes removed 0 4061)
Info    : It. 137000 - 132939 nodes created - worst tet radius 1.32888 (nodes removed 0 4061)
Info    : It. 137500 - 133439 nodes created - worst tet radius 1.32714 (nodes removed 0 4061)
Info    : It. 138000 - 133939 nodes created - worst tet radius 1.32566 (nodes removed 0 4061)
Info    : It. 138500 - 134439 nodes created - worst tet radius 1.32412 (nodes removed 0 4061)
Info    : It. 139000 - 134939 nodes created - worst tet radius 1.32263 (nodes removed 0 4061)
Info    : It. 139500 - 135439 nodes created - worst tet radius 1.32107 (nodes removed 0 4061)
Info    : It. 140000 - 135939 nodes created - worst tet radius 1.31953 (nodes removed 0 4061)
Info    : It. 140500 - 136439 nodes created - worst tet radius 1.31796 (nodes removed 0 4061)
Info    : It. 141000 - 136939 nodes created - worst tet radius 1.31633 (nodes removed 0 4061)
Info    : It. 141500 - 137439 nodes created - worst tet radius 1.31479 (nodes removed 0 4061)
Info    : It. 142000 - 137939 nodes created - worst tet radius 1.31333 (nodes removed 0 4061)
Info    : It. 142500 - 138439 nodes created - worst tet radius 1.31178 (nodes removed 0 4061)
Info    : It. 143000 - 138939 nodes created - worst tet radius 1.31023 (nodes removed 0 4061)
Info    : It. 143500 - 139439 nodes created - worst tet radius 1.30864 (nodes removed 0 4061)
Info    : It. 144000 - 139939 nodes created - worst tet radius 1.30708 (nodes removed 0 4061)
Info    : It. 144500 - 140439 nodes created - worst tet radius 1.30563 (nodes removed 0 4061)
Info    : It. 145000 - 140939 nodes created - worst tet radius 1.30426 (nodes removed 0 4061)
Info    : It. 145500 - 141439 nodes created - worst tet radius 1.30268 (nodes removed 0 4061)
Info    : It. 146000 - 141939 nodes created - worst tet radius 1.3012 (nodes removed 0 4061)
Info    : It. 146500 - 142439 nodes created - worst tet radius 1.29973 (nodes removed 0 4061)
Info    : It. 147000 - 142939 nodes created - worst tet radius 1.29826 (nodes removed 0 4061)
Info    : It. 147500 - 143439 nodes created - worst tet radius 1.29672 (nodes removed 0 4061)
Info    : It. 148000 - 143939 nodes created - worst tet radius 1.29518 (nodes removed 0 4061)
Info    : It. 148500 - 144439 nodes created - worst tet radius 1.29378 (nodes removed 0 4061)
Info    : It. 149000 - 144939 nodes created - worst tet radius 1.29225 (nodes removed 0 4061)
Info    : It. 149500 - 145439 nodes created - worst tet radius 1.29083 (nodes removed 0 4061)
Info    : It. 150000 - 145939 nodes created - worst tet radius 1.28944 (nodes removed 0 4061)
Info    : It. 150500 - 146439 nodes created - worst tet radius 1.28802 (nodes removed 0 4061)
Info    : It. 151000 - 146939 nodes created - worst tet radius 1.28672 (nodes removed 0 4061)
Info    : It. 151500 - 147439 nodes created - worst tet radius 1.28528 (nodes removed 0 4061)
Info    : It. 152000 - 147939 nodes created - worst tet radius 1.2839 (nodes removed 0 4061)
Info    : It. 152500 - 148439 nodes created - worst tet radius 1.28252 (nodes removed 0 4061)
Info    : It. 153000 - 148939 nodes created - worst tet radius 1.28113 (nodes removed 0 4061)
Info    : It. 153500 - 149439 nodes created - worst tet radius 1.27959 (nodes removed 0 4061)
Info    : It. 154000 - 149939 nodes created - worst tet radius 1.27811 (nodes removed 0 4061)
Info    : It. 154500 - 150439 nodes created - worst tet radius 1.27669 (nodes removed 0 4061)
Info    : It. 155000 - 150939 nodes created - worst tet radius 1.27536 (nodes removed 0 4061)
Info    : It. 155500 - 151439 nodes created - worst tet radius 1.27387 (nodes removed 0 4061)
Info    : It. 156000 - 151939 nodes created - worst tet radius 1.27252 (nodes removed 0 4061)
Info    : It. 156500 - 152439 nodes created - worst tet radius 1.2712 (nodes removed 0 4061)
Info    : It. 157000 - 152939 nodes created - worst tet radius 1.26984 (nodes removed 0 4061)
Info    : It. 157500 - 153439 nodes created - worst tet radius 1.26855 (nodes removed 0 4061)
Info    : It. 158000 - 153939 nodes created - worst tet radius 1.26722 (nodes removed 0 4061)
Info    : It. 158500 - 154439 nodes created - worst tet radius 1.26583 (nodes removed 0 4061)
Info    : It. 159000 - 154939 nodes created - worst tet radius 1.26462 (nodes removed 0 4061)
Info    : It. 159500 - 155439 nodes created - worst tet radius 1.26334 (nodes removed 0 4061)
Info    : It. 160000 - 155939 nodes created - worst tet radius 1.26203 (nodes removed 0 4061)
Info    : It. 160500 - 156439 nodes created - worst tet radius 1.26072 (nodes removed 0 4061)
Info    : It. 161000 - 156939 nodes created - worst tet radius 1.25947 (nodes removed 0 4061)
Info    : It. 161500 - 157439 nodes created - worst tet radius 1.25816 (nodes removed 0 4061)
Info    : It. 162000 - 157939 nodes created - worst tet radius 1.25684 (nodes removed 0 4061)
Info    : It. 162500 - 158439 nodes created - worst tet radius 1.25553 (nodes removed 0 4061)
Info    : It. 163000 - 158939 nodes created - worst tet radius 1.25423 (nodes removed 0 4061)
Info    : It. 163500 - 159439 nodes created - worst tet radius 1.25295 (nodes removed 0 4061)
Info    : It. 164000 - 159939 nodes created - worst tet radius 1.25161 (nodes removed 0 4061)
Info    : It. 164500 - 160439 nodes created - worst tet radius 1.25026 (nodes removed 0 4061)
Info    : It. 165000 - 160939 nodes created - worst tet radius 1.24889 (nodes removed 0 4061)
Info    : It. 165500 - 161439 nodes created - worst tet radius 1.24774 (nodes removed 0 4061)
Info    : It. 166000 - 161939 nodes created - worst tet radius 1.24641 (nodes removed 0 4061)
Info    : It. 166500 - 162439 nodes created - worst tet radius 1.24518 (nodes removed 0 4061)
Info    : It. 167000 - 162939 nodes created - worst tet radius 1.24385 (nodes removed 0 4061)
Info    : It. 167500 - 163439 nodes created - worst tet radius 1.2425 (nodes removed 0 4061)
Info    : It. 168000 - 163939 nodes created - worst tet radius 1.24136 (nodes removed 0 4061)
Info    : It. 168500 - 164439 nodes created - worst tet radius 1.24007 (nodes removed 0 4061)
Info    : It. 169000 - 164939 nodes created - worst tet radius 1.23884 (nodes removed 0 4061)
Info    : It. 169500 - 165439 nodes created - worst tet radius 1.2376 (nodes removed 0 4061)
Info    : It. 170000 - 165939 nodes created - worst tet radius 1.23641 (nodes removed 0 4061)
Info    : It. 170500 - 166439 nodes created - worst tet radius 1.23517 (nodes removed 0 4061)
Info    : It. 171000 - 166939 nodes created - worst tet radius 1.2341 (nodes removed 0 4061)
Info    : It. 171500 - 167439 nodes created - worst tet radius 1.23279 (nodes removed 0 4061)
Info    : It. 172000 - 167939 nodes created - worst tet radius 1.23165 (nodes removed 0 4061)
Info    : It. 172500 - 168439 nodes created - worst tet radius 1.23048 (nodes removed 0 4061)
Info    : It. 173000 - 168939 nodes created - worst tet radius 1.22927 (nodes removed 0 4061)
Info    : It. 173500 - 169439 nodes created - worst tet radius 1.22808 (nodes removed 0 4061)
Info    : It. 174000 - 169939 nodes created - worst tet radius 1.22695 (nodes removed 0 4061)
Info    : It. 174500 - 170439 nodes created - worst tet radius 1.22575 (nodes removed 0 4061)
Info    : It. 175000 - 170939 nodes created - worst tet radius 1.22458 (nodes removed 0 4061)
Info    : It. 175500 - 171439 nodes created - worst tet radius 1.22338 (nodes removed 0 4061)
Info    : It. 176000 - 171939 nodes created - worst tet radius 1.22228 (nodes removed 0 4061)
Info    : It. 176500 - 172439 nodes created - worst tet radius 1.22111 (nodes removed 0 4061)
Info    : It. 177000 - 172939 nodes created - worst tet radius 1.22008 (nodes removed 0 4061)
Info    : It. 177500 - 173439 nodes created - worst tet radius 1.21885 (nodes removed 0 4061)
Info    : It. 178000 - 173939 nodes created - worst tet radius 1.21771 (nodes removed 0 4061)
Info    : It. 178500 - 174439 nodes created - worst tet radius 1.21656 (nodes removed 0 4061)
Info    : It. 179000 - 174939 nodes created - worst tet radius 1.21541 (nodes removed 0 4061)
Info    : It. 179500 - 175439 nodes created - worst tet radius 1.21431 (nodes removed 0 4061)
Info    : It. 180000 - 175939 nodes created - worst tet radius 1.21325 (nodes removed 0 4061)
Info    : It. 180500 - 176439 nodes created - worst tet radius 1.21211 (nodes removed 0 4061)
Info    : It. 181000 - 176939 nodes created - worst tet radius 1.21104 (nodes removed 0 4061)
Info    : It. 181500 - 177439 nodes created - worst tet radius 1.20986 (nodes removed 0 4061)
Info    : It. 182000 - 177939 nodes created - worst tet radius 1.20877 (nodes removed 0 4061)
Info    : It. 182500 - 178439 nodes created - worst tet radius 1.20772 (nodes removed 0 4061)
Info    : It. 183000 - 178939 nodes created - worst tet radius 1.20658 (nodes removed 0 4061)
Info    : It. 183500 - 179439 nodes created - worst tet radius 1.2055 (nodes removed 0 4061)
Info    : It. 184000 - 179939 nodes created - worst tet radius 1.20446 (nodes removed 0 4061)
Info    : It. 184500 - 180439 nodes created - worst tet radius 1.20345 (nodes removed 0 4061)
Info    : It. 185000 - 180939 nodes created - worst tet radius 1.20239 (nodes removed 0 4061)
Info    : It. 185500 - 181439 nodes created - worst tet radius 1.20132 (nodes removed 0 4061)
Info    : It. 186000 - 181939 nodes created - worst tet radius 1.20019 (nodes removed 0 4061)
Info    : It. 186500 - 182439 nodes created - worst tet radius 1.19917 (nodes removed 0 4061)
Info    : It. 187000 - 182939 nodes created - worst tet radius 1.19813 (nodes removed 0 4061)
Info    : It. 187500 - 183439 nodes created - worst tet radius 1.19706 (nodes removed 0 4061)
Info    : It. 188000 - 183939 nodes created - worst tet radius 1.19599 (nodes removed 0 4061)
Info    : It. 188500 - 184439 nodes created - worst tet radius 1.19495 (nodes removed 0 4061)
Info    : It. 189000 - 184939 nodes created - worst tet radius 1.19392 (nodes removed 0 4061)
Info    : It. 189500 - 185439 nodes created - worst tet radius 1.19288 (nodes removed 0 4061)
Info    : It. 190000 - 185939 nodes created - worst tet radius 1.19187 (nodes removed 0 4061)
Info    : It. 190500 - 186439 nodes created - worst tet radius 1.19078 (nodes removed 0 4061)
Info    : It. 191000 - 186939 nodes created - worst tet radius 1.18969 (nodes removed 0 4061)
Info    : It. 191500 - 187439 nodes created - worst tet radius 1.18872 (nodes removed 0 4061)
Info    : It. 192000 - 187939 nodes created - worst tet radius 1.18769 (nodes removed 0 4061)
Info    : It. 192500 - 188439 nodes created - worst tet radius 1.18671 (nodes removed 0 4061)
Info    : It. 193000 - 188939 nodes created - worst tet radius 1.18572 (nodes removed 0 4061)
Info    : It. 193500 - 189439 nodes created - worst tet radius 1.18474 (nodes removed 0 4061)
Info    : It. 194000 - 189939 nodes created - worst tet radius 1.18362 (nodes removed 0 4061)
Info    : It. 194500 - 190439 nodes created - worst tet radius 1.18261 (nodes removed 0 4061)
Info    : It. 195000 - 190939 nodes created - worst tet radius 1.18159 (nodes removed 0 4061)
Info    : It. 195500 - 191439 nodes created - worst tet radius 1.18057 (nodes removed 0 4061)
Info    : It. 196000 - 191939 nodes created - worst tet radius 1.17955 (nodes removed 0 4061)
Info    : It. 196500 - 192439 nodes created - worst tet radius 1.17849 (nodes removed 0 4061)
Info    : It. 197000 - 192939 nodes created - worst tet radius 1.17747 (nodes removed 0 4061)
Info    : It. 197500 - 193439 nodes created - worst tet radius 1.17649 (nodes removed 0 4061)
Info    : It. 198000 - 193939 nodes created - worst tet radius 1.17549 (nodes removed 0 4061)
Info    : It. 198500 - 194439 nodes created - worst tet radius 1.17457 (nodes removed 0 4061)
Info    : It. 199000 - 194939 nodes created - worst tet radius 1.17365 (nodes removed 0 4061)
Info    : It. 199500 - 195439 nodes created - worst tet radius 1.17267 (nodes removed 0 4061)
Info    : It. 200000 - 195939 nodes created - worst tet radius 1.17167 (nodes removed 0 4061)
Info    : It. 200500 - 196439 nodes created - worst tet radius 1.17075 (nodes removed 0 4061)
Info    : It. 201000 - 196939 nodes created - worst tet radius 1.16985 (nodes removed 0 4061)
Info    : It. 201500 - 197439 nodes created - worst tet radius 1.16892 (nodes removed 0 4061)
Info    : It. 202000 - 197939 nodes created - worst tet radius 1.16797 (nodes removed 0 4061)
Info    : It. 202500 - 198439 nodes created - worst tet radius 1.16703 (nodes removed 0 4061)
Info    : It. 203000 - 198939 nodes created - worst tet radius 1.1661 (nodes removed 0 4061)
Info    : It. 203500 - 199439 nodes created - worst tet radius 1.16517 (nodes removed 0 4061)
Info    : It. 204000 - 199939 nodes created - worst tet radius 1.16421 (nodes removed 0 4061)
Info    : It. 204500 - 200439 nodes created - worst tet radius 1.16322 (nodes removed 0 4061)
Info    : It. 205000 - 200939 nodes created - worst tet radius 1.16225 (nodes removed 0 4061)
Info    : It. 205500 - 201439 nodes created - worst tet radius 1.16135 (nodes removed 0 4061)
Info    : It. 206000 - 201939 nodes created - worst tet radius 1.16038 (nodes removed 0 4061)
Info    : It. 206500 - 202439 nodes created - worst tet radius 1.15942 (nodes removed 0 4061)
Info    : It. 207000 - 202939 nodes created - worst tet radius 1.1585 (nodes removed 0 4061)
Info    : It. 207500 - 203439 nodes created - worst tet radius 1.15755 (nodes removed 0 4061)
Info    : It. 208000 - 203939 nodes created - worst tet radius 1.15663 (nodes removed 0 4061)
Info    : It. 208500 - 204439 nodes created - worst tet radius 1.15571 (nodes removed 0 4061)
Info    : It. 209000 - 204939 nodes created - worst tet radius 1.15483 (nodes removed 0 4061)
Info    : It. 209500 - 205439 nodes created - worst tet radius 1.15388 (nodes removed 0 4061)
Info    : It. 210000 - 205939 nodes created - worst tet radius 1.15296 (nodes removed 0 4061)
Info    : It. 210500 - 206439 nodes created - worst tet radius 1.15206 (nodes removed 0 4061)
Info    : It. 211000 - 206939 nodes created - worst tet radius 1.15105 (nodes removed 0 4061)
Info    : It. 211500 - 207439 nodes created - worst tet radius 1.15017 (nodes removed 0 4061)
Info    : It. 212000 - 207939 nodes created - worst tet radius 1.14929 (nodes removed 0 4061)
Info    : It. 212500 - 208439 nodes created - worst tet radius 1.14836 (nodes removed 0 4061)
Info    : It. 213000 - 208939 nodes created - worst tet radius 1.14755 (nodes removed 0 4061)
Info    : It. 213500 - 209439 nodes created - worst tet radius 1.14664 (nodes removed 0 4061)
Info    : It. 214000 - 209939 nodes created - worst tet radius 1.14577 (nodes removed 0 4061)
Info    : It. 214500 - 210439 nodes created - worst tet radius 1.14492 (nodes removed 0 4061)
Info    : It. 215000 - 210939 nodes created - worst tet radius 1.14396 (nodes removed 0 4061)
Info    : It. 215500 - 211439 nodes created - worst tet radius 1.14309 (nodes removed 0 4061)
Info    : It. 216000 - 211939 nodes created - worst tet radius 1.14229 (nodes removed 0 4061)
Info    : It. 216500 - 212439 nodes created - worst tet radius 1.14143 (nodes removed 0 4061)
Info    : It. 217000 - 212939 nodes created - worst tet radius 1.14054 (nodes removed 0 4061)
Info    : It. 217500 - 213439 nodes created - worst tet radius 1.13969 (nodes removed 0 4061)
Info    : It. 218000 - 213939 nodes created - worst tet radius 1.13885 (nodes removed 0 4061)
Info    : It. 218500 - 214439 nodes created - worst tet radius 1.13796 (nodes removed 0 4061)
Info    : It. 219000 - 214939 nodes created - worst tet radius 1.13713 (nodes removed 0 4061)
Info    : It. 219500 - 215439 nodes created - worst tet radius 1.13628 (nodes removed 0 4061)
Info    : It. 220000 - 215939 nodes created - worst tet radius 1.13541 (nodes removed 0 4061)
Info    : It. 220500 - 216439 nodes created - worst tet radius 1.13454 (nodes removed 0 4061)
Info    : It. 221000 - 216939 nodes created - worst tet radius 1.1337 (nodes removed 0 4061)
Info    : It. 221500 - 217439 nodes created - worst tet radius 1.13292 (nodes removed 0 4061)
Info    : It. 222000 - 217939 nodes created - worst tet radius 1.132 (nodes removed 0 4061)
Info    : It. 222500 - 218439 nodes created - worst tet radius 1.13118 (nodes removed 0 4061)
Info    : It. 223000 - 218939 nodes created - worst tet radius 1.13039 (nodes removed 0 4061)
Info    : It. 223500 - 219439 nodes created - worst tet radius 1.12962 (nodes removed 0 4061)
Info    : It. 224000 - 219939 nodes created - worst tet radius 1.1288 (nodes removed 0 4061)
Info    : It. 224500 - 220439 nodes created - worst tet radius 1.12801 (nodes removed 0 4061)
Info    : It. 225000 - 220939 nodes created - worst tet radius 1.12712 (nodes removed 0 4061)
Info    : It. 225500 - 221439 nodes created - worst tet radius 1.12629 (nodes removed 0 4061)
Info    : It. 226000 - 221939 nodes created - worst tet radius 1.12548 (nodes removed 0 4061)
Info    : It. 226500 - 222439 nodes created - worst tet radius 1.12457 (nodes removed 0 4061)
Info    : It. 227000 - 222939 nodes created - worst tet radius 1.12372 (nodes removed 0 4061)
Info    : It. 227500 - 223439 nodes created - worst tet radius 1.12293 (nodes removed 0 4061)
Info    : It. 228000 - 223939 nodes created - worst tet radius 1.1221 (nodes removed 0 4061)
Info    : It. 228500 - 224439 nodes created - worst tet radius 1.12127 (nodes removed 0 4061)
Info    : It. 229000 - 224939 nodes created - worst tet radius 1.12044 (nodes removed 0 4061)
Info    : It. 229500 - 225439 nodes created - worst tet radius 1.11962 (nodes removed 0 4061)
Info    : It. 230000 - 225939 nodes created - worst tet radius 1.11885 (nodes removed 0 4061)
Info    : It. 230500 - 226439 nodes created - worst tet radius 1.11805 (nodes removed 0 4061)
Info    : It. 231000 - 226939 nodes created - worst tet radius 1.11724 (nodes removed 0 4061)
Info    : It. 231500 - 227439 nodes created - worst tet radius 1.11647 (nodes removed 0 4061)
Info    : It. 232000 - 227939 nodes created - worst tet radius 1.11566 (nodes removed 0 4061)
Info    : It. 232500 - 228439 nodes created - worst tet radius 1.11487 (nodes removed 0 4061)
Info    : It. 233000 - 228939 nodes created - worst tet radius 1.11413 (nodes removed 0 4061)
Info    : It. 233500 - 229439 nodes created - worst tet radius 1.1133 (nodes removed 0 4061)
Info    : It. 234000 - 229939 nodes created - worst tet radius 1.1125 (nodes removed 0 4061)
Info    : It. 234500 - 230439 nodes created - worst tet radius 1.11173 (nodes removed 0 4061)
Info    : It. 235000 - 230939 nodes created - worst tet radius 1.111 (nodes removed 0 4061)
Info    : It. 235500 - 231439 nodes created - worst tet radius 1.11014 (nodes removed 0 4061)
Info    : It. 236000 - 231939 nodes created - worst tet radius 1.10934 (nodes removed 0 4061)
Info    : It. 236500 - 232439 nodes created - worst tet radius 1.10852 (nodes removed 0 4061)
Info    : It. 237000 - 232939 nodes created - worst tet radius 1.1077 (nodes removed 0 4061)
Info    : It. 237500 - 233439 nodes created - worst tet radius 1.107 (nodes removed 0 4061)
Info    : It. 238000 - 233939 nodes created - worst tet radius 1.10625 (nodes removed 0 4061)
Info    : It. 238500 - 234439 nodes created - worst tet radius 1.10552 (nodes removed 0 4061)
Info    : It. 239000 - 234939 nodes created - worst tet radius 1.10474 (nodes removed 0 4061)
Info    : It. 239500 - 235439 nodes created - worst tet radius 1.10401 (nodes removed 0 4061)
Info    : It. 240000 - 235939 nodes created - worst tet radius 1.10321 (nodes removed 0 4061)
Info    : It. 240500 - 236439 nodes created - worst tet radius 1.10245 (nodes removed 0 4061)
Info    : It. 241000 - 236939 nodes created - worst tet radius 1.1017 (nodes removed 0 4061)
Info    : It. 241500 - 237439 nodes created - worst tet radius 1.10098 (nodes removed 0 4061)
Info    : It. 242000 - 237939 nodes created - worst tet radius 1.10027 (nodes removed 0 4061)
Info    : It. 242500 - 238439 nodes created - worst tet radius 1.09956 (nodes removed 0 4061)
Info    : It. 243000 - 238939 nodes created - worst tet radius 1.09882 (nodes removed 0 4061)
Info    : It. 243500 - 239439 nodes created - worst tet radius 1.09806 (nodes removed 0 4061)
Info    : It. 244000 - 239939 nodes created - worst tet radius 1.09729 (nodes removed 0 4061)
Info    : It. 244500 - 240439 nodes created - worst tet radius 1.09656 (nodes removed 0 4061)
Info    : It. 245000 - 240939 nodes created - worst tet radius 1.09579 (nodes removed 0 4061)
Info    : It. 245500 - 241439 nodes created - worst tet radius 1.09503 (nodes removed 0 4061)
Info    : It. 246000 - 241939 nodes created - worst tet radius 1.09432 (nodes removed 0 4061)
Info    : It. 246500 - 242439 nodes created - worst tet radius 1.09367 (nodes removed 0 4061)
Info    : It. 247000 - 242939 nodes created - worst tet radius 1.09295 (nodes removed 0 4061)
Info    : It. 247500 - 243439 nodes created - worst tet radius 1.09219 (nodes removed 0 4061)
Info    : It. 248000 - 243939 nodes created - worst tet radius 1.0915 (nodes removed 0 4061)
Info    : It. 248500 - 244439 nodes created - worst tet radius 1.09075 (nodes removed 0 4061)
Info    : It. 249000 - 244939 nodes created - worst tet radius 1.09003 (nodes removed 0 4061)
Info    : It. 249500 - 245439 nodes created - worst tet radius 1.08926 (nodes removed 0 4061)
Info    : It. 250000 - 245939 nodes created - worst tet radius 1.08852 (nodes removed 0 4061)
Info    : It. 250500 - 246439 nodes created - worst tet radius 1.08779 (nodes removed 0 4061)
Info    : It. 251000 - 246939 nodes created - worst tet radius 1.08707 (nodes removed 0 4061)
Info    : It. 251500 - 247439 nodes created - worst tet radius 1.08631 (nodes removed 0 4061)
Info    : It. 252000 - 247939 nodes created - worst tet radius 1.08564 (nodes removed 0 4061)
Info    : It. 252500 - 248439 nodes created - worst tet radius 1.08494 (nodes removed 0 4061)
Info    : It. 253000 - 248939 nodes created - worst tet radius 1.08424 (nodes removed 0 4061)
Info    : It. 253500 - 249439 nodes created - worst tet radius 1.08354 (nodes removed 0 4061)
Info    : It. 254000 - 249939 nodes created - worst tet radius 1.08281 (nodes removed 0 4061)
Info    : It. 254500 - 250439 nodes created - worst tet radius 1.08212 (nodes removed 0 4061)
Info    : It. 255000 - 250939 nodes created - worst tet radius 1.08142 (nodes removed 0 4061)
Info    : It. 255500 - 251439 nodes created - worst tet radius 1.08076 (nodes removed 0 4061)
Info    : It. 256000 - 251939 nodes created - worst tet radius 1.08004 (nodes removed 0 4061)
Info    : It. 256500 - 252439 nodes created - worst tet radius 1.07932 (nodes removed 0 4061)
Info    : It. 257000 - 252939 nodes created - worst tet radius 1.07861 (nodes removed 0 4061)
Info    : It. 257500 - 253439 nodes created - worst tet radius 1.07793 (nodes removed 0 4061)
Info    : It. 258000 - 253939 nodes created - worst tet radius 1.07721 (nodes removed 0 4061)
Info    : It. 258500 - 254439 nodes created - worst tet radius 1.07646 (nodes removed 0 4061)
Info    : It. 259000 - 254939 nodes created - worst tet radius 1.07581 (nodes removed 0 4061)
Info    : It. 259500 - 255439 nodes created - worst tet radius 1.07517 (nodes removed 0 4061)
Info    : It. 260000 - 255939 nodes created - worst tet radius 1.07447 (nodes removed 0 4061)
Info    : It. 260500 - 256439 nodes created - worst tet radius 1.07382 (nodes removed 0 4061)
Info    : It. 261000 - 256939 nodes created - worst tet radius 1.07317 (nodes removed 0 4061)
Info    : It. 261500 - 257439 nodes created - worst tet radius 1.07249 (nodes removed 0 4061)
Info    : It. 262000 - 257939 nodes created - worst tet radius 1.07182 (nodes removed 0 4061)
Info    : It. 262500 - 258439 nodes created - worst tet radius 1.07115 (nodes removed 0 4061)
Info    : It. 263000 - 258939 nodes created - worst tet radius 1.07047 (nodes removed 0 4061)
Info    : It. 263500 - 259439 nodes created - worst tet radius 1.06981 (nodes removed 0 4061)
Info    : It. 264000 - 259938 nodes created - worst tet radius 1.06915 (nodes removed 0 4062)
Info    : It. 264500 - 260438 nodes created - worst tet radius 1.0685 (nodes removed 0 4062)
Info    : It. 265000 - 260938 nodes created - worst tet radius 1.06783 (nodes removed 0 4062)
Info    : It. 265500 - 261438 nodes created - worst tet radius 1.06715 (nodes removed 0 4062)
Info    : It. 266000 - 261938 nodes created - worst tet radius 1.0665 (nodes removed 0 4062)
Info    : It. 266500 - 262438 nodes created - worst tet radius 1.0658 (nodes removed 0 4062)
Info    : It. 267000 - 262938 nodes created - worst tet radius 1.06514 (nodes removed 0 4062)
Info    : It. 267500 - 263438 nodes created - worst tet radius 1.06449 (nodes removed 0 4062)
Info    : It. 268000 - 263938 nodes created - worst tet radius 1.06384 (nodes removed 0 4062)
Info    : It. 268500 - 264438 nodes created - worst tet radius 1.06319 (nodes removed 0 4062)
Info    : It. 269000 - 264938 nodes created - worst tet radius 1.06256 (nodes removed 0 4062)
Info    : It. 269500 - 265438 nodes created - worst tet radius 1.06192 (nodes removed 0 4062)
Info    : It. 270000 - 265938 nodes created - worst tet radius 1.06126 (nodes removed 0 4062)
Info    : It. 270500 - 266438 nodes created - worst tet radius 1.06064 (nodes removed 0 4062)
Info    : It. 271000 - 266938 nodes created - worst tet radius 1.06 (nodes removed 0 4062)
Info    : It. 271500 - 267438 nodes created - worst tet radius 1.05929 (nodes removed 0 4062)
Info    : It. 272000 - 267938 nodes created - worst tet radius 1.05864 (nodes removed 0 4062)
Info    : It. 272500 - 268438 nodes created - worst tet radius 1.05802 (nodes removed 0 4062)
Info    : It. 273000 - 268938 nodes created - worst tet radius 1.05739 (nodes removed 0 4062)
Info    : It. 273500 - 269438 nodes created - worst tet radius 1.05676 (nodes removed 0 4062)
Info    : It. 274000 - 269938 nodes created - worst tet radius 1.05606 (nodes removed 0 4062)
Info    : It. 274500 - 270438 nodes created - worst tet radius 1.05545 (nodes removed 0 4062)
Info    : It. 275000 - 270938 nodes created - worst tet radius 1.05484 (nodes removed 0 4062)
Info    : It. 275500 - 271438 nodes created - worst tet radius 1.05424 (nodes removed 0 4062)
Info    : It. 276000 - 271938 nodes created - worst tet radius 1.05361 (nodes removed 0 4062)
Info    : It. 276500 - 272438 nodes created - worst tet radius 1.053 (nodes removed 0 4062)
Info    : It. 277000 - 272938 nodes created - worst tet radius 1.05232 (nodes removed 0 4062)
Info    : It. 277500 - 273438 nodes created - worst tet radius 1.05171 (nodes removed 0 4062)
Info    : It. 278000 - 273938 nodes created - worst tet radius 1.05115 (nodes removed 0 4062)
Info    : It. 278500 - 274438 nodes created - worst tet radius 1.05054 (nodes removed 0 4062)
Info    : It. 279000 - 274938 nodes created - worst tet radius 1.04993 (nodes removed 0 4062)
Info    : It. 279500 - 275438 nodes created - worst tet radius 1.04927 (nodes removed 0 4062)
Info    : It. 280000 - 275938 nodes created - worst tet radius 1.04868 (nodes removed 0 4062)
Info    : It. 280500 - 276438 nodes created - worst tet radius 1.04806 (nodes removed 0 4062)
Info    : It. 281000 - 276938 nodes created - worst tet radius 1.04742 (nodes removed 0 4062)
Info    : It. 281500 - 277438 nodes created - worst tet radius 1.04678 (nodes removed 0 4062)
Info    : It. 282000 - 277938 nodes created - worst tet radius 1.04618 (nodes removed 0 4062)
Info    : It. 282500 - 278438 nodes created - worst tet radius 1.0456 (nodes removed 0 4062)
Info    : It. 283000 - 278938 nodes created - worst tet radius 1.04497 (nodes removed 0 4062)
Info    : It. 283500 - 279438 nodes created - worst tet radius 1.04437 (nodes removed 0 4062)
Info    : It. 284000 - 279938 nodes created - worst tet radius 1.04376 (nodes removed 0 4062)
Info    : It. 284500 - 280438 nodes created - worst tet radius 1.04319 (nodes removed 0 4062)
Info    : It. 285000 - 280938 nodes created - worst tet radius 1.04255 (nodes removed 0 4062)
Info    : It. 285500 - 281438 nodes created - worst tet radius 1.04195 (nodes removed 0 4062)
Info    : It. 286000 - 281938 nodes created - worst tet radius 1.04137 (nodes removed 0 4062)
Info    : It. 286500 - 282438 nodes created - worst tet radius 1.04073 (nodes removed 0 4062)
Info    : It. 287000 - 282938 nodes created - worst tet radius 1.0401 (nodes removed 0 4062)
Info    : It. 287500 - 283438 nodes created - worst tet radius 1.03951 (nodes removed 0 4062)
Info    : It. 288000 - 283938 nodes created - worst tet radius 1.03889 (nodes removed 0 4062)
Info    : It. 288500 - 284438 nodes created - worst tet radius 1.0383 (nodes removed 0 4062)
Info    : It. 289000 - 284938 nodes created - worst tet radius 1.0377 (nodes removed 0 4062)
Info    : It. 289500 - 285438 nodes created - worst tet radius 1.03709 (nodes removed 0 4062)
Info    : It. 290000 - 285938 nodes created - worst tet radius 1.03645 (nodes removed 0 4062)
Info    : It. 290500 - 286438 nodes created - worst tet radius 1.0359 (nodes removed 0 4062)
Info    : It. 291000 - 286938 nodes created - worst tet radius 1.0353 (nodes removed 0 4062)
Info    : It. 291500 - 287438 nodes created - worst tet radius 1.03474 (nodes removed 0 4062)
Info    : It. 292000 - 287938 nodes created - worst tet radius 1.03421 (nodes removed 0 4062)
Info    : It. 292500 - 288438 nodes created - worst tet radius 1.03366 (nodes removed 0 4062)
Info    : It. 293000 - 288938 nodes created - worst tet radius 1.03303 (nodes removed 0 4062)
Info    : It. 293500 - 289438 nodes created - worst tet radius 1.03243 (nodes removed 0 4062)
Info    : It. 294000 - 289938 nodes created - worst tet radius 1.0319 (nodes removed 0 4062)
Info    : It. 294500 - 290438 nodes created - worst tet radius 1.03131 (nodes removed 0 4062)
Info    : It. 295000 - 290938 nodes created - worst tet radius 1.03078 (nodes removed 0 4062)
Info    : It. 295500 - 291438 nodes created - worst tet radius 1.0302 (nodes removed 0 4062)
Info    : It. 296000 - 291938 nodes created - worst tet radius 1.02965 (nodes removed 0 4062)
Info    : It. 296500 - 292438 nodes created - worst tet radius 1.0291 (nodes removed 0 4062)
Info    : It. 297000 - 292938 nodes created - worst tet radius 1.02857 (nodes removed 0 4062)
Info    : It. 297500 - 293438 nodes created - worst tet radius 1.028 (nodes removed 0 4062)
Info    : It. 298000 - 293938 nodes created - worst tet radius 1.0274 (nodes removed 0 4062)
Info    : It. 298500 - 294438 nodes created - worst tet radius 1.02683 (nodes removed 0 4062)
Info    : It. 299000 - 294938 nodes created - worst tet radius 1.02624 (nodes removed 0 4062)
Info    : It. 299500 - 295438 nodes created - worst tet radius 1.02566 (nodes removed 0 4062)
Info    : It. 300000 - 295938 nodes created - worst tet radius 1.02505 (nodes removed 0 4062)
Info    : It. 300500 - 296438 nodes created - worst tet radius 1.02448 (nodes removed 0 4062)
Info    : It. 301000 - 296938 nodes created - worst tet radius 1.0239 (nodes removed 0 4062)
Info    : It. 301500 - 297438 nodes created - worst tet radius 1.02334 (nodes removed 0 4062)
Info    : It. 302000 - 297938 nodes created - worst tet radius 1.02276 (nodes removed 0 4062)
Info    : It. 302500 - 298438 nodes created - worst tet radius 1.02219 (nodes removed 0 4062)
Info    : It. 303000 - 298938 nodes created - worst tet radius 1.02163 (nodes removed 0 4062)
Info    : It. 303500 - 299438 nodes created - worst tet radius 1.02106 (nodes removed 0 4062)
Info    : It. 304000 - 299938 nodes created - worst tet radius 1.0205 (nodes removed 0 4062)
Info    : It. 304500 - 300438 nodes created - worst tet radius 1.01997 (nodes removed 0 4062)
Info    : It. 305000 - 300938 nodes created - worst tet radius 1.01941 (nodes removed 0 4062)
Info    : It. 305500 - 301438 nodes created - worst tet radius 1.01886 (nodes removed 0 4062)
Info    : It. 306000 - 301938 nodes created - worst tet radius 1.01826 (nodes removed 0 4062)
Info    : It. 306500 - 302438 nodes created - worst tet radius 1.01767 (nodes removed 0 4062)
Info    : It. 307000 - 302938 nodes created - worst tet radius 1.0171 (nodes removed 0 4062)
Info    : It. 307500 - 303438 nodes created - worst tet radius 1.01651 (nodes removed 0 4062)
Info    : It. 308000 - 303938 nodes created - worst tet radius 1.01595 (nodes removed 0 4062)
Info    : It. 308500 - 304438 nodes created - worst tet radius 1.01539 (nodes removed 0 4062)
Info    : It. 309000 - 304938 nodes created - worst tet radius 1.01489 (nodes removed 0 4062)
Info    : It. 309500 - 305438 nodes created - worst tet radius 1.01436 (nodes removed 0 4062)
Info    : It. 310000 - 305938 nodes created - worst tet radius 1.01382 (nodes removed 0 4062)
Info    : It. 310500 - 306438 nodes created - worst tet radius 1.0133 (nodes removed 0 4062)
Info    : It. 311000 - 306938 nodes created - worst tet radius 1.01274 (nodes removed 0 4062)
Info    : It. 311500 - 307438 nodes created - worst tet radius 1.01224 (nodes removed 0 4062)
Info    : It. 312000 - 307938 nodes created - worst tet radius 1.01169 (nodes removed 0 4062)
Info    : It. 312500 - 308438 nodes created - worst tet radius 1.01115 (nodes removed 0 4062)
Info    : It. 313000 - 308938 nodes created - worst tet radius 1.01059 (nodes removed 0 4062)
Info    : It. 313500 - 309438 nodes created - worst tet radius 1.01003 (nodes removed 0 4062)
Info    : It. 314000 - 309938 nodes created - worst tet radius 1.00948 (nodes removed 0 4062)
Info    : It. 314500 - 310438 nodes created - worst tet radius 1.00893 (nodes removed 0 4062)
Info    : It. 315000 - 310938 nodes created - worst tet radius 1.0084 (nodes removed 0 4062)
Info    : It. 315500 - 311438 nodes created - worst tet radius 1.00786 (nodes removed 0 4062)
Info    : It. 316000 - 311938 nodes created - worst tet radius 1.00739 (nodes removed 0 4062)
Info    : It. 316500 - 312438 nodes created - worst tet radius 1.00682 (nodes removed 0 4062)
Info    : It. 317000 - 312938 nodes created - worst tet radius 1.00632 (nodes removed 0 4062)
Info    : It. 317500 - 313438 nodes created - worst tet radius 1.00582 (nodes removed 0 4062)
Info    : It. 318000 - 313938 nodes created - worst tet radius 1.00523 (nodes removed 0 4062)
Info    : It. 318500 - 314438 nodes created - worst tet radius 1.00467 (nodes removed 0 4062)
Info    : It. 319000 - 314938 nodes created - worst tet radius 1.00417 (nodes removed 0 4062)
Info    : It. 319500 - 315438 nodes created - worst tet radius 1.00371 (nodes removed 0 4062)
Info    : It. 320000 - 315938 nodes created - worst tet radius 1.00317 (nodes removed 0 4062)
Info    : It. 320500 - 316438 nodes created - worst tet radius 1.00264 (nodes removed 0 4062)
Info    : It. 321000 - 316938 nodes created - worst tet radius 1.00215 (nodes removed 0 4062)
Info    : It. 321500 - 317438 nodes created - worst tet radius 1.00164 (nodes removed 0 4062)
Info    : It. 322000 - 317938 nodes created - worst tet radius 1.00113 (nodes removed 0 4062)
Info    : It. 322500 - 318438 nodes created - worst tet radius 1.00064 (nodes removed 0 4062)
Info    : It. 323000 - 318938 nodes created - worst tet radius 1.00012 (nodes removed 0 4062)
Info    : 3D refinement terminated (368293 nodes total):
Info    :  - 9 Delaunay cavities modified for star shapeness
Info    :  - 4062 nodes could not be inserted
Info    :  - 2190377 tetrahedra created in 30.4997 sec. (71816 tets/s)
Info    : Done meshing 3D (Wall 53.3218s, CPU 53.0441s)
Info    : Optimizing mesh...
Info    : Optimizing volume 100
Info    : Optimization starts (volume = 396825) with worst = 0.00138231 / average = 0.787806:
Info    : 0.00 < quality < 0.10 :      4212 elements
Info    : 0.10 < quality < 0.20 :     13021 elements
Info    : 0.20 < quality < 0.30 :     23112 elements
Info    : 0.30 < quality < 0.40 :     37465 elements
Info    : 0.40 < quality < 0.50 :     58440 elements
Info    : 0.50 < quality < 0.60 :     96218 elements
Info    : 0.60 < quality < 0.70 :    189964 elements
Info    : 0.70 < quality < 0.80 :    461866 elements
Info    : 0.80 < quality < 0.90 :    852299 elements
Info    : 0.90 < quality < 1.00 :    453780 elements
Info    : 39979 edge swaps, 1341 node relocations (volume = 396825): worst = 0.0796698 / average = 0.799416 (Wall 2.36805s, CPU 2.36296s)
Info    : 40158 edge swaps, 1367 node relocations (volume = 396825): worst = 0.182025 / average = 0.799466 (Wall 3.20953s, CPU 3.20404s)
Info    : 40163 edge swaps, 1372 node relocations (volume = 396825): worst = 0.182025 / average = 0.799468 (Wall 4.04488s, CPU 4.03894s)
Info    : No ill-shaped tets in the mesh :-)
Info    : 0.00 < quality < 0.10 :         0 elements
Info    : 0.10 < quality < 0.20 :         1 elements
Info    : 0.20 < quality < 0.30 :        13 elements
Info    : 0.30 < quality < 0.40 :     37193 elements
Info    : 0.40 < quality < 0.50 :     56334 elements
Info    : 0.50 < quality < 0.60 :     92260 elements
Info    : 0.60 < quality < 0.70 :    188537 elements
Info    : 0.70 < quality < 0.80 :    470277 elements
Info    : 0.80 < quality < 0.90 :    859196 elements
Info    : 0.90 < quality < 1.00 :    450623 elements
Info    : Done optimizing mesh (Wall 9.51214s, CPU 9.38172s)
Info    : 368217 nodes 2253690 elements
Info    : Writing 'pinched_channel_h_07.msh'...
Info    : Done writing 'pinched_channel_h_07.msh'
Info    : Stopped on Thu Oct 27 12:08:34 2022 (From start: Wall 86.1139s, CPU 85.6758s)

