Info    : Running 'gmsh -3 pinched_channel_h_02.new -format msh2 -o pinched_channel_h_02.msh' [Gmsh 4.8.4, 1 node, max. 1 thread]
Info    : Started on Thu Oct 27 12:06:01 2022
Info    : Reading 'pinched_channel_h_02.new'...
Info    : Done reading 'pinched_channel_h_02.new'
Info    : Meshing 1D...
Info    : [  0%] Meshing curve 1 (BSpline)
Info    : [ 20%] Meshing curve 4 (Line)
Info    : [ 30%] Meshing curve 5 (Line)
Info    : [ 40%] Meshing curve 6 (Circle)
Info    : [ 50%] Meshing curve 7 (Circle)
Info    : [ 60%] Meshing curve 8 (Line)
Info    : [ 70%] Meshing curve 9 (Circle)
Info    : [ 80%] Meshing curve 10 (Line)
Info    : [ 90%] Meshing curve 11 (Circle)
Info    : Done meshing 1D (Wall 0.00911147s, CPU 0.008995s)
Info    : Meshing 2D...
Info    : [  0%] Meshing surface 1 (Surface of Revolution, Frontal-Delaunay)
Info    : [ 20%] Meshing surface 2 (Cylinder, Frontal-Delaunay)
Info    : [ 40%] Meshing surface 3 (Plane, Frontal-Delaunay)
Info    : [ 60%] Meshing surface 4 (Cylinder, Frontal-Delaunay)
Info    : [ 80%] Meshing surface 5 (Plane, Frontal-Delaunay)
Info    : Done meshing 2D (Wall 1.06709s, CPU 1.06242s)
Info    : Meshing 3D...
Info    : 3D Meshing 1 volume with 1 connected component
Info    : Tetrahedrizing 2845 nodes...
Info    : Done tetrahedrizing 2853 nodes (Wall 0.0556271s, CPU 0.055608s)
Info    : Reconstructing mesh...
Info    :  - Creating surface mesh
Info    :  - Identifying boundary edges
Info    :  - Recovering boundary
Info    : Done reconstructing mesh (Wall 0.145298s, CPU 0.141218s)
Info    : Found volume 100
Info    : It. 0 - 0 nodes created - worst tet radius 7.82654 (nodes removed 0 0)
Info    : It. 500 - 500 nodes created - worst tet radius 1.75134 (nodes removed 0 0)
Info    : It. 1000 - 1000 nodes created - worst tet radius 1.44747 (nodes removed 0 0)
Info    : It. 1500 - 1500 nodes created - worst tet radius 1.28303 (nodes removed 0 0)
Info    : It. 2000 - 2000 nodes created - worst tet radius 1.17734 (nodes removed 0 0)
Info    : It. 2500 - 2500 nodes created - worst tet radius 1.09778 (nodes removed 0 0)
Info    : It. 3000 - 3000 nodes created - worst tet radius 1.04123 (nodes removed 0 0)
Info    : 3D refinement terminated (6270 nodes total):
Info    :  - 0 Delaunay cavities modified for star shapeness
Info    :  - 0 nodes could not be inserted
Info    :  - 30275 tetrahedra created in 0.191425 sec. (158156 tets/s)
Info    : Done meshing 3D (Wall 0.456033s, CPU 0.439871s)
Info    : Optimizing mesh...
Info    : Optimizing volume 100
Info    : Optimization starts (volume = 395501) with worst = 0.0188308 / average = 0.773858:
Info    : 0.00 < quality < 0.10 :        73 elements
Info    : 0.10 < quality < 0.20 :       185 elements
Info    : 0.20 < quality < 0.30 :       356 elements
Info    : 0.30 < quality < 0.40 :       543 elements
Info    : 0.40 < quality < 0.50 :       849 elements
Info    : 0.50 < quality < 0.60 :      1402 elements
Info    : 0.60 < quality < 0.70 :      3291 elements
Info    : 0.70 < quality < 0.80 :      7349 elements
Info    : 0.80 < quality < 0.90 :     11051 elements
Info    : 0.90 < quality < 1.00 :      5176 elements
Info    : 607 edge swaps, 14 node relocations (volume = 395501): worst = 0.180011 / average = 0.78664 (Wall 0.0170187s, CPU 0.017015s)
Info    : 614 edge swaps, 14 node relocations (volume = 395501): worst = 0.229401 / average = 0.786761 (Wall 0.0220598s, CPU 0.022052s)
Info    : No ill-shaped tets in the mesh :-)
Info    : 0.00 < quality < 0.10 :         0 elements
Info    : 0.10 < quality < 0.20 :         0 elements
Info    : 0.20 < quality < 0.30 :         3 elements
Info    : 0.30 < quality < 0.40 :       540 elements
Info    : 0.40 < quality < 0.50 :       805 elements
Info    : 0.50 < quality < 0.60 :      1337 elements
Info    : 0.60 < quality < 0.70 :      3304 elements
Info    : 0.70 < quality < 0.80 :      7375 elements
Info    : 0.80 < quality < 0.90 :     11204 elements
Info    : 0.90 < quality < 1.00 :      5148 elements
Info    : Done optimizing mesh (Wall 0.0579883s, CPU 0.057965s)
Info    : 6307 nodes 35692 elements
Info    : Writing 'pinched_channel_h_02.msh'...
Info    : Done writing 'pinched_channel_h_02.msh'
Info    : Stopped on Thu Oct 27 12:06:02 2022 (From start: Wall 1.75795s, CPU 1.85519s)

