gmsh -3 pinched_channel_h_00.new -format msh2 -o pinched_channel_h_00.msh
Info    : Running 'gmsh -3 pinched_channel_h_00.new -format msh2 -o pinched_channel_h_00.msh' [Gmsh 4.8.4, 1 node, max. 1 thread]
Info    : Started on Fri Oct 28 17:24:16 2022
Info    : Reading 'pinched_channel_h_00.new'...
Info    : Done reading 'pinched_channel_h_00.new'
Info    : Meshing 1D...
Info    : [  0%] Meshing curve 1 (BSpline)
Info    : [ 20%] Meshing curve 4 (Line)
Info    : [ 30%] Meshing curve 5 (Line)
Info    : [ 40%] Meshing curve 6 (Circle)
Info    : [ 50%] Meshing curve 7 (Circle)
Info    : [ 60%] Meshing curve 8 (Line)
Info    : [ 70%] Meshing curve 9 (Circle)
Info    : [ 80%] Meshing curve 10 (Line)
Info    : [ 90%] Meshing curve 11 (Circle)
Info    : Done meshing 1D (Wall 0.00650874s, CPU 0.00651s)
Info    : Meshing 2D...
Info    : [  0%] Meshing surface 1 (Surface of Revolution, Frontal-Delaunay)
Info    : [ 20%] Meshing surface 2 (Cylinder, Frontal-Delaunay)
Info    : [ 40%] Meshing surface 3 (Plane, Frontal-Delaunay)
Info    : [ 60%] Meshing surface 4 (Cylinder, Frontal-Delaunay)
Info    : [ 80%] Meshing surface 5 (Plane, Frontal-Delaunay)
Info    : Done meshing 2D (Wall 0.0212539s, CPU 0.021227s)
Info    : Meshing 3D...
Info    : 3D Meshing 1 volume with 1 connected component
Info    : Tetrahedrizing 196 nodes...
Info    : Done tetrahedrizing 204 nodes (Wall 0.00239396s, CPU 0.002394s)
Info    : Reconstructing mesh...
Info    :  - Creating surface mesh
Info    :  - Identifying boundary edges
Info    :  - Recovering boundary
Info    : Done reconstructing mesh (Wall 0.00517216s, CPU 0.005073s)
Info    : Found volume 100
Info    : It. 0 - 0 nodes created - worst tet radius 2.01026 (nodes removed 0 0)
Info    : 3D refinement terminated (219 nodes total):
Info    :  - 0 Delaunay cavities modified for star shapeness
Info    :  - 0 nodes could not be inserted
Info    :  - 622 tetrahedra created in 0.00168279 sec. (369623 tets/s)
Info    : Done meshing 3D (Wall 0.019074s, CPU 0.015165s)
Info    : Optimizing mesh...
Info    : Optimizing volume 100
Info    : Optimization starts (volume = 377736) with worst = 0.0303305 / average = 0.723487:
Info    : 0.00 < quality < 0.10 :         2 elements
Info    : 0.10 < quality < 0.20 :         9 elements
Info    : 0.20 < quality < 0.30 :        18 elements
Info    : 0.30 < quality < 0.40 :        18 elements
Info    : 0.40 < quality < 0.50 :        18 elements
Info    : 0.50 < quality < 0.60 :        26 elements
Info    : 0.60 < quality < 0.70 :       111 elements
Info    : 0.70 < quality < 0.80 :       188 elements
Info    : 0.80 < quality < 0.90 :       167 elements
Info    : 0.90 < quality < 1.00 :        65 elements
Info    : 22 edge swaps, 0 node relocations (volume = 377736): worst = 0.189544 / average = 0.743455 (Wall 0.000472009s, CPU 0.00043s)
Info    : No ill-shaped tets in the mesh :-)
Info    : 0.00 < quality < 0.10 :         0 elements
Info    : 0.10 < quality < 0.20 :         2 elements
Info    : 0.20 < quality < 0.30 :         2 elements
Info    : 0.30 < quality < 0.40 :        17 elements
Info    : 0.40 < quality < 0.50 :        24 elements
Info    : 0.50 < quality < 0.60 :        27 elements
Info    : 0.60 < quality < 0.70 :       112 elements
Info    : 0.70 < quality < 0.80 :       185 elements
Info    : 0.80 < quality < 0.90 :       167 elements
Info    : 0.90 < quality < 1.00 :        67 elements
Info    : Done optimizing mesh (Wall 0.00111731s, CPU 0.001017s)
Info    : 244 nodes 1083 elements
Info    : Writing 'pinched_channel_h_00.msh'...
Info    : Done writing 'pinched_channel_h_00.msh'
Info    : Stopped on Fri Oct 28 17:24:16 2022 (From start: Wall 0.162759s, CPU 0.28331s)

