gmsh -3 pinched_channel_h_05.new -format msh2 -o pinched_channel_h_05.msh
Info    : Running 'gmsh -3 pinched_channel_h_05.new -format msh2 -o pinched_channel_h_05.msh' [Gmsh 4.8.4, 1 node, max. 1 thread]
Info    : Started on Fri Oct 28 17:24:25 2022
Info    : Reading 'pinched_channel_h_05.new'...
Info    : Done reading 'pinched_channel_h_05.new'
Info    : Meshing 1D...
Info    : [  0%] Meshing curve 1 (BSpline)
Info    : [ 20%] Meshing curve 4 (Line)
Info    : [ 30%] Meshing curve 5 (Line)
Info    : [ 40%] Meshing curve 6 (Circle)
Info    : [ 50%] Meshing curve 7 (Circle)
Info    : [ 60%] Meshing curve 8 (Line)
Info    : [ 70%] Meshing curve 9 (Circle)
Info    : [ 80%] Meshing curve 10 (Line)
Info    : [ 90%] Meshing curve 11 (Circle)
Info    : Done meshing 1D (Wall 0.0123588s, CPU 0.012302s)
Info    : Meshing 2D...
Info    : [  0%] Meshing surface 1 (Surface of Revolution, Frontal-Delaunay)
Info    : [ 20%] Meshing surface 2 (Cylinder, Frontal-Delaunay)
Info    : [ 40%] Meshing surface 3 (Plane, Frontal-Delaunay)
Info    : [ 60%] Meshing surface 4 (Cylinder, Frontal-Delaunay)
Info    : [ 80%] Meshing surface 5 (Plane, Frontal-Delaunay)
Info    : Done meshing 2D (Wall 1.52733s, CPU 1.52249s)
Info    : Meshing 3D...
Info    : 3D Meshing 1 volume with 1 connected component
Info    : Tetrahedrizing 16396 nodes...
Info    : Done tetrahedrizing 16404 nodes (Wall 0.456575s, CPU 0.436293s)
Info    : Reconstructing mesh...
Info    :  - Creating surface mesh
Info    :  - Identifying boundary edges
Info    :  - Recovering boundary
Info    :  - Added 4 Steiner points
Info    : Done reconstructing mesh (Wall 1.40263s, CPU 1.3261s)
Info    : Found volume 100
Info    : It. 0 - 0 nodes created - worst tet radius 240653 (nodes removed 0 0)
Info    : It. 500 - 420 nodes created - worst tet radius 4.49393 (nodes removed 0 80)
Info    : It. 1000 - 920 nodes created - worst tet radius 3.60746 (nodes removed 0 80)
Info    : It. 1500 - 1420 nodes created - worst tet radius 3.18345 (nodes removed 0 80)
Info    : It. 2000 - 1920 nodes created - worst tet radius 2.91573 (nodes removed 0 80)
Info    : It. 2500 - 2420 nodes created - worst tet radius 2.70818 (nodes removed 0 80)
Info    : It. 3000 - 2920 nodes created - worst tet radius 2.55058 (nodes removed 0 80)
Info    : It. 3500 - 3420 nodes created - worst tet radius 2.43186 (nodes removed 0 80)
Info    : It. 4000 - 3920 nodes created - worst tet radius 2.33392 (nodes removed 0 80)
Info    : It. 4500 - 4420 nodes created - worst tet radius 2.24915 (nodes removed 0 80)
Info    : It. 5000 - 4920 nodes created - worst tet radius 2.17831 (nodes removed 0 80)
Info    : It. 5500 - 5420 nodes created - worst tet radius 2.11773 (nodes removed 0 80)
Info    : It. 6000 - 5920 nodes created - worst tet radius 2.06057 (nodes removed 0 80)
Info    : It. 6500 - 6420 nodes created - worst tet radius 2.00872 (nodes removed 0 80)
Info    : It. 7000 - 6920 nodes created - worst tet radius 1.96454 (nodes removed 0 80)
Info    : It. 7500 - 7420 nodes created - worst tet radius 1.92195 (nodes removed 0 80)
Info    : It. 8000 - 7920 nodes created - worst tet radius 1.88345 (nodes removed 0 80)
Info    : It. 8500 - 8420 nodes created - worst tet radius 1.84655 (nodes removed 0 80)
Info    : It. 9000 - 8920 nodes created - worst tet radius 1.81263 (nodes removed 0 80)
Info    : It. 9500 - 9420 nodes created - worst tet radius 1.78497 (nodes removed 0 80)
Info    : It. 10000 - 9920 nodes created - worst tet radius 1.75542 (nodes removed 0 80)
Info    : It. 10500 - 10420 nodes created - worst tet radius 1.72813 (nodes removed 0 80)
Info    : It. 11000 - 10920 nodes created - worst tet radius 1.70059 (nodes removed 0 80)
Info    : It. 11500 - 11420 nodes created - worst tet radius 1.67393 (nodes removed 0 80)
Info    : It. 12000 - 11920 nodes created - worst tet radius 1.65084 (nodes removed 0 80)
Info    : It. 12500 - 12420 nodes created - worst tet radius 1.63194 (nodes removed 0 80)
Info    : It. 13000 - 12920 nodes created - worst tet radius 1.61222 (nodes removed 0 80)
Info    : It. 13500 - 13420 nodes created - worst tet radius 1.59164 (nodes removed 0 80)
Info    : It. 14000 - 13920 nodes created - worst tet radius 1.57406 (nodes removed 0 80)
Info    : It. 14500 - 14420 nodes created - worst tet radius 1.55745 (nodes removed 0 80)
Info    : It. 15000 - 14920 nodes created - worst tet radius 1.54012 (nodes removed 0 80)
Info    : It. 15500 - 15420 nodes created - worst tet radius 1.52474 (nodes removed 0 80)
Info    : It. 16000 - 15920 nodes created - worst tet radius 1.50948 (nodes removed 0 80)
Info    : It. 16500 - 16420 nodes created - worst tet radius 1.49547 (nodes removed 0 80)
Info    : It. 17000 - 16920 nodes created - worst tet radius 1.48228 (nodes removed 0 80)
Info    : It. 17500 - 17420 nodes created - worst tet radius 1.46861 (nodes removed 0 80)
Info    : It. 18000 - 17920 nodes created - worst tet radius 1.45602 (nodes removed 0 80)
Info    : It. 18500 - 18420 nodes created - worst tet radius 1.4437 (nodes removed 0 80)
Info    : It. 19000 - 18920 nodes created - worst tet radius 1.4311 (nodes removed 0 80)
Info    : It. 19500 - 19420 nodes created - worst tet radius 1.41957 (nodes removed 0 80)
Info    : It. 20000 - 19920 nodes created - worst tet radius 1.40833 (nodes removed 0 80)
Info    : It. 20500 - 20420 nodes created - worst tet radius 1.39736 (nodes removed 0 80)
Info    : It. 21000 - 20920 nodes created - worst tet radius 1.38567 (nodes removed 0 80)
Info    : It. 21500 - 21420 nodes created - worst tet radius 1.37499 (nodes removed 0 80)
Info    : It. 22000 - 21920 nodes created - worst tet radius 1.36556 (nodes removed 0 80)
Info    : It. 22500 - 22420 nodes created - worst tet radius 1.35657 (nodes removed 0 80)
Info    : It. 23000 - 22920 nodes created - worst tet radius 1.3472 (nodes removed 0 80)
Info    : It. 23500 - 23420 nodes created - worst tet radius 1.3379 (nodes removed 0 80)
Info    : It. 24000 - 23920 nodes created - worst tet radius 1.32909 (nodes removed 0 80)
Info    : It. 24500 - 24420 nodes created - worst tet radius 1.32044 (nodes removed 0 80)
Info    : It. 25000 - 24920 nodes created - worst tet radius 1.31206 (nodes removed 0 80)
Info    : It. 25500 - 25420 nodes created - worst tet radius 1.3042 (nodes removed 0 80)
Info    : It. 26000 - 25919 nodes created - worst tet radius 1.29565 (nodes removed 0 81)
Info    : It. 26500 - 26419 nodes created - worst tet radius 1.28737 (nodes removed 0 81)
Info    : It. 27000 - 26919 nodes created - worst tet radius 1.27951 (nodes removed 0 81)
Info    : It. 27500 - 27419 nodes created - worst tet radius 1.27192 (nodes removed 0 81)
Info    : It. 28000 - 27919 nodes created - worst tet radius 1.26501 (nodes removed 0 81)
Info    : It. 28500 - 28419 nodes created - worst tet radius 1.25781 (nodes removed 0 81)
Info    : It. 29000 - 28919 nodes created - worst tet radius 1.25127 (nodes removed 0 81)
Info    : It. 29500 - 29419 nodes created - worst tet radius 1.24445 (nodes removed 0 81)
Info    : It. 30000 - 29919 nodes created - worst tet radius 1.23793 (nodes removed 0 81)
Info    : It. 30500 - 30419 nodes created - worst tet radius 1.23075 (nodes removed 0 81)
Info    : It. 31000 - 30919 nodes created - worst tet radius 1.2241 (nodes removed 0 81)
Info    : It. 31500 - 31419 nodes created - worst tet radius 1.21829 (nodes removed 0 81)
Info    : It. 32000 - 31919 nodes created - worst tet radius 1.21181 (nodes removed 0 81)
Info    : It. 32500 - 32419 nodes created - worst tet radius 1.20579 (nodes removed 0 81)
Info    : It. 33000 - 32919 nodes created - worst tet radius 1.19976 (nodes removed 0 81)
Info    : It. 33500 - 33419 nodes created - worst tet radius 1.19406 (nodes removed 0 81)
Info    : It. 34000 - 33919 nodes created - worst tet radius 1.18856 (nodes removed 0 81)
Info    : It. 34500 - 34419 nodes created - worst tet radius 1.18304 (nodes removed 0 81)
Info    : It. 35000 - 34919 nodes created - worst tet radius 1.17808 (nodes removed 0 81)
Info    : It. 35500 - 35419 nodes created - worst tet radius 1.17283 (nodes removed 0 81)
Info    : It. 36000 - 35919 nodes created - worst tet radius 1.16735 (nodes removed 0 81)
Info    : It. 36500 - 36419 nodes created - worst tet radius 1.1627 (nodes removed 0 81)
Info    : It. 37000 - 36919 nodes created - worst tet radius 1.15747 (nodes removed 0 81)
Info    : It. 37500 - 37419 nodes created - worst tet radius 1.1524 (nodes removed 0 81)
Info    : It. 38000 - 37919 nodes created - worst tet radius 1.14773 (nodes removed 0 81)
Info    : It. 38500 - 38419 nodes created - worst tet radius 1.14282 (nodes removed 0 81)
Info    : It. 39000 - 38919 nodes created - worst tet radius 1.13822 (nodes removed 0 81)
Info    : It. 39500 - 39419 nodes created - worst tet radius 1.13353 (nodes removed 0 81)
Info    : It. 40000 - 39919 nodes created - worst tet radius 1.12907 (nodes removed 0 81)
Info    : It. 40500 - 40419 nodes created - worst tet radius 1.12475 (nodes removed 0 81)
Info    : It. 41000 - 40919 nodes created - worst tet radius 1.12025 (nodes removed 0 81)
Info    : It. 41500 - 41419 nodes created - worst tet radius 1.11598 (nodes removed 0 81)
Info    : It. 42000 - 41919 nodes created - worst tet radius 1.11197 (nodes removed 0 81)
Info    : It. 42500 - 42419 nodes created - worst tet radius 1.10787 (nodes removed 0 81)
Info    : It. 43000 - 42919 nodes created - worst tet radius 1.10372 (nodes removed 0 81)
Info    : It. 43500 - 43419 nodes created - worst tet radius 1.0994 (nodes removed 0 81)
Info    : It. 44000 - 43919 nodes created - worst tet radius 1.09549 (nodes removed 0 81)
Info    : It. 44500 - 44419 nodes created - worst tet radius 1.09137 (nodes removed 0 81)
Info    : It. 45000 - 44919 nodes created - worst tet radius 1.08747 (nodes removed 0 81)
Info    : It. 45500 - 45419 nodes created - worst tet radius 1.08393 (nodes removed 0 81)
Info    : It. 46000 - 45919 nodes created - worst tet radius 1.08029 (nodes removed 0 81)
Info    : It. 46500 - 46419 nodes created - worst tet radius 1.07682 (nodes removed 0 81)
Info    : It. 47000 - 46919 nodes created - worst tet radius 1.07323 (nodes removed 0 81)
Info    : It. 47500 - 47419 nodes created - worst tet radius 1.06946 (nodes removed 0 81)
Info    : It. 48000 - 47919 nodes created - worst tet radius 1.06604 (nodes removed 0 81)
Info    : It. 48500 - 48419 nodes created - worst tet radius 1.06305 (nodes removed 0 81)
Info    : It. 49000 - 48919 nodes created - worst tet radius 1.05942 (nodes removed 0 81)
Info    : It. 49500 - 49419 nodes created - worst tet radius 1.05617 (nodes removed 0 81)
Info    : It. 50000 - 49919 nodes created - worst tet radius 1.05263 (nodes removed 0 81)
Info    : It. 50500 - 50419 nodes created - worst tet radius 1.04916 (nodes removed 0 81)
Info    : It. 51000 - 50919 nodes created - worst tet radius 1.04587 (nodes removed 0 81)
Info    : It. 51500 - 51419 nodes created - worst tet radius 1.04277 (nodes removed 0 81)
Info    : It. 52000 - 51919 nodes created - worst tet radius 1.03953 (nodes removed 0 81)
Info    : It. 52500 - 52419 nodes created - worst tet radius 1.03624 (nodes removed 0 81)
Info    : It. 53000 - 52919 nodes created - worst tet radius 1.03295 (nodes removed 0 81)
Info    : It. 53500 - 53419 nodes created - worst tet radius 1.02979 (nodes removed 0 81)
Info    : It. 54000 - 53919 nodes created - worst tet radius 1.02658 (nodes removed 0 81)
Info    : It. 54500 - 54419 nodes created - worst tet radius 1.0234 (nodes removed 0 81)
Info    : It. 55000 - 54919 nodes created - worst tet radius 1.02024 (nodes removed 0 81)
Info    : It. 55500 - 55419 nodes created - worst tet radius 1.01737 (nodes removed 0 81)
Info    : It. 56000 - 55919 nodes created - worst tet radius 1.01437 (nodes removed 0 81)
Info    : It. 56500 - 56419 nodes created - worst tet radius 1.01131 (nodes removed 0 81)
Info    : It. 57000 - 56919 nodes created - worst tet radius 1.00864 (nodes removed 0 81)
Info    : It. 57500 - 57419 nodes created - worst tet radius 1.00558 (nodes removed 0 81)
Info    : It. 58000 - 57919 nodes created - worst tet radius 1.00272 (nodes removed 0 81)
Info    : 3D refinement terminated (74794 nodes total):
Info    :  - 4 Delaunay cavities modified for star shapeness
Info    :  - 81 nodes could not be inserted
Info    :  - 423424 tetrahedra created in 4.29366 sec. (98616 tets/s)
Info    : Done meshing 3D (Wall 7.67341s, CPU 7.57019s)
Info    : Optimizing mesh...
Info    : Optimizing volume 100
Info    : Optimization starts (volume = 396667) with worst = 0.000376601 / average = 0.785098:
Info    : 0.00 < quality < 0.10 :       863 elements
Info    : 0.10 < quality < 0.20 :      2597 elements
Info    : 0.20 < quality < 0.30 :      4603 elements
Info    : 0.30 < quality < 0.40 :      7371 elements
Info    : 0.40 < quality < 0.50 :     11422 elements
Info    : 0.50 < quality < 0.60 :     18761 elements
Info    : 0.60 < quality < 0.70 :     38052 elements
Info    : 0.70 < quality < 0.80 :     91668 elements
Info    : 0.80 < quality < 0.90 :    162956 elements
Info    : 0.90 < quality < 1.00 :     85131 elements
Info    : 7979 edge swaps, 219 node relocations (volume = 396667): worst = 0.0948949 / average = 0.797121 (Wall 0.393096s, CPU 0.392951s)
Info    : 8016 edge swaps, 222 node relocations (volume = 396667): worst = 0.226151 / average = 0.797177 (Wall 0.531806s, CPU 0.531627s)
Info    : No ill-shaped tets in the mesh :-)
Info    : 0.00 < quality < 0.10 :         0 elements
Info    : 0.10 < quality < 0.20 :         0 elements
Info    : 0.20 < quality < 0.30 :         5 elements
Info    : 0.30 < quality < 0.40 :      7277 elements
Info    : 0.40 < quality < 0.50 :     10977 elements
Info    : 0.50 < quality < 0.60 :     17999 elements
Info    : 0.60 < quality < 0.70 :     37874 elements
Info    : 0.70 < quality < 0.80 :     93199 elements
Info    : 0.80 < quality < 0.90 :    164344 elements
Info    : 0.90 < quality < 1.00 :     84523 elements
Info    : Done optimizing mesh (Wall 1.47537s, CPU 1.43857s)
Info    : 74849 nodes 449649 elements
Info    : Writing 'pinched_channel_h_05.msh'...
Info    : Done writing 'pinched_channel_h_05.msh'
Info    : Stopped on Fri Oct 28 17:24:37 2022 (From start: Wall 11.7552s, CPU 11.7053s)

