ndofs=   3861552: ['eta_0^p', 'omega']=(0.01, 0.01)    | resids[ 40]=7.83e-03 cf=0.930
ndofs=   3861552: ['eta_0^p', 'omega']=(0.01, 0.067)   | resids[ 40]=2.40e-02 cf=0.948
ndofs=   3861552: ['eta_0^p', 'omega']=(0.01, 0.125)   | resids[ 40]=2.18e-02 cf=0.961
ndofs=   3861552: ['eta_0^p', 'omega']=(0.01, 0.182)   | resids[ 40]=2.10e-02 cf=0.958
ndofs=   3861552: ['eta_0^p', 'omega']=(0.01, 0.239)   | resids[ 40]=2.00e-02 cf=0.964
ndofs=   3861552: ['eta_0^p', 'omega']=(0.01, 0.297)   | resids[ 40]=1.88e-02 cf=0.968
ndofs=   3861552: ['eta_0^p', 'omega']=(0.01, 0.354)   | resids[ 40]=1.77e-02 cf=0.963
ndofs=   3861552: ['eta_0^p', 'omega']=(0.01, 0.412)   | resids[ 40]=1.61e-02 cf=0.953
ndofs=   3861552: ['eta_0^p', 'omega']=(0.01, 0.469)   | resids[ 40]=1.44e-02 cf=0.943
ndofs=   3861552: ['eta_0^p', 'omega']=(0.01, 0.526)   | resids[ 40]=1.28e-02 cf=0.933
ndofs=   3861552: ['eta_0^p', 'omega']=(0.01, 0.584)   | resids[ 40]=1.17e-02 cf=0.931
ndofs=   3861552: ['eta_0^p', 'omega']=(0.01, 0.641)   | resids[ 40]=1.12e-02 cf=0.933
ndofs=   3861552: ['eta_0^p', 'omega']=(0.01, 0.698)   | resids[ 40]=1.05e-02 cf=0.931
ndofs=   3861552: ['eta_0^p', 'omega']=(0.01, 0.756)   | resids[ 40]=1.01e-02 cf=0.935
ndofs=   3861552: ['eta_0^p', 'omega']=(0.01, 0.813)   | resids[ 40]=9.70e-03 cf=0.938
ndofs=   3861552: ['eta_0^p', 'omega']=(0.01, 0.871)   | resids[ 40]=9.44e-03 cf=0.940
ndofs=   3861552: ['eta_0^p', 'omega']=(0.01, 0.928)   | resids[ 40]=9.32e-03 cf=0.941
ndofs=   3861552: ['eta_0^p', 'omega']=(0.01, 0.985)   | resids[ 40]=9.24e-03 cf=0.945
ndofs=   3861552: ['eta_0^p', 'omega']=(0.01, 1.043)   | resids[ 40]=9.17e-03 cf=0.949
ndofs=   3861552: ['eta_0^p', 'omega']=(0.01, 1.1)     | resids[ 40]=2.03e-01 cf=0.994
ndofs=   3861552: ['eta_0^p', 'omega']=(0.431, 0.01)   | resids[ 40]=9.74e-05 cf=0.881
ndofs=   3861552: ['eta_0^p', 'omega']=(0.431, 0.067)  | resids[ 40]=4.55e-06 cf=0.754
ndofs=   3861552: ['eta_0^p', 'omega']=(0.431, 0.125)  | resids[ 40]=7.79e-07 cf=0.705
ndofs=   3861552: ['eta_0^p', 'omega']=(0.431, 0.182)  | resids[ 40]=4.49e-07 cf=0.663
ndofs=   3861552: ['eta_0^p', 'omega']=(0.431, 0.239)  | resids[ 40]=2.99e-07 cf=0.686
ndofs=   3861552: ['eta_0^p', 'omega']=(0.431, 0.297)  | resids[ 40]=1.99e-07 cf=0.668
ndofs=   3861552: ['eta_0^p', 'omega']=(0.431, 0.354)  | resids[ 40]=1.30e-07 cf=0.660
ndofs=   3861552: ['eta_0^p', 'omega']=(0.431, 0.412)  | resids[ 40]=8.85e-08 cf=0.645
ndofs=   3861552: ['eta_0^p', 'omega']=(0.431, 0.469)  | resids[ 40]=7.07e-08 cf=0.654
ndofs=   3861552: ['eta_0^p', 'omega']=(0.431, 0.526)  | resids[ 40]=5.54e-08 cf=0.637
ndofs=   3861552: ['eta_0^p', 'omega']=(0.431, 0.584)  | resids[ 40]=5.39e-08 cf=0.639
ndofs=   3861552: ['eta_0^p', 'omega']=(0.431, 0.641)  | resids[ 40]=4.67e-08 cf=0.633
ndofs=   3861552: ['eta_0^p', 'omega']=(0.431, 0.698)  | resids[ 40]=4.08e-08 cf=0.623
ndofs=   3861552: ['eta_0^p', 'omega']=(0.431, 0.756)  | resids[ 40]=3.77e-08 cf=0.618
ndofs=   3861552: ['eta_0^p', 'omega']=(0.431, 0.813)  | resids[ 40]=3.73e-08 cf=0.622
ndofs=   3861552: ['eta_0^p', 'omega']=(0.431, 0.871)  | resids[ 40]=3.88e-08 cf=0.616
ndofs=   3861552: ['eta_0^p', 'omega']=(0.431, 0.928)  | resids[ 40]=5.02e-08 cf=0.623
ndofs=   3861552: ['eta_0^p', 'omega']=(0.431, 0.985)  | resids[ 40]=8.06e-08 cf=0.635
ndofs=   3861552: ['eta_0^p', 'omega']=(0.431, 1.043)  | resids[ 40]=1.62e-07 cf=0.645
ndofs=   3861552: ['eta_0^p', 'omega']=(0.431, 1.1)    | resids[ 40]=1.28e-01 cf=0.972
ndofs=   3861552: ['eta_0^p', 'omega']=(0.851, 0.01)   | resids[ 40]=5.96e-05 cf=0.859
ndofs=   3861552: ['eta_0^p', 'omega']=(0.851, 0.067)  | resids[ 40]=2.16e-06 cf=0.746
ndofs=   3861552: ['eta_0^p', 'omega']=(0.851, 0.125)  | resids[ 40]=9.21e-08 cf=0.665
ndofs=   3861552: ['eta_0^p', 'omega']=(0.851, 0.182)  | resids[ 39]=1.24e-08 cf=0.624
ndofs=   3861552: ['eta_0^p', 'omega']=(0.851, 0.239)  | resids[ 36]=1.03e-08 cf=0.567
ndofs=   3861552: ['eta_0^p', 'omega']=(0.851, 0.297)  | resids[ 34]=1.73e-08 cf=0.599
ndofs=   3861552: ['eta_0^p', 'omega']=(0.851, 0.354)  | resids[ 33]=1.62e-08 cf=0.564
ndofs=   3861552: ['eta_0^p', 'omega']=(0.851, 0.412)  | resids[ 33]=1.02e-08 cf=0.560
ndofs=   3861552: ['eta_0^p', 'omega']=(0.851, 0.469)  | resids[ 32]=1.21e-08 cf=0.542
ndofs=   3861552: ['eta_0^p', 'omega']=(0.851, 0.526)  | resids[ 31]=1.76e-08 cf=0.551
ndofs=   3861552: ['eta_0^p', 'omega']=(0.851, 0.584)  | resids[ 31]=1.43e-08 cf=0.538
ndofs=   3861552: ['eta_0^p', 'omega']=(0.851, 0.641)  | resids[ 31]=1.29e-08 cf=0.537
ndofs=   3861552: ['eta_0^p', 'omega']=(0.851, 0.698)  | resids[ 31]=1.24e-08 cf=0.538
ndofs=   3861552: ['eta_0^p', 'omega']=(0.851, 0.756)  | resids[ 31]=1.04e-08 cf=0.541
ndofs=   3861552: ['eta_0^p', 'omega']=(0.851, 0.813)  | resids[ 31]=1.04e-08 cf=0.551
ndofs=   3861552: ['eta_0^p', 'omega']=(0.851, 0.871)  | resids[ 31]=1.16e-08 cf=0.544
ndofs=   3861552: ['eta_0^p', 'omega']=(0.851, 0.928)  | resids[ 31]=1.72e-08 cf=0.546
ndofs=   3861552: ['eta_0^p', 'omega']=(0.851, 0.985)  | resids[ 32]=1.70e-08 cf=0.547
ndofs=   3861552: ['eta_0^p', 'omega']=(0.851, 1.043)  | resids[ 34]=1.16e-08 cf=0.541
ndofs=   3861552: ['eta_0^p', 'omega']=(0.851, 1.1)    | resids[ 40]=7.33e-02 cf=0.983
ndofs=   3861552: ['eta_0^p', 'omega']=(1.272, 0.01)   | resids[ 40]=5.37e-05 cf=0.844
ndofs=   3861552: ['eta_0^p', 'omega']=(1.272, 0.067)  | resids[ 40]=1.49e-06 cf=0.734
ndofs=   3861552: ['eta_0^p', 'omega']=(1.272, 0.125)  | resids[ 40]=7.33e-08 cf=0.698
ndofs=   3861552: ['eta_0^p', 'omega']=(1.272, 0.182)  | resids[ 38]=1.27e-08 cf=0.643
ndofs=   3861552: ['eta_0^p', 'omega']=(1.272, 0.239)  | resids[ 33]=1.32e-08 cf=0.556
ndofs=   3861552: ['eta_0^p', 'omega']=(1.272, 0.297)  | resids[ 30]=1.15e-08 cf=0.522
ndofs=   3861552: ['eta_0^p', 'omega']=(1.272, 0.354)  | resids[ 28]=1.16e-08 cf=0.488
ndofs=   3861552: ['eta_0^p', 'omega']=(1.272, 0.412)  | resids[ 27]=1.27e-08 cf=0.506
ndofs=   3861552: ['eta_0^p', 'omega']=(1.272, 0.469)  | resids[ 26]=1.42e-08 cf=0.505
ndofs=   3861552: ['eta_0^p', 'omega']=(1.272, 0.526)  | resids[ 25]=2.07e-08 cf=0.502
ndofs=   3861552: ['eta_0^p', 'omega']=(1.272, 0.584)  | resids[ 25]=1.89e-08 cf=0.511
ndofs=   3861552: ['eta_0^p', 'omega']=(1.272, 0.641)  | resids[ 25]=1.83e-08 cf=0.504
ndofs=   3861552: ['eta_0^p', 'omega']=(1.272, 0.698)  | resids[ 25]=1.73e-08 cf=0.501
ndofs=   3861552: ['eta_0^p', 'omega']=(1.272, 0.756)  | resids[ 25]=1.25e-08 cf=0.493
ndofs=   3861552: ['eta_0^p', 'omega']=(1.272, 0.813)  | resids[ 25]=1.08e-08 cf=0.493
ndofs=   3861552: ['eta_0^p', 'omega']=(1.272, 0.871)  | resids[ 25]=1.28e-08 cf=0.499
ndofs=   3861552: ['eta_0^p', 'omega']=(1.272, 0.928)  | resids[ 25]=1.89e-08 cf=0.508
ndofs=   3861552: ['eta_0^p', 'omega']=(1.272, 0.985)  | resids[ 26]=1.38e-08 cf=0.478
ndofs=   3861552: ['eta_0^p', 'omega']=(1.272, 1.043)  | resids[ 27]=2.15e-08 cf=0.504
ndofs=   3861552: ['eta_0^p', 'omega']=(1.272, 1.1)    | resids[ 40]=3.70e-02 cf=0.988
ndofs=   3861552: ['eta_0^p', 'omega']=(1.692, 0.01)   | resids[ 40]=5.04e-05 cf=0.867
ndofs=   3861552: ['eta_0^p', 'omega']=(1.692, 0.067)  | resids[ 40]=1.34e-06 cf=0.756
ndofs=   3861552: ['eta_0^p', 'omega']=(1.692, 0.125)  | resids[ 40]=7.12e-08 cf=0.710
ndofs=   3861552: ['eta_0^p', 'omega']=(1.692, 0.182)  | resids[ 38]=1.05e-08 cf=0.640
ndofs=   3861552: ['eta_0^p', 'omega']=(1.692, 0.239)  | resids[ 33]=1.07e-08 cf=0.569
ndofs=   3861552: ['eta_0^p', 'omega']=(1.692, 0.297)  | resids[ 29]=1.64e-08 cf=0.561
ndofs=   3861552: ['eta_0^p', 'omega']=(1.692, 0.354)  | resids[ 27]=1.22e-08 cf=0.539
ndofs=   3861552: ['eta_0^p', 'omega']=(1.692, 0.412)  | resids[ 24]=1.99e-08 cf=0.510
ndofs=   3861552: ['eta_0^p', 'omega']=(1.692, 0.469)  | resids[ 23]=1.25e-08 cf=0.480
ndofs=   3861552: ['eta_0^p', 'omega']=(1.692, 0.526)  | resids[ 22]=1.31e-08 cf=0.450
ndofs=   3861552: ['eta_0^p', 'omega']=(1.692, 0.584)  | resids[ 22]=1.08e-08 cf=0.441
ndofs=   3861552: ['eta_0^p', 'omega']=(1.692, 0.641)  | resids[ 22]=1.23e-08 cf=0.443
ndofs=   3861552: ['eta_0^p', 'omega']=(1.692, 0.698)  | resids[ 22]=1.19e-08 cf=0.443
ndofs=   3861552: ['eta_0^p', 'omega']=(1.692, 0.756)  | resids[ 21]=2.02e-08 cf=0.422
ndofs=   3861552: ['eta_0^p', 'omega']=(1.692, 0.813)  | resids[ 21]=1.63e-08 cf=0.424
ndofs=   3861552: ['eta_0^p', 'omega']=(1.692, 0.871)  | resids[ 21]=1.57e-08 cf=0.430
ndofs=   3861552: ['eta_0^p', 'omega']=(1.692, 0.928)  | resids[ 21]=1.91e-08 cf=0.428
ndofs=   3861552: ['eta_0^p', 'omega']=(1.692, 0.985)  | resids[ 22]=1.61e-08 cf=0.437
ndofs=   3861552: ['eta_0^p', 'omega']=(1.692, 1.043)  | resids[ 24]=2.16e-08 cf=0.491
ndofs=   3861552: ['eta_0^p', 'omega']=(1.692, 1.1)    | resids[ 40]=2.67e-02 cf=0.990
ndofs=   3861552: ['eta_0^p', 'omega']=(2.113, 0.01)   | resids[ 40]=5.38e-05 cf=0.873
ndofs=   3861552: ['eta_0^p', 'omega']=(2.113, 0.067)  | resids[ 40]=1.70e-06 cf=0.771
ndofs=   3861552: ['eta_0^p', 'omega']=(2.113, 0.125)  | resids[ 40]=7.77e-08 cf=0.711
ndofs=   3861552: ['eta_0^p', 'omega']=(2.113, 0.182)  | resids[ 38]=1.17e-08 cf=0.660
ndofs=   3861552: ['eta_0^p', 'omega']=(2.113, 0.239)  | resids[ 33]=1.42e-08 cf=0.592
ndofs=   3861552: ['eta_0^p', 'omega']=(2.113, 0.297)  | resids[ 30]=1.03e-08 cf=0.566
ndofs=   3861552: ['eta_0^p', 'omega']=(2.113, 0.354)  | resids[ 26]=2.04e-08 cf=0.547
ndofs=   3861552: ['eta_0^p', 'omega']=(2.113, 0.412)  | resids[ 24]=1.49e-08 cf=0.518
ndofs=   3861552: ['eta_0^p', 'omega']=(2.113, 0.469)  | resids[ 22]=1.69e-08 cf=0.489
ndofs=   3861552: ['eta_0^p', 'omega']=(2.113, 0.526)  | resids[ 21]=1.16e-08 cf=0.437
ndofs=   3861552: ['eta_0^p', 'omega']=(2.113, 0.584)  | resids[ 20]=1.16e-08 cf=0.387
ndofs=   3861552: ['eta_0^p', 'omega']=(2.113, 0.641)  | resids[ 19]=2.14e-08 cf=0.384
ndofs=   3861552: ['eta_0^p', 'omega']=(2.113, 0.698)  | resids[ 19]=1.53e-08 cf=0.361
ndofs=   3861552: ['eta_0^p', 'omega']=(2.113, 0.756)  | resids[ 19]=1.32e-08 cf=0.363
ndofs=   3861552: ['eta_0^p', 'omega']=(2.113, 0.813)  | resids[ 18]=2.61e-08 cf=0.352
ndofs=   3861552: ['eta_0^p', 'omega']=(2.113, 0.871)  | resids[ 18]=2.05e-08 cf=0.351
ndofs=   3861552: ['eta_0^p', 'omega']=(2.113, 0.928)  | resids[ 18]=2.69e-08 cf=0.364
ndofs=   3861552: ['eta_0^p', 'omega']=(2.113, 0.985)  | resids[ 19]=1.79e-08 cf=0.370
ndofs=   3861552: ['eta_0^p', 'omega']=(2.113, 1.043)  | resids[ 24]=1.32e-08 cf=0.485
ndofs=   3861552: ['eta_0^p', 'omega']=(2.113, 1.1)    | resids[ 40]=2.82e-02 cf=0.987
ndofs=   3861552: ['eta_0^p', 'omega']=(2.533, 0.01)   | resids[ 40]=6.63e-05 cf=0.891
ndofs=   3861552: ['eta_0^p', 'omega']=(2.533, 0.067)  | resids[ 40]=2.02e-06 cf=0.808
ndofs=   3861552: ['eta_0^p', 'omega']=(2.533, 0.125)  | resids[ 40]=1.03e-07 cf=0.711
ndofs=   3861552: ['eta_0^p', 'omega']=(2.533, 0.182)  | resids[ 39]=1.06e-08 cf=0.666
ndofs=   3861552: ['eta_0^p', 'omega']=(2.533, 0.239)  | resids[ 33]=1.44e-08 cf=0.585
ndofs=   3861552: ['eta_0^p', 'omega']=(2.533, 0.297)  | resids[ 29]=1.75e-08 cf=0.567
ndofs=   3861552: ['eta_0^p', 'omega']=(2.533, 0.354)  | resids[ 26]=1.76e-08 cf=0.543
ndofs=   3861552: ['eta_0^p', 'omega']=(2.533, 0.412)  | resids[ 24]=1.16e-08 cf=0.518
ndofs=   3861552: ['eta_0^p', 'omega']=(2.533, 0.469)  | resids[ 22]=1.42e-08 cf=0.478
ndofs=   3861552: ['eta_0^p', 'omega']=(2.533, 0.526)  | resids[ 21]=1.03e-08 cf=0.441
ndofs=   3861552: ['eta_0^p', 'omega']=(2.533, 0.584)  | resids[ 19]=2.14e-08 cf=0.399
ndofs=   3861552: ['eta_0^p', 'omega']=(2.533, 0.641)  | resids[ 19]=1.41e-08 cf=0.384
ndofs=   3861552: ['eta_0^p', 'omega']=(2.533, 0.698)  | resids[ 18]=2.36e-08 cf=0.357
ndofs=   3861552: ['eta_0^p', 'omega']=(2.533, 0.756)  | resids[ 18]=1.27e-08 cf=0.350
ndofs=   3861552: ['eta_0^p', 'omega']=(2.533, 0.813)  | resids[ 17]=2.34e-08 cf=0.345
ndofs=   3861552: ['eta_0^p', 'omega']=(2.533, 0.871)  | resids[ 17]=1.89e-08 cf=0.345
ndofs=   3861552: ['eta_0^p', 'omega']=(2.533, 0.928)  | resids[ 17]=2.27e-08 cf=0.355
ndofs=   3861552: ['eta_0^p', 'omega']=(2.533, 0.985)  | resids[ 18]=1.57e-08 cf=0.366
ndofs=   3861552: ['eta_0^p', 'omega']=(2.533, 1.043)  | resids[ 24]=1.04e-08 cf=0.477
ndofs=   3861552: ['eta_0^p', 'omega']=(2.533, 1.1)    | resids[ 40]=2.76e-02 cf=0.987
ndofs=   3861552: ['eta_0^p', 'omega']=(2.954, 0.01)   | resids[ 40]=6.65e-05 cf=0.891
ndofs=   3861552: ['eta_0^p', 'omega']=(2.954, 0.067)  | resids[ 40]=2.39e-06 cf=0.791
ndofs=   3861552: ['eta_0^p', 'omega']=(2.954, 0.125)  | resids[ 40]=1.36e-07 cf=0.730
ndofs=   3861552: ['eta_0^p', 'omega']=(2.954, 0.182)  | resids[ 39]=1.65e-08 cf=0.682
ndofs=   3861552: ['eta_0^p', 'omega']=(2.954, 0.239)  | resids[ 34]=1.01e-08 cf=0.607
ndofs=   3861552: ['eta_0^p', 'omega']=(2.954, 0.297)  | resids[ 30]=1.14e-08 cf=0.572
ndofs=   3861552: ['eta_0^p', 'omega']=(2.954, 0.354)  | resids[ 27]=1.06e-08 cf=0.531
ndofs=   3861552: ['eta_0^p', 'omega']=(2.954, 0.412)  | resids[ 24]=1.42e-08 cf=0.524
ndofs=   3861552: ['eta_0^p', 'omega']=(2.954, 0.469)  | resids[ 22]=1.85e-08 cf=0.505
ndofs=   3861552: ['eta_0^p', 'omega']=(2.954, 0.526)  | resids[ 21]=1.08e-08 cf=0.447
ndofs=   3861552: ['eta_0^p', 'omega']=(2.954, 0.584)  | resids[ 19]=2.09e-08 cf=0.403
ndofs=   3861552: ['eta_0^p', 'omega']=(2.954, 0.641)  | resids[ 19]=1.17e-08 cf=0.389
ndofs=   3861552: ['eta_0^p', 'omega']=(2.954, 0.698)  | resids[ 18]=1.92e-08 cf=0.380
ndofs=   3861552: ['eta_0^p', 'omega']=(2.954, 0.756)  | resids[ 18]=1.14e-08 cf=0.373
ndofs=   3861552: ['eta_0^p', 'omega']=(2.954, 0.813)  | resids[ 17]=1.65e-08 cf=0.346
ndofs=   3861552: ['eta_0^p', 'omega']=(2.954, 0.871)  | resids[ 17]=1.29e-08 cf=0.354
ndofs=   3861552: ['eta_0^p', 'omega']=(2.954, 0.928)  | resids[ 17]=1.54e-08 cf=0.367
ndofs=   3861552: ['eta_0^p', 'omega']=(2.954, 0.985)  | resids[ 18]=1.38e-08 cf=0.383
ndofs=   3861552: ['eta_0^p', 'omega']=(2.954, 1.043)  | resids[ 24]=1.27e-08 cf=0.489
ndofs=   3861552: ['eta_0^p', 'omega']=(2.954, 1.1)    | resids[ 40]=2.54e-02 cf=0.989
ndofs=   3861552: ['eta_0^p', 'omega']=(3.374, 0.01)   | resids[ 40]=7.09e-05 cf=0.900
ndofs=   3861552: ['eta_0^p', 'omega']=(3.374, 0.067)  | resids[ 40]=3.27e-06 cf=0.786
ndofs=   3861552: ['eta_0^p', 'omega']=(3.374, 0.125)  | resids[ 40]=1.82e-07 cf=0.719
ndofs=   3861552: ['eta_0^p', 'omega']=(3.374, 0.182)  | resids[ 40]=1.36e-08 cf=0.682
ndofs=   3861552: ['eta_0^p', 'omega']=(3.374, 0.239)  | resids[ 34]=1.61e-08 cf=0.613
ndofs=   3861552: ['eta_0^p', 'omega']=(3.374, 0.297)  | resids[ 30]=1.46e-08 cf=0.573
ndofs=   3861552: ['eta_0^p', 'omega']=(3.374, 0.354)  | resids[ 27]=1.57e-08 cf=0.560
ndofs=   3861552: ['eta_0^p', 'omega']=(3.374, 0.412)  | resids[ 25]=1.01e-08 cf=0.535
ndofs=   3861552: ['eta_0^p', 'omega']=(3.374, 0.469)  | resids[ 23]=1.06e-08 cf=0.503
ndofs=   3861552: ['eta_0^p', 'omega']=(3.374, 0.526)  | resids[ 21]=1.39e-08 cf=0.468
ndofs=   3861552: ['eta_0^p', 'omega']=(3.374, 0.584)  | resids[ 19]=2.29e-08 cf=0.414
ndofs=   3861552: ['eta_0^p', 'omega']=(3.374, 0.641)  | resids[ 19]=1.10e-08 cf=0.397
ndofs=   3861552: ['eta_0^p', 'omega']=(3.374, 0.698)  | resids[ 18]=2.09e-08 cf=0.392
ndofs=   3861552: ['eta_0^p', 'omega']=(3.374, 0.756)  | resids[ 18]=1.21e-08 cf=0.380
ndofs=   3861552: ['eta_0^p', 'omega']=(3.374, 0.813)  | resids[ 17]=1.52e-08 cf=0.364
ndofs=   3861552: ['eta_0^p', 'omega']=(3.374, 0.871)  | resids[ 17]=1.29e-08 cf=0.356
ndofs=   3861552: ['eta_0^p', 'omega']=(3.374, 0.928)  | resids[ 18]=2.23e-08 cf=0.392
ndofs=   3861552: ['eta_0^p', 'omega']=(3.374, 0.985)  | resids[ 21]=1.33e-08 cf=0.459
ndofs=   3861552: ['eta_0^p', 'omega']=(3.374, 1.043)  | resids[ 25]=1.16e-08 cf=0.516
ndofs=   3861552: ['eta_0^p', 'omega']=(3.374, 1.1)    | resids[ 40]=2.32e-02 cf=0.993
ndofs=   3861552: ['eta_0^p', 'omega']=(3.795, 0.01)   | resids[ 40]=8.44e-05 cf=0.909
ndofs=   3861552: ['eta_0^p', 'omega']=(3.795, 0.067)  | resids[ 40]=5.52e-06 cf=0.825
ndofs=   3861552: ['eta_0^p', 'omega']=(3.795, 0.125)  | resids[ 40]=2.68e-07 cf=0.757
ndofs=   3861552: ['eta_0^p', 'omega']=(3.795, 0.182)  | resids[ 40]=2.17e-08 cf=0.689
ndofs=   3861552: ['eta_0^p', 'omega']=(3.795, 0.239)  | resids[ 35]=1.35e-08 cf=0.620
ndofs=   3861552: ['eta_0^p', 'omega']=(3.795, 0.297)  | resids[ 31]=1.28e-08 cf=0.582
ndofs=   3861552: ['eta_0^p', 'omega']=(3.795, 0.354)  | resids[ 28]=1.14e-08 cf=0.565
ndofs=   3861552: ['eta_0^p', 'omega']=(3.795, 0.412)  | resids[ 25]=1.56e-08 cf=0.560
ndofs=   3861552: ['eta_0^p', 'omega']=(3.795, 0.469)  | resids[ 23]=1.43e-08 cf=0.518
ndofs=   3861552: ['eta_0^p', 'omega']=(3.795, 0.526)  | resids[ 21]=1.83e-08 cf=0.479
ndofs=   3861552: ['eta_0^p', 'omega']=(3.795, 0.584)  | resids[ 20]=1.15e-08 cf=0.430
ndofs=   3861552: ['eta_0^p', 'omega']=(3.795, 0.641)  | resids[ 19]=1.24e-08 cf=0.414
ndofs=   3861552: ['eta_0^p', 'omega']=(3.795, 0.698)  | resids[ 18]=2.40e-08 cf=0.407
ndofs=   3861552: ['eta_0^p', 'omega']=(3.795, 0.756)  | resids[ 18]=1.49e-08 cf=0.395
ndofs=   3861552: ['eta_0^p', 'omega']=(3.795, 0.813)  | resids[ 17]=2.12e-08 cf=0.381
ndofs=   3861552: ['eta_0^p', 'omega']=(3.795, 0.871)  | resids[ 19]=1.17e-08 cf=0.405
ndofs=   3861552: ['eta_0^p', 'omega']=(3.795, 0.928)  | resids[ 22]=1.99e-08 cf=0.483
ndofs=   3861552: ['eta_0^p', 'omega']=(3.795, 0.985)  | resids[ 28]=1.37e-08 cf=0.545
ndofs=   3861552: ['eta_0^p', 'omega']=(3.795, 1.043)  | resids[ 39]=1.12e-08 cf=0.680
ndofs=   3861552: ['eta_0^p', 'omega']=(3.795, 1.1)    | resids[ 40]=2.33e-02 cf=0.984
ndofs=   3861552: ['eta_0^p', 'omega']=(4.215, 0.01)   | resids[ 40]=9.15e-05 cf=0.909
ndofs=   3861552: ['eta_0^p', 'omega']=(4.215, 0.067)  | resids[ 40]=6.13e-06 cf=0.805
ndofs=   3861552: ['eta_0^p', 'omega']=(4.215, 0.125)  | resids[ 40]=3.60e-07 cf=0.760
ndofs=   3861552: ['eta_0^p', 'omega']=(4.215, 0.182)  | resids[ 40]=3.21e-08 cf=0.708
ndofs=   3861552: ['eta_0^p', 'omega']=(4.215, 0.239)  | resids[ 36]=1.42e-08 cf=0.638
ndofs=   3861552: ['eta_0^p', 'omega']=(4.215, 0.297)  | resids[ 32]=1.22e-08 cf=0.605
ndofs=   3861552: ['eta_0^p', 'omega']=(4.215, 0.354)  | resids[ 28]=1.56e-08 cf=0.570
ndofs=   3861552: ['eta_0^p', 'omega']=(4.215, 0.412)  | resids[ 26]=1.05e-08 cf=0.545
ndofs=   3861552: ['eta_0^p', 'omega']=(4.215, 0.469)  | resids[ 23]=1.84e-08 cf=0.528
ndofs=   3861552: ['eta_0^p', 'omega']=(4.215, 0.526)  | resids[ 22]=1.22e-08 cf=0.498
ndofs=   3861552: ['eta_0^p', 'omega']=(4.215, 0.584)  | resids[ 20]=1.35e-08 cf=0.442
ndofs=   3861552: ['eta_0^p', 'omega']=(4.215, 0.641)  | resids[ 19]=1.47e-08 cf=0.420
ndofs=   3861552: ['eta_0^p', 'omega']=(4.215, 0.698)  | resids[ 19]=1.28e-08 cf=0.414
ndofs=   3861552: ['eta_0^p', 'omega']=(4.215, 0.756)  | resids[ 18]=2.23e-08 cf=0.406
ndofs=   3861552: ['eta_0^p', 'omega']=(4.215, 0.813)  | resids[ 19]=1.14e-08 cf=0.406
ndofs=   3861552: ['eta_0^p', 'omega']=(4.215, 0.871)  | resids[ 23]=1.18e-08 cf=0.509
ndofs=   3861552: ['eta_0^p', 'omega']=(4.215, 0.928)  | resids[ 31]=1.22e-08 cf=0.584
ndofs=   3861552: ['eta_0^p', 'omega']=(4.215, 0.985)  | resids[ 40]=1.02e-06 cf=0.756
ndofs=   3861552: ['eta_0^p', 'omega']=(4.215, 1.043)  | resids[ 40]=3.52e-02 cf=0.992
ndofs=   3861552: ['eta_0^p', 'omega']=(4.215, 1.1)    | resids[ 40]=7.73e-02 cf=0.988
ndofs=   3861552: ['eta_0^p', 'omega']=(4.636, 0.01)   | resids[ 40]=9.14e-05 cf=0.909
ndofs=   3861552: ['eta_0^p', 'omega']=(4.636, 0.067)  | resids[ 40]=8.60e-06 cf=0.831
ndofs=   3861552: ['eta_0^p', 'omega']=(4.636, 0.125)  | resids[ 40]=5.61e-07 cf=0.791
ndofs=   3861552: ['eta_0^p', 'omega']=(4.636, 0.182)  | resids[ 40]=4.56e-08 cf=0.709
ndofs=   3861552: ['eta_0^p', 'omega']=(4.636, 0.239)  | resids[ 37]=1.48e-08 cf=0.668
ndofs=   3861552: ['eta_0^p', 'omega']=(4.636, 0.297)  | resids[ 32]=1.57e-08 cf=0.611
ndofs=   3861552: ['eta_0^p', 'omega']=(4.636, 0.354)  | resids[ 29]=1.05e-08 cf=0.569
ndofs=   3861552: ['eta_0^p', 'omega']=(4.636, 0.412)  | resids[ 26]=1.45e-08 cf=0.557
ndofs=   3861552: ['eta_0^p', 'omega']=(4.636, 0.469)  | resids[ 24]=1.33e-08 cf=0.550
ndofs=   3861552: ['eta_0^p', 'omega']=(4.636, 0.526)  | resids[ 22]=1.40e-08 cf=0.498
ndofs=   3861552: ['eta_0^p', 'omega']=(4.636, 0.584)  | resids[ 20]=1.60e-08 cf=0.451
ndofs=   3861552: ['eta_0^p', 'omega']=(4.636, 0.641)  | resids[ 19]=2.06e-08 cf=0.436
ndofs=   3861552: ['eta_0^p', 'omega']=(4.636, 0.698)  | resids[ 19]=2.05e-08 cf=0.416
ndofs=   3861552: ['eta_0^p', 'omega']=(4.636, 0.756)  | resids[ 19]=1.99e-08 cf=0.411
ndofs=   3861552: ['eta_0^p', 'omega']=(4.636, 0.813)  | resids[ 23]=1.04e-08 cf=0.522
ndofs=   3861552: ['eta_0^p', 'omega']=(4.636, 0.871)  | resids[ 31]=1.26e-08 cf=0.596
ndofs=   3861552: ['eta_0^p', 'omega']=(4.636, 0.928)  | resids[ 40]=8.80e-05 cf=0.887
ndofs=   3861552: ['eta_0^p', 'omega']=(4.636, 0.985)  | resids[ 40]=4.92e-02 cf=0.971
ndofs=   3861552: ['eta_0^p', 'omega']=(4.636, 1.043)  | resids[ 40]=9.50e-02 cf=0.997
ndofs=   3861552: ['eta_0^p', 'omega']=(4.636, 1.1)    | resids[ 40]=1.38e-01 cf=0.992
ndofs=   3861552: ['eta_0^p', 'omega']=(5.056, 0.01)   | resids[ 40]=9.13e-05 cf=0.914
ndofs=   3861552: ['eta_0^p', 'omega']=(5.056, 0.067)  | resids[ 40]=1.06e-05 cf=0.833
ndofs=   3861552: ['eta_0^p', 'omega']=(5.056, 0.125)  | resids[ 40]=7.11e-07 cf=0.763
ndofs=   3861552: ['eta_0^p', 'omega']=(5.056, 0.182)  | resids[ 40]=6.73e-08 cf=0.736
ndofs=   3861552: ['eta_0^p', 'omega']=(5.056, 0.239)  | resids[ 39]=1.03e-08 cf=0.699
ndofs=   3861552: ['eta_0^p', 'omega']=(5.056, 0.297)  | resids[ 33]=1.34e-08 cf=0.622
ndofs=   3861552: ['eta_0^p', 'omega']=(5.056, 0.354)  | resids[ 29]=1.44e-08 cf=0.585
ndofs=   3861552: ['eta_0^p', 'omega']=(5.056, 0.412)  | resids[ 27]=1.13e-08 cf=0.567
ndofs=   3861552: ['eta_0^p', 'omega']=(5.056, 0.469)  | resids[ 24]=1.82e-08 cf=0.561
ndofs=   3861552: ['eta_0^p', 'omega']=(5.056, 0.526)  | resids[ 22]=1.75e-08 cf=0.514
ndofs=   3861552: ['eta_0^p', 'omega']=(5.056, 0.584)  | resids[ 21]=1.27e-08 cf=0.470
ndofs=   3861552: ['eta_0^p', 'omega']=(5.056, 0.641)  | resids[ 21]=1.06e-08 cf=0.455
ndofs=   3861552: ['eta_0^p', 'omega']=(5.056, 0.698)  | resids[ 21]=1.35e-08 cf=0.451
ndofs=   3861552: ['eta_0^p', 'omega']=(5.056, 0.756)  | resids[ 23]=1.36e-08 cf=0.521
ndofs=   3861552: ['eta_0^p', 'omega']=(5.056, 0.813)  | resids[ 28]=1.47e-08 cf=0.552
ndofs=   3861552: ['eta_0^p', 'omega']=(5.056, 0.871)  | resids[ 40]=6.86e-06 cf=0.834
ndofs=   3861552: ['eta_0^p', 'omega']=(5.056, 0.928)  | resids[ 40]=4.67e-02 cf=0.993
ndofs=   3861552: ['eta_0^p', 'omega']=(5.056, 0.985)  | resids[ 40]=1.03e-01 cf=0.994
ndofs=   3861552: ['eta_0^p', 'omega']=(5.056, 1.043)  | resids[ 40]=1.28e-01 cf=0.983
ndofs=   3861552: ['eta_0^p', 'omega']=(5.056, 1.1)    | resids[ 40]=1.96e-01 cf=0.990
ndofs=   3861552: ['eta_0^p', 'omega']=(5.477, 0.01)   | resids[ 40]=9.36e-05 cf=0.915
ndofs=   3861552: ['eta_0^p', 'omega']=(5.477, 0.067)  | resids[ 40]=1.29e-05 cf=0.830
ndofs=   3861552: ['eta_0^p', 'omega']=(5.477, 0.125)  | resids[ 40]=1.02e-06 cf=0.784
ndofs=   3861552: ['eta_0^p', 'omega']=(5.477, 0.182)  | resids[ 40]=8.61e-08 cf=0.719
ndofs=   3861552: ['eta_0^p', 'omega']=(5.477, 0.239)  | resids[ 40]=1.09e-08 cf=0.709
ndofs=   3861552: ['eta_0^p', 'omega']=(5.477, 0.297)  | resids[ 34]=1.13e-08 cf=0.635
ndofs=   3861552: ['eta_0^p', 'omega']=(5.477, 0.354)  | resids[ 30]=1.16e-08 cf=0.590
ndofs=   3861552: ['eta_0^p', 'omega']=(5.477, 0.412)  | resids[ 27]=1.41e-08 cf=0.566
ndofs=   3861552: ['eta_0^p', 'omega']=(5.477, 0.469)  | resids[ 25]=1.29e-08 cf=0.573
ndofs=   3861552: ['eta_0^p', 'omega']=(5.477, 0.526)  | resids[ 23]=1.30e-08 cf=0.532
ndofs=   3861552: ['eta_0^p', 'omega']=(5.477, 0.584)  | resids[ 22]=1.54e-08 cf=0.508
ndofs=   3861552: ['eta_0^p', 'omega']=(5.477, 0.641)  | resids[ 23]=1.32e-08 cf=0.531
ndofs=   3861552: ['eta_0^p', 'omega']=(5.477, 0.698)  | resids[ 24]=1.21e-08 cf=0.490
ndofs=   3861552: ['eta_0^p', 'omega']=(5.477, 0.756)  | resids[ 28]=1.12e-08 cf=0.522
ndofs=   3861552: ['eta_0^p', 'omega']=(5.477, 0.813)  | resids[ 40]=3.68e-08 cf=0.692
ndofs=   3861552: ['eta_0^p', 'omega']=(5.477, 0.871)  | resids[ 40]=1.48e-02 cf=0.979
ndofs=   3861552: ['eta_0^p', 'omega']=(5.477, 0.928)  | resids[ 40]=9.95e-02 cf=0.988
ndofs=   3861552: ['eta_0^p', 'omega']=(5.477, 0.985)  | resids[ 40]=1.38e-01 cf=0.982
ndofs=   3861552: ['eta_0^p', 'omega']=(5.477, 1.043)  | resids[ 40]=1.63e-01 cf=0.986
ndofs=   3861552: ['eta_0^p', 'omega']=(5.477, 1.1)    | resids[ 40]=2.61e-01 cf=0.989
ndofs=   3861552: ['eta_0^p', 'omega']=(5.897, 0.01)   | resids[ 40]=1.00e-04 cf=0.919
ndofs=   3861552: ['eta_0^p', 'omega']=(5.897, 0.067)  | resids[ 40]=1.61e-05 cf=0.857
ndofs=   3861552: ['eta_0^p', 'omega']=(5.897, 0.125)  | resids[ 40]=1.17e-06 cf=0.789
ndofs=   3861552: ['eta_0^p', 'omega']=(5.897, 0.182)  | resids[ 40]=1.33e-07 cf=0.753
ndofs=   3861552: ['eta_0^p', 'omega']=(5.897, 0.239)  | resids[ 40]=1.46e-08 cf=0.699
ndofs=   3861552: ['eta_0^p', 'omega']=(5.897, 0.297)  | resids[ 34]=1.58e-08 cf=0.636
ndofs=   3861552: ['eta_0^p', 'omega']=(5.897, 0.354)  | resids[ 30]=1.61e-08 cf=0.606
ndofs=   3861552: ['eta_0^p', 'omega']=(5.897, 0.412)  | resids[ 27]=1.87e-08 cf=0.572
ndofs=   3861552: ['eta_0^p', 'omega']=(5.897, 0.469)  | resids[ 26]=1.00e-08 cf=0.565
ndofs=   3861552: ['eta_0^p', 'omega']=(5.897, 0.526)  | resids[ 24]=1.10e-08 cf=0.552
ndofs=   3861552: ['eta_0^p', 'omega']=(5.897, 0.584)  | resids[ 23]=1.79e-08 cf=0.545
ndofs=   3861552: ['eta_0^p', 'omega']=(5.897, 0.641)  | resids[ 24]=1.99e-08 cf=0.513
ndofs=   3861552: ['eta_0^p', 'omega']=(5.897, 0.698)  | resids[ 29]=1.03e-08 cf=0.558
ndofs=   3861552: ['eta_0^p', 'omega']=(5.897, 0.756)  | resids[ 37]=1.08e-08 cf=0.621
ndofs=   3861552: ['eta_0^p', 'omega']=(5.897, 0.813)  | resids[ 40]=8.09e-03 cf=0.982
ndofs=   3861552: ['eta_0^p', 'omega']=(5.897, 0.871)  | resids[ 40]=9.60e-02 cf=0.982
ndofs=   3861552: ['eta_0^p', 'omega']=(5.897, 0.928)  | resids[ 40]=1.34e-01 cf=0.994
ndofs=   3861552: ['eta_0^p', 'omega']=(5.897, 0.985)  | resids[ 40]=1.58e-01 cf=0.973
ndofs=   3861552: ['eta_0^p', 'omega']=(5.897, 1.043)  | resids[ 40]=1.73e-01 cf=0.966
ndofs=   3861552: ['eta_0^p', 'omega']=(5.897, 1.1)    | resids[ 40]=3.13e-01 cf=0.995
ndofs=   3861552: ['eta_0^p', 'omega']=(6.318, 0.01)   | resids[ 40]=1.04e-04 cf=0.917
ndofs=   3861552: ['eta_0^p', 'omega']=(6.318, 0.067)  | resids[ 40]=1.78e-05 cf=0.854
ndofs=   3861552: ['eta_0^p', 'omega']=(6.318, 0.125)  | resids[ 40]=1.40e-06 cf=0.774
ndofs=   3861552: ['eta_0^p', 'omega']=(6.318, 0.182)  | resids[ 40]=1.93e-07 cf=0.770
ndofs=   3861552: ['eta_0^p', 'omega']=(6.318, 0.239)  | resids[ 40]=2.10e-08 cf=0.726
ndofs=   3861552: ['eta_0^p', 'omega']=(6.318, 0.297)  | resids[ 35]=1.43e-08 cf=0.635
ndofs=   3861552: ['eta_0^p', 'omega']=(6.318, 0.354)  | resids[ 31]=1.31e-08 cf=0.613
ndofs=   3861552: ['eta_0^p', 'omega']=(6.318, 0.412)  | resids[ 28]=1.37e-08 cf=0.568
ndofs=   3861552: ['eta_0^p', 'omega']=(6.318, 0.469)  | resids[ 26]=1.49e-08 cf=0.574
ndofs=   3861552: ['eta_0^p', 'omega']=(6.318, 0.526)  | resids[ 24]=1.74e-08 cf=0.549
ndofs=   3861552: ['eta_0^p', 'omega']=(6.318, 0.584)  | resids[ 25]=1.05e-08 cf=0.561
ndofs=   3861552: ['eta_0^p', 'omega']=(6.318, 0.641)  | resids[ 28]=1.15e-08 cf=0.501
ndofs=   3861552: ['eta_0^p', 'omega']=(6.318, 0.698)  | resids[ 35]=1.14e-08 cf=0.570
ndofs=   3861552: ['eta_0^p', 'omega']=(6.318, 0.756)  | resids[ 40]=4.75e-06 cf=0.780
ndofs=   3861552: ['eta_0^p', 'omega']=(6.318, 0.813)  | resids[ 40]=2.05e-02 cf=0.975
ndofs=   3861552: ['eta_0^p', 'omega']=(6.318, 0.871)  | resids[ 40]=1.11e-01 cf=0.987
ndofs=   3861552: ['eta_0^p', 'omega']=(6.318, 0.928)  | resids[ 40]=1.38e-01 cf=0.980
ndofs=   3861552: ['eta_0^p', 'omega']=(6.318, 0.985)  | resids[ 40]=1.82e-01 cf=0.988
ndofs=   3861552: ['eta_0^p', 'omega']=(6.318, 1.043)  | resids[ 40]=1.86e-01 cf=0.966
ndofs=   3861552: ['eta_0^p', 'omega']=(6.318, 1.1)    | resids[ 40]=3.28e-01 cf=0.992
ndofs=   3861552: ['eta_0^p', 'omega']=(6.738, 0.01)   | resids[ 40]=1.06e-04 cf=0.913
ndofs=   3861552: ['eta_0^p', 'omega']=(6.738, 0.067)  | resids[ 40]=1.94e-05 cf=0.846
ndofs=   3861552: ['eta_0^p', 'omega']=(6.738, 0.125)  | resids[ 40]=1.96e-06 cf=0.789
ndofs=   3861552: ['eta_0^p', 'omega']=(6.738, 0.182)  | resids[ 40]=2.29e-07 cf=0.747
ndofs=   3861552: ['eta_0^p', 'omega']=(6.738, 0.239)  | resids[ 40]=2.60e-08 cf=0.705
ndofs=   3861552: ['eta_0^p', 'omega']=(6.738, 0.297)  | resids[ 36]=1.29e-08 cf=0.641
ndofs=   3861552: ['eta_0^p', 'omega']=(6.738, 0.354)  | resids[ 32]=1.10e-08 cf=0.616
ndofs=   3861552: ['eta_0^p', 'omega']=(6.738, 0.412)  | resids[ 29]=1.06e-08 cf=0.570
ndofs=   3861552: ['eta_0^p', 'omega']=(6.738, 0.469)  | resids[ 27]=1.13e-08 cf=0.558
ndofs=   3861552: ['eta_0^p', 'omega']=(6.738, 0.526)  | resids[ 25]=1.64e-08 cf=0.564
ndofs=   3861552: ['eta_0^p', 'omega']=(6.738, 0.584)  | resids[ 26]=1.75e-08 cf=0.574
ndofs=   3861552: ['eta_0^p', 'omega']=(6.738, 0.641)  | resids[ 33]=1.29e-08 cf=0.575
ndofs=   3861552: ['eta_0^p', 'omega']=(6.738, 0.698)  | resids[ 40]=1.97e-07 cf=0.696
ndofs=   3861552: ['eta_0^p', 'omega']=(6.738, 0.756)  | resids[ 40]=2.39e-02 cf=0.987
ndofs=   3861552: ['eta_0^p', 'omega']=(6.738, 0.813)  | resids[ 40]=7.25e-02 cf=0.992
ndofs=   3861552: ['eta_0^p', 'omega']=(6.738, 0.871)  | resids[ 40]=1.17e-01 cf=0.990
ndofs=   3861552: ['eta_0^p', 'omega']=(6.738, 0.928)  | resids[ 40]=1.85e-01 cf=0.998
ndofs=   3861552: ['eta_0^p', 'omega']=(6.738, 0.985)  | resids[ 40]=1.76e-01 cf=0.972
ndofs=   3861552: ['eta_0^p', 'omega']=(6.738, 1.043)  | resids[ 40]=2.08e-01 cf=0.964
ndofs=   3861552: ['eta_0^p', 'omega']=(6.738, 1.1)    | resids[ 40]=3.33e-01 cf=0.991
ndofs=   3861552: ['eta_0^p', 'omega']=(7.159, 0.01)   | resids[ 40]=1.06e-04 cf=0.905
ndofs=   3861552: ['eta_0^p', 'omega']=(7.159, 0.067)  | resids[ 40]=2.19e-05 cf=0.849
ndofs=   3861552: ['eta_0^p', 'omega']=(7.159, 0.125)  | resids[ 40]=2.40e-06 cf=0.794
ndofs=   3861552: ['eta_0^p', 'omega']=(7.159, 0.182)  | resids[ 40]=3.09e-07 cf=0.764
ndofs=   3861552: ['eta_0^p', 'omega']=(7.159, 0.239)  | resids[ 40]=3.54e-08 cf=0.719
ndofs=   3861552: ['eta_0^p', 'omega']=(7.159, 0.297)  | resids[ 37]=1.26e-08 cf=0.664
ndofs=   3861552: ['eta_0^p', 'omega']=(7.159, 0.354)  | resids[ 32]=1.41e-08 cf=0.606
ndofs=   3861552: ['eta_0^p', 'omega']=(7.159, 0.412)  | resids[ 29]=1.55e-08 cf=0.584
ndofs=   3861552: ['eta_0^p', 'omega']=(7.159, 0.469)  | resids[ 27]=1.64e-08 cf=0.568
ndofs=   3861552: ['eta_0^p', 'omega']=(7.159, 0.526)  | resids[ 26]=1.66e-08 cf=0.565
ndofs=   3861552: ['eta_0^p', 'omega']=(7.159, 0.584)  | resids[ 28]=1.31e-08 cf=0.521
ndofs=   3861552: ['eta_0^p', 'omega']=(7.159, 0.641)  | resids[ 40]=2.57e-08 cf=0.676
ndofs=   3861552: ['eta_0^p', 'omega']=(7.159, 0.698)  | resids[ 40]=2.07e-04 cf=0.827
ndofs=   3861552: ['eta_0^p', 'omega']=(7.159, 0.756)  | resids[ 40]=6.49e-02 cf=0.965
ndofs=   3861552: ['eta_0^p', 'omega']=(7.159, 0.813)  | resids[ 40]=8.13e-02 cf=0.988
ndofs=   3861552: ['eta_0^p', 'omega']=(7.159, 0.871)  | resids[ 40]=1.22e-01 cf=0.981
ndofs=   3861552: ['eta_0^p', 'omega']=(7.159, 0.928)  | resids[ 40]=1.76e-01 cf=0.992
ndofs=   3861552: ['eta_0^p', 'omega']=(7.159, 0.985)  | resids[ 40]=1.92e-01 cf=0.985
ndofs=   3861552: ['eta_0^p', 'omega']=(7.159, 1.043)  | resids[ 40]=2.33e-01 cf=0.977
ndofs=   3861552: ['eta_0^p', 'omega']=(7.159, 1.1)    | resids[ 40]=3.45e-01 cf=0.984
ndofs=   3861552: ['eta_0^p', 'omega']=(7.579, 0.01)   | resids[ 40]=1.03e-04 cf=0.891
ndofs=   3861552: ['eta_0^p', 'omega']=(7.579, 0.067)  | resids[ 40]=2.40e-05 cf=0.854
ndofs=   3861552: ['eta_0^p', 'omega']=(7.579, 0.125)  | resids[ 40]=2.86e-06 cf=0.802
ndofs=   3861552: ['eta_0^p', 'omega']=(7.579, 0.182)  | resids[ 40]=3.71e-07 cf=0.778
ndofs=   3861552: ['eta_0^p', 'omega']=(7.579, 0.239)  | resids[ 40]=5.00e-08 cf=0.746
ndofs=   3861552: ['eta_0^p', 'omega']=(7.579, 0.297)  | resids[ 38]=1.21e-08 cf=0.676
ndofs=   3861552: ['eta_0^p', 'omega']=(7.579, 0.354)  | resids[ 33]=1.28e-08 cf=0.627
ndofs=   3861552: ['eta_0^p', 'omega']=(7.579, 0.412)  | resids[ 30]=1.27e-08 cf=0.588
ndofs=   3861552: ['eta_0^p', 'omega']=(7.579, 0.469)  | resids[ 28]=1.30e-08 cf=0.570
ndofs=   3861552: ['eta_0^p', 'omega']=(7.579, 0.526)  | resids[ 27]=1.45e-08 cf=0.554
ndofs=   3861552: ['eta_0^p', 'omega']=(7.579, 0.584)  | resids[ 31]=1.50e-08 cf=0.563
ndofs=   3861552: ['eta_0^p', 'omega']=(7.579, 0.641)  | resids[ 40]=3.72e-06 cf=0.751
ndofs=   3861552: ['eta_0^p', 'omega']=(7.579, 0.698)  | resids[ 40]=5.70e-02 cf=0.965
ndofs=   3861552: ['eta_0^p', 'omega']=(7.579, 0.756)  | resids[ 40]=1.08e-01 cf=0.994
ndofs=   3861552: ['eta_0^p', 'omega']=(7.579, 0.813)  | resids[ 40]=8.55e-02 cf=0.983
ndofs=   3861552: ['eta_0^p', 'omega']=(7.579, 0.871)  | resids[ 40]=1.37e-01 cf=0.990
ndofs=   3861552: ['eta_0^p', 'omega']=(7.579, 0.928)  | resids[ 40]=1.51e-01 cf=0.979
ndofs=   3861552: ['eta_0^p', 'omega']=(7.579, 0.985)  | resids[ 40]=1.89e-01 cf=0.979
ndofs=   3861552: ['eta_0^p', 'omega']=(7.579, 1.043)  | resids[ 40]=2.43e-01 cf=0.975
ndofs=   3861552: ['eta_0^p', 'omega']=(7.579, 1.1)    | resids[ 40]=3.61e-01 cf=0.983
ndofs=   3861552: ['eta_0^p', 'omega']=(8.0, 0.01)     | resids[ 40]=9.95e-05 cf=0.873
ndofs=   3861552: ['eta_0^p', 'omega']=(8.0, 0.067)    | resids[ 40]=2.60e-05 cf=0.859
ndofs=   3861552: ['eta_0^p', 'omega']=(8.0, 0.125)    | resids[ 40]=3.43e-06 cf=0.813
ndofs=   3861552: ['eta_0^p', 'omega']=(8.0, 0.182)    | resids[ 40]=4.24e-07 cf=0.773
ndofs=   3861552: ['eta_0^p', 'omega']=(8.0, 0.239)    | resids[ 40]=6.31e-08 cf=0.744
ndofs=   3861552: ['eta_0^p', 'omega']=(8.0, 0.297)    | resids[ 39]=1.11e-08 cf=0.691
ndofs=   3861552: ['eta_0^p', 'omega']=(8.0, 0.354)    | resids[ 34]=1.08e-08 cf=0.631
ndofs=   3861552: ['eta_0^p', 'omega']=(8.0, 0.412)    | resids[ 31]=1.06e-08 cf=0.604
ndofs=   3861552: ['eta_0^p', 'omega']=(8.0, 0.469)    | resids[ 29]=1.07e-08 cf=0.567
ndofs=   3861552: ['eta_0^p', 'omega']=(8.0, 0.526)    | resids[ 28]=1.31e-08 cf=0.550
ndofs=   3861552: ['eta_0^p', 'omega']=(8.0, 0.584)    | resids[ 37]=1.10e-08 cf=0.621
ndofs=   3861552: ['eta_0^p', 'omega']=(8.0, 0.641)    | resids[ 40]=8.94e-03 cf=0.890
ndofs=   3861552: ['eta_0^p', 'omega']=(8.0, 0.698)    | resids[ 40]=1.15e-01 cf=0.985
ndofs=   3861552: ['eta_0^p', 'omega']=(8.0, 0.756)    | resids[ 40]=1.46e-01 cf=0.989
ndofs=   3861552: ['eta_0^p', 'omega']=(8.0, 0.813)    | resids[ 40]=9.36e-02 cf=0.985
ndofs=   3861552: ['eta_0^p', 'omega']=(8.0, 0.871)    | resids[ 40]=1.50e-01 cf=0.998
ndofs=   3861552: ['eta_0^p', 'omega']=(8.0, 0.928)    | resids[ 40]=1.75e-01 cf=0.992
ndofs=   3861552: ['eta_0^p', 'omega']=(8.0, 0.985)    | resids[ 40]=1.93e-01 cf=0.973
ndofs=   3861552: ['eta_0^p', 'omega']=(8.0, 1.043)    | resids[ 40]=2.57e-01 cf=0.975
ndofs=   3861552: ['eta_0^p', 'omega']=(8.0, 1.1)      | resids[ 40]=3.81e-01 cf=0.981
